[2023-05-14T16:31:32.138+0530] {manager.py:487} INFO - Processing files using up to 1 processes at a time 
[2023-05-14T16:31:32.138+0530] {manager.py:488} INFO - Process each file at most once every 30 seconds
[2023-05-14T16:31:32.138+0530] {manager.py:489} INFO - Checking for new files in /run/media/feuer/LinuxDrive/ChromeDownloads/Assignment/airflow/dags every 300 seconds
[2023-05-14T16:31:32.138+0530] {manager.py:758} INFO - Searching for files in /run/media/feuer/LinuxDrive/ChromeDownloads/Assignment/airflow/dags
[2023-05-14T16:31:32.161+0530] {manager.py:761} INFO - There are 47 files in /run/media/feuer/LinuxDrive/ChromeDownloads/Assignment/airflow/dags
[2023-05-14T16:31:32.369+0530] {manager.py:889} INFO - 
================================================================================
DAG File Processing Stats

File Path                                                                                                                     PID    Runtime      # DAGs    # Errors  Last Runtime    Last Run
----------------------------------------------------------------------------------------------------------------------------  -----  ---------  --------  ----------  --------------  -------------------
/run/media/feuer/LinuxDrive/ChromeDownloads/Assignment/airflow/dags/Lead_scoring_data_pipeline/lead_scoring_data_pipeline.py                           0           0
/run/media/feuer/LinuxDrive/ChromeDownloads/Assignment/airflow/dags/Lead_scoring_data_pipeline/constants.py                                            0           0  0.10s           2023-05-14T11:01:32
/home/feuer/.local/lib/python3.10/site-packages/airflow/example_dags/example_passing_params_via_test_command.py                                        0           0
/home/feuer/.local/lib/python3.10/site-packages/airflow/example_dags/example_nested_branch_dag.py                                                      0           0
/home/feuer/.local/lib/python3.10/site-packages/airflow/example_dags/example_setup_teardown.py                                                         0           0
/home/feuer/.local/lib/python3.10/site-packages/airflow/example_dags/example_sensor_decorator.py                                                       0           0
/home/feuer/.local/lib/python3.10/site-packages/airflow/example_dags/example_python_operator.py                                                        0           0
/home/feuer/.local/lib/python3.10/site-packages/airflow/example_dags/example_kubernetes_executor.py                                                    0           0
/home/feuer/.local/lib/python3.10/site-packages/airflow/example_dags/example_setup_teardown_taskflow.py                                                0           0
/home/feuer/.local/lib/python3.10/site-packages/airflow/example_dags/example_datasets.py                                                               0           0
/home/feuer/.local/lib/python3.10/site-packages/airflow/example_dags/example_bash_operator.py                                                          0           0
/home/feuer/.local/lib/python3.10/site-packages/airflow/example_dags/example_short_circuit_decorator.py                                                0           0
/home/feuer/.local/lib/python3.10/site-packages/airflow/example_dags/example_branch_day_of_week_operator.py                                            0           0
/home/feuer/.local/lib/python3.10/site-packages/airflow/example_dags/example_task_group.py                                                             0           0
/home/feuer/.local/lib/python3.10/site-packages/airflow/example_dags/example_latest_only_with_trigger.py                                               0           0
/home/feuer/.local/lib/python3.10/site-packages/airflow/example_dags/example_branch_labels.py                                                          0           0
/home/feuer/.local/lib/python3.10/site-packages/airflow/example_dags/example_task_group_decorator.py                                                   0           0
/home/feuer/.local/lib/python3.10/site-packages/airflow/example_dags/example_latest_only.py                                                            0           0
/home/feuer/.local/lib/python3.10/site-packages/airflow/example_dags/example_branch_operator.py                                                        0           0
/home/feuer/.local/lib/python3.10/site-packages/airflow/example_dags/tutorial_taskflow_api.py                                                          0           0
/home/feuer/.local/lib/python3.10/site-packages/airflow/example_dags/example_params_ui_tutorial.py                                                     0           0
/home/feuer/.local/lib/python3.10/site-packages/airflow/example_dags/example_branch_python_dop_operator_3.py                                           0           0
/home/feuer/.local/lib/python3.10/site-packages/airflow/example_dags/example_external_task_marker_dag.py                                               0           0
/home/feuer/.local/lib/python3.10/site-packages/airflow/example_dags/tutorial_dag.py                                                                   0           0
/home/feuer/.local/lib/python3.10/site-packages/airflow/example_dags/example_branch_operator_decorator.py                                              0           0
/home/feuer/.local/lib/python3.10/site-packages/airflow/example_dags/example_params_trigger_ui.py                                                      0           0
/home/feuer/.local/lib/python3.10/site-packages/airflow/example_dags/example_dynamic_task_mapping.py                                                   0           0
/home/feuer/.local/lib/python3.10/site-packages/airflow/example_dags/example_subdag_operator.py                                                        0           0
/home/feuer/.local/lib/python3.10/site-packages/airflow/example_dags/example_trigger_controller_dag.py                                                 0           0
/home/feuer/.local/lib/python3.10/site-packages/airflow/example_dags/example_sla_dag.py                                                                0           0
/home/feuer/.local/lib/python3.10/site-packages/airflow/example_dags/tutorial.py                                                                       0           0
/home/feuer/.local/lib/python3.10/site-packages/airflow/example_dags/example_xcomargs.py                                                               0           0
/home/feuer/.local/lib/python3.10/site-packages/airflow/example_dags/example_sensors.py                                                                0           0
/home/feuer/.local/lib/python3.10/site-packages/airflow/example_dags/example_xcom.py                                                                   0           0
/home/feuer/.local/lib/python3.10/site-packages/airflow/example_dags/example_local_kubernetes_executor.py                                              0           0
/home/feuer/.local/lib/python3.10/site-packages/airflow/example_dags/example_short_circuit_operator.py                                                 0           0
/home/feuer/.local/lib/python3.10/site-packages/airflow/example_dags/example_time_delta_sensor_async.py                                                0           0
/home/feuer/.local/lib/python3.10/site-packages/airflow/example_dags/example_trigger_target_dag.py                                                     0           0
/home/feuer/.local/lib/python3.10/site-packages/airflow/example_dags/example_branch_datetime_operator.py                                               0           0
/home/feuer/.local/lib/python3.10/site-packages/airflow/example_dags/example_complex.py                                                                0           0
/home/feuer/.local/lib/python3.10/site-packages/airflow/example_dags/tutorial_taskflow_api_virtualenv.py                                               0           0
/home/feuer/.local/lib/python3.10/site-packages/airflow/example_dags/example_dag_decorator.py                                                          0           0
/home/feuer/.local/lib/python3.10/site-packages/airflow/example_dags/example_skip_dag.py                                                               0           0
/home/feuer/.local/lib/python3.10/site-packages/airflow/example_dags/subdags/subdag.py                                                                 0           0
/home/feuer/.local/lib/python3.10/site-packages/airflow/example_dags/plugins/event_listener.py                                                         0           0
/home/feuer/.local/lib/python3.10/site-packages/airflow/example_dags/plugins/workday.py                                                                0           0
/home/feuer/.local/lib/python3.10/site-packages/airflow/example_dags/plugins/listener_plugin.py                                                        0           0
================================================================================
[2023-05-14T16:32:02.677+0530] {manager.py:889} INFO - 
================================================================================
DAG File Processing Stats

File Path                                                                                                                     PID    Runtime      # DAGs    # Errors  Last Runtime    Last Run
----------------------------------------------------------------------------------------------------------------------------  -----  ---------  --------  ----------  --------------  -------------------
/run/media/feuer/LinuxDrive/ChromeDownloads/Assignment/airflow/dags/Lead_scoring_data_pipeline/lead_scoring_data_pipeline.py                           0           0
/run/media/feuer/LinuxDrive/ChromeDownloads/Assignment/airflow/dags/Lead_scoring_data_pipeline/constants.py                                            0           0  0.10s           2023-05-14T11:01:32
/home/feuer/.local/lib/python3.10/site-packages/airflow/example_dags/example_setup_teardown.py                                                         0           0  0.10s           2023-05-14T11:02:02
/home/feuer/.local/lib/python3.10/site-packages/airflow/example_dags/example_sensor_decorator.py                                                       0           0
/home/feuer/.local/lib/python3.10/site-packages/airflow/example_dags/example_python_operator.py                                                        0           0
/home/feuer/.local/lib/python3.10/site-packages/airflow/example_dags/example_kubernetes_executor.py                                                    0           0
/home/feuer/.local/lib/python3.10/site-packages/airflow/example_dags/example_setup_teardown_taskflow.py                                                0           0
/home/feuer/.local/lib/python3.10/site-packages/airflow/example_dags/example_datasets.py                                                               0           0
/home/feuer/.local/lib/python3.10/site-packages/airflow/example_dags/example_bash_operator.py                                                          0           0
/home/feuer/.local/lib/python3.10/site-packages/airflow/example_dags/example_short_circuit_decorator.py                                                0           0
/home/feuer/.local/lib/python3.10/site-packages/airflow/example_dags/example_branch_day_of_week_operator.py                                            0           0
/home/feuer/.local/lib/python3.10/site-packages/airflow/example_dags/example_latest_only_with_trigger.py                                               0           0
/home/feuer/.local/lib/python3.10/site-packages/airflow/example_dags/example_branch_labels.py                                                          0           0
/home/feuer/.local/lib/python3.10/site-packages/airflow/example_dags/example_latest_only.py                                                            0           0
/home/feuer/.local/lib/python3.10/site-packages/airflow/example_dags/example_branch_operator.py                                                        0           0
/home/feuer/.local/lib/python3.10/site-packages/airflow/example_dags/example_params_ui_tutorial.py                                                     0           0
/home/feuer/.local/lib/python3.10/site-packages/airflow/example_dags/example_branch_python_dop_operator_3.py                                           0           0
/home/feuer/.local/lib/python3.10/site-packages/airflow/example_dags/example_external_task_marker_dag.py                                               0           0
/home/feuer/.local/lib/python3.10/site-packages/airflow/example_dags/example_branch_operator_decorator.py                                              0           0
/home/feuer/.local/lib/python3.10/site-packages/airflow/example_dags/example_params_trigger_ui.py                                                      0           0
/home/feuer/.local/lib/python3.10/site-packages/airflow/example_dags/example_dynamic_task_mapping.py                                                   0           0
/home/feuer/.local/lib/python3.10/site-packages/airflow/example_dags/example_sensors.py                                                                0           0
/home/feuer/.local/lib/python3.10/site-packages/airflow/example_dags/example_local_kubernetes_executor.py                                              0           0
/home/feuer/.local/lib/python3.10/site-packages/airflow/example_dags/example_branch_datetime_operator.py                                               0           0
/home/feuer/.local/lib/python3.10/site-packages/airflow/example_dags/example_complex.py                                                                0           0
/home/feuer/.local/lib/python3.10/site-packages/airflow/example_dags/tutorial_taskflow_api_virtualenv.py                                               0           0  0.10s           2023-05-14T11:01:57
/home/feuer/.local/lib/python3.10/site-packages/airflow/example_dags/example_dag_decorator.py                                                          0           0
/home/feuer/.local/lib/python3.10/site-packages/airflow/example_dags/subdags/subdag.py                                                                 0           0  0.10s           2023-05-14T11:01:33
/home/feuer/.local/lib/python3.10/site-packages/airflow/example_dags/plugins/event_listener.py                                                         0           0  0.10s           2023-05-14T11:01:34
/home/feuer/.local/lib/python3.10/site-packages/airflow/example_dags/plugins/workday.py                                                                0           0  0.30s           2023-05-14T11:01:36
/home/feuer/.local/lib/python3.10/site-packages/airflow/example_dags/plugins/listener_plugin.py                                                        0           0  0.10s           2023-05-14T11:01:37
/home/feuer/.local/lib/python3.10/site-packages/airflow/example_dags/example_passing_params_via_test_command.py                                        1           0  0.51s           2023-05-14T11:02:00
/home/feuer/.local/lib/python3.10/site-packages/airflow/example_dags/example_nested_branch_dag.py                                                      1           0  0.50s           2023-05-14T11:02:02
/home/feuer/.local/lib/python3.10/site-packages/airflow/example_dags/example_task_group.py                                                             1           0  0.51s           2023-05-14T11:01:38
/home/feuer/.local/lib/python3.10/site-packages/airflow/example_dags/example_task_group_decorator.py                                                   1           0  0.51s           2023-05-14T11:01:40
/home/feuer/.local/lib/python3.10/site-packages/airflow/example_dags/tutorial_taskflow_api.py                                                          1           0  0.50s           2023-05-14T11:01:41
/home/feuer/.local/lib/python3.10/site-packages/airflow/example_dags/tutorial_dag.py                                                                   1           0  0.60s           2023-05-14T11:01:42
/home/feuer/.local/lib/python3.10/site-packages/airflow/example_dags/example_trigger_controller_dag.py                                                 1           0  0.50s           2023-05-14T11:01:45
/home/feuer/.local/lib/python3.10/site-packages/airflow/example_dags/example_sla_dag.py                                                                1           0  0.50s           2023-05-14T11:01:47
/home/feuer/.local/lib/python3.10/site-packages/airflow/example_dags/tutorial.py                                                                       1           0  0.50s           2023-05-14T11:01:48
/home/feuer/.local/lib/python3.10/site-packages/airflow/example_dags/example_xcom.py                                                                   1           0  0.50s           2023-05-14T11:01:51
/home/feuer/.local/lib/python3.10/site-packages/airflow/example_dags/example_short_circuit_operator.py                                                 1           0  0.61s           2023-05-14T11:01:53
/home/feuer/.local/lib/python3.10/site-packages/airflow/example_dags/example_time_delta_sensor_async.py                                                1           0  0.61s           2023-05-14T11:01:55
/home/feuer/.local/lib/python3.10/site-packages/airflow/example_dags/example_trigger_target_dag.py                                                     1           0  0.50s           2023-05-14T11:01:56
/home/feuer/.local/lib/python3.10/site-packages/airflow/example_dags/example_skip_dag.py                                                               1           0  0.61s           2023-05-14T11:01:59
/home/feuer/.local/lib/python3.10/site-packages/airflow/example_dags/example_xcomargs.py                                                               2           0  0.81s           2023-05-14T11:01:50
/home/feuer/.local/lib/python3.10/site-packages/airflow/example_dags/example_subdag_operator.py                                                        3           0  0.61s           2023-05-14T11:01:44
================================================================================
[2023-05-14T16:32:33.754+0530] {manager.py:889} INFO - 
================================================================================
DAG File Processing Stats

File Path                                                                                                                     PID    Runtime      # DAGs    # Errors  Last Runtime    Last Run
----------------------------------------------------------------------------------------------------------------------------  -----  ---------  --------  ----------  --------------  -------------------
/run/media/feuer/LinuxDrive/ChromeDownloads/Assignment/airflow/dags/Lead_scoring_data_pipeline/lead_scoring_data_pipeline.py                           0           0
/run/media/feuer/LinuxDrive/ChromeDownloads/Assignment/airflow/dags/Lead_scoring_data_pipeline/constants.py                                            0           0  0.10s           2023-05-14T11:01:32
/home/feuer/.local/lib/python3.10/site-packages/airflow/example_dags/example_setup_teardown.py                                                         0           0  0.10s           2023-05-14T11:02:02
/home/feuer/.local/lib/python3.10/site-packages/airflow/example_dags/example_kubernetes_executor.py                                                    0           0  0.10s           2023-05-14T11:02:06
/home/feuer/.local/lib/python3.10/site-packages/airflow/example_dags/example_setup_teardown_taskflow.py                                                0           0  0.11s           2023-05-14T11:02:07
/home/feuer/.local/lib/python3.10/site-packages/airflow/example_dags/example_bash_operator.py                                                          0           0
/home/feuer/.local/lib/python3.10/site-packages/airflow/example_dags/example_branch_day_of_week_operator.py                                            0           0
/home/feuer/.local/lib/python3.10/site-packages/airflow/example_dags/example_local_kubernetes_executor.py                                              0           0  0.10s           2023-05-14T11:02:33
/home/feuer/.local/lib/python3.10/site-packages/airflow/example_dags/example_branch_datetime_operator.py                                               0           0
/home/feuer/.local/lib/python3.10/site-packages/airflow/example_dags/example_complex.py                                                                0           0
/home/feuer/.local/lib/python3.10/site-packages/airflow/example_dags/tutorial_taskflow_api_virtualenv.py                                               0           0  0.10s           2023-05-14T11:01:57
/home/feuer/.local/lib/python3.10/site-packages/airflow/example_dags/example_dag_decorator.py                                                          0           0
/home/feuer/.local/lib/python3.10/site-packages/airflow/example_dags/subdags/subdag.py                                                                 0           0  0.10s           2023-05-14T11:01:33
/home/feuer/.local/lib/python3.10/site-packages/airflow/example_dags/plugins/event_listener.py                                                         0           0  0.10s           2023-05-14T11:01:34
/home/feuer/.local/lib/python3.10/site-packages/airflow/example_dags/plugins/workday.py                                                                0           0  0.30s           2023-05-14T11:01:36
/home/feuer/.local/lib/python3.10/site-packages/airflow/example_dags/plugins/listener_plugin.py                                                        0           0  0.10s           2023-05-14T11:01:37
/home/feuer/.local/lib/python3.10/site-packages/airflow/example_dags/example_passing_params_via_test_command.py                                        1           0  0.51s           2023-05-14T11:02:00
/home/feuer/.local/lib/python3.10/site-packages/airflow/example_dags/example_nested_branch_dag.py                                                      1           0  0.50s           2023-05-14T11:02:02
/home/feuer/.local/lib/python3.10/site-packages/airflow/example_dags/example_sensor_decorator.py                                                       1           0  0.60s           2023-05-14T11:02:04
/home/feuer/.local/lib/python3.10/site-packages/airflow/example_dags/example_python_operator.py                                                        1           0  0.81s           2023-05-14T11:02:04
/home/feuer/.local/lib/python3.10/site-packages/airflow/example_dags/example_short_circuit_decorator.py                                                1           0  1.01s           2023-05-14T11:02:13
/home/feuer/.local/lib/python3.10/site-packages/airflow/example_dags/example_task_group.py                                                             1           0  0.51s           2023-05-14T11:01:38
/home/feuer/.local/lib/python3.10/site-packages/airflow/example_dags/example_latest_only_with_trigger.py                                               1           0  0.50s           2023-05-14T11:02:14
/home/feuer/.local/lib/python3.10/site-packages/airflow/example_dags/example_branch_labels.py                                                          1           0  0.50s           2023-05-14T11:02:16
/home/feuer/.local/lib/python3.10/site-packages/airflow/example_dags/example_task_group_decorator.py                                                   1           0  0.51s           2023-05-14T11:01:40
/home/feuer/.local/lib/python3.10/site-packages/airflow/example_dags/example_latest_only.py                                                            1           0  0.61s           2023-05-14T11:02:17
/home/feuer/.local/lib/python3.10/site-packages/airflow/example_dags/example_branch_operator.py                                                        1           0  0.81s           2023-05-14T11:02:18
/home/feuer/.local/lib/python3.10/site-packages/airflow/example_dags/tutorial_taskflow_api.py                                                          1           0  0.50s           2023-05-14T11:01:41
/home/feuer/.local/lib/python3.10/site-packages/airflow/example_dags/example_params_ui_tutorial.py                                                     1           0  0.91s           2023-05-14T11:02:21
/home/feuer/.local/lib/python3.10/site-packages/airflow/example_dags/example_branch_python_dop_operator_3.py                                           1           0  0.61s           2023-05-14T11:02:22
/home/feuer/.local/lib/python3.10/site-packages/airflow/example_dags/tutorial_dag.py                                                                   1           0  0.60s           2023-05-14T11:01:42
/home/feuer/.local/lib/python3.10/site-packages/airflow/example_dags/example_branch_operator_decorator.py                                              1           0  0.71s           2023-05-14T11:02:26
/home/feuer/.local/lib/python3.10/site-packages/airflow/example_dags/example_params_trigger_ui.py                                                      1           0  2.11s           2023-05-14T11:02:29
/home/feuer/.local/lib/python3.10/site-packages/airflow/example_dags/example_dynamic_task_mapping.py                                                   1           0  0.50s           2023-05-14T11:02:31
/home/feuer/.local/lib/python3.10/site-packages/airflow/example_dags/example_trigger_controller_dag.py                                                 1           0  0.50s           2023-05-14T11:01:45
/home/feuer/.local/lib/python3.10/site-packages/airflow/example_dags/example_sla_dag.py                                                                1           0  0.50s           2023-05-14T11:01:47
/home/feuer/.local/lib/python3.10/site-packages/airflow/example_dags/tutorial.py                                                                       1           0  0.50s           2023-05-14T11:01:48
/home/feuer/.local/lib/python3.10/site-packages/airflow/example_dags/example_sensors.py                                                                1           0  0.50s           2023-05-14T11:02:32
/home/feuer/.local/lib/python3.10/site-packages/airflow/example_dags/example_xcom.py                                                                   1           0  0.50s           2023-05-14T11:01:51
/home/feuer/.local/lib/python3.10/site-packages/airflow/example_dags/example_short_circuit_operator.py                                                 1           0  0.61s           2023-05-14T11:01:53
/home/feuer/.local/lib/python3.10/site-packages/airflow/example_dags/example_time_delta_sensor_async.py                                                1           0  0.61s           2023-05-14T11:01:55
/home/feuer/.local/lib/python3.10/site-packages/airflow/example_dags/example_trigger_target_dag.py                                                     1           0  0.50s           2023-05-14T11:01:56
/home/feuer/.local/lib/python3.10/site-packages/airflow/example_dags/example_skip_dag.py                                                               1           0  0.61s           2023-05-14T11:01:59
/home/feuer/.local/lib/python3.10/site-packages/airflow/example_dags/example_external_task_marker_dag.py                                               2           0  0.81s           2023-05-14T11:02:24
/home/feuer/.local/lib/python3.10/site-packages/airflow/example_dags/example_xcomargs.py                                                               2           0  0.81s           2023-05-14T11:01:50
/home/feuer/.local/lib/python3.10/site-packages/airflow/example_dags/example_subdag_operator.py                                                        3           0  0.61s           2023-05-14T11:01:44
/home/feuer/.local/lib/python3.10/site-packages/airflow/example_dags/example_datasets.py                                                               6           0  3.11s           2023-05-14T11:02:11
================================================================================
[2023-05-14T16:33:04.250+0530] {manager.py:889} INFO - 
================================================================================
DAG File Processing Stats

File Path                                                                                                                     PID    Runtime      # DAGs    # Errors  Last Runtime    Last Run
----------------------------------------------------------------------------------------------------------------------------  -----  ---------  --------  ----------  --------------  -------------------
/run/media/feuer/LinuxDrive/ChromeDownloads/Assignment/airflow/dags/Lead_scoring_data_pipeline/constants.py                                            0           0  0.10s           2023-05-14T11:02:44
/home/feuer/.local/lib/python3.10/site-packages/airflow/example_dags/example_setup_teardown.py                                                         0           0  0.10s           2023-05-14T11:02:02
/home/feuer/.local/lib/python3.10/site-packages/airflow/example_dags/example_kubernetes_executor.py                                                    0           0  0.10s           2023-05-14T11:02:06
/home/feuer/.local/lib/python3.10/site-packages/airflow/example_dags/example_setup_teardown_taskflow.py                                                0           0  0.11s           2023-05-14T11:02:07
/home/feuer/.local/lib/python3.10/site-packages/airflow/example_dags/example_local_kubernetes_executor.py                                              0           0  0.10s           2023-05-14T11:02:33
/home/feuer/.local/lib/python3.10/site-packages/airflow/example_dags/tutorial_taskflow_api_virtualenv.py                                               0           0  0.10s           2023-05-14T11:03:03
/home/feuer/.local/lib/python3.10/site-packages/airflow/example_dags/subdags/subdag.py                                                                 0           0  0.10s           2023-05-14T11:02:45
/home/feuer/.local/lib/python3.10/site-packages/airflow/example_dags/plugins/event_listener.py                                                         0           0  0.10s           2023-05-14T11:02:45
/home/feuer/.local/lib/python3.10/site-packages/airflow/example_dags/plugins/workday.py                                                                0           0  0.30s           2023-05-14T11:02:46
/home/feuer/.local/lib/python3.10/site-packages/airflow/example_dags/plugins/listener_plugin.py                                                        0           0  0.10s           2023-05-14T11:02:47
/run/media/feuer/LinuxDrive/ChromeDownloads/Assignment/airflow/dags/Lead_scoring_data_pipeline/lead_scoring_data_pipeline.py                           1           0  0.50s           2023-05-14T11:02:43
/home/feuer/.local/lib/python3.10/site-packages/airflow/example_dags/example_passing_params_via_test_command.py                                        1           0  0.51s           2023-05-14T11:02:00
/home/feuer/.local/lib/python3.10/site-packages/airflow/example_dags/example_nested_branch_dag.py                                                      1           0  0.50s           2023-05-14T11:02:02
/home/feuer/.local/lib/python3.10/site-packages/airflow/example_dags/example_sensor_decorator.py                                                       1           0  0.60s           2023-05-14T11:02:04
/home/feuer/.local/lib/python3.10/site-packages/airflow/example_dags/example_python_operator.py                                                        1           0  0.81s           2023-05-14T11:02:04
/home/feuer/.local/lib/python3.10/site-packages/airflow/example_dags/example_bash_operator.py                                                          1           0  0.50s           2023-05-14T11:02:38
/home/feuer/.local/lib/python3.10/site-packages/airflow/example_dags/example_short_circuit_decorator.py                                                1           0  1.01s           2023-05-14T11:02:13
/home/feuer/.local/lib/python3.10/site-packages/airflow/example_dags/example_branch_day_of_week_operator.py                                            1           0  0.50s           2023-05-14T11:02:39
/home/feuer/.local/lib/python3.10/site-packages/airflow/example_dags/example_task_group.py                                                             1           0  0.20s           2023-05-14T11:02:48
/home/feuer/.local/lib/python3.10/site-packages/airflow/example_dags/example_latest_only_with_trigger.py                                               1           0  0.50s           2023-05-14T11:02:14
/home/feuer/.local/lib/python3.10/site-packages/airflow/example_dags/example_branch_labels.py                                                          1           0  0.50s           2023-05-14T11:02:16
/home/feuer/.local/lib/python3.10/site-packages/airflow/example_dags/example_task_group_decorator.py                                                   1           0  0.31s           2023-05-14T11:02:50
/home/feuer/.local/lib/python3.10/site-packages/airflow/example_dags/example_latest_only.py                                                            1           0  0.61s           2023-05-14T11:02:17
/home/feuer/.local/lib/python3.10/site-packages/airflow/example_dags/example_branch_operator.py                                                        1           0  0.81s           2023-05-14T11:02:18
/home/feuer/.local/lib/python3.10/site-packages/airflow/example_dags/tutorial_taskflow_api.py                                                          1           0  0.20s           2023-05-14T11:02:51
/home/feuer/.local/lib/python3.10/site-packages/airflow/example_dags/example_params_ui_tutorial.py                                                     1           0  0.91s           2023-05-14T11:02:21
/home/feuer/.local/lib/python3.10/site-packages/airflow/example_dags/example_branch_python_dop_operator_3.py                                           1           0  0.61s           2023-05-14T11:02:22
/home/feuer/.local/lib/python3.10/site-packages/airflow/example_dags/tutorial_dag.py                                                                   1           0  0.11s           2023-05-14T11:02:51
/home/feuer/.local/lib/python3.10/site-packages/airflow/example_dags/example_branch_operator_decorator.py                                              1           0  0.71s           2023-05-14T11:02:26
/home/feuer/.local/lib/python3.10/site-packages/airflow/example_dags/example_params_trigger_ui.py                                                      1           0  2.11s           2023-05-14T11:02:29
/home/feuer/.local/lib/python3.10/site-packages/airflow/example_dags/example_dynamic_task_mapping.py                                                   1           0  0.50s           2023-05-14T11:02:31
/home/feuer/.local/lib/python3.10/site-packages/airflow/example_dags/example_trigger_controller_dag.py                                                 1           0  0.20s           2023-05-14T11:02:54
/home/feuer/.local/lib/python3.10/site-packages/airflow/example_dags/example_sla_dag.py                                                                1           0  0.20s           2023-05-14T11:02:55
/home/feuer/.local/lib/python3.10/site-packages/airflow/example_dags/tutorial.py                                                                       1           0  0.20s           2023-05-14T11:02:56
/home/feuer/.local/lib/python3.10/site-packages/airflow/example_dags/example_sensors.py                                                                1           0  0.50s           2023-05-14T11:02:32
/home/feuer/.local/lib/python3.10/site-packages/airflow/example_dags/example_xcom.py                                                                   1           0  0.20s           2023-05-14T11:02:58
/home/feuer/.local/lib/python3.10/site-packages/airflow/example_dags/example_short_circuit_operator.py                                                 1           0  0.20s           2023-05-14T11:02:59
/home/feuer/.local/lib/python3.10/site-packages/airflow/example_dags/example_time_delta_sensor_async.py                                                1           0  0.20s           2023-05-14T11:03:01
/home/feuer/.local/lib/python3.10/site-packages/airflow/example_dags/example_trigger_target_dag.py                                                     1           0  0.20s           2023-05-14T11:03:02
/home/feuer/.local/lib/python3.10/site-packages/airflow/example_dags/example_complex.py                                                                1           0  0.50s           2023-05-14T11:02:35
/home/feuer/.local/lib/python3.10/site-packages/airflow/example_dags/example_dag_decorator.py                                                          1           0  0.50s           2023-05-14T11:02:36
/home/feuer/.local/lib/python3.10/site-packages/airflow/example_dags/example_skip_dag.py                                                               1           0  0.20s           2023-05-14T11:03:04
/home/feuer/.local/lib/python3.10/site-packages/airflow/example_dags/example_external_task_marker_dag.py                                               2           0  0.81s           2023-05-14T11:02:24
/home/feuer/.local/lib/python3.10/site-packages/airflow/example_dags/example_xcomargs.py                                                               2           0  0.20s           2023-05-14T11:02:57
/home/feuer/.local/lib/python3.10/site-packages/airflow/example_dags/example_subdag_operator.py                                                        3           0  0.20s           2023-05-14T11:02:53
/home/feuer/.local/lib/python3.10/site-packages/airflow/example_dags/example_branch_datetime_operator.py                                               3           0  1.01s           2023-05-14T11:02:41
/home/feuer/.local/lib/python3.10/site-packages/airflow/example_dags/example_datasets.py                                                               6           0  3.11s           2023-05-14T11:02:11
================================================================================
[2023-05-14T16:33:34.531+0530] {manager.py:889} INFO - 
================================================================================
DAG File Processing Stats

File Path                                                                                                                     PID    Runtime      # DAGs    # Errors  Last Runtime    Last Run
----------------------------------------------------------------------------------------------------------------------------  -----  ---------  --------  ----------  --------------  -------------------
/run/media/feuer/LinuxDrive/ChromeDownloads/Assignment/airflow/dags/Lead_scoring_data_pipeline/constants.py                                            0           0  0.10s           2023-05-14T11:03:32
/home/feuer/.local/lib/python3.10/site-packages/airflow/example_dags/example_setup_teardown.py                                                         0           0  0.10s           2023-05-14T11:03:07
/home/feuer/.local/lib/python3.10/site-packages/airflow/example_dags/example_kubernetes_executor.py                                                    0           0  0.10s           2023-05-14T11:03:10
/home/feuer/.local/lib/python3.10/site-packages/airflow/example_dags/example_setup_teardown_taskflow.py                                                0           0  0.10s           2023-05-14T11:03:11
/home/feuer/.local/lib/python3.10/site-packages/airflow/example_dags/example_local_kubernetes_executor.py                                              0           0  0.10s           2023-05-14T11:03:25
/home/feuer/.local/lib/python3.10/site-packages/airflow/example_dags/tutorial_taskflow_api_virtualenv.py                                               0           0  0.10s           2023-05-14T11:03:03
/home/feuer/.local/lib/python3.10/site-packages/airflow/example_dags/subdags/subdag.py                                                                 0           0  0.10s           2023-05-14T11:03:33
/home/feuer/.local/lib/python3.10/site-packages/airflow/example_dags/plugins/event_listener.py                                                         0           0  0.10s           2023-05-14T11:03:34
/home/feuer/.local/lib/python3.10/site-packages/airflow/example_dags/plugins/workday.py                                                                0           0  0.30s           2023-05-14T11:02:46
/home/feuer/.local/lib/python3.10/site-packages/airflow/example_dags/plugins/listener_plugin.py                                                        0           0  0.10s           2023-05-14T11:02:47
/run/media/feuer/LinuxDrive/ChromeDownloads/Assignment/airflow/dags/Lead_scoring_data_pipeline/lead_scoring_data_pipeline.py                           1           0  0.10s           2023-05-14T11:03:32
/home/feuer/.local/lib/python3.10/site-packages/airflow/example_dags/example_passing_params_via_test_command.py                                        1           0  0.20s           2023-05-14T11:03:05
/home/feuer/.local/lib/python3.10/site-packages/airflow/example_dags/example_nested_branch_dag.py                                                      1           0  0.20s           2023-05-14T11:03:05
/home/feuer/.local/lib/python3.10/site-packages/airflow/example_dags/example_sensor_decorator.py                                                       1           0  0.21s           2023-05-14T11:03:07
/home/feuer/.local/lib/python3.10/site-packages/airflow/example_dags/example_python_operator.py                                                        1           0  0.20s           2023-05-14T11:03:08
/home/feuer/.local/lib/python3.10/site-packages/airflow/example_dags/example_bash_operator.py                                                          1           0  0.20s           2023-05-14T11:03:28
/home/feuer/.local/lib/python3.10/site-packages/airflow/example_dags/example_short_circuit_decorator.py                                                1           0  0.20s           2023-05-14T11:03:12
/home/feuer/.local/lib/python3.10/site-packages/airflow/example_dags/example_branch_day_of_week_operator.py                                            1           0  0.10s           2023-05-14T11:03:29
/home/feuer/.local/lib/python3.10/site-packages/airflow/example_dags/example_task_group.py                                                             1           0  0.20s           2023-05-14T11:02:48
/home/feuer/.local/lib/python3.10/site-packages/airflow/example_dags/example_latest_only_with_trigger.py                                               1           0  0.21s           2023-05-14T11:03:14
/home/feuer/.local/lib/python3.10/site-packages/airflow/example_dags/example_branch_labels.py                                                          1           0  0.21s           2023-05-14T11:03:15
/home/feuer/.local/lib/python3.10/site-packages/airflow/example_dags/example_task_group_decorator.py                                                   1           0  0.31s           2023-05-14T11:02:50
/home/feuer/.local/lib/python3.10/site-packages/airflow/example_dags/example_latest_only.py                                                            1           0  0.20s           2023-05-14T11:03:16
/home/feuer/.local/lib/python3.10/site-packages/airflow/example_dags/example_branch_operator.py                                                        1           0  0.20s           2023-05-14T11:03:17
/home/feuer/.local/lib/python3.10/site-packages/airflow/example_dags/tutorial_taskflow_api.py                                                          1           0  0.20s           2023-05-14T11:02:51
/home/feuer/.local/lib/python3.10/site-packages/airflow/example_dags/example_params_ui_tutorial.py                                                     1           0  0.20s           2023-05-14T11:03:18
/home/feuer/.local/lib/python3.10/site-packages/airflow/example_dags/example_branch_python_dop_operator_3.py                                           1           0  0.11s           2023-05-14T11:03:19
/home/feuer/.local/lib/python3.10/site-packages/airflow/example_dags/tutorial_dag.py                                                                   1           0  0.11s           2023-05-14T11:02:51
/home/feuer/.local/lib/python3.10/site-packages/airflow/example_dags/example_branch_operator_decorator.py                                              1           0  0.20s           2023-05-14T11:03:21
/home/feuer/.local/lib/python3.10/site-packages/airflow/example_dags/example_params_trigger_ui.py                                                      1           0  0.20s           2023-05-14T11:03:23
/home/feuer/.local/lib/python3.10/site-packages/airflow/example_dags/example_dynamic_task_mapping.py                                                   1           0  0.21s           2023-05-14T11:03:23
/home/feuer/.local/lib/python3.10/site-packages/airflow/example_dags/example_trigger_controller_dag.py                                                 1           0  0.20s           2023-05-14T11:02:54
/home/feuer/.local/lib/python3.10/site-packages/airflow/example_dags/example_sla_dag.py                                                                1           0  0.20s           2023-05-14T11:02:55
/home/feuer/.local/lib/python3.10/site-packages/airflow/example_dags/tutorial.py                                                                       1           0  0.20s           2023-05-14T11:02:56
/home/feuer/.local/lib/python3.10/site-packages/airflow/example_dags/example_sensors.py                                                                1           0  0.20s           2023-05-14T11:03:24
/home/feuer/.local/lib/python3.10/site-packages/airflow/example_dags/example_xcom.py                                                                   1           0  0.20s           2023-05-14T11:02:58
/home/feuer/.local/lib/python3.10/site-packages/airflow/example_dags/example_short_circuit_operator.py                                                 1           0  0.20s           2023-05-14T11:02:59
/home/feuer/.local/lib/python3.10/site-packages/airflow/example_dags/example_time_delta_sensor_async.py                                                1           0  0.20s           2023-05-14T11:03:01
/home/feuer/.local/lib/python3.10/site-packages/airflow/example_dags/example_trigger_target_dag.py                                                     1           0  0.20s           2023-05-14T11:03:02
/home/feuer/.local/lib/python3.10/site-packages/airflow/example_dags/example_complex.py                                                                1           0  0.21s           2023-05-14T11:03:26
/home/feuer/.local/lib/python3.10/site-packages/airflow/example_dags/example_dag_decorator.py                                                          1           0  0.20s           2023-05-14T11:03:27
/home/feuer/.local/lib/python3.10/site-packages/airflow/example_dags/example_skip_dag.py                                                               1           0  0.20s           2023-05-14T11:03:04
/home/feuer/.local/lib/python3.10/site-packages/airflow/example_dags/example_external_task_marker_dag.py                                               2           0  0.20s           2023-05-14T11:03:20
/home/feuer/.local/lib/python3.10/site-packages/airflow/example_dags/example_xcomargs.py                                                               2           0  0.20s           2023-05-14T11:02:57
/home/feuer/.local/lib/python3.10/site-packages/airflow/example_dags/example_subdag_operator.py                                                        3           0  0.20s           2023-05-14T11:02:53
/home/feuer/.local/lib/python3.10/site-packages/airflow/example_dags/example_branch_datetime_operator.py                                               3           0  0.20s           2023-05-14T11:03:31
/home/feuer/.local/lib/python3.10/site-packages/airflow/example_dags/example_datasets.py                                                               6           0  0.20s           2023-05-14T11:03:12
================================================================================
[2023-05-14T16:33:56.743+0530] {manager.py:470} INFO - Exiting gracefully upon receiving signal 15
[2023-05-14T16:35:23.037+0530] {manager.py:487} INFO - Processing files using up to 1 processes at a time 
[2023-05-14T16:35:23.051+0530] {manager.py:488} INFO - Process each file at most once every 30 seconds
[2023-05-14T16:35:23.051+0530] {manager.py:489} INFO - Checking for new files in /run/media/feuer/LinuxDrive/ChromeDownloads/Assignment/airflow/dags every 300 seconds
[2023-05-14T16:35:23.051+0530] {manager.py:758} INFO - Searching for files in /run/media/feuer/LinuxDrive/ChromeDownloads/Assignment/airflow/dags
[2023-05-14T16:35:23.062+0530] {manager.py:761} INFO - There are 47 files in /run/media/feuer/LinuxDrive/ChromeDownloads/Assignment/airflow/dags
[2023-05-14T16:35:23.273+0530] {manager.py:889} INFO - 
================================================================================
DAG File Processing Stats

File Path                                                                                                                     PID    Runtime      # DAGs    # Errors  Last Runtime    Last Run
----------------------------------------------------------------------------------------------------------------------------  -----  ---------  --------  ----------  --------------  -------------------
/run/media/feuer/LinuxDrive/ChromeDownloads/Assignment/airflow/dags/Lead_scoring_data_pipeline/lead_scoring_data_pipeline.py                           0           0
/run/media/feuer/LinuxDrive/ChromeDownloads/Assignment/airflow/dags/Lead_scoring_data_pipeline/constants.py                                            0           0  0.10s           2023-05-14T11:05:23
/home/feuer/.local/lib/python3.10/site-packages/airflow/example_dags/example_passing_params_via_test_command.py                                        0           0
/home/feuer/.local/lib/python3.10/site-packages/airflow/example_dags/example_nested_branch_dag.py                                                      0           0
/home/feuer/.local/lib/python3.10/site-packages/airflow/example_dags/example_setup_teardown.py                                                         0           0
/home/feuer/.local/lib/python3.10/site-packages/airflow/example_dags/example_sensor_decorator.py                                                       0           0
/home/feuer/.local/lib/python3.10/site-packages/airflow/example_dags/example_python_operator.py                                                        0           0
/home/feuer/.local/lib/python3.10/site-packages/airflow/example_dags/example_kubernetes_executor.py                                                    0           0
/home/feuer/.local/lib/python3.10/site-packages/airflow/example_dags/example_setup_teardown_taskflow.py                                                0           0
/home/feuer/.local/lib/python3.10/site-packages/airflow/example_dags/example_datasets.py                                                               0           0
/home/feuer/.local/lib/python3.10/site-packages/airflow/example_dags/example_bash_operator.py                                                          0           0
/home/feuer/.local/lib/python3.10/site-packages/airflow/example_dags/example_short_circuit_decorator.py                                                0           0
/home/feuer/.local/lib/python3.10/site-packages/airflow/example_dags/example_branch_day_of_week_operator.py                                            0           0
/home/feuer/.local/lib/python3.10/site-packages/airflow/example_dags/example_task_group.py                                                             0           0
/home/feuer/.local/lib/python3.10/site-packages/airflow/example_dags/example_latest_only_with_trigger.py                                               0           0
/home/feuer/.local/lib/python3.10/site-packages/airflow/example_dags/example_branch_labels.py                                                          0           0
/home/feuer/.local/lib/python3.10/site-packages/airflow/example_dags/example_task_group_decorator.py                                                   0           0
/home/feuer/.local/lib/python3.10/site-packages/airflow/example_dags/example_latest_only.py                                                            0           0
/home/feuer/.local/lib/python3.10/site-packages/airflow/example_dags/example_branch_operator.py                                                        0           0
/home/feuer/.local/lib/python3.10/site-packages/airflow/example_dags/tutorial_taskflow_api.py                                                          0           0
/home/feuer/.local/lib/python3.10/site-packages/airflow/example_dags/example_params_ui_tutorial.py                                                     0           0
/home/feuer/.local/lib/python3.10/site-packages/airflow/example_dags/example_branch_python_dop_operator_3.py                                           0           0
/home/feuer/.local/lib/python3.10/site-packages/airflow/example_dags/example_external_task_marker_dag.py                                               0           0
/home/feuer/.local/lib/python3.10/site-packages/airflow/example_dags/tutorial_dag.py                                                                   0           0
/home/feuer/.local/lib/python3.10/site-packages/airflow/example_dags/example_branch_operator_decorator.py                                              0           0
/home/feuer/.local/lib/python3.10/site-packages/airflow/example_dags/example_params_trigger_ui.py                                                      0           0
/home/feuer/.local/lib/python3.10/site-packages/airflow/example_dags/example_dynamic_task_mapping.py                                                   0           0
/home/feuer/.local/lib/python3.10/site-packages/airflow/example_dags/example_subdag_operator.py                                                        0           0
/home/feuer/.local/lib/python3.10/site-packages/airflow/example_dags/example_trigger_controller_dag.py                                                 0           0
/home/feuer/.local/lib/python3.10/site-packages/airflow/example_dags/example_sla_dag.py                                                                0           0
/home/feuer/.local/lib/python3.10/site-packages/airflow/example_dags/tutorial.py                                                                       0           0
/home/feuer/.local/lib/python3.10/site-packages/airflow/example_dags/example_xcomargs.py                                                               0           0
/home/feuer/.local/lib/python3.10/site-packages/airflow/example_dags/example_sensors.py                                                                0           0
/home/feuer/.local/lib/python3.10/site-packages/airflow/example_dags/example_xcom.py                                                                   0           0
/home/feuer/.local/lib/python3.10/site-packages/airflow/example_dags/example_local_kubernetes_executor.py                                              0           0
/home/feuer/.local/lib/python3.10/site-packages/airflow/example_dags/example_short_circuit_operator.py                                                 0           0
/home/feuer/.local/lib/python3.10/site-packages/airflow/example_dags/example_time_delta_sensor_async.py                                                0           0
/home/feuer/.local/lib/python3.10/site-packages/airflow/example_dags/example_trigger_target_dag.py                                                     0           0
/home/feuer/.local/lib/python3.10/site-packages/airflow/example_dags/example_branch_datetime_operator.py                                               0           0
/home/feuer/.local/lib/python3.10/site-packages/airflow/example_dags/example_complex.py                                                                0           0
/home/feuer/.local/lib/python3.10/site-packages/airflow/example_dags/tutorial_taskflow_api_virtualenv.py                                               0           0
/home/feuer/.local/lib/python3.10/site-packages/airflow/example_dags/example_dag_decorator.py                                                          0           0
/home/feuer/.local/lib/python3.10/site-packages/airflow/example_dags/example_skip_dag.py                                                               0           0
/home/feuer/.local/lib/python3.10/site-packages/airflow/example_dags/subdags/subdag.py                                                                 0           0
/home/feuer/.local/lib/python3.10/site-packages/airflow/example_dags/plugins/event_listener.py                                                         0           0
/home/feuer/.local/lib/python3.10/site-packages/airflow/example_dags/plugins/workday.py                                                                0           0
/home/feuer/.local/lib/python3.10/site-packages/airflow/example_dags/plugins/listener_plugin.py                                                        0           0
================================================================================
[2023-05-14T16:35:53.789+0530] {manager.py:889} INFO - 
================================================================================
DAG File Processing Stats

File Path                                                                                                                     PID    Runtime      # DAGs    # Errors  Last Runtime    Last Run
----------------------------------------------------------------------------------------------------------------------------  -----  ---------  --------  ----------  --------------  -------------------
/run/media/feuer/LinuxDrive/ChromeDownloads/Assignment/airflow/dags/Lead_scoring_data_pipeline/lead_scoring_data_pipeline.py                           0           0
/run/media/feuer/LinuxDrive/ChromeDownloads/Assignment/airflow/dags/Lead_scoring_data_pipeline/constants.py                                            0           0  0.10s           2023-05-14T11:05:23
/home/feuer/.local/lib/python3.10/site-packages/airflow/example_dags/example_setup_teardown.py                                                         0           0  0.10s           2023-05-14T11:05:52
/home/feuer/.local/lib/python3.10/site-packages/airflow/example_dags/example_python_operator.py                                                        0           0
/home/feuer/.local/lib/python3.10/site-packages/airflow/example_dags/example_kubernetes_executor.py                                                    0           0
/home/feuer/.local/lib/python3.10/site-packages/airflow/example_dags/example_setup_teardown_taskflow.py                                                0           0
/home/feuer/.local/lib/python3.10/site-packages/airflow/example_dags/example_datasets.py                                                               0           0
/home/feuer/.local/lib/python3.10/site-packages/airflow/example_dags/example_bash_operator.py                                                          0           0
/home/feuer/.local/lib/python3.10/site-packages/airflow/example_dags/example_short_circuit_decorator.py                                                0           0
/home/feuer/.local/lib/python3.10/site-packages/airflow/example_dags/example_branch_day_of_week_operator.py                                            0           0
/home/feuer/.local/lib/python3.10/site-packages/airflow/example_dags/example_latest_only_with_trigger.py                                               0           0
/home/feuer/.local/lib/python3.10/site-packages/airflow/example_dags/example_branch_labels.py                                                          0           0
/home/feuer/.local/lib/python3.10/site-packages/airflow/example_dags/example_latest_only.py                                                            0           0
/home/feuer/.local/lib/python3.10/site-packages/airflow/example_dags/example_branch_operator.py                                                        0           0
/home/feuer/.local/lib/python3.10/site-packages/airflow/example_dags/example_params_ui_tutorial.py                                                     0           0
/home/feuer/.local/lib/python3.10/site-packages/airflow/example_dags/example_branch_python_dop_operator_3.py                                           0           0
/home/feuer/.local/lib/python3.10/site-packages/airflow/example_dags/example_external_task_marker_dag.py                                               0           0
/home/feuer/.local/lib/python3.10/site-packages/airflow/example_dags/example_branch_operator_decorator.py                                              0           0
/home/feuer/.local/lib/python3.10/site-packages/airflow/example_dags/example_params_trigger_ui.py                                                      0           0
/home/feuer/.local/lib/python3.10/site-packages/airflow/example_dags/example_dynamic_task_mapping.py                                                   0           0
/home/feuer/.local/lib/python3.10/site-packages/airflow/example_dags/example_sensors.py                                                                0           0
/home/feuer/.local/lib/python3.10/site-packages/airflow/example_dags/example_local_kubernetes_executor.py                                              0           0
/home/feuer/.local/lib/python3.10/site-packages/airflow/example_dags/example_branch_datetime_operator.py                                               0           0
/home/feuer/.local/lib/python3.10/site-packages/airflow/example_dags/example_complex.py                                                                0           0
/home/feuer/.local/lib/python3.10/site-packages/airflow/example_dags/tutorial_taskflow_api_virtualenv.py                                               0           0  0.10s           2023-05-14T11:05:48
/home/feuer/.local/lib/python3.10/site-packages/airflow/example_dags/example_dag_decorator.py                                                          0           0
/home/feuer/.local/lib/python3.10/site-packages/airflow/example_dags/subdags/subdag.py                                                                 0           0  0.10s           2023-05-14T11:05:24
/home/feuer/.local/lib/python3.10/site-packages/airflow/example_dags/plugins/event_listener.py                                                         0           0  0.10s           2023-05-14T11:05:25
/home/feuer/.local/lib/python3.10/site-packages/airflow/example_dags/plugins/workday.py                                                                0           0  0.30s           2023-05-14T11:05:26
/home/feuer/.local/lib/python3.10/site-packages/airflow/example_dags/plugins/listener_plugin.py                                                        0           0  0.10s           2023-05-14T11:05:28
/home/feuer/.local/lib/python3.10/site-packages/airflow/example_dags/example_passing_params_via_test_command.py                                        1           0  0.20s           2023-05-14T11:05:50
/home/feuer/.local/lib/python3.10/site-packages/airflow/example_dags/example_nested_branch_dag.py                                                      1           0  0.20s           2023-05-14T11:05:51
/home/feuer/.local/lib/python3.10/site-packages/airflow/example_dags/example_sensor_decorator.py                                                       1           0  0.21s           2023-05-14T11:05:53
/home/feuer/.local/lib/python3.10/site-packages/airflow/example_dags/example_task_group.py                                                             1           0  0.20s           2023-05-14T11:05:29
/home/feuer/.local/lib/python3.10/site-packages/airflow/example_dags/example_task_group_decorator.py                                                   1           0  0.20s           2023-05-14T11:05:30
/home/feuer/.local/lib/python3.10/site-packages/airflow/example_dags/tutorial_taskflow_api.py                                                          1           0  0.20s           2023-05-14T11:05:31
/home/feuer/.local/lib/python3.10/site-packages/airflow/example_dags/tutorial_dag.py                                                                   1           0  0.21s           2023-05-14T11:05:33
/home/feuer/.local/lib/python3.10/site-packages/airflow/example_dags/example_trigger_controller_dag.py                                                 1           0  0.20s           2023-05-14T11:05:34
/home/feuer/.local/lib/python3.10/site-packages/airflow/example_dags/example_sla_dag.py                                                                1           0  0.20s           2023-05-14T11:05:35
/home/feuer/.local/lib/python3.10/site-packages/airflow/example_dags/tutorial.py                                                                       1           0  1.01s           2023-05-14T11:05:38
/home/feuer/.local/lib/python3.10/site-packages/airflow/example_dags/example_xcom.py                                                                   1           0  0.20s           2023-05-14T11:05:41
/home/feuer/.local/lib/python3.10/site-packages/airflow/example_dags/example_short_circuit_operator.py                                                 1           0  0.20s           2023-05-14T11:05:42
/home/feuer/.local/lib/python3.10/site-packages/airflow/example_dags/example_time_delta_sensor_async.py                                                1           0  0.30s           2023-05-14T11:05:43
/home/feuer/.local/lib/python3.10/site-packages/airflow/example_dags/example_trigger_target_dag.py                                                     1           0  2.31s           2023-05-14T11:05:46
/home/feuer/.local/lib/python3.10/site-packages/airflow/example_dags/example_skip_dag.py                                                               1           0  0.20s           2023-05-14T11:05:48
/home/feuer/.local/lib/python3.10/site-packages/airflow/example_dags/example_xcomargs.py                                                               2           0  0.20s           2023-05-14T11:05:39
/home/feuer/.local/lib/python3.10/site-packages/airflow/example_dags/example_subdag_operator.py                                                        3           0  0.20s           2023-05-14T11:05:33
================================================================================
[2023-05-14T16:36:24.310+0530] {manager.py:889} INFO - 
================================================================================
DAG File Processing Stats

File Path                                                                                                                     PID    Runtime      # DAGs    # Errors  Last Runtime    Last Run
----------------------------------------------------------------------------------------------------------------------------  -----  ---------  --------  ----------  --------------  -------------------
/run/media/feuer/LinuxDrive/ChromeDownloads/Assignment/airflow/dags/Lead_scoring_data_pipeline/constants.py                                            0           0  0.10s           2023-05-14T11:06:22
/home/feuer/.local/lib/python3.10/site-packages/airflow/example_dags/example_setup_teardown.py                                                         0           0  0.10s           2023-05-14T11:05:52
/home/feuer/.local/lib/python3.10/site-packages/airflow/example_dags/example_kubernetes_executor.py                                                    0           0  0.10s           2023-05-14T11:05:55
/home/feuer/.local/lib/python3.10/site-packages/airflow/example_dags/example_setup_teardown_taskflow.py                                                0           0  0.11s           2023-05-14T11:05:56
/home/feuer/.local/lib/python3.10/site-packages/airflow/example_dags/example_local_kubernetes_executor.py                                              0           0  0.10s           2023-05-14T11:06:14
/home/feuer/.local/lib/python3.10/site-packages/airflow/example_dags/tutorial_taskflow_api_virtualenv.py                                               0           0  0.10s           2023-05-14T11:05:48
/home/feuer/.local/lib/python3.10/site-packages/airflow/example_dags/subdags/subdag.py                                                                 0           0  0.10s           2023-05-14T11:06:23
/home/feuer/.local/lib/python3.10/site-packages/airflow/example_dags/plugins/event_listener.py                                                         0           0  0.11s           2023-05-14T11:06:24
/home/feuer/.local/lib/python3.10/site-packages/airflow/example_dags/plugins/workday.py                                                                0           0  0.30s           2023-05-14T11:05:26
/home/feuer/.local/lib/python3.10/site-packages/airflow/example_dags/plugins/listener_plugin.py                                                        0           0  0.10s           2023-05-14T11:05:28
/run/media/feuer/LinuxDrive/ChromeDownloads/Assignment/airflow/dags/Lead_scoring_data_pipeline/lead_scoring_data_pipeline.py                           1           0  0.20s           2023-05-14T11:06:21
/home/feuer/.local/lib/python3.10/site-packages/airflow/example_dags/example_passing_params_via_test_command.py                                        1           0  0.20s           2023-05-14T11:05:50
/home/feuer/.local/lib/python3.10/site-packages/airflow/example_dags/example_nested_branch_dag.py                                                      1           0  0.20s           2023-05-14T11:05:51
/home/feuer/.local/lib/python3.10/site-packages/airflow/example_dags/example_sensor_decorator.py                                                       1           0  0.21s           2023-05-14T11:05:53
/home/feuer/.local/lib/python3.10/site-packages/airflow/example_dags/example_python_operator.py                                                        1           0  0.30s           2023-05-14T11:05:54
/home/feuer/.local/lib/python3.10/site-packages/airflow/example_dags/example_bash_operator.py                                                          1           0  0.20s           2023-05-14T11:06:17
/home/feuer/.local/lib/python3.10/site-packages/airflow/example_dags/example_short_circuit_decorator.py                                                1           0  0.20s           2023-05-14T11:05:59
/home/feuer/.local/lib/python3.10/site-packages/airflow/example_dags/example_branch_day_of_week_operator.py                                            1           0  0.20s           2023-05-14T11:06:18
/home/feuer/.local/lib/python3.10/site-packages/airflow/example_dags/example_task_group.py                                                             1           0  0.20s           2023-05-14T11:05:29
/home/feuer/.local/lib/python3.10/site-packages/airflow/example_dags/example_latest_only_with_trigger.py                                               1           0  0.20s           2023-05-14T11:05:59
/home/feuer/.local/lib/python3.10/site-packages/airflow/example_dags/example_branch_labels.py                                                          1           0  0.20s           2023-05-14T11:06:00
/home/feuer/.local/lib/python3.10/site-packages/airflow/example_dags/example_task_group_decorator.py                                                   1           0  0.20s           2023-05-14T11:05:30
/home/feuer/.local/lib/python3.10/site-packages/airflow/example_dags/example_latest_only.py                                                            1           0  0.20s           2023-05-14T11:06:02
/home/feuer/.local/lib/python3.10/site-packages/airflow/example_dags/example_branch_operator.py                                                        1           0  0.20s           2023-05-14T11:06:03
/home/feuer/.local/lib/python3.10/site-packages/airflow/example_dags/tutorial_taskflow_api.py                                                          1           0  0.20s           2023-05-14T11:05:31
/home/feuer/.local/lib/python3.10/site-packages/airflow/example_dags/example_params_ui_tutorial.py                                                     1           0  0.20s           2023-05-14T11:06:04
/home/feuer/.local/lib/python3.10/site-packages/airflow/example_dags/example_branch_python_dop_operator_3.py                                           1           0  0.20s           2023-05-14T11:06:04
/home/feuer/.local/lib/python3.10/site-packages/airflow/example_dags/tutorial_dag.py                                                                   1           0  0.21s           2023-05-14T11:05:33
/home/feuer/.local/lib/python3.10/site-packages/airflow/example_dags/example_branch_operator_decorator.py                                              1           0  0.41s           2023-05-14T11:06:07
/home/feuer/.local/lib/python3.10/site-packages/airflow/example_dags/example_params_trigger_ui.py                                                      1           0  1.71s           2023-05-14T11:06:10
/home/feuer/.local/lib/python3.10/site-packages/airflow/example_dags/example_dynamic_task_mapping.py                                                   1           0  0.21s           2023-05-14T11:06:12
/home/feuer/.local/lib/python3.10/site-packages/airflow/example_dags/example_trigger_controller_dag.py                                                 1           0  0.20s           2023-05-14T11:05:34
/home/feuer/.local/lib/python3.10/site-packages/airflow/example_dags/example_sla_dag.py                                                                1           0  0.20s           2023-05-14T11:05:35
/home/feuer/.local/lib/python3.10/site-packages/airflow/example_dags/tutorial.py                                                                       1           0  1.01s           2023-05-14T11:05:38
/home/feuer/.local/lib/python3.10/site-packages/airflow/example_dags/example_sensors.py                                                                1           0  0.20s           2023-05-14T11:06:13
/home/feuer/.local/lib/python3.10/site-packages/airflow/example_dags/example_xcom.py                                                                   1           0  0.20s           2023-05-14T11:05:41
/home/feuer/.local/lib/python3.10/site-packages/airflow/example_dags/example_short_circuit_operator.py                                                 1           0  0.20s           2023-05-14T11:05:42
/home/feuer/.local/lib/python3.10/site-packages/airflow/example_dags/example_time_delta_sensor_async.py                                                1           0  0.30s           2023-05-14T11:05:43
/home/feuer/.local/lib/python3.10/site-packages/airflow/example_dags/example_trigger_target_dag.py                                                     1           0  2.31s           2023-05-14T11:05:46
/home/feuer/.local/lib/python3.10/site-packages/airflow/example_dags/example_complex.py                                                                1           0  0.20s           2023-05-14T11:06:15
/home/feuer/.local/lib/python3.10/site-packages/airflow/example_dags/example_dag_decorator.py                                                          1           0  0.31s           2023-05-14T11:06:16
/home/feuer/.local/lib/python3.10/site-packages/airflow/example_dags/example_skip_dag.py                                                               1           0  0.20s           2023-05-14T11:05:48
/home/feuer/.local/lib/python3.10/site-packages/airflow/example_dags/example_external_task_marker_dag.py                                               2           0  0.20s           2023-05-14T11:06:06
/home/feuer/.local/lib/python3.10/site-packages/airflow/example_dags/example_xcomargs.py                                                               2           0  0.20s           2023-05-14T11:05:39
/home/feuer/.local/lib/python3.10/site-packages/airflow/example_dags/example_subdag_operator.py                                                        3           0  0.20s           2023-05-14T11:05:33
/home/feuer/.local/lib/python3.10/site-packages/airflow/example_dags/example_branch_datetime_operator.py                                               3           0  0.20s           2023-05-14T11:06:20
/home/feuer/.local/lib/python3.10/site-packages/airflow/example_dags/example_datasets.py                                                               6           0  0.20s           2023-05-14T11:05:57
================================================================================
