[2023-05-21T19:39:59.713+0530] {processor.py:156} INFO - Started process (PID=23843) to work on /home/feuer/.local/lib/python3.10/site-packages/airflow/example_dags/example_latest_only_with_trigger.py
[2023-05-21T19:39:59.714+0530] {processor.py:799} INFO - Processing file /home/feuer/.local/lib/python3.10/site-packages/airflow/example_dags/example_latest_only_with_trigger.py for tasks to queue
[2023-05-21T19:39:59.714+0530] {logging_mixin.py:149} INFO - [2023-05-21T19:39:59.714+0530] {dagbag.py:541} INFO - Filling up the DagBag from /home/feuer/.local/lib/python3.10/site-packages/airflow/example_dags/example_latest_only_with_trigger.py
[2023-05-21T19:39:59.722+0530] {processor.py:809} INFO - DAG(s) dict_keys(['latest_only_with_trigger']) retrieved from /home/feuer/.local/lib/python3.10/site-packages/airflow/example_dags/example_latest_only_with_trigger.py
[2023-05-21T19:39:59.746+0530] {logging_mixin.py:149} INFO - [2023-05-21T19:39:59.745+0530] {dag.py:2726} INFO - Sync 1 DAGs
[2023-05-21T19:39:59.761+0530] {logging_mixin.py:149} INFO - [2023-05-21T19:39:59.761+0530] {dag.py:3486} INFO - Setting next_dagrun for latest_only_with_trigger to 2023-05-21T10:09:59.761526+00:00, run_after=2023-05-21T14:09:59.761526+00:00
[2023-05-21T19:39:59.847+0530] {processor.py:178} INFO - Processing /home/feuer/.local/lib/python3.10/site-packages/airflow/example_dags/example_latest_only_with_trigger.py took 0.137 seconds
[2023-05-21T19:41:17.840+0530] {processor.py:156} INFO - Started process (PID=24187) to work on /home/feuer/.local/lib/python3.10/site-packages/airflow/example_dags/example_latest_only_with_trigger.py
[2023-05-21T19:41:18.162+0530] {processor.py:799} INFO - Processing file /home/feuer/.local/lib/python3.10/site-packages/airflow/example_dags/example_latest_only_with_trigger.py for tasks to queue
[2023-05-21T19:41:18.163+0530] {logging_mixin.py:149} INFO - [2023-05-21T19:41:18.163+0530] {dagbag.py:541} INFO - Filling up the DagBag from /home/feuer/.local/lib/python3.10/site-packages/airflow/example_dags/example_latest_only_with_trigger.py
[2023-05-21T19:41:18.223+0530] {processor.py:809} INFO - DAG(s) dict_keys(['latest_only_with_trigger']) retrieved from /home/feuer/.local/lib/python3.10/site-packages/airflow/example_dags/example_latest_only_with_trigger.py
[2023-05-21T19:41:18.656+0530] {logging_mixin.py:149} INFO - [2023-05-21T19:41:18.655+0530] {dag.py:2726} INFO - Sync 1 DAGs
[2023-05-21T19:41:18.697+0530] {logging_mixin.py:149} INFO - [2023-05-21T19:41:18.697+0530] {dag.py:3486} INFO - Setting next_dagrun for latest_only_with_trigger to 2023-05-21T10:11:18.696955+00:00, run_after=2023-05-21T14:11:18.696955+00:00
[2023-05-21T19:41:19.502+0530] {processor.py:178} INFO - Processing /home/feuer/.local/lib/python3.10/site-packages/airflow/example_dags/example_latest_only_with_trigger.py took 1.664 seconds
[2023-05-21T19:42:49.142+0530] {processor.py:156} INFO - Started process (PID=24687) to work on /home/feuer/.local/lib/python3.10/site-packages/airflow/example_dags/example_latest_only_with_trigger.py
[2023-05-21T19:42:49.142+0530] {processor.py:799} INFO - Processing file /home/feuer/.local/lib/python3.10/site-packages/airflow/example_dags/example_latest_only_with_trigger.py for tasks to queue
[2023-05-21T19:42:49.143+0530] {logging_mixin.py:149} INFO - [2023-05-21T19:42:49.143+0530] {dagbag.py:541} INFO - Filling up the DagBag from /home/feuer/.local/lib/python3.10/site-packages/airflow/example_dags/example_latest_only_with_trigger.py
[2023-05-21T19:42:49.167+0530] {processor.py:809} INFO - DAG(s) dict_keys(['latest_only_with_trigger']) retrieved from /home/feuer/.local/lib/python3.10/site-packages/airflow/example_dags/example_latest_only_with_trigger.py
[2023-05-21T19:42:49.180+0530] {logging_mixin.py:149} INFO - [2023-05-21T19:42:49.180+0530] {dag.py:2726} INFO - Sync 1 DAGs
[2023-05-21T19:42:49.197+0530] {logging_mixin.py:149} INFO - [2023-05-21T19:42:49.197+0530] {dag.py:3486} INFO - Setting next_dagrun for latest_only_with_trigger to 2023-05-21T10:12:49.197122+00:00, run_after=2023-05-21T14:12:49.197122+00:00
[2023-05-21T19:42:49.289+0530] {processor.py:178} INFO - Processing /home/feuer/.local/lib/python3.10/site-packages/airflow/example_dags/example_latest_only_with_trigger.py took 0.149 seconds
[2023-05-21T19:43:42.686+0530] {processor.py:156} INFO - Started process (PID=24802) to work on /home/feuer/.local/lib/python3.10/site-packages/airflow/example_dags/example_latest_only_with_trigger.py
[2023-05-21T19:43:42.687+0530] {processor.py:799} INFO - Processing file /home/feuer/.local/lib/python3.10/site-packages/airflow/example_dags/example_latest_only_with_trigger.py for tasks to queue
[2023-05-21T19:43:42.688+0530] {logging_mixin.py:149} INFO - [2023-05-21T19:43:42.688+0530] {dagbag.py:541} INFO - Filling up the DagBag from /home/feuer/.local/lib/python3.10/site-packages/airflow/example_dags/example_latest_only_with_trigger.py
[2023-05-21T19:43:42.695+0530] {processor.py:809} INFO - DAG(s) dict_keys(['latest_only_with_trigger']) retrieved from /home/feuer/.local/lib/python3.10/site-packages/airflow/example_dags/example_latest_only_with_trigger.py
[2023-05-21T19:43:42.716+0530] {logging_mixin.py:149} INFO - [2023-05-21T19:43:42.716+0530] {dag.py:2726} INFO - Sync 1 DAGs
[2023-05-21T19:43:42.733+0530] {logging_mixin.py:149} INFO - [2023-05-21T19:43:42.733+0530] {dag.py:3486} INFO - Setting next_dagrun for latest_only_with_trigger to 2023-05-21T10:13:42.733672+00:00, run_after=2023-05-21T14:13:42.733672+00:00
[2023-05-21T19:43:42.822+0530] {processor.py:178} INFO - Processing /home/feuer/.local/lib/python3.10/site-packages/airflow/example_dags/example_latest_only_with_trigger.py took 0.139 seconds
[2023-05-21T19:44:36.771+0530] {processor.py:156} INFO - Started process (PID=24950) to work on /home/feuer/.local/lib/python3.10/site-packages/airflow/example_dags/example_latest_only_with_trigger.py
[2023-05-21T19:44:36.772+0530] {processor.py:799} INFO - Processing file /home/feuer/.local/lib/python3.10/site-packages/airflow/example_dags/example_latest_only_with_trigger.py for tasks to queue
[2023-05-21T19:44:36.772+0530] {logging_mixin.py:149} INFO - [2023-05-21T19:44:36.772+0530] {dagbag.py:541} INFO - Filling up the DagBag from /home/feuer/.local/lib/python3.10/site-packages/airflow/example_dags/example_latest_only_with_trigger.py
[2023-05-21T19:44:36.779+0530] {processor.py:809} INFO - DAG(s) dict_keys(['latest_only_with_trigger']) retrieved from /home/feuer/.local/lib/python3.10/site-packages/airflow/example_dags/example_latest_only_with_trigger.py
[2023-05-21T19:44:36.799+0530] {logging_mixin.py:149} INFO - [2023-05-21T19:44:36.799+0530] {dag.py:2726} INFO - Sync 1 DAGs
[2023-05-21T19:44:36.816+0530] {logging_mixin.py:149} INFO - [2023-05-21T19:44:36.816+0530] {dag.py:3486} INFO - Setting next_dagrun for latest_only_with_trigger to 2023-05-21T10:14:36.816113+00:00, run_after=2023-05-21T14:14:36.816113+00:00
[2023-05-21T19:44:36.914+0530] {processor.py:178} INFO - Processing /home/feuer/.local/lib/python3.10/site-packages/airflow/example_dags/example_latest_only_with_trigger.py took 0.147 seconds
[2023-05-21T19:45:31.546+0530] {processor.py:156} INFO - Started process (PID=25084) to work on /home/feuer/.local/lib/python3.10/site-packages/airflow/example_dags/example_latest_only_with_trigger.py
[2023-05-21T19:45:31.547+0530] {processor.py:799} INFO - Processing file /home/feuer/.local/lib/python3.10/site-packages/airflow/example_dags/example_latest_only_with_trigger.py for tasks to queue
[2023-05-21T19:45:31.548+0530] {logging_mixin.py:149} INFO - [2023-05-21T19:45:31.548+0530] {dagbag.py:541} INFO - Filling up the DagBag from /home/feuer/.local/lib/python3.10/site-packages/airflow/example_dags/example_latest_only_with_trigger.py
[2023-05-21T19:45:31.553+0530] {processor.py:809} INFO - DAG(s) dict_keys(['latest_only_with_trigger']) retrieved from /home/feuer/.local/lib/python3.10/site-packages/airflow/example_dags/example_latest_only_with_trigger.py
[2023-05-21T19:45:31.568+0530] {logging_mixin.py:149} INFO - [2023-05-21T19:45:31.568+0530] {dag.py:2726} INFO - Sync 1 DAGs
[2023-05-21T19:45:31.579+0530] {logging_mixin.py:149} INFO - [2023-05-21T19:45:31.579+0530] {dag.py:3486} INFO - Setting next_dagrun for latest_only_with_trigger to 2023-05-21T10:15:31.579318+00:00, run_after=2023-05-21T14:15:31.579318+00:00
[2023-05-21T19:45:31.665+0530] {processor.py:178} INFO - Processing /home/feuer/.local/lib/python3.10/site-packages/airflow/example_dags/example_latest_only_with_trigger.py took 0.121 seconds
[2023-05-21T19:46:26.265+0530] {processor.py:156} INFO - Started process (PID=25193) to work on /home/feuer/.local/lib/python3.10/site-packages/airflow/example_dags/example_latest_only_with_trigger.py
[2023-05-21T19:46:26.266+0530] {processor.py:799} INFO - Processing file /home/feuer/.local/lib/python3.10/site-packages/airflow/example_dags/example_latest_only_with_trigger.py for tasks to queue
[2023-05-21T19:46:26.266+0530] {logging_mixin.py:149} INFO - [2023-05-21T19:46:26.266+0530] {dagbag.py:541} INFO - Filling up the DagBag from /home/feuer/.local/lib/python3.10/site-packages/airflow/example_dags/example_latest_only_with_trigger.py
[2023-05-21T19:46:26.273+0530] {processor.py:809} INFO - DAG(s) dict_keys(['latest_only_with_trigger']) retrieved from /home/feuer/.local/lib/python3.10/site-packages/airflow/example_dags/example_latest_only_with_trigger.py
[2023-05-21T19:46:26.286+0530] {logging_mixin.py:149} INFO - [2023-05-21T19:46:26.286+0530] {dag.py:2726} INFO - Sync 1 DAGs
[2023-05-21T19:46:26.297+0530] {logging_mixin.py:149} INFO - [2023-05-21T19:46:26.297+0530] {dag.py:3486} INFO - Setting next_dagrun for latest_only_with_trigger to 2023-05-21T10:16:26.297300+00:00, run_after=2023-05-21T14:16:26.297300+00:00
[2023-05-21T19:46:26.371+0530] {processor.py:178} INFO - Processing /home/feuer/.local/lib/python3.10/site-packages/airflow/example_dags/example_latest_only_with_trigger.py took 0.109 seconds
[2023-05-21T19:47:18.784+0530] {processor.py:156} INFO - Started process (PID=25303) to work on /home/feuer/.local/lib/python3.10/site-packages/airflow/example_dags/example_latest_only_with_trigger.py
[2023-05-21T19:47:18.785+0530] {processor.py:799} INFO - Processing file /home/feuer/.local/lib/python3.10/site-packages/airflow/example_dags/example_latest_only_with_trigger.py for tasks to queue
[2023-05-21T19:47:18.785+0530] {logging_mixin.py:149} INFO - [2023-05-21T19:47:18.785+0530] {dagbag.py:541} INFO - Filling up the DagBag from /home/feuer/.local/lib/python3.10/site-packages/airflow/example_dags/example_latest_only_with_trigger.py
[2023-05-21T19:47:18.791+0530] {processor.py:809} INFO - DAG(s) dict_keys(['latest_only_with_trigger']) retrieved from /home/feuer/.local/lib/python3.10/site-packages/airflow/example_dags/example_latest_only_with_trigger.py
[2023-05-21T19:47:18.803+0530] {logging_mixin.py:149} INFO - [2023-05-21T19:47:18.803+0530] {dag.py:2726} INFO - Sync 1 DAGs
[2023-05-21T19:47:18.814+0530] {logging_mixin.py:149} INFO - [2023-05-21T19:47:18.814+0530] {dag.py:3486} INFO - Setting next_dagrun for latest_only_with_trigger to 2023-05-21T10:17:18.814525+00:00, run_after=2023-05-21T14:17:18.814525+00:00
[2023-05-21T19:47:18.943+0530] {processor.py:178} INFO - Processing /home/feuer/.local/lib/python3.10/site-packages/airflow/example_dags/example_latest_only_with_trigger.py took 0.162 seconds
[2023-05-21T19:48:11.658+0530] {processor.py:156} INFO - Started process (PID=25419) to work on /home/feuer/.local/lib/python3.10/site-packages/airflow/example_dags/example_latest_only_with_trigger.py
[2023-05-21T19:48:11.659+0530] {processor.py:799} INFO - Processing file /home/feuer/.local/lib/python3.10/site-packages/airflow/example_dags/example_latest_only_with_trigger.py for tasks to queue
[2023-05-21T19:48:11.659+0530] {logging_mixin.py:149} INFO - [2023-05-21T19:48:11.659+0530] {dagbag.py:541} INFO - Filling up the DagBag from /home/feuer/.local/lib/python3.10/site-packages/airflow/example_dags/example_latest_only_with_trigger.py
[2023-05-21T19:48:11.665+0530] {processor.py:809} INFO - DAG(s) dict_keys(['latest_only_with_trigger']) retrieved from /home/feuer/.local/lib/python3.10/site-packages/airflow/example_dags/example_latest_only_with_trigger.py
[2023-05-21T19:48:11.681+0530] {logging_mixin.py:149} INFO - [2023-05-21T19:48:11.681+0530] {dag.py:2726} INFO - Sync 1 DAGs
[2023-05-21T19:48:11.692+0530] {logging_mixin.py:149} INFO - [2023-05-21T19:48:11.692+0530] {dag.py:3486} INFO - Setting next_dagrun for latest_only_with_trigger to 2023-05-21T10:18:11.691881+00:00, run_after=2023-05-21T14:18:11.691881+00:00
[2023-05-21T19:48:11.791+0530] {processor.py:178} INFO - Processing /home/feuer/.local/lib/python3.10/site-packages/airflow/example_dags/example_latest_only_with_trigger.py took 0.134 seconds
[2023-05-21T19:49:05.535+0530] {processor.py:156} INFO - Started process (PID=25529) to work on /home/feuer/.local/lib/python3.10/site-packages/airflow/example_dags/example_latest_only_with_trigger.py
[2023-05-21T19:49:05.536+0530] {processor.py:799} INFO - Processing file /home/feuer/.local/lib/python3.10/site-packages/airflow/example_dags/example_latest_only_with_trigger.py for tasks to queue
[2023-05-21T19:49:05.536+0530] {logging_mixin.py:149} INFO - [2023-05-21T19:49:05.536+0530] {dagbag.py:541} INFO - Filling up the DagBag from /home/feuer/.local/lib/python3.10/site-packages/airflow/example_dags/example_latest_only_with_trigger.py
[2023-05-21T19:49:05.543+0530] {processor.py:809} INFO - DAG(s) dict_keys(['latest_only_with_trigger']) retrieved from /home/feuer/.local/lib/python3.10/site-packages/airflow/example_dags/example_latest_only_with_trigger.py
[2023-05-21T19:49:05.564+0530] {logging_mixin.py:149} INFO - [2023-05-21T19:49:05.564+0530] {dag.py:2726} INFO - Sync 1 DAGs
[2023-05-21T19:49:05.581+0530] {logging_mixin.py:149} INFO - [2023-05-21T19:49:05.581+0530] {dag.py:3486} INFO - Setting next_dagrun for latest_only_with_trigger to 2023-05-21T10:19:05.581020+00:00, run_after=2023-05-21T14:19:05.581020+00:00
[2023-05-21T19:49:05.674+0530] {processor.py:178} INFO - Processing /home/feuer/.local/lib/python3.10/site-packages/airflow/example_dags/example_latest_only_with_trigger.py took 0.143 seconds
[2023-05-21T19:49:57.004+0530] {processor.py:156} INFO - Started process (PID=25646) to work on /home/feuer/.local/lib/python3.10/site-packages/airflow/example_dags/example_latest_only_with_trigger.py
[2023-05-21T19:49:57.005+0530] {processor.py:799} INFO - Processing file /home/feuer/.local/lib/python3.10/site-packages/airflow/example_dags/example_latest_only_with_trigger.py for tasks to queue
[2023-05-21T19:49:57.005+0530] {logging_mixin.py:149} INFO - [2023-05-21T19:49:57.005+0530] {dagbag.py:541} INFO - Filling up the DagBag from /home/feuer/.local/lib/python3.10/site-packages/airflow/example_dags/example_latest_only_with_trigger.py
[2023-05-21T19:49:57.012+0530] {processor.py:809} INFO - DAG(s) dict_keys(['latest_only_with_trigger']) retrieved from /home/feuer/.local/lib/python3.10/site-packages/airflow/example_dags/example_latest_only_with_trigger.py
[2023-05-21T19:49:57.034+0530] {logging_mixin.py:149} INFO - [2023-05-21T19:49:57.033+0530] {dag.py:2726} INFO - Sync 1 DAGs
[2023-05-21T19:49:57.050+0530] {logging_mixin.py:149} INFO - [2023-05-21T19:49:57.050+0530] {dag.py:3486} INFO - Setting next_dagrun for latest_only_with_trigger to 2023-05-21T10:19:57.050669+00:00, run_after=2023-05-21T14:19:57.050669+00:00
[2023-05-21T19:49:57.147+0530] {processor.py:178} INFO - Processing /home/feuer/.local/lib/python3.10/site-packages/airflow/example_dags/example_latest_only_with_trigger.py took 0.146 seconds
[2023-05-21T19:50:52.017+0530] {processor.py:156} INFO - Started process (PID=25826) to work on /home/feuer/.local/lib/python3.10/site-packages/airflow/example_dags/example_latest_only_with_trigger.py
[2023-05-21T19:50:52.018+0530] {processor.py:799} INFO - Processing file /home/feuer/.local/lib/python3.10/site-packages/airflow/example_dags/example_latest_only_with_trigger.py for tasks to queue
[2023-05-21T19:50:52.019+0530] {logging_mixin.py:149} INFO - [2023-05-21T19:50:52.019+0530] {dagbag.py:541} INFO - Filling up the DagBag from /home/feuer/.local/lib/python3.10/site-packages/airflow/example_dags/example_latest_only_with_trigger.py
[2023-05-21T19:50:52.026+0530] {processor.py:809} INFO - DAG(s) dict_keys(['latest_only_with_trigger']) retrieved from /home/feuer/.local/lib/python3.10/site-packages/airflow/example_dags/example_latest_only_with_trigger.py
[2023-05-21T19:50:52.046+0530] {logging_mixin.py:149} INFO - [2023-05-21T19:50:52.046+0530] {dag.py:2726} INFO - Sync 1 DAGs
[2023-05-21T19:50:52.062+0530] {logging_mixin.py:149} INFO - [2023-05-21T19:50:52.062+0530] {dag.py:3486} INFO - Setting next_dagrun for latest_only_with_trigger to 2023-05-21T10:20:52.062699+00:00, run_after=2023-05-21T14:20:52.062699+00:00
[2023-05-21T19:50:52.143+0530] {processor.py:178} INFO - Processing /home/feuer/.local/lib/python3.10/site-packages/airflow/example_dags/example_latest_only_with_trigger.py took 0.129 seconds
[2023-05-21T19:51:42.473+0530] {processor.py:156} INFO - Started process (PID=25933) to work on /home/feuer/.local/lib/python3.10/site-packages/airflow/example_dags/example_latest_only_with_trigger.py
[2023-05-21T19:51:42.474+0530] {processor.py:799} INFO - Processing file /home/feuer/.local/lib/python3.10/site-packages/airflow/example_dags/example_latest_only_with_trigger.py for tasks to queue
[2023-05-21T19:51:42.475+0530] {logging_mixin.py:149} INFO - [2023-05-21T19:51:42.475+0530] {dagbag.py:541} INFO - Filling up the DagBag from /home/feuer/.local/lib/python3.10/site-packages/airflow/example_dags/example_latest_only_with_trigger.py
[2023-05-21T19:51:42.482+0530] {processor.py:809} INFO - DAG(s) dict_keys(['latest_only_with_trigger']) retrieved from /home/feuer/.local/lib/python3.10/site-packages/airflow/example_dags/example_latest_only_with_trigger.py
[2023-05-21T19:51:42.502+0530] {logging_mixin.py:149} INFO - [2023-05-21T19:51:42.502+0530] {dag.py:2726} INFO - Sync 1 DAGs
[2023-05-21T19:51:42.519+0530] {logging_mixin.py:149} INFO - [2023-05-21T19:51:42.519+0530] {dag.py:3486} INFO - Setting next_dagrun for latest_only_with_trigger to 2023-05-21T10:21:42.519456+00:00, run_after=2023-05-21T14:21:42.519456+00:00
[2023-05-21T19:51:42.596+0530] {processor.py:178} INFO - Processing /home/feuer/.local/lib/python3.10/site-packages/airflow/example_dags/example_latest_only_with_trigger.py took 0.125 seconds
[2023-05-21T19:52:32.631+0530] {processor.py:156} INFO - Started process (PID=26049) to work on /home/feuer/.local/lib/python3.10/site-packages/airflow/example_dags/example_latest_only_with_trigger.py
[2023-05-21T19:52:32.632+0530] {processor.py:799} INFO - Processing file /home/feuer/.local/lib/python3.10/site-packages/airflow/example_dags/example_latest_only_with_trigger.py for tasks to queue
[2023-05-21T19:52:32.633+0530] {logging_mixin.py:149} INFO - [2023-05-21T19:52:32.633+0530] {dagbag.py:541} INFO - Filling up the DagBag from /home/feuer/.local/lib/python3.10/site-packages/airflow/example_dags/example_latest_only_with_trigger.py
[2023-05-21T19:52:32.639+0530] {processor.py:809} INFO - DAG(s) dict_keys(['latest_only_with_trigger']) retrieved from /home/feuer/.local/lib/python3.10/site-packages/airflow/example_dags/example_latest_only_with_trigger.py
[2023-05-21T19:52:32.652+0530] {logging_mixin.py:149} INFO - [2023-05-21T19:52:32.651+0530] {dag.py:2726} INFO - Sync 1 DAGs
[2023-05-21T19:52:32.663+0530] {logging_mixin.py:149} INFO - [2023-05-21T19:52:32.663+0530] {dag.py:3486} INFO - Setting next_dagrun for latest_only_with_trigger to 2023-05-21T10:22:32.663149+00:00, run_after=2023-05-21T14:22:32.663149+00:00
[2023-05-21T19:52:32.752+0530] {processor.py:178} INFO - Processing /home/feuer/.local/lib/python3.10/site-packages/airflow/example_dags/example_latest_only_with_trigger.py took 0.124 seconds
[2023-05-21T19:53:23.222+0530] {processor.py:156} INFO - Started process (PID=26178) to work on /home/feuer/.local/lib/python3.10/site-packages/airflow/example_dags/example_latest_only_with_trigger.py
[2023-05-21T19:53:23.225+0530] {processor.py:799} INFO - Processing file /home/feuer/.local/lib/python3.10/site-packages/airflow/example_dags/example_latest_only_with_trigger.py for tasks to queue
[2023-05-21T19:53:23.225+0530] {logging_mixin.py:149} INFO - [2023-05-21T19:53:23.225+0530] {dagbag.py:541} INFO - Filling up the DagBag from /home/feuer/.local/lib/python3.10/site-packages/airflow/example_dags/example_latest_only_with_trigger.py
[2023-05-21T19:53:23.230+0530] {processor.py:809} INFO - DAG(s) dict_keys(['latest_only_with_trigger']) retrieved from /home/feuer/.local/lib/python3.10/site-packages/airflow/example_dags/example_latest_only_with_trigger.py
[2023-05-21T19:53:23.245+0530] {logging_mixin.py:149} INFO - [2023-05-21T19:53:23.244+0530] {dag.py:2726} INFO - Sync 1 DAGs
[2023-05-21T19:53:23.257+0530] {logging_mixin.py:149} INFO - [2023-05-21T19:53:23.257+0530] {dag.py:3486} INFO - Setting next_dagrun for latest_only_with_trigger to 2023-05-21T10:23:23.257436+00:00, run_after=2023-05-21T14:23:23.257436+00:00
[2023-05-21T19:53:23.427+0530] {processor.py:178} INFO - Processing /home/feuer/.local/lib/python3.10/site-packages/airflow/example_dags/example_latest_only_with_trigger.py took 0.207 seconds
[2023-05-21T19:54:14.064+0530] {processor.py:156} INFO - Started process (PID=26318) to work on /home/feuer/.local/lib/python3.10/site-packages/airflow/example_dags/example_latest_only_with_trigger.py
[2023-05-21T19:54:14.065+0530] {processor.py:799} INFO - Processing file /home/feuer/.local/lib/python3.10/site-packages/airflow/example_dags/example_latest_only_with_trigger.py for tasks to queue
[2023-05-21T19:54:14.065+0530] {logging_mixin.py:149} INFO - [2023-05-21T19:54:14.065+0530] {dagbag.py:541} INFO - Filling up the DagBag from /home/feuer/.local/lib/python3.10/site-packages/airflow/example_dags/example_latest_only_with_trigger.py
[2023-05-21T19:54:14.070+0530] {processor.py:809} INFO - DAG(s) dict_keys(['latest_only_with_trigger']) retrieved from /home/feuer/.local/lib/python3.10/site-packages/airflow/example_dags/example_latest_only_with_trigger.py
[2023-05-21T19:54:14.082+0530] {logging_mixin.py:149} INFO - [2023-05-21T19:54:14.082+0530] {dag.py:2726} INFO - Sync 1 DAGs
[2023-05-21T19:54:14.093+0530] {logging_mixin.py:149} INFO - [2023-05-21T19:54:14.093+0530] {dag.py:3486} INFO - Setting next_dagrun for latest_only_with_trigger to 2023-05-21T10:24:14.092965+00:00, run_after=2023-05-21T14:24:14.092965+00:00
[2023-05-21T19:54:14.199+0530] {processor.py:178} INFO - Processing /home/feuer/.local/lib/python3.10/site-packages/airflow/example_dags/example_latest_only_with_trigger.py took 0.137 seconds
[2023-05-21T19:55:05.335+0530] {processor.py:156} INFO - Started process (PID=26436) to work on /home/feuer/.local/lib/python3.10/site-packages/airflow/example_dags/example_latest_only_with_trigger.py
[2023-05-21T19:55:05.350+0530] {processor.py:799} INFO - Processing file /home/feuer/.local/lib/python3.10/site-packages/airflow/example_dags/example_latest_only_with_trigger.py for tasks to queue
[2023-05-21T19:55:05.351+0530] {logging_mixin.py:149} INFO - [2023-05-21T19:55:05.351+0530] {dagbag.py:541} INFO - Filling up the DagBag from /home/feuer/.local/lib/python3.10/site-packages/airflow/example_dags/example_latest_only_with_trigger.py
[2023-05-21T19:55:05.358+0530] {processor.py:809} INFO - DAG(s) dict_keys(['latest_only_with_trigger']) retrieved from /home/feuer/.local/lib/python3.10/site-packages/airflow/example_dags/example_latest_only_with_trigger.py
[2023-05-21T19:55:05.379+0530] {logging_mixin.py:149} INFO - [2023-05-21T19:55:05.379+0530] {dag.py:2726} INFO - Sync 1 DAGs
[2023-05-21T19:55:05.398+0530] {logging_mixin.py:149} INFO - [2023-05-21T19:55:05.398+0530] {dag.py:3486} INFO - Setting next_dagrun for latest_only_with_trigger to 2023-05-21T10:25:05.398316+00:00, run_after=2023-05-21T14:25:05.398316+00:00
[2023-05-21T19:55:05.488+0530] {processor.py:178} INFO - Processing /home/feuer/.local/lib/python3.10/site-packages/airflow/example_dags/example_latest_only_with_trigger.py took 0.157 seconds
[2023-05-21T19:56:00.345+0530] {processor.py:156} INFO - Started process (PID=26571) to work on /home/feuer/.local/lib/python3.10/site-packages/airflow/example_dags/example_latest_only_with_trigger.py
[2023-05-21T19:56:00.346+0530] {processor.py:799} INFO - Processing file /home/feuer/.local/lib/python3.10/site-packages/airflow/example_dags/example_latest_only_with_trigger.py for tasks to queue
[2023-05-21T19:56:00.347+0530] {logging_mixin.py:149} INFO - [2023-05-21T19:56:00.347+0530] {dagbag.py:541} INFO - Filling up the DagBag from /home/feuer/.local/lib/python3.10/site-packages/airflow/example_dags/example_latest_only_with_trigger.py
[2023-05-21T19:56:00.354+0530] {processor.py:809} INFO - DAG(s) dict_keys(['latest_only_with_trigger']) retrieved from /home/feuer/.local/lib/python3.10/site-packages/airflow/example_dags/example_latest_only_with_trigger.py
[2023-05-21T19:56:00.387+0530] {logging_mixin.py:149} INFO - [2023-05-21T19:56:00.387+0530] {dag.py:2726} INFO - Sync 1 DAGs
[2023-05-21T19:56:00.407+0530] {logging_mixin.py:149} INFO - [2023-05-21T19:56:00.406+0530] {dag.py:3486} INFO - Setting next_dagrun for latest_only_with_trigger to 2023-05-21T10:26:00.406620+00:00, run_after=2023-05-21T14:26:00.406620+00:00
[2023-05-21T19:56:00.494+0530] {processor.py:178} INFO - Processing /home/feuer/.local/lib/python3.10/site-packages/airflow/example_dags/example_latest_only_with_trigger.py took 0.152 seconds
[2023-05-21T19:56:57.891+0530] {processor.py:156} INFO - Started process (PID=26756) to work on /home/feuer/.local/lib/python3.10/site-packages/airflow/example_dags/example_latest_only_with_trigger.py
[2023-05-21T19:56:57.892+0530] {processor.py:799} INFO - Processing file /home/feuer/.local/lib/python3.10/site-packages/airflow/example_dags/example_latest_only_with_trigger.py for tasks to queue
[2023-05-21T19:56:57.892+0530] {logging_mixin.py:149} INFO - [2023-05-21T19:56:57.892+0530] {dagbag.py:541} INFO - Filling up the DagBag from /home/feuer/.local/lib/python3.10/site-packages/airflow/example_dags/example_latest_only_with_trigger.py
[2023-05-21T19:56:57.899+0530] {processor.py:809} INFO - DAG(s) dict_keys(['latest_only_with_trigger']) retrieved from /home/feuer/.local/lib/python3.10/site-packages/airflow/example_dags/example_latest_only_with_trigger.py
[2023-05-21T19:56:57.920+0530] {logging_mixin.py:149} INFO - [2023-05-21T19:56:57.919+0530] {dag.py:2726} INFO - Sync 1 DAGs
[2023-05-21T19:56:57.936+0530] {logging_mixin.py:149} INFO - [2023-05-21T19:56:57.936+0530] {dag.py:3486} INFO - Setting next_dagrun for latest_only_with_trigger to 2023-05-21T10:26:57.936366+00:00, run_after=2023-05-21T14:26:57.936366+00:00
[2023-05-21T19:56:58.021+0530] {processor.py:178} INFO - Processing /home/feuer/.local/lib/python3.10/site-packages/airflow/example_dags/example_latest_only_with_trigger.py took 0.133 seconds
[2023-05-21T19:57:48.413+0530] {processor.py:156} INFO - Started process (PID=26881) to work on /home/feuer/.local/lib/python3.10/site-packages/airflow/example_dags/example_latest_only_with_trigger.py
[2023-05-21T19:57:48.436+0530] {processor.py:799} INFO - Processing file /home/feuer/.local/lib/python3.10/site-packages/airflow/example_dags/example_latest_only_with_trigger.py for tasks to queue
[2023-05-21T19:57:48.437+0530] {logging_mixin.py:149} INFO - [2023-05-21T19:57:48.437+0530] {dagbag.py:541} INFO - Filling up the DagBag from /home/feuer/.local/lib/python3.10/site-packages/airflow/example_dags/example_latest_only_with_trigger.py
[2023-05-21T19:57:48.444+0530] {processor.py:809} INFO - DAG(s) dict_keys(['latest_only_with_trigger']) retrieved from /home/feuer/.local/lib/python3.10/site-packages/airflow/example_dags/example_latest_only_with_trigger.py
[2023-05-21T19:57:48.464+0530] {logging_mixin.py:149} INFO - [2023-05-21T19:57:48.464+0530] {dag.py:2726} INFO - Sync 1 DAGs
[2023-05-21T19:57:48.483+0530] {logging_mixin.py:149} INFO - [2023-05-21T19:57:48.483+0530] {dag.py:3486} INFO - Setting next_dagrun for latest_only_with_trigger to 2023-05-21T10:27:48.483233+00:00, run_after=2023-05-21T14:27:48.483233+00:00
[2023-05-21T19:57:48.605+0530] {processor.py:178} INFO - Processing /home/feuer/.local/lib/python3.10/site-packages/airflow/example_dags/example_latest_only_with_trigger.py took 0.196 seconds
[2023-05-21T19:58:39.875+0530] {processor.py:156} INFO - Started process (PID=27028) to work on /home/feuer/.local/lib/python3.10/site-packages/airflow/example_dags/example_latest_only_with_trigger.py
[2023-05-21T19:58:39.875+0530] {processor.py:799} INFO - Processing file /home/feuer/.local/lib/python3.10/site-packages/airflow/example_dags/example_latest_only_with_trigger.py for tasks to queue
[2023-05-21T19:58:39.876+0530] {logging_mixin.py:149} INFO - [2023-05-21T19:58:39.876+0530] {dagbag.py:541} INFO - Filling up the DagBag from /home/feuer/.local/lib/python3.10/site-packages/airflow/example_dags/example_latest_only_with_trigger.py
[2023-05-21T19:58:39.883+0530] {processor.py:809} INFO - DAG(s) dict_keys(['latest_only_with_trigger']) retrieved from /home/feuer/.local/lib/python3.10/site-packages/airflow/example_dags/example_latest_only_with_trigger.py
[2023-05-21T19:58:39.904+0530] {logging_mixin.py:149} INFO - [2023-05-21T19:58:39.904+0530] {dag.py:2726} INFO - Sync 1 DAGs
[2023-05-21T19:58:39.921+0530] {logging_mixin.py:149} INFO - [2023-05-21T19:58:39.921+0530] {dag.py:3486} INFO - Setting next_dagrun for latest_only_with_trigger to 2023-05-21T10:28:39.921123+00:00, run_after=2023-05-21T14:28:39.921123+00:00
[2023-05-21T19:58:40.019+0530] {processor.py:178} INFO - Processing /home/feuer/.local/lib/python3.10/site-packages/airflow/example_dags/example_latest_only_with_trigger.py took 0.148 seconds
[2023-05-21T19:59:39.954+0530] {processor.py:156} INFO - Started process (PID=27178) to work on /home/feuer/.local/lib/python3.10/site-packages/airflow/example_dags/example_latest_only_with_trigger.py
[2023-05-21T19:59:39.964+0530] {processor.py:799} INFO - Processing file /home/feuer/.local/lib/python3.10/site-packages/airflow/example_dags/example_latest_only_with_trigger.py for tasks to queue
[2023-05-21T19:59:39.965+0530] {logging_mixin.py:149} INFO - [2023-05-21T19:59:39.965+0530] {dagbag.py:541} INFO - Filling up the DagBag from /home/feuer/.local/lib/python3.10/site-packages/airflow/example_dags/example_latest_only_with_trigger.py
[2023-05-21T19:59:39.973+0530] {processor.py:809} INFO - DAG(s) dict_keys(['latest_only_with_trigger']) retrieved from /home/feuer/.local/lib/python3.10/site-packages/airflow/example_dags/example_latest_only_with_trigger.py
[2023-05-21T19:59:39.993+0530] {logging_mixin.py:149} INFO - [2023-05-21T19:59:39.993+0530] {dag.py:2726} INFO - Sync 1 DAGs
[2023-05-21T19:59:40.012+0530] {logging_mixin.py:149} INFO - [2023-05-21T19:59:40.012+0530] {dag.py:3486} INFO - Setting next_dagrun for latest_only_with_trigger to 2023-05-21T10:29:40.012182+00:00, run_after=2023-05-21T14:29:40.012182+00:00
[2023-05-21T19:59:40.104+0530] {processor.py:178} INFO - Processing /home/feuer/.local/lib/python3.10/site-packages/airflow/example_dags/example_latest_only_with_trigger.py took 0.152 seconds
[2023-05-21T20:00:40.117+0530] {processor.py:156} INFO - Started process (PID=27333) to work on /home/feuer/.local/lib/python3.10/site-packages/airflow/example_dags/example_latest_only_with_trigger.py
[2023-05-21T20:00:40.117+0530] {processor.py:799} INFO - Processing file /home/feuer/.local/lib/python3.10/site-packages/airflow/example_dags/example_latest_only_with_trigger.py for tasks to queue
[2023-05-21T20:00:40.118+0530] {logging_mixin.py:149} INFO - [2023-05-21T20:00:40.118+0530] {dagbag.py:541} INFO - Filling up the DagBag from /home/feuer/.local/lib/python3.10/site-packages/airflow/example_dags/example_latest_only_with_trigger.py
[2023-05-21T20:00:40.123+0530] {processor.py:809} INFO - DAG(s) dict_keys(['latest_only_with_trigger']) retrieved from /home/feuer/.local/lib/python3.10/site-packages/airflow/example_dags/example_latest_only_with_trigger.py
[2023-05-21T20:00:40.143+0530] {logging_mixin.py:149} INFO - [2023-05-21T20:00:40.143+0530] {dag.py:2726} INFO - Sync 1 DAGs
[2023-05-21T20:00:40.157+0530] {logging_mixin.py:149} INFO - [2023-05-21T20:00:40.157+0530] {dag.py:3486} INFO - Setting next_dagrun for latest_only_with_trigger to 2023-05-21T10:30:40.157421+00:00, run_after=2023-05-21T14:30:40.157421+00:00
[2023-05-21T20:00:40.246+0530] {processor.py:178} INFO - Processing /home/feuer/.local/lib/python3.10/site-packages/airflow/example_dags/example_latest_only_with_trigger.py took 0.131 seconds
[2023-05-21T20:01:51.214+0530] {processor.py:156} INFO - Started process (PID=27655) to work on /home/feuer/.local/lib/python3.10/site-packages/airflow/example_dags/example_latest_only_with_trigger.py
[2023-05-21T20:01:51.215+0530] {processor.py:799} INFO - Processing file /home/feuer/.local/lib/python3.10/site-packages/airflow/example_dags/example_latest_only_with_trigger.py for tasks to queue
[2023-05-21T20:01:51.216+0530] {logging_mixin.py:149} INFO - [2023-05-21T20:01:51.215+0530] {dagbag.py:541} INFO - Filling up the DagBag from /home/feuer/.local/lib/python3.10/site-packages/airflow/example_dags/example_latest_only_with_trigger.py
[2023-05-21T20:01:51.225+0530] {processor.py:809} INFO - DAG(s) dict_keys(['latest_only_with_trigger']) retrieved from /home/feuer/.local/lib/python3.10/site-packages/airflow/example_dags/example_latest_only_with_trigger.py
[2023-05-21T20:01:51.261+0530] {logging_mixin.py:149} INFO - [2023-05-21T20:01:51.260+0530] {dag.py:2726} INFO - Sync 1 DAGs
[2023-05-21T20:01:51.282+0530] {logging_mixin.py:149} INFO - [2023-05-21T20:01:51.281+0530] {dag.py:3486} INFO - Setting next_dagrun for latest_only_with_trigger to 2023-05-21T10:31:51.281646+00:00, run_after=2023-05-21T14:31:51.281646+00:00
[2023-05-21T20:01:51.563+0530] {processor.py:178} INFO - Processing /home/feuer/.local/lib/python3.10/site-packages/airflow/example_dags/example_latest_only_with_trigger.py took 0.353 seconds
[2023-05-21T20:02:54.693+0530] {processor.py:156} INFO - Started process (PID=27886) to work on /home/feuer/.local/lib/python3.10/site-packages/airflow/example_dags/example_latest_only_with_trigger.py
[2023-05-21T20:02:54.694+0530] {processor.py:799} INFO - Processing file /home/feuer/.local/lib/python3.10/site-packages/airflow/example_dags/example_latest_only_with_trigger.py for tasks to queue
[2023-05-21T20:02:54.695+0530] {logging_mixin.py:149} INFO - [2023-05-21T20:02:54.695+0530] {dagbag.py:541} INFO - Filling up the DagBag from /home/feuer/.local/lib/python3.10/site-packages/airflow/example_dags/example_latest_only_with_trigger.py
[2023-05-21T20:02:54.704+0530] {processor.py:809} INFO - DAG(s) dict_keys(['latest_only_with_trigger']) retrieved from /home/feuer/.local/lib/python3.10/site-packages/airflow/example_dags/example_latest_only_with_trigger.py
[2023-05-21T20:02:54.719+0530] {logging_mixin.py:149} INFO - [2023-05-21T20:02:54.719+0530] {dag.py:2726} INFO - Sync 1 DAGs
[2023-05-21T20:02:54.733+0530] {logging_mixin.py:149} INFO - [2023-05-21T20:02:54.733+0530] {dag.py:3486} INFO - Setting next_dagrun for latest_only_with_trigger to 2023-05-21T10:32:54.733230+00:00, run_after=2023-05-21T14:32:54.733230+00:00
[2023-05-21T20:02:54.833+0530] {processor.py:178} INFO - Processing /home/feuer/.local/lib/python3.10/site-packages/airflow/example_dags/example_latest_only_with_trigger.py took 0.144 seconds
[2023-05-21T20:03:57.053+0530] {processor.py:156} INFO - Started process (PID=28044) to work on /home/feuer/.local/lib/python3.10/site-packages/airflow/example_dags/example_latest_only_with_trigger.py
[2023-05-21T20:03:57.054+0530] {processor.py:799} INFO - Processing file /home/feuer/.local/lib/python3.10/site-packages/airflow/example_dags/example_latest_only_with_trigger.py for tasks to queue
[2023-05-21T20:03:57.055+0530] {logging_mixin.py:149} INFO - [2023-05-21T20:03:57.055+0530] {dagbag.py:541} INFO - Filling up the DagBag from /home/feuer/.local/lib/python3.10/site-packages/airflow/example_dags/example_latest_only_with_trigger.py
[2023-05-21T20:03:57.062+0530] {processor.py:809} INFO - DAG(s) dict_keys(['latest_only_with_trigger']) retrieved from /home/feuer/.local/lib/python3.10/site-packages/airflow/example_dags/example_latest_only_with_trigger.py
[2023-05-21T20:03:57.082+0530] {logging_mixin.py:149} INFO - [2023-05-21T20:03:57.082+0530] {dag.py:2726} INFO - Sync 1 DAGs
[2023-05-21T20:03:57.100+0530] {logging_mixin.py:149} INFO - [2023-05-21T20:03:57.099+0530] {dag.py:3486} INFO - Setting next_dagrun for latest_only_with_trigger to 2023-05-21T10:33:57.099768+00:00, run_after=2023-05-21T14:33:57.099768+00:00
[2023-05-21T20:03:57.194+0530] {processor.py:178} INFO - Processing /home/feuer/.local/lib/python3.10/site-packages/airflow/example_dags/example_latest_only_with_trigger.py took 0.144 seconds
[2023-05-21T20:04:56.475+0530] {processor.py:156} INFO - Started process (PID=28268) to work on /home/feuer/.local/lib/python3.10/site-packages/airflow/example_dags/example_latest_only_with_trigger.py
[2023-05-21T20:04:56.476+0530] {processor.py:799} INFO - Processing file /home/feuer/.local/lib/python3.10/site-packages/airflow/example_dags/example_latest_only_with_trigger.py for tasks to queue
[2023-05-21T20:04:56.477+0530] {logging_mixin.py:149} INFO - [2023-05-21T20:04:56.477+0530] {dagbag.py:541} INFO - Filling up the DagBag from /home/feuer/.local/lib/python3.10/site-packages/airflow/example_dags/example_latest_only_with_trigger.py
[2023-05-21T20:04:56.484+0530] {processor.py:809} INFO - DAG(s) dict_keys(['latest_only_with_trigger']) retrieved from /home/feuer/.local/lib/python3.10/site-packages/airflow/example_dags/example_latest_only_with_trigger.py
[2023-05-21T20:04:56.506+0530] {logging_mixin.py:149} INFO - [2023-05-21T20:04:56.506+0530] {dag.py:2726} INFO - Sync 1 DAGs
[2023-05-21T20:04:56.526+0530] {logging_mixin.py:149} INFO - [2023-05-21T20:04:56.526+0530] {dag.py:3486} INFO - Setting next_dagrun for latest_only_with_trigger to 2023-05-21T10:34:56.526244+00:00, run_after=2023-05-21T14:34:56.526244+00:00
[2023-05-21T20:04:56.610+0530] {processor.py:178} INFO - Processing /home/feuer/.local/lib/python3.10/site-packages/airflow/example_dags/example_latest_only_with_trigger.py took 0.138 seconds
[2023-05-21T20:05:54.829+0530] {processor.py:156} INFO - Started process (PID=28505) to work on /home/feuer/.local/lib/python3.10/site-packages/airflow/example_dags/example_latest_only_with_trigger.py
[2023-05-21T20:05:54.830+0530] {processor.py:799} INFO - Processing file /home/feuer/.local/lib/python3.10/site-packages/airflow/example_dags/example_latest_only_with_trigger.py for tasks to queue
[2023-05-21T20:05:54.830+0530] {logging_mixin.py:149} INFO - [2023-05-21T20:05:54.830+0530] {dagbag.py:541} INFO - Filling up the DagBag from /home/feuer/.local/lib/python3.10/site-packages/airflow/example_dags/example_latest_only_with_trigger.py
[2023-05-21T20:05:54.837+0530] {processor.py:809} INFO - DAG(s) dict_keys(['latest_only_with_trigger']) retrieved from /home/feuer/.local/lib/python3.10/site-packages/airflow/example_dags/example_latest_only_with_trigger.py
[2023-05-21T20:05:54.858+0530] {logging_mixin.py:149} INFO - [2023-05-21T20:05:54.858+0530] {dag.py:2726} INFO - Sync 1 DAGs
[2023-05-21T20:05:54.876+0530] {logging_mixin.py:149} INFO - [2023-05-21T20:05:54.876+0530] {dag.py:3486} INFO - Setting next_dagrun for latest_only_with_trigger to 2023-05-21T10:35:54.875872+00:00, run_after=2023-05-21T14:35:54.875872+00:00
[2023-05-21T20:05:54.960+0530] {processor.py:178} INFO - Processing /home/feuer/.local/lib/python3.10/site-packages/airflow/example_dags/example_latest_only_with_trigger.py took 0.134 seconds
[2023-05-21T20:06:50.275+0530] {processor.py:156} INFO - Started process (PID=28822) to work on /home/feuer/.local/lib/python3.10/site-packages/airflow/example_dags/example_latest_only_with_trigger.py
[2023-05-21T20:06:50.276+0530] {processor.py:799} INFO - Processing file /home/feuer/.local/lib/python3.10/site-packages/airflow/example_dags/example_latest_only_with_trigger.py for tasks to queue
[2023-05-21T20:06:50.276+0530] {logging_mixin.py:149} INFO - [2023-05-21T20:06:50.276+0530] {dagbag.py:541} INFO - Filling up the DagBag from /home/feuer/.local/lib/python3.10/site-packages/airflow/example_dags/example_latest_only_with_trigger.py
[2023-05-21T20:06:50.283+0530] {processor.py:809} INFO - DAG(s) dict_keys(['latest_only_with_trigger']) retrieved from /home/feuer/.local/lib/python3.10/site-packages/airflow/example_dags/example_latest_only_with_trigger.py
[2023-05-21T20:06:50.303+0530] {logging_mixin.py:149} INFO - [2023-05-21T20:06:50.303+0530] {dag.py:2726} INFO - Sync 1 DAGs
[2023-05-21T20:06:50.321+0530] {logging_mixin.py:149} INFO - [2023-05-21T20:06:50.321+0530] {dag.py:3486} INFO - Setting next_dagrun for latest_only_with_trigger to 2023-05-21T10:36:50.321490+00:00, run_after=2023-05-21T14:36:50.321490+00:00
[2023-05-21T20:06:50.415+0530] {processor.py:178} INFO - Processing /home/feuer/.local/lib/python3.10/site-packages/airflow/example_dags/example_latest_only_with_trigger.py took 0.143 seconds
[2023-05-21T20:07:47.376+0530] {processor.py:156} INFO - Started process (PID=28982) to work on /home/feuer/.local/lib/python3.10/site-packages/airflow/example_dags/example_latest_only_with_trigger.py
[2023-05-21T20:07:47.377+0530] {processor.py:799} INFO - Processing file /home/feuer/.local/lib/python3.10/site-packages/airflow/example_dags/example_latest_only_with_trigger.py for tasks to queue
[2023-05-21T20:07:47.377+0530] {logging_mixin.py:149} INFO - [2023-05-21T20:07:47.377+0530] {dagbag.py:541} INFO - Filling up the DagBag from /home/feuer/.local/lib/python3.10/site-packages/airflow/example_dags/example_latest_only_with_trigger.py
[2023-05-21T20:07:47.383+0530] {processor.py:809} INFO - DAG(s) dict_keys(['latest_only_with_trigger']) retrieved from /home/feuer/.local/lib/python3.10/site-packages/airflow/example_dags/example_latest_only_with_trigger.py
[2023-05-21T20:07:47.402+0530] {logging_mixin.py:149} INFO - [2023-05-21T20:07:47.402+0530] {dag.py:2726} INFO - Sync 1 DAGs
[2023-05-21T20:07:47.415+0530] {logging_mixin.py:149} INFO - [2023-05-21T20:07:47.414+0530] {dag.py:3486} INFO - Setting next_dagrun for latest_only_with_trigger to 2023-05-21T10:37:47.414755+00:00, run_after=2023-05-21T14:37:47.414755+00:00
[2023-05-21T20:07:47.554+0530] {processor.py:178} INFO - Processing /home/feuer/.local/lib/python3.10/site-packages/airflow/example_dags/example_latest_only_with_trigger.py took 0.181 seconds
[2023-05-21T20:08:43.928+0530] {processor.py:156} INFO - Started process (PID=29129) to work on /home/feuer/.local/lib/python3.10/site-packages/airflow/example_dags/example_latest_only_with_trigger.py
[2023-05-21T20:08:43.929+0530] {processor.py:799} INFO - Processing file /home/feuer/.local/lib/python3.10/site-packages/airflow/example_dags/example_latest_only_with_trigger.py for tasks to queue
[2023-05-21T20:08:43.930+0530] {logging_mixin.py:149} INFO - [2023-05-21T20:08:43.930+0530] {dagbag.py:541} INFO - Filling up the DagBag from /home/feuer/.local/lib/python3.10/site-packages/airflow/example_dags/example_latest_only_with_trigger.py
[2023-05-21T20:08:43.937+0530] {processor.py:809} INFO - DAG(s) dict_keys(['latest_only_with_trigger']) retrieved from /home/feuer/.local/lib/python3.10/site-packages/airflow/example_dags/example_latest_only_with_trigger.py
[2023-05-21T20:08:43.958+0530] {logging_mixin.py:149} INFO - [2023-05-21T20:08:43.958+0530] {dag.py:2726} INFO - Sync 1 DAGs
[2023-05-21T20:08:43.971+0530] {logging_mixin.py:149} INFO - [2023-05-21T20:08:43.971+0530] {dag.py:3486} INFO - Setting next_dagrun for latest_only_with_trigger to 2023-05-21T10:38:43.971033+00:00, run_after=2023-05-21T14:38:43.971033+00:00
[2023-05-21T20:08:44.038+0530] {processor.py:178} INFO - Processing /home/feuer/.local/lib/python3.10/site-packages/airflow/example_dags/example_latest_only_with_trigger.py took 0.113 seconds
[2023-05-21T20:09:40.984+0530] {processor.py:156} INFO - Started process (PID=29325) to work on /home/feuer/.local/lib/python3.10/site-packages/airflow/example_dags/example_latest_only_with_trigger.py
[2023-05-21T20:09:40.985+0530] {processor.py:799} INFO - Processing file /home/feuer/.local/lib/python3.10/site-packages/airflow/example_dags/example_latest_only_with_trigger.py for tasks to queue
[2023-05-21T20:09:40.985+0530] {logging_mixin.py:149} INFO - [2023-05-21T20:09:40.985+0530] {dagbag.py:541} INFO - Filling up the DagBag from /home/feuer/.local/lib/python3.10/site-packages/airflow/example_dags/example_latest_only_with_trigger.py
[2023-05-21T20:09:40.989+0530] {processor.py:809} INFO - DAG(s) dict_keys(['latest_only_with_trigger']) retrieved from /home/feuer/.local/lib/python3.10/site-packages/airflow/example_dags/example_latest_only_with_trigger.py
[2023-05-21T20:09:41.002+0530] {logging_mixin.py:149} INFO - [2023-05-21T20:09:41.002+0530] {dag.py:2726} INFO - Sync 1 DAGs
[2023-05-21T20:09:41.013+0530] {logging_mixin.py:149} INFO - [2023-05-21T20:09:41.013+0530] {dag.py:3486} INFO - Setting next_dagrun for latest_only_with_trigger to 2023-05-21T10:39:41.012956+00:00, run_after=2023-05-21T14:39:41.012956+00:00
[2023-05-21T20:09:41.095+0530] {processor.py:178} INFO - Processing /home/feuer/.local/lib/python3.10/site-packages/airflow/example_dags/example_latest_only_with_trigger.py took 0.113 seconds
[2023-05-21T20:10:36.397+0530] {processor.py:156} INFO - Started process (PID=29487) to work on /home/feuer/.local/lib/python3.10/site-packages/airflow/example_dags/example_latest_only_with_trigger.py
[2023-05-21T20:10:36.398+0530] {processor.py:799} INFO - Processing file /home/feuer/.local/lib/python3.10/site-packages/airflow/example_dags/example_latest_only_with_trigger.py for tasks to queue
[2023-05-21T20:10:36.398+0530] {logging_mixin.py:149} INFO - [2023-05-21T20:10:36.398+0530] {dagbag.py:541} INFO - Filling up the DagBag from /home/feuer/.local/lib/python3.10/site-packages/airflow/example_dags/example_latest_only_with_trigger.py
[2023-05-21T20:10:36.405+0530] {processor.py:809} INFO - DAG(s) dict_keys(['latest_only_with_trigger']) retrieved from /home/feuer/.local/lib/python3.10/site-packages/airflow/example_dags/example_latest_only_with_trigger.py
[2023-05-21T20:10:36.425+0530] {logging_mixin.py:149} INFO - [2023-05-21T20:10:36.425+0530] {dag.py:2726} INFO - Sync 1 DAGs
[2023-05-21T20:10:36.441+0530] {logging_mixin.py:149} INFO - [2023-05-21T20:10:36.441+0530] {dag.py:3486} INFO - Setting next_dagrun for latest_only_with_trigger to 2023-05-21T10:40:36.441204+00:00, run_after=2023-05-21T14:40:36.441204+00:00
[2023-05-21T20:10:36.536+0530] {processor.py:178} INFO - Processing /home/feuer/.local/lib/python3.10/site-packages/airflow/example_dags/example_latest_only_with_trigger.py took 0.142 seconds
[2023-05-21T20:11:32.939+0530] {processor.py:156} INFO - Started process (PID=29644) to work on /home/feuer/.local/lib/python3.10/site-packages/airflow/example_dags/example_latest_only_with_trigger.py
[2023-05-21T20:11:32.940+0530] {processor.py:799} INFO - Processing file /home/feuer/.local/lib/python3.10/site-packages/airflow/example_dags/example_latest_only_with_trigger.py for tasks to queue
[2023-05-21T20:11:32.941+0530] {logging_mixin.py:149} INFO - [2023-05-21T20:11:32.940+0530] {dagbag.py:541} INFO - Filling up the DagBag from /home/feuer/.local/lib/python3.10/site-packages/airflow/example_dags/example_latest_only_with_trigger.py
[2023-05-21T20:11:32.948+0530] {processor.py:809} INFO - DAG(s) dict_keys(['latest_only_with_trigger']) retrieved from /home/feuer/.local/lib/python3.10/site-packages/airflow/example_dags/example_latest_only_with_trigger.py
[2023-05-21T20:11:32.969+0530] {logging_mixin.py:149} INFO - [2023-05-21T20:11:32.969+0530] {dag.py:2726} INFO - Sync 1 DAGs
[2023-05-21T20:11:32.985+0530] {logging_mixin.py:149} INFO - [2023-05-21T20:11:32.985+0530] {dag.py:3486} INFO - Setting next_dagrun for latest_only_with_trigger to 2023-05-21T10:41:32.985245+00:00, run_after=2023-05-21T14:41:32.985245+00:00
[2023-05-21T20:11:33.074+0530] {processor.py:178} INFO - Processing /home/feuer/.local/lib/python3.10/site-packages/airflow/example_dags/example_latest_only_with_trigger.py took 0.138 seconds
[2023-05-21T20:12:29.448+0530] {processor.py:156} INFO - Started process (PID=29825) to work on /home/feuer/.local/lib/python3.10/site-packages/airflow/example_dags/example_latest_only_with_trigger.py
[2023-05-21T20:12:29.449+0530] {processor.py:799} INFO - Processing file /home/feuer/.local/lib/python3.10/site-packages/airflow/example_dags/example_latest_only_with_trigger.py for tasks to queue
[2023-05-21T20:12:29.450+0530] {logging_mixin.py:149} INFO - [2023-05-21T20:12:29.450+0530] {dagbag.py:541} INFO - Filling up the DagBag from /home/feuer/.local/lib/python3.10/site-packages/airflow/example_dags/example_latest_only_with_trigger.py
[2023-05-21T20:12:29.457+0530] {processor.py:809} INFO - DAG(s) dict_keys(['latest_only_with_trigger']) retrieved from /home/feuer/.local/lib/python3.10/site-packages/airflow/example_dags/example_latest_only_with_trigger.py
[2023-05-21T20:12:29.478+0530] {logging_mixin.py:149} INFO - [2023-05-21T20:12:29.478+0530] {dag.py:2726} INFO - Sync 1 DAGs
[2023-05-21T20:12:29.495+0530] {logging_mixin.py:149} INFO - [2023-05-21T20:12:29.495+0530] {dag.py:3486} INFO - Setting next_dagrun for latest_only_with_trigger to 2023-05-21T10:42:29.495392+00:00, run_after=2023-05-21T14:42:29.495392+00:00
[2023-05-21T20:12:29.578+0530] {processor.py:178} INFO - Processing /home/feuer/.local/lib/python3.10/site-packages/airflow/example_dags/example_latest_only_with_trigger.py took 0.132 seconds
[2023-05-21T16:58:34.903+0530] {processor.py:156} INFO - Started process (PID=55899) to work on /home/feuer/.local/lib/python3.10/site-packages/airflow/example_dags/example_latest_only_with_trigger.py
[2023-05-21T16:58:34.937+0530] {processor.py:799} INFO - Processing file /home/feuer/.local/lib/python3.10/site-packages/airflow/example_dags/example_latest_only_with_trigger.py for tasks to queue
[2023-05-21T16:58:34.938+0530] {logging_mixin.py:149} INFO - [2023-05-21T16:58:34.937+0530] {dagbag.py:541} INFO - Filling up the DagBag from /home/feuer/.local/lib/python3.10/site-packages/airflow/example_dags/example_latest_only_with_trigger.py
[2023-05-21T16:58:34.963+0530] {processor.py:809} INFO - DAG(s) dict_keys(['latest_only_with_trigger']) retrieved from /home/feuer/.local/lib/python3.10/site-packages/airflow/example_dags/example_latest_only_with_trigger.py
[2023-05-21T16:58:35.086+0530] {logging_mixin.py:149} INFO - [2023-05-21T16:58:35.086+0530] {dag.py:2726} INFO - Sync 1 DAGs
[2023-05-21T16:58:35.096+0530] {logging_mixin.py:149} INFO - [2023-05-21T16:58:35.096+0530] {dag.py:3486} INFO - Setting next_dagrun for latest_only_with_trigger to 2023-05-21T07:28:35.096175+00:00, run_after=2023-05-21T11:28:35.096175+00:00
[2023-05-21T16:58:35.270+0530] {processor.py:178} INFO - Processing /home/feuer/.local/lib/python3.10/site-packages/airflow/example_dags/example_latest_only_with_trigger.py took 0.369 seconds
[2023-05-21T17:00:12.058+0530] {processor.py:156} INFO - Started process (PID=56119) to work on /home/feuer/.local/lib/python3.10/site-packages/airflow/example_dags/example_latest_only_with_trigger.py
[2023-05-21T17:00:12.086+0530] {processor.py:799} INFO - Processing file /home/feuer/.local/lib/python3.10/site-packages/airflow/example_dags/example_latest_only_with_trigger.py for tasks to queue
[2023-05-21T17:00:12.086+0530] {logging_mixin.py:149} INFO - [2023-05-21T17:00:12.086+0530] {dagbag.py:541} INFO - Filling up the DagBag from /home/feuer/.local/lib/python3.10/site-packages/airflow/example_dags/example_latest_only_with_trigger.py
[2023-05-21T17:00:12.092+0530] {processor.py:809} INFO - DAG(s) dict_keys(['latest_only_with_trigger']) retrieved from /home/feuer/.local/lib/python3.10/site-packages/airflow/example_dags/example_latest_only_with_trigger.py
[2023-05-21T17:00:12.108+0530] {logging_mixin.py:149} INFO - [2023-05-21T17:00:12.107+0530] {dag.py:2726} INFO - Sync 1 DAGs
[2023-05-21T17:00:12.120+0530] {logging_mixin.py:149} INFO - [2023-05-21T17:00:12.120+0530] {dag.py:3486} INFO - Setting next_dagrun for latest_only_with_trigger to 2023-05-21T07:30:12.120400+00:00, run_after=2023-05-21T11:30:12.120400+00:00
[2023-05-21T17:00:12.371+0530] {processor.py:178} INFO - Processing /home/feuer/.local/lib/python3.10/site-packages/airflow/example_dags/example_latest_only_with_trigger.py took 0.314 seconds
[2023-05-21T17:01:36.747+0530] {processor.py:156} INFO - Started process (PID=56376) to work on /home/feuer/.local/lib/python3.10/site-packages/airflow/example_dags/example_latest_only_with_trigger.py
[2023-05-21T17:01:36.893+0530] {processor.py:799} INFO - Processing file /home/feuer/.local/lib/python3.10/site-packages/airflow/example_dags/example_latest_only_with_trigger.py for tasks to queue
[2023-05-21T17:01:36.894+0530] {logging_mixin.py:149} INFO - [2023-05-21T17:01:36.894+0530] {dagbag.py:541} INFO - Filling up the DagBag from /home/feuer/.local/lib/python3.10/site-packages/airflow/example_dags/example_latest_only_with_trigger.py
[2023-05-21T17:01:36.899+0530] {processor.py:809} INFO - DAG(s) dict_keys(['latest_only_with_trigger']) retrieved from /home/feuer/.local/lib/python3.10/site-packages/airflow/example_dags/example_latest_only_with_trigger.py
[2023-05-21T17:01:36.913+0530] {logging_mixin.py:149} INFO - [2023-05-21T17:01:36.913+0530] {dag.py:2726} INFO - Sync 1 DAGs
[2023-05-21T17:01:36.925+0530] {logging_mixin.py:149} INFO - [2023-05-21T17:01:36.925+0530] {dag.py:3486} INFO - Setting next_dagrun for latest_only_with_trigger to 2023-05-21T07:31:36.925226+00:00, run_after=2023-05-21T11:31:36.925226+00:00
[2023-05-21T17:01:37.364+0530] {processor.py:178} INFO - Processing /home/feuer/.local/lib/python3.10/site-packages/airflow/example_dags/example_latest_only_with_trigger.py took 0.619 seconds
[2023-05-21T17:02:54.731+0530] {processor.py:156} INFO - Started process (PID=56632) to work on /home/feuer/.local/lib/python3.10/site-packages/airflow/example_dags/example_latest_only_with_trigger.py
[2023-05-21T17:02:54.731+0530] {processor.py:799} INFO - Processing file /home/feuer/.local/lib/python3.10/site-packages/airflow/example_dags/example_latest_only_with_trigger.py for tasks to queue
[2023-05-21T17:02:54.732+0530] {logging_mixin.py:149} INFO - [2023-05-21T17:02:54.732+0530] {dagbag.py:541} INFO - Filling up the DagBag from /home/feuer/.local/lib/python3.10/site-packages/airflow/example_dags/example_latest_only_with_trigger.py
[2023-05-21T17:02:54.737+0530] {processor.py:809} INFO - DAG(s) dict_keys(['latest_only_with_trigger']) retrieved from /home/feuer/.local/lib/python3.10/site-packages/airflow/example_dags/example_latest_only_with_trigger.py
[2023-05-21T17:02:54.749+0530] {logging_mixin.py:149} INFO - [2023-05-21T17:02:54.749+0530] {dag.py:2726} INFO - Sync 1 DAGs
[2023-05-21T17:02:54.761+0530] {logging_mixin.py:149} INFO - [2023-05-21T17:02:54.760+0530] {dag.py:3486} INFO - Setting next_dagrun for latest_only_with_trigger to 2023-05-21T07:32:54.760713+00:00, run_after=2023-05-21T11:32:54.760713+00:00
[2023-05-21T17:02:54.842+0530] {processor.py:178} INFO - Processing /home/feuer/.local/lib/python3.10/site-packages/airflow/example_dags/example_latest_only_with_trigger.py took 0.114 seconds
[2023-05-21T17:03:48.367+0530] {processor.py:156} INFO - Started process (PID=56747) to work on /home/feuer/.local/lib/python3.10/site-packages/airflow/example_dags/example_latest_only_with_trigger.py
[2023-05-21T17:03:48.378+0530] {processor.py:799} INFO - Processing file /home/feuer/.local/lib/python3.10/site-packages/airflow/example_dags/example_latest_only_with_trigger.py for tasks to queue
[2023-05-21T17:03:48.379+0530] {logging_mixin.py:149} INFO - [2023-05-21T17:03:48.379+0530] {dagbag.py:541} INFO - Filling up the DagBag from /home/feuer/.local/lib/python3.10/site-packages/airflow/example_dags/example_latest_only_with_trigger.py
[2023-05-21T17:03:48.385+0530] {processor.py:809} INFO - DAG(s) dict_keys(['latest_only_with_trigger']) retrieved from /home/feuer/.local/lib/python3.10/site-packages/airflow/example_dags/example_latest_only_with_trigger.py
[2023-05-21T17:03:48.405+0530] {logging_mixin.py:149} INFO - [2023-05-21T17:03:48.405+0530] {dag.py:2726} INFO - Sync 1 DAGs
[2023-05-21T17:03:48.424+0530] {logging_mixin.py:149} INFO - [2023-05-21T17:03:48.424+0530] {dag.py:3486} INFO - Setting next_dagrun for latest_only_with_trigger to 2023-05-21T07:33:48.424381+00:00, run_after=2023-05-21T11:33:48.424381+00:00
[2023-05-21T17:03:48.504+0530] {processor.py:178} INFO - Processing /home/feuer/.local/lib/python3.10/site-packages/airflow/example_dags/example_latest_only_with_trigger.py took 0.139 seconds
[2023-05-21T17:04:41.497+0530] {processor.py:156} INFO - Started process (PID=56886) to work on /home/feuer/.local/lib/python3.10/site-packages/airflow/example_dags/example_latest_only_with_trigger.py
[2023-05-21T17:04:41.507+0530] {processor.py:799} INFO - Processing file /home/feuer/.local/lib/python3.10/site-packages/airflow/example_dags/example_latest_only_with_trigger.py for tasks to queue
[2023-05-21T17:04:41.508+0530] {logging_mixin.py:149} INFO - [2023-05-21T17:04:41.507+0530] {dagbag.py:541} INFO - Filling up the DagBag from /home/feuer/.local/lib/python3.10/site-packages/airflow/example_dags/example_latest_only_with_trigger.py
[2023-05-21T17:04:41.511+0530] {processor.py:809} INFO - DAG(s) dict_keys(['latest_only_with_trigger']) retrieved from /home/feuer/.local/lib/python3.10/site-packages/airflow/example_dags/example_latest_only_with_trigger.py
[2023-05-21T17:04:41.523+0530] {logging_mixin.py:149} INFO - [2023-05-21T17:04:41.523+0530] {dag.py:2726} INFO - Sync 1 DAGs
[2023-05-21T17:04:41.533+0530] {logging_mixin.py:149} INFO - [2023-05-21T17:04:41.533+0530] {dag.py:3486} INFO - Setting next_dagrun for latest_only_with_trigger to 2023-05-21T07:34:41.533628+00:00, run_after=2023-05-21T11:34:41.533628+00:00
[2023-05-21T17:04:41.626+0530] {processor.py:178} INFO - Processing /home/feuer/.local/lib/python3.10/site-packages/airflow/example_dags/example_latest_only_with_trigger.py took 0.131 seconds
[2023-05-21T17:05:48.853+0530] {processor.py:156} INFO - Started process (PID=57025) to work on /home/feuer/.local/lib/python3.10/site-packages/airflow/example_dags/example_latest_only_with_trigger.py
[2023-05-21T17:05:48.854+0530] {processor.py:799} INFO - Processing file /home/feuer/.local/lib/python3.10/site-packages/airflow/example_dags/example_latest_only_with_trigger.py for tasks to queue
[2023-05-21T17:05:48.854+0530] {logging_mixin.py:149} INFO - [2023-05-21T17:05:48.854+0530] {dagbag.py:541} INFO - Filling up the DagBag from /home/feuer/.local/lib/python3.10/site-packages/airflow/example_dags/example_latest_only_with_trigger.py
[2023-05-21T17:05:48.860+0530] {processor.py:809} INFO - DAG(s) dict_keys(['latest_only_with_trigger']) retrieved from /home/feuer/.local/lib/python3.10/site-packages/airflow/example_dags/example_latest_only_with_trigger.py
[2023-05-21T17:05:48.873+0530] {logging_mixin.py:149} INFO - [2023-05-21T17:05:48.873+0530] {dag.py:2726} INFO - Sync 1 DAGs
[2023-05-21T17:05:48.884+0530] {logging_mixin.py:149} INFO - [2023-05-21T17:05:48.884+0530] {dag.py:3486} INFO - Setting next_dagrun for latest_only_with_trigger to 2023-05-21T07:35:48.883908+00:00, run_after=2023-05-21T11:35:48.883908+00:00
[2023-05-21T17:05:48.967+0530] {processor.py:178} INFO - Processing /home/feuer/.local/lib/python3.10/site-packages/airflow/example_dags/example_latest_only_with_trigger.py took 0.117 seconds
[2023-05-21T17:06:55.833+0530] {processor.py:156} INFO - Started process (PID=57198) to work on /home/feuer/.local/lib/python3.10/site-packages/airflow/example_dags/example_latest_only_with_trigger.py
[2023-05-21T17:06:55.847+0530] {processor.py:799} INFO - Processing file /home/feuer/.local/lib/python3.10/site-packages/airflow/example_dags/example_latest_only_with_trigger.py for tasks to queue
[2023-05-21T17:06:55.848+0530] {logging_mixin.py:149} INFO - [2023-05-21T17:06:55.848+0530] {dagbag.py:541} INFO - Filling up the DagBag from /home/feuer/.local/lib/python3.10/site-packages/airflow/example_dags/example_latest_only_with_trigger.py
[2023-05-21T17:06:55.851+0530] {processor.py:809} INFO - DAG(s) dict_keys(['latest_only_with_trigger']) retrieved from /home/feuer/.local/lib/python3.10/site-packages/airflow/example_dags/example_latest_only_with_trigger.py
[2023-05-21T17:06:55.863+0530] {logging_mixin.py:149} INFO - [2023-05-21T17:06:55.863+0530] {dag.py:2726} INFO - Sync 1 DAGs
[2023-05-21T17:06:55.873+0530] {logging_mixin.py:149} INFO - [2023-05-21T17:06:55.873+0530] {dag.py:3486} INFO - Setting next_dagrun for latest_only_with_trigger to 2023-05-21T07:36:55.873641+00:00, run_after=2023-05-21T11:36:55.873641+00:00
[2023-05-21T17:06:55.965+0530] {processor.py:178} INFO - Processing /home/feuer/.local/lib/python3.10/site-packages/airflow/example_dags/example_latest_only_with_trigger.py took 0.134 seconds
[2023-05-21T17:08:02.276+0530] {processor.py:156} INFO - Started process (PID=57352) to work on /home/feuer/.local/lib/python3.10/site-packages/airflow/example_dags/example_latest_only_with_trigger.py
[2023-05-21T17:08:02.292+0530] {processor.py:799} INFO - Processing file /home/feuer/.local/lib/python3.10/site-packages/airflow/example_dags/example_latest_only_with_trigger.py for tasks to queue
[2023-05-21T17:08:02.293+0530] {logging_mixin.py:149} INFO - [2023-05-21T17:08:02.293+0530] {dagbag.py:541} INFO - Filling up the DagBag from /home/feuer/.local/lib/python3.10/site-packages/airflow/example_dags/example_latest_only_with_trigger.py
[2023-05-21T17:08:02.296+0530] {processor.py:809} INFO - DAG(s) dict_keys(['latest_only_with_trigger']) retrieved from /home/feuer/.local/lib/python3.10/site-packages/airflow/example_dags/example_latest_only_with_trigger.py
[2023-05-21T17:08:02.308+0530] {logging_mixin.py:149} INFO - [2023-05-21T17:08:02.308+0530] {dag.py:2726} INFO - Sync 1 DAGs
[2023-05-21T17:08:02.318+0530] {logging_mixin.py:149} INFO - [2023-05-21T17:08:02.318+0530] {dag.py:3486} INFO - Setting next_dagrun for latest_only_with_trigger to 2023-05-21T07:38:02.318713+00:00, run_after=2023-05-21T11:38:02.318713+00:00
[2023-05-21T17:08:02.441+0530] {processor.py:178} INFO - Processing /home/feuer/.local/lib/python3.10/site-packages/airflow/example_dags/example_latest_only_with_trigger.py took 0.167 seconds
[2023-05-21T17:09:12.057+0530] {processor.py:156} INFO - Started process (PID=57565) to work on /home/feuer/.local/lib/python3.10/site-packages/airflow/example_dags/example_latest_only_with_trigger.py
[2023-05-21T17:09:12.058+0530] {processor.py:799} INFO - Processing file /home/feuer/.local/lib/python3.10/site-packages/airflow/example_dags/example_latest_only_with_trigger.py for tasks to queue
[2023-05-21T17:09:12.059+0530] {logging_mixin.py:149} INFO - [2023-05-21T17:09:12.059+0530] {dagbag.py:541} INFO - Filling up the DagBag from /home/feuer/.local/lib/python3.10/site-packages/airflow/example_dags/example_latest_only_with_trigger.py
[2023-05-21T17:09:12.064+0530] {processor.py:809} INFO - DAG(s) dict_keys(['latest_only_with_trigger']) retrieved from /home/feuer/.local/lib/python3.10/site-packages/airflow/example_dags/example_latest_only_with_trigger.py
[2023-05-21T17:09:12.078+0530] {logging_mixin.py:149} INFO - [2023-05-21T17:09:12.078+0530] {dag.py:2726} INFO - Sync 1 DAGs
[2023-05-21T17:09:12.090+0530] {logging_mixin.py:149} INFO - [2023-05-21T17:09:12.090+0530] {dag.py:3486} INFO - Setting next_dagrun for latest_only_with_trigger to 2023-05-21T07:39:12.089868+00:00, run_after=2023-05-21T11:39:12.089868+00:00
[2023-05-21T17:09:12.164+0530] {processor.py:178} INFO - Processing /home/feuer/.local/lib/python3.10/site-packages/airflow/example_dags/example_latest_only_with_trigger.py took 0.109 seconds
[2023-05-21T17:10:19.197+0530] {processor.py:156} INFO - Started process (PID=57713) to work on /home/feuer/.local/lib/python3.10/site-packages/airflow/example_dags/example_latest_only_with_trigger.py
[2023-05-21T17:10:19.210+0530] {processor.py:799} INFO - Processing file /home/feuer/.local/lib/python3.10/site-packages/airflow/example_dags/example_latest_only_with_trigger.py for tasks to queue
[2023-05-21T17:10:19.210+0530] {logging_mixin.py:149} INFO - [2023-05-21T17:10:19.210+0530] {dagbag.py:541} INFO - Filling up the DagBag from /home/feuer/.local/lib/python3.10/site-packages/airflow/example_dags/example_latest_only_with_trigger.py
[2023-05-21T17:10:19.214+0530] {processor.py:809} INFO - DAG(s) dict_keys(['latest_only_with_trigger']) retrieved from /home/feuer/.local/lib/python3.10/site-packages/airflow/example_dags/example_latest_only_with_trigger.py
[2023-05-21T17:10:19.225+0530] {logging_mixin.py:149} INFO - [2023-05-21T17:10:19.225+0530] {dag.py:2726} INFO - Sync 1 DAGs
[2023-05-21T17:10:19.236+0530] {logging_mixin.py:149} INFO - [2023-05-21T17:10:19.236+0530] {dag.py:3486} INFO - Setting next_dagrun for latest_only_with_trigger to 2023-05-21T07:40:19.236155+00:00, run_after=2023-05-21T11:40:19.236155+00:00
[2023-05-21T17:10:19.342+0530] {processor.py:178} INFO - Processing /home/feuer/.local/lib/python3.10/site-packages/airflow/example_dags/example_latest_only_with_trigger.py took 0.148 seconds
[2023-05-21T17:11:29.465+0530] {processor.py:156} INFO - Started process (PID=57893) to work on /home/feuer/.local/lib/python3.10/site-packages/airflow/example_dags/example_latest_only_with_trigger.py
[2023-05-21T17:11:29.473+0530] {processor.py:799} INFO - Processing file /home/feuer/.local/lib/python3.10/site-packages/airflow/example_dags/example_latest_only_with_trigger.py for tasks to queue
[2023-05-21T17:11:29.473+0530] {logging_mixin.py:149} INFO - [2023-05-21T17:11:29.473+0530] {dagbag.py:541} INFO - Filling up the DagBag from /home/feuer/.local/lib/python3.10/site-packages/airflow/example_dags/example_latest_only_with_trigger.py
[2023-05-21T17:11:29.478+0530] {processor.py:809} INFO - DAG(s) dict_keys(['latest_only_with_trigger']) retrieved from /home/feuer/.local/lib/python3.10/site-packages/airflow/example_dags/example_latest_only_with_trigger.py
[2023-05-21T17:11:29.492+0530] {logging_mixin.py:149} INFO - [2023-05-21T17:11:29.492+0530] {dag.py:2726} INFO - Sync 1 DAGs
[2023-05-21T17:11:29.504+0530] {logging_mixin.py:149} INFO - [2023-05-21T17:11:29.504+0530] {dag.py:3486} INFO - Setting next_dagrun for latest_only_with_trigger to 2023-05-21T07:41:29.503930+00:00, run_after=2023-05-21T11:41:29.503930+00:00
[2023-05-21T17:11:29.597+0530] {processor.py:178} INFO - Processing /home/feuer/.local/lib/python3.10/site-packages/airflow/example_dags/example_latest_only_with_trigger.py took 0.135 seconds
[2023-05-21T17:12:39.977+0530] {processor.py:156} INFO - Started process (PID=58051) to work on /home/feuer/.local/lib/python3.10/site-packages/airflow/example_dags/example_latest_only_with_trigger.py
[2023-05-21T17:12:39.978+0530] {processor.py:799} INFO - Processing file /home/feuer/.local/lib/python3.10/site-packages/airflow/example_dags/example_latest_only_with_trigger.py for tasks to queue
[2023-05-21T17:12:39.978+0530] {logging_mixin.py:149} INFO - [2023-05-21T17:12:39.978+0530] {dagbag.py:541} INFO - Filling up the DagBag from /home/feuer/.local/lib/python3.10/site-packages/airflow/example_dags/example_latest_only_with_trigger.py
[2023-05-21T17:12:39.984+0530] {processor.py:809} INFO - DAG(s) dict_keys(['latest_only_with_trigger']) retrieved from /home/feuer/.local/lib/python3.10/site-packages/airflow/example_dags/example_latest_only_with_trigger.py
[2023-05-21T17:12:39.997+0530] {logging_mixin.py:149} INFO - [2023-05-21T17:12:39.997+0530] {dag.py:2726} INFO - Sync 1 DAGs
[2023-05-21T17:12:40.008+0530] {logging_mixin.py:149} INFO - [2023-05-21T17:12:40.008+0530] {dag.py:3486} INFO - Setting next_dagrun for latest_only_with_trigger to 2023-05-21T07:42:40.008221+00:00, run_after=2023-05-21T11:42:40.008221+00:00
[2023-05-21T17:12:40.098+0530] {processor.py:178} INFO - Processing /home/feuer/.local/lib/python3.10/site-packages/airflow/example_dags/example_latest_only_with_trigger.py took 0.124 seconds
[2023-05-21T17:13:43.910+0530] {processor.py:156} INFO - Started process (PID=58234) to work on /home/feuer/.local/lib/python3.10/site-packages/airflow/example_dags/example_latest_only_with_trigger.py
[2023-05-21T17:13:43.911+0530] {processor.py:799} INFO - Processing file /home/feuer/.local/lib/python3.10/site-packages/airflow/example_dags/example_latest_only_with_trigger.py for tasks to queue
[2023-05-21T17:13:43.911+0530] {logging_mixin.py:149} INFO - [2023-05-21T17:13:43.911+0530] {dagbag.py:541} INFO - Filling up the DagBag from /home/feuer/.local/lib/python3.10/site-packages/airflow/example_dags/example_latest_only_with_trigger.py
[2023-05-21T17:13:43.917+0530] {processor.py:809} INFO - DAG(s) dict_keys(['latest_only_with_trigger']) retrieved from /home/feuer/.local/lib/python3.10/site-packages/airflow/example_dags/example_latest_only_with_trigger.py
[2023-05-21T17:13:43.930+0530] {logging_mixin.py:149} INFO - [2023-05-21T17:13:43.930+0530] {dag.py:2726} INFO - Sync 1 DAGs
[2023-05-21T17:13:43.941+0530] {logging_mixin.py:149} INFO - [2023-05-21T17:13:43.941+0530] {dag.py:3486} INFO - Setting next_dagrun for latest_only_with_trigger to 2023-05-21T07:43:43.941255+00:00, run_after=2023-05-21T11:43:43.941255+00:00
[2023-05-21T17:13:44.016+0530] {processor.py:178} INFO - Processing /home/feuer/.local/lib/python3.10/site-packages/airflow/example_dags/example_latest_only_with_trigger.py took 0.109 seconds
[2023-05-21T17:14:53.149+0530] {processor.py:156} INFO - Started process (PID=58395) to work on /home/feuer/.local/lib/python3.10/site-packages/airflow/example_dags/example_latest_only_with_trigger.py
[2023-05-21T17:14:53.163+0530] {processor.py:799} INFO - Processing file /home/feuer/.local/lib/python3.10/site-packages/airflow/example_dags/example_latest_only_with_trigger.py for tasks to queue
[2023-05-21T17:14:53.163+0530] {logging_mixin.py:149} INFO - [2023-05-21T17:14:53.163+0530] {dagbag.py:541} INFO - Filling up the DagBag from /home/feuer/.local/lib/python3.10/site-packages/airflow/example_dags/example_latest_only_with_trigger.py
[2023-05-21T17:14:53.167+0530] {processor.py:809} INFO - DAG(s) dict_keys(['latest_only_with_trigger']) retrieved from /home/feuer/.local/lib/python3.10/site-packages/airflow/example_dags/example_latest_only_with_trigger.py
[2023-05-21T17:14:53.178+0530] {logging_mixin.py:149} INFO - [2023-05-21T17:14:53.178+0530] {dag.py:2726} INFO - Sync 1 DAGs
[2023-05-21T17:14:53.189+0530] {logging_mixin.py:149} INFO - [2023-05-21T17:14:53.189+0530] {dag.py:3486} INFO - Setting next_dagrun for latest_only_with_trigger to 2023-05-21T07:44:53.189521+00:00, run_after=2023-05-21T11:44:53.189521+00:00
[2023-05-21T17:14:53.282+0530] {processor.py:178} INFO - Processing /home/feuer/.local/lib/python3.10/site-packages/airflow/example_dags/example_latest_only_with_trigger.py took 0.134 seconds
[2023-05-21T17:15:43.352+0530] {processor.py:156} INFO - Started process (PID=58511) to work on /home/feuer/.local/lib/python3.10/site-packages/airflow/example_dags/example_latest_only_with_trigger.py
[2023-05-21T17:15:43.353+0530] {processor.py:799} INFO - Processing file /home/feuer/.local/lib/python3.10/site-packages/airflow/example_dags/example_latest_only_with_trigger.py for tasks to queue
[2023-05-21T17:15:43.353+0530] {logging_mixin.py:149} INFO - [2023-05-21T17:15:43.353+0530] {dagbag.py:541} INFO - Filling up the DagBag from /home/feuer/.local/lib/python3.10/site-packages/airflow/example_dags/example_latest_only_with_trigger.py
[2023-05-21T17:15:43.359+0530] {processor.py:809} INFO - DAG(s) dict_keys(['latest_only_with_trigger']) retrieved from /home/feuer/.local/lib/python3.10/site-packages/airflow/example_dags/example_latest_only_with_trigger.py
[2023-05-21T17:15:43.378+0530] {logging_mixin.py:149} INFO - [2023-05-21T17:15:43.378+0530] {dag.py:2726} INFO - Sync 1 DAGs
[2023-05-21T17:15:43.396+0530] {logging_mixin.py:149} INFO - [2023-05-21T17:15:43.396+0530] {dag.py:3486} INFO - Setting next_dagrun for latest_only_with_trigger to 2023-05-21T07:45:43.396413+00:00, run_after=2023-05-21T11:45:43.396413+00:00
[2023-05-21T17:15:43.490+0530] {processor.py:178} INFO - Processing /home/feuer/.local/lib/python3.10/site-packages/airflow/example_dags/example_latest_only_with_trigger.py took 0.141 seconds
[2023-05-21T17:16:52.311+0530] {processor.py:156} INFO - Started process (PID=58686) to work on /home/feuer/.local/lib/python3.10/site-packages/airflow/example_dags/example_latest_only_with_trigger.py
[2023-05-21T17:16:52.312+0530] {processor.py:799} INFO - Processing file /home/feuer/.local/lib/python3.10/site-packages/airflow/example_dags/example_latest_only_with_trigger.py for tasks to queue
[2023-05-21T17:16:52.312+0530] {logging_mixin.py:149} INFO - [2023-05-21T17:16:52.312+0530] {dagbag.py:541} INFO - Filling up the DagBag from /home/feuer/.local/lib/python3.10/site-packages/airflow/example_dags/example_latest_only_with_trigger.py
[2023-05-21T17:16:52.318+0530] {processor.py:809} INFO - DAG(s) dict_keys(['latest_only_with_trigger']) retrieved from /home/feuer/.local/lib/python3.10/site-packages/airflow/example_dags/example_latest_only_with_trigger.py
[2023-05-21T17:16:52.337+0530] {logging_mixin.py:149} INFO - [2023-05-21T17:16:52.337+0530] {dag.py:2726} INFO - Sync 1 DAGs
[2023-05-21T17:16:52.355+0530] {logging_mixin.py:149} INFO - [2023-05-21T17:16:52.355+0530] {dag.py:3486} INFO - Setting next_dagrun for latest_only_with_trigger to 2023-05-21T07:46:52.355506+00:00, run_after=2023-05-21T11:46:52.355506+00:00
[2023-05-21T17:16:52.430+0530] {processor.py:178} INFO - Processing /home/feuer/.local/lib/python3.10/site-packages/airflow/example_dags/example_latest_only_with_trigger.py took 0.121 seconds
[2023-05-21T17:17:40.918+0530] {processor.py:156} INFO - Started process (PID=58802) to work on /home/feuer/.local/lib/python3.10/site-packages/airflow/example_dags/example_latest_only_with_trigger.py
[2023-05-21T17:17:40.918+0530] {processor.py:799} INFO - Processing file /home/feuer/.local/lib/python3.10/site-packages/airflow/example_dags/example_latest_only_with_trigger.py for tasks to queue
[2023-05-21T17:17:40.919+0530] {logging_mixin.py:149} INFO - [2023-05-21T17:17:40.919+0530] {dagbag.py:541} INFO - Filling up the DagBag from /home/feuer/.local/lib/python3.10/site-packages/airflow/example_dags/example_latest_only_with_trigger.py
[2023-05-21T17:17:40.925+0530] {processor.py:809} INFO - DAG(s) dict_keys(['latest_only_with_trigger']) retrieved from /home/feuer/.local/lib/python3.10/site-packages/airflow/example_dags/example_latest_only_with_trigger.py
[2023-05-21T17:17:40.944+0530] {logging_mixin.py:149} INFO - [2023-05-21T17:17:40.944+0530] {dag.py:2726} INFO - Sync 1 DAGs
[2023-05-21T17:17:40.962+0530] {logging_mixin.py:149} INFO - [2023-05-21T17:17:40.961+0530] {dag.py:3486} INFO - Setting next_dagrun for latest_only_with_trigger to 2023-05-21T07:47:40.961770+00:00, run_after=2023-05-21T11:47:40.961770+00:00
[2023-05-21T17:17:41.046+0530] {processor.py:178} INFO - Processing /home/feuer/.local/lib/python3.10/site-packages/airflow/example_dags/example_latest_only_with_trigger.py took 0.131 seconds
[2023-05-21T17:18:49.749+0530] {processor.py:156} INFO - Started process (PID=58955) to work on /home/feuer/.local/lib/python3.10/site-packages/airflow/example_dags/example_latest_only_with_trigger.py
[2023-05-21T17:18:49.765+0530] {processor.py:799} INFO - Processing file /home/feuer/.local/lib/python3.10/site-packages/airflow/example_dags/example_latest_only_with_trigger.py for tasks to queue
[2023-05-21T17:18:49.765+0530] {logging_mixin.py:149} INFO - [2023-05-21T17:18:49.765+0530] {dagbag.py:541} INFO - Filling up the DagBag from /home/feuer/.local/lib/python3.10/site-packages/airflow/example_dags/example_latest_only_with_trigger.py
[2023-05-21T17:18:49.771+0530] {processor.py:809} INFO - DAG(s) dict_keys(['latest_only_with_trigger']) retrieved from /home/feuer/.local/lib/python3.10/site-packages/airflow/example_dags/example_latest_only_with_trigger.py
[2023-05-21T17:18:49.790+0530] {logging_mixin.py:149} INFO - [2023-05-21T17:18:49.790+0530] {dag.py:2726} INFO - Sync 1 DAGs
[2023-05-21T17:18:49.809+0530] {logging_mixin.py:149} INFO - [2023-05-21T17:18:49.808+0530] {dag.py:3486} INFO - Setting next_dagrun for latest_only_with_trigger to 2023-05-21T07:48:49.808680+00:00, run_after=2023-05-21T11:48:49.808680+00:00
[2023-05-21T17:18:49.903+0530] {processor.py:178} INFO - Processing /home/feuer/.local/lib/python3.10/site-packages/airflow/example_dags/example_latest_only_with_trigger.py took 0.156 seconds
[2023-05-21T17:19:58.913+0530] {processor.py:156} INFO - Started process (PID=59151) to work on /home/feuer/.local/lib/python3.10/site-packages/airflow/example_dags/example_latest_only_with_trigger.py
[2023-05-21T17:19:58.914+0530] {processor.py:799} INFO - Processing file /home/feuer/.local/lib/python3.10/site-packages/airflow/example_dags/example_latest_only_with_trigger.py for tasks to queue
[2023-05-21T17:19:58.914+0530] {logging_mixin.py:149} INFO - [2023-05-21T17:19:58.914+0530] {dagbag.py:541} INFO - Filling up the DagBag from /home/feuer/.local/lib/python3.10/site-packages/airflow/example_dags/example_latest_only_with_trigger.py
[2023-05-21T17:19:58.920+0530] {processor.py:809} INFO - DAG(s) dict_keys(['latest_only_with_trigger']) retrieved from /home/feuer/.local/lib/python3.10/site-packages/airflow/example_dags/example_latest_only_with_trigger.py
[2023-05-21T17:19:58.939+0530] {logging_mixin.py:149} INFO - [2023-05-21T17:19:58.939+0530] {dag.py:2726} INFO - Sync 1 DAGs
[2023-05-21T17:19:58.957+0530] {logging_mixin.py:149} INFO - [2023-05-21T17:19:58.957+0530] {dag.py:3486} INFO - Setting next_dagrun for latest_only_with_trigger to 2023-05-21T07:49:58.957438+00:00, run_after=2023-05-21T11:49:58.957438+00:00
[2023-05-21T17:19:59.038+0530] {processor.py:178} INFO - Processing /home/feuer/.local/lib/python3.10/site-packages/airflow/example_dags/example_latest_only_with_trigger.py took 0.128 seconds
[2023-05-21T17:21:51.957+0530] {processor.py:156} INFO - Started process (PID=59553) to work on /home/feuer/.local/lib/python3.10/site-packages/airflow/example_dags/example_latest_only_with_trigger.py
[2023-05-21T17:21:52.271+0530] {processor.py:799} INFO - Processing file /home/feuer/.local/lib/python3.10/site-packages/airflow/example_dags/example_latest_only_with_trigger.py for tasks to queue
[2023-05-21T17:21:52.280+0530] {logging_mixin.py:149} INFO - [2023-05-21T17:21:52.279+0530] {dagbag.py:541} INFO - Filling up the DagBag from /home/feuer/.local/lib/python3.10/site-packages/airflow/example_dags/example_latest_only_with_trigger.py
[2023-05-21T17:21:52.285+0530] {processor.py:809} INFO - DAG(s) dict_keys(['latest_only_with_trigger']) retrieved from /home/feuer/.local/lib/python3.10/site-packages/airflow/example_dags/example_latest_only_with_trigger.py
[2023-05-21T17:21:52.305+0530] {logging_mixin.py:149} INFO - [2023-05-21T17:21:52.304+0530] {dag.py:2726} INFO - Sync 1 DAGs
[2023-05-21T17:21:52.323+0530] {logging_mixin.py:149} INFO - [2023-05-21T17:21:52.323+0530] {dag.py:3486} INFO - Setting next_dagrun for latest_only_with_trigger to 2023-05-21T07:51:52.323012+00:00, run_after=2023-05-21T11:51:52.323012+00:00
[2023-05-21T17:21:52.734+0530] {processor.py:178} INFO - Processing /home/feuer/.local/lib/python3.10/site-packages/airflow/example_dags/example_latest_only_with_trigger.py took 0.780 seconds
