[2023-05-21T19:39:31.838+0530] {processor.py:156} INFO - Started process (PID=23788) to work on /home/feuer/.local/lib/python3.10/site-packages/airflow/example_dags/example_task_group_decorator.py
[2023-05-21T19:39:31.839+0530] {processor.py:799} INFO - Processing file /home/feuer/.local/lib/python3.10/site-packages/airflow/example_dags/example_task_group_decorator.py for tasks to queue
[2023-05-21T19:39:31.840+0530] {logging_mixin.py:149} INFO - [2023-05-21T19:39:31.839+0530] {dagbag.py:541} INFO - Filling up the DagBag from /home/feuer/.local/lib/python3.10/site-packages/airflow/example_dags/example_task_group_decorator.py
[2023-05-21T19:39:31.872+0530] {processor.py:809} INFO - DAG(s) dict_keys(['example_task_group_decorator']) retrieved from /home/feuer/.local/lib/python3.10/site-packages/airflow/example_dags/example_task_group_decorator.py
[2023-05-21T19:39:31.918+0530] {logging_mixin.py:149} INFO - [2023-05-21T19:39:31.918+0530] {dag.py:2726} INFO - Sync 1 DAGs
[2023-05-21T19:39:31.937+0530] {logging_mixin.py:149} INFO - [2023-05-21T19:39:31.937+0530] {dag.py:3486} INFO - Setting next_dagrun for example_task_group_decorator to 2023-05-20T14:09:31.937425+00:00, run_after=2023-05-21T14:09:31.937425+00:00
[2023-05-21T19:39:32.077+0530] {processor.py:178} INFO - Processing /home/feuer/.local/lib/python3.10/site-packages/airflow/example_dags/example_task_group_decorator.py took 0.241 seconds
[2023-05-21T19:40:31.477+0530] {processor.py:156} INFO - Started process (PID=23954) to work on /home/feuer/.local/lib/python3.10/site-packages/airflow/example_dags/example_task_group_decorator.py
[2023-05-21T19:40:31.478+0530] {processor.py:799} INFO - Processing file /home/feuer/.local/lib/python3.10/site-packages/airflow/example_dags/example_task_group_decorator.py for tasks to queue
[2023-05-21T19:40:31.478+0530] {logging_mixin.py:149} INFO - [2023-05-21T19:40:31.478+0530] {dagbag.py:541} INFO - Filling up the DagBag from /home/feuer/.local/lib/python3.10/site-packages/airflow/example_dags/example_task_group_decorator.py
[2023-05-21T19:40:31.539+0530] {processor.py:809} INFO - DAG(s) dict_keys(['example_task_group_decorator']) retrieved from /home/feuer/.local/lib/python3.10/site-packages/airflow/example_dags/example_task_group_decorator.py
[2023-05-21T19:40:31.564+0530] {logging_mixin.py:149} INFO - [2023-05-21T19:40:31.563+0530] {dag.py:2726} INFO - Sync 1 DAGs
[2023-05-21T19:40:31.583+0530] {logging_mixin.py:149} INFO - [2023-05-21T19:40:31.583+0530] {dag.py:3486} INFO - Setting next_dagrun for example_task_group_decorator to 2023-05-20T14:10:31.582830+00:00, run_after=2023-05-21T14:10:31.582830+00:00
[2023-05-21T19:40:31.683+0530] {processor.py:178} INFO - Processing /home/feuer/.local/lib/python3.10/site-packages/airflow/example_dags/example_task_group_decorator.py took 0.209 seconds
[2023-05-21T19:42:07.047+0530] {processor.py:156} INFO - Started process (PID=24480) to work on /home/feuer/.local/lib/python3.10/site-packages/airflow/example_dags/example_task_group_decorator.py
[2023-05-21T19:42:07.048+0530] {processor.py:799} INFO - Processing file /home/feuer/.local/lib/python3.10/site-packages/airflow/example_dags/example_task_group_decorator.py for tasks to queue
[2023-05-21T19:42:07.048+0530] {logging_mixin.py:149} INFO - [2023-05-21T19:42:07.048+0530] {dagbag.py:541} INFO - Filling up the DagBag from /home/feuer/.local/lib/python3.10/site-packages/airflow/example_dags/example_task_group_decorator.py
[2023-05-21T19:42:07.058+0530] {processor.py:809} INFO - DAG(s) dict_keys(['example_task_group_decorator']) retrieved from /home/feuer/.local/lib/python3.10/site-packages/airflow/example_dags/example_task_group_decorator.py
[2023-05-21T19:42:07.077+0530] {logging_mixin.py:149} INFO - [2023-05-21T19:42:07.076+0530] {dag.py:2726} INFO - Sync 1 DAGs
[2023-05-21T19:42:07.090+0530] {logging_mixin.py:149} INFO - [2023-05-21T19:42:07.090+0530] {dag.py:3486} INFO - Setting next_dagrun for example_task_group_decorator to 2023-05-20T14:12:07.090431+00:00, run_after=2023-05-21T14:12:07.090431+00:00
[2023-05-21T19:42:07.194+0530] {processor.py:178} INFO - Processing /home/feuer/.local/lib/python3.10/site-packages/airflow/example_dags/example_task_group_decorator.py took 0.150 seconds
[2023-05-21T19:43:04.109+0530] {processor.py:156} INFO - Started process (PID=24703) to work on /home/feuer/.local/lib/python3.10/site-packages/airflow/example_dags/example_task_group_decorator.py
[2023-05-21T19:43:04.130+0530] {processor.py:799} INFO - Processing file /home/feuer/.local/lib/python3.10/site-packages/airflow/example_dags/example_task_group_decorator.py for tasks to queue
[2023-05-21T19:43:04.130+0530] {logging_mixin.py:149} INFO - [2023-05-21T19:43:04.130+0530] {dagbag.py:541} INFO - Filling up the DagBag from /home/feuer/.local/lib/python3.10/site-packages/airflow/example_dags/example_task_group_decorator.py
[2023-05-21T19:43:04.146+0530] {processor.py:809} INFO - DAG(s) dict_keys(['example_task_group_decorator']) retrieved from /home/feuer/.local/lib/python3.10/site-packages/airflow/example_dags/example_task_group_decorator.py
[2023-05-21T19:43:04.172+0530] {logging_mixin.py:149} INFO - [2023-05-21T19:43:04.172+0530] {dag.py:2726} INFO - Sync 1 DAGs
[2023-05-21T19:43:04.192+0530] {logging_mixin.py:149} INFO - [2023-05-21T19:43:04.191+0530] {dag.py:3486} INFO - Setting next_dagrun for example_task_group_decorator to 2023-05-20T14:13:04.191735+00:00, run_after=2023-05-21T14:13:04.191735+00:00
[2023-05-21T19:43:04.271+0530] {processor.py:178} INFO - Processing /home/feuer/.local/lib/python3.10/site-packages/airflow/example_dags/example_task_group_decorator.py took 0.165 seconds
[2023-05-21T19:43:56.482+0530] {processor.py:156} INFO - Started process (PID=24833) to work on /home/feuer/.local/lib/python3.10/site-packages/airflow/example_dags/example_task_group_decorator.py
[2023-05-21T19:43:56.483+0530] {processor.py:799} INFO - Processing file /home/feuer/.local/lib/python3.10/site-packages/airflow/example_dags/example_task_group_decorator.py for tasks to queue
[2023-05-21T19:43:56.484+0530] {logging_mixin.py:149} INFO - [2023-05-21T19:43:56.484+0530] {dagbag.py:541} INFO - Filling up the DagBag from /home/feuer/.local/lib/python3.10/site-packages/airflow/example_dags/example_task_group_decorator.py
[2023-05-21T19:43:56.498+0530] {processor.py:809} INFO - DAG(s) dict_keys(['example_task_group_decorator']) retrieved from /home/feuer/.local/lib/python3.10/site-packages/airflow/example_dags/example_task_group_decorator.py
[2023-05-21T19:43:56.524+0530] {logging_mixin.py:149} INFO - [2023-05-21T19:43:56.523+0530] {dag.py:2726} INFO - Sync 1 DAGs
[2023-05-21T19:43:56.536+0530] {logging_mixin.py:149} INFO - [2023-05-21T19:43:56.536+0530] {dag.py:3486} INFO - Setting next_dagrun for example_task_group_decorator to 2023-05-20T14:13:56.536443+00:00, run_after=2023-05-21T14:13:56.536443+00:00
[2023-05-21T19:43:56.616+0530] {processor.py:178} INFO - Processing /home/feuer/.local/lib/python3.10/site-packages/airflow/example_dags/example_task_group_decorator.py took 0.136 seconds
[2023-05-21T19:44:49.880+0530] {processor.py:156} INFO - Started process (PID=24965) to work on /home/feuer/.local/lib/python3.10/site-packages/airflow/example_dags/example_task_group_decorator.py
[2023-05-21T19:44:49.881+0530] {processor.py:799} INFO - Processing file /home/feuer/.local/lib/python3.10/site-packages/airflow/example_dags/example_task_group_decorator.py for tasks to queue
[2023-05-21T19:44:49.881+0530] {logging_mixin.py:149} INFO - [2023-05-21T19:44:49.881+0530] {dagbag.py:541} INFO - Filling up the DagBag from /home/feuer/.local/lib/python3.10/site-packages/airflow/example_dags/example_task_group_decorator.py
[2023-05-21T19:44:49.890+0530] {processor.py:809} INFO - DAG(s) dict_keys(['example_task_group_decorator']) retrieved from /home/feuer/.local/lib/python3.10/site-packages/airflow/example_dags/example_task_group_decorator.py
[2023-05-21T19:44:49.905+0530] {logging_mixin.py:149} INFO - [2023-05-21T19:44:49.905+0530] {dag.py:2726} INFO - Sync 1 DAGs
[2023-05-21T19:44:49.917+0530] {logging_mixin.py:149} INFO - [2023-05-21T19:44:49.917+0530] {dag.py:3486} INFO - Setting next_dagrun for example_task_group_decorator to 2023-05-20T14:14:49.916905+00:00, run_after=2023-05-21T14:14:49.916905+00:00
[2023-05-21T19:44:49.998+0530] {processor.py:178} INFO - Processing /home/feuer/.local/lib/python3.10/site-packages/airflow/example_dags/example_task_group_decorator.py took 0.120 seconds
[2023-05-21T19:45:45.109+0530] {processor.py:156} INFO - Started process (PID=25096) to work on /home/feuer/.local/lib/python3.10/site-packages/airflow/example_dags/example_task_group_decorator.py
[2023-05-21T19:45:45.121+0530] {processor.py:799} INFO - Processing file /home/feuer/.local/lib/python3.10/site-packages/airflow/example_dags/example_task_group_decorator.py for tasks to queue
[2023-05-21T19:45:45.122+0530] {logging_mixin.py:149} INFO - [2023-05-21T19:45:45.122+0530] {dagbag.py:541} INFO - Filling up the DagBag from /home/feuer/.local/lib/python3.10/site-packages/airflow/example_dags/example_task_group_decorator.py
[2023-05-21T19:45:45.137+0530] {processor.py:809} INFO - DAG(s) dict_keys(['example_task_group_decorator']) retrieved from /home/feuer/.local/lib/python3.10/site-packages/airflow/example_dags/example_task_group_decorator.py
[2023-05-21T19:45:45.164+0530] {logging_mixin.py:149} INFO - [2023-05-21T19:45:45.164+0530] {dag.py:2726} INFO - Sync 1 DAGs
[2023-05-21T19:45:45.181+0530] {logging_mixin.py:149} INFO - [2023-05-21T19:45:45.180+0530] {dag.py:3486} INFO - Setting next_dagrun for example_task_group_decorator to 2023-05-20T14:15:45.180794+00:00, run_after=2023-05-21T14:15:45.180794+00:00
[2023-05-21T19:45:45.263+0530] {processor.py:178} INFO - Processing /home/feuer/.local/lib/python3.10/site-packages/airflow/example_dags/example_task_group_decorator.py took 0.157 seconds
[2023-05-21T19:46:38.574+0530] {processor.py:156} INFO - Started process (PID=25204) to work on /home/feuer/.local/lib/python3.10/site-packages/airflow/example_dags/example_task_group_decorator.py
[2023-05-21T19:46:38.575+0530] {processor.py:799} INFO - Processing file /home/feuer/.local/lib/python3.10/site-packages/airflow/example_dags/example_task_group_decorator.py for tasks to queue
[2023-05-21T19:46:38.576+0530] {logging_mixin.py:149} INFO - [2023-05-21T19:46:38.576+0530] {dagbag.py:541} INFO - Filling up the DagBag from /home/feuer/.local/lib/python3.10/site-packages/airflow/example_dags/example_task_group_decorator.py
[2023-05-21T19:46:38.591+0530] {processor.py:809} INFO - DAG(s) dict_keys(['example_task_group_decorator']) retrieved from /home/feuer/.local/lib/python3.10/site-packages/airflow/example_dags/example_task_group_decorator.py
[2023-05-21T19:46:38.617+0530] {logging_mixin.py:149} INFO - [2023-05-21T19:46:38.617+0530] {dag.py:2726} INFO - Sync 1 DAGs
[2023-05-21T19:46:38.628+0530] {logging_mixin.py:149} INFO - [2023-05-21T19:46:38.628+0530] {dag.py:3486} INFO - Setting next_dagrun for example_task_group_decorator to 2023-05-20T14:16:38.628477+00:00, run_after=2023-05-21T14:16:38.628477+00:00
[2023-05-21T19:46:38.713+0530] {processor.py:178} INFO - Processing /home/feuer/.local/lib/python3.10/site-packages/airflow/example_dags/example_task_group_decorator.py took 0.141 seconds
[2023-05-21T19:47:30.903+0530] {processor.py:156} INFO - Started process (PID=25324) to work on /home/feuer/.local/lib/python3.10/site-packages/airflow/example_dags/example_task_group_decorator.py
[2023-05-21T19:47:30.904+0530] {processor.py:799} INFO - Processing file /home/feuer/.local/lib/python3.10/site-packages/airflow/example_dags/example_task_group_decorator.py for tasks to queue
[2023-05-21T19:47:30.905+0530] {logging_mixin.py:149} INFO - [2023-05-21T19:47:30.905+0530] {dagbag.py:541} INFO - Filling up the DagBag from /home/feuer/.local/lib/python3.10/site-packages/airflow/example_dags/example_task_group_decorator.py
[2023-05-21T19:47:30.920+0530] {processor.py:809} INFO - DAG(s) dict_keys(['example_task_group_decorator']) retrieved from /home/feuer/.local/lib/python3.10/site-packages/airflow/example_dags/example_task_group_decorator.py
[2023-05-21T19:47:30.945+0530] {logging_mixin.py:149} INFO - [2023-05-21T19:47:30.945+0530] {dag.py:2726} INFO - Sync 1 DAGs
[2023-05-21T19:47:30.957+0530] {logging_mixin.py:149} INFO - [2023-05-21T19:47:30.956+0530] {dag.py:3486} INFO - Setting next_dagrun for example_task_group_decorator to 2023-05-20T14:17:30.956816+00:00, run_after=2023-05-21T14:17:30.956816+00:00
[2023-05-21T19:47:31.034+0530] {processor.py:178} INFO - Processing /home/feuer/.local/lib/python3.10/site-packages/airflow/example_dags/example_task_group_decorator.py took 0.134 seconds
[2023-05-21T19:48:24.617+0530] {processor.py:156} INFO - Started process (PID=25430) to work on /home/feuer/.local/lib/python3.10/site-packages/airflow/example_dags/example_task_group_decorator.py
[2023-05-21T19:48:24.632+0530] {processor.py:799} INFO - Processing file /home/feuer/.local/lib/python3.10/site-packages/airflow/example_dags/example_task_group_decorator.py for tasks to queue
[2023-05-21T19:48:24.632+0530] {logging_mixin.py:149} INFO - [2023-05-21T19:48:24.632+0530] {dagbag.py:541} INFO - Filling up the DagBag from /home/feuer/.local/lib/python3.10/site-packages/airflow/example_dags/example_task_group_decorator.py
[2023-05-21T19:48:24.641+0530] {processor.py:809} INFO - DAG(s) dict_keys(['example_task_group_decorator']) retrieved from /home/feuer/.local/lib/python3.10/site-packages/airflow/example_dags/example_task_group_decorator.py
[2023-05-21T19:48:24.656+0530] {logging_mixin.py:149} INFO - [2023-05-21T19:48:24.656+0530] {dag.py:2726} INFO - Sync 1 DAGs
[2023-05-21T19:48:24.667+0530] {logging_mixin.py:149} INFO - [2023-05-21T19:48:24.667+0530] {dag.py:3486} INFO - Setting next_dagrun for example_task_group_decorator to 2023-05-20T14:18:24.667622+00:00, run_after=2023-05-21T14:18:24.667622+00:00
[2023-05-21T19:48:24.755+0530] {processor.py:178} INFO - Processing /home/feuer/.local/lib/python3.10/site-packages/airflow/example_dags/example_task_group_decorator.py took 0.140 seconds
[2023-05-21T19:49:17.464+0530] {processor.py:156} INFO - Started process (PID=25541) to work on /home/feuer/.local/lib/python3.10/site-packages/airflow/example_dags/example_task_group_decorator.py
[2023-05-21T19:49:17.464+0530] {processor.py:799} INFO - Processing file /home/feuer/.local/lib/python3.10/site-packages/airflow/example_dags/example_task_group_decorator.py for tasks to queue
[2023-05-21T19:49:17.465+0530] {logging_mixin.py:149} INFO - [2023-05-21T19:49:17.465+0530] {dagbag.py:541} INFO - Filling up the DagBag from /home/feuer/.local/lib/python3.10/site-packages/airflow/example_dags/example_task_group_decorator.py
[2023-05-21T19:49:17.474+0530] {processor.py:809} INFO - DAG(s) dict_keys(['example_task_group_decorator']) retrieved from /home/feuer/.local/lib/python3.10/site-packages/airflow/example_dags/example_task_group_decorator.py
[2023-05-21T19:49:17.489+0530] {logging_mixin.py:149} INFO - [2023-05-21T19:49:17.489+0530] {dag.py:2726} INFO - Sync 1 DAGs
[2023-05-21T19:49:17.500+0530] {logging_mixin.py:149} INFO - [2023-05-21T19:49:17.500+0530] {dag.py:3486} INFO - Setting next_dagrun for example_task_group_decorator to 2023-05-20T14:19:17.499944+00:00, run_after=2023-05-21T14:19:17.499944+00:00
[2023-05-21T19:49:17.575+0530] {processor.py:178} INFO - Processing /home/feuer/.local/lib/python3.10/site-packages/airflow/example_dags/example_task_group_decorator.py took 0.113 seconds
[2023-05-21T19:50:08.489+0530] {processor.py:156} INFO - Started process (PID=25656) to work on /home/feuer/.local/lib/python3.10/site-packages/airflow/example_dags/example_task_group_decorator.py
[2023-05-21T19:50:08.501+0530] {processor.py:799} INFO - Processing file /home/feuer/.local/lib/python3.10/site-packages/airflow/example_dags/example_task_group_decorator.py for tasks to queue
[2023-05-21T19:50:08.502+0530] {logging_mixin.py:149} INFO - [2023-05-21T19:50:08.502+0530] {dagbag.py:541} INFO - Filling up the DagBag from /home/feuer/.local/lib/python3.10/site-packages/airflow/example_dags/example_task_group_decorator.py
[2023-05-21T19:50:08.510+0530] {processor.py:809} INFO - DAG(s) dict_keys(['example_task_group_decorator']) retrieved from /home/feuer/.local/lib/python3.10/site-packages/airflow/example_dags/example_task_group_decorator.py
[2023-05-21T19:50:08.525+0530] {logging_mixin.py:149} INFO - [2023-05-21T19:50:08.525+0530] {dag.py:2726} INFO - Sync 1 DAGs
[2023-05-21T19:50:08.537+0530] {logging_mixin.py:149} INFO - [2023-05-21T19:50:08.536+0530] {dag.py:3486} INFO - Setting next_dagrun for example_task_group_decorator to 2023-05-20T14:20:08.536769+00:00, run_after=2023-05-21T14:20:08.536769+00:00
[2023-05-21T19:50:08.617+0530] {processor.py:178} INFO - Processing /home/feuer/.local/lib/python3.10/site-packages/airflow/example_dags/example_task_group_decorator.py took 0.131 seconds
[2023-05-21T19:51:01.264+0530] {processor.py:156} INFO - Started process (PID=25835) to work on /home/feuer/.local/lib/python3.10/site-packages/airflow/example_dags/example_task_group_decorator.py
[2023-05-21T19:51:01.265+0530] {processor.py:799} INFO - Processing file /home/feuer/.local/lib/python3.10/site-packages/airflow/example_dags/example_task_group_decorator.py for tasks to queue
[2023-05-21T19:51:01.265+0530] {logging_mixin.py:149} INFO - [2023-05-21T19:51:01.265+0530] {dagbag.py:541} INFO - Filling up the DagBag from /home/feuer/.local/lib/python3.10/site-packages/airflow/example_dags/example_task_group_decorator.py
[2023-05-21T19:51:01.280+0530] {processor.py:809} INFO - DAG(s) dict_keys(['example_task_group_decorator']) retrieved from /home/feuer/.local/lib/python3.10/site-packages/airflow/example_dags/example_task_group_decorator.py
[2023-05-21T19:51:01.305+0530] {logging_mixin.py:149} INFO - [2023-05-21T19:51:01.305+0530] {dag.py:2726} INFO - Sync 1 DAGs
[2023-05-21T19:51:01.316+0530] {logging_mixin.py:149} INFO - [2023-05-21T19:51:01.316+0530] {dag.py:3486} INFO - Setting next_dagrun for example_task_group_decorator to 2023-05-20T14:21:01.316541+00:00, run_after=2023-05-21T14:21:01.316541+00:00
[2023-05-21T19:51:01.398+0530] {processor.py:178} INFO - Processing /home/feuer/.local/lib/python3.10/site-packages/airflow/example_dags/example_task_group_decorator.py took 0.137 seconds
[2023-05-21T19:51:52.712+0530] {processor.py:156} INFO - Started process (PID=25942) to work on /home/feuer/.local/lib/python3.10/site-packages/airflow/example_dags/example_task_group_decorator.py
[2023-05-21T19:51:52.713+0530] {processor.py:799} INFO - Processing file /home/feuer/.local/lib/python3.10/site-packages/airflow/example_dags/example_task_group_decorator.py for tasks to queue
[2023-05-21T19:51:52.714+0530] {logging_mixin.py:149} INFO - [2023-05-21T19:51:52.713+0530] {dagbag.py:541} INFO - Filling up the DagBag from /home/feuer/.local/lib/python3.10/site-packages/airflow/example_dags/example_task_group_decorator.py
[2023-05-21T19:51:52.728+0530] {processor.py:809} INFO - DAG(s) dict_keys(['example_task_group_decorator']) retrieved from /home/feuer/.local/lib/python3.10/site-packages/airflow/example_dags/example_task_group_decorator.py
[2023-05-21T19:51:52.754+0530] {logging_mixin.py:149} INFO - [2023-05-21T19:51:52.754+0530] {dag.py:2726} INFO - Sync 1 DAGs
[2023-05-21T19:51:52.766+0530] {logging_mixin.py:149} INFO - [2023-05-21T19:51:52.766+0530] {dag.py:3486} INFO - Setting next_dagrun for example_task_group_decorator to 2023-05-20T14:21:52.766019+00:00, run_after=2023-05-21T14:21:52.766019+00:00
[2023-05-21T19:51:52.845+0530] {processor.py:178} INFO - Processing /home/feuer/.local/lib/python3.10/site-packages/airflow/example_dags/example_task_group_decorator.py took 0.136 seconds
[2023-05-21T19:52:42.112+0530] {processor.py:156} INFO - Started process (PID=26058) to work on /home/feuer/.local/lib/python3.10/site-packages/airflow/example_dags/example_task_group_decorator.py
[2023-05-21T19:52:42.113+0530] {processor.py:799} INFO - Processing file /home/feuer/.local/lib/python3.10/site-packages/airflow/example_dags/example_task_group_decorator.py for tasks to queue
[2023-05-21T19:52:42.114+0530] {logging_mixin.py:149} INFO - [2023-05-21T19:52:42.114+0530] {dagbag.py:541} INFO - Filling up the DagBag from /home/feuer/.local/lib/python3.10/site-packages/airflow/example_dags/example_task_group_decorator.py
[2023-05-21T19:52:42.124+0530] {processor.py:809} INFO - DAG(s) dict_keys(['example_task_group_decorator']) retrieved from /home/feuer/.local/lib/python3.10/site-packages/airflow/example_dags/example_task_group_decorator.py
[2023-05-21T19:52:42.139+0530] {logging_mixin.py:149} INFO - [2023-05-21T19:52:42.139+0530] {dag.py:2726} INFO - Sync 1 DAGs
[2023-05-21T19:52:42.150+0530] {logging_mixin.py:149} INFO - [2023-05-21T19:52:42.150+0530] {dag.py:3486} INFO - Setting next_dagrun for example_task_group_decorator to 2023-05-20T14:22:42.150384+00:00, run_after=2023-05-21T14:22:42.150384+00:00
[2023-05-21T19:52:42.234+0530] {processor.py:178} INFO - Processing /home/feuer/.local/lib/python3.10/site-packages/airflow/example_dags/example_task_group_decorator.py took 0.125 seconds
[2023-05-21T19:53:31.476+0530] {processor.py:156} INFO - Started process (PID=26191) to work on /home/feuer/.local/lib/python3.10/site-packages/airflow/example_dags/example_task_group_decorator.py
[2023-05-21T19:53:31.491+0530] {processor.py:799} INFO - Processing file /home/feuer/.local/lib/python3.10/site-packages/airflow/example_dags/example_task_group_decorator.py for tasks to queue
[2023-05-21T19:53:31.491+0530] {logging_mixin.py:149} INFO - [2023-05-21T19:53:31.491+0530] {dagbag.py:541} INFO - Filling up the DagBag from /home/feuer/.local/lib/python3.10/site-packages/airflow/example_dags/example_task_group_decorator.py
[2023-05-21T19:53:31.501+0530] {processor.py:809} INFO - DAG(s) dict_keys(['example_task_group_decorator']) retrieved from /home/feuer/.local/lib/python3.10/site-packages/airflow/example_dags/example_task_group_decorator.py
[2023-05-21T19:53:31.516+0530] {logging_mixin.py:149} INFO - [2023-05-21T19:53:31.516+0530] {dag.py:2726} INFO - Sync 1 DAGs
[2023-05-21T19:53:31.529+0530] {logging_mixin.py:149} INFO - [2023-05-21T19:53:31.529+0530] {dag.py:3486} INFO - Setting next_dagrun for example_task_group_decorator to 2023-05-20T14:23:31.529048+00:00, run_after=2023-05-21T14:23:31.529048+00:00
[2023-05-21T19:53:31.914+0530] {processor.py:178} INFO - Processing /home/feuer/.local/lib/python3.10/site-packages/airflow/example_dags/example_task_group_decorator.py took 0.440 seconds
[2023-05-21T19:54:22.770+0530] {processor.py:156} INFO - Started process (PID=26328) to work on /home/feuer/.local/lib/python3.10/site-packages/airflow/example_dags/example_task_group_decorator.py
[2023-05-21T19:54:22.788+0530] {processor.py:799} INFO - Processing file /home/feuer/.local/lib/python3.10/site-packages/airflow/example_dags/example_task_group_decorator.py for tasks to queue
[2023-05-21T19:54:22.789+0530] {logging_mixin.py:149} INFO - [2023-05-21T19:54:22.789+0530] {dagbag.py:541} INFO - Filling up the DagBag from /home/feuer/.local/lib/python3.10/site-packages/airflow/example_dags/example_task_group_decorator.py
[2023-05-21T19:54:22.805+0530] {processor.py:809} INFO - DAG(s) dict_keys(['example_task_group_decorator']) retrieved from /home/feuer/.local/lib/python3.10/site-packages/airflow/example_dags/example_task_group_decorator.py
[2023-05-21T19:54:22.832+0530] {logging_mixin.py:149} INFO - [2023-05-21T19:54:22.832+0530] {dag.py:2726} INFO - Sync 1 DAGs
[2023-05-21T19:54:22.851+0530] {logging_mixin.py:149} INFO - [2023-05-21T19:54:22.851+0530] {dag.py:3486} INFO - Setting next_dagrun for example_task_group_decorator to 2023-05-20T14:24:22.851006+00:00, run_after=2023-05-21T14:24:22.851006+00:00
[2023-05-21T19:54:23.073+0530] {processor.py:178} INFO - Processing /home/feuer/.local/lib/python3.10/site-packages/airflow/example_dags/example_task_group_decorator.py took 0.306 seconds
[2023-05-21T19:55:14.298+0530] {processor.py:156} INFO - Started process (PID=26465) to work on /home/feuer/.local/lib/python3.10/site-packages/airflow/example_dags/example_task_group_decorator.py
[2023-05-21T19:55:14.299+0530] {processor.py:799} INFO - Processing file /home/feuer/.local/lib/python3.10/site-packages/airflow/example_dags/example_task_group_decorator.py for tasks to queue
[2023-05-21T19:55:14.299+0530] {logging_mixin.py:149} INFO - [2023-05-21T19:55:14.299+0530] {dagbag.py:541} INFO - Filling up the DagBag from /home/feuer/.local/lib/python3.10/site-packages/airflow/example_dags/example_task_group_decorator.py
[2023-05-21T19:55:14.309+0530] {processor.py:809} INFO - DAG(s) dict_keys(['example_task_group_decorator']) retrieved from /home/feuer/.local/lib/python3.10/site-packages/airflow/example_dags/example_task_group_decorator.py
[2023-05-21T19:55:14.324+0530] {logging_mixin.py:149} INFO - [2023-05-21T19:55:14.323+0530] {dag.py:2726} INFO - Sync 1 DAGs
[2023-05-21T19:55:14.335+0530] {logging_mixin.py:149} INFO - [2023-05-21T19:55:14.335+0530] {dag.py:3486} INFO - Setting next_dagrun for example_task_group_decorator to 2023-05-20T14:25:14.335028+00:00, run_after=2023-05-21T14:25:14.335028+00:00
[2023-05-21T19:55:14.415+0530] {processor.py:178} INFO - Processing /home/feuer/.local/lib/python3.10/site-packages/airflow/example_dags/example_task_group_decorator.py took 0.119 seconds
[2023-05-21T19:56:14.628+0530] {processor.py:156} INFO - Started process (PID=26631) to work on /home/feuer/.local/lib/python3.10/site-packages/airflow/example_dags/example_task_group_decorator.py
[2023-05-21T19:56:14.633+0530] {processor.py:799} INFO - Processing file /home/feuer/.local/lib/python3.10/site-packages/airflow/example_dags/example_task_group_decorator.py for tasks to queue
[2023-05-21T19:56:14.634+0530] {logging_mixin.py:149} INFO - [2023-05-21T19:56:14.634+0530] {dagbag.py:541} INFO - Filling up the DagBag from /home/feuer/.local/lib/python3.10/site-packages/airflow/example_dags/example_task_group_decorator.py
[2023-05-21T19:56:14.670+0530] {processor.py:809} INFO - DAG(s) dict_keys(['example_task_group_decorator']) retrieved from /home/feuer/.local/lib/python3.10/site-packages/airflow/example_dags/example_task_group_decorator.py
[2023-05-21T19:56:14.716+0530] {logging_mixin.py:149} INFO - [2023-05-21T19:56:14.715+0530] {dag.py:2726} INFO - Sync 1 DAGs
[2023-05-21T19:56:14.735+0530] {logging_mixin.py:149} INFO - [2023-05-21T19:56:14.735+0530] {dag.py:3486} INFO - Setting next_dagrun for example_task_group_decorator to 2023-05-20T14:26:14.734792+00:00, run_after=2023-05-21T14:26:14.734792+00:00
[2023-05-21T19:56:14.852+0530] {processor.py:178} INFO - Processing /home/feuer/.local/lib/python3.10/site-packages/airflow/example_dags/example_task_group_decorator.py took 0.227 seconds
[2023-05-21T19:57:09.479+0530] {processor.py:156} INFO - Started process (PID=26768) to work on /home/feuer/.local/lib/python3.10/site-packages/airflow/example_dags/example_task_group_decorator.py
[2023-05-21T19:57:09.489+0530] {processor.py:799} INFO - Processing file /home/feuer/.local/lib/python3.10/site-packages/airflow/example_dags/example_task_group_decorator.py for tasks to queue
[2023-05-21T19:57:09.490+0530] {logging_mixin.py:149} INFO - [2023-05-21T19:57:09.489+0530] {dagbag.py:541} INFO - Filling up the DagBag from /home/feuer/.local/lib/python3.10/site-packages/airflow/example_dags/example_task_group_decorator.py
[2023-05-21T19:57:09.504+0530] {processor.py:809} INFO - DAG(s) dict_keys(['example_task_group_decorator']) retrieved from /home/feuer/.local/lib/python3.10/site-packages/airflow/example_dags/example_task_group_decorator.py
[2023-05-21T19:57:09.530+0530] {logging_mixin.py:149} INFO - [2023-05-21T19:57:09.530+0530] {dag.py:2726} INFO - Sync 1 DAGs
[2023-05-21T19:57:09.545+0530] {logging_mixin.py:149} INFO - [2023-05-21T19:57:09.545+0530] {dag.py:3486} INFO - Setting next_dagrun for example_task_group_decorator to 2023-05-20T14:27:09.545322+00:00, run_after=2023-05-21T14:27:09.545322+00:00
[2023-05-21T19:57:09.636+0530] {processor.py:178} INFO - Processing /home/feuer/.local/lib/python3.10/site-packages/airflow/example_dags/example_task_group_decorator.py took 0.160 seconds
[2023-05-21T19:57:59.119+0530] {processor.py:156} INFO - Started process (PID=26892) to work on /home/feuer/.local/lib/python3.10/site-packages/airflow/example_dags/example_task_group_decorator.py
[2023-05-21T19:57:59.128+0530] {processor.py:799} INFO - Processing file /home/feuer/.local/lib/python3.10/site-packages/airflow/example_dags/example_task_group_decorator.py for tasks to queue
[2023-05-21T19:57:59.128+0530] {logging_mixin.py:149} INFO - [2023-05-21T19:57:59.128+0530] {dagbag.py:541} INFO - Filling up the DagBag from /home/feuer/.local/lib/python3.10/site-packages/airflow/example_dags/example_task_group_decorator.py
[2023-05-21T19:57:59.137+0530] {processor.py:809} INFO - DAG(s) dict_keys(['example_task_group_decorator']) retrieved from /home/feuer/.local/lib/python3.10/site-packages/airflow/example_dags/example_task_group_decorator.py
[2023-05-21T19:57:59.152+0530] {logging_mixin.py:149} INFO - [2023-05-21T19:57:59.152+0530] {dag.py:2726} INFO - Sync 1 DAGs
[2023-05-21T19:57:59.163+0530] {logging_mixin.py:149} INFO - [2023-05-21T19:57:59.163+0530] {dag.py:3486} INFO - Setting next_dagrun for example_task_group_decorator to 2023-05-20T14:27:59.163130+00:00, run_after=2023-05-21T14:27:59.163130+00:00
[2023-05-21T19:57:59.243+0530] {processor.py:178} INFO - Processing /home/feuer/.local/lib/python3.10/site-packages/airflow/example_dags/example_task_group_decorator.py took 0.126 seconds
[2023-05-21T19:58:52.943+0530] {processor.py:156} INFO - Started process (PID=27049) to work on /home/feuer/.local/lib/python3.10/site-packages/airflow/example_dags/example_task_group_decorator.py
[2023-05-21T19:58:52.958+0530] {processor.py:799} INFO - Processing file /home/feuer/.local/lib/python3.10/site-packages/airflow/example_dags/example_task_group_decorator.py for tasks to queue
[2023-05-21T19:58:52.958+0530] {logging_mixin.py:149} INFO - [2023-05-21T19:58:52.958+0530] {dagbag.py:541} INFO - Filling up the DagBag from /home/feuer/.local/lib/python3.10/site-packages/airflow/example_dags/example_task_group_decorator.py
[2023-05-21T19:58:52.973+0530] {processor.py:809} INFO - DAG(s) dict_keys(['example_task_group_decorator']) retrieved from /home/feuer/.local/lib/python3.10/site-packages/airflow/example_dags/example_task_group_decorator.py
[2023-05-21T19:58:52.999+0530] {logging_mixin.py:149} INFO - [2023-05-21T19:58:52.998+0530] {dag.py:2726} INFO - Sync 1 DAGs
[2023-05-21T19:58:53.016+0530] {logging_mixin.py:149} INFO - [2023-05-21T19:58:53.016+0530] {dag.py:3486} INFO - Setting next_dagrun for example_task_group_decorator to 2023-05-20T14:28:53.016135+00:00, run_after=2023-05-21T14:28:53.016135+00:00
[2023-05-21T19:58:53.099+0530] {processor.py:178} INFO - Processing /home/feuer/.local/lib/python3.10/site-packages/airflow/example_dags/example_task_group_decorator.py took 0.158 seconds
[2023-05-21T19:59:52.580+0530] {processor.py:156} INFO - Started process (PID=27195) to work on /home/feuer/.local/lib/python3.10/site-packages/airflow/example_dags/example_task_group_decorator.py
[2023-05-21T19:59:52.581+0530] {processor.py:799} INFO - Processing file /home/feuer/.local/lib/python3.10/site-packages/airflow/example_dags/example_task_group_decorator.py for tasks to queue
[2023-05-21T19:59:52.582+0530] {logging_mixin.py:149} INFO - [2023-05-21T19:59:52.582+0530] {dagbag.py:541} INFO - Filling up the DagBag from /home/feuer/.local/lib/python3.10/site-packages/airflow/example_dags/example_task_group_decorator.py
[2023-05-21T19:59:52.607+0530] {processor.py:809} INFO - DAG(s) dict_keys(['example_task_group_decorator']) retrieved from /home/feuer/.local/lib/python3.10/site-packages/airflow/example_dags/example_task_group_decorator.py
[2023-05-21T19:59:52.646+0530] {logging_mixin.py:149} INFO - [2023-05-21T19:59:52.646+0530] {dag.py:2726} INFO - Sync 1 DAGs
[2023-05-21T19:59:52.666+0530] {logging_mixin.py:149} INFO - [2023-05-21T19:59:52.665+0530] {dag.py:3486} INFO - Setting next_dagrun for example_task_group_decorator to 2023-05-20T14:29:52.665578+00:00, run_after=2023-05-21T14:29:52.665578+00:00
[2023-05-21T19:59:52.754+0530] {processor.py:178} INFO - Processing /home/feuer/.local/lib/python3.10/site-packages/airflow/example_dags/example_task_group_decorator.py took 0.177 seconds
[2023-05-21T20:00:51.945+0530] {processor.py:156} INFO - Started process (PID=27347) to work on /home/feuer/.local/lib/python3.10/site-packages/airflow/example_dags/example_task_group_decorator.py
[2023-05-21T20:00:51.946+0530] {processor.py:799} INFO - Processing file /home/feuer/.local/lib/python3.10/site-packages/airflow/example_dags/example_task_group_decorator.py for tasks to queue
[2023-05-21T20:00:51.947+0530] {logging_mixin.py:149} INFO - [2023-05-21T20:00:51.947+0530] {dagbag.py:541} INFO - Filling up the DagBag from /home/feuer/.local/lib/python3.10/site-packages/airflow/example_dags/example_task_group_decorator.py
[2023-05-21T20:00:51.965+0530] {processor.py:809} INFO - DAG(s) dict_keys(['example_task_group_decorator']) retrieved from /home/feuer/.local/lib/python3.10/site-packages/airflow/example_dags/example_task_group_decorator.py
[2023-05-21T20:00:52.000+0530] {logging_mixin.py:149} INFO - [2023-05-21T20:00:52.000+0530] {dag.py:2726} INFO - Sync 1 DAGs
[2023-05-21T20:00:52.018+0530] {logging_mixin.py:149} INFO - [2023-05-21T20:00:52.018+0530] {dag.py:3486} INFO - Setting next_dagrun for example_task_group_decorator to 2023-05-20T14:30:52.017989+00:00, run_after=2023-05-21T14:30:52.017989+00:00
[2023-05-21T20:00:52.101+0530] {processor.py:178} INFO - Processing /home/feuer/.local/lib/python3.10/site-packages/airflow/example_dags/example_task_group_decorator.py took 0.158 seconds
[2023-05-21T20:02:10.100+0530] {processor.py:156} INFO - Started process (PID=27754) to work on /home/feuer/.local/lib/python3.10/site-packages/airflow/example_dags/example_task_group_decorator.py
[2023-05-21T20:02:10.115+0530] {processor.py:799} INFO - Processing file /home/feuer/.local/lib/python3.10/site-packages/airflow/example_dags/example_task_group_decorator.py for tasks to queue
[2023-05-21T20:02:10.115+0530] {logging_mixin.py:149} INFO - [2023-05-21T20:02:10.115+0530] {dagbag.py:541} INFO - Filling up the DagBag from /home/feuer/.local/lib/python3.10/site-packages/airflow/example_dags/example_task_group_decorator.py
[2023-05-21T20:02:10.143+0530] {processor.py:809} INFO - DAG(s) dict_keys(['example_task_group_decorator']) retrieved from /home/feuer/.local/lib/python3.10/site-packages/airflow/example_dags/example_task_group_decorator.py
[2023-05-21T20:02:10.169+0530] {logging_mixin.py:149} INFO - [2023-05-21T20:02:10.168+0530] {dag.py:2726} INFO - Sync 1 DAGs
[2023-05-21T20:02:10.188+0530] {logging_mixin.py:149} INFO - [2023-05-21T20:02:10.188+0530] {dag.py:3486} INFO - Setting next_dagrun for example_task_group_decorator to 2023-05-20T14:32:10.188288+00:00, run_after=2023-05-21T14:32:10.188288+00:00
[2023-05-21T20:02:10.275+0530] {processor.py:178} INFO - Processing /home/feuer/.local/lib/python3.10/site-packages/airflow/example_dags/example_task_group_decorator.py took 0.178 seconds
[2023-05-21T20:03:11.373+0530] {processor.py:156} INFO - Started process (PID=27934) to work on /home/feuer/.local/lib/python3.10/site-packages/airflow/example_dags/example_task_group_decorator.py
[2023-05-21T20:03:11.386+0530] {processor.py:799} INFO - Processing file /home/feuer/.local/lib/python3.10/site-packages/airflow/example_dags/example_task_group_decorator.py for tasks to queue
[2023-05-21T20:03:11.387+0530] {logging_mixin.py:149} INFO - [2023-05-21T20:03:11.387+0530] {dagbag.py:541} INFO - Filling up the DagBag from /home/feuer/.local/lib/python3.10/site-packages/airflow/example_dags/example_task_group_decorator.py
[2023-05-21T20:03:11.411+0530] {processor.py:809} INFO - DAG(s) dict_keys(['example_task_group_decorator']) retrieved from /home/feuer/.local/lib/python3.10/site-packages/airflow/example_dags/example_task_group_decorator.py
[2023-05-21T20:03:11.435+0530] {logging_mixin.py:149} INFO - [2023-05-21T20:03:11.434+0530] {dag.py:2726} INFO - Sync 1 DAGs
[2023-05-21T20:03:11.446+0530] {logging_mixin.py:149} INFO - [2023-05-21T20:03:11.446+0530] {dag.py:3486} INFO - Setting next_dagrun for example_task_group_decorator to 2023-05-20T14:33:11.446087+00:00, run_after=2023-05-21T14:33:11.446087+00:00
[2023-05-21T20:03:11.538+0530] {processor.py:178} INFO - Processing /home/feuer/.local/lib/python3.10/site-packages/airflow/example_dags/example_task_group_decorator.py took 0.169 seconds
[2023-05-21T20:04:12.494+0530] {processor.py:156} INFO - Started process (PID=28175) to work on /home/feuer/.local/lib/python3.10/site-packages/airflow/example_dags/example_task_group_decorator.py
[2023-05-21T20:04:12.508+0530] {processor.py:799} INFO - Processing file /home/feuer/.local/lib/python3.10/site-packages/airflow/example_dags/example_task_group_decorator.py for tasks to queue
[2023-05-21T20:04:12.509+0530] {logging_mixin.py:149} INFO - [2023-05-21T20:04:12.509+0530] {dagbag.py:541} INFO - Filling up the DagBag from /home/feuer/.local/lib/python3.10/site-packages/airflow/example_dags/example_task_group_decorator.py
[2023-05-21T20:04:12.535+0530] {processor.py:809} INFO - DAG(s) dict_keys(['example_task_group_decorator']) retrieved from /home/feuer/.local/lib/python3.10/site-packages/airflow/example_dags/example_task_group_decorator.py
[2023-05-21T20:04:12.556+0530] {logging_mixin.py:149} INFO - [2023-05-21T20:04:12.555+0530] {dag.py:2726} INFO - Sync 1 DAGs
[2023-05-21T20:04:12.566+0530] {logging_mixin.py:149} INFO - [2023-05-21T20:04:12.566+0530] {dag.py:3486} INFO - Setting next_dagrun for example_task_group_decorator to 2023-05-20T14:34:12.566672+00:00, run_after=2023-05-21T14:34:12.566672+00:00
[2023-05-21T20:04:12.649+0530] {processor.py:178} INFO - Processing /home/feuer/.local/lib/python3.10/site-packages/airflow/example_dags/example_task_group_decorator.py took 0.158 seconds
[2023-05-21T20:05:12.918+0530] {processor.py:156} INFO - Started process (PID=28337) to work on /home/feuer/.local/lib/python3.10/site-packages/airflow/example_dags/example_task_group_decorator.py
[2023-05-21T20:05:12.935+0530] {processor.py:799} INFO - Processing file /home/feuer/.local/lib/python3.10/site-packages/airflow/example_dags/example_task_group_decorator.py for tasks to queue
[2023-05-21T20:05:12.936+0530] {logging_mixin.py:149} INFO - [2023-05-21T20:05:12.936+0530] {dagbag.py:541} INFO - Filling up the DagBag from /home/feuer/.local/lib/python3.10/site-packages/airflow/example_dags/example_task_group_decorator.py
[2023-05-21T20:05:12.971+0530] {processor.py:809} INFO - DAG(s) dict_keys(['example_task_group_decorator']) retrieved from /home/feuer/.local/lib/python3.10/site-packages/airflow/example_dags/example_task_group_decorator.py
[2023-05-21T20:05:12.991+0530] {logging_mixin.py:149} INFO - [2023-05-21T20:05:12.990+0530] {dag.py:2726} INFO - Sync 1 DAGs
[2023-05-21T20:05:13.002+0530] {logging_mixin.py:149} INFO - [2023-05-21T20:05:13.002+0530] {dag.py:3486} INFO - Setting next_dagrun for example_task_group_decorator to 2023-05-20T14:35:13.002102+00:00, run_after=2023-05-21T14:35:13.002102+00:00
[2023-05-21T20:05:13.077+0530] {processor.py:178} INFO - Processing /home/feuer/.local/lib/python3.10/site-packages/airflow/example_dags/example_task_group_decorator.py took 0.162 seconds
[2023-05-21T20:06:09.250+0530] {processor.py:156} INFO - Started process (PID=28666) to work on /home/feuer/.local/lib/python3.10/site-packages/airflow/example_dags/example_task_group_decorator.py
[2023-05-21T20:06:09.263+0530] {processor.py:799} INFO - Processing file /home/feuer/.local/lib/python3.10/site-packages/airflow/example_dags/example_task_group_decorator.py for tasks to queue
[2023-05-21T20:06:09.263+0530] {logging_mixin.py:149} INFO - [2023-05-21T20:06:09.263+0530] {dagbag.py:541} INFO - Filling up the DagBag from /home/feuer/.local/lib/python3.10/site-packages/airflow/example_dags/example_task_group_decorator.py
[2023-05-21T20:06:09.273+0530] {processor.py:809} INFO - DAG(s) dict_keys(['example_task_group_decorator']) retrieved from /home/feuer/.local/lib/python3.10/site-packages/airflow/example_dags/example_task_group_decorator.py
[2023-05-21T20:06:09.293+0530] {logging_mixin.py:149} INFO - [2023-05-21T20:06:09.293+0530] {dag.py:2726} INFO - Sync 1 DAGs
[2023-05-21T20:06:09.305+0530] {logging_mixin.py:149} INFO - [2023-05-21T20:06:09.305+0530] {dag.py:3486} INFO - Setting next_dagrun for example_task_group_decorator to 2023-05-20T14:36:09.305479+00:00, run_after=2023-05-21T14:36:09.305479+00:00
[2023-05-21T20:06:09.626+0530] {processor.py:178} INFO - Processing /home/feuer/.local/lib/python3.10/site-packages/airflow/example_dags/example_task_group_decorator.py took 0.379 seconds
[2023-05-21T20:07:06.866+0530] {processor.py:156} INFO - Started process (PID=28867) to work on /home/feuer/.local/lib/python3.10/site-packages/airflow/example_dags/example_task_group_decorator.py
[2023-05-21T20:07:06.883+0530] {processor.py:799} INFO - Processing file /home/feuer/.local/lib/python3.10/site-packages/airflow/example_dags/example_task_group_decorator.py for tasks to queue
[2023-05-21T20:07:06.883+0530] {logging_mixin.py:149} INFO - [2023-05-21T20:07:06.883+0530] {dagbag.py:541} INFO - Filling up the DagBag from /home/feuer/.local/lib/python3.10/site-packages/airflow/example_dags/example_task_group_decorator.py
[2023-05-21T20:07:06.892+0530] {processor.py:809} INFO - DAG(s) dict_keys(['example_task_group_decorator']) retrieved from /home/feuer/.local/lib/python3.10/site-packages/airflow/example_dags/example_task_group_decorator.py
[2023-05-21T20:07:06.908+0530] {logging_mixin.py:149} INFO - [2023-05-21T20:07:06.908+0530] {dag.py:2726} INFO - Sync 1 DAGs
[2023-05-21T20:07:06.921+0530] {logging_mixin.py:149} INFO - [2023-05-21T20:07:06.921+0530] {dag.py:3486} INFO - Setting next_dagrun for example_task_group_decorator to 2023-05-20T14:37:06.920858+00:00, run_after=2023-05-21T14:37:06.920858+00:00
[2023-05-21T20:07:07.007+0530] {processor.py:178} INFO - Processing /home/feuer/.local/lib/python3.10/site-packages/airflow/example_dags/example_task_group_decorator.py took 0.143 seconds
[2023-05-21T20:08:00.396+0530] {processor.py:156} INFO - Started process (PID=29032) to work on /home/feuer/.local/lib/python3.10/site-packages/airflow/example_dags/example_task_group_decorator.py
[2023-05-21T20:08:00.413+0530] {processor.py:799} INFO - Processing file /home/feuer/.local/lib/python3.10/site-packages/airflow/example_dags/example_task_group_decorator.py for tasks to queue
[2023-05-21T20:08:00.414+0530] {logging_mixin.py:149} INFO - [2023-05-21T20:08:00.414+0530] {dagbag.py:541} INFO - Filling up the DagBag from /home/feuer/.local/lib/python3.10/site-packages/airflow/example_dags/example_task_group_decorator.py
[2023-05-21T20:08:00.423+0530] {processor.py:809} INFO - DAG(s) dict_keys(['example_task_group_decorator']) retrieved from /home/feuer/.local/lib/python3.10/site-packages/airflow/example_dags/example_task_group_decorator.py
[2023-05-21T20:08:00.439+0530] {logging_mixin.py:149} INFO - [2023-05-21T20:08:00.439+0530] {dag.py:2726} INFO - Sync 1 DAGs
[2023-05-21T20:08:00.450+0530] {logging_mixin.py:149} INFO - [2023-05-21T20:08:00.450+0530] {dag.py:3486} INFO - Setting next_dagrun for example_task_group_decorator to 2023-05-20T14:38:00.450248+00:00, run_after=2023-05-21T14:38:00.450248+00:00
[2023-05-21T20:08:00.534+0530] {processor.py:178} INFO - Processing /home/feuer/.local/lib/python3.10/site-packages/airflow/example_dags/example_task_group_decorator.py took 0.141 seconds
[2023-05-21T20:09:00.672+0530] {processor.py:156} INFO - Started process (PID=29177) to work on /home/feuer/.local/lib/python3.10/site-packages/airflow/example_dags/example_task_group_decorator.py
[2023-05-21T20:09:00.677+0530] {processor.py:799} INFO - Processing file /home/feuer/.local/lib/python3.10/site-packages/airflow/example_dags/example_task_group_decorator.py for tasks to queue
[2023-05-21T20:09:00.678+0530] {logging_mixin.py:149} INFO - [2023-05-21T20:09:00.677+0530] {dagbag.py:541} INFO - Filling up the DagBag from /home/feuer/.local/lib/python3.10/site-packages/airflow/example_dags/example_task_group_decorator.py
[2023-05-21T20:09:00.693+0530] {processor.py:809} INFO - DAG(s) dict_keys(['example_task_group_decorator']) retrieved from /home/feuer/.local/lib/python3.10/site-packages/airflow/example_dags/example_task_group_decorator.py
[2023-05-21T20:09:00.721+0530] {logging_mixin.py:149} INFO - [2023-05-21T20:09:00.721+0530] {dag.py:2726} INFO - Sync 1 DAGs
[2023-05-21T20:09:00.734+0530] {logging_mixin.py:149} INFO - [2023-05-21T20:09:00.734+0530] {dag.py:3486} INFO - Setting next_dagrun for example_task_group_decorator to 2023-05-20T14:39:00.733955+00:00, run_after=2023-05-21T14:39:00.733955+00:00
[2023-05-21T20:09:00.817+0530] {processor.py:178} INFO - Processing /home/feuer/.local/lib/python3.10/site-packages/airflow/example_dags/example_task_group_decorator.py took 0.149 seconds
[2023-05-21T20:09:56.862+0530] {processor.py:156} INFO - Started process (PID=29395) to work on /home/feuer/.local/lib/python3.10/site-packages/airflow/example_dags/example_task_group_decorator.py
[2023-05-21T20:09:56.875+0530] {processor.py:799} INFO - Processing file /home/feuer/.local/lib/python3.10/site-packages/airflow/example_dags/example_task_group_decorator.py for tasks to queue
[2023-05-21T20:09:56.876+0530] {logging_mixin.py:149} INFO - [2023-05-21T20:09:56.876+0530] {dagbag.py:541} INFO - Filling up the DagBag from /home/feuer/.local/lib/python3.10/site-packages/airflow/example_dags/example_task_group_decorator.py
[2023-05-21T20:09:56.891+0530] {processor.py:809} INFO - DAG(s) dict_keys(['example_task_group_decorator']) retrieved from /home/feuer/.local/lib/python3.10/site-packages/airflow/example_dags/example_task_group_decorator.py
[2023-05-21T20:09:56.917+0530] {logging_mixin.py:149} INFO - [2023-05-21T20:09:56.917+0530] {dag.py:2726} INFO - Sync 1 DAGs
[2023-05-21T20:09:56.933+0530] {logging_mixin.py:149} INFO - [2023-05-21T20:09:56.933+0530] {dag.py:3486} INFO - Setting next_dagrun for example_task_group_decorator to 2023-05-20T14:39:56.933619+00:00, run_after=2023-05-21T14:39:56.933619+00:00
[2023-05-21T20:09:57.025+0530] {processor.py:178} INFO - Processing /home/feuer/.local/lib/python3.10/site-packages/airflow/example_dags/example_task_group_decorator.py took 0.166 seconds
[2023-05-21T20:10:53.863+0530] {processor.py:156} INFO - Started process (PID=29526) to work on /home/feuer/.local/lib/python3.10/site-packages/airflow/example_dags/example_task_group_decorator.py
[2023-05-21T20:10:53.864+0530] {processor.py:799} INFO - Processing file /home/feuer/.local/lib/python3.10/site-packages/airflow/example_dags/example_task_group_decorator.py for tasks to queue
[2023-05-21T20:10:53.864+0530] {logging_mixin.py:149} INFO - [2023-05-21T20:10:53.864+0530] {dagbag.py:541} INFO - Filling up the DagBag from /home/feuer/.local/lib/python3.10/site-packages/airflow/example_dags/example_task_group_decorator.py
[2023-05-21T20:10:53.879+0530] {processor.py:809} INFO - DAG(s) dict_keys(['example_task_group_decorator']) retrieved from /home/feuer/.local/lib/python3.10/site-packages/airflow/example_dags/example_task_group_decorator.py
[2023-05-21T20:10:53.905+0530] {logging_mixin.py:149} INFO - [2023-05-21T20:10:53.904+0530] {dag.py:2726} INFO - Sync 1 DAGs
[2023-05-21T20:10:53.916+0530] {logging_mixin.py:149} INFO - [2023-05-21T20:10:53.916+0530] {dag.py:3486} INFO - Setting next_dagrun for example_task_group_decorator to 2023-05-20T14:40:53.916195+00:00, run_after=2023-05-21T14:40:53.916195+00:00
[2023-05-21T20:10:53.993+0530] {processor.py:178} INFO - Processing /home/feuer/.local/lib/python3.10/site-packages/airflow/example_dags/example_task_group_decorator.py took 0.133 seconds
[2023-05-21T20:11:53.420+0530] {processor.py:156} INFO - Started process (PID=29707) to work on /home/feuer/.local/lib/python3.10/site-packages/airflow/example_dags/example_task_group_decorator.py
[2023-05-21T20:11:53.436+0530] {processor.py:799} INFO - Processing file /home/feuer/.local/lib/python3.10/site-packages/airflow/example_dags/example_task_group_decorator.py for tasks to queue
[2023-05-21T20:11:53.436+0530] {logging_mixin.py:149} INFO - [2023-05-21T20:11:53.436+0530] {dagbag.py:541} INFO - Filling up the DagBag from /home/feuer/.local/lib/python3.10/site-packages/airflow/example_dags/example_task_group_decorator.py
[2023-05-21T20:11:53.469+0530] {processor.py:809} INFO - DAG(s) dict_keys(['example_task_group_decorator']) retrieved from /home/feuer/.local/lib/python3.10/site-packages/airflow/example_dags/example_task_group_decorator.py
[2023-05-21T20:11:53.508+0530] {logging_mixin.py:149} INFO - [2023-05-21T20:11:53.508+0530] {dag.py:2726} INFO - Sync 1 DAGs
[2023-05-21T20:11:53.528+0530] {logging_mixin.py:149} INFO - [2023-05-21T20:11:53.528+0530] {dag.py:3486} INFO - Setting next_dagrun for example_task_group_decorator to 2023-05-20T14:41:53.527782+00:00, run_after=2023-05-21T14:41:53.527782+00:00
[2023-05-21T20:11:53.620+0530] {processor.py:178} INFO - Processing /home/feuer/.local/lib/python3.10/site-packages/airflow/example_dags/example_task_group_decorator.py took 0.203 seconds
[2023-05-21T16:58:00.003+0530] {processor.py:156} INFO - Started process (PID=55853) to work on /home/feuer/.local/lib/python3.10/site-packages/airflow/example_dags/example_task_group_decorator.py
[2023-05-21T16:58:00.147+0530] {processor.py:799} INFO - Processing file /home/feuer/.local/lib/python3.10/site-packages/airflow/example_dags/example_task_group_decorator.py for tasks to queue
[2023-05-21T16:58:00.148+0530] {logging_mixin.py:149} INFO - [2023-05-21T16:58:00.148+0530] {dagbag.py:541} INFO - Filling up the DagBag from /home/feuer/.local/lib/python3.10/site-packages/airflow/example_dags/example_task_group_decorator.py
[2023-05-21T16:58:00.191+0530] {processor.py:809} INFO - DAG(s) dict_keys(['example_task_group_decorator']) retrieved from /home/feuer/.local/lib/python3.10/site-packages/airflow/example_dags/example_task_group_decorator.py
[2023-05-21T16:58:00.225+0530] {logging_mixin.py:149} INFO - [2023-05-21T16:58:00.225+0530] {dag.py:2726} INFO - Sync 1 DAGs
[2023-05-21T16:58:00.245+0530] {logging_mixin.py:149} INFO - [2023-05-21T16:58:00.245+0530] {dag.py:3486} INFO - Setting next_dagrun for example_task_group_decorator to 2023-05-20T11:28:00.245259+00:00, run_after=2023-05-21T11:28:00.245259+00:00
[2023-05-21T16:58:00.831+0530] {processor.py:178} INFO - Processing /home/feuer/.local/lib/python3.10/site-packages/airflow/example_dags/example_task_group_decorator.py took 0.830 seconds
[2023-05-21T16:59:28.801+0530] {processor.py:156} INFO - Started process (PID=56017) to work on /home/feuer/.local/lib/python3.10/site-packages/airflow/example_dags/example_task_group_decorator.py
[2023-05-21T16:59:28.873+0530] {processor.py:799} INFO - Processing file /home/feuer/.local/lib/python3.10/site-packages/airflow/example_dags/example_task_group_decorator.py for tasks to queue
[2023-05-21T16:59:28.873+0530] {logging_mixin.py:149} INFO - [2023-05-21T16:59:28.873+0530] {dagbag.py:541} INFO - Filling up the DagBag from /home/feuer/.local/lib/python3.10/site-packages/airflow/example_dags/example_task_group_decorator.py
[2023-05-21T16:59:28.886+0530] {processor.py:809} INFO - DAG(s) dict_keys(['example_task_group_decorator']) retrieved from /home/feuer/.local/lib/python3.10/site-packages/airflow/example_dags/example_task_group_decorator.py
[2023-05-21T16:59:28.909+0530] {logging_mixin.py:149} INFO - [2023-05-21T16:59:28.908+0530] {dag.py:2726} INFO - Sync 1 DAGs
[2023-05-21T16:59:28.924+0530] {logging_mixin.py:149} INFO - [2023-05-21T16:59:28.924+0530] {dag.py:3486} INFO - Setting next_dagrun for example_task_group_decorator to 2023-05-20T11:29:28.923884+00:00, run_after=2023-05-21T11:29:28.923884+00:00
[2023-05-21T16:59:29.195+0530] {processor.py:178} INFO - Processing /home/feuer/.local/lib/python3.10/site-packages/airflow/example_dags/example_task_group_decorator.py took 0.396 seconds
[2023-05-21T17:00:40.909+0530] {processor.py:156} INFO - Started process (PID=56235) to work on /home/feuer/.local/lib/python3.10/site-packages/airflow/example_dags/example_task_group_decorator.py
[2023-05-21T17:00:40.949+0530] {processor.py:799} INFO - Processing file /home/feuer/.local/lib/python3.10/site-packages/airflow/example_dags/example_task_group_decorator.py for tasks to queue
[2023-05-21T17:00:40.949+0530] {logging_mixin.py:149} INFO - [2023-05-21T17:00:40.949+0530] {dagbag.py:541} INFO - Filling up the DagBag from /home/feuer/.local/lib/python3.10/site-packages/airflow/example_dags/example_task_group_decorator.py
[2023-05-21T17:00:40.960+0530] {processor.py:809} INFO - DAG(s) dict_keys(['example_task_group_decorator']) retrieved from /home/feuer/.local/lib/python3.10/site-packages/airflow/example_dags/example_task_group_decorator.py
[2023-05-21T17:00:40.976+0530] {logging_mixin.py:149} INFO - [2023-05-21T17:00:40.976+0530] {dag.py:2726} INFO - Sync 1 DAGs
[2023-05-21T17:00:40.986+0530] {logging_mixin.py:149} INFO - [2023-05-21T17:00:40.986+0530] {dag.py:3486} INFO - Setting next_dagrun for example_task_group_decorator to 2023-05-20T11:30:40.986696+00:00, run_after=2023-05-21T11:30:40.986696+00:00
[2023-05-21T17:00:41.255+0530] {processor.py:178} INFO - Processing /home/feuer/.local/lib/python3.10/site-packages/airflow/example_dags/example_task_group_decorator.py took 0.348 seconds
[2023-05-21T17:01:28.848+0530] {processor.py:156} INFO - Started process (PID=56368) to work on /home/feuer/.local/lib/python3.10/site-packages/airflow/example_dags/example_task_group_decorator.py
[2023-05-21T17:01:29.079+0530] {processor.py:799} INFO - Processing file /home/feuer/.local/lib/python3.10/site-packages/airflow/example_dags/example_task_group_decorator.py for tasks to queue
[2023-05-21T17:01:29.080+0530] {logging_mixin.py:149} INFO - [2023-05-21T17:01:29.080+0530] {dagbag.py:541} INFO - Filling up the DagBag from /home/feuer/.local/lib/python3.10/site-packages/airflow/example_dags/example_task_group_decorator.py
[2023-05-21T17:01:29.089+0530] {processor.py:809} INFO - DAG(s) dict_keys(['example_task_group_decorator']) retrieved from /home/feuer/.local/lib/python3.10/site-packages/airflow/example_dags/example_task_group_decorator.py
[2023-05-21T17:01:29.105+0530] {logging_mixin.py:149} INFO - [2023-05-21T17:01:29.105+0530] {dag.py:2726} INFO - Sync 1 DAGs
[2023-05-21T17:01:29.118+0530] {logging_mixin.py:149} INFO - [2023-05-21T17:01:29.117+0530] {dag.py:3486} INFO - Setting next_dagrun for example_task_group_decorator to 2023-05-20T11:31:29.117794+00:00, run_after=2023-05-21T11:31:29.117794+00:00
[2023-05-21T17:01:29.419+0530] {processor.py:178} INFO - Processing /home/feuer/.local/lib/python3.10/site-packages/airflow/example_dags/example_task_group_decorator.py took 0.573 seconds
[2023-05-21T17:02:17.723+0530] {processor.py:156} INFO - Started process (PID=56508) to work on /home/feuer/.local/lib/python3.10/site-packages/airflow/example_dags/example_task_group_decorator.py
[2023-05-21T17:02:17.875+0530] {processor.py:799} INFO - Processing file /home/feuer/.local/lib/python3.10/site-packages/airflow/example_dags/example_task_group_decorator.py for tasks to queue
[2023-05-21T17:02:17.876+0530] {logging_mixin.py:149} INFO - [2023-05-21T17:02:17.875+0530] {dagbag.py:541} INFO - Filling up the DagBag from /home/feuer/.local/lib/python3.10/site-packages/airflow/example_dags/example_task_group_decorator.py
[2023-05-21T17:02:17.890+0530] {processor.py:809} INFO - DAG(s) dict_keys(['example_task_group_decorator']) retrieved from /home/feuer/.local/lib/python3.10/site-packages/airflow/example_dags/example_task_group_decorator.py
[2023-05-21T17:02:17.914+0530] {logging_mixin.py:149} INFO - [2023-05-21T17:02:17.914+0530] {dag.py:2726} INFO - Sync 1 DAGs
[2023-05-21T17:02:17.933+0530] {logging_mixin.py:149} INFO - [2023-05-21T17:02:17.932+0530] {dag.py:3486} INFO - Setting next_dagrun for example_task_group_decorator to 2023-05-20T11:32:17.932662+00:00, run_after=2023-05-21T11:32:17.932662+00:00
[2023-05-21T17:02:18.358+0530] {processor.py:178} INFO - Processing /home/feuer/.local/lib/python3.10/site-packages/airflow/example_dags/example_task_group_decorator.py took 0.638 seconds
[2023-05-21T17:03:15.701+0530] {processor.py:156} INFO - Started process (PID=56664) to work on /home/feuer/.local/lib/python3.10/site-packages/airflow/example_dags/example_task_group_decorator.py
[2023-05-21T17:03:15.711+0530] {processor.py:799} INFO - Processing file /home/feuer/.local/lib/python3.10/site-packages/airflow/example_dags/example_task_group_decorator.py for tasks to queue
[2023-05-21T17:03:15.712+0530] {logging_mixin.py:149} INFO - [2023-05-21T17:03:15.712+0530] {dagbag.py:541} INFO - Filling up the DagBag from /home/feuer/.local/lib/python3.10/site-packages/airflow/example_dags/example_task_group_decorator.py
[2023-05-21T17:03:15.726+0530] {processor.py:809} INFO - DAG(s) dict_keys(['example_task_group_decorator']) retrieved from /home/feuer/.local/lib/python3.10/site-packages/airflow/example_dags/example_task_group_decorator.py
[2023-05-21T17:03:15.753+0530] {logging_mixin.py:149} INFO - [2023-05-21T17:03:15.753+0530] {dag.py:2726} INFO - Sync 1 DAGs
[2023-05-21T17:03:15.768+0530] {logging_mixin.py:149} INFO - [2023-05-21T17:03:15.768+0530] {dag.py:3486} INFO - Setting next_dagrun for example_task_group_decorator to 2023-05-20T11:33:15.768453+00:00, run_after=2023-05-21T11:33:15.768453+00:00
[2023-05-21T17:03:15.859+0530] {processor.py:178} INFO - Processing /home/feuer/.local/lib/python3.10/site-packages/airflow/example_dags/example_task_group_decorator.py took 0.160 seconds
[2023-05-21T17:04:04.024+0530] {processor.py:156} INFO - Started process (PID=56793) to work on /home/feuer/.local/lib/python3.10/site-packages/airflow/example_dags/example_task_group_decorator.py
[2023-05-21T17:04:04.036+0530] {processor.py:799} INFO - Processing file /home/feuer/.local/lib/python3.10/site-packages/airflow/example_dags/example_task_group_decorator.py for tasks to queue
[2023-05-21T17:04:04.037+0530] {logging_mixin.py:149} INFO - [2023-05-21T17:04:04.036+0530] {dagbag.py:541} INFO - Filling up the DagBag from /home/feuer/.local/lib/python3.10/site-packages/airflow/example_dags/example_task_group_decorator.py
[2023-05-21T17:04:04.044+0530] {processor.py:809} INFO - DAG(s) dict_keys(['example_task_group_decorator']) retrieved from /home/feuer/.local/lib/python3.10/site-packages/airflow/example_dags/example_task_group_decorator.py
[2023-05-21T17:04:04.059+0530] {logging_mixin.py:149} INFO - [2023-05-21T17:04:04.059+0530] {dag.py:2726} INFO - Sync 1 DAGs
[2023-05-21T17:04:04.070+0530] {logging_mixin.py:149} INFO - [2023-05-21T17:04:04.070+0530] {dag.py:3486} INFO - Setting next_dagrun for example_task_group_decorator to 2023-05-20T11:34:04.070264+00:00, run_after=2023-05-21T11:34:04.070264+00:00
[2023-05-21T17:04:04.204+0530] {processor.py:178} INFO - Processing /home/feuer/.local/lib/python3.10/site-packages/airflow/example_dags/example_task_group_decorator.py took 0.182 seconds
[2023-05-21T17:04:49.809+0530] {processor.py:156} INFO - Started process (PID=56907) to work on /home/feuer/.local/lib/python3.10/site-packages/airflow/example_dags/example_task_group_decorator.py
[2023-05-21T17:04:49.824+0530] {processor.py:799} INFO - Processing file /home/feuer/.local/lib/python3.10/site-packages/airflow/example_dags/example_task_group_decorator.py for tasks to queue
[2023-05-21T17:04:49.825+0530] {logging_mixin.py:149} INFO - [2023-05-21T17:04:49.824+0530] {dagbag.py:541} INFO - Filling up the DagBag from /home/feuer/.local/lib/python3.10/site-packages/airflow/example_dags/example_task_group_decorator.py
[2023-05-21T17:04:49.833+0530] {processor.py:809} INFO - DAG(s) dict_keys(['example_task_group_decorator']) retrieved from /home/feuer/.local/lib/python3.10/site-packages/airflow/example_dags/example_task_group_decorator.py
[2023-05-21T17:04:49.848+0530] {logging_mixin.py:149} INFO - [2023-05-21T17:04:49.847+0530] {dag.py:2726} INFO - Sync 1 DAGs
[2023-05-21T17:04:49.858+0530] {logging_mixin.py:149} INFO - [2023-05-21T17:04:49.858+0530] {dag.py:3486} INFO - Setting next_dagrun for example_task_group_decorator to 2023-05-20T11:34:49.858528+00:00, run_after=2023-05-21T11:34:49.858528+00:00
[2023-05-21T17:04:49.932+0530] {processor.py:178} INFO - Processing /home/feuer/.local/lib/python3.10/site-packages/airflow/example_dags/example_task_group_decorator.py took 0.125 seconds
[2023-05-21T17:05:35.704+0530] {processor.py:156} INFO - Started process (PID=57010) to work on /home/feuer/.local/lib/python3.10/site-packages/airflow/example_dags/example_task_group_decorator.py
[2023-05-21T17:05:35.712+0530] {processor.py:799} INFO - Processing file /home/feuer/.local/lib/python3.10/site-packages/airflow/example_dags/example_task_group_decorator.py for tasks to queue
[2023-05-21T17:05:35.712+0530] {logging_mixin.py:149} INFO - [2023-05-21T17:05:35.712+0530] {dagbag.py:541} INFO - Filling up the DagBag from /home/feuer/.local/lib/python3.10/site-packages/airflow/example_dags/example_task_group_decorator.py
[2023-05-21T17:05:35.720+0530] {processor.py:809} INFO - DAG(s) dict_keys(['example_task_group_decorator']) retrieved from /home/feuer/.local/lib/python3.10/site-packages/airflow/example_dags/example_task_group_decorator.py
[2023-05-21T17:05:35.735+0530] {logging_mixin.py:149} INFO - [2023-05-21T17:05:35.735+0530] {dag.py:2726} INFO - Sync 1 DAGs
[2023-05-21T17:05:35.746+0530] {logging_mixin.py:149} INFO - [2023-05-21T17:05:35.746+0530] {dag.py:3486} INFO - Setting next_dagrun for example_task_group_decorator to 2023-05-20T11:35:35.746487+00:00, run_after=2023-05-21T11:35:35.746487+00:00
[2023-05-21T17:05:35.826+0530] {processor.py:178} INFO - Processing /home/feuer/.local/lib/python3.10/site-packages/airflow/example_dags/example_task_group_decorator.py took 0.124 seconds
[2023-05-21T17:06:21.920+0530] {processor.py:156} INFO - Started process (PID=57116) to work on /home/feuer/.local/lib/python3.10/site-packages/airflow/example_dags/example_task_group_decorator.py
[2023-05-21T17:06:21.932+0530] {processor.py:799} INFO - Processing file /home/feuer/.local/lib/python3.10/site-packages/airflow/example_dags/example_task_group_decorator.py for tasks to queue
[2023-05-21T17:06:21.932+0530] {logging_mixin.py:149} INFO - [2023-05-21T17:06:21.932+0530] {dagbag.py:541} INFO - Filling up the DagBag from /home/feuer/.local/lib/python3.10/site-packages/airflow/example_dags/example_task_group_decorator.py
[2023-05-21T17:06:21.947+0530] {processor.py:809} INFO - DAG(s) dict_keys(['example_task_group_decorator']) retrieved from /home/feuer/.local/lib/python3.10/site-packages/airflow/example_dags/example_task_group_decorator.py
[2023-05-21T17:06:21.973+0530] {logging_mixin.py:149} INFO - [2023-05-21T17:06:21.973+0530] {dag.py:2726} INFO - Sync 1 DAGs
[2023-05-21T17:06:21.989+0530] {logging_mixin.py:149} INFO - [2023-05-21T17:06:21.988+0530] {dag.py:3486} INFO - Setting next_dagrun for example_task_group_decorator to 2023-05-20T11:36:21.988834+00:00, run_after=2023-05-21T11:36:21.988834+00:00
[2023-05-21T17:06:22.075+0530] {processor.py:178} INFO - Processing /home/feuer/.local/lib/python3.10/site-packages/airflow/example_dags/example_task_group_decorator.py took 0.158 seconds
[2023-05-21T17:07:05.321+0530] {processor.py:156} INFO - Started process (PID=57220) to work on /home/feuer/.local/lib/python3.10/site-packages/airflow/example_dags/example_task_group_decorator.py
[2023-05-21T17:07:05.322+0530] {processor.py:799} INFO - Processing file /home/feuer/.local/lib/python3.10/site-packages/airflow/example_dags/example_task_group_decorator.py for tasks to queue
[2023-05-21T17:07:05.322+0530] {logging_mixin.py:149} INFO - [2023-05-21T17:07:05.322+0530] {dagbag.py:541} INFO - Filling up the DagBag from /home/feuer/.local/lib/python3.10/site-packages/airflow/example_dags/example_task_group_decorator.py
[2023-05-21T17:07:05.331+0530] {processor.py:809} INFO - DAG(s) dict_keys(['example_task_group_decorator']) retrieved from /home/feuer/.local/lib/python3.10/site-packages/airflow/example_dags/example_task_group_decorator.py
[2023-05-21T17:07:05.345+0530] {logging_mixin.py:149} INFO - [2023-05-21T17:07:05.345+0530] {dag.py:2726} INFO - Sync 1 DAGs
[2023-05-21T17:07:05.355+0530] {logging_mixin.py:149} INFO - [2023-05-21T17:07:05.355+0530] {dag.py:3486} INFO - Setting next_dagrun for example_task_group_decorator to 2023-05-20T11:37:05.355709+00:00, run_after=2023-05-21T11:37:05.355709+00:00
[2023-05-21T17:07:05.438+0530] {processor.py:178} INFO - Processing /home/feuer/.local/lib/python3.10/site-packages/airflow/example_dags/example_task_group_decorator.py took 0.119 seconds
[2023-05-21T17:07:48.159+0530] {processor.py:156} INFO - Started process (PID=57339) to work on /home/feuer/.local/lib/python3.10/site-packages/airflow/example_dags/example_task_group_decorator.py
[2023-05-21T17:07:48.160+0530] {processor.py:799} INFO - Processing file /home/feuer/.local/lib/python3.10/site-packages/airflow/example_dags/example_task_group_decorator.py for tasks to queue
[2023-05-21T17:07:48.160+0530] {logging_mixin.py:149} INFO - [2023-05-21T17:07:48.160+0530] {dagbag.py:541} INFO - Filling up the DagBag from /home/feuer/.local/lib/python3.10/site-packages/airflow/example_dags/example_task_group_decorator.py
[2023-05-21T17:07:48.169+0530] {processor.py:809} INFO - DAG(s) dict_keys(['example_task_group_decorator']) retrieved from /home/feuer/.local/lib/python3.10/site-packages/airflow/example_dags/example_task_group_decorator.py
[2023-05-21T17:07:48.184+0530] {logging_mixin.py:149} INFO - [2023-05-21T17:07:48.183+0530] {dag.py:2726} INFO - Sync 1 DAGs
[2023-05-21T17:07:48.195+0530] {logging_mixin.py:149} INFO - [2023-05-21T17:07:48.194+0530] {dag.py:3486} INFO - Setting next_dagrun for example_task_group_decorator to 2023-05-20T11:37:48.194725+00:00, run_after=2023-05-21T11:37:48.194725+00:00
[2023-05-21T17:07:48.278+0530] {processor.py:178} INFO - Processing /home/feuer/.local/lib/python3.10/site-packages/airflow/example_dags/example_task_group_decorator.py took 0.121 seconds
[2023-05-21T17:08:34.480+0530] {processor.py:156} INFO - Started process (PID=57441) to work on /home/feuer/.local/lib/python3.10/site-packages/airflow/example_dags/example_task_group_decorator.py
[2023-05-21T17:08:34.481+0530] {processor.py:799} INFO - Processing file /home/feuer/.local/lib/python3.10/site-packages/airflow/example_dags/example_task_group_decorator.py for tasks to queue
[2023-05-21T17:08:34.481+0530] {logging_mixin.py:149} INFO - [2023-05-21T17:08:34.481+0530] {dagbag.py:541} INFO - Filling up the DagBag from /home/feuer/.local/lib/python3.10/site-packages/airflow/example_dags/example_task_group_decorator.py
[2023-05-21T17:08:34.495+0530] {processor.py:809} INFO - DAG(s) dict_keys(['example_task_group_decorator']) retrieved from /home/feuer/.local/lib/python3.10/site-packages/airflow/example_dags/example_task_group_decorator.py
[2023-05-21T17:08:34.520+0530] {logging_mixin.py:149} INFO - [2023-05-21T17:08:34.520+0530] {dag.py:2726} INFO - Sync 1 DAGs
[2023-05-21T17:08:34.532+0530] {logging_mixin.py:149} INFO - [2023-05-21T17:08:34.532+0530] {dag.py:3486} INFO - Setting next_dagrun for example_task_group_decorator to 2023-05-20T11:38:34.532643+00:00, run_after=2023-05-21T11:38:34.532643+00:00
[2023-05-21T17:08:34.607+0530] {processor.py:178} INFO - Processing /home/feuer/.local/lib/python3.10/site-packages/airflow/example_dags/example_task_group_decorator.py took 0.130 seconds
[2023-05-21T17:09:20.108+0530] {processor.py:156} INFO - Started process (PID=57586) to work on /home/feuer/.local/lib/python3.10/site-packages/airflow/example_dags/example_task_group_decorator.py
[2023-05-21T17:09:20.119+0530] {processor.py:799} INFO - Processing file /home/feuer/.local/lib/python3.10/site-packages/airflow/example_dags/example_task_group_decorator.py for tasks to queue
[2023-05-21T17:09:20.119+0530] {logging_mixin.py:149} INFO - [2023-05-21T17:09:20.119+0530] {dagbag.py:541} INFO - Filling up the DagBag from /home/feuer/.local/lib/python3.10/site-packages/airflow/example_dags/example_task_group_decorator.py
[2023-05-21T17:09:20.134+0530] {processor.py:809} INFO - DAG(s) dict_keys(['example_task_group_decorator']) retrieved from /home/feuer/.local/lib/python3.10/site-packages/airflow/example_dags/example_task_group_decorator.py
[2023-05-21T17:09:20.160+0530] {logging_mixin.py:149} INFO - [2023-05-21T17:09:20.159+0530] {dag.py:2726} INFO - Sync 1 DAGs
[2023-05-21T17:09:20.175+0530] {logging_mixin.py:149} INFO - [2023-05-21T17:09:20.175+0530] {dag.py:3486} INFO - Setting next_dagrun for example_task_group_decorator to 2023-05-20T11:39:20.175369+00:00, run_after=2023-05-21T11:39:20.175369+00:00
[2023-05-21T17:09:20.254+0530] {processor.py:178} INFO - Processing /home/feuer/.local/lib/python3.10/site-packages/airflow/example_dags/example_task_group_decorator.py took 0.149 seconds
[2023-05-21T17:10:04.887+0530] {processor.py:156} INFO - Started process (PID=57700) to work on /home/feuer/.local/lib/python3.10/site-packages/airflow/example_dags/example_task_group_decorator.py
[2023-05-21T17:10:04.915+0530] {processor.py:799} INFO - Processing file /home/feuer/.local/lib/python3.10/site-packages/airflow/example_dags/example_task_group_decorator.py for tasks to queue
[2023-05-21T17:10:04.916+0530] {logging_mixin.py:149} INFO - [2023-05-21T17:10:04.916+0530] {dagbag.py:541} INFO - Filling up the DagBag from /home/feuer/.local/lib/python3.10/site-packages/airflow/example_dags/example_task_group_decorator.py
[2023-05-21T17:10:04.930+0530] {processor.py:809} INFO - DAG(s) dict_keys(['example_task_group_decorator']) retrieved from /home/feuer/.local/lib/python3.10/site-packages/airflow/example_dags/example_task_group_decorator.py
[2023-05-21T17:10:04.945+0530] {logging_mixin.py:149} INFO - [2023-05-21T17:10:04.945+0530] {dag.py:2726} INFO - Sync 1 DAGs
[2023-05-21T17:10:04.957+0530] {logging_mixin.py:149} INFO - [2023-05-21T17:10:04.956+0530] {dag.py:3486} INFO - Setting next_dagrun for example_task_group_decorator to 2023-05-20T11:40:04.956796+00:00, run_after=2023-05-21T11:40:04.956796+00:00
[2023-05-21T17:10:05.052+0530] {processor.py:178} INFO - Processing /home/feuer/.local/lib/python3.10/site-packages/airflow/example_dags/example_task_group_decorator.py took 0.166 seconds
[2023-05-21T17:10:51.726+0530] {processor.py:156} INFO - Started process (PID=57805) to work on /home/feuer/.local/lib/python3.10/site-packages/airflow/example_dags/example_task_group_decorator.py
[2023-05-21T17:10:51.739+0530] {processor.py:799} INFO - Processing file /home/feuer/.local/lib/python3.10/site-packages/airflow/example_dags/example_task_group_decorator.py for tasks to queue
[2023-05-21T17:10:51.740+0530] {logging_mixin.py:149} INFO - [2023-05-21T17:10:51.739+0530] {dagbag.py:541} INFO - Filling up the DagBag from /home/feuer/.local/lib/python3.10/site-packages/airflow/example_dags/example_task_group_decorator.py
[2023-05-21T17:10:51.748+0530] {processor.py:809} INFO - DAG(s) dict_keys(['example_task_group_decorator']) retrieved from /home/feuer/.local/lib/python3.10/site-packages/airflow/example_dags/example_task_group_decorator.py
[2023-05-21T17:10:51.764+0530] {logging_mixin.py:149} INFO - [2023-05-21T17:10:51.763+0530] {dag.py:2726} INFO - Sync 1 DAGs
[2023-05-21T17:10:51.774+0530] {logging_mixin.py:149} INFO - [2023-05-21T17:10:51.774+0530] {dag.py:3486} INFO - Setting next_dagrun for example_task_group_decorator to 2023-05-20T11:40:51.774468+00:00, run_after=2023-05-21T11:40:51.774468+00:00
[2023-05-21T17:10:51.997+0530] {processor.py:178} INFO - Processing /home/feuer/.local/lib/python3.10/site-packages/airflow/example_dags/example_task_group_decorator.py took 0.272 seconds
[2023-05-21T17:11:38.708+0530] {processor.py:156} INFO - Started process (PID=57926) to work on /home/feuer/.local/lib/python3.10/site-packages/airflow/example_dags/example_task_group_decorator.py
[2023-05-21T17:11:38.719+0530] {processor.py:799} INFO - Processing file /home/feuer/.local/lib/python3.10/site-packages/airflow/example_dags/example_task_group_decorator.py for tasks to queue
[2023-05-21T17:11:38.720+0530] {logging_mixin.py:149} INFO - [2023-05-21T17:11:38.720+0530] {dagbag.py:541} INFO - Filling up the DagBag from /home/feuer/.local/lib/python3.10/site-packages/airflow/example_dags/example_task_group_decorator.py
[2023-05-21T17:11:38.728+0530] {processor.py:809} INFO - DAG(s) dict_keys(['example_task_group_decorator']) retrieved from /home/feuer/.local/lib/python3.10/site-packages/airflow/example_dags/example_task_group_decorator.py
[2023-05-21T17:11:38.742+0530] {logging_mixin.py:149} INFO - [2023-05-21T17:11:38.742+0530] {dag.py:2726} INFO - Sync 1 DAGs
[2023-05-21T17:11:38.753+0530] {logging_mixin.py:149} INFO - [2023-05-21T17:11:38.752+0530] {dag.py:3486} INFO - Setting next_dagrun for example_task_group_decorator to 2023-05-20T11:41:38.752720+00:00, run_after=2023-05-21T11:41:38.752720+00:00
[2023-05-21T17:11:38.836+0530] {processor.py:178} INFO - Processing /home/feuer/.local/lib/python3.10/site-packages/airflow/example_dags/example_task_group_decorator.py took 0.130 seconds
[2023-05-21T17:12:25.517+0530] {processor.py:156} INFO - Started process (PID=58036) to work on /home/feuer/.local/lib/python3.10/site-packages/airflow/example_dags/example_task_group_decorator.py
[2023-05-21T17:12:25.533+0530] {processor.py:799} INFO - Processing file /home/feuer/.local/lib/python3.10/site-packages/airflow/example_dags/example_task_group_decorator.py for tasks to queue
[2023-05-21T17:12:25.533+0530] {logging_mixin.py:149} INFO - [2023-05-21T17:12:25.533+0530] {dagbag.py:541} INFO - Filling up the DagBag from /home/feuer/.local/lib/python3.10/site-packages/airflow/example_dags/example_task_group_decorator.py
[2023-05-21T17:12:25.542+0530] {processor.py:809} INFO - DAG(s) dict_keys(['example_task_group_decorator']) retrieved from /home/feuer/.local/lib/python3.10/site-packages/airflow/example_dags/example_task_group_decorator.py
[2023-05-21T17:12:25.558+0530] {logging_mixin.py:149} INFO - [2023-05-21T17:12:25.558+0530] {dag.py:2726} INFO - Sync 1 DAGs
[2023-05-21T17:12:25.569+0530] {logging_mixin.py:149} INFO - [2023-05-21T17:12:25.569+0530] {dag.py:3486} INFO - Setting next_dagrun for example_task_group_decorator to 2023-05-20T11:42:25.569411+00:00, run_after=2023-05-21T11:42:25.569411+00:00
[2023-05-21T17:12:25.649+0530] {processor.py:178} INFO - Processing /home/feuer/.local/lib/python3.10/site-packages/airflow/example_dags/example_task_group_decorator.py took 0.134 seconds
[2023-05-21T17:13:09.887+0530] {processor.py:156} INFO - Started process (PID=58150) to work on /home/feuer/.local/lib/python3.10/site-packages/airflow/example_dags/example_task_group_decorator.py
[2023-05-21T17:13:09.888+0530] {processor.py:799} INFO - Processing file /home/feuer/.local/lib/python3.10/site-packages/airflow/example_dags/example_task_group_decorator.py for tasks to queue
[2023-05-21T17:13:09.889+0530] {logging_mixin.py:149} INFO - [2023-05-21T17:13:09.889+0530] {dagbag.py:541} INFO - Filling up the DagBag from /home/feuer/.local/lib/python3.10/site-packages/airflow/example_dags/example_task_group_decorator.py
[2023-05-21T17:13:09.900+0530] {processor.py:809} INFO - DAG(s) dict_keys(['example_task_group_decorator']) retrieved from /home/feuer/.local/lib/python3.10/site-packages/airflow/example_dags/example_task_group_decorator.py
[2023-05-21T17:13:09.915+0530] {logging_mixin.py:149} INFO - [2023-05-21T17:13:09.915+0530] {dag.py:2726} INFO - Sync 1 DAGs
[2023-05-21T17:13:09.926+0530] {logging_mixin.py:149} INFO - [2023-05-21T17:13:09.926+0530] {dag.py:3486} INFO - Setting next_dagrun for example_task_group_decorator to 2023-05-20T11:43:09.926286+00:00, run_after=2023-05-21T11:43:09.926286+00:00
[2023-05-21T17:13:10.004+0530] {processor.py:178} INFO - Processing /home/feuer/.local/lib/python3.10/site-packages/airflow/example_dags/example_task_group_decorator.py took 0.119 seconds
[2023-05-21T17:13:52.260+0530] {processor.py:156} INFO - Started process (PID=58257) to work on /home/feuer/.local/lib/python3.10/site-packages/airflow/example_dags/example_task_group_decorator.py
[2023-05-21T17:13:52.261+0530] {processor.py:799} INFO - Processing file /home/feuer/.local/lib/python3.10/site-packages/airflow/example_dags/example_task_group_decorator.py for tasks to queue
[2023-05-21T17:13:52.261+0530] {logging_mixin.py:149} INFO - [2023-05-21T17:13:52.261+0530] {dagbag.py:541} INFO - Filling up the DagBag from /home/feuer/.local/lib/python3.10/site-packages/airflow/example_dags/example_task_group_decorator.py
[2023-05-21T17:13:52.269+0530] {processor.py:809} INFO - DAG(s) dict_keys(['example_task_group_decorator']) retrieved from /home/feuer/.local/lib/python3.10/site-packages/airflow/example_dags/example_task_group_decorator.py
[2023-05-21T17:13:52.285+0530] {logging_mixin.py:149} INFO - [2023-05-21T17:13:52.284+0530] {dag.py:2726} INFO - Sync 1 DAGs
[2023-05-21T17:13:52.295+0530] {logging_mixin.py:149} INFO - [2023-05-21T17:13:52.295+0530] {dag.py:3486} INFO - Setting next_dagrun for example_task_group_decorator to 2023-05-20T11:43:52.295463+00:00, run_after=2023-05-21T11:43:52.295463+00:00
[2023-05-21T17:13:52.375+0530] {processor.py:178} INFO - Processing /home/feuer/.local/lib/python3.10/site-packages/airflow/example_dags/example_task_group_decorator.py took 0.117 seconds
[2023-05-21T17:14:40.392+0530] {processor.py:156} INFO - Started process (PID=58371) to work on /home/feuer/.local/lib/python3.10/site-packages/airflow/example_dags/example_task_group_decorator.py
[2023-05-21T17:14:40.406+0530] {processor.py:799} INFO - Processing file /home/feuer/.local/lib/python3.10/site-packages/airflow/example_dags/example_task_group_decorator.py for tasks to queue
[2023-05-21T17:14:40.406+0530] {logging_mixin.py:149} INFO - [2023-05-21T17:14:40.406+0530] {dagbag.py:541} INFO - Filling up the DagBag from /home/feuer/.local/lib/python3.10/site-packages/airflow/example_dags/example_task_group_decorator.py
[2023-05-21T17:14:40.415+0530] {processor.py:809} INFO - DAG(s) dict_keys(['example_task_group_decorator']) retrieved from /home/feuer/.local/lib/python3.10/site-packages/airflow/example_dags/example_task_group_decorator.py
[2023-05-21T17:14:40.429+0530] {logging_mixin.py:149} INFO - [2023-05-21T17:14:40.429+0530] {dag.py:2726} INFO - Sync 1 DAGs
[2023-05-21T17:14:40.440+0530] {logging_mixin.py:149} INFO - [2023-05-21T17:14:40.440+0530] {dag.py:3486} INFO - Setting next_dagrun for example_task_group_decorator to 2023-05-20T11:44:40.440445+00:00, run_after=2023-05-21T11:44:40.440445+00:00
[2023-05-21T17:14:40.523+0530] {processor.py:178} INFO - Processing /home/feuer/.local/lib/python3.10/site-packages/airflow/example_dags/example_task_group_decorator.py took 0.134 seconds
[2023-05-21T17:15:28.871+0530] {processor.py:156} INFO - Started process (PID=58496) to work on /home/feuer/.local/lib/python3.10/site-packages/airflow/example_dags/example_task_group_decorator.py
[2023-05-21T17:15:28.886+0530] {processor.py:799} INFO - Processing file /home/feuer/.local/lib/python3.10/site-packages/airflow/example_dags/example_task_group_decorator.py for tasks to queue
[2023-05-21T17:15:28.887+0530] {logging_mixin.py:149} INFO - [2023-05-21T17:15:28.887+0530] {dagbag.py:541} INFO - Filling up the DagBag from /home/feuer/.local/lib/python3.10/site-packages/airflow/example_dags/example_task_group_decorator.py
[2023-05-21T17:15:28.901+0530] {processor.py:809} INFO - DAG(s) dict_keys(['example_task_group_decorator']) retrieved from /home/feuer/.local/lib/python3.10/site-packages/airflow/example_dags/example_task_group_decorator.py
[2023-05-21T17:15:28.926+0530] {logging_mixin.py:149} INFO - [2023-05-21T17:15:28.926+0530] {dag.py:2726} INFO - Sync 1 DAGs
[2023-05-21T17:15:28.943+0530] {logging_mixin.py:149} INFO - [2023-05-21T17:15:28.943+0530] {dag.py:3486} INFO - Setting next_dagrun for example_task_group_decorator to 2023-05-20T11:45:28.943640+00:00, run_after=2023-05-21T11:45:28.943640+00:00
[2023-05-21T17:15:29.021+0530] {processor.py:178} INFO - Processing /home/feuer/.local/lib/python3.10/site-packages/airflow/example_dags/example_task_group_decorator.py took 0.153 seconds
[2023-05-21T17:16:16.838+0530] {processor.py:156} INFO - Started process (PID=58605) to work on /home/feuer/.local/lib/python3.10/site-packages/airflow/example_dags/example_task_group_decorator.py
[2023-05-21T17:16:16.839+0530] {processor.py:799} INFO - Processing file /home/feuer/.local/lib/python3.10/site-packages/airflow/example_dags/example_task_group_decorator.py for tasks to queue
[2023-05-21T17:16:16.840+0530] {logging_mixin.py:149} INFO - [2023-05-21T17:16:16.839+0530] {dagbag.py:541} INFO - Filling up the DagBag from /home/feuer/.local/lib/python3.10/site-packages/airflow/example_dags/example_task_group_decorator.py
[2023-05-21T17:16:16.854+0530] {processor.py:809} INFO - DAG(s) dict_keys(['example_task_group_decorator']) retrieved from /home/feuer/.local/lib/python3.10/site-packages/airflow/example_dags/example_task_group_decorator.py
[2023-05-21T17:16:16.878+0530] {logging_mixin.py:149} INFO - [2023-05-21T17:16:16.878+0530] {dag.py:2726} INFO - Sync 1 DAGs
[2023-05-21T17:16:16.890+0530] {logging_mixin.py:149} INFO - [2023-05-21T17:16:16.890+0530] {dag.py:3486} INFO - Setting next_dagrun for example_task_group_decorator to 2023-05-20T11:46:16.889857+00:00, run_after=2023-05-21T11:46:16.889857+00:00
[2023-05-21T17:16:16.966+0530] {processor.py:178} INFO - Processing /home/feuer/.local/lib/python3.10/site-packages/airflow/example_dags/example_task_group_decorator.py took 0.130 seconds
[2023-05-21T17:17:02.843+0530] {processor.py:156} INFO - Started process (PID=58710) to work on /home/feuer/.local/lib/python3.10/site-packages/airflow/example_dags/example_task_group_decorator.py
[2023-05-21T17:17:02.859+0530] {processor.py:799} INFO - Processing file /home/feuer/.local/lib/python3.10/site-packages/airflow/example_dags/example_task_group_decorator.py for tasks to queue
[2023-05-21T17:17:02.860+0530] {logging_mixin.py:149} INFO - [2023-05-21T17:17:02.860+0530] {dagbag.py:541} INFO - Filling up the DagBag from /home/feuer/.local/lib/python3.10/site-packages/airflow/example_dags/example_task_group_decorator.py
[2023-05-21T17:17:02.874+0530] {processor.py:809} INFO - DAG(s) dict_keys(['example_task_group_decorator']) retrieved from /home/feuer/.local/lib/python3.10/site-packages/airflow/example_dags/example_task_group_decorator.py
[2023-05-21T17:17:02.899+0530] {logging_mixin.py:149} INFO - [2023-05-21T17:17:02.899+0530] {dag.py:2726} INFO - Sync 1 DAGs
[2023-05-21T17:17:02.916+0530] {logging_mixin.py:149} INFO - [2023-05-21T17:17:02.916+0530] {dag.py:3486} INFO - Setting next_dagrun for example_task_group_decorator to 2023-05-20T11:47:02.916010+00:00, run_after=2023-05-21T11:47:02.916010+00:00
[2023-05-21T17:17:02.993+0530] {processor.py:178} INFO - Processing /home/feuer/.local/lib/python3.10/site-packages/airflow/example_dags/example_task_group_decorator.py took 0.153 seconds
[2023-05-21T17:17:49.773+0530] {processor.py:156} INFO - Started process (PID=58824) to work on /home/feuer/.local/lib/python3.10/site-packages/airflow/example_dags/example_task_group_decorator.py
[2023-05-21T17:17:49.773+0530] {processor.py:799} INFO - Processing file /home/feuer/.local/lib/python3.10/site-packages/airflow/example_dags/example_task_group_decorator.py for tasks to queue
[2023-05-21T17:17:49.774+0530] {logging_mixin.py:149} INFO - [2023-05-21T17:17:49.774+0530] {dagbag.py:541} INFO - Filling up the DagBag from /home/feuer/.local/lib/python3.10/site-packages/airflow/example_dags/example_task_group_decorator.py
[2023-05-21T17:17:49.788+0530] {processor.py:809} INFO - DAG(s) dict_keys(['example_task_group_decorator']) retrieved from /home/feuer/.local/lib/python3.10/site-packages/airflow/example_dags/example_task_group_decorator.py
[2023-05-21T17:17:49.812+0530] {logging_mixin.py:149} INFO - [2023-05-21T17:17:49.812+0530] {dag.py:2726} INFO - Sync 1 DAGs
[2023-05-21T17:17:49.823+0530] {logging_mixin.py:149} INFO - [2023-05-21T17:17:49.823+0530] {dag.py:3486} INFO - Setting next_dagrun for example_task_group_decorator to 2023-05-20T11:47:49.823660+00:00, run_after=2023-05-21T11:47:49.823660+00:00
[2023-05-21T17:17:49.904+0530] {processor.py:178} INFO - Processing /home/feuer/.local/lib/python3.10/site-packages/airflow/example_dags/example_task_group_decorator.py took 0.134 seconds
[2023-05-21T17:18:34.536+0530] {processor.py:156} INFO - Started process (PID=58936) to work on /home/feuer/.local/lib/python3.10/site-packages/airflow/example_dags/example_task_group_decorator.py
[2023-05-21T17:18:34.537+0530] {processor.py:799} INFO - Processing file /home/feuer/.local/lib/python3.10/site-packages/airflow/example_dags/example_task_group_decorator.py for tasks to queue
[2023-05-21T17:18:34.537+0530] {logging_mixin.py:149} INFO - [2023-05-21T17:18:34.537+0530] {dagbag.py:541} INFO - Filling up the DagBag from /home/feuer/.local/lib/python3.10/site-packages/airflow/example_dags/example_task_group_decorator.py
[2023-05-21T17:18:34.551+0530] {processor.py:809} INFO - DAG(s) dict_keys(['example_task_group_decorator']) retrieved from /home/feuer/.local/lib/python3.10/site-packages/airflow/example_dags/example_task_group_decorator.py
[2023-05-21T17:18:34.575+0530] {logging_mixin.py:149} INFO - [2023-05-21T17:18:34.575+0530] {dag.py:2726} INFO - Sync 1 DAGs
[2023-05-21T17:18:34.587+0530] {logging_mixin.py:149} INFO - [2023-05-21T17:18:34.587+0530] {dag.py:3486} INFO - Setting next_dagrun for example_task_group_decorator to 2023-05-20T11:48:34.587125+00:00, run_after=2023-05-21T11:48:34.587125+00:00
[2023-05-21T17:18:34.676+0530] {processor.py:178} INFO - Processing /home/feuer/.local/lib/python3.10/site-packages/airflow/example_dags/example_task_group_decorator.py took 0.143 seconds
[2023-05-21T17:19:21.330+0530] {processor.py:156} INFO - Started process (PID=59048) to work on /home/feuer/.local/lib/python3.10/site-packages/airflow/example_dags/example_task_group_decorator.py
[2023-05-21T17:19:21.343+0530] {processor.py:799} INFO - Processing file /home/feuer/.local/lib/python3.10/site-packages/airflow/example_dags/example_task_group_decorator.py for tasks to queue
[2023-05-21T17:19:21.344+0530] {logging_mixin.py:149} INFO - [2023-05-21T17:19:21.344+0530] {dagbag.py:541} INFO - Filling up the DagBag from /home/feuer/.local/lib/python3.10/site-packages/airflow/example_dags/example_task_group_decorator.py
[2023-05-21T17:19:21.358+0530] {processor.py:809} INFO - DAG(s) dict_keys(['example_task_group_decorator']) retrieved from /home/feuer/.local/lib/python3.10/site-packages/airflow/example_dags/example_task_group_decorator.py
[2023-05-21T17:19:21.382+0530] {logging_mixin.py:149} INFO - [2023-05-21T17:19:21.382+0530] {dag.py:2726} INFO - Sync 1 DAGs
[2023-05-21T17:19:21.400+0530] {logging_mixin.py:149} INFO - [2023-05-21T17:19:21.399+0530] {dag.py:3486} INFO - Setting next_dagrun for example_task_group_decorator to 2023-05-20T11:49:21.399712+00:00, run_after=2023-05-21T11:49:21.399712+00:00
[2023-05-21T17:19:21.491+0530] {processor.py:178} INFO - Processing /home/feuer/.local/lib/python3.10/site-packages/airflow/example_dags/example_task_group_decorator.py took 0.164 seconds
[2023-05-21T17:20:08.150+0530] {processor.py:156} INFO - Started process (PID=59172) to work on /home/feuer/.local/lib/python3.10/site-packages/airflow/example_dags/example_task_group_decorator.py
[2023-05-21T17:20:08.166+0530] {processor.py:799} INFO - Processing file /home/feuer/.local/lib/python3.10/site-packages/airflow/example_dags/example_task_group_decorator.py for tasks to queue
[2023-05-21T17:20:08.166+0530] {logging_mixin.py:149} INFO - [2023-05-21T17:20:08.166+0530] {dagbag.py:541} INFO - Filling up the DagBag from /home/feuer/.local/lib/python3.10/site-packages/airflow/example_dags/example_task_group_decorator.py
[2023-05-21T17:20:08.180+0530] {processor.py:809} INFO - DAG(s) dict_keys(['example_task_group_decorator']) retrieved from /home/feuer/.local/lib/python3.10/site-packages/airflow/example_dags/example_task_group_decorator.py
[2023-05-21T17:20:08.205+0530] {logging_mixin.py:149} INFO - [2023-05-21T17:20:08.205+0530] {dag.py:2726} INFO - Sync 1 DAGs
[2023-05-21T17:20:08.222+0530] {logging_mixin.py:149} INFO - [2023-05-21T17:20:08.222+0530] {dag.py:3486} INFO - Setting next_dagrun for example_task_group_decorator to 2023-05-20T11:50:08.222231+00:00, run_after=2023-05-21T11:50:08.222231+00:00
[2023-05-21T17:20:08.321+0530] {processor.py:178} INFO - Processing /home/feuer/.local/lib/python3.10/site-packages/airflow/example_dags/example_task_group_decorator.py took 0.174 seconds
[2023-05-21T17:21:27.151+0530] {processor.py:156} INFO - Started process (PID=59510) to work on /home/feuer/.local/lib/python3.10/site-packages/airflow/example_dags/example_task_group_decorator.py
[2023-05-21T17:21:27.261+0530] {processor.py:799} INFO - Processing file /home/feuer/.local/lib/python3.10/site-packages/airflow/example_dags/example_task_group_decorator.py for tasks to queue
[2023-05-21T17:21:27.262+0530] {logging_mixin.py:149} INFO - [2023-05-21T17:21:27.262+0530] {dagbag.py:541} INFO - Filling up the DagBag from /home/feuer/.local/lib/python3.10/site-packages/airflow/example_dags/example_task_group_decorator.py
[2023-05-21T17:21:27.286+0530] {processor.py:809} INFO - DAG(s) dict_keys(['example_task_group_decorator']) retrieved from /home/feuer/.local/lib/python3.10/site-packages/airflow/example_dags/example_task_group_decorator.py
[2023-05-21T17:21:27.319+0530] {logging_mixin.py:149} INFO - [2023-05-21T17:21:27.319+0530] {dag.py:2726} INFO - Sync 1 DAGs
[2023-05-21T17:21:27.339+0530] {logging_mixin.py:149} INFO - [2023-05-21T17:21:27.339+0530] {dag.py:3486} INFO - Setting next_dagrun for example_task_group_decorator to 2023-05-20T11:51:27.339591+00:00, run_after=2023-05-21T11:51:27.339591+00:00
[2023-05-21T17:21:28.010+0530] {processor.py:178} INFO - Processing /home/feuer/.local/lib/python3.10/site-packages/airflow/example_dags/example_task_group_decorator.py took 0.863 seconds
[2023-05-21T17:22:27.579+0530] {processor.py:156} INFO - Started process (PID=59695) to work on /home/feuer/.local/lib/python3.10/site-packages/airflow/example_dags/example_task_group_decorator.py
[2023-05-21T17:22:27.598+0530] {processor.py:799} INFO - Processing file /home/feuer/.local/lib/python3.10/site-packages/airflow/example_dags/example_task_group_decorator.py for tasks to queue
[2023-05-21T17:22:27.599+0530] {logging_mixin.py:149} INFO - [2023-05-21T17:22:27.599+0530] {dagbag.py:541} INFO - Filling up the DagBag from /home/feuer/.local/lib/python3.10/site-packages/airflow/example_dags/example_task_group_decorator.py
[2023-05-21T17:22:27.613+0530] {processor.py:809} INFO - DAG(s) dict_keys(['example_task_group_decorator']) retrieved from /home/feuer/.local/lib/python3.10/site-packages/airflow/example_dags/example_task_group_decorator.py
[2023-05-21T17:22:27.638+0530] {logging_mixin.py:149} INFO - [2023-05-21T17:22:27.638+0530] {dag.py:2726} INFO - Sync 1 DAGs
[2023-05-21T17:22:27.657+0530] {logging_mixin.py:149} INFO - [2023-05-21T17:22:27.657+0530] {dag.py:3486} INFO - Setting next_dagrun for example_task_group_decorator to 2023-05-20T11:52:27.657222+00:00, run_after=2023-05-21T11:52:27.657222+00:00
[2023-05-21T17:22:27.973+0530] {processor.py:178} INFO - Processing /home/feuer/.local/lib/python3.10/site-packages/airflow/example_dags/example_task_group_decorator.py took 0.397 seconds
