[2023-05-21T19:39:52.074+0530] {processor.py:156} INFO - Started process (PID=23830) to work on /home/feuer/.local/lib/python3.10/site-packages/airflow/example_dags/example_setup_teardown.py
[2023-05-21T19:39:52.075+0530] {processor.py:799} INFO - Processing file /home/feuer/.local/lib/python3.10/site-packages/airflow/example_dags/example_setup_teardown.py for tasks to queue
[2023-05-21T19:39:52.076+0530] {logging_mixin.py:149} INFO - [2023-05-21T19:39:52.076+0530] {dagbag.py:541} INFO - Filling up the DagBag from /home/feuer/.local/lib/python3.10/site-packages/airflow/example_dags/example_setup_teardown.py
[2023-05-21T19:39:52.084+0530] {processor.py:811} WARNING - No viable dags retrieved from /home/feuer/.local/lib/python3.10/site-packages/airflow/example_dags/example_setup_teardown.py
[2023-05-21T19:39:52.094+0530] {processor.py:178} INFO - Processing /home/feuer/.local/lib/python3.10/site-packages/airflow/example_dags/example_setup_teardown.py took 0.023 seconds
[2023-05-21T19:41:04.490+0530] {processor.py:156} INFO - Started process (PID=24084) to work on /home/feuer/.local/lib/python3.10/site-packages/airflow/example_dags/example_setup_teardown.py
[2023-05-21T19:41:04.521+0530] {processor.py:799} INFO - Processing file /home/feuer/.local/lib/python3.10/site-packages/airflow/example_dags/example_setup_teardown.py for tasks to queue
[2023-05-21T19:41:04.522+0530] {logging_mixin.py:149} INFO - [2023-05-21T19:41:04.522+0530] {dagbag.py:541} INFO - Filling up the DagBag from /home/feuer/.local/lib/python3.10/site-packages/airflow/example_dags/example_setup_teardown.py
[2023-05-21T19:41:04.553+0530] {processor.py:811} WARNING - No viable dags retrieved from /home/feuer/.local/lib/python3.10/site-packages/airflow/example_dags/example_setup_teardown.py
[2023-05-21T19:41:04.564+0530] {processor.py:178} INFO - Processing /home/feuer/.local/lib/python3.10/site-packages/airflow/example_dags/example_setup_teardown.py took 0.076 seconds
[2023-05-21T19:42:24.865+0530] {processor.py:156} INFO - Started process (PID=24538) to work on /home/feuer/.local/lib/python3.10/site-packages/airflow/example_dags/example_setup_teardown.py
[2023-05-21T19:42:24.875+0530] {processor.py:799} INFO - Processing file /home/feuer/.local/lib/python3.10/site-packages/airflow/example_dags/example_setup_teardown.py for tasks to queue
[2023-05-21T19:42:24.876+0530] {logging_mixin.py:149} INFO - [2023-05-21T19:42:24.876+0530] {dagbag.py:541} INFO - Filling up the DagBag from /home/feuer/.local/lib/python3.10/site-packages/airflow/example_dags/example_setup_teardown.py
[2023-05-21T19:42:24.878+0530] {processor.py:811} WARNING - No viable dags retrieved from /home/feuer/.local/lib/python3.10/site-packages/airflow/example_dags/example_setup_teardown.py
[2023-05-21T19:42:24.889+0530] {processor.py:178} INFO - Processing /home/feuer/.local/lib/python3.10/site-packages/airflow/example_dags/example_setup_teardown.py took 0.028 seconds
[2023-05-21T19:43:21.231+0530] {processor.py:156} INFO - Started process (PID=24719) to work on /home/feuer/.local/lib/python3.10/site-packages/airflow/example_dags/example_setup_teardown.py
[2023-05-21T19:43:21.232+0530] {processor.py:799} INFO - Processing file /home/feuer/.local/lib/python3.10/site-packages/airflow/example_dags/example_setup_teardown.py for tasks to queue
[2023-05-21T19:43:21.232+0530] {logging_mixin.py:149} INFO - [2023-05-21T19:43:21.232+0530] {dagbag.py:541} INFO - Filling up the DagBag from /home/feuer/.local/lib/python3.10/site-packages/airflow/example_dags/example_setup_teardown.py
[2023-05-21T19:43:21.233+0530] {processor.py:811} WARNING - No viable dags retrieved from /home/feuer/.local/lib/python3.10/site-packages/airflow/example_dags/example_setup_teardown.py
[2023-05-21T19:43:21.241+0530] {processor.py:178} INFO - Processing /home/feuer/.local/lib/python3.10/site-packages/airflow/example_dags/example_setup_teardown.py took 0.012 seconds
[2023-05-21T19:44:14.625+0530] {processor.py:156} INFO - Started process (PID=24855) to work on /home/feuer/.local/lib/python3.10/site-packages/airflow/example_dags/example_setup_teardown.py
[2023-05-21T19:44:14.626+0530] {processor.py:799} INFO - Processing file /home/feuer/.local/lib/python3.10/site-packages/airflow/example_dags/example_setup_teardown.py for tasks to queue
[2023-05-21T19:44:14.627+0530] {logging_mixin.py:149} INFO - [2023-05-21T19:44:14.627+0530] {dagbag.py:541} INFO - Filling up the DagBag from /home/feuer/.local/lib/python3.10/site-packages/airflow/example_dags/example_setup_teardown.py
[2023-05-21T19:44:14.629+0530] {processor.py:811} WARNING - No viable dags retrieved from /home/feuer/.local/lib/python3.10/site-packages/airflow/example_dags/example_setup_teardown.py
[2023-05-21T19:44:14.638+0530] {processor.py:178} INFO - Processing /home/feuer/.local/lib/python3.10/site-packages/airflow/example_dags/example_setup_teardown.py took 0.016 seconds
[2023-05-21T19:45:08.509+0530] {processor.py:156} INFO - Started process (PID=24998) to work on /home/feuer/.local/lib/python3.10/site-packages/airflow/example_dags/example_setup_teardown.py
[2023-05-21T19:45:08.511+0530] {processor.py:799} INFO - Processing file /home/feuer/.local/lib/python3.10/site-packages/airflow/example_dags/example_setup_teardown.py for tasks to queue
[2023-05-21T19:45:08.511+0530] {logging_mixin.py:149} INFO - [2023-05-21T19:45:08.511+0530] {dagbag.py:541} INFO - Filling up the DagBag from /home/feuer/.local/lib/python3.10/site-packages/airflow/example_dags/example_setup_teardown.py
[2023-05-21T19:45:08.512+0530] {processor.py:811} WARNING - No viable dags retrieved from /home/feuer/.local/lib/python3.10/site-packages/airflow/example_dags/example_setup_teardown.py
[2023-05-21T19:45:08.519+0530] {processor.py:178} INFO - Processing /home/feuer/.local/lib/python3.10/site-packages/airflow/example_dags/example_setup_teardown.py took 0.013 seconds
[2023-05-21T19:46:02.173+0530] {processor.py:156} INFO - Started process (PID=25113) to work on /home/feuer/.local/lib/python3.10/site-packages/airflow/example_dags/example_setup_teardown.py
[2023-05-21T19:46:02.183+0530] {processor.py:799} INFO - Processing file /home/feuer/.local/lib/python3.10/site-packages/airflow/example_dags/example_setup_teardown.py for tasks to queue
[2023-05-21T19:46:02.183+0530] {logging_mixin.py:149} INFO - [2023-05-21T19:46:02.183+0530] {dagbag.py:541} INFO - Filling up the DagBag from /home/feuer/.local/lib/python3.10/site-packages/airflow/example_dags/example_setup_teardown.py
[2023-05-21T19:46:02.184+0530] {processor.py:811} WARNING - No viable dags retrieved from /home/feuer/.local/lib/python3.10/site-packages/airflow/example_dags/example_setup_teardown.py
[2023-05-21T19:46:02.191+0530] {processor.py:178} INFO - Processing /home/feuer/.local/lib/python3.10/site-packages/airflow/example_dags/example_setup_teardown.py took 0.020 seconds
[2023-05-21T19:46:55.737+0530] {processor.py:156} INFO - Started process (PID=25220) to work on /home/feuer/.local/lib/python3.10/site-packages/airflow/example_dags/example_setup_teardown.py
[2023-05-21T19:46:55.747+0530] {processor.py:799} INFO - Processing file /home/feuer/.local/lib/python3.10/site-packages/airflow/example_dags/example_setup_teardown.py for tasks to queue
[2023-05-21T19:46:55.747+0530] {logging_mixin.py:149} INFO - [2023-05-21T19:46:55.747+0530] {dagbag.py:541} INFO - Filling up the DagBag from /home/feuer/.local/lib/python3.10/site-packages/airflow/example_dags/example_setup_teardown.py
[2023-05-21T19:46:55.748+0530] {processor.py:811} WARNING - No viable dags retrieved from /home/feuer/.local/lib/python3.10/site-packages/airflow/example_dags/example_setup_teardown.py
[2023-05-21T19:46:55.755+0530] {processor.py:178} INFO - Processing /home/feuer/.local/lib/python3.10/site-packages/airflow/example_dags/example_setup_teardown.py took 0.020 seconds
[2023-05-21T19:47:49.128+0530] {processor.py:156} INFO - Started process (PID=25340) to work on /home/feuer/.local/lib/python3.10/site-packages/airflow/example_dags/example_setup_teardown.py
[2023-05-21T19:47:49.129+0530] {processor.py:799} INFO - Processing file /home/feuer/.local/lib/python3.10/site-packages/airflow/example_dags/example_setup_teardown.py for tasks to queue
[2023-05-21T19:47:49.130+0530] {logging_mixin.py:149} INFO - [2023-05-21T19:47:49.129+0530] {dagbag.py:541} INFO - Filling up the DagBag from /home/feuer/.local/lib/python3.10/site-packages/airflow/example_dags/example_setup_teardown.py
[2023-05-21T19:47:49.131+0530] {processor.py:811} WARNING - No viable dags retrieved from /home/feuer/.local/lib/python3.10/site-packages/airflow/example_dags/example_setup_teardown.py
[2023-05-21T19:47:49.137+0530] {processor.py:178} INFO - Processing /home/feuer/.local/lib/python3.10/site-packages/airflow/example_dags/example_setup_teardown.py took 0.011 seconds
[2023-05-21T19:48:41.782+0530] {processor.py:156} INFO - Started process (PID=25449) to work on /home/feuer/.local/lib/python3.10/site-packages/airflow/example_dags/example_setup_teardown.py
[2023-05-21T19:48:41.783+0530] {processor.py:799} INFO - Processing file /home/feuer/.local/lib/python3.10/site-packages/airflow/example_dags/example_setup_teardown.py for tasks to queue
[2023-05-21T19:48:41.784+0530] {logging_mixin.py:149} INFO - [2023-05-21T19:48:41.784+0530] {dagbag.py:541} INFO - Filling up the DagBag from /home/feuer/.local/lib/python3.10/site-packages/airflow/example_dags/example_setup_teardown.py
[2023-05-21T19:48:41.785+0530] {processor.py:811} WARNING - No viable dags retrieved from /home/feuer/.local/lib/python3.10/site-packages/airflow/example_dags/example_setup_teardown.py
[2023-05-21T19:48:41.796+0530] {processor.py:178} INFO - Processing /home/feuer/.local/lib/python3.10/site-packages/airflow/example_dags/example_setup_teardown.py took 0.017 seconds
[2023-05-21T19:49:34.374+0530] {processor.py:156} INFO - Started process (PID=25567) to work on /home/feuer/.local/lib/python3.10/site-packages/airflow/example_dags/example_setup_teardown.py
[2023-05-21T19:49:34.375+0530] {processor.py:799} INFO - Processing file /home/feuer/.local/lib/python3.10/site-packages/airflow/example_dags/example_setup_teardown.py for tasks to queue
[2023-05-21T19:49:34.375+0530] {logging_mixin.py:149} INFO - [2023-05-21T19:49:34.375+0530] {dagbag.py:541} INFO - Filling up the DagBag from /home/feuer/.local/lib/python3.10/site-packages/airflow/example_dags/example_setup_teardown.py
[2023-05-21T19:49:34.377+0530] {processor.py:811} WARNING - No viable dags retrieved from /home/feuer/.local/lib/python3.10/site-packages/airflow/example_dags/example_setup_teardown.py
[2023-05-21T19:49:34.386+0530] {processor.py:178} INFO - Processing /home/feuer/.local/lib/python3.10/site-packages/airflow/example_dags/example_setup_teardown.py took 0.015 seconds
[2023-05-21T19:50:26.751+0530] {processor.py:156} INFO - Started process (PID=25727) to work on /home/feuer/.local/lib/python3.10/site-packages/airflow/example_dags/example_setup_teardown.py
[2023-05-21T19:50:26.752+0530] {processor.py:799} INFO - Processing file /home/feuer/.local/lib/python3.10/site-packages/airflow/example_dags/example_setup_teardown.py for tasks to queue
[2023-05-21T19:50:26.752+0530] {logging_mixin.py:149} INFO - [2023-05-21T19:50:26.752+0530] {dagbag.py:541} INFO - Filling up the DagBag from /home/feuer/.local/lib/python3.10/site-packages/airflow/example_dags/example_setup_teardown.py
[2023-05-21T19:50:26.754+0530] {processor.py:811} WARNING - No viable dags retrieved from /home/feuer/.local/lib/python3.10/site-packages/airflow/example_dags/example_setup_teardown.py
[2023-05-21T19:50:26.764+0530] {processor.py:178} INFO - Processing /home/feuer/.local/lib/python3.10/site-packages/airflow/example_dags/example_setup_teardown.py took 0.016 seconds
[2023-05-21T19:51:18.466+0530] {processor.py:156} INFO - Started process (PID=25851) to work on /home/feuer/.local/lib/python3.10/site-packages/airflow/example_dags/example_setup_teardown.py
[2023-05-21T19:51:18.467+0530] {processor.py:799} INFO - Processing file /home/feuer/.local/lib/python3.10/site-packages/airflow/example_dags/example_setup_teardown.py for tasks to queue
[2023-05-21T19:51:18.467+0530] {logging_mixin.py:149} INFO - [2023-05-21T19:51:18.467+0530] {dagbag.py:541} INFO - Filling up the DagBag from /home/feuer/.local/lib/python3.10/site-packages/airflow/example_dags/example_setup_teardown.py
[2023-05-21T19:51:18.469+0530] {processor.py:811} WARNING - No viable dags retrieved from /home/feuer/.local/lib/python3.10/site-packages/airflow/example_dags/example_setup_teardown.py
[2023-05-21T19:51:18.479+0530] {processor.py:178} INFO - Processing /home/feuer/.local/lib/python3.10/site-packages/airflow/example_dags/example_setup_teardown.py took 0.016 seconds
[2023-05-21T19:52:09.864+0530] {processor.py:156} INFO - Started process (PID=25961) to work on /home/feuer/.local/lib/python3.10/site-packages/airflow/example_dags/example_setup_teardown.py
[2023-05-21T19:52:09.865+0530] {processor.py:799} INFO - Processing file /home/feuer/.local/lib/python3.10/site-packages/airflow/example_dags/example_setup_teardown.py for tasks to queue
[2023-05-21T19:52:09.865+0530] {logging_mixin.py:149} INFO - [2023-05-21T19:52:09.865+0530] {dagbag.py:541} INFO - Filling up the DagBag from /home/feuer/.local/lib/python3.10/site-packages/airflow/example_dags/example_setup_teardown.py
[2023-05-21T19:52:09.867+0530] {processor.py:811} WARNING - No viable dags retrieved from /home/feuer/.local/lib/python3.10/site-packages/airflow/example_dags/example_setup_teardown.py
[2023-05-21T19:52:09.877+0530] {processor.py:178} INFO - Processing /home/feuer/.local/lib/python3.10/site-packages/airflow/example_dags/example_setup_teardown.py took 0.016 seconds
[2023-05-21T19:52:59.269+0530] {processor.py:156} INFO - Started process (PID=26074) to work on /home/feuer/.local/lib/python3.10/site-packages/airflow/example_dags/example_setup_teardown.py
[2023-05-21T19:52:59.284+0530] {processor.py:799} INFO - Processing file /home/feuer/.local/lib/python3.10/site-packages/airflow/example_dags/example_setup_teardown.py for tasks to queue
[2023-05-21T19:52:59.284+0530] {logging_mixin.py:149} INFO - [2023-05-21T19:52:59.284+0530] {dagbag.py:541} INFO - Filling up the DagBag from /home/feuer/.local/lib/python3.10/site-packages/airflow/example_dags/example_setup_teardown.py
[2023-05-21T19:52:59.285+0530] {processor.py:811} WARNING - No viable dags retrieved from /home/feuer/.local/lib/python3.10/site-packages/airflow/example_dags/example_setup_teardown.py
[2023-05-21T19:52:59.291+0530] {processor.py:178} INFO - Processing /home/feuer/.local/lib/python3.10/site-packages/airflow/example_dags/example_setup_teardown.py took 0.025 seconds
[2023-05-21T19:53:48.775+0530] {processor.py:156} INFO - Started process (PID=26219) to work on /home/feuer/.local/lib/python3.10/site-packages/airflow/example_dags/example_setup_teardown.py
[2023-05-21T19:53:48.790+0530] {processor.py:799} INFO - Processing file /home/feuer/.local/lib/python3.10/site-packages/airflow/example_dags/example_setup_teardown.py for tasks to queue
[2023-05-21T19:53:48.791+0530] {logging_mixin.py:149} INFO - [2023-05-21T19:53:48.790+0530] {dagbag.py:541} INFO - Filling up the DagBag from /home/feuer/.local/lib/python3.10/site-packages/airflow/example_dags/example_setup_teardown.py
[2023-05-21T19:53:48.793+0530] {processor.py:811} WARNING - No viable dags retrieved from /home/feuer/.local/lib/python3.10/site-packages/airflow/example_dags/example_setup_teardown.py
[2023-05-21T19:53:48.805+0530] {processor.py:178} INFO - Processing /home/feuer/.local/lib/python3.10/site-packages/airflow/example_dags/example_setup_teardown.py took 0.033 seconds
[2023-05-21T19:54:40.333+0530] {processor.py:156} INFO - Started process (PID=26353) to work on /home/feuer/.local/lib/python3.10/site-packages/airflow/example_dags/example_setup_teardown.py
[2023-05-21T19:54:40.333+0530] {processor.py:799} INFO - Processing file /home/feuer/.local/lib/python3.10/site-packages/airflow/example_dags/example_setup_teardown.py for tasks to queue
[2023-05-21T19:54:40.334+0530] {logging_mixin.py:149} INFO - [2023-05-21T19:54:40.334+0530] {dagbag.py:541} INFO - Filling up the DagBag from /home/feuer/.local/lib/python3.10/site-packages/airflow/example_dags/example_setup_teardown.py
[2023-05-21T19:54:40.336+0530] {processor.py:811} WARNING - No viable dags retrieved from /home/feuer/.local/lib/python3.10/site-packages/airflow/example_dags/example_setup_teardown.py
[2023-05-21T19:54:40.346+0530] {processor.py:178} INFO - Processing /home/feuer/.local/lib/python3.10/site-packages/airflow/example_dags/example_setup_teardown.py took 0.017 seconds
[2023-05-21T19:55:33.048+0530] {processor.py:156} INFO - Started process (PID=26484) to work on /home/feuer/.local/lib/python3.10/site-packages/airflow/example_dags/example_setup_teardown.py
[2023-05-21T19:55:33.049+0530] {processor.py:799} INFO - Processing file /home/feuer/.local/lib/python3.10/site-packages/airflow/example_dags/example_setup_teardown.py for tasks to queue
[2023-05-21T19:55:33.050+0530] {logging_mixin.py:149} INFO - [2023-05-21T19:55:33.050+0530] {dagbag.py:541} INFO - Filling up the DagBag from /home/feuer/.local/lib/python3.10/site-packages/airflow/example_dags/example_setup_teardown.py
[2023-05-21T19:55:33.052+0530] {processor.py:811} WARNING - No viable dags retrieved from /home/feuer/.local/lib/python3.10/site-packages/airflow/example_dags/example_setup_teardown.py
[2023-05-21T19:55:33.062+0530] {processor.py:178} INFO - Processing /home/feuer/.local/lib/python3.10/site-packages/airflow/example_dags/example_setup_teardown.py took 0.016 seconds
[2023-05-21T19:56:31.787+0530] {processor.py:156} INFO - Started process (PID=26664) to work on /home/feuer/.local/lib/python3.10/site-packages/airflow/example_dags/example_setup_teardown.py
[2023-05-21T19:56:31.787+0530] {processor.py:799} INFO - Processing file /home/feuer/.local/lib/python3.10/site-packages/airflow/example_dags/example_setup_teardown.py for tasks to queue
[2023-05-21T19:56:31.788+0530] {logging_mixin.py:149} INFO - [2023-05-21T19:56:31.788+0530] {dagbag.py:541} INFO - Filling up the DagBag from /home/feuer/.local/lib/python3.10/site-packages/airflow/example_dags/example_setup_teardown.py
[2023-05-21T19:56:31.790+0530] {processor.py:811} WARNING - No viable dags retrieved from /home/feuer/.local/lib/python3.10/site-packages/airflow/example_dags/example_setup_teardown.py
[2023-05-21T19:56:31.800+0530] {processor.py:178} INFO - Processing /home/feuer/.local/lib/python3.10/site-packages/airflow/example_dags/example_setup_teardown.py took 0.016 seconds
[2023-05-21T19:57:27.091+0530] {processor.py:156} INFO - Started process (PID=26794) to work on /home/feuer/.local/lib/python3.10/site-packages/airflow/example_dags/example_setup_teardown.py
[2023-05-21T19:57:27.098+0530] {processor.py:799} INFO - Processing file /home/feuer/.local/lib/python3.10/site-packages/airflow/example_dags/example_setup_teardown.py for tasks to queue
[2023-05-21T19:57:27.099+0530] {logging_mixin.py:149} INFO - [2023-05-21T19:57:27.099+0530] {dagbag.py:541} INFO - Filling up the DagBag from /home/feuer/.local/lib/python3.10/site-packages/airflow/example_dags/example_setup_teardown.py
[2023-05-21T19:57:27.101+0530] {processor.py:811} WARNING - No viable dags retrieved from /home/feuer/.local/lib/python3.10/site-packages/airflow/example_dags/example_setup_teardown.py
[2023-05-21T19:57:27.111+0530] {processor.py:178} INFO - Processing /home/feuer/.local/lib/python3.10/site-packages/airflow/example_dags/example_setup_teardown.py took 0.022 seconds
[2023-05-21T19:58:18.360+0530] {processor.py:156} INFO - Started process (PID=26927) to work on /home/feuer/.local/lib/python3.10/site-packages/airflow/example_dags/example_setup_teardown.py
[2023-05-21T19:58:18.361+0530] {processor.py:799} INFO - Processing file /home/feuer/.local/lib/python3.10/site-packages/airflow/example_dags/example_setup_teardown.py for tasks to queue
[2023-05-21T19:58:18.362+0530] {logging_mixin.py:149} INFO - [2023-05-21T19:58:18.362+0530] {dagbag.py:541} INFO - Filling up the DagBag from /home/feuer/.local/lib/python3.10/site-packages/airflow/example_dags/example_setup_teardown.py
[2023-05-21T19:58:18.364+0530] {processor.py:811} WARNING - No viable dags retrieved from /home/feuer/.local/lib/python3.10/site-packages/airflow/example_dags/example_setup_teardown.py
[2023-05-21T19:58:18.374+0530] {processor.py:178} INFO - Processing /home/feuer/.local/lib/python3.10/site-packages/airflow/example_dags/example_setup_teardown.py took 0.017 seconds
[2023-05-21T19:59:11.297+0530] {processor.py:156} INFO - Started process (PID=27088) to work on /home/feuer/.local/lib/python3.10/site-packages/airflow/example_dags/example_setup_teardown.py
[2023-05-21T19:59:11.298+0530] {processor.py:799} INFO - Processing file /home/feuer/.local/lib/python3.10/site-packages/airflow/example_dags/example_setup_teardown.py for tasks to queue
[2023-05-21T19:59:11.299+0530] {logging_mixin.py:149} INFO - [2023-05-21T19:59:11.298+0530] {dagbag.py:541} INFO - Filling up the DagBag from /home/feuer/.local/lib/python3.10/site-packages/airflow/example_dags/example_setup_teardown.py
[2023-05-21T19:59:11.300+0530] {processor.py:811} WARNING - No viable dags retrieved from /home/feuer/.local/lib/python3.10/site-packages/airflow/example_dags/example_setup_teardown.py
[2023-05-21T19:59:11.312+0530] {processor.py:178} INFO - Processing /home/feuer/.local/lib/python3.10/site-packages/airflow/example_dags/example_setup_teardown.py took 0.017 seconds
[2023-05-21T20:00:10.013+0530] {processor.py:156} INFO - Started process (PID=27219) to work on /home/feuer/.local/lib/python3.10/site-packages/airflow/example_dags/example_setup_teardown.py
[2023-05-21T20:00:10.013+0530] {processor.py:799} INFO - Processing file /home/feuer/.local/lib/python3.10/site-packages/airflow/example_dags/example_setup_teardown.py for tasks to queue
[2023-05-21T20:00:10.014+0530] {logging_mixin.py:149} INFO - [2023-05-21T20:00:10.014+0530] {dagbag.py:541} INFO - Filling up the DagBag from /home/feuer/.local/lib/python3.10/site-packages/airflow/example_dags/example_setup_teardown.py
[2023-05-21T20:00:10.016+0530] {processor.py:811} WARNING - No viable dags retrieved from /home/feuer/.local/lib/python3.10/site-packages/airflow/example_dags/example_setup_teardown.py
[2023-05-21T20:00:10.026+0530] {processor.py:178} INFO - Processing /home/feuer/.local/lib/python3.10/site-packages/airflow/example_dags/example_setup_teardown.py took 0.016 seconds
[2023-05-21T20:01:10.259+0530] {processor.py:156} INFO - Started process (PID=27380) to work on /home/feuer/.local/lib/python3.10/site-packages/airflow/example_dags/example_setup_teardown.py
[2023-05-21T20:01:10.260+0530] {processor.py:799} INFO - Processing file /home/feuer/.local/lib/python3.10/site-packages/airflow/example_dags/example_setup_teardown.py for tasks to queue
[2023-05-21T20:01:10.260+0530] {logging_mixin.py:149} INFO - [2023-05-21T20:01:10.260+0530] {dagbag.py:541} INFO - Filling up the DagBag from /home/feuer/.local/lib/python3.10/site-packages/airflow/example_dags/example_setup_teardown.py
[2023-05-21T20:01:10.262+0530] {processor.py:811} WARNING - No viable dags retrieved from /home/feuer/.local/lib/python3.10/site-packages/airflow/example_dags/example_setup_teardown.py
[2023-05-21T20:01:10.274+0530] {processor.py:178} INFO - Processing /home/feuer/.local/lib/python3.10/site-packages/airflow/example_dags/example_setup_teardown.py took 0.018 seconds
[2023-05-21T20:02:27.296+0530] {processor.py:156} INFO - Started process (PID=27791) to work on /home/feuer/.local/lib/python3.10/site-packages/airflow/example_dags/example_setup_teardown.py
[2023-05-21T20:02:27.296+0530] {processor.py:799} INFO - Processing file /home/feuer/.local/lib/python3.10/site-packages/airflow/example_dags/example_setup_teardown.py for tasks to queue
[2023-05-21T20:02:27.297+0530] {logging_mixin.py:149} INFO - [2023-05-21T20:02:27.297+0530] {dagbag.py:541} INFO - Filling up the DagBag from /home/feuer/.local/lib/python3.10/site-packages/airflow/example_dags/example_setup_teardown.py
[2023-05-21T20:02:27.299+0530] {processor.py:811} WARNING - No viable dags retrieved from /home/feuer/.local/lib/python3.10/site-packages/airflow/example_dags/example_setup_teardown.py
[2023-05-21T20:02:27.310+0530] {processor.py:178} INFO - Processing /home/feuer/.local/lib/python3.10/site-packages/airflow/example_dags/example_setup_teardown.py took 0.018 seconds
[2023-05-21T20:03:30.757+0530] {processor.py:156} INFO - Started process (PID=27977) to work on /home/feuer/.local/lib/python3.10/site-packages/airflow/example_dags/example_setup_teardown.py
[2023-05-21T20:03:30.758+0530] {processor.py:799} INFO - Processing file /home/feuer/.local/lib/python3.10/site-packages/airflow/example_dags/example_setup_teardown.py for tasks to queue
[2023-05-21T20:03:30.759+0530] {logging_mixin.py:149} INFO - [2023-05-21T20:03:30.759+0530] {dagbag.py:541} INFO - Filling up the DagBag from /home/feuer/.local/lib/python3.10/site-packages/airflow/example_dags/example_setup_teardown.py
[2023-05-21T20:03:30.761+0530] {processor.py:811} WARNING - No viable dags retrieved from /home/feuer/.local/lib/python3.10/site-packages/airflow/example_dags/example_setup_teardown.py
[2023-05-21T20:03:30.770+0530] {processor.py:178} INFO - Processing /home/feuer/.local/lib/python3.10/site-packages/airflow/example_dags/example_setup_teardown.py took 0.016 seconds
[2023-05-21T20:04:30.882+0530] {processor.py:156} INFO - Started process (PID=28202) to work on /home/feuer/.local/lib/python3.10/site-packages/airflow/example_dags/example_setup_teardown.py
[2023-05-21T20:04:30.886+0530] {processor.py:799} INFO - Processing file /home/feuer/.local/lib/python3.10/site-packages/airflow/example_dags/example_setup_teardown.py for tasks to queue
[2023-05-21T20:04:30.886+0530] {logging_mixin.py:149} INFO - [2023-05-21T20:04:30.886+0530] {dagbag.py:541} INFO - Filling up the DagBag from /home/feuer/.local/lib/python3.10/site-packages/airflow/example_dags/example_setup_teardown.py
[2023-05-21T20:04:30.894+0530] {processor.py:811} WARNING - No viable dags retrieved from /home/feuer/.local/lib/python3.10/site-packages/airflow/example_dags/example_setup_teardown.py
[2023-05-21T20:04:30.906+0530] {processor.py:178} INFO - Processing /home/feuer/.local/lib/python3.10/site-packages/airflow/example_dags/example_setup_teardown.py took 0.027 seconds
[2023-05-21T20:05:30.999+0530] {processor.py:156} INFO - Started process (PID=28391) to work on /home/feuer/.local/lib/python3.10/site-packages/airflow/example_dags/example_setup_teardown.py
[2023-05-21T20:05:31.014+0530] {processor.py:799} INFO - Processing file /home/feuer/.local/lib/python3.10/site-packages/airflow/example_dags/example_setup_teardown.py for tasks to queue
[2023-05-21T20:05:31.014+0530] {logging_mixin.py:149} INFO - [2023-05-21T20:05:31.014+0530] {dagbag.py:541} INFO - Filling up the DagBag from /home/feuer/.local/lib/python3.10/site-packages/airflow/example_dags/example_setup_teardown.py
[2023-05-21T20:05:31.029+0530] {processor.py:811} WARNING - No viable dags retrieved from /home/feuer/.local/lib/python3.10/site-packages/airflow/example_dags/example_setup_teardown.py
[2023-05-21T20:05:31.039+0530] {processor.py:178} INFO - Processing /home/feuer/.local/lib/python3.10/site-packages/airflow/example_dags/example_setup_teardown.py took 0.043 seconds
[2023-05-21T20:06:28.011+0530] {processor.py:156} INFO - Started process (PID=28745) to work on /home/feuer/.local/lib/python3.10/site-packages/airflow/example_dags/example_setup_teardown.py
[2023-05-21T20:06:28.012+0530] {processor.py:799} INFO - Processing file /home/feuer/.local/lib/python3.10/site-packages/airflow/example_dags/example_setup_teardown.py for tasks to queue
[2023-05-21T20:06:28.013+0530] {logging_mixin.py:149} INFO - [2023-05-21T20:06:28.013+0530] {dagbag.py:541} INFO - Filling up the DagBag from /home/feuer/.local/lib/python3.10/site-packages/airflow/example_dags/example_setup_teardown.py
[2023-05-21T20:06:28.015+0530] {processor.py:811} WARNING - No viable dags retrieved from /home/feuer/.local/lib/python3.10/site-packages/airflow/example_dags/example_setup_teardown.py
[2023-05-21T20:06:28.025+0530] {processor.py:178} INFO - Processing /home/feuer/.local/lib/python3.10/site-packages/airflow/example_dags/example_setup_teardown.py took 0.016 seconds
[2023-05-21T20:07:23.957+0530] {processor.py:156} INFO - Started process (PID=28903) to work on /home/feuer/.local/lib/python3.10/site-packages/airflow/example_dags/example_setup_teardown.py
[2023-05-21T20:07:23.966+0530] {processor.py:799} INFO - Processing file /home/feuer/.local/lib/python3.10/site-packages/airflow/example_dags/example_setup_teardown.py for tasks to queue
[2023-05-21T20:07:23.967+0530] {logging_mixin.py:149} INFO - [2023-05-21T20:07:23.966+0530] {dagbag.py:541} INFO - Filling up the DagBag from /home/feuer/.local/lib/python3.10/site-packages/airflow/example_dags/example_setup_teardown.py
[2023-05-21T20:07:23.968+0530] {processor.py:811} WARNING - No viable dags retrieved from /home/feuer/.local/lib/python3.10/site-packages/airflow/example_dags/example_setup_teardown.py
[2023-05-21T20:07:23.979+0530] {processor.py:178} INFO - Processing /home/feuer/.local/lib/python3.10/site-packages/airflow/example_dags/example_setup_teardown.py took 0.025 seconds
[2023-05-21T20:08:19.304+0530] {processor.py:156} INFO - Started process (PID=29064) to work on /home/feuer/.local/lib/python3.10/site-packages/airflow/example_dags/example_setup_teardown.py
[2023-05-21T20:08:19.305+0530] {processor.py:799} INFO - Processing file /home/feuer/.local/lib/python3.10/site-packages/airflow/example_dags/example_setup_teardown.py for tasks to queue
[2023-05-21T20:08:19.305+0530] {logging_mixin.py:149} INFO - [2023-05-21T20:08:19.305+0530] {dagbag.py:541} INFO - Filling up the DagBag from /home/feuer/.local/lib/python3.10/site-packages/airflow/example_dags/example_setup_teardown.py
[2023-05-21T20:08:19.307+0530] {processor.py:811} WARNING - No viable dags retrieved from /home/feuer/.local/lib/python3.10/site-packages/airflow/example_dags/example_setup_teardown.py
[2023-05-21T20:08:19.317+0530] {processor.py:178} INFO - Processing /home/feuer/.local/lib/python3.10/site-packages/airflow/example_dags/example_setup_teardown.py took 0.016 seconds
[2023-05-21T20:09:17.701+0530] {processor.py:156} INFO - Started process (PID=29232) to work on /home/feuer/.local/lib/python3.10/site-packages/airflow/example_dags/example_setup_teardown.py
[2023-05-21T20:09:17.739+0530] {processor.py:799} INFO - Processing file /home/feuer/.local/lib/python3.10/site-packages/airflow/example_dags/example_setup_teardown.py for tasks to queue
[2023-05-21T20:09:17.739+0530] {logging_mixin.py:149} INFO - [2023-05-21T20:09:17.739+0530] {dagbag.py:541} INFO - Filling up the DagBag from /home/feuer/.local/lib/python3.10/site-packages/airflow/example_dags/example_setup_teardown.py
[2023-05-21T20:09:17.741+0530] {processor.py:811} WARNING - No viable dags retrieved from /home/feuer/.local/lib/python3.10/site-packages/airflow/example_dags/example_setup_teardown.py
[2023-05-21T20:09:17.751+0530] {processor.py:178} INFO - Processing /home/feuer/.local/lib/python3.10/site-packages/airflow/example_dags/example_setup_teardown.py took 0.053 seconds
[2023-05-21T20:10:15.609+0530] {processor.py:156} INFO - Started process (PID=29417) to work on /home/feuer/.local/lib/python3.10/site-packages/airflow/example_dags/example_setup_teardown.py
[2023-05-21T20:10:15.613+0530] {processor.py:799} INFO - Processing file /home/feuer/.local/lib/python3.10/site-packages/airflow/example_dags/example_setup_teardown.py for tasks to queue
[2023-05-21T20:10:15.613+0530] {logging_mixin.py:149} INFO - [2023-05-21T20:10:15.613+0530] {dagbag.py:541} INFO - Filling up the DagBag from /home/feuer/.local/lib/python3.10/site-packages/airflow/example_dags/example_setup_teardown.py
[2023-05-21T20:10:15.615+0530] {processor.py:811} WARNING - No viable dags retrieved from /home/feuer/.local/lib/python3.10/site-packages/airflow/example_dags/example_setup_teardown.py
[2023-05-21T20:10:15.625+0530] {processor.py:178} INFO - Processing /home/feuer/.local/lib/python3.10/site-packages/airflow/example_dags/example_setup_teardown.py took 0.019 seconds
[2023-05-21T20:11:13.136+0530] {processor.py:156} INFO - Started process (PID=29557) to work on /home/feuer/.local/lib/python3.10/site-packages/airflow/example_dags/example_setup_teardown.py
[2023-05-21T20:11:13.151+0530] {processor.py:799} INFO - Processing file /home/feuer/.local/lib/python3.10/site-packages/airflow/example_dags/example_setup_teardown.py for tasks to queue
[2023-05-21T20:11:13.151+0530] {logging_mixin.py:149} INFO - [2023-05-21T20:11:13.151+0530] {dagbag.py:541} INFO - Filling up the DagBag from /home/feuer/.local/lib/python3.10/site-packages/airflow/example_dags/example_setup_teardown.py
[2023-05-21T20:11:13.153+0530] {processor.py:811} WARNING - No viable dags retrieved from /home/feuer/.local/lib/python3.10/site-packages/airflow/example_dags/example_setup_teardown.py
[2023-05-21T20:11:13.159+0530] {processor.py:178} INFO - Processing /home/feuer/.local/lib/python3.10/site-packages/airflow/example_dags/example_setup_teardown.py took 0.026 seconds
[2023-05-21T20:12:11.677+0530] {processor.py:156} INFO - Started process (PID=29739) to work on /home/feuer/.local/lib/python3.10/site-packages/airflow/example_dags/example_setup_teardown.py
[2023-05-21T20:12:11.677+0530] {processor.py:799} INFO - Processing file /home/feuer/.local/lib/python3.10/site-packages/airflow/example_dags/example_setup_teardown.py for tasks to queue
[2023-05-21T20:12:11.678+0530] {logging_mixin.py:149} INFO - [2023-05-21T20:12:11.678+0530] {dagbag.py:541} INFO - Filling up the DagBag from /home/feuer/.local/lib/python3.10/site-packages/airflow/example_dags/example_setup_teardown.py
[2023-05-21T20:12:11.680+0530] {processor.py:811} WARNING - No viable dags retrieved from /home/feuer/.local/lib/python3.10/site-packages/airflow/example_dags/example_setup_teardown.py
[2023-05-21T20:12:11.690+0530] {processor.py:178} INFO - Processing /home/feuer/.local/lib/python3.10/site-packages/airflow/example_dags/example_setup_teardown.py took 0.017 seconds
[2023-05-21T16:58:25.505+0530] {processor.py:156} INFO - Started process (PID=55876) to work on /home/feuer/.local/lib/python3.10/site-packages/airflow/example_dags/example_setup_teardown.py
[2023-05-21T16:58:25.569+0530] {processor.py:799} INFO - Processing file /home/feuer/.local/lib/python3.10/site-packages/airflow/example_dags/example_setup_teardown.py for tasks to queue
[2023-05-21T16:58:25.569+0530] {logging_mixin.py:149} INFO - [2023-05-21T16:58:25.569+0530] {dagbag.py:541} INFO - Filling up the DagBag from /home/feuer/.local/lib/python3.10/site-packages/airflow/example_dags/example_setup_teardown.py
[2023-05-21T16:58:25.593+0530] {processor.py:811} WARNING - No viable dags retrieved from /home/feuer/.local/lib/python3.10/site-packages/airflow/example_dags/example_setup_teardown.py
[2023-05-21T16:58:25.603+0530] {processor.py:178} INFO - Processing /home/feuer/.local/lib/python3.10/site-packages/airflow/example_dags/example_setup_teardown.py took 0.100 seconds
[2023-05-21T16:59:49.148+0530] {processor.py:156} INFO - Started process (PID=56036) to work on /home/feuer/.local/lib/python3.10/site-packages/airflow/example_dags/example_setup_teardown.py
[2023-05-21T16:59:49.169+0530] {processor.py:799} INFO - Processing file /home/feuer/.local/lib/python3.10/site-packages/airflow/example_dags/example_setup_teardown.py for tasks to queue
[2023-05-21T16:59:49.169+0530] {logging_mixin.py:149} INFO - [2023-05-21T16:59:49.169+0530] {dagbag.py:541} INFO - Filling up the DagBag from /home/feuer/.local/lib/python3.10/site-packages/airflow/example_dags/example_setup_teardown.py
[2023-05-21T16:59:49.171+0530] {processor.py:811} WARNING - No viable dags retrieved from /home/feuer/.local/lib/python3.10/site-packages/airflow/example_dags/example_setup_teardown.py
[2023-05-21T16:59:49.181+0530] {processor.py:178} INFO - Processing /home/feuer/.local/lib/python3.10/site-packages/airflow/example_dags/example_setup_teardown.py took 0.036 seconds
[2023-05-21T17:01:04.825+0530] {processor.py:156} INFO - Started process (PID=56290) to work on /home/feuer/.local/lib/python3.10/site-packages/airflow/example_dags/example_setup_teardown.py
[2023-05-21T17:01:05.053+0530] {processor.py:799} INFO - Processing file /home/feuer/.local/lib/python3.10/site-packages/airflow/example_dags/example_setup_teardown.py for tasks to queue
[2023-05-21T17:01:05.054+0530] {logging_mixin.py:149} INFO - [2023-05-21T17:01:05.053+0530] {dagbag.py:541} INFO - Filling up the DagBag from /home/feuer/.local/lib/python3.10/site-packages/airflow/example_dags/example_setup_teardown.py
[2023-05-21T17:01:05.055+0530] {processor.py:811} WARNING - No viable dags retrieved from /home/feuer/.local/lib/python3.10/site-packages/airflow/example_dags/example_setup_teardown.py
[2023-05-21T17:01:05.063+0530] {processor.py:178} INFO - Processing /home/feuer/.local/lib/python3.10/site-packages/airflow/example_dags/example_setup_teardown.py took 0.240 seconds
[2023-05-21T17:02:38.737+0530] {processor.py:156} INFO - Started process (PID=56569) to work on /home/feuer/.local/lib/python3.10/site-packages/airflow/example_dags/example_setup_teardown.py
[2023-05-21T17:02:38.738+0530] {processor.py:799} INFO - Processing file /home/feuer/.local/lib/python3.10/site-packages/airflow/example_dags/example_setup_teardown.py for tasks to queue
[2023-05-21T17:02:38.738+0530] {logging_mixin.py:149} INFO - [2023-05-21T17:02:38.738+0530] {dagbag.py:541} INFO - Filling up the DagBag from /home/feuer/.local/lib/python3.10/site-packages/airflow/example_dags/example_setup_teardown.py
[2023-05-21T17:02:38.739+0530] {processor.py:811} WARNING - No viable dags retrieved from /home/feuer/.local/lib/python3.10/site-packages/airflow/example_dags/example_setup_teardown.py
[2023-05-21T17:02:38.745+0530] {processor.py:178} INFO - Processing /home/feuer/.local/lib/python3.10/site-packages/airflow/example_dags/example_setup_teardown.py took 0.011 seconds
[2023-05-21T17:03:31.430+0530] {processor.py:156} INFO - Started process (PID=56680) to work on /home/feuer/.local/lib/python3.10/site-packages/airflow/example_dags/example_setup_teardown.py
[2023-05-21T17:03:31.437+0530] {processor.py:799} INFO - Processing file /home/feuer/.local/lib/python3.10/site-packages/airflow/example_dags/example_setup_teardown.py for tasks to queue
[2023-05-21T17:03:31.437+0530] {logging_mixin.py:149} INFO - [2023-05-21T17:03:31.437+0530] {dagbag.py:541} INFO - Filling up the DagBag from /home/feuer/.local/lib/python3.10/site-packages/airflow/example_dags/example_setup_teardown.py
[2023-05-21T17:03:31.439+0530] {processor.py:811} WARNING - No viable dags retrieved from /home/feuer/.local/lib/python3.10/site-packages/airflow/example_dags/example_setup_teardown.py
[2023-05-21T17:03:31.445+0530] {processor.py:178} INFO - Processing /home/feuer/.local/lib/python3.10/site-packages/airflow/example_dags/example_setup_teardown.py took 0.018 seconds
[2023-05-21T17:04:34.180+0530] {processor.py:156} INFO - Started process (PID=56878) to work on /home/feuer/.local/lib/python3.10/site-packages/airflow/example_dags/example_setup_teardown.py
[2023-05-21T17:04:34.190+0530] {processor.py:799} INFO - Processing file /home/feuer/.local/lib/python3.10/site-packages/airflow/example_dags/example_setup_teardown.py for tasks to queue
[2023-05-21T17:04:34.190+0530] {logging_mixin.py:149} INFO - [2023-05-21T17:04:34.190+0530] {dagbag.py:541} INFO - Filling up the DagBag from /home/feuer/.local/lib/python3.10/site-packages/airflow/example_dags/example_setup_teardown.py
[2023-05-21T17:04:34.191+0530] {processor.py:811} WARNING - No viable dags retrieved from /home/feuer/.local/lib/python3.10/site-packages/airflow/example_dags/example_setup_teardown.py
[2023-05-21T17:04:34.198+0530] {processor.py:178} INFO - Processing /home/feuer/.local/lib/python3.10/site-packages/airflow/example_dags/example_setup_teardown.py took 0.020 seconds
[2023-05-21T17:05:21.073+0530] {processor.py:156} INFO - Started process (PID=56983) to work on /home/feuer/.local/lib/python3.10/site-packages/airflow/example_dags/example_setup_teardown.py
[2023-05-21T17:05:21.074+0530] {processor.py:799} INFO - Processing file /home/feuer/.local/lib/python3.10/site-packages/airflow/example_dags/example_setup_teardown.py for tasks to queue
[2023-05-21T17:05:21.074+0530] {logging_mixin.py:149} INFO - [2023-05-21T17:05:21.074+0530] {dagbag.py:541} INFO - Filling up the DagBag from /home/feuer/.local/lib/python3.10/site-packages/airflow/example_dags/example_setup_teardown.py
[2023-05-21T17:05:21.076+0530] {processor.py:811} WARNING - No viable dags retrieved from /home/feuer/.local/lib/python3.10/site-packages/airflow/example_dags/example_setup_teardown.py
[2023-05-21T17:05:21.086+0530] {processor.py:178} INFO - Processing /home/feuer/.local/lib/python3.10/site-packages/airflow/example_dags/example_setup_teardown.py took 0.016 seconds
[2023-05-21T17:06:07.530+0530] {processor.py:156} INFO - Started process (PID=57088) to work on /home/feuer/.local/lib/python3.10/site-packages/airflow/example_dags/example_setup_teardown.py
[2023-05-21T17:06:07.531+0530] {processor.py:799} INFO - Processing file /home/feuer/.local/lib/python3.10/site-packages/airflow/example_dags/example_setup_teardown.py for tasks to queue
[2023-05-21T17:06:07.532+0530] {logging_mixin.py:149} INFO - [2023-05-21T17:06:07.532+0530] {dagbag.py:541} INFO - Filling up the DagBag from /home/feuer/.local/lib/python3.10/site-packages/airflow/example_dags/example_setup_teardown.py
[2023-05-21T17:06:07.533+0530] {processor.py:811} WARNING - No viable dags retrieved from /home/feuer/.local/lib/python3.10/site-packages/airflow/example_dags/example_setup_teardown.py
[2023-05-21T17:06:07.541+0530] {processor.py:178} INFO - Processing /home/feuer/.local/lib/python3.10/site-packages/airflow/example_dags/example_setup_teardown.py took 0.013 seconds
[2023-05-21T17:06:50.692+0530] {processor.py:156} INFO - Started process (PID=57193) to work on /home/feuer/.local/lib/python3.10/site-packages/airflow/example_dags/example_setup_teardown.py
[2023-05-21T17:06:50.693+0530] {processor.py:799} INFO - Processing file /home/feuer/.local/lib/python3.10/site-packages/airflow/example_dags/example_setup_teardown.py for tasks to queue
[2023-05-21T17:06:50.693+0530] {logging_mixin.py:149} INFO - [2023-05-21T17:06:50.693+0530] {dagbag.py:541} INFO - Filling up the DagBag from /home/feuer/.local/lib/python3.10/site-packages/airflow/example_dags/example_setup_teardown.py
[2023-05-21T17:06:50.695+0530] {processor.py:811} WARNING - No viable dags retrieved from /home/feuer/.local/lib/python3.10/site-packages/airflow/example_dags/example_setup_teardown.py
[2023-05-21T17:06:50.702+0530] {processor.py:178} INFO - Processing /home/feuer/.local/lib/python3.10/site-packages/airflow/example_dags/example_setup_teardown.py took 0.013 seconds
[2023-05-21T17:07:36.953+0530] {processor.py:156} INFO - Started process (PID=57302) to work on /home/feuer/.local/lib/python3.10/site-packages/airflow/example_dags/example_setup_teardown.py
[2023-05-21T17:07:36.954+0530] {processor.py:799} INFO - Processing file /home/feuer/.local/lib/python3.10/site-packages/airflow/example_dags/example_setup_teardown.py for tasks to queue
[2023-05-21T17:07:36.955+0530] {logging_mixin.py:149} INFO - [2023-05-21T17:07:36.955+0530] {dagbag.py:541} INFO - Filling up the DagBag from /home/feuer/.local/lib/python3.10/site-packages/airflow/example_dags/example_setup_teardown.py
[2023-05-21T17:07:36.957+0530] {processor.py:811} WARNING - No viable dags retrieved from /home/feuer/.local/lib/python3.10/site-packages/airflow/example_dags/example_setup_teardown.py
[2023-05-21T17:07:36.967+0530] {processor.py:178} INFO - Processing /home/feuer/.local/lib/python3.10/site-packages/airflow/example_dags/example_setup_teardown.py took 0.017 seconds
[2023-05-21T17:08:21.720+0530] {processor.py:156} INFO - Started process (PID=57417) to work on /home/feuer/.local/lib/python3.10/site-packages/airflow/example_dags/example_setup_teardown.py
[2023-05-21T17:08:21.730+0530] {processor.py:799} INFO - Processing file /home/feuer/.local/lib/python3.10/site-packages/airflow/example_dags/example_setup_teardown.py for tasks to queue
[2023-05-21T17:08:21.730+0530] {logging_mixin.py:149} INFO - [2023-05-21T17:08:21.730+0530] {dagbag.py:541} INFO - Filling up the DagBag from /home/feuer/.local/lib/python3.10/site-packages/airflow/example_dags/example_setup_teardown.py
[2023-05-21T17:08:21.731+0530] {processor.py:811} WARNING - No viable dags retrieved from /home/feuer/.local/lib/python3.10/site-packages/airflow/example_dags/example_setup_teardown.py
[2023-05-21T17:08:21.738+0530] {processor.py:178} INFO - Processing /home/feuer/.local/lib/python3.10/site-packages/airflow/example_dags/example_setup_teardown.py took 0.020 seconds
[2023-05-21T17:09:08.433+0530] {processor.py:156} INFO - Started process (PID=57562) to work on /home/feuer/.local/lib/python3.10/site-packages/airflow/example_dags/example_setup_teardown.py
[2023-05-21T17:09:08.446+0530] {processor.py:799} INFO - Processing file /home/feuer/.local/lib/python3.10/site-packages/airflow/example_dags/example_setup_teardown.py for tasks to queue
[2023-05-21T17:09:08.446+0530] {logging_mixin.py:149} INFO - [2023-05-21T17:09:08.446+0530] {dagbag.py:541} INFO - Filling up the DagBag from /home/feuer/.local/lib/python3.10/site-packages/airflow/example_dags/example_setup_teardown.py
[2023-05-21T17:09:08.447+0530] {processor.py:811} WARNING - No viable dags retrieved from /home/feuer/.local/lib/python3.10/site-packages/airflow/example_dags/example_setup_teardown.py
[2023-05-21T17:09:08.454+0530] {processor.py:178} INFO - Processing /home/feuer/.local/lib/python3.10/site-packages/airflow/example_dags/example_setup_teardown.py took 0.022 seconds
[2023-05-21T17:09:53.497+0530] {processor.py:156} INFO - Started process (PID=57676) to work on /home/feuer/.local/lib/python3.10/site-packages/airflow/example_dags/example_setup_teardown.py
[2023-05-21T17:09:53.509+0530] {processor.py:799} INFO - Processing file /home/feuer/.local/lib/python3.10/site-packages/airflow/example_dags/example_setup_teardown.py for tasks to queue
[2023-05-21T17:09:53.510+0530] {logging_mixin.py:149} INFO - [2023-05-21T17:09:53.510+0530] {dagbag.py:541} INFO - Filling up the DagBag from /home/feuer/.local/lib/python3.10/site-packages/airflow/example_dags/example_setup_teardown.py
[2023-05-21T17:09:53.511+0530] {processor.py:811} WARNING - No viable dags retrieved from /home/feuer/.local/lib/python3.10/site-packages/airflow/example_dags/example_setup_teardown.py
[2023-05-21T17:09:53.517+0530] {processor.py:178} INFO - Processing /home/feuer/.local/lib/python3.10/site-packages/airflow/example_dags/example_setup_teardown.py took 0.022 seconds
[2023-05-21T17:10:38.617+0530] {processor.py:156} INFO - Started process (PID=57780) to work on /home/feuer/.local/lib/python3.10/site-packages/airflow/example_dags/example_setup_teardown.py
[2023-05-21T17:10:38.640+0530] {processor.py:799} INFO - Processing file /home/feuer/.local/lib/python3.10/site-packages/airflow/example_dags/example_setup_teardown.py for tasks to queue
[2023-05-21T17:10:38.640+0530] {logging_mixin.py:149} INFO - [2023-05-21T17:10:38.640+0530] {dagbag.py:541} INFO - Filling up the DagBag from /home/feuer/.local/lib/python3.10/site-packages/airflow/example_dags/example_setup_teardown.py
[2023-05-21T17:10:38.641+0530] {processor.py:811} WARNING - No viable dags retrieved from /home/feuer/.local/lib/python3.10/site-packages/airflow/example_dags/example_setup_teardown.py
[2023-05-21T17:10:38.648+0530] {processor.py:178} INFO - Processing /home/feuer/.local/lib/python3.10/site-packages/airflow/example_dags/example_setup_teardown.py took 0.033 seconds
[2023-05-21T17:11:25.568+0530] {processor.py:156} INFO - Started process (PID=57889) to work on /home/feuer/.local/lib/python3.10/site-packages/airflow/example_dags/example_setup_teardown.py
[2023-05-21T17:11:25.578+0530] {processor.py:799} INFO - Processing file /home/feuer/.local/lib/python3.10/site-packages/airflow/example_dags/example_setup_teardown.py for tasks to queue
[2023-05-21T17:11:25.579+0530] {logging_mixin.py:149} INFO - [2023-05-21T17:11:25.579+0530] {dagbag.py:541} INFO - Filling up the DagBag from /home/feuer/.local/lib/python3.10/site-packages/airflow/example_dags/example_setup_teardown.py
[2023-05-21T17:11:25.581+0530] {processor.py:811} WARNING - No viable dags retrieved from /home/feuer/.local/lib/python3.10/site-packages/airflow/example_dags/example_setup_teardown.py
[2023-05-21T17:11:25.591+0530] {processor.py:178} INFO - Processing /home/feuer/.local/lib/python3.10/site-packages/airflow/example_dags/example_setup_teardown.py took 0.026 seconds
[2023-05-21T17:12:12.989+0530] {processor.py:156} INFO - Started process (PID=58006) to work on /home/feuer/.local/lib/python3.10/site-packages/airflow/example_dags/example_setup_teardown.py
[2023-05-21T17:12:12.990+0530] {processor.py:799} INFO - Processing file /home/feuer/.local/lib/python3.10/site-packages/airflow/example_dags/example_setup_teardown.py for tasks to queue
[2023-05-21T17:12:12.990+0530] {logging_mixin.py:149} INFO - [2023-05-21T17:12:12.990+0530] {dagbag.py:541} INFO - Filling up the DagBag from /home/feuer/.local/lib/python3.10/site-packages/airflow/example_dags/example_setup_teardown.py
[2023-05-21T17:12:12.991+0530] {processor.py:811} WARNING - No viable dags retrieved from /home/feuer/.local/lib/python3.10/site-packages/airflow/example_dags/example_setup_teardown.py
[2023-05-21T17:12:12.998+0530] {processor.py:178} INFO - Processing /home/feuer/.local/lib/python3.10/site-packages/airflow/example_dags/example_setup_teardown.py took 0.011 seconds
[2023-05-21T17:12:58.263+0530] {processor.py:156} INFO - Started process (PID=58126) to work on /home/feuer/.local/lib/python3.10/site-packages/airflow/example_dags/example_setup_teardown.py
[2023-05-21T17:12:58.277+0530] {processor.py:799} INFO - Processing file /home/feuer/.local/lib/python3.10/site-packages/airflow/example_dags/example_setup_teardown.py for tasks to queue
[2023-05-21T17:12:58.277+0530] {logging_mixin.py:149} INFO - [2023-05-21T17:12:58.277+0530] {dagbag.py:541} INFO - Filling up the DagBag from /home/feuer/.local/lib/python3.10/site-packages/airflow/example_dags/example_setup_teardown.py
[2023-05-21T17:12:58.278+0530] {processor.py:811} WARNING - No viable dags retrieved from /home/feuer/.local/lib/python3.10/site-packages/airflow/example_dags/example_setup_teardown.py
[2023-05-21T17:12:58.284+0530] {processor.py:178} INFO - Processing /home/feuer/.local/lib/python3.10/site-packages/airflow/example_dags/example_setup_teardown.py took 0.024 seconds
[2023-05-21T17:14:03.717+0530] {processor.py:156} INFO - Started process (PID=58267) to work on /home/feuer/.local/lib/python3.10/site-packages/airflow/example_dags/example_setup_teardown.py
[2023-05-21T17:14:03.731+0530] {processor.py:799} INFO - Processing file /home/feuer/.local/lib/python3.10/site-packages/airflow/example_dags/example_setup_teardown.py for tasks to queue
[2023-05-21T17:14:03.731+0530] {logging_mixin.py:149} INFO - [2023-05-21T17:14:03.731+0530] {dagbag.py:541} INFO - Filling up the DagBag from /home/feuer/.local/lib/python3.10/site-packages/airflow/example_dags/example_setup_teardown.py
[2023-05-21T17:14:03.732+0530] {processor.py:811} WARNING - No viable dags retrieved from /home/feuer/.local/lib/python3.10/site-packages/airflow/example_dags/example_setup_teardown.py
[2023-05-21T17:14:03.738+0530] {processor.py:178} INFO - Processing /home/feuer/.local/lib/python3.10/site-packages/airflow/example_dags/example_setup_teardown.py took 0.024 seconds
[2023-05-21T17:14:49.735+0530] {processor.py:156} INFO - Started process (PID=58391) to work on /home/feuer/.local/lib/python3.10/site-packages/airflow/example_dags/example_setup_teardown.py
[2023-05-21T17:14:49.744+0530] {processor.py:799} INFO - Processing file /home/feuer/.local/lib/python3.10/site-packages/airflow/example_dags/example_setup_teardown.py for tasks to queue
[2023-05-21T17:14:49.745+0530] {logging_mixin.py:149} INFO - [2023-05-21T17:14:49.745+0530] {dagbag.py:541} INFO - Filling up the DagBag from /home/feuer/.local/lib/python3.10/site-packages/airflow/example_dags/example_setup_teardown.py
[2023-05-21T17:14:49.747+0530] {processor.py:811} WARNING - No viable dags retrieved from /home/feuer/.local/lib/python3.10/site-packages/airflow/example_dags/example_setup_teardown.py
[2023-05-21T17:14:49.757+0530] {processor.py:178} INFO - Processing /home/feuer/.local/lib/python3.10/site-packages/airflow/example_dags/example_setup_teardown.py took 0.025 seconds
[2023-05-21T17:15:38.790+0530] {processor.py:156} INFO - Started process (PID=58507) to work on /home/feuer/.local/lib/python3.10/site-packages/airflow/example_dags/example_setup_teardown.py
[2023-05-21T17:15:38.800+0530] {processor.py:799} INFO - Processing file /home/feuer/.local/lib/python3.10/site-packages/airflow/example_dags/example_setup_teardown.py for tasks to queue
[2023-05-21T17:15:38.800+0530] {logging_mixin.py:149} INFO - [2023-05-21T17:15:38.800+0530] {dagbag.py:541} INFO - Filling up the DagBag from /home/feuer/.local/lib/python3.10/site-packages/airflow/example_dags/example_setup_teardown.py
[2023-05-21T17:15:38.802+0530] {processor.py:811} WARNING - No viable dags retrieved from /home/feuer/.local/lib/python3.10/site-packages/airflow/example_dags/example_setup_teardown.py
[2023-05-21T17:15:38.812+0530] {processor.py:178} INFO - Processing /home/feuer/.local/lib/python3.10/site-packages/airflow/example_dags/example_setup_teardown.py took 0.025 seconds
[2023-05-21T17:16:27.116+0530] {processor.py:156} INFO - Started process (PID=58615) to work on /home/feuer/.local/lib/python3.10/site-packages/airflow/example_dags/example_setup_teardown.py
[2023-05-21T17:16:27.117+0530] {processor.py:799} INFO - Processing file /home/feuer/.local/lib/python3.10/site-packages/airflow/example_dags/example_setup_teardown.py for tasks to queue
[2023-05-21T17:16:27.118+0530] {logging_mixin.py:149} INFO - [2023-05-21T17:16:27.118+0530] {dagbag.py:541} INFO - Filling up the DagBag from /home/feuer/.local/lib/python3.10/site-packages/airflow/example_dags/example_setup_teardown.py
[2023-05-21T17:16:27.119+0530] {processor.py:811} WARNING - No viable dags retrieved from /home/feuer/.local/lib/python3.10/site-packages/airflow/example_dags/example_setup_teardown.py
[2023-05-21T17:16:27.130+0530] {processor.py:178} INFO - Processing /home/feuer/.local/lib/python3.10/site-packages/airflow/example_dags/example_setup_teardown.py took 0.016 seconds
[2023-05-21T17:17:13.319+0530] {processor.py:156} INFO - Started process (PID=58721) to work on /home/feuer/.local/lib/python3.10/site-packages/airflow/example_dags/example_setup_teardown.py
[2023-05-21T17:17:13.320+0530] {processor.py:799} INFO - Processing file /home/feuer/.local/lib/python3.10/site-packages/airflow/example_dags/example_setup_teardown.py for tasks to queue
[2023-05-21T17:17:13.321+0530] {logging_mixin.py:149} INFO - [2023-05-21T17:17:13.320+0530] {dagbag.py:541} INFO - Filling up the DagBag from /home/feuer/.local/lib/python3.10/site-packages/airflow/example_dags/example_setup_teardown.py
[2023-05-21T17:17:13.322+0530] {processor.py:811} WARNING - No viable dags retrieved from /home/feuer/.local/lib/python3.10/site-packages/airflow/example_dags/example_setup_teardown.py
[2023-05-21T17:17:13.332+0530] {processor.py:178} INFO - Processing /home/feuer/.local/lib/python3.10/site-packages/airflow/example_dags/example_setup_teardown.py took 0.016 seconds
[2023-05-21T17:18:00.251+0530] {processor.py:156} INFO - Started process (PID=58835) to work on /home/feuer/.local/lib/python3.10/site-packages/airflow/example_dags/example_setup_teardown.py
[2023-05-21T17:18:00.261+0530] {processor.py:799} INFO - Processing file /home/feuer/.local/lib/python3.10/site-packages/airflow/example_dags/example_setup_teardown.py for tasks to queue
[2023-05-21T17:18:00.261+0530] {logging_mixin.py:149} INFO - [2023-05-21T17:18:00.261+0530] {dagbag.py:541} INFO - Filling up the DagBag from /home/feuer/.local/lib/python3.10/site-packages/airflow/example_dags/example_setup_teardown.py
[2023-05-21T17:18:00.263+0530] {processor.py:811} WARNING - No viable dags retrieved from /home/feuer/.local/lib/python3.10/site-packages/airflow/example_dags/example_setup_teardown.py
[2023-05-21T17:18:00.273+0530] {processor.py:178} INFO - Processing /home/feuer/.local/lib/python3.10/site-packages/airflow/example_dags/example_setup_teardown.py took 0.025 seconds
[2023-05-21T17:18:45.009+0530] {processor.py:156} INFO - Started process (PID=58948) to work on /home/feuer/.local/lib/python3.10/site-packages/airflow/example_dags/example_setup_teardown.py
[2023-05-21T17:18:45.010+0530] {processor.py:799} INFO - Processing file /home/feuer/.local/lib/python3.10/site-packages/airflow/example_dags/example_setup_teardown.py for tasks to queue
[2023-05-21T17:18:45.011+0530] {logging_mixin.py:149} INFO - [2023-05-21T17:18:45.011+0530] {dagbag.py:541} INFO - Filling up the DagBag from /home/feuer/.local/lib/python3.10/site-packages/airflow/example_dags/example_setup_teardown.py
[2023-05-21T17:18:45.013+0530] {processor.py:811} WARNING - No viable dags retrieved from /home/feuer/.local/lib/python3.10/site-packages/airflow/example_dags/example_setup_teardown.py
[2023-05-21T17:18:45.023+0530] {processor.py:178} INFO - Processing /home/feuer/.local/lib/python3.10/site-packages/airflow/example_dags/example_setup_teardown.py took 0.016 seconds
[2023-05-21T17:19:31.797+0530] {processor.py:156} INFO - Started process (PID=59068) to work on /home/feuer/.local/lib/python3.10/site-packages/airflow/example_dags/example_setup_teardown.py
[2023-05-21T17:19:31.810+0530] {processor.py:799} INFO - Processing file /home/feuer/.local/lib/python3.10/site-packages/airflow/example_dags/example_setup_teardown.py for tasks to queue
[2023-05-21T17:19:31.811+0530] {logging_mixin.py:149} INFO - [2023-05-21T17:19:31.811+0530] {dagbag.py:541} INFO - Filling up the DagBag from /home/feuer/.local/lib/python3.10/site-packages/airflow/example_dags/example_setup_teardown.py
[2023-05-21T17:19:31.812+0530] {processor.py:811} WARNING - No viable dags retrieved from /home/feuer/.local/lib/python3.10/site-packages/airflow/example_dags/example_setup_teardown.py
[2023-05-21T17:19:31.822+0530] {processor.py:178} INFO - Processing /home/feuer/.local/lib/python3.10/site-packages/airflow/example_dags/example_setup_teardown.py took 0.028 seconds
[2023-05-21T17:20:18.635+0530] {processor.py:156} INFO - Started process (PID=59183) to work on /home/feuer/.local/lib/python3.10/site-packages/airflow/example_dags/example_setup_teardown.py
[2023-05-21T17:20:18.636+0530] {processor.py:799} INFO - Processing file /home/feuer/.local/lib/python3.10/site-packages/airflow/example_dags/example_setup_teardown.py for tasks to queue
[2023-05-21T17:20:18.637+0530] {logging_mixin.py:149} INFO - [2023-05-21T17:20:18.636+0530] {dagbag.py:541} INFO - Filling up the DagBag from /home/feuer/.local/lib/python3.10/site-packages/airflow/example_dags/example_setup_teardown.py
[2023-05-21T17:20:18.638+0530] {processor.py:811} WARNING - No viable dags retrieved from /home/feuer/.local/lib/python3.10/site-packages/airflow/example_dags/example_setup_teardown.py
[2023-05-21T17:20:18.648+0530] {processor.py:178} INFO - Processing /home/feuer/.local/lib/python3.10/site-packages/airflow/example_dags/example_setup_teardown.py took 0.016 seconds
[2023-05-21T17:21:45.817+0530] {processor.py:156} INFO - Started process (PID=59549) to work on /home/feuer/.local/lib/python3.10/site-packages/airflow/example_dags/example_setup_teardown.py
[2023-05-21T17:21:46.044+0530] {processor.py:799} INFO - Processing file /home/feuer/.local/lib/python3.10/site-packages/airflow/example_dags/example_setup_teardown.py for tasks to queue
[2023-05-21T17:21:46.044+0530] {logging_mixin.py:149} INFO - [2023-05-21T17:21:46.044+0530] {dagbag.py:541} INFO - Filling up the DagBag from /home/feuer/.local/lib/python3.10/site-packages/airflow/example_dags/example_setup_teardown.py
[2023-05-21T17:21:46.046+0530] {processor.py:811} WARNING - No viable dags retrieved from /home/feuer/.local/lib/python3.10/site-packages/airflow/example_dags/example_setup_teardown.py
[2023-05-21T17:21:46.056+0530] {processor.py:178} INFO - Processing /home/feuer/.local/lib/python3.10/site-packages/airflow/example_dags/example_setup_teardown.py took 0.242 seconds
