[2023-05-21T19:39:53.218+0530] {processor.py:156} INFO - Started process (PID=23831) to work on /home/feuer/.local/lib/python3.10/site-packages/airflow/example_dags/example_sensor_decorator.py
[2023-05-21T19:39:53.219+0530] {processor.py:799} INFO - Processing file /home/feuer/.local/lib/python3.10/site-packages/airflow/example_dags/example_sensor_decorator.py for tasks to queue
[2023-05-21T19:39:53.220+0530] {logging_mixin.py:149} INFO - [2023-05-21T19:39:53.220+0530] {dagbag.py:541} INFO - Filling up the DagBag from /home/feuer/.local/lib/python3.10/site-packages/airflow/example_dags/example_sensor_decorator.py
[2023-05-21T19:39:53.226+0530] {processor.py:809} INFO - DAG(s) dict_keys(['example_sensor_decorator']) retrieved from /home/feuer/.local/lib/python3.10/site-packages/airflow/example_dags/example_sensor_decorator.py
[2023-05-21T19:39:53.245+0530] {logging_mixin.py:149} INFO - [2023-05-21T19:39:53.245+0530] {dag.py:2726} INFO - Sync 1 DAGs
[2023-05-21T19:39:53.263+0530] {logging_mixin.py:149} INFO - [2023-05-21T19:39:53.263+0530] {dag.py:3486} INFO - Setting next_dagrun for example_sensor_decorator to None, run_after=None
[2023-05-21T19:39:53.333+0530] {processor.py:178} INFO - Processing /home/feuer/.local/lib/python3.10/site-packages/airflow/example_dags/example_sensor_decorator.py took 0.117 seconds
[2023-05-21T19:41:05.633+0530] {processor.py:156} INFO - Started process (PID=24085) to work on /home/feuer/.local/lib/python3.10/site-packages/airflow/example_dags/example_sensor_decorator.py
[2023-05-21T19:41:05.642+0530] {processor.py:799} INFO - Processing file /home/feuer/.local/lib/python3.10/site-packages/airflow/example_dags/example_sensor_decorator.py for tasks to queue
[2023-05-21T19:41:05.642+0530] {logging_mixin.py:149} INFO - [2023-05-21T19:41:05.642+0530] {dagbag.py:541} INFO - Filling up the DagBag from /home/feuer/.local/lib/python3.10/site-packages/airflow/example_dags/example_sensor_decorator.py
[2023-05-21T19:41:05.655+0530] {processor.py:809} INFO - DAG(s) dict_keys(['example_sensor_decorator']) retrieved from /home/feuer/.local/lib/python3.10/site-packages/airflow/example_dags/example_sensor_decorator.py
[2023-05-21T19:41:05.674+0530] {logging_mixin.py:149} INFO - [2023-05-21T19:41:05.674+0530] {dag.py:2726} INFO - Sync 1 DAGs
[2023-05-21T19:41:05.717+0530] {logging_mixin.py:149} INFO - [2023-05-21T19:41:05.717+0530] {dag.py:3486} INFO - Setting next_dagrun for example_sensor_decorator to None, run_after=None
[2023-05-21T19:41:06.081+0530] {processor.py:178} INFO - Processing /home/feuer/.local/lib/python3.10/site-packages/airflow/example_dags/example_sensor_decorator.py took 0.451 seconds
[2023-05-21T19:42:26.009+0530] {processor.py:156} INFO - Started process (PID=24539) to work on /home/feuer/.local/lib/python3.10/site-packages/airflow/example_dags/example_sensor_decorator.py
[2023-05-21T19:42:26.010+0530] {processor.py:799} INFO - Processing file /home/feuer/.local/lib/python3.10/site-packages/airflow/example_dags/example_sensor_decorator.py for tasks to queue
[2023-05-21T19:42:26.010+0530] {logging_mixin.py:149} INFO - [2023-05-21T19:42:26.010+0530] {dagbag.py:541} INFO - Filling up the DagBag from /home/feuer/.local/lib/python3.10/site-packages/airflow/example_dags/example_sensor_decorator.py
[2023-05-21T19:42:26.015+0530] {processor.py:809} INFO - DAG(s) dict_keys(['example_sensor_decorator']) retrieved from /home/feuer/.local/lib/python3.10/site-packages/airflow/example_dags/example_sensor_decorator.py
[2023-05-21T19:42:26.027+0530] {logging_mixin.py:149} INFO - [2023-05-21T19:42:26.027+0530] {dag.py:2726} INFO - Sync 1 DAGs
[2023-05-21T19:42:26.039+0530] {logging_mixin.py:149} INFO - [2023-05-21T19:42:26.039+0530] {dag.py:3486} INFO - Setting next_dagrun for example_sensor_decorator to None, run_after=None
[2023-05-21T19:42:26.142+0530] {processor.py:178} INFO - Processing /home/feuer/.local/lib/python3.10/site-packages/airflow/example_dags/example_sensor_decorator.py took 0.136 seconds
[2023-05-21T19:43:22.459+0530] {processor.py:156} INFO - Started process (PID=24720) to work on /home/feuer/.local/lib/python3.10/site-packages/airflow/example_dags/example_sensor_decorator.py
[2023-05-21T19:43:22.459+0530] {processor.py:799} INFO - Processing file /home/feuer/.local/lib/python3.10/site-packages/airflow/example_dags/example_sensor_decorator.py for tasks to queue
[2023-05-21T19:43:22.460+0530] {logging_mixin.py:149} INFO - [2023-05-21T19:43:22.460+0530] {dagbag.py:541} INFO - Filling up the DagBag from /home/feuer/.local/lib/python3.10/site-packages/airflow/example_dags/example_sensor_decorator.py
[2023-05-21T19:43:22.466+0530] {processor.py:809} INFO - DAG(s) dict_keys(['example_sensor_decorator']) retrieved from /home/feuer/.local/lib/python3.10/site-packages/airflow/example_dags/example_sensor_decorator.py
[2023-05-21T19:43:22.486+0530] {logging_mixin.py:149} INFO - [2023-05-21T19:43:22.486+0530] {dag.py:2726} INFO - Sync 1 DAGs
[2023-05-21T19:43:22.504+0530] {logging_mixin.py:149} INFO - [2023-05-21T19:43:22.504+0530] {dag.py:3486} INFO - Setting next_dagrun for example_sensor_decorator to None, run_after=None
[2023-05-21T19:43:22.588+0530] {processor.py:178} INFO - Processing /home/feuer/.local/lib/python3.10/site-packages/airflow/example_dags/example_sensor_decorator.py took 0.133 seconds
[2023-05-21T19:44:15.824+0530] {processor.py:156} INFO - Started process (PID=24856) to work on /home/feuer/.local/lib/python3.10/site-packages/airflow/example_dags/example_sensor_decorator.py
[2023-05-21T19:44:15.824+0530] {processor.py:799} INFO - Processing file /home/feuer/.local/lib/python3.10/site-packages/airflow/example_dags/example_sensor_decorator.py for tasks to queue
[2023-05-21T19:44:15.825+0530] {logging_mixin.py:149} INFO - [2023-05-21T19:44:15.825+0530] {dagbag.py:541} INFO - Filling up the DagBag from /home/feuer/.local/lib/python3.10/site-packages/airflow/example_dags/example_sensor_decorator.py
[2023-05-21T19:44:15.832+0530] {processor.py:809} INFO - DAG(s) dict_keys(['example_sensor_decorator']) retrieved from /home/feuer/.local/lib/python3.10/site-packages/airflow/example_dags/example_sensor_decorator.py
[2023-05-21T19:44:15.859+0530] {logging_mixin.py:149} INFO - [2023-05-21T19:44:15.859+0530] {dag.py:2726} INFO - Sync 1 DAGs
[2023-05-21T19:44:15.874+0530] {logging_mixin.py:149} INFO - [2023-05-21T19:44:15.874+0530] {dag.py:3486} INFO - Setting next_dagrun for example_sensor_decorator to None, run_after=None
[2023-05-21T19:44:15.961+0530] {processor.py:178} INFO - Processing /home/feuer/.local/lib/python3.10/site-packages/airflow/example_dags/example_sensor_decorator.py took 0.141 seconds
[2023-05-21T19:45:09.717+0530] {processor.py:156} INFO - Started process (PID=24999) to work on /home/feuer/.local/lib/python3.10/site-packages/airflow/example_dags/example_sensor_decorator.py
[2023-05-21T19:45:09.732+0530] {processor.py:799} INFO - Processing file /home/feuer/.local/lib/python3.10/site-packages/airflow/example_dags/example_sensor_decorator.py for tasks to queue
[2023-05-21T19:45:09.732+0530] {logging_mixin.py:149} INFO - [2023-05-21T19:45:09.732+0530] {dagbag.py:541} INFO - Filling up the DagBag from /home/feuer/.local/lib/python3.10/site-packages/airflow/example_dags/example_sensor_decorator.py
[2023-05-21T19:45:09.736+0530] {processor.py:809} INFO - DAG(s) dict_keys(['example_sensor_decorator']) retrieved from /home/feuer/.local/lib/python3.10/site-packages/airflow/example_dags/example_sensor_decorator.py
[2023-05-21T19:45:09.747+0530] {logging_mixin.py:149} INFO - [2023-05-21T19:45:09.747+0530] {dag.py:2726} INFO - Sync 1 DAGs
[2023-05-21T19:45:09.758+0530] {logging_mixin.py:149} INFO - [2023-05-21T19:45:09.758+0530] {dag.py:3486} INFO - Setting next_dagrun for example_sensor_decorator to None, run_after=None
[2023-05-21T19:45:09.830+0530] {processor.py:178} INFO - Processing /home/feuer/.local/lib/python3.10/site-packages/airflow/example_dags/example_sensor_decorator.py took 0.115 seconds
[2023-05-21T19:46:03.317+0530] {processor.py:156} INFO - Started process (PID=25114) to work on /home/feuer/.local/lib/python3.10/site-packages/airflow/example_dags/example_sensor_decorator.py
[2023-05-21T19:46:03.318+0530] {processor.py:799} INFO - Processing file /home/feuer/.local/lib/python3.10/site-packages/airflow/example_dags/example_sensor_decorator.py for tasks to queue
[2023-05-21T19:46:03.318+0530] {logging_mixin.py:149} INFO - [2023-05-21T19:46:03.318+0530] {dagbag.py:541} INFO - Filling up the DagBag from /home/feuer/.local/lib/python3.10/site-packages/airflow/example_dags/example_sensor_decorator.py
[2023-05-21T19:46:03.322+0530] {processor.py:809} INFO - DAG(s) dict_keys(['example_sensor_decorator']) retrieved from /home/feuer/.local/lib/python3.10/site-packages/airflow/example_dags/example_sensor_decorator.py
[2023-05-21T19:46:03.335+0530] {logging_mixin.py:149} INFO - [2023-05-21T19:46:03.335+0530] {dag.py:2726} INFO - Sync 1 DAGs
[2023-05-21T19:46:03.347+0530] {logging_mixin.py:149} INFO - [2023-05-21T19:46:03.347+0530] {dag.py:3486} INFO - Setting next_dagrun for example_sensor_decorator to None, run_after=None
[2023-05-21T19:46:03.425+0530] {processor.py:178} INFO - Processing /home/feuer/.local/lib/python3.10/site-packages/airflow/example_dags/example_sensor_decorator.py took 0.111 seconds
[2023-05-21T19:46:56.877+0530] {processor.py:156} INFO - Started process (PID=25221) to work on /home/feuer/.local/lib/python3.10/site-packages/airflow/example_dags/example_sensor_decorator.py
[2023-05-21T19:46:56.878+0530] {processor.py:799} INFO - Processing file /home/feuer/.local/lib/python3.10/site-packages/airflow/example_dags/example_sensor_decorator.py for tasks to queue
[2023-05-21T19:46:56.878+0530] {logging_mixin.py:149} INFO - [2023-05-21T19:46:56.878+0530] {dagbag.py:541} INFO - Filling up the DagBag from /home/feuer/.local/lib/python3.10/site-packages/airflow/example_dags/example_sensor_decorator.py
[2023-05-21T19:46:56.883+0530] {processor.py:809} INFO - DAG(s) dict_keys(['example_sensor_decorator']) retrieved from /home/feuer/.local/lib/python3.10/site-packages/airflow/example_dags/example_sensor_decorator.py
[2023-05-21T19:46:56.894+0530] {logging_mixin.py:149} INFO - [2023-05-21T19:46:56.894+0530] {dag.py:2726} INFO - Sync 1 DAGs
[2023-05-21T19:46:56.905+0530] {logging_mixin.py:149} INFO - [2023-05-21T19:46:56.905+0530] {dag.py:3486} INFO - Setting next_dagrun for example_sensor_decorator to None, run_after=None
[2023-05-21T19:46:56.985+0530] {processor.py:178} INFO - Processing /home/feuer/.local/lib/python3.10/site-packages/airflow/example_dags/example_sensor_decorator.py took 0.110 seconds
[2023-05-21T19:47:50.268+0530] {processor.py:156} INFO - Started process (PID=25341) to work on /home/feuer/.local/lib/python3.10/site-packages/airflow/example_dags/example_sensor_decorator.py
[2023-05-21T19:47:50.269+0530] {processor.py:799} INFO - Processing file /home/feuer/.local/lib/python3.10/site-packages/airflow/example_dags/example_sensor_decorator.py for tasks to queue
[2023-05-21T19:47:50.269+0530] {logging_mixin.py:149} INFO - [2023-05-21T19:47:50.269+0530] {dagbag.py:541} INFO - Filling up the DagBag from /home/feuer/.local/lib/python3.10/site-packages/airflow/example_dags/example_sensor_decorator.py
[2023-05-21T19:47:50.274+0530] {processor.py:809} INFO - DAG(s) dict_keys(['example_sensor_decorator']) retrieved from /home/feuer/.local/lib/python3.10/site-packages/airflow/example_dags/example_sensor_decorator.py
[2023-05-21T19:47:50.285+0530] {logging_mixin.py:149} INFO - [2023-05-21T19:47:50.285+0530] {dag.py:2726} INFO - Sync 1 DAGs
[2023-05-21T19:47:50.297+0530] {logging_mixin.py:149} INFO - [2023-05-21T19:47:50.296+0530] {dag.py:3486} INFO - Setting next_dagrun for example_sensor_decorator to None, run_after=None
[2023-05-21T19:47:50.395+0530] {processor.py:178} INFO - Processing /home/feuer/.local/lib/python3.10/site-packages/airflow/example_dags/example_sensor_decorator.py took 0.129 seconds
[2023-05-21T19:48:42.922+0530] {processor.py:156} INFO - Started process (PID=25450) to work on /home/feuer/.local/lib/python3.10/site-packages/airflow/example_dags/example_sensor_decorator.py
[2023-05-21T19:48:42.922+0530] {processor.py:799} INFO - Processing file /home/feuer/.local/lib/python3.10/site-packages/airflow/example_dags/example_sensor_decorator.py for tasks to queue
[2023-05-21T19:48:42.923+0530] {logging_mixin.py:149} INFO - [2023-05-21T19:48:42.923+0530] {dagbag.py:541} INFO - Filling up the DagBag from /home/feuer/.local/lib/python3.10/site-packages/airflow/example_dags/example_sensor_decorator.py
[2023-05-21T19:48:42.928+0530] {processor.py:809} INFO - DAG(s) dict_keys(['example_sensor_decorator']) retrieved from /home/feuer/.local/lib/python3.10/site-packages/airflow/example_dags/example_sensor_decorator.py
[2023-05-21T19:48:42.941+0530] {logging_mixin.py:149} INFO - [2023-05-21T19:48:42.940+0530] {dag.py:2726} INFO - Sync 1 DAGs
[2023-05-21T19:48:42.951+0530] {logging_mixin.py:149} INFO - [2023-05-21T19:48:42.951+0530] {dag.py:3486} INFO - Setting next_dagrun for example_sensor_decorator to None, run_after=None
[2023-05-21T19:48:43.035+0530] {processor.py:178} INFO - Processing /home/feuer/.local/lib/python3.10/site-packages/airflow/example_dags/example_sensor_decorator.py took 0.116 seconds
[2023-05-21T19:49:35.513+0530] {processor.py:156} INFO - Started process (PID=25568) to work on /home/feuer/.local/lib/python3.10/site-packages/airflow/example_dags/example_sensor_decorator.py
[2023-05-21T19:49:35.514+0530] {processor.py:799} INFO - Processing file /home/feuer/.local/lib/python3.10/site-packages/airflow/example_dags/example_sensor_decorator.py for tasks to queue
[2023-05-21T19:49:35.514+0530] {logging_mixin.py:149} INFO - [2023-05-21T19:49:35.514+0530] {dagbag.py:541} INFO - Filling up the DagBag from /home/feuer/.local/lib/python3.10/site-packages/airflow/example_dags/example_sensor_decorator.py
[2023-05-21T19:49:35.518+0530] {processor.py:809} INFO - DAG(s) dict_keys(['example_sensor_decorator']) retrieved from /home/feuer/.local/lib/python3.10/site-packages/airflow/example_dags/example_sensor_decorator.py
[2023-05-21T19:49:35.530+0530] {logging_mixin.py:149} INFO - [2023-05-21T19:49:35.530+0530] {dag.py:2726} INFO - Sync 1 DAGs
[2023-05-21T19:49:35.541+0530] {logging_mixin.py:149} INFO - [2023-05-21T19:49:35.541+0530] {dag.py:3486} INFO - Setting next_dagrun for example_sensor_decorator to None, run_after=None
[2023-05-21T19:49:35.623+0530] {processor.py:178} INFO - Processing /home/feuer/.local/lib/python3.10/site-packages/airflow/example_dags/example_sensor_decorator.py took 0.112 seconds
[2023-05-21T19:50:27.729+0530] {processor.py:156} INFO - Started process (PID=25728) to work on /home/feuer/.local/lib/python3.10/site-packages/airflow/example_dags/example_sensor_decorator.py
[2023-05-21T19:50:27.734+0530] {processor.py:799} INFO - Processing file /home/feuer/.local/lib/python3.10/site-packages/airflow/example_dags/example_sensor_decorator.py for tasks to queue
[2023-05-21T19:50:27.734+0530] {logging_mixin.py:149} INFO - [2023-05-21T19:50:27.734+0530] {dagbag.py:541} INFO - Filling up the DagBag from /home/feuer/.local/lib/python3.10/site-packages/airflow/example_dags/example_sensor_decorator.py
[2023-05-21T19:50:27.738+0530] {processor.py:809} INFO - DAG(s) dict_keys(['example_sensor_decorator']) retrieved from /home/feuer/.local/lib/python3.10/site-packages/airflow/example_dags/example_sensor_decorator.py
[2023-05-21T19:50:27.750+0530] {logging_mixin.py:149} INFO - [2023-05-21T19:50:27.750+0530] {dag.py:2726} INFO - Sync 1 DAGs
[2023-05-21T19:50:27.762+0530] {logging_mixin.py:149} INFO - [2023-05-21T19:50:27.761+0530] {dag.py:3486} INFO - Setting next_dagrun for example_sensor_decorator to None, run_after=None
[2023-05-21T19:50:27.849+0530] {processor.py:178} INFO - Processing /home/feuer/.local/lib/python3.10/site-packages/airflow/example_dags/example_sensor_decorator.py took 0.122 seconds
[2023-05-21T19:51:19.475+0530] {processor.py:156} INFO - Started process (PID=25852) to work on /home/feuer/.local/lib/python3.10/site-packages/airflow/example_dags/example_sensor_decorator.py
[2023-05-21T19:51:19.476+0530] {processor.py:799} INFO - Processing file /home/feuer/.local/lib/python3.10/site-packages/airflow/example_dags/example_sensor_decorator.py for tasks to queue
[2023-05-21T19:51:19.477+0530] {logging_mixin.py:149} INFO - [2023-05-21T19:51:19.477+0530] {dagbag.py:541} INFO - Filling up the DagBag from /home/feuer/.local/lib/python3.10/site-packages/airflow/example_dags/example_sensor_decorator.py
[2023-05-21T19:51:19.483+0530] {processor.py:809} INFO - DAG(s) dict_keys(['example_sensor_decorator']) retrieved from /home/feuer/.local/lib/python3.10/site-packages/airflow/example_dags/example_sensor_decorator.py
[2023-05-21T19:51:19.501+0530] {logging_mixin.py:149} INFO - [2023-05-21T19:51:19.501+0530] {dag.py:2726} INFO - Sync 1 DAGs
[2023-05-21T19:51:19.520+0530] {logging_mixin.py:149} INFO - [2023-05-21T19:51:19.520+0530] {dag.py:3486} INFO - Setting next_dagrun for example_sensor_decorator to None, run_after=None
[2023-05-21T19:51:19.589+0530] {processor.py:178} INFO - Processing /home/feuer/.local/lib/python3.10/site-packages/airflow/example_dags/example_sensor_decorator.py took 0.116 seconds
[2023-05-21T19:52:11.055+0530] {processor.py:156} INFO - Started process (PID=25962) to work on /home/feuer/.local/lib/python3.10/site-packages/airflow/example_dags/example_sensor_decorator.py
[2023-05-21T19:52:11.056+0530] {processor.py:799} INFO - Processing file /home/feuer/.local/lib/python3.10/site-packages/airflow/example_dags/example_sensor_decorator.py for tasks to queue
[2023-05-21T19:52:11.056+0530] {logging_mixin.py:149} INFO - [2023-05-21T19:52:11.056+0530] {dagbag.py:541} INFO - Filling up the DagBag from /home/feuer/.local/lib/python3.10/site-packages/airflow/example_dags/example_sensor_decorator.py
[2023-05-21T19:52:11.062+0530] {processor.py:809} INFO - DAG(s) dict_keys(['example_sensor_decorator']) retrieved from /home/feuer/.local/lib/python3.10/site-packages/airflow/example_dags/example_sensor_decorator.py
[2023-05-21T19:52:11.081+0530] {logging_mixin.py:149} INFO - [2023-05-21T19:52:11.081+0530] {dag.py:2726} INFO - Sync 1 DAGs
[2023-05-21T19:52:11.098+0530] {logging_mixin.py:149} INFO - [2023-05-21T19:52:11.098+0530] {dag.py:3486} INFO - Setting next_dagrun for example_sensor_decorator to None, run_after=None
[2023-05-21T19:52:11.288+0530] {processor.py:178} INFO - Processing /home/feuer/.local/lib/python3.10/site-packages/airflow/example_dags/example_sensor_decorator.py took 0.236 seconds
[2023-05-21T19:53:00.408+0530] {processor.py:156} INFO - Started process (PID=26075) to work on /home/feuer/.local/lib/python3.10/site-packages/airflow/example_dags/example_sensor_decorator.py
[2023-05-21T19:53:00.408+0530] {processor.py:799} INFO - Processing file /home/feuer/.local/lib/python3.10/site-packages/airflow/example_dags/example_sensor_decorator.py for tasks to queue
[2023-05-21T19:53:00.409+0530] {logging_mixin.py:149} INFO - [2023-05-21T19:53:00.409+0530] {dagbag.py:541} INFO - Filling up the DagBag from /home/feuer/.local/lib/python3.10/site-packages/airflow/example_dags/example_sensor_decorator.py
[2023-05-21T19:53:00.413+0530] {processor.py:809} INFO - DAG(s) dict_keys(['example_sensor_decorator']) retrieved from /home/feuer/.local/lib/python3.10/site-packages/airflow/example_dags/example_sensor_decorator.py
[2023-05-21T19:53:00.429+0530] {logging_mixin.py:149} INFO - [2023-05-21T19:53:00.429+0530] {dag.py:2726} INFO - Sync 1 DAGs
[2023-05-21T19:53:00.443+0530] {logging_mixin.py:149} INFO - [2023-05-21T19:53:00.442+0530] {dag.py:3486} INFO - Setting next_dagrun for example_sensor_decorator to None, run_after=None
[2023-05-21T19:53:00.528+0530] {processor.py:178} INFO - Processing /home/feuer/.local/lib/python3.10/site-packages/airflow/example_dags/example_sensor_decorator.py took 0.122 seconds
[2023-05-21T19:53:49.916+0530] {processor.py:156} INFO - Started process (PID=26220) to work on /home/feuer/.local/lib/python3.10/site-packages/airflow/example_dags/example_sensor_decorator.py
[2023-05-21T19:53:49.917+0530] {processor.py:799} INFO - Processing file /home/feuer/.local/lib/python3.10/site-packages/airflow/example_dags/example_sensor_decorator.py for tasks to queue
[2023-05-21T19:53:49.918+0530] {logging_mixin.py:149} INFO - [2023-05-21T19:53:49.918+0530] {dagbag.py:541} INFO - Filling up the DagBag from /home/feuer/.local/lib/python3.10/site-packages/airflow/example_dags/example_sensor_decorator.py
[2023-05-21T19:53:49.925+0530] {processor.py:809} INFO - DAG(s) dict_keys(['example_sensor_decorator']) retrieved from /home/feuer/.local/lib/python3.10/site-packages/airflow/example_dags/example_sensor_decorator.py
[2023-05-21T19:53:49.939+0530] {logging_mixin.py:149} INFO - [2023-05-21T19:53:49.939+0530] {dag.py:2726} INFO - Sync 1 DAGs
[2023-05-21T19:53:49.950+0530] {logging_mixin.py:149} INFO - [2023-05-21T19:53:49.950+0530] {dag.py:3486} INFO - Setting next_dagrun for example_sensor_decorator to None, run_after=None
[2023-05-21T19:53:50.037+0530] {processor.py:178} INFO - Processing /home/feuer/.local/lib/python3.10/site-packages/airflow/example_dags/example_sensor_decorator.py took 0.125 seconds
[2023-05-21T19:54:41.473+0530] {processor.py:156} INFO - Started process (PID=26354) to work on /home/feuer/.local/lib/python3.10/site-packages/airflow/example_dags/example_sensor_decorator.py
[2023-05-21T19:54:41.474+0530] {processor.py:799} INFO - Processing file /home/feuer/.local/lib/python3.10/site-packages/airflow/example_dags/example_sensor_decorator.py for tasks to queue
[2023-05-21T19:54:41.475+0530] {logging_mixin.py:149} INFO - [2023-05-21T19:54:41.475+0530] {dagbag.py:541} INFO - Filling up the DagBag from /home/feuer/.local/lib/python3.10/site-packages/airflow/example_dags/example_sensor_decorator.py
[2023-05-21T19:54:41.480+0530] {processor.py:809} INFO - DAG(s) dict_keys(['example_sensor_decorator']) retrieved from /home/feuer/.local/lib/python3.10/site-packages/airflow/example_dags/example_sensor_decorator.py
[2023-05-21T19:54:41.499+0530] {logging_mixin.py:149} INFO - [2023-05-21T19:54:41.499+0530] {dag.py:2726} INFO - Sync 1 DAGs
[2023-05-21T19:54:41.519+0530] {logging_mixin.py:149} INFO - [2023-05-21T19:54:41.519+0530] {dag.py:3486} INFO - Setting next_dagrun for example_sensor_decorator to None, run_after=None
[2023-05-21T19:54:41.595+0530] {processor.py:178} INFO - Processing /home/feuer/.local/lib/python3.10/site-packages/airflow/example_dags/example_sensor_decorator.py took 0.125 seconds
[2023-05-21T19:55:34.195+0530] {processor.py:156} INFO - Started process (PID=26485) to work on /home/feuer/.local/lib/python3.10/site-packages/airflow/example_dags/example_sensor_decorator.py
[2023-05-21T19:55:34.212+0530] {processor.py:799} INFO - Processing file /home/feuer/.local/lib/python3.10/site-packages/airflow/example_dags/example_sensor_decorator.py for tasks to queue
[2023-05-21T19:55:34.213+0530] {logging_mixin.py:149} INFO - [2023-05-21T19:55:34.213+0530] {dagbag.py:541} INFO - Filling up the DagBag from /home/feuer/.local/lib/python3.10/site-packages/airflow/example_dags/example_sensor_decorator.py
[2023-05-21T19:55:34.219+0530] {processor.py:809} INFO - DAG(s) dict_keys(['example_sensor_decorator']) retrieved from /home/feuer/.local/lib/python3.10/site-packages/airflow/example_dags/example_sensor_decorator.py
[2023-05-21T19:55:34.238+0530] {logging_mixin.py:149} INFO - [2023-05-21T19:55:34.238+0530] {dag.py:2726} INFO - Sync 1 DAGs
[2023-05-21T19:55:34.258+0530] {logging_mixin.py:149} INFO - [2023-05-21T19:55:34.258+0530] {dag.py:3486} INFO - Setting next_dagrun for example_sensor_decorator to None, run_after=None
[2023-05-21T19:55:34.333+0530] {processor.py:178} INFO - Processing /home/feuer/.local/lib/python3.10/site-packages/airflow/example_dags/example_sensor_decorator.py took 0.141 seconds
[2023-05-21T19:56:32.924+0530] {processor.py:156} INFO - Started process (PID=26665) to work on /home/feuer/.local/lib/python3.10/site-packages/airflow/example_dags/example_sensor_decorator.py
[2023-05-21T19:56:32.925+0530] {processor.py:799} INFO - Processing file /home/feuer/.local/lib/python3.10/site-packages/airflow/example_dags/example_sensor_decorator.py for tasks to queue
[2023-05-21T19:56:32.926+0530] {logging_mixin.py:149} INFO - [2023-05-21T19:56:32.926+0530] {dagbag.py:541} INFO - Filling up the DagBag from /home/feuer/.local/lib/python3.10/site-packages/airflow/example_dags/example_sensor_decorator.py
[2023-05-21T19:56:32.931+0530] {processor.py:809} INFO - DAG(s) dict_keys(['example_sensor_decorator']) retrieved from /home/feuer/.local/lib/python3.10/site-packages/airflow/example_dags/example_sensor_decorator.py
[2023-05-21T19:56:32.950+0530] {logging_mixin.py:149} INFO - [2023-05-21T19:56:32.950+0530] {dag.py:2726} INFO - Sync 1 DAGs
[2023-05-21T19:56:32.968+0530] {logging_mixin.py:149} INFO - [2023-05-21T19:56:32.968+0530] {dag.py:3486} INFO - Setting next_dagrun for example_sensor_decorator to None, run_after=None
[2023-05-21T19:56:33.039+0530] {processor.py:178} INFO - Processing /home/feuer/.local/lib/python3.10/site-packages/airflow/example_dags/example_sensor_decorator.py took 0.117 seconds
[2023-05-21T19:57:27.363+0530] {processor.py:156} INFO - Started process (PID=26795) to work on /home/feuer/.local/lib/python3.10/site-packages/airflow/example_dags/example_sensor_decorator.py
[2023-05-21T19:57:27.370+0530] {processor.py:799} INFO - Processing file /home/feuer/.local/lib/python3.10/site-packages/airflow/example_dags/example_sensor_decorator.py for tasks to queue
[2023-05-21T19:57:27.370+0530] {logging_mixin.py:149} INFO - [2023-05-21T19:57:27.370+0530] {dagbag.py:541} INFO - Filling up the DagBag from /home/feuer/.local/lib/python3.10/site-packages/airflow/example_dags/example_sensor_decorator.py
[2023-05-21T19:57:27.376+0530] {processor.py:809} INFO - DAG(s) dict_keys(['example_sensor_decorator']) retrieved from /home/feuer/.local/lib/python3.10/site-packages/airflow/example_dags/example_sensor_decorator.py
[2023-05-21T19:57:27.395+0530] {logging_mixin.py:149} INFO - [2023-05-21T19:57:27.394+0530] {dag.py:2726} INFO - Sync 1 DAGs
[2023-05-21T19:57:27.413+0530] {logging_mixin.py:149} INFO - [2023-05-21T19:57:27.413+0530] {dag.py:3486} INFO - Setting next_dagrun for example_sensor_decorator to None, run_after=None
[2023-05-21T19:57:27.582+0530] {processor.py:178} INFO - Processing /home/feuer/.local/lib/python3.10/site-packages/airflow/example_dags/example_sensor_decorator.py took 0.221 seconds
[2023-05-21T19:58:33.427+0530] {processor.py:156} INFO - Started process (PID=27007) to work on /home/feuer/.local/lib/python3.10/site-packages/airflow/example_dags/example_sensor_decorator.py
[2023-05-21T19:58:33.441+0530] {processor.py:799} INFO - Processing file /home/feuer/.local/lib/python3.10/site-packages/airflow/example_dags/example_sensor_decorator.py for tasks to queue
[2023-05-21T19:58:33.442+0530] {logging_mixin.py:149} INFO - [2023-05-21T19:58:33.442+0530] {dagbag.py:541} INFO - Filling up the DagBag from /home/feuer/.local/lib/python3.10/site-packages/airflow/example_dags/example_sensor_decorator.py
[2023-05-21T19:58:33.446+0530] {processor.py:809} INFO - DAG(s) dict_keys(['example_sensor_decorator']) retrieved from /home/feuer/.local/lib/python3.10/site-packages/airflow/example_dags/example_sensor_decorator.py
[2023-05-21T19:58:33.459+0530] {logging_mixin.py:149} INFO - [2023-05-21T19:58:33.459+0530] {dag.py:2726} INFO - Sync 1 DAGs
[2023-05-21T19:58:33.472+0530] {logging_mixin.py:149} INFO - [2023-05-21T19:58:33.472+0530] {dag.py:3486} INFO - Setting next_dagrun for example_sensor_decorator to None, run_after=None
[2023-05-21T19:58:33.554+0530] {processor.py:178} INFO - Processing /home/feuer/.local/lib/python3.10/site-packages/airflow/example_dags/example_sensor_decorator.py took 0.128 seconds
[2023-05-21T19:59:33.252+0530] {processor.py:156} INFO - Started process (PID=27171) to work on /home/feuer/.local/lib/python3.10/site-packages/airflow/example_dags/example_sensor_decorator.py
[2023-05-21T19:59:33.263+0530] {processor.py:799} INFO - Processing file /home/feuer/.local/lib/python3.10/site-packages/airflow/example_dags/example_sensor_decorator.py for tasks to queue
[2023-05-21T19:59:33.264+0530] {logging_mixin.py:149} INFO - [2023-05-21T19:59:33.263+0530] {dagbag.py:541} INFO - Filling up the DagBag from /home/feuer/.local/lib/python3.10/site-packages/airflow/example_dags/example_sensor_decorator.py
[2023-05-21T19:59:33.269+0530] {processor.py:809} INFO - DAG(s) dict_keys(['example_sensor_decorator']) retrieved from /home/feuer/.local/lib/python3.10/site-packages/airflow/example_dags/example_sensor_decorator.py
[2023-05-21T19:59:33.299+0530] {logging_mixin.py:149} INFO - [2023-05-21T19:59:33.299+0530] {dag.py:2726} INFO - Sync 1 DAGs
[2023-05-21T19:59:33.318+0530] {logging_mixin.py:149} INFO - [2023-05-21T19:59:33.317+0530] {dag.py:3486} INFO - Setting next_dagrun for example_sensor_decorator to None, run_after=None
[2023-05-21T19:59:33.466+0530] {processor.py:178} INFO - Processing /home/feuer/.local/lib/python3.10/site-packages/airflow/example_dags/example_sensor_decorator.py took 0.217 seconds
[2023-05-21T20:00:34.366+0530] {processor.py:156} INFO - Started process (PID=27322) to work on /home/feuer/.local/lib/python3.10/site-packages/airflow/example_dags/example_sensor_decorator.py
[2023-05-21T20:00:34.386+0530] {processor.py:799} INFO - Processing file /home/feuer/.local/lib/python3.10/site-packages/airflow/example_dags/example_sensor_decorator.py for tasks to queue
[2023-05-21T20:00:34.386+0530] {logging_mixin.py:149} INFO - [2023-05-21T20:00:34.386+0530] {dagbag.py:541} INFO - Filling up the DagBag from /home/feuer/.local/lib/python3.10/site-packages/airflow/example_dags/example_sensor_decorator.py
[2023-05-21T20:00:34.390+0530] {processor.py:809} INFO - DAG(s) dict_keys(['example_sensor_decorator']) retrieved from /home/feuer/.local/lib/python3.10/site-packages/airflow/example_dags/example_sensor_decorator.py
[2023-05-21T20:00:34.417+0530] {logging_mixin.py:149} INFO - [2023-05-21T20:00:34.417+0530] {dag.py:2726} INFO - Sync 1 DAGs
[2023-05-21T20:00:34.429+0530] {logging_mixin.py:149} INFO - [2023-05-21T20:00:34.429+0530] {dag.py:3486} INFO - Setting next_dagrun for example_sensor_decorator to None, run_after=None
[2023-05-21T20:00:34.652+0530] {processor.py:178} INFO - Processing /home/feuer/.local/lib/python3.10/site-packages/airflow/example_dags/example_sensor_decorator.py took 0.288 seconds
[2023-05-21T20:01:43.119+0530] {processor.py:156} INFO - Started process (PID=27623) to work on /home/feuer/.local/lib/python3.10/site-packages/airflow/example_dags/example_sensor_decorator.py
[2023-05-21T20:01:43.132+0530] {processor.py:799} INFO - Processing file /home/feuer/.local/lib/python3.10/site-packages/airflow/example_dags/example_sensor_decorator.py for tasks to queue
[2023-05-21T20:01:43.133+0530] {logging_mixin.py:149} INFO - [2023-05-21T20:01:43.132+0530] {dagbag.py:541} INFO - Filling up the DagBag from /home/feuer/.local/lib/python3.10/site-packages/airflow/example_dags/example_sensor_decorator.py
[2023-05-21T20:01:43.138+0530] {processor.py:809} INFO - DAG(s) dict_keys(['example_sensor_decorator']) retrieved from /home/feuer/.local/lib/python3.10/site-packages/airflow/example_dags/example_sensor_decorator.py
[2023-05-21T20:01:43.167+0530] {logging_mixin.py:149} INFO - [2023-05-21T20:01:43.167+0530] {dag.py:2726} INFO - Sync 1 DAGs
[2023-05-21T20:01:43.186+0530] {logging_mixin.py:149} INFO - [2023-05-21T20:01:43.186+0530] {dag.py:3486} INFO - Setting next_dagrun for example_sensor_decorator to None, run_after=None
[2023-05-21T20:01:43.275+0530] {processor.py:178} INFO - Processing /home/feuer/.local/lib/python3.10/site-packages/airflow/example_dags/example_sensor_decorator.py took 0.159 seconds
[2023-05-21T20:02:48.298+0530] {processor.py:156} INFO - Started process (PID=27849) to work on /home/feuer/.local/lib/python3.10/site-packages/airflow/example_dags/example_sensor_decorator.py
[2023-05-21T20:02:48.312+0530] {processor.py:799} INFO - Processing file /home/feuer/.local/lib/python3.10/site-packages/airflow/example_dags/example_sensor_decorator.py for tasks to queue
[2023-05-21T20:02:48.312+0530] {logging_mixin.py:149} INFO - [2023-05-21T20:02:48.312+0530] {dagbag.py:541} INFO - Filling up the DagBag from /home/feuer/.local/lib/python3.10/site-packages/airflow/example_dags/example_sensor_decorator.py
[2023-05-21T20:02:48.316+0530] {processor.py:809} INFO - DAG(s) dict_keys(['example_sensor_decorator']) retrieved from /home/feuer/.local/lib/python3.10/site-packages/airflow/example_dags/example_sensor_decorator.py
[2023-05-21T20:02:48.333+0530] {logging_mixin.py:149} INFO - [2023-05-21T20:02:48.333+0530] {dag.py:2726} INFO - Sync 1 DAGs
[2023-05-21T20:02:48.348+0530] {logging_mixin.py:149} INFO - [2023-05-21T20:02:48.348+0530] {dag.py:3486} INFO - Setting next_dagrun for example_sensor_decorator to None, run_after=None
[2023-05-21T20:02:48.447+0530] {processor.py:178} INFO - Processing /home/feuer/.local/lib/python3.10/site-packages/airflow/example_dags/example_sensor_decorator.py took 0.152 seconds
[2023-05-21T20:03:50.530+0530] {processor.py:156} INFO - Started process (PID=28038) to work on /home/feuer/.local/lib/python3.10/site-packages/airflow/example_dags/example_sensor_decorator.py
[2023-05-21T20:03:50.540+0530] {processor.py:799} INFO - Processing file /home/feuer/.local/lib/python3.10/site-packages/airflow/example_dags/example_sensor_decorator.py for tasks to queue
[2023-05-21T20:03:50.540+0530] {logging_mixin.py:149} INFO - [2023-05-21T20:03:50.540+0530] {dagbag.py:541} INFO - Filling up the DagBag from /home/feuer/.local/lib/python3.10/site-packages/airflow/example_dags/example_sensor_decorator.py
[2023-05-21T20:03:50.545+0530] {processor.py:809} INFO - DAG(s) dict_keys(['example_sensor_decorator']) retrieved from /home/feuer/.local/lib/python3.10/site-packages/airflow/example_dags/example_sensor_decorator.py
[2023-05-21T20:03:50.560+0530] {logging_mixin.py:149} INFO - [2023-05-21T20:03:50.560+0530] {dag.py:2726} INFO - Sync 1 DAGs
[2023-05-21T20:03:50.572+0530] {logging_mixin.py:149} INFO - [2023-05-21T20:03:50.572+0530] {dag.py:3486} INFO - Setting next_dagrun for example_sensor_decorator to None, run_after=None
[2023-05-21T20:03:50.658+0530] {processor.py:178} INFO - Processing /home/feuer/.local/lib/python3.10/site-packages/airflow/example_dags/example_sensor_decorator.py took 0.130 seconds
[2023-05-21T20:04:49.832+0530] {processor.py:156} INFO - Started process (PID=28262) to work on /home/feuer/.local/lib/python3.10/site-packages/airflow/example_dags/example_sensor_decorator.py
[2023-05-21T20:04:49.845+0530] {processor.py:799} INFO - Processing file /home/feuer/.local/lib/python3.10/site-packages/airflow/example_dags/example_sensor_decorator.py for tasks to queue
[2023-05-21T20:04:49.845+0530] {logging_mixin.py:149} INFO - [2023-05-21T20:04:49.845+0530] {dagbag.py:541} INFO - Filling up the DagBag from /home/feuer/.local/lib/python3.10/site-packages/airflow/example_dags/example_sensor_decorator.py
[2023-05-21T20:04:49.849+0530] {processor.py:809} INFO - DAG(s) dict_keys(['example_sensor_decorator']) retrieved from /home/feuer/.local/lib/python3.10/site-packages/airflow/example_dags/example_sensor_decorator.py
[2023-05-21T20:04:49.861+0530] {logging_mixin.py:149} INFO - [2023-05-21T20:04:49.861+0530] {dag.py:2726} INFO - Sync 1 DAGs
[2023-05-21T20:04:49.873+0530] {logging_mixin.py:149} INFO - [2023-05-21T20:04:49.873+0530] {dag.py:3486} INFO - Setting next_dagrun for example_sensor_decorator to None, run_after=None
[2023-05-21T20:04:49.965+0530] {processor.py:178} INFO - Processing /home/feuer/.local/lib/python3.10/site-packages/airflow/example_dags/example_sensor_decorator.py took 0.136 seconds
[2023-05-21T20:05:48.234+0530] {processor.py:156} INFO - Started process (PID=28487) to work on /home/feuer/.local/lib/python3.10/site-packages/airflow/example_dags/example_sensor_decorator.py
[2023-05-21T20:05:48.235+0530] {processor.py:799} INFO - Processing file /home/feuer/.local/lib/python3.10/site-packages/airflow/example_dags/example_sensor_decorator.py for tasks to queue
[2023-05-21T20:05:48.236+0530] {logging_mixin.py:149} INFO - [2023-05-21T20:05:48.236+0530] {dagbag.py:541} INFO - Filling up the DagBag from /home/feuer/.local/lib/python3.10/site-packages/airflow/example_dags/example_sensor_decorator.py
[2023-05-21T20:05:48.242+0530] {processor.py:809} INFO - DAG(s) dict_keys(['example_sensor_decorator']) retrieved from /home/feuer/.local/lib/python3.10/site-packages/airflow/example_dags/example_sensor_decorator.py
[2023-05-21T20:05:48.262+0530] {logging_mixin.py:149} INFO - [2023-05-21T20:05:48.262+0530] {dag.py:2726} INFO - Sync 1 DAGs
[2023-05-21T20:05:48.280+0530] {logging_mixin.py:149} INFO - [2023-05-21T20:05:48.280+0530] {dag.py:3486} INFO - Setting next_dagrun for example_sensor_decorator to None, run_after=None
[2023-05-21T20:05:48.364+0530] {processor.py:178} INFO - Processing /home/feuer/.local/lib/python3.10/site-packages/airflow/example_dags/example_sensor_decorator.py took 0.133 seconds
[2023-05-21T20:06:44.554+0530] {processor.py:156} INFO - Started process (PID=28816) to work on /home/feuer/.local/lib/python3.10/site-packages/airflow/example_dags/example_sensor_decorator.py
[2023-05-21T20:06:44.568+0530] {processor.py:799} INFO - Processing file /home/feuer/.local/lib/python3.10/site-packages/airflow/example_dags/example_sensor_decorator.py for tasks to queue
[2023-05-21T20:06:44.568+0530] {logging_mixin.py:149} INFO - [2023-05-21T20:06:44.568+0530] {dagbag.py:541} INFO - Filling up the DagBag from /home/feuer/.local/lib/python3.10/site-packages/airflow/example_dags/example_sensor_decorator.py
[2023-05-21T20:06:44.575+0530] {processor.py:809} INFO - DAG(s) dict_keys(['example_sensor_decorator']) retrieved from /home/feuer/.local/lib/python3.10/site-packages/airflow/example_dags/example_sensor_decorator.py
[2023-05-21T20:06:44.598+0530] {logging_mixin.py:149} INFO - [2023-05-21T20:06:44.598+0530] {dag.py:2726} INFO - Sync 1 DAGs
[2023-05-21T20:06:44.621+0530] {logging_mixin.py:149} INFO - [2023-05-21T20:06:44.621+0530] {dag.py:3486} INFO - Setting next_dagrun for example_sensor_decorator to None, run_after=None
[2023-05-21T20:06:44.701+0530] {processor.py:178} INFO - Processing /home/feuer/.local/lib/python3.10/site-packages/airflow/example_dags/example_sensor_decorator.py took 0.151 seconds
[2023-05-21T20:07:40.048+0530] {processor.py:156} INFO - Started process (PID=28972) to work on /home/feuer/.local/lib/python3.10/site-packages/airflow/example_dags/example_sensor_decorator.py
[2023-05-21T20:07:40.065+0530] {processor.py:799} INFO - Processing file /home/feuer/.local/lib/python3.10/site-packages/airflow/example_dags/example_sensor_decorator.py for tasks to queue
[2023-05-21T20:07:40.065+0530] {logging_mixin.py:149} INFO - [2023-05-21T20:07:40.065+0530] {dagbag.py:541} INFO - Filling up the DagBag from /home/feuer/.local/lib/python3.10/site-packages/airflow/example_dags/example_sensor_decorator.py
[2023-05-21T20:07:40.071+0530] {processor.py:809} INFO - DAG(s) dict_keys(['example_sensor_decorator']) retrieved from /home/feuer/.local/lib/python3.10/site-packages/airflow/example_dags/example_sensor_decorator.py
[2023-05-21T20:07:40.091+0530] {logging_mixin.py:149} INFO - [2023-05-21T20:07:40.091+0530] {dag.py:2726} INFO - Sync 1 DAGs
[2023-05-21T20:07:40.111+0530] {logging_mixin.py:149} INFO - [2023-05-21T20:07:40.111+0530] {dag.py:3486} INFO - Setting next_dagrun for example_sensor_decorator to None, run_after=None
[2023-05-21T20:07:40.200+0530] {processor.py:178} INFO - Processing /home/feuer/.local/lib/python3.10/site-packages/airflow/example_dags/example_sensor_decorator.py took 0.155 seconds
[2023-05-21T20:08:37.460+0530] {processor.py:156} INFO - Started process (PID=29119) to work on /home/feuer/.local/lib/python3.10/site-packages/airflow/example_dags/example_sensor_decorator.py
[2023-05-21T20:08:37.478+0530] {processor.py:799} INFO - Processing file /home/feuer/.local/lib/python3.10/site-packages/airflow/example_dags/example_sensor_decorator.py for tasks to queue
[2023-05-21T20:08:37.479+0530] {logging_mixin.py:149} INFO - [2023-05-21T20:08:37.478+0530] {dagbag.py:541} INFO - Filling up the DagBag from /home/feuer/.local/lib/python3.10/site-packages/airflow/example_dags/example_sensor_decorator.py
[2023-05-21T20:08:37.482+0530] {processor.py:809} INFO - DAG(s) dict_keys(['example_sensor_decorator']) retrieved from /home/feuer/.local/lib/python3.10/site-packages/airflow/example_dags/example_sensor_decorator.py
[2023-05-21T20:08:37.494+0530] {logging_mixin.py:149} INFO - [2023-05-21T20:08:37.493+0530] {dag.py:2726} INFO - Sync 1 DAGs
[2023-05-21T20:08:37.507+0530] {logging_mixin.py:149} INFO - [2023-05-21T20:08:37.507+0530] {dag.py:3486} INFO - Setting next_dagrun for example_sensor_decorator to None, run_after=None
[2023-05-21T20:08:37.580+0530] {processor.py:178} INFO - Processing /home/feuer/.local/lib/python3.10/site-packages/airflow/example_dags/example_sensor_decorator.py took 0.122 seconds
[2023-05-21T20:09:34.232+0530] {processor.py:156} INFO - Started process (PID=29310) to work on /home/feuer/.local/lib/python3.10/site-packages/airflow/example_dags/example_sensor_decorator.py
[2023-05-21T20:09:34.232+0530] {processor.py:799} INFO - Processing file /home/feuer/.local/lib/python3.10/site-packages/airflow/example_dags/example_sensor_decorator.py for tasks to queue
[2023-05-21T20:09:34.233+0530] {logging_mixin.py:149} INFO - [2023-05-21T20:09:34.232+0530] {dagbag.py:541} INFO - Filling up the DagBag from /home/feuer/.local/lib/python3.10/site-packages/airflow/example_dags/example_sensor_decorator.py
[2023-05-21T20:09:34.236+0530] {processor.py:809} INFO - DAG(s) dict_keys(['example_sensor_decorator']) retrieved from /home/feuer/.local/lib/python3.10/site-packages/airflow/example_dags/example_sensor_decorator.py
[2023-05-21T20:09:34.248+0530] {logging_mixin.py:149} INFO - [2023-05-21T20:09:34.248+0530] {dag.py:2726} INFO - Sync 1 DAGs
[2023-05-21T20:09:34.260+0530] {logging_mixin.py:149} INFO - [2023-05-21T20:09:34.259+0530] {dag.py:3486} INFO - Setting next_dagrun for example_sensor_decorator to None, run_after=None
[2023-05-21T20:09:34.318+0530] {processor.py:178} INFO - Processing /home/feuer/.local/lib/python3.10/site-packages/airflow/example_dags/example_sensor_decorator.py took 0.088 seconds
[2023-05-21T20:10:30.209+0530] {processor.py:156} INFO - Started process (PID=29473) to work on /home/feuer/.local/lib/python3.10/site-packages/airflow/example_dags/example_sensor_decorator.py
[2023-05-21T20:10:30.220+0530] {processor.py:799} INFO - Processing file /home/feuer/.local/lib/python3.10/site-packages/airflow/example_dags/example_sensor_decorator.py for tasks to queue
[2023-05-21T20:10:30.221+0530] {logging_mixin.py:149} INFO - [2023-05-21T20:10:30.221+0530] {dagbag.py:541} INFO - Filling up the DagBag from /home/feuer/.local/lib/python3.10/site-packages/airflow/example_dags/example_sensor_decorator.py
[2023-05-21T20:10:30.227+0530] {processor.py:809} INFO - DAG(s) dict_keys(['example_sensor_decorator']) retrieved from /home/feuer/.local/lib/python3.10/site-packages/airflow/example_dags/example_sensor_decorator.py
[2023-05-21T20:10:30.246+0530] {logging_mixin.py:149} INFO - [2023-05-21T20:10:30.246+0530] {dag.py:2726} INFO - Sync 1 DAGs
[2023-05-21T20:10:30.266+0530] {logging_mixin.py:149} INFO - [2023-05-21T20:10:30.265+0530] {dag.py:3486} INFO - Setting next_dagrun for example_sensor_decorator to None, run_after=None
[2023-05-21T20:10:30.353+0530] {processor.py:178} INFO - Processing /home/feuer/.local/lib/python3.10/site-packages/airflow/example_dags/example_sensor_decorator.py took 0.147 seconds
[2023-05-21T20:11:26.389+0530] {processor.py:156} INFO - Started process (PID=29636) to work on /home/feuer/.local/lib/python3.10/site-packages/airflow/example_dags/example_sensor_decorator.py
[2023-05-21T20:11:26.401+0530] {processor.py:799} INFO - Processing file /home/feuer/.local/lib/python3.10/site-packages/airflow/example_dags/example_sensor_decorator.py for tasks to queue
[2023-05-21T20:11:26.401+0530] {logging_mixin.py:149} INFO - [2023-05-21T20:11:26.401+0530] {dagbag.py:541} INFO - Filling up the DagBag from /home/feuer/.local/lib/python3.10/site-packages/airflow/example_dags/example_sensor_decorator.py
[2023-05-21T20:11:26.428+0530] {processor.py:809} INFO - DAG(s) dict_keys(['example_sensor_decorator']) retrieved from /home/feuer/.local/lib/python3.10/site-packages/airflow/example_dags/example_sensor_decorator.py
[2023-05-21T20:11:26.447+0530] {logging_mixin.py:149} INFO - [2023-05-21T20:11:26.447+0530] {dag.py:2726} INFO - Sync 1 DAGs
[2023-05-21T20:11:26.466+0530] {logging_mixin.py:149} INFO - [2023-05-21T20:11:26.466+0530] {dag.py:3486} INFO - Setting next_dagrun for example_sensor_decorator to None, run_after=None
[2023-05-21T20:11:26.549+0530] {processor.py:178} INFO - Processing /home/feuer/.local/lib/python3.10/site-packages/airflow/example_dags/example_sensor_decorator.py took 0.163 seconds
[2023-05-21T20:12:23.513+0530] {processor.py:156} INFO - Started process (PID=29813) to work on /home/feuer/.local/lib/python3.10/site-packages/airflow/example_dags/example_sensor_decorator.py
[2023-05-21T20:12:23.524+0530] {processor.py:799} INFO - Processing file /home/feuer/.local/lib/python3.10/site-packages/airflow/example_dags/example_sensor_decorator.py for tasks to queue
[2023-05-21T20:12:23.524+0530] {logging_mixin.py:149} INFO - [2023-05-21T20:12:23.524+0530] {dagbag.py:541} INFO - Filling up the DagBag from /home/feuer/.local/lib/python3.10/site-packages/airflow/example_dags/example_sensor_decorator.py
[2023-05-21T20:12:23.528+0530] {processor.py:809} INFO - DAG(s) dict_keys(['example_sensor_decorator']) retrieved from /home/feuer/.local/lib/python3.10/site-packages/airflow/example_dags/example_sensor_decorator.py
[2023-05-21T20:12:23.540+0530] {logging_mixin.py:149} INFO - [2023-05-21T20:12:23.540+0530] {dag.py:2726} INFO - Sync 1 DAGs
[2023-05-21T20:12:23.551+0530] {logging_mixin.py:149} INFO - [2023-05-21T20:12:23.551+0530] {dag.py:3486} INFO - Setting next_dagrun for example_sensor_decorator to None, run_after=None
[2023-05-21T20:12:23.638+0530] {processor.py:178} INFO - Processing /home/feuer/.local/lib/python3.10/site-packages/airflow/example_dags/example_sensor_decorator.py took 0.128 seconds
[2023-05-21T16:58:26.789+0530] {processor.py:156} INFO - Started process (PID=55878) to work on /home/feuer/.local/lib/python3.10/site-packages/airflow/example_dags/example_sensor_decorator.py
[2023-05-21T16:58:26.847+0530] {processor.py:799} INFO - Processing file /home/feuer/.local/lib/python3.10/site-packages/airflow/example_dags/example_sensor_decorator.py for tasks to queue
[2023-05-21T16:58:26.847+0530] {logging_mixin.py:149} INFO - [2023-05-21T16:58:26.847+0530] {dagbag.py:541} INFO - Filling up the DagBag from /home/feuer/.local/lib/python3.10/site-packages/airflow/example_dags/example_sensor_decorator.py
[2023-05-21T16:58:26.872+0530] {processor.py:809} INFO - DAG(s) dict_keys(['example_sensor_decorator']) retrieved from /home/feuer/.local/lib/python3.10/site-packages/airflow/example_dags/example_sensor_decorator.py
[2023-05-21T16:58:26.893+0530] {logging_mixin.py:149} INFO - [2023-05-21T16:58:26.893+0530] {dag.py:2726} INFO - Sync 1 DAGs
[2023-05-21T16:58:27.016+0530] {logging_mixin.py:149} INFO - [2023-05-21T16:58:27.016+0530] {dag.py:3486} INFO - Setting next_dagrun for example_sensor_decorator to None, run_after=None
[2023-05-21T16:58:27.297+0530] {processor.py:178} INFO - Processing /home/feuer/.local/lib/python3.10/site-packages/airflow/example_dags/example_sensor_decorator.py took 0.510 seconds
[2023-05-21T16:59:49.524+0530] {processor.py:156} INFO - Started process (PID=56037) to work on /home/feuer/.local/lib/python3.10/site-packages/airflow/example_dags/example_sensor_decorator.py
[2023-05-21T16:59:49.622+0530] {processor.py:799} INFO - Processing file /home/feuer/.local/lib/python3.10/site-packages/airflow/example_dags/example_sensor_decorator.py for tasks to queue
[2023-05-21T16:59:49.622+0530] {logging_mixin.py:149} INFO - [2023-05-21T16:59:49.622+0530] {dagbag.py:541} INFO - Filling up the DagBag from /home/feuer/.local/lib/python3.10/site-packages/airflow/example_dags/example_sensor_decorator.py
[2023-05-21T16:59:49.625+0530] {processor.py:809} INFO - DAG(s) dict_keys(['example_sensor_decorator']) retrieved from /home/feuer/.local/lib/python3.10/site-packages/airflow/example_dags/example_sensor_decorator.py
[2023-05-21T16:59:49.639+0530] {logging_mixin.py:149} INFO - [2023-05-21T16:59:49.639+0530] {dag.py:2726} INFO - Sync 1 DAGs
[2023-05-21T16:59:49.650+0530] {logging_mixin.py:149} INFO - [2023-05-21T16:59:49.650+0530] {dag.py:3486} INFO - Setting next_dagrun for example_sensor_decorator to None, run_after=None
[2023-05-21T16:59:50.002+0530] {processor.py:178} INFO - Processing /home/feuer/.local/lib/python3.10/site-packages/airflow/example_dags/example_sensor_decorator.py took 0.480 seconds
[2023-05-21T17:01:06.169+0530] {processor.py:156} INFO - Started process (PID=56291) to work on /home/feuer/.local/lib/python3.10/site-packages/airflow/example_dags/example_sensor_decorator.py
[2023-05-21T17:01:06.985+0530] {processor.py:799} INFO - Processing file /home/feuer/.local/lib/python3.10/site-packages/airflow/example_dags/example_sensor_decorator.py for tasks to queue
[2023-05-21T17:01:06.986+0530] {logging_mixin.py:149} INFO - [2023-05-21T17:01:06.985+0530] {dagbag.py:541} INFO - Filling up the DagBag from /home/feuer/.local/lib/python3.10/site-packages/airflow/example_dags/example_sensor_decorator.py
[2023-05-21T17:01:06.989+0530] {processor.py:809} INFO - DAG(s) dict_keys(['example_sensor_decorator']) retrieved from /home/feuer/.local/lib/python3.10/site-packages/airflow/example_dags/example_sensor_decorator.py
[2023-05-21T17:01:07.002+0530] {logging_mixin.py:149} INFO - [2023-05-21T17:01:07.002+0530] {dag.py:2726} INFO - Sync 1 DAGs
[2023-05-21T17:01:07.013+0530] {logging_mixin.py:149} INFO - [2023-05-21T17:01:07.013+0530] {dag.py:3486} INFO - Setting next_dagrun for example_sensor_decorator to None, run_after=None
[2023-05-21T17:01:09.142+0530] {processor.py:178} INFO - Processing /home/feuer/.local/lib/python3.10/site-packages/airflow/example_dags/example_sensor_decorator.py took 2.975 seconds
[2023-05-21T17:02:38.939+0530] {processor.py:156} INFO - Started process (PID=56570) to work on /home/feuer/.local/lib/python3.10/site-packages/airflow/example_dags/example_sensor_decorator.py
[2023-05-21T17:02:38.940+0530] {processor.py:799} INFO - Processing file /home/feuer/.local/lib/python3.10/site-packages/airflow/example_dags/example_sensor_decorator.py for tasks to queue
[2023-05-21T17:02:38.940+0530] {logging_mixin.py:149} INFO - [2023-05-21T17:02:38.940+0530] {dagbag.py:541} INFO - Filling up the DagBag from /home/feuer/.local/lib/python3.10/site-packages/airflow/example_dags/example_sensor_decorator.py
[2023-05-21T17:02:38.944+0530] {processor.py:809} INFO - DAG(s) dict_keys(['example_sensor_decorator']) retrieved from /home/feuer/.local/lib/python3.10/site-packages/airflow/example_dags/example_sensor_decorator.py
[2023-05-21T17:02:38.955+0530] {logging_mixin.py:149} INFO - [2023-05-21T17:02:38.955+0530] {dag.py:2726} INFO - Sync 1 DAGs
[2023-05-21T17:02:38.966+0530] {logging_mixin.py:149} INFO - [2023-05-21T17:02:38.966+0530] {dag.py:3486} INFO - Setting next_dagrun for example_sensor_decorator to None, run_after=None
[2023-05-21T17:02:39.048+0530] {processor.py:178} INFO - Processing /home/feuer/.local/lib/python3.10/site-packages/airflow/example_dags/example_sensor_decorator.py took 0.111 seconds
[2023-05-21T17:03:32.573+0530] {processor.py:156} INFO - Started process (PID=56681) to work on /home/feuer/.local/lib/python3.10/site-packages/airflow/example_dags/example_sensor_decorator.py
[2023-05-21T17:03:32.580+0530] {processor.py:799} INFO - Processing file /home/feuer/.local/lib/python3.10/site-packages/airflow/example_dags/example_sensor_decorator.py for tasks to queue
[2023-05-21T17:03:32.580+0530] {logging_mixin.py:149} INFO - [2023-05-21T17:03:32.580+0530] {dagbag.py:541} INFO - Filling up the DagBag from /home/feuer/.local/lib/python3.10/site-packages/airflow/example_dags/example_sensor_decorator.py
[2023-05-21T17:03:32.585+0530] {processor.py:809} INFO - DAG(s) dict_keys(['example_sensor_decorator']) retrieved from /home/feuer/.local/lib/python3.10/site-packages/airflow/example_dags/example_sensor_decorator.py
[2023-05-21T17:03:32.604+0530] {logging_mixin.py:149} INFO - [2023-05-21T17:03:32.604+0530] {dag.py:2726} INFO - Sync 1 DAGs
[2023-05-21T17:03:32.623+0530] {logging_mixin.py:149} INFO - [2023-05-21T17:03:32.623+0530] {dag.py:3486} INFO - Setting next_dagrun for example_sensor_decorator to None, run_after=None
[2023-05-21T17:03:32.712+0530] {processor.py:178} INFO - Processing /home/feuer/.local/lib/python3.10/site-packages/airflow/example_dags/example_sensor_decorator.py took 0.142 seconds
[2023-05-21T17:04:35.323+0530] {processor.py:156} INFO - Started process (PID=56879) to work on /home/feuer/.local/lib/python3.10/site-packages/airflow/example_dags/example_sensor_decorator.py
[2023-05-21T17:04:35.347+0530] {processor.py:799} INFO - Processing file /home/feuer/.local/lib/python3.10/site-packages/airflow/example_dags/example_sensor_decorator.py for tasks to queue
[2023-05-21T17:04:35.347+0530] {logging_mixin.py:149} INFO - [2023-05-21T17:04:35.347+0530] {dagbag.py:541} INFO - Filling up the DagBag from /home/feuer/.local/lib/python3.10/site-packages/airflow/example_dags/example_sensor_decorator.py
[2023-05-21T17:04:35.351+0530] {processor.py:809} INFO - DAG(s) dict_keys(['example_sensor_decorator']) retrieved from /home/feuer/.local/lib/python3.10/site-packages/airflow/example_dags/example_sensor_decorator.py
[2023-05-21T17:04:35.361+0530] {logging_mixin.py:149} INFO - [2023-05-21T17:04:35.361+0530] {dag.py:2726} INFO - Sync 1 DAGs
[2023-05-21T17:04:35.372+0530] {logging_mixin.py:149} INFO - [2023-05-21T17:04:35.372+0530] {dag.py:3486} INFO - Setting next_dagrun for example_sensor_decorator to None, run_after=None
[2023-05-21T17:04:35.452+0530] {processor.py:178} INFO - Processing /home/feuer/.local/lib/python3.10/site-packages/airflow/example_dags/example_sensor_decorator.py took 0.131 seconds
[2023-05-21T17:05:22.215+0530] {processor.py:156} INFO - Started process (PID=56984) to work on /home/feuer/.local/lib/python3.10/site-packages/airflow/example_dags/example_sensor_decorator.py
[2023-05-21T17:05:22.226+0530] {processor.py:799} INFO - Processing file /home/feuer/.local/lib/python3.10/site-packages/airflow/example_dags/example_sensor_decorator.py for tasks to queue
[2023-05-21T17:05:22.227+0530] {logging_mixin.py:149} INFO - [2023-05-21T17:05:22.227+0530] {dagbag.py:541} INFO - Filling up the DagBag from /home/feuer/.local/lib/python3.10/site-packages/airflow/example_dags/example_sensor_decorator.py
[2023-05-21T17:05:22.230+0530] {processor.py:809} INFO - DAG(s) dict_keys(['example_sensor_decorator']) retrieved from /home/feuer/.local/lib/python3.10/site-packages/airflow/example_dags/example_sensor_decorator.py
[2023-05-21T17:05:22.241+0530] {logging_mixin.py:149} INFO - [2023-05-21T17:05:22.241+0530] {dag.py:2726} INFO - Sync 1 DAGs
[2023-05-21T17:05:22.252+0530] {logging_mixin.py:149} INFO - [2023-05-21T17:05:22.252+0530] {dag.py:3486} INFO - Setting next_dagrun for example_sensor_decorator to None, run_after=None
[2023-05-21T17:05:22.322+0530] {processor.py:178} INFO - Processing /home/feuer/.local/lib/python3.10/site-packages/airflow/example_dags/example_sensor_decorator.py took 0.110 seconds
[2023-05-21T17:06:08.677+0530] {processor.py:156} INFO - Started process (PID=57089) to work on /home/feuer/.local/lib/python3.10/site-packages/airflow/example_dags/example_sensor_decorator.py
[2023-05-21T17:06:08.689+0530] {processor.py:799} INFO - Processing file /home/feuer/.local/lib/python3.10/site-packages/airflow/example_dags/example_sensor_decorator.py for tasks to queue
[2023-05-21T17:06:08.690+0530] {logging_mixin.py:149} INFO - [2023-05-21T17:06:08.689+0530] {dagbag.py:541} INFO - Filling up the DagBag from /home/feuer/.local/lib/python3.10/site-packages/airflow/example_dags/example_sensor_decorator.py
[2023-05-21T17:06:08.693+0530] {processor.py:809} INFO - DAG(s) dict_keys(['example_sensor_decorator']) retrieved from /home/feuer/.local/lib/python3.10/site-packages/airflow/example_dags/example_sensor_decorator.py
[2023-05-21T17:06:08.704+0530] {logging_mixin.py:149} INFO - [2023-05-21T17:06:08.704+0530] {dag.py:2726} INFO - Sync 1 DAGs
[2023-05-21T17:06:08.714+0530] {logging_mixin.py:149} INFO - [2023-05-21T17:06:08.714+0530] {dag.py:3486} INFO - Setting next_dagrun for example_sensor_decorator to None, run_after=None
[2023-05-21T17:06:08.797+0530] {processor.py:178} INFO - Processing /home/feuer/.local/lib/python3.10/site-packages/airflow/example_dags/example_sensor_decorator.py took 0.123 seconds
[2023-05-21T17:06:51.833+0530] {processor.py:156} INFO - Started process (PID=57194) to work on /home/feuer/.local/lib/python3.10/site-packages/airflow/example_dags/example_sensor_decorator.py
[2023-05-21T17:06:51.844+0530] {processor.py:799} INFO - Processing file /home/feuer/.local/lib/python3.10/site-packages/airflow/example_dags/example_sensor_decorator.py for tasks to queue
[2023-05-21T17:06:51.845+0530] {logging_mixin.py:149} INFO - [2023-05-21T17:06:51.844+0530] {dagbag.py:541} INFO - Filling up the DagBag from /home/feuer/.local/lib/python3.10/site-packages/airflow/example_dags/example_sensor_decorator.py
[2023-05-21T17:06:51.848+0530] {processor.py:809} INFO - DAG(s) dict_keys(['example_sensor_decorator']) retrieved from /home/feuer/.local/lib/python3.10/site-packages/airflow/example_dags/example_sensor_decorator.py
[2023-05-21T17:06:51.858+0530] {logging_mixin.py:149} INFO - [2023-05-21T17:06:51.858+0530] {dag.py:2726} INFO - Sync 1 DAGs
[2023-05-21T17:06:51.869+0530] {logging_mixin.py:149} INFO - [2023-05-21T17:06:51.869+0530] {dag.py:3486} INFO - Setting next_dagrun for example_sensor_decorator to None, run_after=None
[2023-05-21T17:06:51.949+0530] {processor.py:178} INFO - Processing /home/feuer/.local/lib/python3.10/site-packages/airflow/example_dags/example_sensor_decorator.py took 0.117 seconds
[2023-05-21T17:07:37.674+0530] {processor.py:156} INFO - Started process (PID=57303) to work on /home/feuer/.local/lib/python3.10/site-packages/airflow/example_dags/example_sensor_decorator.py
[2023-05-21T17:07:37.684+0530] {processor.py:799} INFO - Processing file /home/feuer/.local/lib/python3.10/site-packages/airflow/example_dags/example_sensor_decorator.py for tasks to queue
[2023-05-21T17:07:37.685+0530] {logging_mixin.py:149} INFO - [2023-05-21T17:07:37.685+0530] {dagbag.py:541} INFO - Filling up the DagBag from /home/feuer/.local/lib/python3.10/site-packages/airflow/example_dags/example_sensor_decorator.py
[2023-05-21T17:07:37.688+0530] {processor.py:809} INFO - DAG(s) dict_keys(['example_sensor_decorator']) retrieved from /home/feuer/.local/lib/python3.10/site-packages/airflow/example_dags/example_sensor_decorator.py
[2023-05-21T17:07:37.700+0530] {logging_mixin.py:149} INFO - [2023-05-21T17:07:37.700+0530] {dag.py:2726} INFO - Sync 1 DAGs
[2023-05-21T17:07:37.710+0530] {logging_mixin.py:149} INFO - [2023-05-21T17:07:37.710+0530] {dag.py:3486} INFO - Setting next_dagrun for example_sensor_decorator to None, run_after=None
[2023-05-21T17:07:37.786+0530] {processor.py:178} INFO - Processing /home/feuer/.local/lib/python3.10/site-packages/airflow/example_dags/example_sensor_decorator.py took 0.113 seconds
[2023-05-21T17:08:22.862+0530] {processor.py:156} INFO - Started process (PID=57418) to work on /home/feuer/.local/lib/python3.10/site-packages/airflow/example_dags/example_sensor_decorator.py
[2023-05-21T17:08:22.863+0530] {processor.py:799} INFO - Processing file /home/feuer/.local/lib/python3.10/site-packages/airflow/example_dags/example_sensor_decorator.py for tasks to queue
[2023-05-21T17:08:22.863+0530] {logging_mixin.py:149} INFO - [2023-05-21T17:08:22.863+0530] {dagbag.py:541} INFO - Filling up the DagBag from /home/feuer/.local/lib/python3.10/site-packages/airflow/example_dags/example_sensor_decorator.py
[2023-05-21T17:08:22.868+0530] {processor.py:809} INFO - DAG(s) dict_keys(['example_sensor_decorator']) retrieved from /home/feuer/.local/lib/python3.10/site-packages/airflow/example_dags/example_sensor_decorator.py
[2023-05-21T17:08:22.888+0530] {logging_mixin.py:149} INFO - [2023-05-21T17:08:22.887+0530] {dag.py:2726} INFO - Sync 1 DAGs
[2023-05-21T17:08:22.906+0530] {logging_mixin.py:149} INFO - [2023-05-21T17:08:22.906+0530] {dag.py:3486} INFO - Setting next_dagrun for example_sensor_decorator to None, run_after=None
[2023-05-21T17:08:22.992+0530] {processor.py:178} INFO - Processing /home/feuer/.local/lib/python3.10/site-packages/airflow/example_dags/example_sensor_decorator.py took 0.133 seconds
[2023-05-21T17:09:09.576+0530] {processor.py:156} INFO - Started process (PID=57563) to work on /home/feuer/.local/lib/python3.10/site-packages/airflow/example_dags/example_sensor_decorator.py
[2023-05-21T17:09:09.586+0530] {processor.py:799} INFO - Processing file /home/feuer/.local/lib/python3.10/site-packages/airflow/example_dags/example_sensor_decorator.py for tasks to queue
[2023-05-21T17:09:09.586+0530] {logging_mixin.py:149} INFO - [2023-05-21T17:09:09.586+0530] {dagbag.py:541} INFO - Filling up the DagBag from /home/feuer/.local/lib/python3.10/site-packages/airflow/example_dags/example_sensor_decorator.py
[2023-05-21T17:09:09.590+0530] {processor.py:809} INFO - DAG(s) dict_keys(['example_sensor_decorator']) retrieved from /home/feuer/.local/lib/python3.10/site-packages/airflow/example_dags/example_sensor_decorator.py
[2023-05-21T17:09:09.605+0530] {logging_mixin.py:149} INFO - [2023-05-21T17:09:09.605+0530] {dag.py:2726} INFO - Sync 1 DAGs
[2023-05-21T17:09:09.618+0530] {logging_mixin.py:149} INFO - [2023-05-21T17:09:09.617+0530] {dag.py:3486} INFO - Setting next_dagrun for example_sensor_decorator to None, run_after=None
[2023-05-21T17:09:09.694+0530] {processor.py:178} INFO - Processing /home/feuer/.local/lib/python3.10/site-packages/airflow/example_dags/example_sensor_decorator.py took 0.120 seconds
[2023-05-21T17:09:54.403+0530] {processor.py:156} INFO - Started process (PID=57677) to work on /home/feuer/.local/lib/python3.10/site-packages/airflow/example_dags/example_sensor_decorator.py
[2023-05-21T17:09:54.414+0530] {processor.py:799} INFO - Processing file /home/feuer/.local/lib/python3.10/site-packages/airflow/example_dags/example_sensor_decorator.py for tasks to queue
[2023-05-21T17:09:54.415+0530] {logging_mixin.py:149} INFO - [2023-05-21T17:09:54.414+0530] {dagbag.py:541} INFO - Filling up the DagBag from /home/feuer/.local/lib/python3.10/site-packages/airflow/example_dags/example_sensor_decorator.py
[2023-05-21T17:09:54.419+0530] {processor.py:809} INFO - DAG(s) dict_keys(['example_sensor_decorator']) retrieved from /home/feuer/.local/lib/python3.10/site-packages/airflow/example_dags/example_sensor_decorator.py
[2023-05-21T17:09:54.434+0530] {logging_mixin.py:149} INFO - [2023-05-21T17:09:54.434+0530] {dag.py:2726} INFO - Sync 1 DAGs
[2023-05-21T17:09:54.445+0530] {logging_mixin.py:149} INFO - [2023-05-21T17:09:54.445+0530] {dag.py:3486} INFO - Setting next_dagrun for example_sensor_decorator to None, run_after=None
[2023-05-21T17:09:54.522+0530] {processor.py:178} INFO - Processing /home/feuer/.local/lib/python3.10/site-packages/airflow/example_dags/example_sensor_decorator.py took 0.120 seconds
[2023-05-21T17:10:39.759+0530] {processor.py:156} INFO - Started process (PID=57781) to work on /home/feuer/.local/lib/python3.10/site-packages/airflow/example_dags/example_sensor_decorator.py
[2023-05-21T17:10:39.769+0530] {processor.py:799} INFO - Processing file /home/feuer/.local/lib/python3.10/site-packages/airflow/example_dags/example_sensor_decorator.py for tasks to queue
[2023-05-21T17:10:39.770+0530] {logging_mixin.py:149} INFO - [2023-05-21T17:10:39.770+0530] {dagbag.py:541} INFO - Filling up the DagBag from /home/feuer/.local/lib/python3.10/site-packages/airflow/example_dags/example_sensor_decorator.py
[2023-05-21T17:10:39.775+0530] {processor.py:809} INFO - DAG(s) dict_keys(['example_sensor_decorator']) retrieved from /home/feuer/.local/lib/python3.10/site-packages/airflow/example_dags/example_sensor_decorator.py
[2023-05-21T17:10:39.794+0530] {logging_mixin.py:149} INFO - [2023-05-21T17:10:39.794+0530] {dag.py:2726} INFO - Sync 1 DAGs
[2023-05-21T17:10:39.814+0530] {logging_mixin.py:149} INFO - [2023-05-21T17:10:39.814+0530] {dag.py:3486} INFO - Setting next_dagrun for example_sensor_decorator to None, run_after=None
[2023-05-21T17:10:39.887+0530] {processor.py:178} INFO - Processing /home/feuer/.local/lib/python3.10/site-packages/airflow/example_dags/example_sensor_decorator.py took 0.131 seconds
[2023-05-21T17:11:26.708+0530] {processor.py:156} INFO - Started process (PID=57890) to work on /home/feuer/.local/lib/python3.10/site-packages/airflow/example_dags/example_sensor_decorator.py
[2023-05-21T17:11:26.725+0530] {processor.py:799} INFO - Processing file /home/feuer/.local/lib/python3.10/site-packages/airflow/example_dags/example_sensor_decorator.py for tasks to queue
[2023-05-21T17:11:26.725+0530] {logging_mixin.py:149} INFO - [2023-05-21T17:11:26.725+0530] {dagbag.py:541} INFO - Filling up the DagBag from /home/feuer/.local/lib/python3.10/site-packages/airflow/example_dags/example_sensor_decorator.py
[2023-05-21T17:11:26.730+0530] {processor.py:809} INFO - DAG(s) dict_keys(['example_sensor_decorator']) retrieved from /home/feuer/.local/lib/python3.10/site-packages/airflow/example_dags/example_sensor_decorator.py
[2023-05-21T17:11:26.749+0530] {logging_mixin.py:149} INFO - [2023-05-21T17:11:26.749+0530] {dag.py:2726} INFO - Sync 1 DAGs
[2023-05-21T17:11:26.768+0530] {logging_mixin.py:149} INFO - [2023-05-21T17:11:26.768+0530] {dag.py:3486} INFO - Setting next_dagrun for example_sensor_decorator to None, run_after=None
[2023-05-21T17:11:26.857+0530] {processor.py:178} INFO - Processing /home/feuer/.local/lib/python3.10/site-packages/airflow/example_dags/example_sensor_decorator.py took 0.152 seconds
[2023-05-21T17:12:14.133+0530] {processor.py:156} INFO - Started process (PID=58007) to work on /home/feuer/.local/lib/python3.10/site-packages/airflow/example_dags/example_sensor_decorator.py
[2023-05-21T17:12:14.134+0530] {processor.py:799} INFO - Processing file /home/feuer/.local/lib/python3.10/site-packages/airflow/example_dags/example_sensor_decorator.py for tasks to queue
[2023-05-21T17:12:14.135+0530] {logging_mixin.py:149} INFO - [2023-05-21T17:12:14.135+0530] {dagbag.py:541} INFO - Filling up the DagBag from /home/feuer/.local/lib/python3.10/site-packages/airflow/example_dags/example_sensor_decorator.py
[2023-05-21T17:12:14.140+0530] {processor.py:809} INFO - DAG(s) dict_keys(['example_sensor_decorator']) retrieved from /home/feuer/.local/lib/python3.10/site-packages/airflow/example_dags/example_sensor_decorator.py
[2023-05-21T17:12:14.159+0530] {logging_mixin.py:149} INFO - [2023-05-21T17:12:14.158+0530] {dag.py:2726} INFO - Sync 1 DAGs
[2023-05-21T17:12:14.177+0530] {logging_mixin.py:149} INFO - [2023-05-21T17:12:14.177+0530] {dag.py:3486} INFO - Setting next_dagrun for example_sensor_decorator to None, run_after=None
[2023-05-21T17:12:14.259+0530] {processor.py:178} INFO - Processing /home/feuer/.local/lib/python3.10/site-packages/airflow/example_dags/example_sensor_decorator.py took 0.129 seconds
[2023-05-21T17:12:59.404+0530] {processor.py:156} INFO - Started process (PID=58127) to work on /home/feuer/.local/lib/python3.10/site-packages/airflow/example_dags/example_sensor_decorator.py
[2023-05-21T17:12:59.404+0530] {processor.py:799} INFO - Processing file /home/feuer/.local/lib/python3.10/site-packages/airflow/example_dags/example_sensor_decorator.py for tasks to queue
[2023-05-21T17:12:59.405+0530] {logging_mixin.py:149} INFO - [2023-05-21T17:12:59.405+0530] {dagbag.py:541} INFO - Filling up the DagBag from /home/feuer/.local/lib/python3.10/site-packages/airflow/example_dags/example_sensor_decorator.py
[2023-05-21T17:12:59.410+0530] {processor.py:809} INFO - DAG(s) dict_keys(['example_sensor_decorator']) retrieved from /home/feuer/.local/lib/python3.10/site-packages/airflow/example_dags/example_sensor_decorator.py
[2023-05-21T17:12:59.429+0530] {logging_mixin.py:149} INFO - [2023-05-21T17:12:59.429+0530] {dag.py:2726} INFO - Sync 1 DAGs
[2023-05-21T17:12:59.447+0530] {logging_mixin.py:149} INFO - [2023-05-21T17:12:59.447+0530] {dag.py:3486} INFO - Setting next_dagrun for example_sensor_decorator to None, run_after=None
[2023-05-21T17:12:59.524+0530] {processor.py:178} INFO - Processing /home/feuer/.local/lib/python3.10/site-packages/airflow/example_dags/example_sensor_decorator.py took 0.123 seconds
[2023-05-21T17:14:04.859+0530] {processor.py:156} INFO - Started process (PID=58268) to work on /home/feuer/.local/lib/python3.10/site-packages/airflow/example_dags/example_sensor_decorator.py
[2023-05-21T17:14:04.868+0530] {processor.py:799} INFO - Processing file /home/feuer/.local/lib/python3.10/site-packages/airflow/example_dags/example_sensor_decorator.py for tasks to queue
[2023-05-21T17:14:04.869+0530] {logging_mixin.py:149} INFO - [2023-05-21T17:14:04.869+0530] {dagbag.py:541} INFO - Filling up the DagBag from /home/feuer/.local/lib/python3.10/site-packages/airflow/example_dags/example_sensor_decorator.py
[2023-05-21T17:14:04.874+0530] {processor.py:809} INFO - DAG(s) dict_keys(['example_sensor_decorator']) retrieved from /home/feuer/.local/lib/python3.10/site-packages/airflow/example_dags/example_sensor_decorator.py
[2023-05-21T17:14:04.893+0530] {logging_mixin.py:149} INFO - [2023-05-21T17:14:04.893+0530] {dag.py:2726} INFO - Sync 1 DAGs
[2023-05-21T17:14:04.913+0530] {logging_mixin.py:149} INFO - [2023-05-21T17:14:04.912+0530] {dag.py:3486} INFO - Setting next_dagrun for example_sensor_decorator to None, run_after=None
[2023-05-21T17:14:04.993+0530] {processor.py:178} INFO - Processing /home/feuer/.local/lib/python3.10/site-packages/airflow/example_dags/example_sensor_decorator.py took 0.137 seconds
[2023-05-21T17:14:50.874+0530] {processor.py:156} INFO - Started process (PID=58392) to work on /home/feuer/.local/lib/python3.10/site-packages/airflow/example_dags/example_sensor_decorator.py
[2023-05-21T17:14:50.875+0530] {processor.py:799} INFO - Processing file /home/feuer/.local/lib/python3.10/site-packages/airflow/example_dags/example_sensor_decorator.py for tasks to queue
[2023-05-21T17:14:50.875+0530] {logging_mixin.py:149} INFO - [2023-05-21T17:14:50.875+0530] {dagbag.py:541} INFO - Filling up the DagBag from /home/feuer/.local/lib/python3.10/site-packages/airflow/example_dags/example_sensor_decorator.py
[2023-05-21T17:14:50.879+0530] {processor.py:809} INFO - DAG(s) dict_keys(['example_sensor_decorator']) retrieved from /home/feuer/.local/lib/python3.10/site-packages/airflow/example_dags/example_sensor_decorator.py
[2023-05-21T17:14:50.890+0530] {logging_mixin.py:149} INFO - [2023-05-21T17:14:50.890+0530] {dag.py:2726} INFO - Sync 1 DAGs
[2023-05-21T17:14:50.901+0530] {logging_mixin.py:149} INFO - [2023-05-21T17:14:50.901+0530] {dag.py:3486} INFO - Setting next_dagrun for example_sensor_decorator to None, run_after=None
[2023-05-21T17:14:50.968+0530] {processor.py:178} INFO - Processing /home/feuer/.local/lib/python3.10/site-packages/airflow/example_dags/example_sensor_decorator.py took 0.096 seconds
[2023-05-21T17:15:39.934+0530] {processor.py:156} INFO - Started process (PID=58508) to work on /home/feuer/.local/lib/python3.10/site-packages/airflow/example_dags/example_sensor_decorator.py
[2023-05-21T17:15:39.935+0530] {processor.py:799} INFO - Processing file /home/feuer/.local/lib/python3.10/site-packages/airflow/example_dags/example_sensor_decorator.py for tasks to queue
[2023-05-21T17:15:39.936+0530] {logging_mixin.py:149} INFO - [2023-05-21T17:15:39.935+0530] {dagbag.py:541} INFO - Filling up the DagBag from /home/feuer/.local/lib/python3.10/site-packages/airflow/example_dags/example_sensor_decorator.py
[2023-05-21T17:15:39.941+0530] {processor.py:809} INFO - DAG(s) dict_keys(['example_sensor_decorator']) retrieved from /home/feuer/.local/lib/python3.10/site-packages/airflow/example_dags/example_sensor_decorator.py
[2023-05-21T17:15:39.959+0530] {logging_mixin.py:149} INFO - [2023-05-21T17:15:39.958+0530] {dag.py:2726} INFO - Sync 1 DAGs
[2023-05-21T17:15:39.977+0530] {logging_mixin.py:149} INFO - [2023-05-21T17:15:39.977+0530] {dag.py:3486} INFO - Setting next_dagrun for example_sensor_decorator to None, run_after=None
[2023-05-21T17:15:40.066+0530] {processor.py:178} INFO - Processing /home/feuer/.local/lib/python3.10/site-packages/airflow/example_dags/example_sensor_decorator.py took 0.135 seconds
[2023-05-21T17:16:28.260+0530] {processor.py:156} INFO - Started process (PID=58616) to work on /home/feuer/.local/lib/python3.10/site-packages/airflow/example_dags/example_sensor_decorator.py
[2023-05-21T17:16:28.271+0530] {processor.py:799} INFO - Processing file /home/feuer/.local/lib/python3.10/site-packages/airflow/example_dags/example_sensor_decorator.py for tasks to queue
[2023-05-21T17:16:28.271+0530] {logging_mixin.py:149} INFO - [2023-05-21T17:16:28.271+0530] {dagbag.py:541} INFO - Filling up the DagBag from /home/feuer/.local/lib/python3.10/site-packages/airflow/example_dags/example_sensor_decorator.py
[2023-05-21T17:16:28.277+0530] {processor.py:809} INFO - DAG(s) dict_keys(['example_sensor_decorator']) retrieved from /home/feuer/.local/lib/python3.10/site-packages/airflow/example_dags/example_sensor_decorator.py
[2023-05-21T17:16:28.295+0530] {logging_mixin.py:149} INFO - [2023-05-21T17:16:28.294+0530] {dag.py:2726} INFO - Sync 1 DAGs
[2023-05-21T17:16:28.313+0530] {logging_mixin.py:149} INFO - [2023-05-21T17:16:28.313+0530] {dag.py:3486} INFO - Setting next_dagrun for example_sensor_decorator to None, run_after=None
[2023-05-21T17:16:28.401+0530] {processor.py:178} INFO - Processing /home/feuer/.local/lib/python3.10/site-packages/airflow/example_dags/example_sensor_decorator.py took 0.143 seconds
[2023-05-21T17:17:14.456+0530] {processor.py:156} INFO - Started process (PID=58722) to work on /home/feuer/.local/lib/python3.10/site-packages/airflow/example_dags/example_sensor_decorator.py
[2023-05-21T17:17:14.464+0530] {processor.py:799} INFO - Processing file /home/feuer/.local/lib/python3.10/site-packages/airflow/example_dags/example_sensor_decorator.py for tasks to queue
[2023-05-21T17:17:14.464+0530] {logging_mixin.py:149} INFO - [2023-05-21T17:17:14.464+0530] {dagbag.py:541} INFO - Filling up the DagBag from /home/feuer/.local/lib/python3.10/site-packages/airflow/example_dags/example_sensor_decorator.py
[2023-05-21T17:17:14.470+0530] {processor.py:809} INFO - DAG(s) dict_keys(['example_sensor_decorator']) retrieved from /home/feuer/.local/lib/python3.10/site-packages/airflow/example_dags/example_sensor_decorator.py
[2023-05-21T17:17:14.488+0530] {logging_mixin.py:149} INFO - [2023-05-21T17:17:14.487+0530] {dag.py:2726} INFO - Sync 1 DAGs
[2023-05-21T17:17:14.506+0530] {logging_mixin.py:149} INFO - [2023-05-21T17:17:14.506+0530] {dag.py:3486} INFO - Setting next_dagrun for example_sensor_decorator to None, run_after=None
[2023-05-21T17:17:14.577+0530] {processor.py:178} INFO - Processing /home/feuer/.local/lib/python3.10/site-packages/airflow/example_dags/example_sensor_decorator.py took 0.124 seconds
[2023-05-21T17:18:01.256+0530] {processor.py:156} INFO - Started process (PID=58836) to work on /home/feuer/.local/lib/python3.10/site-packages/airflow/example_dags/example_sensor_decorator.py
[2023-05-21T17:18:01.256+0530] {processor.py:799} INFO - Processing file /home/feuer/.local/lib/python3.10/site-packages/airflow/example_dags/example_sensor_decorator.py for tasks to queue
[2023-05-21T17:18:01.257+0530] {logging_mixin.py:149} INFO - [2023-05-21T17:18:01.257+0530] {dagbag.py:541} INFO - Filling up the DagBag from /home/feuer/.local/lib/python3.10/site-packages/airflow/example_dags/example_sensor_decorator.py
[2023-05-21T17:18:01.263+0530] {processor.py:809} INFO - DAG(s) dict_keys(['example_sensor_decorator']) retrieved from /home/feuer/.local/lib/python3.10/site-packages/airflow/example_dags/example_sensor_decorator.py
[2023-05-21T17:18:01.280+0530] {logging_mixin.py:149} INFO - [2023-05-21T17:18:01.280+0530] {dag.py:2726} INFO - Sync 1 DAGs
[2023-05-21T17:18:01.298+0530] {logging_mixin.py:149} INFO - [2023-05-21T17:18:01.297+0530] {dag.py:3486} INFO - Setting next_dagrun for example_sensor_decorator to None, run_after=None
[2023-05-21T17:18:01.383+0530] {processor.py:178} INFO - Processing /home/feuer/.local/lib/python3.10/site-packages/airflow/example_dags/example_sensor_decorator.py took 0.130 seconds
[2023-05-21T17:18:46.143+0530] {processor.py:156} INFO - Started process (PID=58952) to work on /home/feuer/.local/lib/python3.10/site-packages/airflow/example_dags/example_sensor_decorator.py
[2023-05-21T17:18:46.158+0530] {processor.py:799} INFO - Processing file /home/feuer/.local/lib/python3.10/site-packages/airflow/example_dags/example_sensor_decorator.py for tasks to queue
[2023-05-21T17:18:46.159+0530] {logging_mixin.py:149} INFO - [2023-05-21T17:18:46.159+0530] {dagbag.py:541} INFO - Filling up the DagBag from /home/feuer/.local/lib/python3.10/site-packages/airflow/example_dags/example_sensor_decorator.py
[2023-05-21T17:18:46.164+0530] {processor.py:809} INFO - DAG(s) dict_keys(['example_sensor_decorator']) retrieved from /home/feuer/.local/lib/python3.10/site-packages/airflow/example_dags/example_sensor_decorator.py
[2023-05-21T17:18:46.182+0530] {logging_mixin.py:149} INFO - [2023-05-21T17:18:46.182+0530] {dag.py:2726} INFO - Sync 1 DAGs
[2023-05-21T17:18:46.200+0530] {logging_mixin.py:149} INFO - [2023-05-21T17:18:46.200+0530] {dag.py:3486} INFO - Setting next_dagrun for example_sensor_decorator to None, run_after=None
[2023-05-21T17:18:46.312+0530] {processor.py:178} INFO - Processing /home/feuer/.local/lib/python3.10/site-packages/airflow/example_dags/example_sensor_decorator.py took 0.172 seconds
[2023-05-21T17:19:32.930+0530] {processor.py:156} INFO - Started process (PID=59069) to work on /home/feuer/.local/lib/python3.10/site-packages/airflow/example_dags/example_sensor_decorator.py
[2023-05-21T17:19:32.931+0530] {processor.py:799} INFO - Processing file /home/feuer/.local/lib/python3.10/site-packages/airflow/example_dags/example_sensor_decorator.py for tasks to queue
[2023-05-21T17:19:32.932+0530] {logging_mixin.py:149} INFO - [2023-05-21T17:19:32.932+0530] {dagbag.py:541} INFO - Filling up the DagBag from /home/feuer/.local/lib/python3.10/site-packages/airflow/example_dags/example_sensor_decorator.py
[2023-05-21T17:19:32.937+0530] {processor.py:809} INFO - DAG(s) dict_keys(['example_sensor_decorator']) retrieved from /home/feuer/.local/lib/python3.10/site-packages/airflow/example_dags/example_sensor_decorator.py
[2023-05-21T17:19:32.955+0530] {logging_mixin.py:149} INFO - [2023-05-21T17:19:32.955+0530] {dag.py:2726} INFO - Sync 1 DAGs
[2023-05-21T17:19:32.973+0530] {logging_mixin.py:149} INFO - [2023-05-21T17:19:32.973+0530] {dag.py:3486} INFO - Setting next_dagrun for example_sensor_decorator to None, run_after=None
[2023-05-21T17:19:33.088+0530] {processor.py:178} INFO - Processing /home/feuer/.local/lib/python3.10/site-packages/airflow/example_dags/example_sensor_decorator.py took 0.161 seconds
[2023-05-21T17:20:19.769+0530] {processor.py:156} INFO - Started process (PID=59189) to work on /home/feuer/.local/lib/python3.10/site-packages/airflow/example_dags/example_sensor_decorator.py
[2023-05-21T17:20:19.770+0530] {processor.py:799} INFO - Processing file /home/feuer/.local/lib/python3.10/site-packages/airflow/example_dags/example_sensor_decorator.py for tasks to queue
[2023-05-21T17:20:19.771+0530] {logging_mixin.py:149} INFO - [2023-05-21T17:20:19.771+0530] {dagbag.py:541} INFO - Filling up the DagBag from /home/feuer/.local/lib/python3.10/site-packages/airflow/example_dags/example_sensor_decorator.py
[2023-05-21T17:20:19.776+0530] {processor.py:809} INFO - DAG(s) dict_keys(['example_sensor_decorator']) retrieved from /home/feuer/.local/lib/python3.10/site-packages/airflow/example_dags/example_sensor_decorator.py
[2023-05-21T17:20:19.797+0530] {logging_mixin.py:149} INFO - [2023-05-21T17:20:19.796+0530] {dag.py:2726} INFO - Sync 1 DAGs
[2023-05-21T17:20:19.815+0530] {logging_mixin.py:149} INFO - [2023-05-21T17:20:19.814+0530] {dag.py:3486} INFO - Setting next_dagrun for example_sensor_decorator to None, run_after=None
[2023-05-21T17:20:20.119+0530] {processor.py:178} INFO - Processing /home/feuer/.local/lib/python3.10/site-packages/airflow/example_dags/example_sensor_decorator.py took 0.352 seconds
[2023-05-21T17:21:47.155+0530] {processor.py:156} INFO - Started process (PID=59550) to work on /home/feuer/.local/lib/python3.10/site-packages/airflow/example_dags/example_sensor_decorator.py
[2023-05-21T17:21:47.186+0530] {processor.py:799} INFO - Processing file /home/feuer/.local/lib/python3.10/site-packages/airflow/example_dags/example_sensor_decorator.py for tasks to queue
[2023-05-21T17:21:47.187+0530] {logging_mixin.py:149} INFO - [2023-05-21T17:21:47.186+0530] {dagbag.py:541} INFO - Filling up the DagBag from /home/feuer/.local/lib/python3.10/site-packages/airflow/example_dags/example_sensor_decorator.py
[2023-05-21T17:21:47.191+0530] {processor.py:809} INFO - DAG(s) dict_keys(['example_sensor_decorator']) retrieved from /home/feuer/.local/lib/python3.10/site-packages/airflow/example_dags/example_sensor_decorator.py
[2023-05-21T17:21:47.211+0530] {logging_mixin.py:149} INFO - [2023-05-21T17:21:47.211+0530] {dag.py:2726} INFO - Sync 1 DAGs
[2023-05-21T17:21:47.229+0530] {logging_mixin.py:149} INFO - [2023-05-21T17:21:47.229+0530] {dag.py:3486} INFO - Setting next_dagrun for example_sensor_decorator to None, run_after=None
[2023-05-21T17:21:48.187+0530] {processor.py:178} INFO - Processing /home/feuer/.local/lib/python3.10/site-packages/airflow/example_dags/example_sensor_decorator.py took 1.034 seconds
