[2023-05-21T19:39:37.349+0530] {processor.py:156} INFO - Started process (PID=23803) to work on /home/feuer/.local/lib/python3.10/site-packages/airflow/example_dags/example_trigger_controller_dag.py
[2023-05-21T19:39:37.350+0530] {processor.py:799} INFO - Processing file /home/feuer/.local/lib/python3.10/site-packages/airflow/example_dags/example_trigger_controller_dag.py for tasks to queue
[2023-05-21T19:39:37.351+0530] {logging_mixin.py:149} INFO - [2023-05-21T19:39:37.350+0530] {dagbag.py:541} INFO - Filling up the DagBag from /home/feuer/.local/lib/python3.10/site-packages/airflow/example_dags/example_trigger_controller_dag.py
[2023-05-21T19:39:37.355+0530] {processor.py:809} INFO - DAG(s) dict_keys(['example_trigger_controller_dag']) retrieved from /home/feuer/.local/lib/python3.10/site-packages/airflow/example_dags/example_trigger_controller_dag.py
[2023-05-21T19:39:37.402+0530] {logging_mixin.py:149} INFO - [2023-05-21T19:39:37.401+0530] {dag.py:2726} INFO - Sync 1 DAGs
[2023-05-21T19:39:37.421+0530] {logging_mixin.py:149} INFO - [2023-05-21T19:39:37.420+0530] {dag.py:3486} INFO - Setting next_dagrun for example_trigger_controller_dag to 2021-01-01T00:00:00+00:00, run_after=2021-01-01T00:00:00+00:00
[2023-05-21T19:39:37.675+0530] {processor.py:178} INFO - Processing /home/feuer/.local/lib/python3.10/site-packages/airflow/example_dags/example_trigger_controller_dag.py took 0.329 seconds
[2023-05-21T19:40:36.460+0530] {processor.py:156} INFO - Started process (PID=23964) to work on /home/feuer/.local/lib/python3.10/site-packages/airflow/example_dags/example_trigger_controller_dag.py
[2023-05-21T19:40:36.461+0530] {processor.py:799} INFO - Processing file /home/feuer/.local/lib/python3.10/site-packages/airflow/example_dags/example_trigger_controller_dag.py for tasks to queue
[2023-05-21T19:40:36.462+0530] {logging_mixin.py:149} INFO - [2023-05-21T19:40:36.461+0530] {dagbag.py:541} INFO - Filling up the DagBag from /home/feuer/.local/lib/python3.10/site-packages/airflow/example_dags/example_trigger_controller_dag.py
[2023-05-21T19:40:36.466+0530] {processor.py:809} INFO - DAG(s) dict_keys(['example_trigger_controller_dag']) retrieved from /home/feuer/.local/lib/python3.10/site-packages/airflow/example_dags/example_trigger_controller_dag.py
[2023-05-21T19:40:36.497+0530] {logging_mixin.py:149} INFO - [2023-05-21T19:40:36.497+0530] {dag.py:2726} INFO - Sync 1 DAGs
[2023-05-21T19:40:36.517+0530] {logging_mixin.py:149} INFO - [2023-05-21T19:40:36.517+0530] {dag.py:3486} INFO - Setting next_dagrun for example_trigger_controller_dag to 2021-01-01T00:00:00+00:00, run_after=2021-01-01T00:00:00+00:00
[2023-05-21T19:40:36.650+0530] {processor.py:178} INFO - Processing /home/feuer/.local/lib/python3.10/site-packages/airflow/example_dags/example_trigger_controller_dag.py took 0.193 seconds
[2023-05-21T19:42:12.053+0530] {processor.py:156} INFO - Started process (PID=24484) to work on /home/feuer/.local/lib/python3.10/site-packages/airflow/example_dags/example_trigger_controller_dag.py
[2023-05-21T19:42:12.054+0530] {processor.py:799} INFO - Processing file /home/feuer/.local/lib/python3.10/site-packages/airflow/example_dags/example_trigger_controller_dag.py for tasks to queue
[2023-05-21T19:42:12.054+0530] {logging_mixin.py:149} INFO - [2023-05-21T19:42:12.054+0530] {dagbag.py:541} INFO - Filling up the DagBag from /home/feuer/.local/lib/python3.10/site-packages/airflow/example_dags/example_trigger_controller_dag.py
[2023-05-21T19:42:12.058+0530] {processor.py:809} INFO - DAG(s) dict_keys(['example_trigger_controller_dag']) retrieved from /home/feuer/.local/lib/python3.10/site-packages/airflow/example_dags/example_trigger_controller_dag.py
[2023-05-21T19:42:12.080+0530] {logging_mixin.py:149} INFO - [2023-05-21T19:42:12.080+0530] {dag.py:2726} INFO - Sync 1 DAGs
[2023-05-21T19:42:12.092+0530] {logging_mixin.py:149} INFO - [2023-05-21T19:42:12.091+0530] {dag.py:3486} INFO - Setting next_dagrun for example_trigger_controller_dag to 2021-01-01T00:00:00+00:00, run_after=2021-01-01T00:00:00+00:00
[2023-05-21T19:42:12.184+0530] {processor.py:178} INFO - Processing /home/feuer/.local/lib/python3.10/site-packages/airflow/example_dags/example_trigger_controller_dag.py took 0.134 seconds
[2023-05-21T19:43:08.373+0530] {processor.py:156} INFO - Started process (PID=24707) to work on /home/feuer/.local/lib/python3.10/site-packages/airflow/example_dags/example_trigger_controller_dag.py
[2023-05-21T19:43:08.390+0530] {processor.py:799} INFO - Processing file /home/feuer/.local/lib/python3.10/site-packages/airflow/example_dags/example_trigger_controller_dag.py for tasks to queue
[2023-05-21T19:43:08.391+0530] {logging_mixin.py:149} INFO - [2023-05-21T19:43:08.390+0530] {dagbag.py:541} INFO - Filling up the DagBag from /home/feuer/.local/lib/python3.10/site-packages/airflow/example_dags/example_trigger_controller_dag.py
[2023-05-21T19:43:08.395+0530] {processor.py:809} INFO - DAG(s) dict_keys(['example_trigger_controller_dag']) retrieved from /home/feuer/.local/lib/python3.10/site-packages/airflow/example_dags/example_trigger_controller_dag.py
[2023-05-21T19:43:08.414+0530] {logging_mixin.py:149} INFO - [2023-05-21T19:43:08.413+0530] {dag.py:2726} INFO - Sync 1 DAGs
[2023-05-21T19:43:08.432+0530] {logging_mixin.py:149} INFO - [2023-05-21T19:43:08.432+0530] {dag.py:3486} INFO - Setting next_dagrun for example_trigger_controller_dag to 2021-01-01T00:00:00+00:00, run_after=2021-01-01T00:00:00+00:00
[2023-05-21T19:43:08.543+0530] {processor.py:178} INFO - Processing /home/feuer/.local/lib/python3.10/site-packages/airflow/example_dags/example_trigger_controller_dag.py took 0.173 seconds
[2023-05-21T19:44:00.568+0530] {processor.py:156} INFO - Started process (PID=24837) to work on /home/feuer/.local/lib/python3.10/site-packages/airflow/example_dags/example_trigger_controller_dag.py
[2023-05-21T19:44:00.579+0530] {processor.py:799} INFO - Processing file /home/feuer/.local/lib/python3.10/site-packages/airflow/example_dags/example_trigger_controller_dag.py for tasks to queue
[2023-05-21T19:44:00.579+0530] {logging_mixin.py:149} INFO - [2023-05-21T19:44:00.579+0530] {dagbag.py:541} INFO - Filling up the DagBag from /home/feuer/.local/lib/python3.10/site-packages/airflow/example_dags/example_trigger_controller_dag.py
[2023-05-21T19:44:00.583+0530] {processor.py:809} INFO - DAG(s) dict_keys(['example_trigger_controller_dag']) retrieved from /home/feuer/.local/lib/python3.10/site-packages/airflow/example_dags/example_trigger_controller_dag.py
[2023-05-21T19:44:00.602+0530] {logging_mixin.py:149} INFO - [2023-05-21T19:44:00.601+0530] {dag.py:2726} INFO - Sync 1 DAGs
[2023-05-21T19:44:00.620+0530] {logging_mixin.py:149} INFO - [2023-05-21T19:44:00.620+0530] {dag.py:3486} INFO - Setting next_dagrun for example_trigger_controller_dag to 2021-01-01T00:00:00+00:00, run_after=2021-01-01T00:00:00+00:00
[2023-05-21T19:44:00.695+0530] {processor.py:178} INFO - Processing /home/feuer/.local/lib/python3.10/site-packages/airflow/example_dags/example_trigger_controller_dag.py took 0.130 seconds
[2023-05-21T19:44:54.034+0530] {processor.py:156} INFO - Started process (PID=24969) to work on /home/feuer/.local/lib/python3.10/site-packages/airflow/example_dags/example_trigger_controller_dag.py
[2023-05-21T19:44:54.035+0530] {processor.py:799} INFO - Processing file /home/feuer/.local/lib/python3.10/site-packages/airflow/example_dags/example_trigger_controller_dag.py for tasks to queue
[2023-05-21T19:44:54.035+0530] {logging_mixin.py:149} INFO - [2023-05-21T19:44:54.035+0530] {dagbag.py:541} INFO - Filling up the DagBag from /home/feuer/.local/lib/python3.10/site-packages/airflow/example_dags/example_trigger_controller_dag.py
[2023-05-21T19:44:54.038+0530] {processor.py:809} INFO - DAG(s) dict_keys(['example_trigger_controller_dag']) retrieved from /home/feuer/.local/lib/python3.10/site-packages/airflow/example_dags/example_trigger_controller_dag.py
[2023-05-21T19:44:54.050+0530] {logging_mixin.py:149} INFO - [2023-05-21T19:44:54.049+0530] {dag.py:2726} INFO - Sync 1 DAGs
[2023-05-21T19:44:54.061+0530] {logging_mixin.py:149} INFO - [2023-05-21T19:44:54.061+0530] {dag.py:3486} INFO - Setting next_dagrun for example_trigger_controller_dag to 2021-01-01T00:00:00+00:00, run_after=2021-01-01T00:00:00+00:00
[2023-05-21T19:44:54.139+0530] {processor.py:178} INFO - Processing /home/feuer/.local/lib/python3.10/site-packages/airflow/example_dags/example_trigger_controller_dag.py took 0.106 seconds
[2023-05-21T19:45:49.930+0530] {processor.py:156} INFO - Started process (PID=25100) to work on /home/feuer/.local/lib/python3.10/site-packages/airflow/example_dags/example_trigger_controller_dag.py
[2023-05-21T19:45:49.931+0530] {processor.py:799} INFO - Processing file /home/feuer/.local/lib/python3.10/site-packages/airflow/example_dags/example_trigger_controller_dag.py for tasks to queue
[2023-05-21T19:45:49.931+0530] {logging_mixin.py:149} INFO - [2023-05-21T19:45:49.931+0530] {dagbag.py:541} INFO - Filling up the DagBag from /home/feuer/.local/lib/python3.10/site-packages/airflow/example_dags/example_trigger_controller_dag.py
[2023-05-21T19:45:49.934+0530] {processor.py:809} INFO - DAG(s) dict_keys(['example_trigger_controller_dag']) retrieved from /home/feuer/.local/lib/python3.10/site-packages/airflow/example_dags/example_trigger_controller_dag.py
[2023-05-21T19:45:49.946+0530] {logging_mixin.py:149} INFO - [2023-05-21T19:45:49.946+0530] {dag.py:2726} INFO - Sync 1 DAGs
[2023-05-21T19:45:49.958+0530] {logging_mixin.py:149} INFO - [2023-05-21T19:45:49.958+0530] {dag.py:3486} INFO - Setting next_dagrun for example_trigger_controller_dag to 2021-01-01T00:00:00+00:00, run_after=2021-01-01T00:00:00+00:00
[2023-05-21T19:45:50.042+0530] {processor.py:178} INFO - Processing /home/feuer/.local/lib/python3.10/site-packages/airflow/example_dags/example_trigger_controller_dag.py took 0.114 seconds
[2023-05-21T19:46:42.760+0530] {processor.py:156} INFO - Started process (PID=25208) to work on /home/feuer/.local/lib/python3.10/site-packages/airflow/example_dags/example_trigger_controller_dag.py
[2023-05-21T19:46:42.761+0530] {processor.py:799} INFO - Processing file /home/feuer/.local/lib/python3.10/site-packages/airflow/example_dags/example_trigger_controller_dag.py for tasks to queue
[2023-05-21T19:46:42.761+0530] {logging_mixin.py:149} INFO - [2023-05-21T19:46:42.761+0530] {dagbag.py:541} INFO - Filling up the DagBag from /home/feuer/.local/lib/python3.10/site-packages/airflow/example_dags/example_trigger_controller_dag.py
[2023-05-21T19:46:42.764+0530] {processor.py:809} INFO - DAG(s) dict_keys(['example_trigger_controller_dag']) retrieved from /home/feuer/.local/lib/python3.10/site-packages/airflow/example_dags/example_trigger_controller_dag.py
[2023-05-21T19:46:42.777+0530] {logging_mixin.py:149} INFO - [2023-05-21T19:46:42.777+0530] {dag.py:2726} INFO - Sync 1 DAGs
[2023-05-21T19:46:42.789+0530] {logging_mixin.py:149} INFO - [2023-05-21T19:46:42.789+0530] {dag.py:3486} INFO - Setting next_dagrun for example_trigger_controller_dag to 2021-01-01T00:00:00+00:00, run_after=2021-01-01T00:00:00+00:00
[2023-05-21T19:46:42.898+0530] {processor.py:178} INFO - Processing /home/feuer/.local/lib/python3.10/site-packages/airflow/example_dags/example_trigger_controller_dag.py took 0.141 seconds
[2023-05-21T19:47:35.064+0530] {processor.py:156} INFO - Started process (PID=25328) to work on /home/feuer/.local/lib/python3.10/site-packages/airflow/example_dags/example_trigger_controller_dag.py
[2023-05-21T19:47:35.065+0530] {processor.py:799} INFO - Processing file /home/feuer/.local/lib/python3.10/site-packages/airflow/example_dags/example_trigger_controller_dag.py for tasks to queue
[2023-05-21T19:47:35.065+0530] {logging_mixin.py:149} INFO - [2023-05-21T19:47:35.065+0530] {dagbag.py:541} INFO - Filling up the DagBag from /home/feuer/.local/lib/python3.10/site-packages/airflow/example_dags/example_trigger_controller_dag.py
[2023-05-21T19:47:35.068+0530] {processor.py:809} INFO - DAG(s) dict_keys(['example_trigger_controller_dag']) retrieved from /home/feuer/.local/lib/python3.10/site-packages/airflow/example_dags/example_trigger_controller_dag.py
[2023-05-21T19:47:35.081+0530] {logging_mixin.py:149} INFO - [2023-05-21T19:47:35.080+0530] {dag.py:2726} INFO - Sync 1 DAGs
[2023-05-21T19:47:35.094+0530] {logging_mixin.py:149} INFO - [2023-05-21T19:47:35.094+0530] {dag.py:3486} INFO - Setting next_dagrun for example_trigger_controller_dag to 2021-01-01T00:00:00+00:00, run_after=2021-01-01T00:00:00+00:00
[2023-05-21T19:47:35.174+0530] {processor.py:178} INFO - Processing /home/feuer/.local/lib/python3.10/site-packages/airflow/example_dags/example_trigger_controller_dag.py took 0.113 seconds
[2023-05-21T19:48:28.652+0530] {processor.py:156} INFO - Started process (PID=25434) to work on /home/feuer/.local/lib/python3.10/site-packages/airflow/example_dags/example_trigger_controller_dag.py
[2023-05-21T19:48:28.652+0530] {processor.py:799} INFO - Processing file /home/feuer/.local/lib/python3.10/site-packages/airflow/example_dags/example_trigger_controller_dag.py for tasks to queue
[2023-05-21T19:48:28.653+0530] {logging_mixin.py:149} INFO - [2023-05-21T19:48:28.653+0530] {dagbag.py:541} INFO - Filling up the DagBag from /home/feuer/.local/lib/python3.10/site-packages/airflow/example_dags/example_trigger_controller_dag.py
[2023-05-21T19:48:28.657+0530] {processor.py:809} INFO - DAG(s) dict_keys(['example_trigger_controller_dag']) retrieved from /home/feuer/.local/lib/python3.10/site-packages/airflow/example_dags/example_trigger_controller_dag.py
[2023-05-21T19:48:28.676+0530] {logging_mixin.py:149} INFO - [2023-05-21T19:48:28.676+0530] {dag.py:2726} INFO - Sync 1 DAGs
[2023-05-21T19:48:28.694+0530] {logging_mixin.py:149} INFO - [2023-05-21T19:48:28.694+0530] {dag.py:3486} INFO - Setting next_dagrun for example_trigger_controller_dag to 2021-01-01T00:00:00+00:00, run_after=2021-01-01T00:00:00+00:00
[2023-05-21T19:48:28.773+0530] {processor.py:178} INFO - Processing /home/feuer/.local/lib/python3.10/site-packages/airflow/example_dags/example_trigger_controller_dag.py took 0.124 seconds
[2023-05-21T19:49:21.465+0530] {processor.py:156} INFO - Started process (PID=25545) to work on /home/feuer/.local/lib/python3.10/site-packages/airflow/example_dags/example_trigger_controller_dag.py
[2023-05-21T19:49:21.466+0530] {processor.py:799} INFO - Processing file /home/feuer/.local/lib/python3.10/site-packages/airflow/example_dags/example_trigger_controller_dag.py for tasks to queue
[2023-05-21T19:49:21.466+0530] {logging_mixin.py:149} INFO - [2023-05-21T19:49:21.466+0530] {dagbag.py:541} INFO - Filling up the DagBag from /home/feuer/.local/lib/python3.10/site-packages/airflow/example_dags/example_trigger_controller_dag.py
[2023-05-21T19:49:21.471+0530] {processor.py:809} INFO - DAG(s) dict_keys(['example_trigger_controller_dag']) retrieved from /home/feuer/.local/lib/python3.10/site-packages/airflow/example_dags/example_trigger_controller_dag.py
[2023-05-21T19:49:21.490+0530] {logging_mixin.py:149} INFO - [2023-05-21T19:49:21.490+0530] {dag.py:2726} INFO - Sync 1 DAGs
[2023-05-21T19:49:21.509+0530] {logging_mixin.py:149} INFO - [2023-05-21T19:49:21.508+0530] {dag.py:3486} INFO - Setting next_dagrun for example_trigger_controller_dag to 2021-01-01T00:00:00+00:00, run_after=2021-01-01T00:00:00+00:00
[2023-05-21T19:49:21.587+0530] {processor.py:178} INFO - Processing /home/feuer/.local/lib/python3.10/site-packages/airflow/example_dags/example_trigger_controller_dag.py took 0.125 seconds
[2023-05-21T19:50:13.608+0530] {processor.py:156} INFO - Started process (PID=25667) to work on /home/feuer/.local/lib/python3.10/site-packages/airflow/example_dags/example_trigger_controller_dag.py
[2023-05-21T19:50:13.618+0530] {processor.py:799} INFO - Processing file /home/feuer/.local/lib/python3.10/site-packages/airflow/example_dags/example_trigger_controller_dag.py for tasks to queue
[2023-05-21T19:50:13.618+0530] {logging_mixin.py:149} INFO - [2023-05-21T19:50:13.618+0530] {dagbag.py:541} INFO - Filling up the DagBag from /home/feuer/.local/lib/python3.10/site-packages/airflow/example_dags/example_trigger_controller_dag.py
[2023-05-21T19:50:13.621+0530] {processor.py:809} INFO - DAG(s) dict_keys(['example_trigger_controller_dag']) retrieved from /home/feuer/.local/lib/python3.10/site-packages/airflow/example_dags/example_trigger_controller_dag.py
[2023-05-21T19:50:13.633+0530] {logging_mixin.py:149} INFO - [2023-05-21T19:50:13.633+0530] {dag.py:2726} INFO - Sync 1 DAGs
[2023-05-21T19:50:13.644+0530] {logging_mixin.py:149} INFO - [2023-05-21T19:50:13.644+0530] {dag.py:3486} INFO - Setting next_dagrun for example_trigger_controller_dag to 2021-01-01T00:00:00+00:00, run_after=2021-01-01T00:00:00+00:00
[2023-05-21T19:50:13.754+0530] {processor.py:178} INFO - Processing /home/feuer/.local/lib/python3.10/site-packages/airflow/example_dags/example_trigger_controller_dag.py took 0.148 seconds
[2023-05-21T19:51:05.475+0530] {processor.py:156} INFO - Started process (PID=25839) to work on /home/feuer/.local/lib/python3.10/site-packages/airflow/example_dags/example_trigger_controller_dag.py
[2023-05-21T19:51:05.476+0530] {processor.py:799} INFO - Processing file /home/feuer/.local/lib/python3.10/site-packages/airflow/example_dags/example_trigger_controller_dag.py for tasks to queue
[2023-05-21T19:51:05.477+0530] {logging_mixin.py:149} INFO - [2023-05-21T19:51:05.477+0530] {dagbag.py:541} INFO - Filling up the DagBag from /home/feuer/.local/lib/python3.10/site-packages/airflow/example_dags/example_trigger_controller_dag.py
[2023-05-21T19:51:05.481+0530] {processor.py:809} INFO - DAG(s) dict_keys(['example_trigger_controller_dag']) retrieved from /home/feuer/.local/lib/python3.10/site-packages/airflow/example_dags/example_trigger_controller_dag.py
[2023-05-21T19:51:05.499+0530] {logging_mixin.py:149} INFO - [2023-05-21T19:51:05.499+0530] {dag.py:2726} INFO - Sync 1 DAGs
[2023-05-21T19:51:05.518+0530] {logging_mixin.py:149} INFO - [2023-05-21T19:51:05.518+0530] {dag.py:3486} INFO - Setting next_dagrun for example_trigger_controller_dag to 2021-01-01T00:00:00+00:00, run_after=2021-01-01T00:00:00+00:00
[2023-05-21T19:51:05.597+0530] {processor.py:178} INFO - Processing /home/feuer/.local/lib/python3.10/site-packages/airflow/example_dags/example_trigger_controller_dag.py took 0.125 seconds
[2023-05-21T19:51:57.714+0530] {processor.py:156} INFO - Started process (PID=25948) to work on /home/feuer/.local/lib/python3.10/site-packages/airflow/example_dags/example_trigger_controller_dag.py
[2023-05-21T19:51:57.715+0530] {processor.py:799} INFO - Processing file /home/feuer/.local/lib/python3.10/site-packages/airflow/example_dags/example_trigger_controller_dag.py for tasks to queue
[2023-05-21T19:51:57.715+0530] {logging_mixin.py:149} INFO - [2023-05-21T19:51:57.715+0530] {dagbag.py:541} INFO - Filling up the DagBag from /home/feuer/.local/lib/python3.10/site-packages/airflow/example_dags/example_trigger_controller_dag.py
[2023-05-21T19:51:57.719+0530] {processor.py:809} INFO - DAG(s) dict_keys(['example_trigger_controller_dag']) retrieved from /home/feuer/.local/lib/python3.10/site-packages/airflow/example_dags/example_trigger_controller_dag.py
[2023-05-21T19:51:57.738+0530] {logging_mixin.py:149} INFO - [2023-05-21T19:51:57.738+0530] {dag.py:2726} INFO - Sync 1 DAGs
[2023-05-21T19:51:57.757+0530] {logging_mixin.py:149} INFO - [2023-05-21T19:51:57.756+0530] {dag.py:3486} INFO - Setting next_dagrun for example_trigger_controller_dag to 2021-01-01T00:00:00+00:00, run_after=2021-01-01T00:00:00+00:00
[2023-05-21T19:51:57.841+0530] {processor.py:178} INFO - Processing /home/feuer/.local/lib/python3.10/site-packages/airflow/example_dags/example_trigger_controller_dag.py took 0.130 seconds
[2023-05-21T19:52:46.601+0530] {processor.py:156} INFO - Started process (PID=26062) to work on /home/feuer/.local/lib/python3.10/site-packages/airflow/example_dags/example_trigger_controller_dag.py
[2023-05-21T19:52:46.618+0530] {processor.py:799} INFO - Processing file /home/feuer/.local/lib/python3.10/site-packages/airflow/example_dags/example_trigger_controller_dag.py for tasks to queue
[2023-05-21T19:52:46.619+0530] {logging_mixin.py:149} INFO - [2023-05-21T19:52:46.619+0530] {dagbag.py:541} INFO - Filling up the DagBag from /home/feuer/.local/lib/python3.10/site-packages/airflow/example_dags/example_trigger_controller_dag.py
[2023-05-21T19:52:46.622+0530] {processor.py:809} INFO - DAG(s) dict_keys(['example_trigger_controller_dag']) retrieved from /home/feuer/.local/lib/python3.10/site-packages/airflow/example_dags/example_trigger_controller_dag.py
[2023-05-21T19:52:46.633+0530] {logging_mixin.py:149} INFO - [2023-05-21T19:52:46.633+0530] {dag.py:2726} INFO - Sync 1 DAGs
[2023-05-21T19:52:46.644+0530] {logging_mixin.py:149} INFO - [2023-05-21T19:52:46.644+0530] {dag.py:3486} INFO - Setting next_dagrun for example_trigger_controller_dag to 2021-01-01T00:00:00+00:00, run_after=2021-01-01T00:00:00+00:00
[2023-05-21T19:52:46.721+0530] {processor.py:178} INFO - Processing /home/feuer/.local/lib/python3.10/site-packages/airflow/example_dags/example_trigger_controller_dag.py took 0.123 seconds
[2023-05-21T19:53:35.475+0530] {processor.py:156} INFO - Started process (PID=26195) to work on /home/feuer/.local/lib/python3.10/site-packages/airflow/example_dags/example_trigger_controller_dag.py
[2023-05-21T19:53:35.482+0530] {processor.py:799} INFO - Processing file /home/feuer/.local/lib/python3.10/site-packages/airflow/example_dags/example_trigger_controller_dag.py for tasks to queue
[2023-05-21T19:53:35.483+0530] {logging_mixin.py:149} INFO - [2023-05-21T19:53:35.483+0530] {dagbag.py:541} INFO - Filling up the DagBag from /home/feuer/.local/lib/python3.10/site-packages/airflow/example_dags/example_trigger_controller_dag.py
[2023-05-21T19:53:35.486+0530] {processor.py:809} INFO - DAG(s) dict_keys(['example_trigger_controller_dag']) retrieved from /home/feuer/.local/lib/python3.10/site-packages/airflow/example_dags/example_trigger_controller_dag.py
[2023-05-21T19:53:35.498+0530] {logging_mixin.py:149} INFO - [2023-05-21T19:53:35.498+0530] {dag.py:2726} INFO - Sync 1 DAGs
[2023-05-21T19:53:35.509+0530] {logging_mixin.py:149} INFO - [2023-05-21T19:53:35.509+0530] {dag.py:3486} INFO - Setting next_dagrun for example_trigger_controller_dag to 2021-01-01T00:00:00+00:00, run_after=2021-01-01T00:00:00+00:00
[2023-05-21T19:53:35.595+0530] {processor.py:178} INFO - Processing /home/feuer/.local/lib/python3.10/site-packages/airflow/example_dags/example_trigger_controller_dag.py took 0.123 seconds
[2023-05-21T19:54:27.149+0530] {processor.py:156} INFO - Started process (PID=26341) to work on /home/feuer/.local/lib/python3.10/site-packages/airflow/example_dags/example_trigger_controller_dag.py
[2023-05-21T19:54:27.163+0530] {processor.py:799} INFO - Processing file /home/feuer/.local/lib/python3.10/site-packages/airflow/example_dags/example_trigger_controller_dag.py for tasks to queue
[2023-05-21T19:54:27.164+0530] {logging_mixin.py:149} INFO - [2023-05-21T19:54:27.163+0530] {dagbag.py:541} INFO - Filling up the DagBag from /home/feuer/.local/lib/python3.10/site-packages/airflow/example_dags/example_trigger_controller_dag.py
[2023-05-21T19:54:27.168+0530] {processor.py:809} INFO - DAG(s) dict_keys(['example_trigger_controller_dag']) retrieved from /home/feuer/.local/lib/python3.10/site-packages/airflow/example_dags/example_trigger_controller_dag.py
[2023-05-21T19:54:27.186+0530] {logging_mixin.py:149} INFO - [2023-05-21T19:54:27.186+0530] {dag.py:2726} INFO - Sync 1 DAGs
[2023-05-21T19:54:27.206+0530] {logging_mixin.py:149} INFO - [2023-05-21T19:54:27.205+0530] {dag.py:3486} INFO - Setting next_dagrun for example_trigger_controller_dag to 2021-01-01T00:00:00+00:00, run_after=2021-01-01T00:00:00+00:00
[2023-05-21T19:54:27.295+0530] {processor.py:178} INFO - Processing /home/feuer/.local/lib/python3.10/site-packages/airflow/example_dags/example_trigger_controller_dag.py took 0.149 seconds
[2023-05-21T19:55:19.409+0530] {processor.py:156} INFO - Started process (PID=26470) to work on /home/feuer/.local/lib/python3.10/site-packages/airflow/example_dags/example_trigger_controller_dag.py
[2023-05-21T19:55:19.410+0530] {processor.py:799} INFO - Processing file /home/feuer/.local/lib/python3.10/site-packages/airflow/example_dags/example_trigger_controller_dag.py for tasks to queue
[2023-05-21T19:55:19.410+0530] {logging_mixin.py:149} INFO - [2023-05-21T19:55:19.410+0530] {dagbag.py:541} INFO - Filling up the DagBag from /home/feuer/.local/lib/python3.10/site-packages/airflow/example_dags/example_trigger_controller_dag.py
[2023-05-21T19:55:19.414+0530] {processor.py:809} INFO - DAG(s) dict_keys(['example_trigger_controller_dag']) retrieved from /home/feuer/.local/lib/python3.10/site-packages/airflow/example_dags/example_trigger_controller_dag.py
[2023-05-21T19:55:19.433+0530] {logging_mixin.py:149} INFO - [2023-05-21T19:55:19.432+0530] {dag.py:2726} INFO - Sync 1 DAGs
[2023-05-21T19:55:19.451+0530] {logging_mixin.py:149} INFO - [2023-05-21T19:55:19.451+0530] {dag.py:3486} INFO - Setting next_dagrun for example_trigger_controller_dag to 2021-01-01T00:00:00+00:00, run_after=2021-01-01T00:00:00+00:00
[2023-05-21T19:55:19.526+0530] {processor.py:178} INFO - Processing /home/feuer/.local/lib/python3.10/site-packages/airflow/example_dags/example_trigger_controller_dag.py took 0.120 seconds
[2023-05-21T19:56:19.846+0530] {processor.py:156} INFO - Started process (PID=26652) to work on /home/feuer/.local/lib/python3.10/site-packages/airflow/example_dags/example_trigger_controller_dag.py
[2023-05-21T19:56:19.846+0530] {processor.py:799} INFO - Processing file /home/feuer/.local/lib/python3.10/site-packages/airflow/example_dags/example_trigger_controller_dag.py for tasks to queue
[2023-05-21T19:56:19.847+0530] {logging_mixin.py:149} INFO - [2023-05-21T19:56:19.847+0530] {dagbag.py:541} INFO - Filling up the DagBag from /home/feuer/.local/lib/python3.10/site-packages/airflow/example_dags/example_trigger_controller_dag.py
[2023-05-21T19:56:19.851+0530] {processor.py:809} INFO - DAG(s) dict_keys(['example_trigger_controller_dag']) retrieved from /home/feuer/.local/lib/python3.10/site-packages/airflow/example_dags/example_trigger_controller_dag.py
[2023-05-21T19:56:19.889+0530] {logging_mixin.py:149} INFO - [2023-05-21T19:56:19.889+0530] {dag.py:2726} INFO - Sync 1 DAGs
[2023-05-21T19:56:19.908+0530] {logging_mixin.py:149} INFO - [2023-05-21T19:56:19.908+0530] {dag.py:3486} INFO - Setting next_dagrun for example_trigger_controller_dag to 2021-01-01T00:00:00+00:00, run_after=2021-01-01T00:00:00+00:00
[2023-05-21T19:56:20.101+0530] {processor.py:178} INFO - Processing /home/feuer/.local/lib/python3.10/site-packages/airflow/example_dags/example_trigger_controller_dag.py took 0.258 seconds
[2023-05-21T19:57:13.136+0530] {processor.py:156} INFO - Started process (PID=26773) to work on /home/feuer/.local/lib/python3.10/site-packages/airflow/example_dags/example_trigger_controller_dag.py
[2023-05-21T19:57:13.137+0530] {processor.py:799} INFO - Processing file /home/feuer/.local/lib/python3.10/site-packages/airflow/example_dags/example_trigger_controller_dag.py for tasks to queue
[2023-05-21T19:57:13.137+0530] {logging_mixin.py:149} INFO - [2023-05-21T19:57:13.137+0530] {dagbag.py:541} INFO - Filling up the DagBag from /home/feuer/.local/lib/python3.10/site-packages/airflow/example_dags/example_trigger_controller_dag.py
[2023-05-21T19:57:13.142+0530] {processor.py:809} INFO - DAG(s) dict_keys(['example_trigger_controller_dag']) retrieved from /home/feuer/.local/lib/python3.10/site-packages/airflow/example_dags/example_trigger_controller_dag.py
[2023-05-21T19:57:13.162+0530] {logging_mixin.py:149} INFO - [2023-05-21T19:57:13.162+0530] {dag.py:2726} INFO - Sync 1 DAGs
[2023-05-21T19:57:13.179+0530] {logging_mixin.py:149} INFO - [2023-05-21T19:57:13.179+0530] {dag.py:3486} INFO - Setting next_dagrun for example_trigger_controller_dag to 2021-01-01T00:00:00+00:00, run_after=2021-01-01T00:00:00+00:00
[2023-05-21T19:57:13.259+0530] {processor.py:178} INFO - Processing /home/feuer/.local/lib/python3.10/site-packages/airflow/example_dags/example_trigger_controller_dag.py took 0.126 seconds
[2023-05-21T19:58:04.158+0530] {processor.py:156} INFO - Started process (PID=26896) to work on /home/feuer/.local/lib/python3.10/site-packages/airflow/example_dags/example_trigger_controller_dag.py
[2023-05-21T19:58:04.177+0530] {processor.py:799} INFO - Processing file /home/feuer/.local/lib/python3.10/site-packages/airflow/example_dags/example_trigger_controller_dag.py for tasks to queue
[2023-05-21T19:58:04.177+0530] {logging_mixin.py:149} INFO - [2023-05-21T19:58:04.177+0530] {dagbag.py:541} INFO - Filling up the DagBag from /home/feuer/.local/lib/python3.10/site-packages/airflow/example_dags/example_trigger_controller_dag.py
[2023-05-21T19:58:04.181+0530] {processor.py:809} INFO - DAG(s) dict_keys(['example_trigger_controller_dag']) retrieved from /home/feuer/.local/lib/python3.10/site-packages/airflow/example_dags/example_trigger_controller_dag.py
[2023-05-21T19:58:04.200+0530] {logging_mixin.py:149} INFO - [2023-05-21T19:58:04.200+0530] {dag.py:2726} INFO - Sync 1 DAGs
[2023-05-21T19:58:04.220+0530] {logging_mixin.py:149} INFO - [2023-05-21T19:58:04.220+0530] {dag.py:3486} INFO - Setting next_dagrun for example_trigger_controller_dag to 2021-01-01T00:00:00+00:00, run_after=2021-01-01T00:00:00+00:00
[2023-05-21T19:58:04.304+0530] {processor.py:178} INFO - Processing /home/feuer/.local/lib/python3.10/site-packages/airflow/example_dags/example_trigger_controller_dag.py took 0.150 seconds
[2023-05-21T19:58:58.105+0530] {processor.py:156} INFO - Started process (PID=27068) to work on /home/feuer/.local/lib/python3.10/site-packages/airflow/example_dags/example_trigger_controller_dag.py
[2023-05-21T19:58:58.106+0530] {processor.py:799} INFO - Processing file /home/feuer/.local/lib/python3.10/site-packages/airflow/example_dags/example_trigger_controller_dag.py for tasks to queue
[2023-05-21T19:58:58.107+0530] {logging_mixin.py:149} INFO - [2023-05-21T19:58:58.107+0530] {dagbag.py:541} INFO - Filling up the DagBag from /home/feuer/.local/lib/python3.10/site-packages/airflow/example_dags/example_trigger_controller_dag.py
[2023-05-21T19:58:58.114+0530] {processor.py:809} INFO - DAG(s) dict_keys(['example_trigger_controller_dag']) retrieved from /home/feuer/.local/lib/python3.10/site-packages/airflow/example_dags/example_trigger_controller_dag.py
[2023-05-21T19:58:58.140+0530] {logging_mixin.py:149} INFO - [2023-05-21T19:58:58.139+0530] {dag.py:2726} INFO - Sync 1 DAGs
[2023-05-21T19:58:58.161+0530] {logging_mixin.py:149} INFO - [2023-05-21T19:58:58.160+0530] {dag.py:3486} INFO - Setting next_dagrun for example_trigger_controller_dag to 2021-01-01T00:00:00+00:00, run_after=2021-01-01T00:00:00+00:00
[2023-05-21T19:58:58.258+0530] {processor.py:178} INFO - Processing /home/feuer/.local/lib/python3.10/site-packages/airflow/example_dags/example_trigger_controller_dag.py took 0.156 seconds
[2023-05-21T19:59:56.819+0530] {processor.py:156} INFO - Started process (PID=27201) to work on /home/feuer/.local/lib/python3.10/site-packages/airflow/example_dags/example_trigger_controller_dag.py
[2023-05-21T19:59:56.820+0530] {processor.py:799} INFO - Processing file /home/feuer/.local/lib/python3.10/site-packages/airflow/example_dags/example_trigger_controller_dag.py for tasks to queue
[2023-05-21T19:59:56.820+0530] {logging_mixin.py:149} INFO - [2023-05-21T19:59:56.820+0530] {dagbag.py:541} INFO - Filling up the DagBag from /home/feuer/.local/lib/python3.10/site-packages/airflow/example_dags/example_trigger_controller_dag.py
[2023-05-21T19:59:56.825+0530] {processor.py:809} INFO - DAG(s) dict_keys(['example_trigger_controller_dag']) retrieved from /home/feuer/.local/lib/python3.10/site-packages/airflow/example_dags/example_trigger_controller_dag.py
[2023-05-21T19:59:56.846+0530] {logging_mixin.py:149} INFO - [2023-05-21T19:59:56.846+0530] {dag.py:2726} INFO - Sync 1 DAGs
[2023-05-21T19:59:56.870+0530] {logging_mixin.py:149} INFO - [2023-05-21T19:59:56.870+0530] {dag.py:3486} INFO - Setting next_dagrun for example_trigger_controller_dag to 2021-01-01T00:00:00+00:00, run_after=2021-01-01T00:00:00+00:00
[2023-05-21T19:59:56.968+0530] {processor.py:178} INFO - Processing /home/feuer/.local/lib/python3.10/site-packages/airflow/example_dags/example_trigger_controller_dag.py took 0.152 seconds
[2023-05-21T20:00:55.947+0530] {processor.py:156} INFO - Started process (PID=27353) to work on /home/feuer/.local/lib/python3.10/site-packages/airflow/example_dags/example_trigger_controller_dag.py
[2023-05-21T20:00:55.953+0530] {processor.py:799} INFO - Processing file /home/feuer/.local/lib/python3.10/site-packages/airflow/example_dags/example_trigger_controller_dag.py for tasks to queue
[2023-05-21T20:00:55.954+0530] {logging_mixin.py:149} INFO - [2023-05-21T20:00:55.953+0530] {dagbag.py:541} INFO - Filling up the DagBag from /home/feuer/.local/lib/python3.10/site-packages/airflow/example_dags/example_trigger_controller_dag.py
[2023-05-21T20:00:55.968+0530] {processor.py:809} INFO - DAG(s) dict_keys(['example_trigger_controller_dag']) retrieved from /home/feuer/.local/lib/python3.10/site-packages/airflow/example_dags/example_trigger_controller_dag.py
[2023-05-21T20:00:55.997+0530] {logging_mixin.py:149} INFO - [2023-05-21T20:00:55.997+0530] {dag.py:2726} INFO - Sync 1 DAGs
[2023-05-21T20:00:56.011+0530] {logging_mixin.py:149} INFO - [2023-05-21T20:00:56.010+0530] {dag.py:3486} INFO - Setting next_dagrun for example_trigger_controller_dag to 2021-01-01T00:00:00+00:00, run_after=2021-01-01T00:00:00+00:00
[2023-05-21T20:00:56.099+0530] {processor.py:178} INFO - Processing /home/feuer/.local/lib/python3.10/site-packages/airflow/example_dags/example_trigger_controller_dag.py took 0.155 seconds
[2023-05-21T20:02:14.085+0530] {processor.py:156} INFO - Started process (PID=27760) to work on /home/feuer/.local/lib/python3.10/site-packages/airflow/example_dags/example_trigger_controller_dag.py
[2023-05-21T20:02:14.097+0530] {processor.py:799} INFO - Processing file /home/feuer/.local/lib/python3.10/site-packages/airflow/example_dags/example_trigger_controller_dag.py for tasks to queue
[2023-05-21T20:02:14.098+0530] {logging_mixin.py:149} INFO - [2023-05-21T20:02:14.098+0530] {dagbag.py:541} INFO - Filling up the DagBag from /home/feuer/.local/lib/python3.10/site-packages/airflow/example_dags/example_trigger_controller_dag.py
[2023-05-21T20:02:14.103+0530] {processor.py:809} INFO - DAG(s) dict_keys(['example_trigger_controller_dag']) retrieved from /home/feuer/.local/lib/python3.10/site-packages/airflow/example_dags/example_trigger_controller_dag.py
[2023-05-21T20:02:14.138+0530] {logging_mixin.py:149} INFO - [2023-05-21T20:02:14.137+0530] {dag.py:2726} INFO - Sync 1 DAGs
[2023-05-21T20:02:14.157+0530] {logging_mixin.py:149} INFO - [2023-05-21T20:02:14.156+0530] {dag.py:3486} INFO - Setting next_dagrun for example_trigger_controller_dag to 2021-01-01T00:00:00+00:00, run_after=2021-01-01T00:00:00+00:00
[2023-05-21T20:02:14.249+0530] {processor.py:178} INFO - Processing /home/feuer/.local/lib/python3.10/site-packages/airflow/example_dags/example_trigger_controller_dag.py took 0.167 seconds
[2023-05-21T20:03:16.453+0530] {processor.py:156} INFO - Started process (PID=27938) to work on /home/feuer/.local/lib/python3.10/site-packages/airflow/example_dags/example_trigger_controller_dag.py
[2023-05-21T20:03:16.469+0530] {processor.py:799} INFO - Processing file /home/feuer/.local/lib/python3.10/site-packages/airflow/example_dags/example_trigger_controller_dag.py for tasks to queue
[2023-05-21T20:03:16.469+0530] {logging_mixin.py:149} INFO - [2023-05-21T20:03:16.469+0530] {dagbag.py:541} INFO - Filling up the DagBag from /home/feuer/.local/lib/python3.10/site-packages/airflow/example_dags/example_trigger_controller_dag.py
[2023-05-21T20:03:16.472+0530] {processor.py:809} INFO - DAG(s) dict_keys(['example_trigger_controller_dag']) retrieved from /home/feuer/.local/lib/python3.10/site-packages/airflow/example_dags/example_trigger_controller_dag.py
[2023-05-21T20:03:16.499+0530] {logging_mixin.py:149} INFO - [2023-05-21T20:03:16.498+0530] {dag.py:2726} INFO - Sync 1 DAGs
[2023-05-21T20:03:16.511+0530] {logging_mixin.py:149} INFO - [2023-05-21T20:03:16.511+0530] {dag.py:3486} INFO - Setting next_dagrun for example_trigger_controller_dag to 2021-01-01T00:00:00+00:00, run_after=2021-01-01T00:00:00+00:00
[2023-05-21T20:03:16.598+0530] {processor.py:178} INFO - Processing /home/feuer/.local/lib/python3.10/site-packages/airflow/example_dags/example_trigger_controller_dag.py took 0.147 seconds
[2023-05-21T20:04:17.726+0530] {processor.py:156} INFO - Started process (PID=28185) to work on /home/feuer/.local/lib/python3.10/site-packages/airflow/example_dags/example_trigger_controller_dag.py
[2023-05-21T20:04:17.741+0530] {processor.py:799} INFO - Processing file /home/feuer/.local/lib/python3.10/site-packages/airflow/example_dags/example_trigger_controller_dag.py for tasks to queue
[2023-05-21T20:04:17.741+0530] {logging_mixin.py:149} INFO - [2023-05-21T20:04:17.741+0530] {dagbag.py:541} INFO - Filling up the DagBag from /home/feuer/.local/lib/python3.10/site-packages/airflow/example_dags/example_trigger_controller_dag.py
[2023-05-21T20:04:17.746+0530] {processor.py:809} INFO - DAG(s) dict_keys(['example_trigger_controller_dag']) retrieved from /home/feuer/.local/lib/python3.10/site-packages/airflow/example_dags/example_trigger_controller_dag.py
[2023-05-21T20:04:17.784+0530] {logging_mixin.py:149} INFO - [2023-05-21T20:04:17.784+0530] {dag.py:2726} INFO - Sync 1 DAGs
[2023-05-21T20:04:17.804+0530] {logging_mixin.py:149} INFO - [2023-05-21T20:04:17.804+0530] {dag.py:3486} INFO - Setting next_dagrun for example_trigger_controller_dag to 2021-01-01T00:00:00+00:00, run_after=2021-01-01T00:00:00+00:00
[2023-05-21T20:04:17.889+0530] {processor.py:178} INFO - Processing /home/feuer/.local/lib/python3.10/site-packages/airflow/example_dags/example_trigger_controller_dag.py took 0.166 seconds
[2023-05-21T20:05:16.966+0530] {processor.py:156} INFO - Started process (PID=28351) to work on /home/feuer/.local/lib/python3.10/site-packages/airflow/example_dags/example_trigger_controller_dag.py
[2023-05-21T20:05:16.967+0530] {processor.py:799} INFO - Processing file /home/feuer/.local/lib/python3.10/site-packages/airflow/example_dags/example_trigger_controller_dag.py for tasks to queue
[2023-05-21T20:05:16.968+0530] {logging_mixin.py:149} INFO - [2023-05-21T20:05:16.967+0530] {dagbag.py:541} INFO - Filling up the DagBag from /home/feuer/.local/lib/python3.10/site-packages/airflow/example_dags/example_trigger_controller_dag.py
[2023-05-21T20:05:16.972+0530] {processor.py:809} INFO - DAG(s) dict_keys(['example_trigger_controller_dag']) retrieved from /home/feuer/.local/lib/python3.10/site-packages/airflow/example_dags/example_trigger_controller_dag.py
[2023-05-21T20:05:17.003+0530] {logging_mixin.py:149} INFO - [2023-05-21T20:05:17.002+0530] {dag.py:2726} INFO - Sync 1 DAGs
[2023-05-21T20:05:17.022+0530] {logging_mixin.py:149} INFO - [2023-05-21T20:05:17.021+0530] {dag.py:3486} INFO - Setting next_dagrun for example_trigger_controller_dag to 2021-01-01T00:00:00+00:00, run_after=2021-01-01T00:00:00+00:00
[2023-05-21T20:05:17.148+0530] {processor.py:178} INFO - Processing /home/feuer/.local/lib/python3.10/site-packages/airflow/example_dags/example_trigger_controller_dag.py took 0.185 seconds
[2023-05-21T20:06:14.815+0530] {processor.py:156} INFO - Started process (PID=28724) to work on /home/feuer/.local/lib/python3.10/site-packages/airflow/example_dags/example_trigger_controller_dag.py
[2023-05-21T20:06:14.816+0530] {processor.py:799} INFO - Processing file /home/feuer/.local/lib/python3.10/site-packages/airflow/example_dags/example_trigger_controller_dag.py for tasks to queue
[2023-05-21T20:06:14.817+0530] {logging_mixin.py:149} INFO - [2023-05-21T20:06:14.817+0530] {dagbag.py:541} INFO - Filling up the DagBag from /home/feuer/.local/lib/python3.10/site-packages/airflow/example_dags/example_trigger_controller_dag.py
[2023-05-21T20:06:14.821+0530] {processor.py:809} INFO - DAG(s) dict_keys(['example_trigger_controller_dag']) retrieved from /home/feuer/.local/lib/python3.10/site-packages/airflow/example_dags/example_trigger_controller_dag.py
[2023-05-21T20:06:14.834+0530] {logging_mixin.py:149} INFO - [2023-05-21T20:06:14.834+0530] {dag.py:2726} INFO - Sync 1 DAGs
[2023-05-21T20:06:14.845+0530] {logging_mixin.py:149} INFO - [2023-05-21T20:06:14.845+0530] {dag.py:3486} INFO - Setting next_dagrun for example_trigger_controller_dag to 2021-01-01T00:00:00+00:00, run_after=2021-01-01T00:00:00+00:00
[2023-05-21T20:06:14.967+0530] {processor.py:178} INFO - Processing /home/feuer/.local/lib/python3.10/site-packages/airflow/example_dags/example_trigger_controller_dag.py took 0.154 seconds
[2023-05-21T20:07:10.764+0530] {processor.py:156} INFO - Started process (PID=28872) to work on /home/feuer/.local/lib/python3.10/site-packages/airflow/example_dags/example_trigger_controller_dag.py
[2023-05-21T20:07:10.776+0530] {processor.py:799} INFO - Processing file /home/feuer/.local/lib/python3.10/site-packages/airflow/example_dags/example_trigger_controller_dag.py for tasks to queue
[2023-05-21T20:07:10.776+0530] {logging_mixin.py:149} INFO - [2023-05-21T20:07:10.776+0530] {dagbag.py:541} INFO - Filling up the DagBag from /home/feuer/.local/lib/python3.10/site-packages/airflow/example_dags/example_trigger_controller_dag.py
[2023-05-21T20:07:10.781+0530] {processor.py:809} INFO - DAG(s) dict_keys(['example_trigger_controller_dag']) retrieved from /home/feuer/.local/lib/python3.10/site-packages/airflow/example_dags/example_trigger_controller_dag.py
[2023-05-21T20:07:10.799+0530] {logging_mixin.py:149} INFO - [2023-05-21T20:07:10.799+0530] {dag.py:2726} INFO - Sync 1 DAGs
[2023-05-21T20:07:10.818+0530] {logging_mixin.py:149} INFO - [2023-05-21T20:07:10.818+0530] {dag.py:3486} INFO - Setting next_dagrun for example_trigger_controller_dag to 2021-01-01T00:00:00+00:00, run_after=2021-01-01T00:00:00+00:00
[2023-05-21T20:07:10.905+0530] {processor.py:178} INFO - Processing /home/feuer/.local/lib/python3.10/site-packages/airflow/example_dags/example_trigger_controller_dag.py took 0.144 seconds
[2023-05-21T20:08:05.446+0530] {processor.py:156} INFO - Started process (PID=29040) to work on /home/feuer/.local/lib/python3.10/site-packages/airflow/example_dags/example_trigger_controller_dag.py
[2023-05-21T20:08:05.456+0530] {processor.py:799} INFO - Processing file /home/feuer/.local/lib/python3.10/site-packages/airflow/example_dags/example_trigger_controller_dag.py for tasks to queue
[2023-05-21T20:08:05.456+0530] {logging_mixin.py:149} INFO - [2023-05-21T20:08:05.456+0530] {dagbag.py:541} INFO - Filling up the DagBag from /home/feuer/.local/lib/python3.10/site-packages/airflow/example_dags/example_trigger_controller_dag.py
[2023-05-21T20:08:05.459+0530] {processor.py:809} INFO - DAG(s) dict_keys(['example_trigger_controller_dag']) retrieved from /home/feuer/.local/lib/python3.10/site-packages/airflow/example_dags/example_trigger_controller_dag.py
[2023-05-21T20:08:05.471+0530] {logging_mixin.py:149} INFO - [2023-05-21T20:08:05.471+0530] {dag.py:2726} INFO - Sync 1 DAGs
[2023-05-21T20:08:05.483+0530] {logging_mixin.py:149} INFO - [2023-05-21T20:08:05.483+0530] {dag.py:3486} INFO - Setting next_dagrun for example_trigger_controller_dag to 2021-01-01T00:00:00+00:00, run_after=2021-01-01T00:00:00+00:00
[2023-05-21T20:08:05.564+0530] {processor.py:178} INFO - Processing /home/feuer/.local/lib/python3.10/site-packages/airflow/example_dags/example_trigger_controller_dag.py took 0.121 seconds
[2023-05-21T20:09:05.473+0530] {processor.py:156} INFO - Started process (PID=29181) to work on /home/feuer/.local/lib/python3.10/site-packages/airflow/example_dags/example_trigger_controller_dag.py
[2023-05-21T20:09:05.486+0530] {processor.py:799} INFO - Processing file /home/feuer/.local/lib/python3.10/site-packages/airflow/example_dags/example_trigger_controller_dag.py for tasks to queue
[2023-05-21T20:09:05.487+0530] {logging_mixin.py:149} INFO - [2023-05-21T20:09:05.487+0530] {dagbag.py:541} INFO - Filling up the DagBag from /home/feuer/.local/lib/python3.10/site-packages/airflow/example_dags/example_trigger_controller_dag.py
[2023-05-21T20:09:05.492+0530] {processor.py:809} INFO - DAG(s) dict_keys(['example_trigger_controller_dag']) retrieved from /home/feuer/.local/lib/python3.10/site-packages/airflow/example_dags/example_trigger_controller_dag.py
[2023-05-21T20:09:05.513+0530] {logging_mixin.py:149} INFO - [2023-05-21T20:09:05.513+0530] {dag.py:2726} INFO - Sync 1 DAGs
[2023-05-21T20:09:05.534+0530] {logging_mixin.py:149} INFO - [2023-05-21T20:09:05.534+0530] {dag.py:3486} INFO - Setting next_dagrun for example_trigger_controller_dag to 2021-01-01T00:00:00+00:00, run_after=2021-01-01T00:00:00+00:00
[2023-05-21T20:09:05.619+0530] {processor.py:178} INFO - Processing /home/feuer/.local/lib/python3.10/site-packages/airflow/example_dags/example_trigger_controller_dag.py took 0.149 seconds
[2023-05-21T20:10:01.658+0530] {processor.py:156} INFO - Started process (PID=29401) to work on /home/feuer/.local/lib/python3.10/site-packages/airflow/example_dags/example_trigger_controller_dag.py
[2023-05-21T20:10:01.659+0530] {processor.py:799} INFO - Processing file /home/feuer/.local/lib/python3.10/site-packages/airflow/example_dags/example_trigger_controller_dag.py for tasks to queue
[2023-05-21T20:10:01.660+0530] {logging_mixin.py:149} INFO - [2023-05-21T20:10:01.659+0530] {dagbag.py:541} INFO - Filling up the DagBag from /home/feuer/.local/lib/python3.10/site-packages/airflow/example_dags/example_trigger_controller_dag.py
[2023-05-21T20:10:01.664+0530] {processor.py:809} INFO - DAG(s) dict_keys(['example_trigger_controller_dag']) retrieved from /home/feuer/.local/lib/python3.10/site-packages/airflow/example_dags/example_trigger_controller_dag.py
[2023-05-21T20:10:01.684+0530] {logging_mixin.py:149} INFO - [2023-05-21T20:10:01.684+0530] {dag.py:2726} INFO - Sync 1 DAGs
[2023-05-21T20:10:01.703+0530] {logging_mixin.py:149} INFO - [2023-05-21T20:10:01.703+0530] {dag.py:3486} INFO - Setting next_dagrun for example_trigger_controller_dag to 2021-01-01T00:00:00+00:00, run_after=2021-01-01T00:00:00+00:00
[2023-05-21T20:10:01.768+0530] {processor.py:178} INFO - Processing /home/feuer/.local/lib/python3.10/site-packages/airflow/example_dags/example_trigger_controller_dag.py took 0.113 seconds
[2023-05-21T20:10:57.894+0530] {processor.py:156} INFO - Started process (PID=29530) to work on /home/feuer/.local/lib/python3.10/site-packages/airflow/example_dags/example_trigger_controller_dag.py
[2023-05-21T20:10:57.895+0530] {processor.py:799} INFO - Processing file /home/feuer/.local/lib/python3.10/site-packages/airflow/example_dags/example_trigger_controller_dag.py for tasks to queue
[2023-05-21T20:10:57.896+0530] {logging_mixin.py:149} INFO - [2023-05-21T20:10:57.896+0530] {dagbag.py:541} INFO - Filling up the DagBag from /home/feuer/.local/lib/python3.10/site-packages/airflow/example_dags/example_trigger_controller_dag.py
[2023-05-21T20:10:57.901+0530] {processor.py:809} INFO - DAG(s) dict_keys(['example_trigger_controller_dag']) retrieved from /home/feuer/.local/lib/python3.10/site-packages/airflow/example_dags/example_trigger_controller_dag.py
[2023-05-21T20:10:57.921+0530] {logging_mixin.py:149} INFO - [2023-05-21T20:10:57.921+0530] {dag.py:2726} INFO - Sync 1 DAGs
[2023-05-21T20:10:57.940+0530] {logging_mixin.py:149} INFO - [2023-05-21T20:10:57.940+0530] {dag.py:3486} INFO - Setting next_dagrun for example_trigger_controller_dag to 2021-01-01T00:00:00+00:00, run_after=2021-01-01T00:00:00+00:00
[2023-05-21T20:10:58.013+0530] {processor.py:178} INFO - Processing /home/feuer/.local/lib/python3.10/site-packages/airflow/example_dags/example_trigger_controller_dag.py took 0.123 seconds
[2023-05-21T20:11:58.586+0530] {processor.py:156} INFO - Started process (PID=29712) to work on /home/feuer/.local/lib/python3.10/site-packages/airflow/example_dags/example_trigger_controller_dag.py
[2023-05-21T20:11:58.594+0530] {processor.py:799} INFO - Processing file /home/feuer/.local/lib/python3.10/site-packages/airflow/example_dags/example_trigger_controller_dag.py for tasks to queue
[2023-05-21T20:11:58.595+0530] {logging_mixin.py:149} INFO - [2023-05-21T20:11:58.594+0530] {dagbag.py:541} INFO - Filling up the DagBag from /home/feuer/.local/lib/python3.10/site-packages/airflow/example_dags/example_trigger_controller_dag.py
[2023-05-21T20:11:58.640+0530] {processor.py:809} INFO - DAG(s) dict_keys(['example_trigger_controller_dag']) retrieved from /home/feuer/.local/lib/python3.10/site-packages/airflow/example_dags/example_trigger_controller_dag.py
[2023-05-21T20:11:58.715+0530] {logging_mixin.py:149} INFO - [2023-05-21T20:11:58.715+0530] {dag.py:2726} INFO - Sync 1 DAGs
[2023-05-21T20:11:58.728+0530] {logging_mixin.py:149} INFO - [2023-05-21T20:11:58.728+0530] {dag.py:3486} INFO - Setting next_dagrun for example_trigger_controller_dag to 2021-01-01T00:00:00+00:00, run_after=2021-01-01T00:00:00+00:00
[2023-05-21T20:11:58.848+0530] {processor.py:178} INFO - Processing /home/feuer/.local/lib/python3.10/site-packages/airflow/example_dags/example_trigger_controller_dag.py took 0.265 seconds
[2023-05-21T16:58:07.788+0530] {processor.py:156} INFO - Started process (PID=55858) to work on /home/feuer/.local/lib/python3.10/site-packages/airflow/example_dags/example_trigger_controller_dag.py
[2023-05-21T16:58:07.824+0530] {processor.py:799} INFO - Processing file /home/feuer/.local/lib/python3.10/site-packages/airflow/example_dags/example_trigger_controller_dag.py for tasks to queue
[2023-05-21T16:58:07.825+0530] {logging_mixin.py:149} INFO - [2023-05-21T16:58:07.824+0530] {dagbag.py:541} INFO - Filling up the DagBag from /home/feuer/.local/lib/python3.10/site-packages/airflow/example_dags/example_trigger_controller_dag.py
[2023-05-21T16:58:07.855+0530] {processor.py:809} INFO - DAG(s) dict_keys(['example_trigger_controller_dag']) retrieved from /home/feuer/.local/lib/python3.10/site-packages/airflow/example_dags/example_trigger_controller_dag.py
[2023-05-21T16:58:07.878+0530] {logging_mixin.py:149} INFO - [2023-05-21T16:58:07.877+0530] {dag.py:2726} INFO - Sync 1 DAGs
[2023-05-21T16:58:07.901+0530] {logging_mixin.py:149} INFO - [2023-05-21T16:58:07.900+0530] {dag.py:3486} INFO - Setting next_dagrun for example_trigger_controller_dag to 2021-01-01T00:00:00+00:00, run_after=2021-01-01T00:00:00+00:00
[2023-05-21T16:58:08.207+0530] {processor.py:178} INFO - Processing /home/feuer/.local/lib/python3.10/site-packages/airflow/example_dags/example_trigger_controller_dag.py took 0.423 seconds
[2023-05-21T16:59:33.805+0530] {processor.py:156} INFO - Started process (PID=56021) to work on /home/feuer/.local/lib/python3.10/site-packages/airflow/example_dags/example_trigger_controller_dag.py
[2023-05-21T16:59:33.841+0530] {processor.py:799} INFO - Processing file /home/feuer/.local/lib/python3.10/site-packages/airflow/example_dags/example_trigger_controller_dag.py for tasks to queue
[2023-05-21T16:59:33.842+0530] {logging_mixin.py:149} INFO - [2023-05-21T16:59:33.842+0530] {dagbag.py:541} INFO - Filling up the DagBag from /home/feuer/.local/lib/python3.10/site-packages/airflow/example_dags/example_trigger_controller_dag.py
[2023-05-21T16:59:33.846+0530] {processor.py:809} INFO - DAG(s) dict_keys(['example_trigger_controller_dag']) retrieved from /home/feuer/.local/lib/python3.10/site-packages/airflow/example_dags/example_trigger_controller_dag.py
[2023-05-21T16:59:33.860+0530] {logging_mixin.py:149} INFO - [2023-05-21T16:59:33.860+0530] {dag.py:2726} INFO - Sync 1 DAGs
[2023-05-21T16:59:33.872+0530] {logging_mixin.py:149} INFO - [2023-05-21T16:59:33.871+0530] {dag.py:3486} INFO - Setting next_dagrun for example_trigger_controller_dag to 2021-01-01T00:00:00+00:00, run_after=2021-01-01T00:00:00+00:00
[2023-05-21T16:59:34.076+0530] {processor.py:178} INFO - Processing /home/feuer/.local/lib/python3.10/site-packages/airflow/example_dags/example_trigger_controller_dag.py took 0.274 seconds
[2023-05-21T17:00:46.020+0530] {processor.py:156} INFO - Started process (PID=56254) to work on /home/feuer/.local/lib/python3.10/site-packages/airflow/example_dags/example_trigger_controller_dag.py
[2023-05-21T17:00:46.059+0530] {processor.py:799} INFO - Processing file /home/feuer/.local/lib/python3.10/site-packages/airflow/example_dags/example_trigger_controller_dag.py for tasks to queue
[2023-05-21T17:00:46.059+0530] {logging_mixin.py:149} INFO - [2023-05-21T17:00:46.059+0530] {dagbag.py:541} INFO - Filling up the DagBag from /home/feuer/.local/lib/python3.10/site-packages/airflow/example_dags/example_trigger_controller_dag.py
[2023-05-21T17:00:46.062+0530] {processor.py:809} INFO - DAG(s) dict_keys(['example_trigger_controller_dag']) retrieved from /home/feuer/.local/lib/python3.10/site-packages/airflow/example_dags/example_trigger_controller_dag.py
[2023-05-21T17:00:46.075+0530] {logging_mixin.py:149} INFO - [2023-05-21T17:00:46.075+0530] {dag.py:2726} INFO - Sync 1 DAGs
[2023-05-21T17:00:46.087+0530] {logging_mixin.py:149} INFO - [2023-05-21T17:00:46.087+0530] {dag.py:3486} INFO - Setting next_dagrun for example_trigger_controller_dag to 2021-01-01T00:00:00+00:00, run_after=2021-01-01T00:00:00+00:00
[2023-05-21T17:00:46.251+0530] {processor.py:178} INFO - Processing /home/feuer/.local/lib/python3.10/site-packages/airflow/example_dags/example_trigger_controller_dag.py took 0.234 seconds
[2023-05-21T17:02:22.660+0530] {processor.py:156} INFO - Started process (PID=56511) to work on /home/feuer/.local/lib/python3.10/site-packages/airflow/example_dags/example_trigger_controller_dag.py
[2023-05-21T17:02:22.872+0530] {processor.py:799} INFO - Processing file /home/feuer/.local/lib/python3.10/site-packages/airflow/example_dags/example_trigger_controller_dag.py for tasks to queue
[2023-05-21T17:02:22.873+0530] {logging_mixin.py:149} INFO - [2023-05-21T17:02:22.873+0530] {dagbag.py:541} INFO - Filling up the DagBag from /home/feuer/.local/lib/python3.10/site-packages/airflow/example_dags/example_trigger_controller_dag.py
[2023-05-21T17:02:22.877+0530] {processor.py:809} INFO - DAG(s) dict_keys(['example_trigger_controller_dag']) retrieved from /home/feuer/.local/lib/python3.10/site-packages/airflow/example_dags/example_trigger_controller_dag.py
[2023-05-21T17:02:22.895+0530] {logging_mixin.py:149} INFO - [2023-05-21T17:02:22.895+0530] {dag.py:2726} INFO - Sync 1 DAGs
[2023-05-21T17:02:22.914+0530] {logging_mixin.py:149} INFO - [2023-05-21T17:02:22.914+0530] {dag.py:3486} INFO - Setting next_dagrun for example_trigger_controller_dag to 2021-01-01T00:00:00+00:00, run_after=2021-01-01T00:00:00+00:00
[2023-05-21T17:02:23.613+0530] {processor.py:178} INFO - Processing /home/feuer/.local/lib/python3.10/site-packages/airflow/example_dags/example_trigger_controller_dag.py took 0.955 seconds
[2023-05-21T17:03:19.429+0530] {processor.py:156} INFO - Started process (PID=56668) to work on /home/feuer/.local/lib/python3.10/site-packages/airflow/example_dags/example_trigger_controller_dag.py
[2023-05-21T17:03:19.442+0530] {processor.py:799} INFO - Processing file /home/feuer/.local/lib/python3.10/site-packages/airflow/example_dags/example_trigger_controller_dag.py for tasks to queue
[2023-05-21T17:03:19.443+0530] {logging_mixin.py:149} INFO - [2023-05-21T17:03:19.442+0530] {dagbag.py:541} INFO - Filling up the DagBag from /home/feuer/.local/lib/python3.10/site-packages/airflow/example_dags/example_trigger_controller_dag.py
[2023-05-21T17:03:19.445+0530] {processor.py:809} INFO - DAG(s) dict_keys(['example_trigger_controller_dag']) retrieved from /home/feuer/.local/lib/python3.10/site-packages/airflow/example_dags/example_trigger_controller_dag.py
[2023-05-21T17:03:19.456+0530] {logging_mixin.py:149} INFO - [2023-05-21T17:03:19.456+0530] {dag.py:2726} INFO - Sync 1 DAGs
[2023-05-21T17:03:19.467+0530] {logging_mixin.py:149} INFO - [2023-05-21T17:03:19.467+0530] {dag.py:3486} INFO - Setting next_dagrun for example_trigger_controller_dag to 2021-01-01T00:00:00+00:00, run_after=2021-01-01T00:00:00+00:00
[2023-05-21T17:03:19.540+0530] {processor.py:178} INFO - Processing /home/feuer/.local/lib/python3.10/site-packages/airflow/example_dags/example_trigger_controller_dag.py took 0.114 seconds
[2023-05-21T17:04:07.749+0530] {processor.py:156} INFO - Started process (PID=56796) to work on /home/feuer/.local/lib/python3.10/site-packages/airflow/example_dags/example_trigger_controller_dag.py
[2023-05-21T17:04:07.763+0530] {processor.py:799} INFO - Processing file /home/feuer/.local/lib/python3.10/site-packages/airflow/example_dags/example_trigger_controller_dag.py for tasks to queue
[2023-05-21T17:04:07.763+0530] {logging_mixin.py:149} INFO - [2023-05-21T17:04:07.763+0530] {dagbag.py:541} INFO - Filling up the DagBag from /home/feuer/.local/lib/python3.10/site-packages/airflow/example_dags/example_trigger_controller_dag.py
[2023-05-21T17:04:07.766+0530] {processor.py:809} INFO - DAG(s) dict_keys(['example_trigger_controller_dag']) retrieved from /home/feuer/.local/lib/python3.10/site-packages/airflow/example_dags/example_trigger_controller_dag.py
[2023-05-21T17:04:07.777+0530] {logging_mixin.py:149} INFO - [2023-05-21T17:04:07.776+0530] {dag.py:2726} INFO - Sync 1 DAGs
[2023-05-21T17:04:07.787+0530] {logging_mixin.py:149} INFO - [2023-05-21T17:04:07.787+0530] {dag.py:3486} INFO - Setting next_dagrun for example_trigger_controller_dag to 2021-01-01T00:00:00+00:00, run_after=2021-01-01T00:00:00+00:00
[2023-05-21T17:04:07.924+0530] {processor.py:178} INFO - Processing /home/feuer/.local/lib/python3.10/site-packages/airflow/example_dags/example_trigger_controller_dag.py took 0.177 seconds
[2023-05-21T17:04:53.426+0530] {processor.py:156} INFO - Started process (PID=56910) to work on /home/feuer/.local/lib/python3.10/site-packages/airflow/example_dags/example_trigger_controller_dag.py
[2023-05-21T17:04:53.427+0530] {processor.py:799} INFO - Processing file /home/feuer/.local/lib/python3.10/site-packages/airflow/example_dags/example_trigger_controller_dag.py for tasks to queue
[2023-05-21T17:04:53.427+0530] {logging_mixin.py:149} INFO - [2023-05-21T17:04:53.427+0530] {dagbag.py:541} INFO - Filling up the DagBag from /home/feuer/.local/lib/python3.10/site-packages/airflow/example_dags/example_trigger_controller_dag.py
[2023-05-21T17:04:53.430+0530] {processor.py:809} INFO - DAG(s) dict_keys(['example_trigger_controller_dag']) retrieved from /home/feuer/.local/lib/python3.10/site-packages/airflow/example_dags/example_trigger_controller_dag.py
[2023-05-21T17:04:53.441+0530] {logging_mixin.py:149} INFO - [2023-05-21T17:04:53.441+0530] {dag.py:2726} INFO - Sync 1 DAGs
[2023-05-21T17:04:53.451+0530] {logging_mixin.py:149} INFO - [2023-05-21T17:04:53.451+0530] {dag.py:3486} INFO - Setting next_dagrun for example_trigger_controller_dag to 2021-01-01T00:00:00+00:00, run_after=2021-01-01T00:00:00+00:00
[2023-05-21T17:04:53.523+0530] {processor.py:178} INFO - Processing /home/feuer/.local/lib/python3.10/site-packages/airflow/example_dags/example_trigger_controller_dag.py took 0.099 seconds
[2023-05-21T17:05:39.186+0530] {processor.py:156} INFO - Started process (PID=57014) to work on /home/feuer/.local/lib/python3.10/site-packages/airflow/example_dags/example_trigger_controller_dag.py
[2023-05-21T17:05:39.187+0530] {processor.py:799} INFO - Processing file /home/feuer/.local/lib/python3.10/site-packages/airflow/example_dags/example_trigger_controller_dag.py for tasks to queue
[2023-05-21T17:05:39.187+0530] {logging_mixin.py:149} INFO - [2023-05-21T17:05:39.187+0530] {dagbag.py:541} INFO - Filling up the DagBag from /home/feuer/.local/lib/python3.10/site-packages/airflow/example_dags/example_trigger_controller_dag.py
[2023-05-21T17:05:39.191+0530] {processor.py:809} INFO - DAG(s) dict_keys(['example_trigger_controller_dag']) retrieved from /home/feuer/.local/lib/python3.10/site-packages/airflow/example_dags/example_trigger_controller_dag.py
[2023-05-21T17:05:39.204+0530] {logging_mixin.py:149} INFO - [2023-05-21T17:05:39.204+0530] {dag.py:2726} INFO - Sync 1 DAGs
[2023-05-21T17:05:39.215+0530] {logging_mixin.py:149} INFO - [2023-05-21T17:05:39.215+0530] {dag.py:3486} INFO - Setting next_dagrun for example_trigger_controller_dag to 2021-01-01T00:00:00+00:00, run_after=2021-01-01T00:00:00+00:00
[2023-05-21T17:05:39.335+0530] {processor.py:178} INFO - Processing /home/feuer/.local/lib/python3.10/site-packages/airflow/example_dags/example_trigger_controller_dag.py took 0.151 seconds
[2023-05-21T17:06:24.677+0530] {processor.py:156} INFO - Started process (PID=57119) to work on /home/feuer/.local/lib/python3.10/site-packages/airflow/example_dags/example_trigger_controller_dag.py
[2023-05-21T17:06:24.688+0530] {processor.py:799} INFO - Processing file /home/feuer/.local/lib/python3.10/site-packages/airflow/example_dags/example_trigger_controller_dag.py for tasks to queue
[2023-05-21T17:06:24.689+0530] {logging_mixin.py:149} INFO - [2023-05-21T17:06:24.688+0530] {dagbag.py:541} INFO - Filling up the DagBag from /home/feuer/.local/lib/python3.10/site-packages/airflow/example_dags/example_trigger_controller_dag.py
[2023-05-21T17:06:24.691+0530] {processor.py:809} INFO - DAG(s) dict_keys(['example_trigger_controller_dag']) retrieved from /home/feuer/.local/lib/python3.10/site-packages/airflow/example_dags/example_trigger_controller_dag.py
[2023-05-21T17:06:24.702+0530] {logging_mixin.py:149} INFO - [2023-05-21T17:06:24.702+0530] {dag.py:2726} INFO - Sync 1 DAGs
[2023-05-21T17:06:24.713+0530] {logging_mixin.py:149} INFO - [2023-05-21T17:06:24.713+0530] {dag.py:3486} INFO - Setting next_dagrun for example_trigger_controller_dag to 2021-01-01T00:00:00+00:00, run_after=2021-01-01T00:00:00+00:00
[2023-05-21T17:06:24.788+0530] {processor.py:178} INFO - Processing /home/feuer/.local/lib/python3.10/site-packages/airflow/example_dags/example_trigger_controller_dag.py took 0.114 seconds
[2023-05-21T17:07:08.804+0530] {processor.py:156} INFO - Started process (PID=57224) to work on /home/feuer/.local/lib/python3.10/site-packages/airflow/example_dags/example_trigger_controller_dag.py
[2023-05-21T17:07:08.804+0530] {processor.py:799} INFO - Processing file /home/feuer/.local/lib/python3.10/site-packages/airflow/example_dags/example_trigger_controller_dag.py for tasks to queue
[2023-05-21T17:07:08.805+0530] {logging_mixin.py:149} INFO - [2023-05-21T17:07:08.805+0530] {dagbag.py:541} INFO - Filling up the DagBag from /home/feuer/.local/lib/python3.10/site-packages/airflow/example_dags/example_trigger_controller_dag.py
[2023-05-21T17:07:08.809+0530] {processor.py:809} INFO - DAG(s) dict_keys(['example_trigger_controller_dag']) retrieved from /home/feuer/.local/lib/python3.10/site-packages/airflow/example_dags/example_trigger_controller_dag.py
[2023-05-21T17:07:08.822+0530] {logging_mixin.py:149} INFO - [2023-05-21T17:07:08.821+0530] {dag.py:2726} INFO - Sync 1 DAGs
[2023-05-21T17:07:08.832+0530] {logging_mixin.py:149} INFO - [2023-05-21T17:07:08.832+0530] {dag.py:3486} INFO - Setting next_dagrun for example_trigger_controller_dag to 2021-01-01T00:00:00+00:00, run_after=2021-01-01T00:00:00+00:00
[2023-05-21T17:07:08.913+0530] {processor.py:178} INFO - Processing /home/feuer/.local/lib/python3.10/site-packages/airflow/example_dags/example_trigger_controller_dag.py took 0.112 seconds
[2023-05-21T17:07:51.770+0530] {processor.py:156} INFO - Started process (PID=57342) to work on /home/feuer/.local/lib/python3.10/site-packages/airflow/example_dags/example_trigger_controller_dag.py
[2023-05-21T17:07:51.771+0530] {processor.py:799} INFO - Processing file /home/feuer/.local/lib/python3.10/site-packages/airflow/example_dags/example_trigger_controller_dag.py for tasks to queue
[2023-05-21T17:07:51.771+0530] {logging_mixin.py:149} INFO - [2023-05-21T17:07:51.771+0530] {dagbag.py:541} INFO - Filling up the DagBag from /home/feuer/.local/lib/python3.10/site-packages/airflow/example_dags/example_trigger_controller_dag.py
[2023-05-21T17:07:51.774+0530] {processor.py:809} INFO - DAG(s) dict_keys(['example_trigger_controller_dag']) retrieved from /home/feuer/.local/lib/python3.10/site-packages/airflow/example_dags/example_trigger_controller_dag.py
[2023-05-21T17:07:51.785+0530] {logging_mixin.py:149} INFO - [2023-05-21T17:07:51.785+0530] {dag.py:2726} INFO - Sync 1 DAGs
[2023-05-21T17:07:51.796+0530] {logging_mixin.py:149} INFO - [2023-05-21T17:07:51.796+0530] {dag.py:3486} INFO - Setting next_dagrun for example_trigger_controller_dag to 2021-01-01T00:00:00+00:00, run_after=2021-01-01T00:00:00+00:00
[2023-05-21T17:07:51.873+0530] {processor.py:178} INFO - Processing /home/feuer/.local/lib/python3.10/site-packages/airflow/example_dags/example_trigger_controller_dag.py took 0.105 seconds
[2023-05-21T17:08:37.348+0530] {processor.py:156} INFO - Started process (PID=57444) to work on /home/feuer/.local/lib/python3.10/site-packages/airflow/example_dags/example_trigger_controller_dag.py
[2023-05-21T17:08:37.349+0530] {processor.py:799} INFO - Processing file /home/feuer/.local/lib/python3.10/site-packages/airflow/example_dags/example_trigger_controller_dag.py for tasks to queue
[2023-05-21T17:08:37.350+0530] {logging_mixin.py:149} INFO - [2023-05-21T17:08:37.350+0530] {dagbag.py:541} INFO - Filling up the DagBag from /home/feuer/.local/lib/python3.10/site-packages/airflow/example_dags/example_trigger_controller_dag.py
[2023-05-21T17:08:37.354+0530] {processor.py:809} INFO - DAG(s) dict_keys(['example_trigger_controller_dag']) retrieved from /home/feuer/.local/lib/python3.10/site-packages/airflow/example_dags/example_trigger_controller_dag.py
[2023-05-21T17:08:37.372+0530] {logging_mixin.py:149} INFO - [2023-05-21T17:08:37.372+0530] {dag.py:2726} INFO - Sync 1 DAGs
[2023-05-21T17:08:37.391+0530] {logging_mixin.py:149} INFO - [2023-05-21T17:08:37.391+0530] {dag.py:3486} INFO - Setting next_dagrun for example_trigger_controller_dag to 2021-01-01T00:00:00+00:00, run_after=2021-01-01T00:00:00+00:00
[2023-05-21T17:08:37.461+0530] {processor.py:178} INFO - Processing /home/feuer/.local/lib/python3.10/site-packages/airflow/example_dags/example_trigger_controller_dag.py took 0.115 seconds
[2023-05-21T17:09:23.054+0530] {processor.py:156} INFO - Started process (PID=57589) to work on /home/feuer/.local/lib/python3.10/site-packages/airflow/example_dags/example_trigger_controller_dag.py
[2023-05-21T17:09:23.071+0530] {processor.py:799} INFO - Processing file /home/feuer/.local/lib/python3.10/site-packages/airflow/example_dags/example_trigger_controller_dag.py for tasks to queue
[2023-05-21T17:09:23.071+0530] {logging_mixin.py:149} INFO - [2023-05-21T17:09:23.071+0530] {dagbag.py:541} INFO - Filling up the DagBag from /home/feuer/.local/lib/python3.10/site-packages/airflow/example_dags/example_trigger_controller_dag.py
[2023-05-21T17:09:23.074+0530] {processor.py:809} INFO - DAG(s) dict_keys(['example_trigger_controller_dag']) retrieved from /home/feuer/.local/lib/python3.10/site-packages/airflow/example_dags/example_trigger_controller_dag.py
[2023-05-21T17:09:23.086+0530] {logging_mixin.py:149} INFO - [2023-05-21T17:09:23.086+0530] {dag.py:2726} INFO - Sync 1 DAGs
[2023-05-21T17:09:23.097+0530] {logging_mixin.py:149} INFO - [2023-05-21T17:09:23.097+0530] {dag.py:3486} INFO - Setting next_dagrun for example_trigger_controller_dag to 2021-01-01T00:00:00+00:00, run_after=2021-01-01T00:00:00+00:00
[2023-05-21T17:09:23.172+0530] {processor.py:178} INFO - Processing /home/feuer/.local/lib/python3.10/site-packages/airflow/example_dags/example_trigger_controller_dag.py took 0.119 seconds
[2023-05-21T17:10:08.610+0530] {processor.py:156} INFO - Started process (PID=57703) to work on /home/feuer/.local/lib/python3.10/site-packages/airflow/example_dags/example_trigger_controller_dag.py
[2023-05-21T17:10:08.626+0530] {processor.py:799} INFO - Processing file /home/feuer/.local/lib/python3.10/site-packages/airflow/example_dags/example_trigger_controller_dag.py for tasks to queue
[2023-05-21T17:10:08.626+0530] {logging_mixin.py:149} INFO - [2023-05-21T17:10:08.626+0530] {dagbag.py:541} INFO - Filling up the DagBag from /home/feuer/.local/lib/python3.10/site-packages/airflow/example_dags/example_trigger_controller_dag.py
[2023-05-21T17:10:08.629+0530] {processor.py:809} INFO - DAG(s) dict_keys(['example_trigger_controller_dag']) retrieved from /home/feuer/.local/lib/python3.10/site-packages/airflow/example_dags/example_trigger_controller_dag.py
[2023-05-21T17:10:08.640+0530] {logging_mixin.py:149} INFO - [2023-05-21T17:10:08.640+0530] {dag.py:2726} INFO - Sync 1 DAGs
[2023-05-21T17:10:08.651+0530] {logging_mixin.py:149} INFO - [2023-05-21T17:10:08.651+0530] {dag.py:3486} INFO - Setting next_dagrun for example_trigger_controller_dag to 2021-01-01T00:00:00+00:00, run_after=2021-01-01T00:00:00+00:00
[2023-05-21T17:10:08.739+0530] {processor.py:178} INFO - Processing /home/feuer/.local/lib/python3.10/site-packages/airflow/example_dags/example_trigger_controller_dag.py took 0.131 seconds
[2023-05-21T17:10:55.550+0530] {processor.py:156} INFO - Started process (PID=57808) to work on /home/feuer/.local/lib/python3.10/site-packages/airflow/example_dags/example_trigger_controller_dag.py
[2023-05-21T17:10:55.564+0530] {processor.py:799} INFO - Processing file /home/feuer/.local/lib/python3.10/site-packages/airflow/example_dags/example_trigger_controller_dag.py for tasks to queue
[2023-05-21T17:10:55.565+0530] {logging_mixin.py:149} INFO - [2023-05-21T17:10:55.565+0530] {dagbag.py:541} INFO - Filling up the DagBag from /home/feuer/.local/lib/python3.10/site-packages/airflow/example_dags/example_trigger_controller_dag.py
[2023-05-21T17:10:55.567+0530] {processor.py:809} INFO - DAG(s) dict_keys(['example_trigger_controller_dag']) retrieved from /home/feuer/.local/lib/python3.10/site-packages/airflow/example_dags/example_trigger_controller_dag.py
[2023-05-21T17:10:55.578+0530] {logging_mixin.py:149} INFO - [2023-05-21T17:10:55.578+0530] {dag.py:2726} INFO - Sync 1 DAGs
[2023-05-21T17:10:55.589+0530] {logging_mixin.py:149} INFO - [2023-05-21T17:10:55.589+0530] {dag.py:3486} INFO - Setting next_dagrun for example_trigger_controller_dag to 2021-01-01T00:00:00+00:00, run_after=2021-01-01T00:00:00+00:00
[2023-05-21T17:10:55.669+0530] {processor.py:178} INFO - Processing /home/feuer/.local/lib/python3.10/site-packages/airflow/example_dags/example_trigger_controller_dag.py took 0.120 seconds
[2023-05-21T17:11:41.598+0530] {processor.py:156} INFO - Started process (PID=57929) to work on /home/feuer/.local/lib/python3.10/site-packages/airflow/example_dags/example_trigger_controller_dag.py
[2023-05-21T17:11:41.612+0530] {processor.py:799} INFO - Processing file /home/feuer/.local/lib/python3.10/site-packages/airflow/example_dags/example_trigger_controller_dag.py for tasks to queue
[2023-05-21T17:11:41.613+0530] {logging_mixin.py:149} INFO - [2023-05-21T17:11:41.612+0530] {dagbag.py:541} INFO - Filling up the DagBag from /home/feuer/.local/lib/python3.10/site-packages/airflow/example_dags/example_trigger_controller_dag.py
[2023-05-21T17:11:41.615+0530] {processor.py:809} INFO - DAG(s) dict_keys(['example_trigger_controller_dag']) retrieved from /home/feuer/.local/lib/python3.10/site-packages/airflow/example_dags/example_trigger_controller_dag.py
[2023-05-21T17:11:41.626+0530] {logging_mixin.py:149} INFO - [2023-05-21T17:11:41.626+0530] {dag.py:2726} INFO - Sync 1 DAGs
[2023-05-21T17:11:41.636+0530] {logging_mixin.py:149} INFO - [2023-05-21T17:11:41.636+0530] {dag.py:3486} INFO - Setting next_dagrun for example_trigger_controller_dag to 2021-01-01T00:00:00+00:00, run_after=2021-01-01T00:00:00+00:00
[2023-05-21T17:11:41.711+0530] {processor.py:178} INFO - Processing /home/feuer/.local/lib/python3.10/site-packages/airflow/example_dags/example_trigger_controller_dag.py took 0.114 seconds
[2023-05-21T17:12:28.246+0530] {processor.py:156} INFO - Started process (PID=58039) to work on /home/feuer/.local/lib/python3.10/site-packages/airflow/example_dags/example_trigger_controller_dag.py
[2023-05-21T17:12:28.259+0530] {processor.py:799} INFO - Processing file /home/feuer/.local/lib/python3.10/site-packages/airflow/example_dags/example_trigger_controller_dag.py for tasks to queue
[2023-05-21T17:12:28.259+0530] {logging_mixin.py:149} INFO - [2023-05-21T17:12:28.259+0530] {dagbag.py:541} INFO - Filling up the DagBag from /home/feuer/.local/lib/python3.10/site-packages/airflow/example_dags/example_trigger_controller_dag.py
[2023-05-21T17:12:28.261+0530] {processor.py:809} INFO - DAG(s) dict_keys(['example_trigger_controller_dag']) retrieved from /home/feuer/.local/lib/python3.10/site-packages/airflow/example_dags/example_trigger_controller_dag.py
[2023-05-21T17:12:28.272+0530] {logging_mixin.py:149} INFO - [2023-05-21T17:12:28.272+0530] {dag.py:2726} INFO - Sync 1 DAGs
[2023-05-21T17:12:28.283+0530] {logging_mixin.py:149} INFO - [2023-05-21T17:12:28.283+0530] {dag.py:3486} INFO - Setting next_dagrun for example_trigger_controller_dag to 2021-01-01T00:00:00+00:00, run_after=2021-01-01T00:00:00+00:00
[2023-05-21T17:12:28.366+0530] {processor.py:178} INFO - Processing /home/feuer/.local/lib/python3.10/site-packages/airflow/example_dags/example_trigger_controller_dag.py took 0.123 seconds
[2023-05-21T17:13:12.646+0530] {processor.py:156} INFO - Started process (PID=58153) to work on /home/feuer/.local/lib/python3.10/site-packages/airflow/example_dags/example_trigger_controller_dag.py
[2023-05-21T17:13:12.647+0530] {processor.py:799} INFO - Processing file /home/feuer/.local/lib/python3.10/site-packages/airflow/example_dags/example_trigger_controller_dag.py for tasks to queue
[2023-05-21T17:13:12.647+0530] {logging_mixin.py:149} INFO - [2023-05-21T17:13:12.647+0530] {dagbag.py:541} INFO - Filling up the DagBag from /home/feuer/.local/lib/python3.10/site-packages/airflow/example_dags/example_trigger_controller_dag.py
[2023-05-21T17:13:12.650+0530] {processor.py:809} INFO - DAG(s) dict_keys(['example_trigger_controller_dag']) retrieved from /home/feuer/.local/lib/python3.10/site-packages/airflow/example_dags/example_trigger_controller_dag.py
[2023-05-21T17:13:12.662+0530] {logging_mixin.py:149} INFO - [2023-05-21T17:13:12.662+0530] {dag.py:2726} INFO - Sync 1 DAGs
[2023-05-21T17:13:12.673+0530] {logging_mixin.py:149} INFO - [2023-05-21T17:13:12.673+0530] {dag.py:3486} INFO - Setting next_dagrun for example_trigger_controller_dag to 2021-01-01T00:00:00+00:00, run_after=2021-01-01T00:00:00+00:00
[2023-05-21T17:13:12.751+0530] {processor.py:178} INFO - Processing /home/feuer/.local/lib/python3.10/site-packages/airflow/example_dags/example_trigger_controller_dag.py took 0.108 seconds
[2023-05-21T17:13:55.992+0530] {processor.py:156} INFO - Started process (PID=58260) to work on /home/feuer/.local/lib/python3.10/site-packages/airflow/example_dags/example_trigger_controller_dag.py
[2023-05-21T17:13:55.993+0530] {processor.py:799} INFO - Processing file /home/feuer/.local/lib/python3.10/site-packages/airflow/example_dags/example_trigger_controller_dag.py for tasks to queue
[2023-05-21T17:13:55.993+0530] {logging_mixin.py:149} INFO - [2023-05-21T17:13:55.993+0530] {dagbag.py:541} INFO - Filling up the DagBag from /home/feuer/.local/lib/python3.10/site-packages/airflow/example_dags/example_trigger_controller_dag.py
[2023-05-21T17:13:55.995+0530] {processor.py:809} INFO - DAG(s) dict_keys(['example_trigger_controller_dag']) retrieved from /home/feuer/.local/lib/python3.10/site-packages/airflow/example_dags/example_trigger_controller_dag.py
[2023-05-21T17:13:56.007+0530] {logging_mixin.py:149} INFO - [2023-05-21T17:13:56.007+0530] {dag.py:2726} INFO - Sync 1 DAGs
[2023-05-21T17:13:56.017+0530] {logging_mixin.py:149} INFO - [2023-05-21T17:13:56.017+0530] {dag.py:3486} INFO - Setting next_dagrun for example_trigger_controller_dag to 2021-01-01T00:00:00+00:00, run_after=2021-01-01T00:00:00+00:00
[2023-05-21T17:13:56.089+0530] {processor.py:178} INFO - Processing /home/feuer/.local/lib/python3.10/site-packages/airflow/example_dags/example_trigger_controller_dag.py took 0.099 seconds
[2023-05-21T17:14:43.251+0530] {processor.py:156} INFO - Started process (PID=58374) to work on /home/feuer/.local/lib/python3.10/site-packages/airflow/example_dags/example_trigger_controller_dag.py
[2023-05-21T17:14:43.260+0530] {processor.py:799} INFO - Processing file /home/feuer/.local/lib/python3.10/site-packages/airflow/example_dags/example_trigger_controller_dag.py for tasks to queue
[2023-05-21T17:14:43.261+0530] {logging_mixin.py:149} INFO - [2023-05-21T17:14:43.261+0530] {dagbag.py:541} INFO - Filling up the DagBag from /home/feuer/.local/lib/python3.10/site-packages/airflow/example_dags/example_trigger_controller_dag.py
[2023-05-21T17:14:43.263+0530] {processor.py:809} INFO - DAG(s) dict_keys(['example_trigger_controller_dag']) retrieved from /home/feuer/.local/lib/python3.10/site-packages/airflow/example_dags/example_trigger_controller_dag.py
[2023-05-21T17:14:43.274+0530] {logging_mixin.py:149} INFO - [2023-05-21T17:14:43.274+0530] {dag.py:2726} INFO - Sync 1 DAGs
[2023-05-21T17:14:43.285+0530] {logging_mixin.py:149} INFO - [2023-05-21T17:14:43.285+0530] {dag.py:3486} INFO - Setting next_dagrun for example_trigger_controller_dag to 2021-01-01T00:00:00+00:00, run_after=2021-01-01T00:00:00+00:00
[2023-05-21T17:14:43.360+0530] {processor.py:178} INFO - Processing /home/feuer/.local/lib/python3.10/site-packages/airflow/example_dags/example_trigger_controller_dag.py took 0.112 seconds
[2023-05-21T17:15:31.725+0530] {processor.py:156} INFO - Started process (PID=58499) to work on /home/feuer/.local/lib/python3.10/site-packages/airflow/example_dags/example_trigger_controller_dag.py
[2023-05-21T17:15:31.732+0530] {processor.py:799} INFO - Processing file /home/feuer/.local/lib/python3.10/site-packages/airflow/example_dags/example_trigger_controller_dag.py for tasks to queue
[2023-05-21T17:15:31.733+0530] {logging_mixin.py:149} INFO - [2023-05-21T17:15:31.733+0530] {dagbag.py:541} INFO - Filling up the DagBag from /home/feuer/.local/lib/python3.10/site-packages/airflow/example_dags/example_trigger_controller_dag.py
[2023-05-21T17:15:31.735+0530] {processor.py:809} INFO - DAG(s) dict_keys(['example_trigger_controller_dag']) retrieved from /home/feuer/.local/lib/python3.10/site-packages/airflow/example_dags/example_trigger_controller_dag.py
[2023-05-21T17:15:31.747+0530] {logging_mixin.py:149} INFO - [2023-05-21T17:15:31.747+0530] {dag.py:2726} INFO - Sync 1 DAGs
[2023-05-21T17:15:31.757+0530] {logging_mixin.py:149} INFO - [2023-05-21T17:15:31.757+0530] {dag.py:3486} INFO - Setting next_dagrun for example_trigger_controller_dag to 2021-01-01T00:00:00+00:00, run_after=2021-01-01T00:00:00+00:00
[2023-05-21T17:15:31.842+0530] {processor.py:178} INFO - Processing /home/feuer/.local/lib/python3.10/site-packages/airflow/example_dags/example_trigger_controller_dag.py took 0.120 seconds
[2023-05-21T17:16:18.841+0530] {processor.py:156} INFO - Started process (PID=58608) to work on /home/feuer/.local/lib/python3.10/site-packages/airflow/example_dags/example_trigger_controller_dag.py
[2023-05-21T17:16:18.842+0530] {processor.py:799} INFO - Processing file /home/feuer/.local/lib/python3.10/site-packages/airflow/example_dags/example_trigger_controller_dag.py for tasks to queue
[2023-05-21T17:16:18.842+0530] {logging_mixin.py:149} INFO - [2023-05-21T17:16:18.842+0530] {dagbag.py:541} INFO - Filling up the DagBag from /home/feuer/.local/lib/python3.10/site-packages/airflow/example_dags/example_trigger_controller_dag.py
[2023-05-21T17:16:18.846+0530] {processor.py:809} INFO - DAG(s) dict_keys(['example_trigger_controller_dag']) retrieved from /home/feuer/.local/lib/python3.10/site-packages/airflow/example_dags/example_trigger_controller_dag.py
[2023-05-21T17:16:18.864+0530] {logging_mixin.py:149} INFO - [2023-05-21T17:16:18.864+0530] {dag.py:2726} INFO - Sync 1 DAGs
[2023-05-21T17:16:18.882+0530] {logging_mixin.py:149} INFO - [2023-05-21T17:16:18.882+0530] {dag.py:3486} INFO - Setting next_dagrun for example_trigger_controller_dag to 2021-01-01T00:00:00+00:00, run_after=2021-01-01T00:00:00+00:00
[2023-05-21T17:16:18.971+0530] {processor.py:178} INFO - Processing /home/feuer/.local/lib/python3.10/site-packages/airflow/example_dags/example_trigger_controller_dag.py took 0.133 seconds
[2023-05-21T17:17:05.602+0530] {processor.py:156} INFO - Started process (PID=58713) to work on /home/feuer/.local/lib/python3.10/site-packages/airflow/example_dags/example_trigger_controller_dag.py
[2023-05-21T17:17:05.618+0530] {processor.py:799} INFO - Processing file /home/feuer/.local/lib/python3.10/site-packages/airflow/example_dags/example_trigger_controller_dag.py for tasks to queue
[2023-05-21T17:17:05.619+0530] {logging_mixin.py:149} INFO - [2023-05-21T17:17:05.619+0530] {dagbag.py:541} INFO - Filling up the DagBag from /home/feuer/.local/lib/python3.10/site-packages/airflow/example_dags/example_trigger_controller_dag.py
[2023-05-21T17:17:05.622+0530] {processor.py:809} INFO - DAG(s) dict_keys(['example_trigger_controller_dag']) retrieved from /home/feuer/.local/lib/python3.10/site-packages/airflow/example_dags/example_trigger_controller_dag.py
[2023-05-21T17:17:05.640+0530] {logging_mixin.py:149} INFO - [2023-05-21T17:17:05.640+0530] {dag.py:2726} INFO - Sync 1 DAGs
[2023-05-21T17:17:05.658+0530] {logging_mixin.py:149} INFO - [2023-05-21T17:17:05.658+0530] {dag.py:3486} INFO - Setting next_dagrun for example_trigger_controller_dag to 2021-01-01T00:00:00+00:00, run_after=2021-01-01T00:00:00+00:00
[2023-05-21T17:17:05.743+0530] {processor.py:178} INFO - Processing /home/feuer/.local/lib/python3.10/site-packages/airflow/example_dags/example_trigger_controller_dag.py took 0.143 seconds
[2023-05-21T17:17:52.534+0530] {processor.py:156} INFO - Started process (PID=58827) to work on /home/feuer/.local/lib/python3.10/site-packages/airflow/example_dags/example_trigger_controller_dag.py
[2023-05-21T17:17:52.540+0530] {processor.py:799} INFO - Processing file /home/feuer/.local/lib/python3.10/site-packages/airflow/example_dags/example_trigger_controller_dag.py for tasks to queue
[2023-05-21T17:17:52.541+0530] {logging_mixin.py:149} INFO - [2023-05-21T17:17:52.541+0530] {dagbag.py:541} INFO - Filling up the DagBag from /home/feuer/.local/lib/python3.10/site-packages/airflow/example_dags/example_trigger_controller_dag.py
[2023-05-21T17:17:52.544+0530] {processor.py:809} INFO - DAG(s) dict_keys(['example_trigger_controller_dag']) retrieved from /home/feuer/.local/lib/python3.10/site-packages/airflow/example_dags/example_trigger_controller_dag.py
[2023-05-21T17:17:52.562+0530] {logging_mixin.py:149} INFO - [2023-05-21T17:17:52.562+0530] {dag.py:2726} INFO - Sync 1 DAGs
[2023-05-21T17:17:52.580+0530] {logging_mixin.py:149} INFO - [2023-05-21T17:17:52.580+0530] {dag.py:3486} INFO - Setting next_dagrun for example_trigger_controller_dag to 2021-01-01T00:00:00+00:00, run_after=2021-01-01T00:00:00+00:00
[2023-05-21T17:17:52.663+0530] {processor.py:178} INFO - Processing /home/feuer/.local/lib/python3.10/site-packages/airflow/example_dags/example_trigger_controller_dag.py took 0.131 seconds
[2023-05-21T17:18:38.236+0530] {processor.py:156} INFO - Started process (PID=58940) to work on /home/feuer/.local/lib/python3.10/site-packages/airflow/example_dags/example_trigger_controller_dag.py
[2023-05-21T17:18:38.254+0530] {processor.py:799} INFO - Processing file /home/feuer/.local/lib/python3.10/site-packages/airflow/example_dags/example_trigger_controller_dag.py for tasks to queue
[2023-05-21T17:18:38.255+0530] {logging_mixin.py:149} INFO - [2023-05-21T17:18:38.254+0530] {dagbag.py:541} INFO - Filling up the DagBag from /home/feuer/.local/lib/python3.10/site-packages/airflow/example_dags/example_trigger_controller_dag.py
[2023-05-21T17:18:38.258+0530] {processor.py:809} INFO - DAG(s) dict_keys(['example_trigger_controller_dag']) retrieved from /home/feuer/.local/lib/python3.10/site-packages/airflow/example_dags/example_trigger_controller_dag.py
[2023-05-21T17:18:38.276+0530] {logging_mixin.py:149} INFO - [2023-05-21T17:18:38.276+0530] {dag.py:2726} INFO - Sync 1 DAGs
[2023-05-21T17:18:38.294+0530] {logging_mixin.py:149} INFO - [2023-05-21T17:18:38.294+0530] {dag.py:3486} INFO - Setting next_dagrun for example_trigger_controller_dag to 2021-01-01T00:00:00+00:00, run_after=2021-01-01T00:00:00+00:00
[2023-05-21T17:18:38.376+0530] {processor.py:178} INFO - Processing /home/feuer/.local/lib/python3.10/site-packages/airflow/example_dags/example_trigger_controller_dag.py took 0.142 seconds
[2023-05-21T17:19:25.030+0530] {processor.py:156} INFO - Started process (PID=59061) to work on /home/feuer/.local/lib/python3.10/site-packages/airflow/example_dags/example_trigger_controller_dag.py
[2023-05-21T17:19:25.043+0530] {processor.py:799} INFO - Processing file /home/feuer/.local/lib/python3.10/site-packages/airflow/example_dags/example_trigger_controller_dag.py for tasks to queue
[2023-05-21T17:19:25.044+0530] {logging_mixin.py:149} INFO - [2023-05-21T17:19:25.043+0530] {dagbag.py:541} INFO - Filling up the DagBag from /home/feuer/.local/lib/python3.10/site-packages/airflow/example_dags/example_trigger_controller_dag.py
[2023-05-21T17:19:25.047+0530] {processor.py:809} INFO - DAG(s) dict_keys(['example_trigger_controller_dag']) retrieved from /home/feuer/.local/lib/python3.10/site-packages/airflow/example_dags/example_trigger_controller_dag.py
[2023-05-21T17:19:25.065+0530] {logging_mixin.py:149} INFO - [2023-05-21T17:19:25.065+0530] {dag.py:2726} INFO - Sync 1 DAGs
[2023-05-21T17:19:25.083+0530] {logging_mixin.py:149} INFO - [2023-05-21T17:19:25.083+0530] {dag.py:3486} INFO - Setting next_dagrun for example_trigger_controller_dag to 2021-01-01T00:00:00+00:00, run_after=2021-01-01T00:00:00+00:00
[2023-05-21T17:19:25.172+0530] {processor.py:178} INFO - Processing /home/feuer/.local/lib/python3.10/site-packages/airflow/example_dags/example_trigger_controller_dag.py took 0.144 seconds
[2023-05-21T17:20:11.878+0530] {processor.py:156} INFO - Started process (PID=59175) to work on /home/feuer/.local/lib/python3.10/site-packages/airflow/example_dags/example_trigger_controller_dag.py
[2023-05-21T17:20:11.891+0530] {processor.py:799} INFO - Processing file /home/feuer/.local/lib/python3.10/site-packages/airflow/example_dags/example_trigger_controller_dag.py for tasks to queue
[2023-05-21T17:20:11.892+0530] {logging_mixin.py:149} INFO - [2023-05-21T17:20:11.892+0530] {dagbag.py:541} INFO - Filling up the DagBag from /home/feuer/.local/lib/python3.10/site-packages/airflow/example_dags/example_trigger_controller_dag.py
[2023-05-21T17:20:11.895+0530] {processor.py:809} INFO - DAG(s) dict_keys(['example_trigger_controller_dag']) retrieved from /home/feuer/.local/lib/python3.10/site-packages/airflow/example_dags/example_trigger_controller_dag.py
[2023-05-21T17:20:11.913+0530] {logging_mixin.py:149} INFO - [2023-05-21T17:20:11.913+0530] {dag.py:2726} INFO - Sync 1 DAGs
[2023-05-21T17:20:11.931+0530] {logging_mixin.py:149} INFO - [2023-05-21T17:20:11.931+0530] {dag.py:3486} INFO - Setting next_dagrun for example_trigger_controller_dag to 2021-01-01T00:00:00+00:00, run_after=2021-01-01T00:00:00+00:00
[2023-05-21T17:20:12.011+0530] {processor.py:178} INFO - Processing /home/feuer/.local/lib/python3.10/site-packages/airflow/example_dags/example_trigger_controller_dag.py took 0.136 seconds
[2023-05-21T17:21:34.537+0530] {processor.py:156} INFO - Started process (PID=59531) to work on /home/feuer/.local/lib/python3.10/site-packages/airflow/example_dags/example_trigger_controller_dag.py
[2023-05-21T17:21:34.570+0530] {processor.py:799} INFO - Processing file /home/feuer/.local/lib/python3.10/site-packages/airflow/example_dags/example_trigger_controller_dag.py for tasks to queue
[2023-05-21T17:21:34.570+0530] {logging_mixin.py:149} INFO - [2023-05-21T17:21:34.570+0530] {dagbag.py:541} INFO - Filling up the DagBag from /home/feuer/.local/lib/python3.10/site-packages/airflow/example_dags/example_trigger_controller_dag.py
[2023-05-21T17:21:34.574+0530] {processor.py:809} INFO - DAG(s) dict_keys(['example_trigger_controller_dag']) retrieved from /home/feuer/.local/lib/python3.10/site-packages/airflow/example_dags/example_trigger_controller_dag.py
[2023-05-21T17:21:34.591+0530] {logging_mixin.py:149} INFO - [2023-05-21T17:21:34.591+0530] {dag.py:2726} INFO - Sync 1 DAGs
[2023-05-21T17:21:34.610+0530] {logging_mixin.py:149} INFO - [2023-05-21T17:21:34.610+0530] {dag.py:3486} INFO - Setting next_dagrun for example_trigger_controller_dag to 2021-01-01T00:00:00+00:00, run_after=2021-01-01T00:00:00+00:00
[2023-05-21T17:21:34.915+0530] {processor.py:178} INFO - Processing /home/feuer/.local/lib/python3.10/site-packages/airflow/example_dags/example_trigger_controller_dag.py took 0.381 seconds
[2023-05-21T17:22:33.837+0530] {processor.py:156} INFO - Started process (PID=59706) to work on /home/feuer/.local/lib/python3.10/site-packages/airflow/example_dags/example_trigger_controller_dag.py
[2023-05-21T17:22:33.866+0530] {processor.py:799} INFO - Processing file /home/feuer/.local/lib/python3.10/site-packages/airflow/example_dags/example_trigger_controller_dag.py for tasks to queue
[2023-05-21T17:22:33.867+0530] {logging_mixin.py:149} INFO - [2023-05-21T17:22:33.866+0530] {dagbag.py:541} INFO - Filling up the DagBag from /home/feuer/.local/lib/python3.10/site-packages/airflow/example_dags/example_trigger_controller_dag.py
[2023-05-21T17:22:33.870+0530] {processor.py:809} INFO - DAG(s) dict_keys(['example_trigger_controller_dag']) retrieved from /home/feuer/.local/lib/python3.10/site-packages/airflow/example_dags/example_trigger_controller_dag.py
[2023-05-21T17:22:33.888+0530] {logging_mixin.py:149} INFO - [2023-05-21T17:22:33.888+0530] {dag.py:2726} INFO - Sync 1 DAGs
[2023-05-21T17:22:33.908+0530] {logging_mixin.py:149} INFO - [2023-05-21T17:22:33.908+0530] {dag.py:3486} INFO - Setting next_dagrun for example_trigger_controller_dag to 2021-01-01T00:00:00+00:00, run_after=2021-01-01T00:00:00+00:00
[2023-05-21T17:22:34.170+0530] {processor.py:178} INFO - Processing /home/feuer/.local/lib/python3.10/site-packages/airflow/example_dags/example_trigger_controller_dag.py took 0.335 seconds
