[2023-05-21T19:39:48.012+0530] {processor.py:156} INFO - Started process (PID=23827) to work on /home/feuer/.local/lib/python3.10/site-packages/airflow/example_dags/example_skip_dag.py
[2023-05-21T19:39:48.012+0530] {processor.py:799} INFO - Processing file /home/feuer/.local/lib/python3.10/site-packages/airflow/example_dags/example_skip_dag.py for tasks to queue
[2023-05-21T19:39:48.013+0530] {logging_mixin.py:149} INFO - [2023-05-21T19:39:48.012+0530] {dagbag.py:541} INFO - Filling up the DagBag from /home/feuer/.local/lib/python3.10/site-packages/airflow/example_dags/example_skip_dag.py
[2023-05-21T19:39:48.054+0530] {processor.py:809} INFO - DAG(s) dict_keys(['example_skip_dag']) retrieved from /home/feuer/.local/lib/python3.10/site-packages/airflow/example_dags/example_skip_dag.py
[2023-05-21T19:39:48.116+0530] {logging_mixin.py:149} INFO - [2023-05-21T19:39:48.116+0530] {dag.py:2726} INFO - Sync 1 DAGs
[2023-05-21T19:39:48.138+0530] {logging_mixin.py:149} INFO - [2023-05-21T19:39:48.138+0530] {dag.py:3486} INFO - Setting next_dagrun for example_skip_dag to 2023-05-20T14:09:48.138160+00:00, run_after=2023-05-21T14:09:48.138160+00:00
[2023-05-21T19:39:48.356+0530] {processor.py:178} INFO - Processing /home/feuer/.local/lib/python3.10/site-packages/airflow/example_dags/example_skip_dag.py took 0.346 seconds
[2023-05-21T19:41:00.325+0530] {processor.py:156} INFO - Started process (PID=24079) to work on /home/feuer/.local/lib/python3.10/site-packages/airflow/example_dags/example_skip_dag.py
[2023-05-21T19:41:00.326+0530] {processor.py:799} INFO - Processing file /home/feuer/.local/lib/python3.10/site-packages/airflow/example_dags/example_skip_dag.py for tasks to queue
[2023-05-21T19:41:00.327+0530] {logging_mixin.py:149} INFO - [2023-05-21T19:41:00.327+0530] {dagbag.py:541} INFO - Filling up the DagBag from /home/feuer/.local/lib/python3.10/site-packages/airflow/example_dags/example_skip_dag.py
[2023-05-21T19:41:00.333+0530] {processor.py:809} INFO - DAG(s) dict_keys(['example_skip_dag']) retrieved from /home/feuer/.local/lib/python3.10/site-packages/airflow/example_dags/example_skip_dag.py
[2023-05-21T19:41:00.357+0530] {logging_mixin.py:149} INFO - [2023-05-21T19:41:00.357+0530] {dag.py:2726} INFO - Sync 1 DAGs
[2023-05-21T19:41:00.373+0530] {logging_mixin.py:149} INFO - [2023-05-21T19:41:00.372+0530] {dag.py:3486} INFO - Setting next_dagrun for example_skip_dag to 2023-05-20T14:11:00.372722+00:00, run_after=2023-05-21T14:11:00.372722+00:00
[2023-05-21T19:41:00.469+0530] {processor.py:178} INFO - Processing /home/feuer/.local/lib/python3.10/site-packages/airflow/example_dags/example_skip_dag.py took 0.147 seconds
[2023-05-21T19:42:21.325+0530] {processor.py:156} INFO - Started process (PID=24535) to work on /home/feuer/.local/lib/python3.10/site-packages/airflow/example_dags/example_skip_dag.py
[2023-05-21T19:42:21.326+0530] {processor.py:799} INFO - Processing file /home/feuer/.local/lib/python3.10/site-packages/airflow/example_dags/example_skip_dag.py for tasks to queue
[2023-05-21T19:42:21.326+0530] {logging_mixin.py:149} INFO - [2023-05-21T19:42:21.326+0530] {dagbag.py:541} INFO - Filling up the DagBag from /home/feuer/.local/lib/python3.10/site-packages/airflow/example_dags/example_skip_dag.py
[2023-05-21T19:42:21.330+0530] {processor.py:809} INFO - DAG(s) dict_keys(['example_skip_dag']) retrieved from /home/feuer/.local/lib/python3.10/site-packages/airflow/example_dags/example_skip_dag.py
[2023-05-21T19:42:21.344+0530] {logging_mixin.py:149} INFO - [2023-05-21T19:42:21.343+0530] {dag.py:2726} INFO - Sync 1 DAGs
[2023-05-21T19:42:21.355+0530] {logging_mixin.py:149} INFO - [2023-05-21T19:42:21.355+0530] {dag.py:3486} INFO - Setting next_dagrun for example_skip_dag to 2023-05-20T14:12:21.354975+00:00, run_after=2023-05-21T14:12:21.354975+00:00
[2023-05-21T19:42:21.606+0530] {processor.py:178} INFO - Processing /home/feuer/.local/lib/python3.10/site-packages/airflow/example_dags/example_skip_dag.py took 0.283 seconds
[2023-05-21T19:43:18.378+0530] {processor.py:156} INFO - Started process (PID=24716) to work on /home/feuer/.local/lib/python3.10/site-packages/airflow/example_dags/example_skip_dag.py
[2023-05-21T19:43:18.379+0530] {processor.py:799} INFO - Processing file /home/feuer/.local/lib/python3.10/site-packages/airflow/example_dags/example_skip_dag.py for tasks to queue
[2023-05-21T19:43:18.380+0530] {logging_mixin.py:149} INFO - [2023-05-21T19:43:18.380+0530] {dagbag.py:541} INFO - Filling up the DagBag from /home/feuer/.local/lib/python3.10/site-packages/airflow/example_dags/example_skip_dag.py
[2023-05-21T19:43:18.386+0530] {processor.py:809} INFO - DAG(s) dict_keys(['example_skip_dag']) retrieved from /home/feuer/.local/lib/python3.10/site-packages/airflow/example_dags/example_skip_dag.py
[2023-05-21T19:43:18.408+0530] {logging_mixin.py:149} INFO - [2023-05-21T19:43:18.407+0530] {dag.py:2726} INFO - Sync 1 DAGs
[2023-05-21T19:43:18.424+0530] {logging_mixin.py:149} INFO - [2023-05-21T19:43:18.424+0530] {dag.py:3486} INFO - Setting next_dagrun for example_skip_dag to 2023-05-20T14:13:18.424153+00:00, run_after=2023-05-21T14:13:18.424153+00:00
[2023-05-21T19:43:18.517+0530] {processor.py:178} INFO - Processing /home/feuer/.local/lib/python3.10/site-packages/airflow/example_dags/example_skip_dag.py took 0.142 seconds
[2023-05-21T19:44:11.772+0530] {processor.py:156} INFO - Started process (PID=24852) to work on /home/feuer/.local/lib/python3.10/site-packages/airflow/example_dags/example_skip_dag.py
[2023-05-21T19:44:11.772+0530] {processor.py:799} INFO - Processing file /home/feuer/.local/lib/python3.10/site-packages/airflow/example_dags/example_skip_dag.py for tasks to queue
[2023-05-21T19:44:11.773+0530] {logging_mixin.py:149} INFO - [2023-05-21T19:44:11.773+0530] {dagbag.py:541} INFO - Filling up the DagBag from /home/feuer/.local/lib/python3.10/site-packages/airflow/example_dags/example_skip_dag.py
[2023-05-21T19:44:11.782+0530] {processor.py:809} INFO - DAG(s) dict_keys(['example_skip_dag']) retrieved from /home/feuer/.local/lib/python3.10/site-packages/airflow/example_dags/example_skip_dag.py
[2023-05-21T19:44:11.807+0530] {logging_mixin.py:149} INFO - [2023-05-21T19:44:11.807+0530] {dag.py:2726} INFO - Sync 1 DAGs
[2023-05-21T19:44:11.822+0530] {logging_mixin.py:149} INFO - [2023-05-21T19:44:11.821+0530] {dag.py:3486} INFO - Setting next_dagrun for example_skip_dag to 2023-05-20T14:14:11.821746+00:00, run_after=2023-05-21T14:14:11.821746+00:00
[2023-05-21T19:44:11.903+0530] {processor.py:178} INFO - Processing /home/feuer/.local/lib/python3.10/site-packages/airflow/example_dags/example_skip_dag.py took 0.134 seconds
[2023-05-21T19:45:05.651+0530] {processor.py:156} INFO - Started process (PID=24995) to work on /home/feuer/.local/lib/python3.10/site-packages/airflow/example_dags/example_skip_dag.py
[2023-05-21T19:45:05.652+0530] {processor.py:799} INFO - Processing file /home/feuer/.local/lib/python3.10/site-packages/airflow/example_dags/example_skip_dag.py for tasks to queue
[2023-05-21T19:45:05.652+0530] {logging_mixin.py:149} INFO - [2023-05-21T19:45:05.652+0530] {dagbag.py:541} INFO - Filling up the DagBag from /home/feuer/.local/lib/python3.10/site-packages/airflow/example_dags/example_skip_dag.py
[2023-05-21T19:45:05.658+0530] {processor.py:809} INFO - DAG(s) dict_keys(['example_skip_dag']) retrieved from /home/feuer/.local/lib/python3.10/site-packages/airflow/example_dags/example_skip_dag.py
[2023-05-21T19:45:05.674+0530] {logging_mixin.py:149} INFO - [2023-05-21T19:45:05.674+0530] {dag.py:2726} INFO - Sync 1 DAGs
[2023-05-21T19:45:05.685+0530] {logging_mixin.py:149} INFO - [2023-05-21T19:45:05.685+0530] {dag.py:3486} INFO - Setting next_dagrun for example_skip_dag to 2023-05-20T14:15:05.685586+00:00, run_after=2023-05-21T14:15:05.685586+00:00
[2023-05-21T19:45:05.766+0530] {processor.py:178} INFO - Processing /home/feuer/.local/lib/python3.10/site-packages/airflow/example_dags/example_skip_dag.py took 0.118 seconds
[2023-05-21T19:46:00.146+0530] {processor.py:156} INFO - Started process (PID=25110) to work on /home/feuer/.local/lib/python3.10/site-packages/airflow/example_dags/example_skip_dag.py
[2023-05-21T19:46:00.147+0530] {processor.py:799} INFO - Processing file /home/feuer/.local/lib/python3.10/site-packages/airflow/example_dags/example_skip_dag.py for tasks to queue
[2023-05-21T19:46:00.147+0530] {logging_mixin.py:149} INFO - [2023-05-21T19:46:00.147+0530] {dagbag.py:541} INFO - Filling up the DagBag from /home/feuer/.local/lib/python3.10/site-packages/airflow/example_dags/example_skip_dag.py
[2023-05-21T19:46:00.151+0530] {processor.py:809} INFO - DAG(s) dict_keys(['example_skip_dag']) retrieved from /home/feuer/.local/lib/python3.10/site-packages/airflow/example_dags/example_skip_dag.py
[2023-05-21T19:46:00.164+0530] {logging_mixin.py:149} INFO - [2023-05-21T19:46:00.164+0530] {dag.py:2726} INFO - Sync 1 DAGs
[2023-05-21T19:46:00.175+0530] {logging_mixin.py:149} INFO - [2023-05-21T19:46:00.175+0530] {dag.py:3486} INFO - Setting next_dagrun for example_skip_dag to 2023-05-20T14:16:00.175384+00:00, run_after=2023-05-21T14:16:00.175384+00:00
[2023-05-21T19:46:00.246+0530] {processor.py:178} INFO - Processing /home/feuer/.local/lib/python3.10/site-packages/airflow/example_dags/example_skip_dag.py took 0.102 seconds
[2023-05-21T19:46:52.829+0530] {processor.py:156} INFO - Started process (PID=25217) to work on /home/feuer/.local/lib/python3.10/site-packages/airflow/example_dags/example_skip_dag.py
[2023-05-21T19:46:52.830+0530] {processor.py:799} INFO - Processing file /home/feuer/.local/lib/python3.10/site-packages/airflow/example_dags/example_skip_dag.py for tasks to queue
[2023-05-21T19:46:52.831+0530] {logging_mixin.py:149} INFO - [2023-05-21T19:46:52.831+0530] {dagbag.py:541} INFO - Filling up the DagBag from /home/feuer/.local/lib/python3.10/site-packages/airflow/example_dags/example_skip_dag.py
[2023-05-21T19:46:52.838+0530] {processor.py:809} INFO - DAG(s) dict_keys(['example_skip_dag']) retrieved from /home/feuer/.local/lib/python3.10/site-packages/airflow/example_dags/example_skip_dag.py
[2023-05-21T19:46:52.860+0530] {logging_mixin.py:149} INFO - [2023-05-21T19:46:52.860+0530] {dag.py:2726} INFO - Sync 1 DAGs
[2023-05-21T19:46:52.877+0530] {logging_mixin.py:149} INFO - [2023-05-21T19:46:52.877+0530] {dag.py:3486} INFO - Setting next_dagrun for example_skip_dag to 2023-05-20T14:16:52.877281+00:00, run_after=2023-05-21T14:16:52.877281+00:00
[2023-05-21T19:46:52.954+0530] {processor.py:178} INFO - Processing /home/feuer/.local/lib/python3.10/site-packages/airflow/example_dags/example_skip_dag.py took 0.127 seconds
[2023-05-21T19:47:46.303+0530] {processor.py:156} INFO - Started process (PID=25337) to work on /home/feuer/.local/lib/python3.10/site-packages/airflow/example_dags/example_skip_dag.py
[2023-05-21T19:47:46.303+0530] {processor.py:799} INFO - Processing file /home/feuer/.local/lib/python3.10/site-packages/airflow/example_dags/example_skip_dag.py for tasks to queue
[2023-05-21T19:47:46.304+0530] {logging_mixin.py:149} INFO - [2023-05-21T19:47:46.304+0530] {dagbag.py:541} INFO - Filling up the DagBag from /home/feuer/.local/lib/python3.10/site-packages/airflow/example_dags/example_skip_dag.py
[2023-05-21T19:47:46.310+0530] {processor.py:809} INFO - DAG(s) dict_keys(['example_skip_dag']) retrieved from /home/feuer/.local/lib/python3.10/site-packages/airflow/example_dags/example_skip_dag.py
[2023-05-21T19:47:46.324+0530] {logging_mixin.py:149} INFO - [2023-05-21T19:47:46.324+0530] {dag.py:2726} INFO - Sync 1 DAGs
[2023-05-21T19:47:46.335+0530] {logging_mixin.py:149} INFO - [2023-05-21T19:47:46.335+0530] {dag.py:3486} INFO - Setting next_dagrun for example_skip_dag to 2023-05-20T14:17:46.334911+00:00, run_after=2023-05-21T14:17:46.334911+00:00
[2023-05-21T19:47:46.416+0530] {processor.py:178} INFO - Processing /home/feuer/.local/lib/python3.10/site-packages/airflow/example_dags/example_skip_dag.py took 0.117 seconds
[2023-05-21T19:48:38.488+0530] {processor.py:156} INFO - Started process (PID=25446) to work on /home/feuer/.local/lib/python3.10/site-packages/airflow/example_dags/example_skip_dag.py
[2023-05-21T19:48:38.489+0530] {processor.py:799} INFO - Processing file /home/feuer/.local/lib/python3.10/site-packages/airflow/example_dags/example_skip_dag.py for tasks to queue
[2023-05-21T19:48:38.489+0530] {logging_mixin.py:149} INFO - [2023-05-21T19:48:38.489+0530] {dagbag.py:541} INFO - Filling up the DagBag from /home/feuer/.local/lib/python3.10/site-packages/airflow/example_dags/example_skip_dag.py
[2023-05-21T19:48:38.494+0530] {processor.py:809} INFO - DAG(s) dict_keys(['example_skip_dag']) retrieved from /home/feuer/.local/lib/python3.10/site-packages/airflow/example_dags/example_skip_dag.py
[2023-05-21T19:48:38.507+0530] {logging_mixin.py:149} INFO - [2023-05-21T19:48:38.507+0530] {dag.py:2726} INFO - Sync 1 DAGs
[2023-05-21T19:48:38.519+0530] {logging_mixin.py:149} INFO - [2023-05-21T19:48:38.519+0530] {dag.py:3486} INFO - Setting next_dagrun for example_skip_dag to 2023-05-20T14:18:38.518894+00:00, run_after=2023-05-21T14:18:38.518894+00:00
[2023-05-21T19:48:38.621+0530] {processor.py:178} INFO - Processing /home/feuer/.local/lib/python3.10/site-packages/airflow/example_dags/example_skip_dag.py took 0.136 seconds
[2023-05-21T19:49:31.390+0530] {processor.py:156} INFO - Started process (PID=25563) to work on /home/feuer/.local/lib/python3.10/site-packages/airflow/example_dags/example_skip_dag.py
[2023-05-21T19:49:31.403+0530] {processor.py:799} INFO - Processing file /home/feuer/.local/lib/python3.10/site-packages/airflow/example_dags/example_skip_dag.py for tasks to queue
[2023-05-21T19:49:31.404+0530] {logging_mixin.py:149} INFO - [2023-05-21T19:49:31.404+0530] {dagbag.py:541} INFO - Filling up the DagBag from /home/feuer/.local/lib/python3.10/site-packages/airflow/example_dags/example_skip_dag.py
[2023-05-21T19:49:31.408+0530] {processor.py:809} INFO - DAG(s) dict_keys(['example_skip_dag']) retrieved from /home/feuer/.local/lib/python3.10/site-packages/airflow/example_dags/example_skip_dag.py
[2023-05-21T19:49:31.421+0530] {logging_mixin.py:149} INFO - [2023-05-21T19:49:31.421+0530] {dag.py:2726} INFO - Sync 1 DAGs
[2023-05-21T19:49:31.432+0530] {logging_mixin.py:149} INFO - [2023-05-21T19:49:31.432+0530] {dag.py:3486} INFO - Setting next_dagrun for example_skip_dag to 2023-05-20T14:19:31.431912+00:00, run_after=2023-05-21T14:19:31.431912+00:00
[2023-05-21T19:49:31.508+0530] {processor.py:178} INFO - Processing /home/feuer/.local/lib/python3.10/site-packages/airflow/example_dags/example_skip_dag.py took 0.121 seconds
[2023-05-21T19:50:23.839+0530] {processor.py:156} INFO - Started process (PID=25718) to work on /home/feuer/.local/lib/python3.10/site-packages/airflow/example_dags/example_skip_dag.py
[2023-05-21T19:50:23.839+0530] {processor.py:799} INFO - Processing file /home/feuer/.local/lib/python3.10/site-packages/airflow/example_dags/example_skip_dag.py for tasks to queue
[2023-05-21T19:50:23.840+0530] {logging_mixin.py:149} INFO - [2023-05-21T19:50:23.840+0530] {dagbag.py:541} INFO - Filling up the DagBag from /home/feuer/.local/lib/python3.10/site-packages/airflow/example_dags/example_skip_dag.py
[2023-05-21T19:50:23.845+0530] {processor.py:809} INFO - DAG(s) dict_keys(['example_skip_dag']) retrieved from /home/feuer/.local/lib/python3.10/site-packages/airflow/example_dags/example_skip_dag.py
[2023-05-21T19:50:23.858+0530] {logging_mixin.py:149} INFO - [2023-05-21T19:50:23.858+0530] {dag.py:2726} INFO - Sync 1 DAGs
[2023-05-21T19:50:23.870+0530] {logging_mixin.py:149} INFO - [2023-05-21T19:50:23.870+0530] {dag.py:3486} INFO - Setting next_dagrun for example_skip_dag to 2023-05-20T14:20:23.869939+00:00, run_after=2023-05-21T14:20:23.869939+00:00
[2023-05-21T19:50:23.949+0530] {processor.py:178} INFO - Processing /home/feuer/.local/lib/python3.10/site-packages/airflow/example_dags/example_skip_dag.py took 0.112 seconds
[2023-05-21T19:51:15.537+0530] {processor.py:156} INFO - Started process (PID=25848) to work on /home/feuer/.local/lib/python3.10/site-packages/airflow/example_dags/example_skip_dag.py
[2023-05-21T19:51:15.537+0530] {processor.py:799} INFO - Processing file /home/feuer/.local/lib/python3.10/site-packages/airflow/example_dags/example_skip_dag.py for tasks to queue
[2023-05-21T19:51:15.538+0530] {logging_mixin.py:149} INFO - [2023-05-21T19:51:15.538+0530] {dagbag.py:541} INFO - Filling up the DagBag from /home/feuer/.local/lib/python3.10/site-packages/airflow/example_dags/example_skip_dag.py
[2023-05-21T19:51:15.545+0530] {processor.py:809} INFO - DAG(s) dict_keys(['example_skip_dag']) retrieved from /home/feuer/.local/lib/python3.10/site-packages/airflow/example_dags/example_skip_dag.py
[2023-05-21T19:51:15.566+0530] {logging_mixin.py:149} INFO - [2023-05-21T19:51:15.566+0530] {dag.py:2726} INFO - Sync 1 DAGs
[2023-05-21T19:51:15.582+0530] {logging_mixin.py:149} INFO - [2023-05-21T19:51:15.582+0530] {dag.py:3486} INFO - Setting next_dagrun for example_skip_dag to 2023-05-20T14:21:15.582702+00:00, run_after=2023-05-21T14:21:15.582702+00:00
[2023-05-21T19:51:15.655+0530] {processor.py:178} INFO - Processing /home/feuer/.local/lib/python3.10/site-packages/airflow/example_dags/example_skip_dag.py took 0.122 seconds
[2023-05-21T19:52:06.219+0530] {processor.py:156} INFO - Started process (PID=25957) to work on /home/feuer/.local/lib/python3.10/site-packages/airflow/example_dags/example_skip_dag.py
[2023-05-21T19:52:06.220+0530] {processor.py:799} INFO - Processing file /home/feuer/.local/lib/python3.10/site-packages/airflow/example_dags/example_skip_dag.py for tasks to queue
[2023-05-21T19:52:06.221+0530] {logging_mixin.py:149} INFO - [2023-05-21T19:52:06.221+0530] {dagbag.py:541} INFO - Filling up the DagBag from /home/feuer/.local/lib/python3.10/site-packages/airflow/example_dags/example_skip_dag.py
[2023-05-21T19:52:06.227+0530] {processor.py:809} INFO - DAG(s) dict_keys(['example_skip_dag']) retrieved from /home/feuer/.local/lib/python3.10/site-packages/airflow/example_dags/example_skip_dag.py
[2023-05-21T19:52:06.248+0530] {logging_mixin.py:149} INFO - [2023-05-21T19:52:06.248+0530] {dag.py:2726} INFO - Sync 1 DAGs
[2023-05-21T19:52:06.266+0530] {logging_mixin.py:149} INFO - [2023-05-21T19:52:06.265+0530] {dag.py:3486} INFO - Setting next_dagrun for example_skip_dag to 2023-05-20T14:22:06.265801+00:00, run_after=2023-05-21T14:22:06.265801+00:00
[2023-05-21T19:52:06.353+0530] {processor.py:178} INFO - Processing /home/feuer/.local/lib/python3.10/site-packages/airflow/example_dags/example_skip_dag.py took 0.137 seconds
[2023-05-21T19:52:55.497+0530] {processor.py:156} INFO - Started process (PID=26071) to work on /home/feuer/.local/lib/python3.10/site-packages/airflow/example_dags/example_skip_dag.py
[2023-05-21T19:52:55.498+0530] {processor.py:799} INFO - Processing file /home/feuer/.local/lib/python3.10/site-packages/airflow/example_dags/example_skip_dag.py for tasks to queue
[2023-05-21T19:52:55.498+0530] {logging_mixin.py:149} INFO - [2023-05-21T19:52:55.498+0530] {dagbag.py:541} INFO - Filling up the DagBag from /home/feuer/.local/lib/python3.10/site-packages/airflow/example_dags/example_skip_dag.py
[2023-05-21T19:52:55.505+0530] {processor.py:809} INFO - DAG(s) dict_keys(['example_skip_dag']) retrieved from /home/feuer/.local/lib/python3.10/site-packages/airflow/example_dags/example_skip_dag.py
[2023-05-21T19:52:55.521+0530] {logging_mixin.py:149} INFO - [2023-05-21T19:52:55.521+0530] {dag.py:2726} INFO - Sync 1 DAGs
[2023-05-21T19:52:55.532+0530] {logging_mixin.py:149} INFO - [2023-05-21T19:52:55.532+0530] {dag.py:3486} INFO - Setting next_dagrun for example_skip_dag to 2023-05-20T14:22:55.532422+00:00, run_after=2023-05-21T14:22:55.532422+00:00
[2023-05-21T19:52:55.612+0530] {processor.py:178} INFO - Processing /home/feuer/.local/lib/python3.10/site-packages/airflow/example_dags/example_skip_dag.py took 0.116 seconds
[2023-05-21T19:53:45.193+0530] {processor.py:156} INFO - Started process (PID=26216) to work on /home/feuer/.local/lib/python3.10/site-packages/airflow/example_dags/example_skip_dag.py
[2023-05-21T19:53:45.194+0530] {processor.py:799} INFO - Processing file /home/feuer/.local/lib/python3.10/site-packages/airflow/example_dags/example_skip_dag.py for tasks to queue
[2023-05-21T19:53:45.195+0530] {logging_mixin.py:149} INFO - [2023-05-21T19:53:45.195+0530] {dagbag.py:541} INFO - Filling up the DagBag from /home/feuer/.local/lib/python3.10/site-packages/airflow/example_dags/example_skip_dag.py
[2023-05-21T19:53:45.200+0530] {processor.py:809} INFO - DAG(s) dict_keys(['example_skip_dag']) retrieved from /home/feuer/.local/lib/python3.10/site-packages/airflow/example_dags/example_skip_dag.py
[2023-05-21T19:53:45.216+0530] {logging_mixin.py:149} INFO - [2023-05-21T19:53:45.216+0530] {dag.py:2726} INFO - Sync 1 DAGs
[2023-05-21T19:53:45.228+0530] {logging_mixin.py:149} INFO - [2023-05-21T19:53:45.228+0530] {dag.py:3486} INFO - Setting next_dagrun for example_skip_dag to 2023-05-20T14:23:45.228205+00:00, run_after=2023-05-21T14:23:45.228205+00:00
[2023-05-21T19:53:45.311+0530] {processor.py:178} INFO - Processing /home/feuer/.local/lib/python3.10/site-packages/airflow/example_dags/example_skip_dag.py took 0.121 seconds
[2023-05-21T19:54:37.295+0530] {processor.py:156} INFO - Started process (PID=26350) to work on /home/feuer/.local/lib/python3.10/site-packages/airflow/example_dags/example_skip_dag.py
[2023-05-21T19:54:37.296+0530] {processor.py:799} INFO - Processing file /home/feuer/.local/lib/python3.10/site-packages/airflow/example_dags/example_skip_dag.py for tasks to queue
[2023-05-21T19:54:37.297+0530] {logging_mixin.py:149} INFO - [2023-05-21T19:54:37.296+0530] {dagbag.py:541} INFO - Filling up the DagBag from /home/feuer/.local/lib/python3.10/site-packages/airflow/example_dags/example_skip_dag.py
[2023-05-21T19:54:37.303+0530] {processor.py:809} INFO - DAG(s) dict_keys(['example_skip_dag']) retrieved from /home/feuer/.local/lib/python3.10/site-packages/airflow/example_dags/example_skip_dag.py
[2023-05-21T19:54:37.324+0530] {logging_mixin.py:149} INFO - [2023-05-21T19:54:37.324+0530] {dag.py:2726} INFO - Sync 1 DAGs
[2023-05-21T19:54:37.340+0530] {logging_mixin.py:149} INFO - [2023-05-21T19:54:37.340+0530] {dag.py:3486} INFO - Setting next_dagrun for example_skip_dag to 2023-05-20T14:24:37.340540+00:00, run_after=2023-05-21T14:24:37.340540+00:00
[2023-05-21T19:54:37.420+0530] {processor.py:178} INFO - Processing /home/feuer/.local/lib/python3.10/site-packages/airflow/example_dags/example_skip_dag.py took 0.128 seconds
[2023-05-21T19:55:30.880+0530] {processor.py:156} INFO - Started process (PID=26480) to work on /home/feuer/.local/lib/python3.10/site-packages/airflow/example_dags/example_skip_dag.py
[2023-05-21T19:55:30.881+0530] {processor.py:799} INFO - Processing file /home/feuer/.local/lib/python3.10/site-packages/airflow/example_dags/example_skip_dag.py for tasks to queue
[2023-05-21T19:55:30.881+0530] {logging_mixin.py:149} INFO - [2023-05-21T19:55:30.881+0530] {dagbag.py:541} INFO - Filling up the DagBag from /home/feuer/.local/lib/python3.10/site-packages/airflow/example_dags/example_skip_dag.py
[2023-05-21T19:55:30.888+0530] {processor.py:809} INFO - DAG(s) dict_keys(['example_skip_dag']) retrieved from /home/feuer/.local/lib/python3.10/site-packages/airflow/example_dags/example_skip_dag.py
[2023-05-21T19:55:30.909+0530] {logging_mixin.py:149} INFO - [2023-05-21T19:55:30.909+0530] {dag.py:2726} INFO - Sync 1 DAGs
[2023-05-21T19:55:30.927+0530] {logging_mixin.py:149} INFO - [2023-05-21T19:55:30.927+0530] {dag.py:3486} INFO - Setting next_dagrun for example_skip_dag to 2023-05-20T14:25:30.927189+00:00, run_after=2023-05-21T14:25:30.927189+00:00
[2023-05-21T19:55:31.012+0530] {processor.py:178} INFO - Processing /home/feuer/.local/lib/python3.10/site-packages/airflow/example_dags/example_skip_dag.py took 0.136 seconds
[2023-05-21T19:56:28.842+0530] {processor.py:156} INFO - Started process (PID=26661) to work on /home/feuer/.local/lib/python3.10/site-packages/airflow/example_dags/example_skip_dag.py
[2023-05-21T19:56:28.843+0530] {processor.py:799} INFO - Processing file /home/feuer/.local/lib/python3.10/site-packages/airflow/example_dags/example_skip_dag.py for tasks to queue
[2023-05-21T19:56:28.844+0530] {logging_mixin.py:149} INFO - [2023-05-21T19:56:28.843+0530] {dagbag.py:541} INFO - Filling up the DagBag from /home/feuer/.local/lib/python3.10/site-packages/airflow/example_dags/example_skip_dag.py
[2023-05-21T19:56:28.850+0530] {processor.py:809} INFO - DAG(s) dict_keys(['example_skip_dag']) retrieved from /home/feuer/.local/lib/python3.10/site-packages/airflow/example_dags/example_skip_dag.py
[2023-05-21T19:56:28.887+0530] {logging_mixin.py:149} INFO - [2023-05-21T19:56:28.887+0530] {dag.py:2726} INFO - Sync 1 DAGs
[2023-05-21T19:56:28.906+0530] {logging_mixin.py:149} INFO - [2023-05-21T19:56:28.906+0530] {dag.py:3486} INFO - Setting next_dagrun for example_skip_dag to 2023-05-20T14:26:28.906271+00:00, run_after=2023-05-21T14:26:28.906271+00:00
[2023-05-21T19:56:28.992+0530] {processor.py:178} INFO - Processing /home/feuer/.local/lib/python3.10/site-packages/airflow/example_dags/example_skip_dag.py took 0.153 seconds
[2023-05-21T19:57:23.364+0530] {processor.py:156} INFO - Started process (PID=26786) to work on /home/feuer/.local/lib/python3.10/site-packages/airflow/example_dags/example_skip_dag.py
[2023-05-21T19:57:23.378+0530] {processor.py:799} INFO - Processing file /home/feuer/.local/lib/python3.10/site-packages/airflow/example_dags/example_skip_dag.py for tasks to queue
[2023-05-21T19:57:23.379+0530] {logging_mixin.py:149} INFO - [2023-05-21T19:57:23.379+0530] {dagbag.py:541} INFO - Filling up the DagBag from /home/feuer/.local/lib/python3.10/site-packages/airflow/example_dags/example_skip_dag.py
[2023-05-21T19:57:23.385+0530] {processor.py:809} INFO - DAG(s) dict_keys(['example_skip_dag']) retrieved from /home/feuer/.local/lib/python3.10/site-packages/airflow/example_dags/example_skip_dag.py
[2023-05-21T19:57:23.406+0530] {logging_mixin.py:149} INFO - [2023-05-21T19:57:23.406+0530] {dag.py:2726} INFO - Sync 1 DAGs
[2023-05-21T19:57:23.425+0530] {logging_mixin.py:149} INFO - [2023-05-21T19:57:23.425+0530] {dag.py:3486} INFO - Setting next_dagrun for example_skip_dag to 2023-05-20T14:27:23.425151+00:00, run_after=2023-05-21T14:27:23.425151+00:00
[2023-05-21T19:57:23.501+0530] {processor.py:178} INFO - Processing /home/feuer/.local/lib/python3.10/site-packages/airflow/example_dags/example_skip_dag.py took 0.140 seconds
[2023-05-21T19:58:14.584+0530] {processor.py:156} INFO - Started process (PID=26909) to work on /home/feuer/.local/lib/python3.10/site-packages/airflow/example_dags/example_skip_dag.py
[2023-05-21T19:58:14.585+0530] {processor.py:799} INFO - Processing file /home/feuer/.local/lib/python3.10/site-packages/airflow/example_dags/example_skip_dag.py for tasks to queue
[2023-05-21T19:58:14.585+0530] {logging_mixin.py:149} INFO - [2023-05-21T19:58:14.585+0530] {dagbag.py:541} INFO - Filling up the DagBag from /home/feuer/.local/lib/python3.10/site-packages/airflow/example_dags/example_skip_dag.py
[2023-05-21T19:58:14.590+0530] {processor.py:809} INFO - DAG(s) dict_keys(['example_skip_dag']) retrieved from /home/feuer/.local/lib/python3.10/site-packages/airflow/example_dags/example_skip_dag.py
[2023-05-21T19:58:14.605+0530] {logging_mixin.py:149} INFO - [2023-05-21T19:58:14.605+0530] {dag.py:2726} INFO - Sync 1 DAGs
[2023-05-21T19:58:14.619+0530] {logging_mixin.py:149} INFO - [2023-05-21T19:58:14.619+0530] {dag.py:3486} INFO - Setting next_dagrun for example_skip_dag to 2023-05-20T14:28:14.618939+00:00, run_after=2023-05-21T14:28:14.618939+00:00
[2023-05-21T19:58:14.700+0530] {processor.py:178} INFO - Processing /home/feuer/.local/lib/python3.10/site-packages/airflow/example_dags/example_skip_dag.py took 0.118 seconds
[2023-05-21T19:59:07.507+0530] {processor.py:156} INFO - Started process (PID=27081) to work on /home/feuer/.local/lib/python3.10/site-packages/airflow/example_dags/example_skip_dag.py
[2023-05-21T19:59:07.514+0530] {processor.py:799} INFO - Processing file /home/feuer/.local/lib/python3.10/site-packages/airflow/example_dags/example_skip_dag.py for tasks to queue
[2023-05-21T19:59:07.515+0530] {logging_mixin.py:149} INFO - [2023-05-21T19:59:07.515+0530] {dagbag.py:541} INFO - Filling up the DagBag from /home/feuer/.local/lib/python3.10/site-packages/airflow/example_dags/example_skip_dag.py
[2023-05-21T19:59:07.521+0530] {processor.py:809} INFO - DAG(s) dict_keys(['example_skip_dag']) retrieved from /home/feuer/.local/lib/python3.10/site-packages/airflow/example_dags/example_skip_dag.py
[2023-05-21T19:59:07.554+0530] {logging_mixin.py:149} INFO - [2023-05-21T19:59:07.554+0530] {dag.py:2726} INFO - Sync 1 DAGs
[2023-05-21T19:59:07.573+0530] {logging_mixin.py:149} INFO - [2023-05-21T19:59:07.573+0530] {dag.py:3486} INFO - Setting next_dagrun for example_skip_dag to 2023-05-20T14:29:07.573432+00:00, run_after=2023-05-21T14:29:07.573432+00:00
[2023-05-21T19:59:07.665+0530] {processor.py:178} INFO - Processing /home/feuer/.local/lib/python3.10/site-packages/airflow/example_dags/example_skip_dag.py took 0.161 seconds
[2023-05-21T20:00:07.153+0530] {processor.py:156} INFO - Started process (PID=27215) to work on /home/feuer/.local/lib/python3.10/site-packages/airflow/example_dags/example_skip_dag.py
[2023-05-21T20:00:07.154+0530] {processor.py:799} INFO - Processing file /home/feuer/.local/lib/python3.10/site-packages/airflow/example_dags/example_skip_dag.py for tasks to queue
[2023-05-21T20:00:07.154+0530] {logging_mixin.py:149} INFO - [2023-05-21T20:00:07.154+0530] {dagbag.py:541} INFO - Filling up the DagBag from /home/feuer/.local/lib/python3.10/site-packages/airflow/example_dags/example_skip_dag.py
[2023-05-21T20:00:07.161+0530] {processor.py:809} INFO - DAG(s) dict_keys(['example_skip_dag']) retrieved from /home/feuer/.local/lib/python3.10/site-packages/airflow/example_dags/example_skip_dag.py
[2023-05-21T20:00:07.183+0530] {logging_mixin.py:149} INFO - [2023-05-21T20:00:07.183+0530] {dag.py:2726} INFO - Sync 1 DAGs
[2023-05-21T20:00:07.213+0530] {logging_mixin.py:149} INFO - [2023-05-21T20:00:07.213+0530] {dag.py:3486} INFO - Setting next_dagrun for example_skip_dag to 2023-05-20T14:30:07.213415+00:00, run_after=2023-05-21T14:30:07.213415+00:00
[2023-05-21T20:00:07.289+0530] {processor.py:178} INFO - Processing /home/feuer/.local/lib/python3.10/site-packages/airflow/example_dags/example_skip_dag.py took 0.139 seconds
[2023-05-21T20:01:06.479+0530] {processor.py:156} INFO - Started process (PID=27375) to work on /home/feuer/.local/lib/python3.10/site-packages/airflow/example_dags/example_skip_dag.py
[2023-05-21T20:01:06.490+0530] {processor.py:799} INFO - Processing file /home/feuer/.local/lib/python3.10/site-packages/airflow/example_dags/example_skip_dag.py for tasks to queue
[2023-05-21T20:01:06.491+0530] {logging_mixin.py:149} INFO - [2023-05-21T20:01:06.491+0530] {dagbag.py:541} INFO - Filling up the DagBag from /home/feuer/.local/lib/python3.10/site-packages/airflow/example_dags/example_skip_dag.py
[2023-05-21T20:01:06.497+0530] {processor.py:809} INFO - DAG(s) dict_keys(['example_skip_dag']) retrieved from /home/feuer/.local/lib/python3.10/site-packages/airflow/example_dags/example_skip_dag.py
[2023-05-21T20:01:06.519+0530] {logging_mixin.py:149} INFO - [2023-05-21T20:01:06.519+0530] {dag.py:2726} INFO - Sync 1 DAGs
[2023-05-21T20:01:06.539+0530] {logging_mixin.py:149} INFO - [2023-05-21T20:01:06.539+0530] {dag.py:3486} INFO - Setting next_dagrun for example_skip_dag to 2023-05-20T14:31:06.538781+00:00, run_after=2023-05-21T14:31:06.538781+00:00
[2023-05-21T20:01:06.623+0530] {processor.py:178} INFO - Processing /home/feuer/.local/lib/python3.10/site-packages/airflow/example_dags/example_skip_dag.py took 0.146 seconds
[2023-05-21T20:02:23.978+0530] {processor.py:156} INFO - Started process (PID=27788) to work on /home/feuer/.local/lib/python3.10/site-packages/airflow/example_dags/example_skip_dag.py
[2023-05-21T20:02:23.994+0530] {processor.py:799} INFO - Processing file /home/feuer/.local/lib/python3.10/site-packages/airflow/example_dags/example_skip_dag.py for tasks to queue
[2023-05-21T20:02:23.995+0530] {logging_mixin.py:149} INFO - [2023-05-21T20:02:23.995+0530] {dagbag.py:541} INFO - Filling up the DagBag from /home/feuer/.local/lib/python3.10/site-packages/airflow/example_dags/example_skip_dag.py
[2023-05-21T20:02:24.002+0530] {processor.py:809} INFO - DAG(s) dict_keys(['example_skip_dag']) retrieved from /home/feuer/.local/lib/python3.10/site-packages/airflow/example_dags/example_skip_dag.py
[2023-05-21T20:02:24.037+0530] {logging_mixin.py:149} INFO - [2023-05-21T20:02:24.037+0530] {dag.py:2726} INFO - Sync 1 DAGs
[2023-05-21T20:02:24.058+0530] {logging_mixin.py:149} INFO - [2023-05-21T20:02:24.057+0530] {dag.py:3486} INFO - Setting next_dagrun for example_skip_dag to 2023-05-20T14:32:24.057644+00:00, run_after=2023-05-21T14:32:24.057644+00:00
[2023-05-21T20:02:24.171+0530] {processor.py:178} INFO - Processing /home/feuer/.local/lib/python3.10/site-packages/airflow/example_dags/example_skip_dag.py took 0.196 seconds
[2023-05-21T20:03:26.860+0530] {processor.py:156} INFO - Started process (PID=27972) to work on /home/feuer/.local/lib/python3.10/site-packages/airflow/example_dags/example_skip_dag.py
[2023-05-21T20:03:26.866+0530] {processor.py:799} INFO - Processing file /home/feuer/.local/lib/python3.10/site-packages/airflow/example_dags/example_skip_dag.py for tasks to queue
[2023-05-21T20:03:26.867+0530] {logging_mixin.py:149} INFO - [2023-05-21T20:03:26.867+0530] {dagbag.py:541} INFO - Filling up the DagBag from /home/feuer/.local/lib/python3.10/site-packages/airflow/example_dags/example_skip_dag.py
[2023-05-21T20:03:26.884+0530] {processor.py:809} INFO - DAG(s) dict_keys(['example_skip_dag']) retrieved from /home/feuer/.local/lib/python3.10/site-packages/airflow/example_dags/example_skip_dag.py
[2023-05-21T20:03:26.941+0530] {logging_mixin.py:149} INFO - [2023-05-21T20:03:26.941+0530] {dag.py:2726} INFO - Sync 1 DAGs
[2023-05-21T20:03:26.962+0530] {logging_mixin.py:149} INFO - [2023-05-21T20:03:26.961+0530] {dag.py:3486} INFO - Setting next_dagrun for example_skip_dag to 2023-05-20T14:33:26.961548+00:00, run_after=2023-05-21T14:33:26.961548+00:00
[2023-05-21T20:03:27.043+0530] {processor.py:178} INFO - Processing /home/feuer/.local/lib/python3.10/site-packages/airflow/example_dags/example_skip_dag.py took 0.187 seconds
[2023-05-21T20:04:27.032+0530] {processor.py:156} INFO - Started process (PID=28198) to work on /home/feuer/.local/lib/python3.10/site-packages/airflow/example_dags/example_skip_dag.py
[2023-05-21T20:04:27.033+0530] {processor.py:799} INFO - Processing file /home/feuer/.local/lib/python3.10/site-packages/airflow/example_dags/example_skip_dag.py for tasks to queue
[2023-05-21T20:04:27.034+0530] {logging_mixin.py:149} INFO - [2023-05-21T20:04:27.034+0530] {dagbag.py:541} INFO - Filling up the DagBag from /home/feuer/.local/lib/python3.10/site-packages/airflow/example_dags/example_skip_dag.py
[2023-05-21T20:04:27.041+0530] {processor.py:809} INFO - DAG(s) dict_keys(['example_skip_dag']) retrieved from /home/feuer/.local/lib/python3.10/site-packages/airflow/example_dags/example_skip_dag.py
[2023-05-21T20:04:27.064+0530] {logging_mixin.py:149} INFO - [2023-05-21T20:04:27.064+0530] {dag.py:2726} INFO - Sync 1 DAGs
[2023-05-21T20:04:27.081+0530] {logging_mixin.py:149} INFO - [2023-05-21T20:04:27.081+0530] {dag.py:3486} INFO - Setting next_dagrun for example_skip_dag to 2023-05-20T14:34:27.080878+00:00, run_after=2023-05-21T14:34:27.080878+00:00
[2023-05-21T20:04:27.155+0530] {processor.py:178} INFO - Processing /home/feuer/.local/lib/python3.10/site-packages/airflow/example_dags/example_skip_dag.py took 0.126 seconds
[2023-05-21T20:05:27.210+0530] {processor.py:156} INFO - Started process (PID=28371) to work on /home/feuer/.local/lib/python3.10/site-packages/airflow/example_dags/example_skip_dag.py
[2023-05-21T20:05:27.213+0530] {processor.py:799} INFO - Processing file /home/feuer/.local/lib/python3.10/site-packages/airflow/example_dags/example_skip_dag.py for tasks to queue
[2023-05-21T20:05:27.213+0530] {logging_mixin.py:149} INFO - [2023-05-21T20:05:27.213+0530] {dagbag.py:541} INFO - Filling up the DagBag from /home/feuer/.local/lib/python3.10/site-packages/airflow/example_dags/example_skip_dag.py
[2023-05-21T20:05:27.220+0530] {processor.py:809} INFO - DAG(s) dict_keys(['example_skip_dag']) retrieved from /home/feuer/.local/lib/python3.10/site-packages/airflow/example_dags/example_skip_dag.py
[2023-05-21T20:05:27.241+0530] {logging_mixin.py:149} INFO - [2023-05-21T20:05:27.241+0530] {dag.py:2726} INFO - Sync 1 DAGs
[2023-05-21T20:05:27.258+0530] {logging_mixin.py:149} INFO - [2023-05-21T20:05:27.258+0530] {dag.py:3486} INFO - Setting next_dagrun for example_skip_dag to 2023-05-20T14:35:27.258449+00:00, run_after=2023-05-21T14:35:27.258449+00:00
[2023-05-21T20:05:27.344+0530] {processor.py:178} INFO - Processing /home/feuer/.local/lib/python3.10/site-packages/airflow/example_dags/example_skip_dag.py took 0.137 seconds
[2023-05-21T20:06:24.444+0530] {processor.py:156} INFO - Started process (PID=28734) to work on /home/feuer/.local/lib/python3.10/site-packages/airflow/example_dags/example_skip_dag.py
[2023-05-21T20:06:24.461+0530] {processor.py:799} INFO - Processing file /home/feuer/.local/lib/python3.10/site-packages/airflow/example_dags/example_skip_dag.py for tasks to queue
[2023-05-21T20:06:24.462+0530] {logging_mixin.py:149} INFO - [2023-05-21T20:06:24.462+0530] {dagbag.py:541} INFO - Filling up the DagBag from /home/feuer/.local/lib/python3.10/site-packages/airflow/example_dags/example_skip_dag.py
[2023-05-21T20:06:24.468+0530] {processor.py:809} INFO - DAG(s) dict_keys(['example_skip_dag']) retrieved from /home/feuer/.local/lib/python3.10/site-packages/airflow/example_dags/example_skip_dag.py
[2023-05-21T20:06:24.490+0530] {logging_mixin.py:149} INFO - [2023-05-21T20:06:24.490+0530] {dag.py:2726} INFO - Sync 1 DAGs
[2023-05-21T20:06:24.510+0530] {logging_mixin.py:149} INFO - [2023-05-21T20:06:24.510+0530] {dag.py:3486} INFO - Setting next_dagrun for example_skip_dag to 2023-05-20T14:36:24.509958+00:00, run_after=2023-05-21T14:36:24.509958+00:00
[2023-05-21T20:06:24.589+0530] {processor.py:178} INFO - Processing /home/feuer/.local/lib/python3.10/site-packages/airflow/example_dags/example_skip_dag.py took 0.148 seconds
[2023-05-21T20:07:20.903+0530] {processor.py:156} INFO - Started process (PID=28900) to work on /home/feuer/.local/lib/python3.10/site-packages/airflow/example_dags/example_skip_dag.py
[2023-05-21T20:07:20.917+0530] {processor.py:799} INFO - Processing file /home/feuer/.local/lib/python3.10/site-packages/airflow/example_dags/example_skip_dag.py for tasks to queue
[2023-05-21T20:07:20.917+0530] {logging_mixin.py:149} INFO - [2023-05-21T20:07:20.917+0530] {dagbag.py:541} INFO - Filling up the DagBag from /home/feuer/.local/lib/python3.10/site-packages/airflow/example_dags/example_skip_dag.py
[2023-05-21T20:07:20.921+0530] {processor.py:809} INFO - DAG(s) dict_keys(['example_skip_dag']) retrieved from /home/feuer/.local/lib/python3.10/site-packages/airflow/example_dags/example_skip_dag.py
[2023-05-21T20:07:20.934+0530] {logging_mixin.py:149} INFO - [2023-05-21T20:07:20.934+0530] {dag.py:2726} INFO - Sync 1 DAGs
[2023-05-21T20:07:20.945+0530] {logging_mixin.py:149} INFO - [2023-05-21T20:07:20.945+0530] {dag.py:3486} INFO - Setting next_dagrun for example_skip_dag to 2023-05-20T14:37:20.944934+00:00, run_after=2023-05-21T14:37:20.944934+00:00
[2023-05-21T20:07:21.029+0530] {processor.py:178} INFO - Processing /home/feuer/.local/lib/python3.10/site-packages/airflow/example_dags/example_skip_dag.py took 0.128 seconds
[2023-05-21T20:08:15.580+0530] {processor.py:156} INFO - Started process (PID=29059) to work on /home/feuer/.local/lib/python3.10/site-packages/airflow/example_dags/example_skip_dag.py
[2023-05-21T20:08:15.581+0530] {processor.py:799} INFO - Processing file /home/feuer/.local/lib/python3.10/site-packages/airflow/example_dags/example_skip_dag.py for tasks to queue
[2023-05-21T20:08:15.582+0530] {logging_mixin.py:149} INFO - [2023-05-21T20:08:15.582+0530] {dagbag.py:541} INFO - Filling up the DagBag from /home/feuer/.local/lib/python3.10/site-packages/airflow/example_dags/example_skip_dag.py
[2023-05-21T20:08:15.589+0530] {processor.py:809} INFO - DAG(s) dict_keys(['example_skip_dag']) retrieved from /home/feuer/.local/lib/python3.10/site-packages/airflow/example_dags/example_skip_dag.py
[2023-05-21T20:08:15.606+0530] {logging_mixin.py:149} INFO - [2023-05-21T20:08:15.605+0530] {dag.py:2726} INFO - Sync 1 DAGs
[2023-05-21T20:08:15.620+0530] {logging_mixin.py:149} INFO - [2023-05-21T20:08:15.620+0530] {dag.py:3486} INFO - Setting next_dagrun for example_skip_dag to 2023-05-20T14:38:15.620629+00:00, run_after=2023-05-21T14:38:15.620629+00:00
[2023-05-21T20:08:15.695+0530] {processor.py:178} INFO - Processing /home/feuer/.local/lib/python3.10/site-packages/airflow/example_dags/example_skip_dag.py took 0.118 seconds
[2023-05-21T20:09:14.370+0530] {processor.py:156} INFO - Started process (PID=29229) to work on /home/feuer/.local/lib/python3.10/site-packages/airflow/example_dags/example_skip_dag.py
[2023-05-21T20:09:14.381+0530] {processor.py:799} INFO - Processing file /home/feuer/.local/lib/python3.10/site-packages/airflow/example_dags/example_skip_dag.py for tasks to queue
[2023-05-21T20:09:14.381+0530] {logging_mixin.py:149} INFO - [2023-05-21T20:09:14.381+0530] {dagbag.py:541} INFO - Filling up the DagBag from /home/feuer/.local/lib/python3.10/site-packages/airflow/example_dags/example_skip_dag.py
[2023-05-21T20:09:14.386+0530] {processor.py:809} INFO - DAG(s) dict_keys(['example_skip_dag']) retrieved from /home/feuer/.local/lib/python3.10/site-packages/airflow/example_dags/example_skip_dag.py
[2023-05-21T20:09:14.408+0530] {logging_mixin.py:149} INFO - [2023-05-21T20:09:14.408+0530] {dag.py:2726} INFO - Sync 1 DAGs
[2023-05-21T20:09:14.419+0530] {logging_mixin.py:149} INFO - [2023-05-21T20:09:14.419+0530] {dag.py:3486} INFO - Setting next_dagrun for example_skip_dag to 2023-05-20T14:39:14.419107+00:00, run_after=2023-05-21T14:39:14.419107+00:00
[2023-05-21T20:09:14.541+0530] {processor.py:178} INFO - Processing /home/feuer/.local/lib/python3.10/site-packages/airflow/example_dags/example_skip_dag.py took 0.173 seconds
[2023-05-21T20:10:11.863+0530] {processor.py:156} INFO - Started process (PID=29414) to work on /home/feuer/.local/lib/python3.10/site-packages/airflow/example_dags/example_skip_dag.py
[2023-05-21T20:10:11.878+0530] {processor.py:799} INFO - Processing file /home/feuer/.local/lib/python3.10/site-packages/airflow/example_dags/example_skip_dag.py for tasks to queue
[2023-05-21T20:10:11.879+0530] {logging_mixin.py:149} INFO - [2023-05-21T20:10:11.879+0530] {dagbag.py:541} INFO - Filling up the DagBag from /home/feuer/.local/lib/python3.10/site-packages/airflow/example_dags/example_skip_dag.py
[2023-05-21T20:10:11.885+0530] {processor.py:809} INFO - DAG(s) dict_keys(['example_skip_dag']) retrieved from /home/feuer/.local/lib/python3.10/site-packages/airflow/example_dags/example_skip_dag.py
[2023-05-21T20:10:11.936+0530] {logging_mixin.py:149} INFO - [2023-05-21T20:10:11.935+0530] {dag.py:2726} INFO - Sync 1 DAGs
[2023-05-21T20:10:11.955+0530] {logging_mixin.py:149} INFO - [2023-05-21T20:10:11.955+0530] {dag.py:3486} INFO - Setting next_dagrun for example_skip_dag to 2023-05-20T14:40:11.955292+00:00, run_after=2023-05-21T14:40:11.955292+00:00
[2023-05-21T20:10:12.155+0530] {processor.py:178} INFO - Processing /home/feuer/.local/lib/python3.10/site-packages/airflow/example_dags/example_skip_dag.py took 0.295 seconds
[2023-05-21T20:11:09.435+0530] {processor.py:156} INFO - Started process (PID=29545) to work on /home/feuer/.local/lib/python3.10/site-packages/airflow/example_dags/example_skip_dag.py
[2023-05-21T20:11:09.450+0530] {processor.py:799} INFO - Processing file /home/feuer/.local/lib/python3.10/site-packages/airflow/example_dags/example_skip_dag.py for tasks to queue
[2023-05-21T20:11:09.451+0530] {logging_mixin.py:149} INFO - [2023-05-21T20:11:09.451+0530] {dagbag.py:541} INFO - Filling up the DagBag from /home/feuer/.local/lib/python3.10/site-packages/airflow/example_dags/example_skip_dag.py
[2023-05-21T20:11:09.464+0530] {processor.py:809} INFO - DAG(s) dict_keys(['example_skip_dag']) retrieved from /home/feuer/.local/lib/python3.10/site-packages/airflow/example_dags/example_skip_dag.py
[2023-05-21T20:11:09.499+0530] {logging_mixin.py:149} INFO - [2023-05-21T20:11:09.499+0530] {dag.py:2726} INFO - Sync 1 DAGs
[2023-05-21T20:11:09.519+0530] {logging_mixin.py:149} INFO - [2023-05-21T20:11:09.519+0530] {dag.py:3486} INFO - Setting next_dagrun for example_skip_dag to 2023-05-20T14:41:09.519392+00:00, run_after=2023-05-21T14:41:09.519392+00:00
[2023-05-21T20:11:09.613+0530] {processor.py:178} INFO - Processing /home/feuer/.local/lib/python3.10/site-packages/airflow/example_dags/example_skip_dag.py took 0.181 seconds
[2023-05-21T20:12:07.883+0530] {processor.py:156} INFO - Started process (PID=29733) to work on /home/feuer/.local/lib/python3.10/site-packages/airflow/example_dags/example_skip_dag.py
[2023-05-21T20:12:07.889+0530] {processor.py:799} INFO - Processing file /home/feuer/.local/lib/python3.10/site-packages/airflow/example_dags/example_skip_dag.py for tasks to queue
[2023-05-21T20:12:07.889+0530] {logging_mixin.py:149} INFO - [2023-05-21T20:12:07.889+0530] {dagbag.py:541} INFO - Filling up the DagBag from /home/feuer/.local/lib/python3.10/site-packages/airflow/example_dags/example_skip_dag.py
[2023-05-21T20:12:07.896+0530] {processor.py:809} INFO - DAG(s) dict_keys(['example_skip_dag']) retrieved from /home/feuer/.local/lib/python3.10/site-packages/airflow/example_dags/example_skip_dag.py
[2023-05-21T20:12:07.918+0530] {logging_mixin.py:149} INFO - [2023-05-21T20:12:07.918+0530] {dag.py:2726} INFO - Sync 1 DAGs
[2023-05-21T20:12:07.937+0530] {logging_mixin.py:149} INFO - [2023-05-21T20:12:07.937+0530] {dag.py:3486} INFO - Setting next_dagrun for example_skip_dag to 2023-05-20T14:42:07.937557+00:00, run_after=2023-05-21T14:42:07.937557+00:00
[2023-05-21T20:12:08.022+0530] {processor.py:178} INFO - Processing /home/feuer/.local/lib/python3.10/site-packages/airflow/example_dags/example_skip_dag.py took 0.142 seconds
[2023-05-21T16:58:21.306+0530] {processor.py:156} INFO - Started process (PID=55871) to work on /home/feuer/.local/lib/python3.10/site-packages/airflow/example_dags/example_skip_dag.py
[2023-05-21T16:58:21.352+0530] {processor.py:799} INFO - Processing file /home/feuer/.local/lib/python3.10/site-packages/airflow/example_dags/example_skip_dag.py for tasks to queue
[2023-05-21T16:58:21.353+0530] {logging_mixin.py:149} INFO - [2023-05-21T16:58:21.353+0530] {dagbag.py:541} INFO - Filling up the DagBag from /home/feuer/.local/lib/python3.10/site-packages/airflow/example_dags/example_skip_dag.py
[2023-05-21T16:58:21.372+0530] {processor.py:809} INFO - DAG(s) dict_keys(['example_skip_dag']) retrieved from /home/feuer/.local/lib/python3.10/site-packages/airflow/example_dags/example_skip_dag.py
[2023-05-21T16:58:21.410+0530] {logging_mixin.py:149} INFO - [2023-05-21T16:58:21.410+0530] {dag.py:2726} INFO - Sync 1 DAGs
[2023-05-21T16:58:21.423+0530] {logging_mixin.py:149} INFO - [2023-05-21T16:58:21.423+0530] {dag.py:3486} INFO - Setting next_dagrun for example_skip_dag to 2023-05-20T11:28:21.423095+00:00, run_after=2023-05-21T11:28:21.423095+00:00
[2023-05-21T16:58:21.946+0530] {processor.py:178} INFO - Processing /home/feuer/.local/lib/python3.10/site-packages/airflow/example_dags/example_skip_dag.py took 0.641 seconds
[2023-05-21T16:59:45.139+0530] {processor.py:156} INFO - Started process (PID=56031) to work on /home/feuer/.local/lib/python3.10/site-packages/airflow/example_dags/example_skip_dag.py
[2023-05-21T16:59:45.428+0530] {processor.py:799} INFO - Processing file /home/feuer/.local/lib/python3.10/site-packages/airflow/example_dags/example_skip_dag.py for tasks to queue
[2023-05-21T16:59:45.429+0530] {logging_mixin.py:149} INFO - [2023-05-21T16:59:45.428+0530] {dagbag.py:541} INFO - Filling up the DagBag from /home/feuer/.local/lib/python3.10/site-packages/airflow/example_dags/example_skip_dag.py
[2023-05-21T16:59:45.434+0530] {processor.py:809} INFO - DAG(s) dict_keys(['example_skip_dag']) retrieved from /home/feuer/.local/lib/python3.10/site-packages/airflow/example_dags/example_skip_dag.py
[2023-05-21T16:59:45.449+0530] {logging_mixin.py:149} INFO - [2023-05-21T16:59:45.449+0530] {dag.py:2726} INFO - Sync 1 DAGs
[2023-05-21T16:59:45.460+0530] {logging_mixin.py:149} INFO - [2023-05-21T16:59:45.460+0530] {dag.py:3486} INFO - Setting next_dagrun for example_skip_dag to 2023-05-20T11:29:45.460111+00:00, run_after=2023-05-21T11:29:45.460111+00:00
[2023-05-21T16:59:45.711+0530] {processor.py:178} INFO - Processing /home/feuer/.local/lib/python3.10/site-packages/airflow/example_dags/example_skip_dag.py took 0.574 seconds
[2023-05-21T17:00:59.589+0530] {processor.py:156} INFO - Started process (PID=56278) to work on /home/feuer/.local/lib/python3.10/site-packages/airflow/example_dags/example_skip_dag.py
[2023-05-21T17:00:59.618+0530] {processor.py:799} INFO - Processing file /home/feuer/.local/lib/python3.10/site-packages/airflow/example_dags/example_skip_dag.py for tasks to queue
[2023-05-21T17:00:59.618+0530] {logging_mixin.py:149} INFO - [2023-05-21T17:00:59.618+0530] {dagbag.py:541} INFO - Filling up the DagBag from /home/feuer/.local/lib/python3.10/site-packages/airflow/example_dags/example_skip_dag.py
[2023-05-21T17:00:59.621+0530] {processor.py:809} INFO - DAG(s) dict_keys(['example_skip_dag']) retrieved from /home/feuer/.local/lib/python3.10/site-packages/airflow/example_dags/example_skip_dag.py
[2023-05-21T17:00:59.634+0530] {logging_mixin.py:149} INFO - [2023-05-21T17:00:59.634+0530] {dag.py:2726} INFO - Sync 1 DAGs
[2023-05-21T17:00:59.644+0530] {logging_mixin.py:149} INFO - [2023-05-21T17:00:59.644+0530] {dag.py:3486} INFO - Setting next_dagrun for example_skip_dag to 2023-05-20T11:30:59.644629+00:00, run_after=2023-05-21T11:30:59.644629+00:00
[2023-05-21T17:01:00.083+0530] {processor.py:178} INFO - Processing /home/feuer/.local/lib/python3.10/site-packages/airflow/example_dags/example_skip_dag.py took 0.496 seconds
[2023-05-21T17:02:35.016+0530] {processor.py:156} INFO - Started process (PID=56554) to work on /home/feuer/.local/lib/python3.10/site-packages/airflow/example_dags/example_skip_dag.py
[2023-05-21T17:02:35.025+0530] {processor.py:799} INFO - Processing file /home/feuer/.local/lib/python3.10/site-packages/airflow/example_dags/example_skip_dag.py for tasks to queue
[2023-05-21T17:02:35.026+0530] {logging_mixin.py:149} INFO - [2023-05-21T17:02:35.026+0530] {dagbag.py:541} INFO - Filling up the DagBag from /home/feuer/.local/lib/python3.10/site-packages/airflow/example_dags/example_skip_dag.py
[2023-05-21T17:02:35.032+0530] {processor.py:809} INFO - DAG(s) dict_keys(['example_skip_dag']) retrieved from /home/feuer/.local/lib/python3.10/site-packages/airflow/example_dags/example_skip_dag.py
[2023-05-21T17:02:35.053+0530] {logging_mixin.py:149} INFO - [2023-05-21T17:02:35.053+0530] {dag.py:2726} INFO - Sync 1 DAGs
[2023-05-21T17:02:35.069+0530] {logging_mixin.py:149} INFO - [2023-05-21T17:02:35.069+0530] {dag.py:3486} INFO - Setting next_dagrun for example_skip_dag to 2023-05-20T11:32:35.069628+00:00, run_after=2023-05-21T11:32:35.069628+00:00
[2023-05-21T17:02:35.173+0530] {processor.py:178} INFO - Processing /home/feuer/.local/lib/python3.10/site-packages/airflow/example_dags/example_skip_dag.py took 0.160 seconds
[2023-05-21T17:03:27.900+0530] {processor.py:156} INFO - Started process (PID=56677) to work on /home/feuer/.local/lib/python3.10/site-packages/airflow/example_dags/example_skip_dag.py
[2023-05-21T17:03:27.900+0530] {processor.py:799} INFO - Processing file /home/feuer/.local/lib/python3.10/site-packages/airflow/example_dags/example_skip_dag.py for tasks to queue
[2023-05-21T17:03:27.901+0530] {logging_mixin.py:149} INFO - [2023-05-21T17:03:27.901+0530] {dagbag.py:541} INFO - Filling up the DagBag from /home/feuer/.local/lib/python3.10/site-packages/airflow/example_dags/example_skip_dag.py
[2023-05-21T17:03:27.905+0530] {processor.py:809} INFO - DAG(s) dict_keys(['example_skip_dag']) retrieved from /home/feuer/.local/lib/python3.10/site-packages/airflow/example_dags/example_skip_dag.py
[2023-05-21T17:03:27.918+0530] {logging_mixin.py:149} INFO - [2023-05-21T17:03:27.918+0530] {dag.py:2726} INFO - Sync 1 DAGs
[2023-05-21T17:03:27.928+0530] {logging_mixin.py:149} INFO - [2023-05-21T17:03:27.928+0530] {dag.py:3486} INFO - Setting next_dagrun for example_skip_dag to 2023-05-20T11:33:27.928570+00:00, run_after=2023-05-21T11:33:27.928570+00:00
[2023-05-21T17:03:28.006+0530] {processor.py:178} INFO - Processing /home/feuer/.local/lib/python3.10/site-packages/airflow/example_dags/example_skip_dag.py took 0.108 seconds
[2023-05-21T17:04:16.014+0530] {processor.py:156} INFO - Started process (PID=56805) to work on /home/feuer/.local/lib/python3.10/site-packages/airflow/example_dags/example_skip_dag.py
[2023-05-21T17:04:16.015+0530] {processor.py:799} INFO - Processing file /home/feuer/.local/lib/python3.10/site-packages/airflow/example_dags/example_skip_dag.py for tasks to queue
[2023-05-21T17:04:16.016+0530] {logging_mixin.py:149} INFO - [2023-05-21T17:04:16.015+0530] {dagbag.py:541} INFO - Filling up the DagBag from /home/feuer/.local/lib/python3.10/site-packages/airflow/example_dags/example_skip_dag.py
[2023-05-21T17:04:16.021+0530] {processor.py:809} INFO - DAG(s) dict_keys(['example_skip_dag']) retrieved from /home/feuer/.local/lib/python3.10/site-packages/airflow/example_dags/example_skip_dag.py
[2023-05-21T17:04:16.035+0530] {logging_mixin.py:149} INFO - [2023-05-21T17:04:16.035+0530] {dag.py:2726} INFO - Sync 1 DAGs
[2023-05-21T17:04:16.045+0530] {logging_mixin.py:149} INFO - [2023-05-21T17:04:16.045+0530] {dag.py:3486} INFO - Setting next_dagrun for example_skip_dag to 2023-05-20T11:34:16.045695+00:00, run_after=2023-05-21T11:34:16.045695+00:00
[2023-05-21T17:04:16.118+0530] {processor.py:178} INFO - Processing /home/feuer/.local/lib/python3.10/site-packages/airflow/example_dags/example_skip_dag.py took 0.106 seconds
[2023-05-21T17:05:02.425+0530] {processor.py:156} INFO - Started process (PID=56919) to work on /home/feuer/.local/lib/python3.10/site-packages/airflow/example_dags/example_skip_dag.py
[2023-05-21T17:05:02.426+0530] {processor.py:799} INFO - Processing file /home/feuer/.local/lib/python3.10/site-packages/airflow/example_dags/example_skip_dag.py for tasks to queue
[2023-05-21T17:05:02.426+0530] {logging_mixin.py:149} INFO - [2023-05-21T17:05:02.426+0530] {dagbag.py:541} INFO - Filling up the DagBag from /home/feuer/.local/lib/python3.10/site-packages/airflow/example_dags/example_skip_dag.py
[2023-05-21T17:05:02.430+0530] {processor.py:809} INFO - DAG(s) dict_keys(['example_skip_dag']) retrieved from /home/feuer/.local/lib/python3.10/site-packages/airflow/example_dags/example_skip_dag.py
[2023-05-21T17:05:02.443+0530] {logging_mixin.py:149} INFO - [2023-05-21T17:05:02.442+0530] {dag.py:2726} INFO - Sync 1 DAGs
[2023-05-21T17:05:02.453+0530] {logging_mixin.py:149} INFO - [2023-05-21T17:05:02.453+0530] {dag.py:3486} INFO - Setting next_dagrun for example_skip_dag to 2023-05-20T11:35:02.453285+00:00, run_after=2023-05-21T11:35:02.453285+00:00
[2023-05-21T17:05:02.532+0530] {processor.py:178} INFO - Processing /home/feuer/.local/lib/python3.10/site-packages/airflow/example_dags/example_skip_dag.py took 0.109 seconds
[2023-05-21T17:05:47.188+0530] {processor.py:156} INFO - Started process (PID=57023) to work on /home/feuer/.local/lib/python3.10/site-packages/airflow/example_dags/example_skip_dag.py
[2023-05-21T17:05:47.189+0530] {processor.py:799} INFO - Processing file /home/feuer/.local/lib/python3.10/site-packages/airflow/example_dags/example_skip_dag.py for tasks to queue
[2023-05-21T17:05:47.189+0530] {logging_mixin.py:149} INFO - [2023-05-21T17:05:47.189+0530] {dagbag.py:541} INFO - Filling up the DagBag from /home/feuer/.local/lib/python3.10/site-packages/airflow/example_dags/example_skip_dag.py
[2023-05-21T17:05:47.196+0530] {processor.py:809} INFO - DAG(s) dict_keys(['example_skip_dag']) retrieved from /home/feuer/.local/lib/python3.10/site-packages/airflow/example_dags/example_skip_dag.py
[2023-05-21T17:05:47.217+0530] {logging_mixin.py:149} INFO - [2023-05-21T17:05:47.217+0530] {dag.py:2726} INFO - Sync 1 DAGs
[2023-05-21T17:05:47.234+0530] {logging_mixin.py:149} INFO - [2023-05-21T17:05:47.234+0530] {dag.py:3486} INFO - Setting next_dagrun for example_skip_dag to 2023-05-20T11:35:47.234542+00:00, run_after=2023-05-21T11:35:47.234542+00:00
[2023-05-21T17:05:47.312+0530] {processor.py:178} INFO - Processing /home/feuer/.local/lib/python3.10/site-packages/airflow/example_dags/example_skip_dag.py took 0.127 seconds
[2023-05-21T17:06:33.798+0530] {processor.py:156} INFO - Started process (PID=57128) to work on /home/feuer/.local/lib/python3.10/site-packages/airflow/example_dags/example_skip_dag.py
[2023-05-21T17:06:33.801+0530] {processor.py:799} INFO - Processing file /home/feuer/.local/lib/python3.10/site-packages/airflow/example_dags/example_skip_dag.py for tasks to queue
[2023-05-21T17:06:33.802+0530] {logging_mixin.py:149} INFO - [2023-05-21T17:06:33.801+0530] {dagbag.py:541} INFO - Filling up the DagBag from /home/feuer/.local/lib/python3.10/site-packages/airflow/example_dags/example_skip_dag.py
[2023-05-21T17:06:33.808+0530] {processor.py:809} INFO - DAG(s) dict_keys(['example_skip_dag']) retrieved from /home/feuer/.local/lib/python3.10/site-packages/airflow/example_dags/example_skip_dag.py
[2023-05-21T17:06:33.829+0530] {logging_mixin.py:149} INFO - [2023-05-21T17:06:33.829+0530] {dag.py:2726} INFO - Sync 1 DAGs
[2023-05-21T17:06:33.847+0530] {logging_mixin.py:149} INFO - [2023-05-21T17:06:33.847+0530] {dag.py:3486} INFO - Setting next_dagrun for example_skip_dag to 2023-05-20T11:36:33.847604+00:00, run_after=2023-05-21T11:36:33.847604+00:00
[2023-05-21T17:06:34.039+0530] {processor.py:178} INFO - Processing /home/feuer/.local/lib/python3.10/site-packages/airflow/example_dags/example_skip_dag.py took 0.244 seconds
[2023-05-21T17:07:33.676+0530] {processor.py:156} INFO - Started process (PID=57299) to work on /home/feuer/.local/lib/python3.10/site-packages/airflow/example_dags/example_skip_dag.py
[2023-05-21T17:07:33.683+0530] {processor.py:799} INFO - Processing file /home/feuer/.local/lib/python3.10/site-packages/airflow/example_dags/example_skip_dag.py for tasks to queue
[2023-05-21T17:07:33.683+0530] {logging_mixin.py:149} INFO - [2023-05-21T17:07:33.683+0530] {dagbag.py:541} INFO - Filling up the DagBag from /home/feuer/.local/lib/python3.10/site-packages/airflow/example_dags/example_skip_dag.py
[2023-05-21T17:07:33.686+0530] {processor.py:809} INFO - DAG(s) dict_keys(['example_skip_dag']) retrieved from /home/feuer/.local/lib/python3.10/site-packages/airflow/example_dags/example_skip_dag.py
[2023-05-21T17:07:33.699+0530] {logging_mixin.py:149} INFO - [2023-05-21T17:07:33.699+0530] {dag.py:2726} INFO - Sync 1 DAGs
[2023-05-21T17:07:33.709+0530] {logging_mixin.py:149} INFO - [2023-05-21T17:07:33.709+0530] {dag.py:3486} INFO - Setting next_dagrun for example_skip_dag to 2023-05-20T11:37:33.709597+00:00, run_after=2023-05-21T11:37:33.709597+00:00
[2023-05-21T17:07:33.786+0530] {processor.py:178} INFO - Processing /home/feuer/.local/lib/python3.10/site-packages/airflow/example_dags/example_skip_dag.py took 0.112 seconds
[2023-05-21T17:08:17.993+0530] {processor.py:156} INFO - Started process (PID=57414) to work on /home/feuer/.local/lib/python3.10/site-packages/airflow/example_dags/example_skip_dag.py
[2023-05-21T17:08:18.005+0530] {processor.py:799} INFO - Processing file /home/feuer/.local/lib/python3.10/site-packages/airflow/example_dags/example_skip_dag.py for tasks to queue
[2023-05-21T17:08:18.005+0530] {logging_mixin.py:149} INFO - [2023-05-21T17:08:18.005+0530] {dagbag.py:541} INFO - Filling up the DagBag from /home/feuer/.local/lib/python3.10/site-packages/airflow/example_dags/example_skip_dag.py
[2023-05-21T17:08:18.008+0530] {processor.py:809} INFO - DAG(s) dict_keys(['example_skip_dag']) retrieved from /home/feuer/.local/lib/python3.10/site-packages/airflow/example_dags/example_skip_dag.py
[2023-05-21T17:08:18.021+0530] {logging_mixin.py:149} INFO - [2023-05-21T17:08:18.021+0530] {dag.py:2726} INFO - Sync 1 DAGs
[2023-05-21T17:08:18.031+0530] {logging_mixin.py:149} INFO - [2023-05-21T17:08:18.031+0530] {dag.py:3486} INFO - Setting next_dagrun for example_skip_dag to 2023-05-20T11:38:18.031511+00:00, run_after=2023-05-21T11:38:18.031511+00:00
[2023-05-21T17:08:18.132+0530] {processor.py:178} INFO - Processing /home/feuer/.local/lib/python3.10/site-packages/airflow/example_dags/example_skip_dag.py took 0.142 seconds
[2023-05-21T17:09:04.866+0530] {processor.py:156} INFO - Started process (PID=57559) to work on /home/feuer/.local/lib/python3.10/site-packages/airflow/example_dags/example_skip_dag.py
[2023-05-21T17:09:04.876+0530] {processor.py:799} INFO - Processing file /home/feuer/.local/lib/python3.10/site-packages/airflow/example_dags/example_skip_dag.py for tasks to queue
[2023-05-21T17:09:04.877+0530] {logging_mixin.py:149} INFO - [2023-05-21T17:09:04.877+0530] {dagbag.py:541} INFO - Filling up the DagBag from /home/feuer/.local/lib/python3.10/site-packages/airflow/example_dags/example_skip_dag.py
[2023-05-21T17:09:04.882+0530] {processor.py:809} INFO - DAG(s) dict_keys(['example_skip_dag']) retrieved from /home/feuer/.local/lib/python3.10/site-packages/airflow/example_dags/example_skip_dag.py
[2023-05-21T17:09:04.903+0530] {logging_mixin.py:149} INFO - [2023-05-21T17:09:04.903+0530] {dag.py:2726} INFO - Sync 1 DAGs
[2023-05-21T17:09:04.916+0530] {logging_mixin.py:149} INFO - [2023-05-21T17:09:04.916+0530] {dag.py:3486} INFO - Setting next_dagrun for example_skip_dag to 2023-05-20T11:39:04.916146+00:00, run_after=2023-05-21T11:39:04.916146+00:00
[2023-05-21T17:09:04.997+0530] {processor.py:178} INFO - Processing /home/feuer/.local/lib/python3.10/site-packages/airflow/example_dags/example_skip_dag.py took 0.133 seconds
[2023-05-21T17:09:49.769+0530] {processor.py:156} INFO - Started process (PID=57673) to work on /home/feuer/.local/lib/python3.10/site-packages/airflow/example_dags/example_skip_dag.py
[2023-05-21T17:09:49.770+0530] {processor.py:799} INFO - Processing file /home/feuer/.local/lib/python3.10/site-packages/airflow/example_dags/example_skip_dag.py for tasks to queue
[2023-05-21T17:09:49.771+0530] {logging_mixin.py:149} INFO - [2023-05-21T17:09:49.770+0530] {dagbag.py:541} INFO - Filling up the DagBag from /home/feuer/.local/lib/python3.10/site-packages/airflow/example_dags/example_skip_dag.py
[2023-05-21T17:09:49.775+0530] {processor.py:809} INFO - DAG(s) dict_keys(['example_skip_dag']) retrieved from /home/feuer/.local/lib/python3.10/site-packages/airflow/example_dags/example_skip_dag.py
[2023-05-21T17:09:49.788+0530] {logging_mixin.py:149} INFO - [2023-05-21T17:09:49.788+0530] {dag.py:2726} INFO - Sync 1 DAGs
[2023-05-21T17:09:49.801+0530] {logging_mixin.py:149} INFO - [2023-05-21T17:09:49.801+0530] {dag.py:3486} INFO - Setting next_dagrun for example_skip_dag to 2023-05-20T11:39:49.801138+00:00, run_after=2023-05-21T11:39:49.801138+00:00
[2023-05-21T17:09:49.869+0530] {processor.py:178} INFO - Processing /home/feuer/.local/lib/python3.10/site-packages/airflow/example_dags/example_skip_dag.py took 0.101 seconds
[2023-05-21T17:10:34.890+0530] {processor.py:156} INFO - Started process (PID=57776) to work on /home/feuer/.local/lib/python3.10/site-packages/airflow/example_dags/example_skip_dag.py
[2023-05-21T17:10:34.890+0530] {processor.py:799} INFO - Processing file /home/feuer/.local/lib/python3.10/site-packages/airflow/example_dags/example_skip_dag.py for tasks to queue
[2023-05-21T17:10:34.891+0530] {logging_mixin.py:149} INFO - [2023-05-21T17:10:34.891+0530] {dagbag.py:541} INFO - Filling up the DagBag from /home/feuer/.local/lib/python3.10/site-packages/airflow/example_dags/example_skip_dag.py
[2023-05-21T17:10:34.894+0530] {processor.py:809} INFO - DAG(s) dict_keys(['example_skip_dag']) retrieved from /home/feuer/.local/lib/python3.10/site-packages/airflow/example_dags/example_skip_dag.py
[2023-05-21T17:10:34.908+0530] {logging_mixin.py:149} INFO - [2023-05-21T17:10:34.907+0530] {dag.py:2726} INFO - Sync 1 DAGs
[2023-05-21T17:10:34.918+0530] {logging_mixin.py:149} INFO - [2023-05-21T17:10:34.918+0530] {dag.py:3486} INFO - Setting next_dagrun for example_skip_dag to 2023-05-20T11:40:34.918604+00:00, run_after=2023-05-21T11:40:34.918604+00:00
[2023-05-21T17:10:35.005+0530] {processor.py:178} INFO - Processing /home/feuer/.local/lib/python3.10/site-packages/airflow/example_dags/example_skip_dag.py took 0.117 seconds
[2023-05-21T17:11:22.358+0530] {processor.py:156} INFO - Started process (PID=57886) to work on /home/feuer/.local/lib/python3.10/site-packages/airflow/example_dags/example_skip_dag.py
[2023-05-21T17:11:22.359+0530] {processor.py:799} INFO - Processing file /home/feuer/.local/lib/python3.10/site-packages/airflow/example_dags/example_skip_dag.py for tasks to queue
[2023-05-21T17:11:22.359+0530] {logging_mixin.py:149} INFO - [2023-05-21T17:11:22.359+0530] {dagbag.py:541} INFO - Filling up the DagBag from /home/feuer/.local/lib/python3.10/site-packages/airflow/example_dags/example_skip_dag.py
[2023-05-21T17:11:22.364+0530] {processor.py:809} INFO - DAG(s) dict_keys(['example_skip_dag']) retrieved from /home/feuer/.local/lib/python3.10/site-packages/airflow/example_dags/example_skip_dag.py
[2023-05-21T17:11:22.379+0530] {logging_mixin.py:149} INFO - [2023-05-21T17:11:22.379+0530] {dag.py:2726} INFO - Sync 1 DAGs
[2023-05-21T17:11:22.390+0530] {logging_mixin.py:149} INFO - [2023-05-21T17:11:22.390+0530] {dag.py:3486} INFO - Setting next_dagrun for example_skip_dag to 2023-05-20T11:41:22.390385+00:00, run_after=2023-05-21T11:41:22.390385+00:00
[2023-05-21T17:11:22.479+0530] {processor.py:178} INFO - Processing /home/feuer/.local/lib/python3.10/site-packages/airflow/example_dags/example_skip_dag.py took 0.124 seconds
[2023-05-21T17:12:10.151+0530] {processor.py:156} INFO - Started process (PID=58003) to work on /home/feuer/.local/lib/python3.10/site-packages/airflow/example_dags/example_skip_dag.py
[2023-05-21T17:12:10.162+0530] {processor.py:799} INFO - Processing file /home/feuer/.local/lib/python3.10/site-packages/airflow/example_dags/example_skip_dag.py for tasks to queue
[2023-05-21T17:12:10.162+0530] {logging_mixin.py:149} INFO - [2023-05-21T17:12:10.162+0530] {dagbag.py:541} INFO - Filling up the DagBag from /home/feuer/.local/lib/python3.10/site-packages/airflow/example_dags/example_skip_dag.py
[2023-05-21T17:12:10.165+0530] {processor.py:809} INFO - DAG(s) dict_keys(['example_skip_dag']) retrieved from /home/feuer/.local/lib/python3.10/site-packages/airflow/example_dags/example_skip_dag.py
[2023-05-21T17:12:10.178+0530] {logging_mixin.py:149} INFO - [2023-05-21T17:12:10.178+0530] {dag.py:2726} INFO - Sync 1 DAGs
[2023-05-21T17:12:10.188+0530] {logging_mixin.py:149} INFO - [2023-05-21T17:12:10.188+0530] {dag.py:3486} INFO - Setting next_dagrun for example_skip_dag to 2023-05-20T11:42:10.188557+00:00, run_after=2023-05-21T11:42:10.188557+00:00
[2023-05-21T17:12:10.266+0530] {processor.py:178} INFO - Processing /home/feuer/.local/lib/python3.10/site-packages/airflow/example_dags/example_skip_dag.py took 0.117 seconds
[2023-05-21T17:12:54.750+0530] {processor.py:156} INFO - Started process (PID=58113) to work on /home/feuer/.local/lib/python3.10/site-packages/airflow/example_dags/example_skip_dag.py
[2023-05-21T17:12:54.759+0530] {processor.py:799} INFO - Processing file /home/feuer/.local/lib/python3.10/site-packages/airflow/example_dags/example_skip_dag.py for tasks to queue
[2023-05-21T17:12:54.759+0530] {logging_mixin.py:149} INFO - [2023-05-21T17:12:54.759+0530] {dagbag.py:541} INFO - Filling up the DagBag from /home/feuer/.local/lib/python3.10/site-packages/airflow/example_dags/example_skip_dag.py
[2023-05-21T17:12:54.762+0530] {processor.py:809} INFO - DAG(s) dict_keys(['example_skip_dag']) retrieved from /home/feuer/.local/lib/python3.10/site-packages/airflow/example_dags/example_skip_dag.py
[2023-05-21T17:12:54.775+0530] {logging_mixin.py:149} INFO - [2023-05-21T17:12:54.775+0530] {dag.py:2726} INFO - Sync 1 DAGs
[2023-05-21T17:12:54.785+0530] {logging_mixin.py:149} INFO - [2023-05-21T17:12:54.785+0530] {dag.py:3486} INFO - Setting next_dagrun for example_skip_dag to 2023-05-20T11:42:54.785646+00:00, run_after=2023-05-21T11:42:54.785646+00:00
[2023-05-21T17:12:54.873+0530] {processor.py:178} INFO - Processing /home/feuer/.local/lib/python3.10/site-packages/airflow/example_dags/example_skip_dag.py took 0.125 seconds
[2023-05-21T17:13:38.261+0530] {processor.py:156} INFO - Started process (PID=58228) to work on /home/feuer/.local/lib/python3.10/site-packages/airflow/example_dags/example_skip_dag.py
[2023-05-21T17:13:38.262+0530] {processor.py:799} INFO - Processing file /home/feuer/.local/lib/python3.10/site-packages/airflow/example_dags/example_skip_dag.py for tasks to queue
[2023-05-21T17:13:38.262+0530] {logging_mixin.py:149} INFO - [2023-05-21T17:13:38.262+0530] {dagbag.py:541} INFO - Filling up the DagBag from /home/feuer/.local/lib/python3.10/site-packages/airflow/example_dags/example_skip_dag.py
[2023-05-21T17:13:38.265+0530] {processor.py:809} INFO - DAG(s) dict_keys(['example_skip_dag']) retrieved from /home/feuer/.local/lib/python3.10/site-packages/airflow/example_dags/example_skip_dag.py
[2023-05-21T17:13:38.279+0530] {logging_mixin.py:149} INFO - [2023-05-21T17:13:38.279+0530] {dag.py:2726} INFO - Sync 1 DAGs
[2023-05-21T17:13:38.290+0530] {logging_mixin.py:149} INFO - [2023-05-21T17:13:38.290+0530] {dag.py:3486} INFO - Setting next_dagrun for example_skip_dag to 2023-05-20T11:43:38.290609+00:00, run_after=2023-05-21T11:43:38.290609+00:00
[2023-05-21T17:13:38.375+0530] {processor.py:178} INFO - Processing /home/feuer/.local/lib/python3.10/site-packages/airflow/example_dags/example_skip_dag.py took 0.115 seconds
[2023-05-21T17:14:25.140+0530] {processor.py:156} INFO - Started process (PID=58344) to work on /home/feuer/.local/lib/python3.10/site-packages/airflow/example_dags/example_skip_dag.py
[2023-05-21T17:14:25.140+0530] {processor.py:799} INFO - Processing file /home/feuer/.local/lib/python3.10/site-packages/airflow/example_dags/example_skip_dag.py for tasks to queue
[2023-05-21T17:14:25.141+0530] {logging_mixin.py:149} INFO - [2023-05-21T17:14:25.141+0530] {dagbag.py:541} INFO - Filling up the DagBag from /home/feuer/.local/lib/python3.10/site-packages/airflow/example_dags/example_skip_dag.py
[2023-05-21T17:14:25.145+0530] {processor.py:809} INFO - DAG(s) dict_keys(['example_skip_dag']) retrieved from /home/feuer/.local/lib/python3.10/site-packages/airflow/example_dags/example_skip_dag.py
[2023-05-21T17:14:25.159+0530] {logging_mixin.py:149} INFO - [2023-05-21T17:14:25.159+0530] {dag.py:2726} INFO - Sync 1 DAGs
[2023-05-21T17:14:25.170+0530] {logging_mixin.py:149} INFO - [2023-05-21T17:14:25.170+0530] {dag.py:3486} INFO - Setting next_dagrun for example_skip_dag to 2023-05-20T11:44:25.169939+00:00, run_after=2023-05-21T11:44:25.169939+00:00
[2023-05-21T17:14:25.266+0530] {processor.py:178} INFO - Processing /home/feuer/.local/lib/python3.10/site-packages/airflow/example_dags/example_skip_dag.py took 0.128 seconds
[2023-05-21T17:15:14.387+0530] {processor.py:156} INFO - Started process (PID=58469) to work on /home/feuer/.local/lib/python3.10/site-packages/airflow/example_dags/example_skip_dag.py
[2023-05-21T17:15:14.388+0530] {processor.py:799} INFO - Processing file /home/feuer/.local/lib/python3.10/site-packages/airflow/example_dags/example_skip_dag.py for tasks to queue
[2023-05-21T17:15:14.389+0530] {logging_mixin.py:149} INFO - [2023-05-21T17:15:14.389+0530] {dagbag.py:541} INFO - Filling up the DagBag from /home/feuer/.local/lib/python3.10/site-packages/airflow/example_dags/example_skip_dag.py
[2023-05-21T17:15:14.395+0530] {processor.py:809} INFO - DAG(s) dict_keys(['example_skip_dag']) retrieved from /home/feuer/.local/lib/python3.10/site-packages/airflow/example_dags/example_skip_dag.py
[2023-05-21T17:15:14.416+0530] {logging_mixin.py:149} INFO - [2023-05-21T17:15:14.416+0530] {dag.py:2726} INFO - Sync 1 DAGs
[2023-05-21T17:15:14.433+0530] {logging_mixin.py:149} INFO - [2023-05-21T17:15:14.433+0530] {dag.py:3486} INFO - Setting next_dagrun for example_skip_dag to 2023-05-20T11:45:14.433627+00:00, run_after=2023-05-21T11:45:14.433627+00:00
[2023-05-21T17:15:14.514+0530] {processor.py:178} INFO - Processing /home/feuer/.local/lib/python3.10/site-packages/airflow/example_dags/example_skip_dag.py took 0.129 seconds
[2023-05-21T17:16:00.739+0530] {processor.py:156} INFO - Started process (PID=58576) to work on /home/feuer/.local/lib/python3.10/site-packages/airflow/example_dags/example_skip_dag.py
[2023-05-21T17:16:00.740+0530] {processor.py:799} INFO - Processing file /home/feuer/.local/lib/python3.10/site-packages/airflow/example_dags/example_skip_dag.py for tasks to queue
[2023-05-21T17:16:00.740+0530] {logging_mixin.py:149} INFO - [2023-05-21T17:16:00.740+0530] {dagbag.py:541} INFO - Filling up the DagBag from /home/feuer/.local/lib/python3.10/site-packages/airflow/example_dags/example_skip_dag.py
[2023-05-21T17:16:00.746+0530] {processor.py:809} INFO - DAG(s) dict_keys(['example_skip_dag']) retrieved from /home/feuer/.local/lib/python3.10/site-packages/airflow/example_dags/example_skip_dag.py
[2023-05-21T17:16:00.766+0530] {logging_mixin.py:149} INFO - [2023-05-21T17:16:00.765+0530] {dag.py:2726} INFO - Sync 1 DAGs
[2023-05-21T17:16:00.776+0530] {logging_mixin.py:149} INFO - [2023-05-21T17:16:00.776+0530] {dag.py:3486} INFO - Setting next_dagrun for example_skip_dag to 2023-05-20T11:46:00.776360+00:00, run_after=2023-05-21T11:46:00.776360+00:00
[2023-05-21T17:16:00.864+0530] {processor.py:178} INFO - Processing /home/feuer/.local/lib/python3.10/site-packages/airflow/example_dags/example_skip_dag.py took 0.128 seconds
[2023-05-21T17:16:47.128+0530] {processor.py:156} INFO - Started process (PID=58681) to work on /home/feuer/.local/lib/python3.10/site-packages/airflow/example_dags/example_skip_dag.py
[2023-05-21T17:16:47.129+0530] {processor.py:799} INFO - Processing file /home/feuer/.local/lib/python3.10/site-packages/airflow/example_dags/example_skip_dag.py for tasks to queue
[2023-05-21T17:16:47.129+0530] {logging_mixin.py:149} INFO - [2023-05-21T17:16:47.129+0530] {dagbag.py:541} INFO - Filling up the DagBag from /home/feuer/.local/lib/python3.10/site-packages/airflow/example_dags/example_skip_dag.py
[2023-05-21T17:16:47.135+0530] {processor.py:809} INFO - DAG(s) dict_keys(['example_skip_dag']) retrieved from /home/feuer/.local/lib/python3.10/site-packages/airflow/example_dags/example_skip_dag.py
[2023-05-21T17:16:47.156+0530] {logging_mixin.py:149} INFO - [2023-05-21T17:16:47.155+0530] {dag.py:2726} INFO - Sync 1 DAGs
[2023-05-21T17:16:47.173+0530] {logging_mixin.py:149} INFO - [2023-05-21T17:16:47.172+0530] {dag.py:3486} INFO - Setting next_dagrun for example_skip_dag to 2023-05-20T11:46:47.172817+00:00, run_after=2023-05-21T11:46:47.172817+00:00
[2023-05-21T17:16:47.266+0530] {processor.py:178} INFO - Processing /home/feuer/.local/lib/python3.10/site-packages/airflow/example_dags/example_skip_dag.py took 0.141 seconds
[2023-05-21T17:17:35.293+0530] {processor.py:156} INFO - Started process (PID=58795) to work on /home/feuer/.local/lib/python3.10/site-packages/airflow/example_dags/example_skip_dag.py
[2023-05-21T17:17:35.294+0530] {processor.py:799} INFO - Processing file /home/feuer/.local/lib/python3.10/site-packages/airflow/example_dags/example_skip_dag.py for tasks to queue
[2023-05-21T17:17:35.295+0530] {logging_mixin.py:149} INFO - [2023-05-21T17:17:35.295+0530] {dagbag.py:541} INFO - Filling up the DagBag from /home/feuer/.local/lib/python3.10/site-packages/airflow/example_dags/example_skip_dag.py
[2023-05-21T17:17:35.300+0530] {processor.py:809} INFO - DAG(s) dict_keys(['example_skip_dag']) retrieved from /home/feuer/.local/lib/python3.10/site-packages/airflow/example_dags/example_skip_dag.py
[2023-05-21T17:17:35.321+0530] {logging_mixin.py:149} INFO - [2023-05-21T17:17:35.321+0530] {dag.py:2726} INFO - Sync 1 DAGs
[2023-05-21T17:17:35.338+0530] {logging_mixin.py:149} INFO - [2023-05-21T17:17:35.338+0530] {dag.py:3486} INFO - Setting next_dagrun for example_skip_dag to 2023-05-20T11:47:35.338573+00:00, run_after=2023-05-21T11:47:35.338573+00:00
[2023-05-21T17:17:35.419+0530] {processor.py:178} INFO - Processing /home/feuer/.local/lib/python3.10/site-packages/airflow/example_dags/example_skip_dag.py took 0.128 seconds
[2023-05-21T17:18:21.194+0530] {processor.py:156} INFO - Started process (PID=58911) to work on /home/feuer/.local/lib/python3.10/site-packages/airflow/example_dags/example_skip_dag.py
[2023-05-21T17:18:21.195+0530] {processor.py:799} INFO - Processing file /home/feuer/.local/lib/python3.10/site-packages/airflow/example_dags/example_skip_dag.py for tasks to queue
[2023-05-21T17:18:21.196+0530] {logging_mixin.py:149} INFO - [2023-05-21T17:18:21.195+0530] {dagbag.py:541} INFO - Filling up the DagBag from /home/feuer/.local/lib/python3.10/site-packages/airflow/example_dags/example_skip_dag.py
[2023-05-21T17:18:21.201+0530] {processor.py:809} INFO - DAG(s) dict_keys(['example_skip_dag']) retrieved from /home/feuer/.local/lib/python3.10/site-packages/airflow/example_dags/example_skip_dag.py
[2023-05-21T17:18:21.222+0530] {logging_mixin.py:149} INFO - [2023-05-21T17:18:21.222+0530] {dag.py:2726} INFO - Sync 1 DAGs
[2023-05-21T17:18:21.239+0530] {logging_mixin.py:149} INFO - [2023-05-21T17:18:21.239+0530] {dag.py:3486} INFO - Setting next_dagrun for example_skip_dag to 2023-05-20T11:48:21.239408+00:00, run_after=2023-05-21T11:48:21.239408+00:00
[2023-05-21T17:18:21.310+0530] {processor.py:178} INFO - Processing /home/feuer/.local/lib/python3.10/site-packages/airflow/example_dags/example_skip_dag.py took 0.119 seconds
[2023-05-21T17:19:06.992+0530] {processor.py:156} INFO - Started process (PID=59018) to work on /home/feuer/.local/lib/python3.10/site-packages/airflow/example_dags/example_skip_dag.py
[2023-05-21T17:19:06.997+0530] {processor.py:799} INFO - Processing file /home/feuer/.local/lib/python3.10/site-packages/airflow/example_dags/example_skip_dag.py for tasks to queue
[2023-05-21T17:19:06.998+0530] {logging_mixin.py:149} INFO - [2023-05-21T17:19:06.998+0530] {dagbag.py:541} INFO - Filling up the DagBag from /home/feuer/.local/lib/python3.10/site-packages/airflow/example_dags/example_skip_dag.py
[2023-05-21T17:19:07.003+0530] {processor.py:809} INFO - DAG(s) dict_keys(['example_skip_dag']) retrieved from /home/feuer/.local/lib/python3.10/site-packages/airflow/example_dags/example_skip_dag.py
[2023-05-21T17:19:07.024+0530] {logging_mixin.py:149} INFO - [2023-05-21T17:19:07.024+0530] {dag.py:2726} INFO - Sync 1 DAGs
[2023-05-21T17:19:07.042+0530] {logging_mixin.py:149} INFO - [2023-05-21T17:19:07.042+0530] {dag.py:3486} INFO - Setting next_dagrun for example_skip_dag to 2023-05-20T11:49:07.042588+00:00, run_after=2023-05-21T11:49:07.042588+00:00
[2023-05-21T17:19:07.138+0530] {processor.py:178} INFO - Processing /home/feuer/.local/lib/python3.10/site-packages/airflow/example_dags/example_skip_dag.py took 0.149 seconds
[2023-05-21T17:19:52.434+0530] {processor.py:156} INFO - Started process (PID=59136) to work on /home/feuer/.local/lib/python3.10/site-packages/airflow/example_dags/example_skip_dag.py
[2023-05-21T17:19:52.434+0530] {processor.py:799} INFO - Processing file /home/feuer/.local/lib/python3.10/site-packages/airflow/example_dags/example_skip_dag.py for tasks to queue
[2023-05-21T17:19:52.435+0530] {logging_mixin.py:149} INFO - [2023-05-21T17:19:52.435+0530] {dagbag.py:541} INFO - Filling up the DagBag from /home/feuer/.local/lib/python3.10/site-packages/airflow/example_dags/example_skip_dag.py
[2023-05-21T17:19:52.441+0530] {processor.py:809} INFO - DAG(s) dict_keys(['example_skip_dag']) retrieved from /home/feuer/.local/lib/python3.10/site-packages/airflow/example_dags/example_skip_dag.py
[2023-05-21T17:19:52.462+0530] {logging_mixin.py:149} INFO - [2023-05-21T17:19:52.461+0530] {dag.py:2726} INFO - Sync 1 DAGs
[2023-05-21T17:19:52.479+0530] {logging_mixin.py:149} INFO - [2023-05-21T17:19:52.479+0530] {dag.py:3486} INFO - Setting next_dagrun for example_skip_dag to 2023-05-20T11:49:52.479060+00:00, run_after=2023-05-21T11:49:52.479060+00:00
[2023-05-21T17:19:52.563+0530] {processor.py:178} INFO - Processing /home/feuer/.local/lib/python3.10/site-packages/airflow/example_dags/example_skip_dag.py took 0.132 seconds
[2023-05-21T17:20:42.884+0530] {processor.py:156} INFO - Started process (PID=59343) to work on /home/feuer/.local/lib/python3.10/site-packages/airflow/example_dags/example_skip_dag.py
[2023-05-21T17:20:42.983+0530] {processor.py:799} INFO - Processing file /home/feuer/.local/lib/python3.10/site-packages/airflow/example_dags/example_skip_dag.py for tasks to queue
[2023-05-21T17:20:42.983+0530] {logging_mixin.py:149} INFO - [2023-05-21T17:20:42.983+0530] {dagbag.py:541} INFO - Filling up the DagBag from /home/feuer/.local/lib/python3.10/site-packages/airflow/example_dags/example_skip_dag.py
[2023-05-21T17:20:42.987+0530] {processor.py:809} INFO - DAG(s) dict_keys(['example_skip_dag']) retrieved from /home/feuer/.local/lib/python3.10/site-packages/airflow/example_dags/example_skip_dag.py
[2023-05-21T17:20:43.003+0530] {logging_mixin.py:149} INFO - [2023-05-21T17:20:43.003+0530] {dag.py:2726} INFO - Sync 1 DAGs
[2023-05-21T17:20:43.017+0530] {logging_mixin.py:149} INFO - [2023-05-21T17:20:43.017+0530] {dag.py:3486} INFO - Setting next_dagrun for example_skip_dag to 2023-05-20T11:50:43.017466+00:00, run_after=2023-05-21T11:50:43.017466+00:00
[2023-05-21T17:20:43.405+0530] {processor.py:178} INFO - Processing /home/feuer/.local/lib/python3.10/site-packages/airflow/example_dags/example_skip_dag.py took 0.524 seconds
[2023-05-21T17:22:44.852+0530] {processor.py:156} INFO - Started process (PID=59717) to work on /home/feuer/.local/lib/python3.10/site-packages/airflow/example_dags/example_skip_dag.py
[2023-05-21T17:22:44.859+0530] {processor.py:799} INFO - Processing file /home/feuer/.local/lib/python3.10/site-packages/airflow/example_dags/example_skip_dag.py for tasks to queue
[2023-05-21T17:22:44.859+0530] {logging_mixin.py:149} INFO - [2023-05-21T17:22:44.859+0530] {dagbag.py:541} INFO - Filling up the DagBag from /home/feuer/.local/lib/python3.10/site-packages/airflow/example_dags/example_skip_dag.py
[2023-05-21T17:22:44.865+0530] {processor.py:809} INFO - DAG(s) dict_keys(['example_skip_dag']) retrieved from /home/feuer/.local/lib/python3.10/site-packages/airflow/example_dags/example_skip_dag.py
[2023-05-21T17:22:44.887+0530] {logging_mixin.py:149} INFO - [2023-05-21T17:22:44.887+0530] {dag.py:2726} INFO - Sync 1 DAGs
[2023-05-21T17:22:44.907+0530] {logging_mixin.py:149} INFO - [2023-05-21T17:22:44.907+0530] {dag.py:3486} INFO - Setting next_dagrun for example_skip_dag to 2023-05-20T11:52:44.907020+00:00, run_after=2023-05-21T11:52:44.907020+00:00
[2023-05-21T17:22:45.159+0530] {processor.py:178} INFO - Processing /home/feuer/.local/lib/python3.10/site-packages/airflow/example_dags/example_skip_dag.py took 0.309 seconds
