[2023-05-21T19:40:11.627+0530] {processor.py:156} INFO - Started process (PID=23859) to work on /home/feuer/.local/lib/python3.10/site-packages/airflow/example_dags/example_branch_day_of_week_operator.py
[2023-05-21T19:40:11.627+0530] {processor.py:799} INFO - Processing file /home/feuer/.local/lib/python3.10/site-packages/airflow/example_dags/example_branch_day_of_week_operator.py for tasks to queue
[2023-05-21T19:40:11.628+0530] {logging_mixin.py:149} INFO - [2023-05-21T19:40:11.628+0530] {dagbag.py:541} INFO - Filling up the DagBag from /home/feuer/.local/lib/python3.10/site-packages/airflow/example_dags/example_branch_day_of_week_operator.py
[2023-05-21T19:40:11.635+0530] {processor.py:809} INFO - DAG(s) dict_keys(['example_weekday_branch_operator']) retrieved from /home/feuer/.local/lib/python3.10/site-packages/airflow/example_dags/example_branch_day_of_week_operator.py
[2023-05-21T19:40:11.655+0530] {logging_mixin.py:149} INFO - [2023-05-21T19:40:11.655+0530] {dag.py:2726} INFO - Sync 1 DAGs
[2023-05-21T19:40:11.673+0530] {logging_mixin.py:149} INFO - [2023-05-21T19:40:11.673+0530] {dag.py:3486} INFO - Setting next_dagrun for example_weekday_branch_operator to 2023-05-20T00:00:00+00:00, run_after=2023-05-21T00:00:00+00:00
[2023-05-21T19:40:11.765+0530] {processor.py:178} INFO - Processing /home/feuer/.local/lib/python3.10/site-packages/airflow/example_dags/example_branch_day_of_week_operator.py took 0.141 seconds
[2023-05-21T19:41:44.496+0530] {processor.py:156} INFO - Started process (PID=24392) to work on /home/feuer/.local/lib/python3.10/site-packages/airflow/example_dags/example_branch_day_of_week_operator.py
[2023-05-21T19:41:44.551+0530] {processor.py:799} INFO - Processing file /home/feuer/.local/lib/python3.10/site-packages/airflow/example_dags/example_branch_day_of_week_operator.py for tasks to queue
[2023-05-21T19:41:44.552+0530] {logging_mixin.py:149} INFO - [2023-05-21T19:41:44.551+0530] {dagbag.py:541} INFO - Filling up the DagBag from /home/feuer/.local/lib/python3.10/site-packages/airflow/example_dags/example_branch_day_of_week_operator.py
[2023-05-21T19:41:44.625+0530] {processor.py:809} INFO - DAG(s) dict_keys(['example_weekday_branch_operator']) retrieved from /home/feuer/.local/lib/python3.10/site-packages/airflow/example_dags/example_branch_day_of_week_operator.py
[2023-05-21T19:41:44.815+0530] {logging_mixin.py:149} INFO - [2023-05-21T19:41:44.815+0530] {dag.py:2726} INFO - Sync 1 DAGs
[2023-05-21T19:41:44.834+0530] {logging_mixin.py:149} INFO - [2023-05-21T19:41:44.834+0530] {dag.py:3486} INFO - Setting next_dagrun for example_weekday_branch_operator to 2023-05-20T00:00:00+00:00, run_after=2023-05-21T00:00:00+00:00
[2023-05-21T19:41:45.046+0530] {processor.py:178} INFO - Processing /home/feuer/.local/lib/python3.10/site-packages/airflow/example_dags/example_branch_day_of_week_operator.py took 0.553 seconds
[2023-05-21T19:43:01.626+0530] {processor.py:156} INFO - Started process (PID=24699) to work on /home/feuer/.local/lib/python3.10/site-packages/airflow/example_dags/example_branch_day_of_week_operator.py
[2023-05-21T19:43:01.627+0530] {processor.py:799} INFO - Processing file /home/feuer/.local/lib/python3.10/site-packages/airflow/example_dags/example_branch_day_of_week_operator.py for tasks to queue
[2023-05-21T19:43:01.628+0530] {logging_mixin.py:149} INFO - [2023-05-21T19:43:01.628+0530] {dagbag.py:541} INFO - Filling up the DagBag from /home/feuer/.local/lib/python3.10/site-packages/airflow/example_dags/example_branch_day_of_week_operator.py
[2023-05-21T19:43:01.635+0530] {processor.py:809} INFO - DAG(s) dict_keys(['example_weekday_branch_operator']) retrieved from /home/feuer/.local/lib/python3.10/site-packages/airflow/example_dags/example_branch_day_of_week_operator.py
[2023-05-21T19:43:01.655+0530] {logging_mixin.py:149} INFO - [2023-05-21T19:43:01.655+0530] {dag.py:2726} INFO - Sync 1 DAGs
[2023-05-21T19:43:01.674+0530] {logging_mixin.py:149} INFO - [2023-05-21T19:43:01.674+0530] {dag.py:3486} INFO - Setting next_dagrun for example_weekday_branch_operator to 2023-05-20T00:00:00+00:00, run_after=2023-05-21T00:00:00+00:00
[2023-05-21T19:43:01.748+0530] {processor.py:178} INFO - Processing /home/feuer/.local/lib/python3.10/site-packages/airflow/example_dags/example_branch_day_of_week_operator.py took 0.125 seconds
[2023-05-21T19:44:20.969+0530] {processor.py:156} INFO - Started process (PID=24867) to work on /home/feuer/.local/lib/python3.10/site-packages/airflow/example_dags/example_branch_day_of_week_operator.py
[2023-05-21T19:44:20.981+0530] {processor.py:799} INFO - Processing file /home/feuer/.local/lib/python3.10/site-packages/airflow/example_dags/example_branch_day_of_week_operator.py for tasks to queue
[2023-05-21T19:44:20.981+0530] {logging_mixin.py:149} INFO - [2023-05-21T19:44:20.981+0530] {dagbag.py:541} INFO - Filling up the DagBag from /home/feuer/.local/lib/python3.10/site-packages/airflow/example_dags/example_branch_day_of_week_operator.py
[2023-05-21T19:44:20.988+0530] {processor.py:809} INFO - DAG(s) dict_keys(['example_weekday_branch_operator']) retrieved from /home/feuer/.local/lib/python3.10/site-packages/airflow/example_dags/example_branch_day_of_week_operator.py
[2023-05-21T19:44:21.008+0530] {logging_mixin.py:149} INFO - [2023-05-21T19:44:21.008+0530] {dag.py:2726} INFO - Sync 1 DAGs
[2023-05-21T19:44:21.030+0530] {logging_mixin.py:149} INFO - [2023-05-21T19:44:21.030+0530] {dag.py:3486} INFO - Setting next_dagrun for example_weekday_branch_operator to 2023-05-20T00:00:00+00:00, run_after=2023-05-21T00:00:00+00:00
[2023-05-21T19:44:21.113+0530] {processor.py:178} INFO - Processing /home/feuer/.local/lib/python3.10/site-packages/airflow/example_dags/example_branch_day_of_week_operator.py took 0.148 seconds
[2023-05-21T19:45:42.933+0530] {processor.py:156} INFO - Started process (PID=25094) to work on /home/feuer/.local/lib/python3.10/site-packages/airflow/example_dags/example_branch_day_of_week_operator.py
[2023-05-21T19:45:42.943+0530] {processor.py:799} INFO - Processing file /home/feuer/.local/lib/python3.10/site-packages/airflow/example_dags/example_branch_day_of_week_operator.py for tasks to queue
[2023-05-21T19:45:42.944+0530] {logging_mixin.py:149} INFO - [2023-05-21T19:45:42.943+0530] {dagbag.py:541} INFO - Filling up the DagBag from /home/feuer/.local/lib/python3.10/site-packages/airflow/example_dags/example_branch_day_of_week_operator.py
[2023-05-21T19:45:42.951+0530] {processor.py:809} INFO - DAG(s) dict_keys(['example_weekday_branch_operator']) retrieved from /home/feuer/.local/lib/python3.10/site-packages/airflow/example_dags/example_branch_day_of_week_operator.py
[2023-05-21T19:45:42.972+0530] {logging_mixin.py:149} INFO - [2023-05-21T19:45:42.972+0530] {dag.py:2726} INFO - Sync 1 DAGs
[2023-05-21T19:45:42.994+0530] {logging_mixin.py:149} INFO - [2023-05-21T19:45:42.994+0530] {dag.py:3486} INFO - Setting next_dagrun for example_weekday_branch_operator to 2023-05-20T00:00:00+00:00, run_after=2023-05-21T00:00:00+00:00
[2023-05-21T19:45:43.072+0530] {processor.py:178} INFO - Processing /home/feuer/.local/lib/python3.10/site-packages/airflow/example_dags/example_branch_day_of_week_operator.py took 0.141 seconds
[2023-05-21T19:47:02.198+0530] {processor.py:156} INFO - Started process (PID=25226) to work on /home/feuer/.local/lib/python3.10/site-packages/airflow/example_dags/example_branch_day_of_week_operator.py
[2023-05-21T19:47:02.214+0530] {processor.py:799} INFO - Processing file /home/feuer/.local/lib/python3.10/site-packages/airflow/example_dags/example_branch_day_of_week_operator.py for tasks to queue
[2023-05-21T19:47:02.215+0530] {logging_mixin.py:149} INFO - [2023-05-21T19:47:02.214+0530] {dagbag.py:541} INFO - Filling up the DagBag from /home/feuer/.local/lib/python3.10/site-packages/airflow/example_dags/example_branch_day_of_week_operator.py
[2023-05-21T19:47:02.221+0530] {processor.py:809} INFO - DAG(s) dict_keys(['example_weekday_branch_operator']) retrieved from /home/feuer/.local/lib/python3.10/site-packages/airflow/example_dags/example_branch_day_of_week_operator.py
[2023-05-21T19:47:02.242+0530] {logging_mixin.py:149} INFO - [2023-05-21T19:47:02.241+0530] {dag.py:2726} INFO - Sync 1 DAGs
[2023-05-21T19:47:02.263+0530] {logging_mixin.py:149} INFO - [2023-05-21T19:47:02.263+0530] {dag.py:3486} INFO - Setting next_dagrun for example_weekday_branch_operator to 2023-05-20T00:00:00+00:00, run_after=2023-05-21T00:00:00+00:00
[2023-05-21T19:47:02.352+0530] {processor.py:178} INFO - Processing /home/feuer/.local/lib/python3.10/site-packages/airflow/example_dags/example_branch_day_of_week_operator.py took 0.157 seconds
[2023-05-21T19:48:21.973+0530] {processor.py:156} INFO - Started process (PID=25428) to work on /home/feuer/.local/lib/python3.10/site-packages/airflow/example_dags/example_branch_day_of_week_operator.py
[2023-05-21T19:48:21.974+0530] {processor.py:799} INFO - Processing file /home/feuer/.local/lib/python3.10/site-packages/airflow/example_dags/example_branch_day_of_week_operator.py for tasks to queue
[2023-05-21T19:48:21.974+0530] {logging_mixin.py:149} INFO - [2023-05-21T19:48:21.974+0530] {dagbag.py:541} INFO - Filling up the DagBag from /home/feuer/.local/lib/python3.10/site-packages/airflow/example_dags/example_branch_day_of_week_operator.py
[2023-05-21T19:48:21.979+0530] {processor.py:809} INFO - DAG(s) dict_keys(['example_weekday_branch_operator']) retrieved from /home/feuer/.local/lib/python3.10/site-packages/airflow/example_dags/example_branch_day_of_week_operator.py
[2023-05-21T19:48:21.991+0530] {logging_mixin.py:149} INFO - [2023-05-21T19:48:21.991+0530] {dag.py:2726} INFO - Sync 1 DAGs
[2023-05-21T19:48:22.005+0530] {logging_mixin.py:149} INFO - [2023-05-21T19:48:22.005+0530] {dag.py:3486} INFO - Setting next_dagrun for example_weekday_branch_operator to 2023-05-20T00:00:00+00:00, run_after=2023-05-21T00:00:00+00:00
[2023-05-21T19:48:22.081+0530] {processor.py:178} INFO - Processing /home/feuer/.local/lib/python3.10/site-packages/airflow/example_dags/example_branch_day_of_week_operator.py took 0.110 seconds
[2023-05-21T19:49:40.955+0530] {processor.py:156} INFO - Started process (PID=25573) to work on /home/feuer/.local/lib/python3.10/site-packages/airflow/example_dags/example_branch_day_of_week_operator.py
[2023-05-21T19:49:40.964+0530] {processor.py:799} INFO - Processing file /home/feuer/.local/lib/python3.10/site-packages/airflow/example_dags/example_branch_day_of_week_operator.py for tasks to queue
[2023-05-21T19:49:40.964+0530] {logging_mixin.py:149} INFO - [2023-05-21T19:49:40.964+0530] {dagbag.py:541} INFO - Filling up the DagBag from /home/feuer/.local/lib/python3.10/site-packages/airflow/example_dags/example_branch_day_of_week_operator.py
[2023-05-21T19:49:40.990+0530] {processor.py:809} INFO - DAG(s) dict_keys(['example_weekday_branch_operator']) retrieved from /home/feuer/.local/lib/python3.10/site-packages/airflow/example_dags/example_branch_day_of_week_operator.py
[2023-05-21T19:49:41.020+0530] {logging_mixin.py:149} INFO - [2023-05-21T19:49:41.020+0530] {dag.py:2726} INFO - Sync 1 DAGs
[2023-05-21T19:49:41.038+0530] {logging_mixin.py:149} INFO - [2023-05-21T19:49:41.038+0530] {dag.py:3486} INFO - Setting next_dagrun for example_weekday_branch_operator to 2023-05-20T00:00:00+00:00, run_after=2023-05-21T00:00:00+00:00
[2023-05-21T19:49:41.120+0530] {processor.py:178} INFO - Processing /home/feuer/.local/lib/python3.10/site-packages/airflow/example_dags/example_branch_day_of_week_operator.py took 0.168 seconds
[2023-05-21T19:50:59.748+0530] {processor.py:156} INFO - Started process (PID=25833) to work on /home/feuer/.local/lib/python3.10/site-packages/airflow/example_dags/example_branch_day_of_week_operator.py
[2023-05-21T19:50:59.749+0530] {processor.py:799} INFO - Processing file /home/feuer/.local/lib/python3.10/site-packages/airflow/example_dags/example_branch_day_of_week_operator.py for tasks to queue
[2023-05-21T19:50:59.749+0530] {logging_mixin.py:149} INFO - [2023-05-21T19:50:59.749+0530] {dagbag.py:541} INFO - Filling up the DagBag from /home/feuer/.local/lib/python3.10/site-packages/airflow/example_dags/example_branch_day_of_week_operator.py
[2023-05-21T19:50:59.756+0530] {processor.py:809} INFO - DAG(s) dict_keys(['example_weekday_branch_operator']) retrieved from /home/feuer/.local/lib/python3.10/site-packages/airflow/example_dags/example_branch_day_of_week_operator.py
[2023-05-21T19:50:59.777+0530] {logging_mixin.py:149} INFO - [2023-05-21T19:50:59.777+0530] {dag.py:2726} INFO - Sync 1 DAGs
[2023-05-21T19:50:59.794+0530] {logging_mixin.py:149} INFO - [2023-05-21T19:50:59.794+0530] {dag.py:3486} INFO - Setting next_dagrun for example_weekday_branch_operator to 2023-05-20T00:00:00+00:00, run_after=2023-05-21T00:00:00+00:00
[2023-05-21T19:50:59.873+0530] {processor.py:178} INFO - Processing /home/feuer/.local/lib/python3.10/site-packages/airflow/example_dags/example_branch_day_of_week_operator.py took 0.128 seconds
[2023-05-21T19:52:16.138+0530] {processor.py:156} INFO - Started process (PID=25975) to work on /home/feuer/.local/lib/python3.10/site-packages/airflow/example_dags/example_branch_day_of_week_operator.py
[2023-05-21T19:52:16.147+0530] {processor.py:799} INFO - Processing file /home/feuer/.local/lib/python3.10/site-packages/airflow/example_dags/example_branch_day_of_week_operator.py for tasks to queue
[2023-05-21T19:52:16.148+0530] {logging_mixin.py:149} INFO - [2023-05-21T19:52:16.148+0530] {dagbag.py:541} INFO - Filling up the DagBag from /home/feuer/.local/lib/python3.10/site-packages/airflow/example_dags/example_branch_day_of_week_operator.py
[2023-05-21T19:52:16.153+0530] {processor.py:809} INFO - DAG(s) dict_keys(['example_weekday_branch_operator']) retrieved from /home/feuer/.local/lib/python3.10/site-packages/airflow/example_dags/example_branch_day_of_week_operator.py
[2023-05-21T19:52:16.165+0530] {logging_mixin.py:149} INFO - [2023-05-21T19:52:16.165+0530] {dag.py:2726} INFO - Sync 1 DAGs
[2023-05-21T19:52:16.178+0530] {logging_mixin.py:149} INFO - [2023-05-21T19:52:16.178+0530] {dag.py:3486} INFO - Setting next_dagrun for example_weekday_branch_operator to 2023-05-20T00:00:00+00:00, run_after=2023-05-21T00:00:00+00:00
[2023-05-21T19:52:16.261+0530] {processor.py:178} INFO - Processing /home/feuer/.local/lib/python3.10/site-packages/airflow/example_dags/example_branch_day_of_week_operator.py took 0.126 seconds
[2023-05-21T19:53:28.786+0530] {processor.py:156} INFO - Started process (PID=26189) to work on /home/feuer/.local/lib/python3.10/site-packages/airflow/example_dags/example_branch_day_of_week_operator.py
[2023-05-21T19:53:28.802+0530] {processor.py:799} INFO - Processing file /home/feuer/.local/lib/python3.10/site-packages/airflow/example_dags/example_branch_day_of_week_operator.py for tasks to queue
[2023-05-21T19:53:28.803+0530] {logging_mixin.py:149} INFO - [2023-05-21T19:53:28.803+0530] {dagbag.py:541} INFO - Filling up the DagBag from /home/feuer/.local/lib/python3.10/site-packages/airflow/example_dags/example_branch_day_of_week_operator.py
[2023-05-21T19:53:28.810+0530] {processor.py:809} INFO - DAG(s) dict_keys(['example_weekday_branch_operator']) retrieved from /home/feuer/.local/lib/python3.10/site-packages/airflow/example_dags/example_branch_day_of_week_operator.py
[2023-05-21T19:53:28.831+0530] {logging_mixin.py:149} INFO - [2023-05-21T19:53:28.831+0530] {dag.py:2726} INFO - Sync 1 DAGs
[2023-05-21T19:53:28.853+0530] {logging_mixin.py:149} INFO - [2023-05-21T19:53:28.853+0530] {dag.py:3486} INFO - Setting next_dagrun for example_weekday_branch_operator to 2023-05-20T00:00:00+00:00, run_after=2023-05-21T00:00:00+00:00
[2023-05-21T19:53:28.932+0530] {processor.py:178} INFO - Processing /home/feuer/.local/lib/python3.10/site-packages/airflow/example_dags/example_branch_day_of_week_operator.py took 0.149 seconds
[2023-05-21T19:54:46.399+0530] {processor.py:156} INFO - Started process (PID=26360) to work on /home/feuer/.local/lib/python3.10/site-packages/airflow/example_dags/example_branch_day_of_week_operator.py
[2023-05-21T19:54:46.400+0530] {processor.py:799} INFO - Processing file /home/feuer/.local/lib/python3.10/site-packages/airflow/example_dags/example_branch_day_of_week_operator.py for tasks to queue
[2023-05-21T19:54:46.401+0530] {logging_mixin.py:149} INFO - [2023-05-21T19:54:46.401+0530] {dagbag.py:541} INFO - Filling up the DagBag from /home/feuer/.local/lib/python3.10/site-packages/airflow/example_dags/example_branch_day_of_week_operator.py
[2023-05-21T19:54:46.410+0530] {processor.py:809} INFO - DAG(s) dict_keys(['example_weekday_branch_operator']) retrieved from /home/feuer/.local/lib/python3.10/site-packages/airflow/example_dags/example_branch_day_of_week_operator.py
[2023-05-21T19:54:46.434+0530] {logging_mixin.py:149} INFO - [2023-05-21T19:54:46.434+0530] {dag.py:2726} INFO - Sync 1 DAGs
[2023-05-21T19:54:46.452+0530] {logging_mixin.py:149} INFO - [2023-05-21T19:54:46.451+0530] {dag.py:3486} INFO - Setting next_dagrun for example_weekday_branch_operator to 2023-05-20T00:00:00+00:00, run_after=2023-05-21T00:00:00+00:00
[2023-05-21T19:54:46.529+0530] {processor.py:178} INFO - Processing /home/feuer/.local/lib/python3.10/site-packages/airflow/example_dags/example_branch_day_of_week_operator.py took 0.133 seconds
[2023-05-21T19:56:10.625+0530] {processor.py:156} INFO - Started process (PID=26615) to work on /home/feuer/.local/lib/python3.10/site-packages/airflow/example_dags/example_branch_day_of_week_operator.py
[2023-05-21T19:56:10.626+0530] {processor.py:799} INFO - Processing file /home/feuer/.local/lib/python3.10/site-packages/airflow/example_dags/example_branch_day_of_week_operator.py for tasks to queue
[2023-05-21T19:56:10.626+0530] {logging_mixin.py:149} INFO - [2023-05-21T19:56:10.626+0530] {dagbag.py:541} INFO - Filling up the DagBag from /home/feuer/.local/lib/python3.10/site-packages/airflow/example_dags/example_branch_day_of_week_operator.py
[2023-05-21T19:56:10.630+0530] {processor.py:809} INFO - DAG(s) dict_keys(['example_weekday_branch_operator']) retrieved from /home/feuer/.local/lib/python3.10/site-packages/airflow/example_dags/example_branch_day_of_week_operator.py
[2023-05-21T19:56:10.645+0530] {logging_mixin.py:149} INFO - [2023-05-21T19:56:10.644+0530] {dag.py:2726} INFO - Sync 1 DAGs
[2023-05-21T19:56:10.658+0530] {logging_mixin.py:149} INFO - [2023-05-21T19:56:10.658+0530] {dag.py:3486} INFO - Setting next_dagrun for example_weekday_branch_operator to 2023-05-20T00:00:00+00:00, run_after=2023-05-21T00:00:00+00:00
[2023-05-21T19:56:10.740+0530] {processor.py:178} INFO - Processing /home/feuer/.local/lib/python3.10/site-packages/airflow/example_dags/example_branch_day_of_week_operator.py took 0.117 seconds
[2023-05-21T19:57:06.290+0530] {processor.py:156} INFO - Started process (PID=26764) to work on /home/feuer/.local/lib/python3.10/site-packages/airflow/example_dags/example_branch_day_of_week_operator.py
[2023-05-21T19:57:06.299+0530] {processor.py:799} INFO - Processing file /home/feuer/.local/lib/python3.10/site-packages/airflow/example_dags/example_branch_day_of_week_operator.py for tasks to queue
[2023-05-21T19:57:06.300+0530] {logging_mixin.py:149} INFO - [2023-05-21T19:57:06.300+0530] {dagbag.py:541} INFO - Filling up the DagBag from /home/feuer/.local/lib/python3.10/site-packages/airflow/example_dags/example_branch_day_of_week_operator.py
[2023-05-21T19:57:06.307+0530] {processor.py:809} INFO - DAG(s) dict_keys(['example_weekday_branch_operator']) retrieved from /home/feuer/.local/lib/python3.10/site-packages/airflow/example_dags/example_branch_day_of_week_operator.py
[2023-05-21T19:57:06.328+0530] {logging_mixin.py:149} INFO - [2023-05-21T19:57:06.328+0530] {dag.py:2726} INFO - Sync 1 DAGs
[2023-05-21T19:57:06.349+0530] {logging_mixin.py:149} INFO - [2023-05-21T19:57:06.349+0530] {dag.py:3486} INFO - Setting next_dagrun for example_weekday_branch_operator to 2023-05-20T00:00:00+00:00, run_after=2023-05-21T00:00:00+00:00
[2023-05-21T19:57:06.428+0530] {processor.py:178} INFO - Processing /home/feuer/.local/lib/python3.10/site-packages/airflow/example_dags/example_branch_day_of_week_operator.py took 0.142 seconds
[2023-05-21T19:58:21.971+0530] {processor.py:156} INFO - Started process (PID=26931) to work on /home/feuer/.local/lib/python3.10/site-packages/airflow/example_dags/example_branch_day_of_week_operator.py
[2023-05-21T19:58:21.972+0530] {processor.py:799} INFO - Processing file /home/feuer/.local/lib/python3.10/site-packages/airflow/example_dags/example_branch_day_of_week_operator.py for tasks to queue
[2023-05-21T19:58:21.973+0530] {logging_mixin.py:149} INFO - [2023-05-21T19:58:21.972+0530] {dagbag.py:541} INFO - Filling up the DagBag from /home/feuer/.local/lib/python3.10/site-packages/airflow/example_dags/example_branch_day_of_week_operator.py
[2023-05-21T19:58:21.980+0530] {processor.py:809} INFO - DAG(s) dict_keys(['example_weekday_branch_operator']) retrieved from /home/feuer/.local/lib/python3.10/site-packages/airflow/example_dags/example_branch_day_of_week_operator.py
[2023-05-21T19:58:22.000+0530] {logging_mixin.py:149} INFO - [2023-05-21T19:58:22.000+0530] {dag.py:2726} INFO - Sync 1 DAGs
[2023-05-21T19:58:22.018+0530] {logging_mixin.py:149} INFO - [2023-05-21T19:58:22.018+0530] {dag.py:3486} INFO - Setting next_dagrun for example_weekday_branch_operator to 2023-05-20T00:00:00+00:00, run_after=2023-05-21T00:00:00+00:00
[2023-05-21T19:58:22.116+0530] {processor.py:178} INFO - Processing /home/feuer/.local/lib/python3.10/site-packages/airflow/example_dags/example_branch_day_of_week_operator.py took 0.148 seconds
[2023-05-21T19:59:48.967+0530] {processor.py:156} INFO - Started process (PID=27192) to work on /home/feuer/.local/lib/python3.10/site-packages/airflow/example_dags/example_branch_day_of_week_operator.py
[2023-05-21T19:59:48.967+0530] {processor.py:799} INFO - Processing file /home/feuer/.local/lib/python3.10/site-packages/airflow/example_dags/example_branch_day_of_week_operator.py for tasks to queue
[2023-05-21T19:59:48.968+0530] {logging_mixin.py:149} INFO - [2023-05-21T19:59:48.968+0530] {dagbag.py:541} INFO - Filling up the DagBag from /home/feuer/.local/lib/python3.10/site-packages/airflow/example_dags/example_branch_day_of_week_operator.py
[2023-05-21T19:59:48.977+0530] {processor.py:809} INFO - DAG(s) dict_keys(['example_weekday_branch_operator']) retrieved from /home/feuer/.local/lib/python3.10/site-packages/airflow/example_dags/example_branch_day_of_week_operator.py
[2023-05-21T19:59:49.033+0530] {logging_mixin.py:149} INFO - [2023-05-21T19:59:49.032+0530] {dag.py:2726} INFO - Sync 1 DAGs
[2023-05-21T19:59:49.054+0530] {logging_mixin.py:149} INFO - [2023-05-21T19:59:49.054+0530] {dag.py:3486} INFO - Setting next_dagrun for example_weekday_branch_operator to 2023-05-20T00:00:00+00:00, run_after=2023-05-21T00:00:00+00:00
[2023-05-21T19:59:49.139+0530] {processor.py:178} INFO - Processing /home/feuer/.local/lib/python3.10/site-packages/airflow/example_dags/example_branch_day_of_week_operator.py took 0.175 seconds
[2023-05-21T20:00:48.462+0530] {processor.py:156} INFO - Started process (PID=27342) to work on /home/feuer/.local/lib/python3.10/site-packages/airflow/example_dags/example_branch_day_of_week_operator.py
[2023-05-21T20:00:48.477+0530] {processor.py:799} INFO - Processing file /home/feuer/.local/lib/python3.10/site-packages/airflow/example_dags/example_branch_day_of_week_operator.py for tasks to queue
[2023-05-21T20:00:48.478+0530] {logging_mixin.py:149} INFO - [2023-05-21T20:00:48.477+0530] {dagbag.py:541} INFO - Filling up the DagBag from /home/feuer/.local/lib/python3.10/site-packages/airflow/example_dags/example_branch_day_of_week_operator.py
[2023-05-21T20:00:48.485+0530] {processor.py:809} INFO - DAG(s) dict_keys(['example_weekday_branch_operator']) retrieved from /home/feuer/.local/lib/python3.10/site-packages/airflow/example_dags/example_branch_day_of_week_operator.py
[2023-05-21T20:00:48.521+0530] {logging_mixin.py:149} INFO - [2023-05-21T20:00:48.521+0530] {dag.py:2726} INFO - Sync 1 DAGs
[2023-05-21T20:00:48.542+0530] {logging_mixin.py:149} INFO - [2023-05-21T20:00:48.542+0530] {dag.py:3486} INFO - Setting next_dagrun for example_weekday_branch_operator to 2023-05-20T00:00:00+00:00, run_after=2023-05-21T00:00:00+00:00
[2023-05-21T20:00:48.629+0530] {processor.py:178} INFO - Processing /home/feuer/.local/lib/python3.10/site-packages/airflow/example_dags/example_branch_day_of_week_operator.py took 0.169 seconds
[2023-05-21T20:02:01.280+0530] {processor.py:156} INFO - Started process (PID=27710) to work on /home/feuer/.local/lib/python3.10/site-packages/airflow/example_dags/example_branch_day_of_week_operator.py
[2023-05-21T20:02:01.323+0530] {processor.py:799} INFO - Processing file /home/feuer/.local/lib/python3.10/site-packages/airflow/example_dags/example_branch_day_of_week_operator.py for tasks to queue
[2023-05-21T20:02:01.324+0530] {logging_mixin.py:149} INFO - [2023-05-21T20:02:01.324+0530] {dagbag.py:541} INFO - Filling up the DagBag from /home/feuer/.local/lib/python3.10/site-packages/airflow/example_dags/example_branch_day_of_week_operator.py
[2023-05-21T20:02:01.410+0530] {processor.py:809} INFO - DAG(s) dict_keys(['example_weekday_branch_operator']) retrieved from /home/feuer/.local/lib/python3.10/site-packages/airflow/example_dags/example_branch_day_of_week_operator.py
[2023-05-21T20:02:01.729+0530] {logging_mixin.py:149} INFO - [2023-05-21T20:02:01.729+0530] {dag.py:2726} INFO - Sync 1 DAGs
[2023-05-21T20:02:01.802+0530] {logging_mixin.py:149} INFO - [2023-05-21T20:02:01.801+0530] {dag.py:3486} INFO - Setting next_dagrun for example_weekday_branch_operator to 2023-05-20T00:00:00+00:00, run_after=2023-05-21T00:00:00+00:00
[2023-05-21T20:02:02.124+0530] {processor.py:178} INFO - Processing /home/feuer/.local/lib/python3.10/site-packages/airflow/example_dags/example_branch_day_of_week_operator.py took 0.849 seconds
[2023-05-21T20:03:04.795+0530] {processor.py:156} INFO - Started process (PID=27909) to work on /home/feuer/.local/lib/python3.10/site-packages/airflow/example_dags/example_branch_day_of_week_operator.py
[2023-05-21T20:03:04.796+0530] {processor.py:799} INFO - Processing file /home/feuer/.local/lib/python3.10/site-packages/airflow/example_dags/example_branch_day_of_week_operator.py for tasks to queue
[2023-05-21T20:03:04.796+0530] {logging_mixin.py:149} INFO - [2023-05-21T20:03:04.796+0530] {dagbag.py:541} INFO - Filling up the DagBag from /home/feuer/.local/lib/python3.10/site-packages/airflow/example_dags/example_branch_day_of_week_operator.py
[2023-05-21T20:03:04.803+0530] {processor.py:809} INFO - DAG(s) dict_keys(['example_weekday_branch_operator']) retrieved from /home/feuer/.local/lib/python3.10/site-packages/airflow/example_dags/example_branch_day_of_week_operator.py
[2023-05-21T20:03:04.819+0530] {logging_mixin.py:149} INFO - [2023-05-21T20:03:04.819+0530] {dag.py:2726} INFO - Sync 1 DAGs
[2023-05-21T20:03:04.833+0530] {logging_mixin.py:149} INFO - [2023-05-21T20:03:04.833+0530] {dag.py:3486} INFO - Setting next_dagrun for example_weekday_branch_operator to 2023-05-20T00:00:00+00:00, run_after=2023-05-21T00:00:00+00:00
[2023-05-21T20:03:05.031+0530] {processor.py:178} INFO - Processing /home/feuer/.local/lib/python3.10/site-packages/airflow/example_dags/example_branch_day_of_week_operator.py took 0.239 seconds
[2023-05-21T20:04:06.095+0530] {processor.py:156} INFO - Started process (PID=28149) to work on /home/feuer/.local/lib/python3.10/site-packages/airflow/example_dags/example_branch_day_of_week_operator.py
[2023-05-21T20:04:06.109+0530] {processor.py:799} INFO - Processing file /home/feuer/.local/lib/python3.10/site-packages/airflow/example_dags/example_branch_day_of_week_operator.py for tasks to queue
[2023-05-21T20:04:06.110+0530] {logging_mixin.py:149} INFO - [2023-05-21T20:04:06.109+0530] {dagbag.py:541} INFO - Filling up the DagBag from /home/feuer/.local/lib/python3.10/site-packages/airflow/example_dags/example_branch_day_of_week_operator.py
[2023-05-21T20:04:06.163+0530] {processor.py:809} INFO - DAG(s) dict_keys(['example_weekday_branch_operator']) retrieved from /home/feuer/.local/lib/python3.10/site-packages/airflow/example_dags/example_branch_day_of_week_operator.py
[2023-05-21T20:04:06.201+0530] {logging_mixin.py:149} INFO - [2023-05-21T20:04:06.201+0530] {dag.py:2726} INFO - Sync 1 DAGs
[2023-05-21T20:04:06.215+0530] {logging_mixin.py:149} INFO - [2023-05-21T20:04:06.215+0530] {dag.py:3486} INFO - Setting next_dagrun for example_weekday_branch_operator to 2023-05-20T00:00:00+00:00, run_after=2023-05-21T00:00:00+00:00
[2023-05-21T20:04:06.327+0530] {processor.py:178} INFO - Processing /home/feuer/.local/lib/python3.10/site-packages/airflow/example_dags/example_branch_day_of_week_operator.py took 0.235 seconds
[2023-05-21T20:05:05.710+0530] {processor.py:156} INFO - Started process (PID=28308) to work on /home/feuer/.local/lib/python3.10/site-packages/airflow/example_dags/example_branch_day_of_week_operator.py
[2023-05-21T20:05:05.711+0530] {processor.py:799} INFO - Processing file /home/feuer/.local/lib/python3.10/site-packages/airflow/example_dags/example_branch_day_of_week_operator.py for tasks to queue
[2023-05-21T20:05:05.711+0530] {logging_mixin.py:149} INFO - [2023-05-21T20:05:05.711+0530] {dagbag.py:541} INFO - Filling up the DagBag from /home/feuer/.local/lib/python3.10/site-packages/airflow/example_dags/example_branch_day_of_week_operator.py
[2023-05-21T20:05:05.716+0530] {processor.py:809} INFO - DAG(s) dict_keys(['example_weekday_branch_operator']) retrieved from /home/feuer/.local/lib/python3.10/site-packages/airflow/example_dags/example_branch_day_of_week_operator.py
[2023-05-21T20:05:05.736+0530] {logging_mixin.py:149} INFO - [2023-05-21T20:05:05.736+0530] {dag.py:2726} INFO - Sync 1 DAGs
[2023-05-21T20:05:05.753+0530] {logging_mixin.py:149} INFO - [2023-05-21T20:05:05.753+0530] {dag.py:3486} INFO - Setting next_dagrun for example_weekday_branch_operator to 2023-05-20T00:00:00+00:00, run_after=2023-05-21T00:00:00+00:00
[2023-05-21T20:05:05.839+0530] {processor.py:178} INFO - Processing /home/feuer/.local/lib/python3.10/site-packages/airflow/example_dags/example_branch_day_of_week_operator.py took 0.130 seconds
[2023-05-21T20:06:03.946+0530] {processor.py:156} INFO - Started process (PID=28521) to work on /home/feuer/.local/lib/python3.10/site-packages/airflow/example_dags/example_branch_day_of_week_operator.py
[2023-05-21T20:06:03.947+0530] {processor.py:799} INFO - Processing file /home/feuer/.local/lib/python3.10/site-packages/airflow/example_dags/example_branch_day_of_week_operator.py for tasks to queue
[2023-05-21T20:06:03.947+0530] {logging_mixin.py:149} INFO - [2023-05-21T20:06:03.947+0530] {dagbag.py:541} INFO - Filling up the DagBag from /home/feuer/.local/lib/python3.10/site-packages/airflow/example_dags/example_branch_day_of_week_operator.py
[2023-05-21T20:06:03.955+0530] {processor.py:809} INFO - DAG(s) dict_keys(['example_weekday_branch_operator']) retrieved from /home/feuer/.local/lib/python3.10/site-packages/airflow/example_dags/example_branch_day_of_week_operator.py
[2023-05-21T20:06:03.976+0530] {logging_mixin.py:149} INFO - [2023-05-21T20:06:03.976+0530] {dag.py:2726} INFO - Sync 1 DAGs
[2023-05-21T20:06:03.993+0530] {logging_mixin.py:149} INFO - [2023-05-21T20:06:03.993+0530] {dag.py:3486} INFO - Setting next_dagrun for example_weekday_branch_operator to 2023-05-20T00:00:00+00:00, run_after=2023-05-21T00:00:00+00:00
[2023-05-21T20:06:04.084+0530] {processor.py:178} INFO - Processing /home/feuer/.local/lib/python3.10/site-packages/airflow/example_dags/example_branch_day_of_week_operator.py took 0.141 seconds
[2023-05-21T20:07:01.764+0530] {processor.py:156} INFO - Started process (PID=28842) to work on /home/feuer/.local/lib/python3.10/site-packages/airflow/example_dags/example_branch_day_of_week_operator.py
[2023-05-21T20:07:01.777+0530] {processor.py:799} INFO - Processing file /home/feuer/.local/lib/python3.10/site-packages/airflow/example_dags/example_branch_day_of_week_operator.py for tasks to queue
[2023-05-21T20:07:01.777+0530] {logging_mixin.py:149} INFO - [2023-05-21T20:07:01.777+0530] {dagbag.py:541} INFO - Filling up the DagBag from /home/feuer/.local/lib/python3.10/site-packages/airflow/example_dags/example_branch_day_of_week_operator.py
[2023-05-21T20:07:01.783+0530] {processor.py:809} INFO - DAG(s) dict_keys(['example_weekday_branch_operator']) retrieved from /home/feuer/.local/lib/python3.10/site-packages/airflow/example_dags/example_branch_day_of_week_operator.py
[2023-05-21T20:07:01.798+0530] {logging_mixin.py:149} INFO - [2023-05-21T20:07:01.797+0530] {dag.py:2726} INFO - Sync 1 DAGs
[2023-05-21T20:07:01.816+0530] {logging_mixin.py:149} INFO - [2023-05-21T20:07:01.816+0530] {dag.py:3486} INFO - Setting next_dagrun for example_weekday_branch_operator to 2023-05-20T00:00:00+00:00, run_after=2023-05-21T00:00:00+00:00
[2023-05-21T20:07:01.896+0530] {processor.py:178} INFO - Processing /home/feuer/.local/lib/python3.10/site-packages/airflow/example_dags/example_branch_day_of_week_operator.py took 0.134 seconds
[2023-05-21T20:08:24.632+0530] {processor.py:156} INFO - Started process (PID=29071) to work on /home/feuer/.local/lib/python3.10/site-packages/airflow/example_dags/example_branch_day_of_week_operator.py
[2023-05-21T20:08:24.644+0530] {processor.py:799} INFO - Processing file /home/feuer/.local/lib/python3.10/site-packages/airflow/example_dags/example_branch_day_of_week_operator.py for tasks to queue
[2023-05-21T20:08:24.645+0530] {logging_mixin.py:149} INFO - [2023-05-21T20:08:24.645+0530] {dagbag.py:541} INFO - Filling up the DagBag from /home/feuer/.local/lib/python3.10/site-packages/airflow/example_dags/example_branch_day_of_week_operator.py
[2023-05-21T20:08:24.649+0530] {processor.py:809} INFO - DAG(s) dict_keys(['example_weekday_branch_operator']) retrieved from /home/feuer/.local/lib/python3.10/site-packages/airflow/example_dags/example_branch_day_of_week_operator.py
[2023-05-21T20:08:24.661+0530] {logging_mixin.py:149} INFO - [2023-05-21T20:08:24.661+0530] {dag.py:2726} INFO - Sync 1 DAGs
[2023-05-21T20:08:24.676+0530] {logging_mixin.py:149} INFO - [2023-05-21T20:08:24.675+0530] {dag.py:3486} INFO - Setting next_dagrun for example_weekday_branch_operator to 2023-05-20T00:00:00+00:00, run_after=2023-05-21T00:00:00+00:00
[2023-05-21T20:08:24.750+0530] {processor.py:178} INFO - Processing /home/feuer/.local/lib/python3.10/site-packages/airflow/example_dags/example_branch_day_of_week_operator.py took 0.120 seconds
[2023-05-21T20:09:24.728+0530] {processor.py:156} INFO - Started process (PID=29254) to work on /home/feuer/.local/lib/python3.10/site-packages/airflow/example_dags/example_branch_day_of_week_operator.py
[2023-05-21T20:09:24.729+0530] {processor.py:799} INFO - Processing file /home/feuer/.local/lib/python3.10/site-packages/airflow/example_dags/example_branch_day_of_week_operator.py for tasks to queue
[2023-05-21T20:09:24.729+0530] {logging_mixin.py:149} INFO - [2023-05-21T20:09:24.729+0530] {dagbag.py:541} INFO - Filling up the DagBag from /home/feuer/.local/lib/python3.10/site-packages/airflow/example_dags/example_branch_day_of_week_operator.py
[2023-05-21T20:09:24.736+0530] {processor.py:809} INFO - DAG(s) dict_keys(['example_weekday_branch_operator']) retrieved from /home/feuer/.local/lib/python3.10/site-packages/airflow/example_dags/example_branch_day_of_week_operator.py
[2023-05-21T20:09:24.756+0530] {logging_mixin.py:149} INFO - [2023-05-21T20:09:24.756+0530] {dag.py:2726} INFO - Sync 1 DAGs
[2023-05-21T20:09:24.774+0530] {logging_mixin.py:149} INFO - [2023-05-21T20:09:24.774+0530] {dag.py:3486} INFO - Setting next_dagrun for example_weekday_branch_operator to 2023-05-20T00:00:00+00:00, run_after=2023-05-21T00:00:00+00:00
[2023-05-21T20:09:24.846+0530] {processor.py:178} INFO - Processing /home/feuer/.local/lib/python3.10/site-packages/airflow/example_dags/example_branch_day_of_week_operator.py took 0.121 seconds
[2023-05-21T20:10:46.538+0530] {processor.py:156} INFO - Started process (PID=29497) to work on /home/feuer/.local/lib/python3.10/site-packages/airflow/example_dags/example_branch_day_of_week_operator.py
[2023-05-21T20:10:46.554+0530] {processor.py:799} INFO - Processing file /home/feuer/.local/lib/python3.10/site-packages/airflow/example_dags/example_branch_day_of_week_operator.py for tasks to queue
[2023-05-21T20:10:46.554+0530] {logging_mixin.py:149} INFO - [2023-05-21T20:10:46.554+0530] {dagbag.py:541} INFO - Filling up the DagBag from /home/feuer/.local/lib/python3.10/site-packages/airflow/example_dags/example_branch_day_of_week_operator.py
[2023-05-21T20:10:46.561+0530] {processor.py:809} INFO - DAG(s) dict_keys(['example_weekday_branch_operator']) retrieved from /home/feuer/.local/lib/python3.10/site-packages/airflow/example_dags/example_branch_day_of_week_operator.py
[2023-05-21T20:10:46.582+0530] {logging_mixin.py:149} INFO - [2023-05-21T20:10:46.581+0530] {dag.py:2726} INFO - Sync 1 DAGs
[2023-05-21T20:10:46.603+0530] {logging_mixin.py:149} INFO - [2023-05-21T20:10:46.603+0530] {dag.py:3486} INFO - Setting next_dagrun for example_weekday_branch_operator to 2023-05-20T00:00:00+00:00, run_after=2023-05-21T00:00:00+00:00
[2023-05-21T20:10:46.717+0530] {processor.py:178} INFO - Processing /home/feuer/.local/lib/python3.10/site-packages/airflow/example_dags/example_branch_day_of_week_operator.py took 0.182 seconds
[2023-05-21T20:11:45.630+0530] {processor.py:156} INFO - Started process (PID=29659) to work on /home/feuer/.local/lib/python3.10/site-packages/airflow/example_dags/example_branch_day_of_week_operator.py
[2023-05-21T20:11:45.653+0530] {processor.py:799} INFO - Processing file /home/feuer/.local/lib/python3.10/site-packages/airflow/example_dags/example_branch_day_of_week_operator.py for tasks to queue
[2023-05-21T20:11:45.654+0530] {logging_mixin.py:149} INFO - [2023-05-21T20:11:45.654+0530] {dagbag.py:541} INFO - Filling up the DagBag from /home/feuer/.local/lib/python3.10/site-packages/airflow/example_dags/example_branch_day_of_week_operator.py
[2023-05-21T20:11:45.662+0530] {processor.py:809} INFO - DAG(s) dict_keys(['example_weekday_branch_operator']) retrieved from /home/feuer/.local/lib/python3.10/site-packages/airflow/example_dags/example_branch_day_of_week_operator.py
[2023-05-21T20:11:45.683+0530] {logging_mixin.py:149} INFO - [2023-05-21T20:11:45.682+0530] {dag.py:2726} INFO - Sync 1 DAGs
[2023-05-21T20:11:45.697+0530] {logging_mixin.py:149} INFO - [2023-05-21T20:11:45.696+0530] {dag.py:3486} INFO - Setting next_dagrun for example_weekday_branch_operator to 2023-05-20T00:00:00+00:00, run_after=2023-05-21T00:00:00+00:00
[2023-05-21T20:11:45.785+0530] {processor.py:178} INFO - Processing /home/feuer/.local/lib/python3.10/site-packages/airflow/example_dags/example_branch_day_of_week_operator.py took 0.158 seconds
[2023-05-21T16:58:58.776+0530] {processor.py:156} INFO - Started process (PID=55936) to work on /home/feuer/.local/lib/python3.10/site-packages/airflow/example_dags/example_branch_day_of_week_operator.py
[2023-05-21T16:58:59.562+0530] {processor.py:799} INFO - Processing file /home/feuer/.local/lib/python3.10/site-packages/airflow/example_dags/example_branch_day_of_week_operator.py for tasks to queue
[2023-05-21T16:58:59.563+0530] {logging_mixin.py:149} INFO - [2023-05-21T16:58:59.563+0530] {dagbag.py:541} INFO - Filling up the DagBag from /home/feuer/.local/lib/python3.10/site-packages/airflow/example_dags/example_branch_day_of_week_operator.py
[2023-05-21T16:58:59.793+0530] {processor.py:809} INFO - DAG(s) dict_keys(['example_weekday_branch_operator']) retrieved from /home/feuer/.local/lib/python3.10/site-packages/airflow/example_dags/example_branch_day_of_week_operator.py
[2023-05-21T16:58:59.807+0530] {logging_mixin.py:149} INFO - [2023-05-21T16:58:59.807+0530] {dag.py:2726} INFO - Sync 1 DAGs
[2023-05-21T16:58:59.823+0530] {logging_mixin.py:149} INFO - [2023-05-21T16:58:59.823+0530] {dag.py:3486} INFO - Setting next_dagrun for example_weekday_branch_operator to 2023-05-20T00:00:00+00:00, run_after=2023-05-21T00:00:00+00:00
[2023-05-21T16:59:00.062+0530] {processor.py:178} INFO - Processing /home/feuer/.local/lib/python3.10/site-packages/airflow/example_dags/example_branch_day_of_week_operator.py took 1.288 seconds
[2023-05-21T17:00:31.039+0530] {processor.py:156} INFO - Started process (PID=56148) to work on /home/feuer/.local/lib/python3.10/site-packages/airflow/example_dags/example_branch_day_of_week_operator.py
[2023-05-21T17:00:31.078+0530] {processor.py:799} INFO - Processing file /home/feuer/.local/lib/python3.10/site-packages/airflow/example_dags/example_branch_day_of_week_operator.py for tasks to queue
[2023-05-21T17:00:31.078+0530] {logging_mixin.py:149} INFO - [2023-05-21T17:00:31.078+0530] {dagbag.py:541} INFO - Filling up the DagBag from /home/feuer/.local/lib/python3.10/site-packages/airflow/example_dags/example_branch_day_of_week_operator.py
[2023-05-21T17:00:31.083+0530] {processor.py:809} INFO - DAG(s) dict_keys(['example_weekday_branch_operator']) retrieved from /home/feuer/.local/lib/python3.10/site-packages/airflow/example_dags/example_branch_day_of_week_operator.py
[2023-05-21T17:00:31.096+0530] {logging_mixin.py:149} INFO - [2023-05-21T17:00:31.096+0530] {dag.py:2726} INFO - Sync 1 DAGs
[2023-05-21T17:00:31.109+0530] {logging_mixin.py:149} INFO - [2023-05-21T17:00:31.109+0530] {dag.py:3486} INFO - Setting next_dagrun for example_weekday_branch_operator to 2023-05-20T00:00:00+00:00, run_after=2023-05-21T00:00:00+00:00
[2023-05-21T17:00:31.483+0530] {processor.py:178} INFO - Processing /home/feuer/.local/lib/python3.10/site-packages/airflow/example_dags/example_branch_day_of_week_operator.py took 0.447 seconds
[2023-05-21T17:02:00.202+0530] {processor.py:156} INFO - Started process (PID=56426) to work on /home/feuer/.local/lib/python3.10/site-packages/airflow/example_dags/example_branch_day_of_week_operator.py
[2023-05-21T17:02:00.498+0530] {processor.py:799} INFO - Processing file /home/feuer/.local/lib/python3.10/site-packages/airflow/example_dags/example_branch_day_of_week_operator.py for tasks to queue
[2023-05-21T17:02:00.499+0530] {logging_mixin.py:149} INFO - [2023-05-21T17:02:00.499+0530] {dagbag.py:541} INFO - Filling up the DagBag from /home/feuer/.local/lib/python3.10/site-packages/airflow/example_dags/example_branch_day_of_week_operator.py
[2023-05-21T17:02:00.505+0530] {processor.py:809} INFO - DAG(s) dict_keys(['example_weekday_branch_operator']) retrieved from /home/feuer/.local/lib/python3.10/site-packages/airflow/example_dags/example_branch_day_of_week_operator.py
[2023-05-21T17:02:00.518+0530] {logging_mixin.py:149} INFO - [2023-05-21T17:02:00.518+0530] {dag.py:2726} INFO - Sync 1 DAGs
[2023-05-21T17:02:00.530+0530] {logging_mixin.py:149} INFO - [2023-05-21T17:02:00.530+0530] {dag.py:3486} INFO - Setting next_dagrun for example_weekday_branch_operator to 2023-05-20T00:00:00+00:00, run_after=2023-05-21T00:00:00+00:00
[2023-05-21T17:02:01.035+0530] {processor.py:178} INFO - Processing /home/feuer/.local/lib/python3.10/site-packages/airflow/example_dags/example_branch_day_of_week_operator.py took 0.836 seconds
[2023-05-21T17:03:10.458+0530] {processor.py:156} INFO - Started process (PID=56647) to work on /home/feuer/.local/lib/python3.10/site-packages/airflow/example_dags/example_branch_day_of_week_operator.py
[2023-05-21T17:03:10.483+0530] {processor.py:799} INFO - Processing file /home/feuer/.local/lib/python3.10/site-packages/airflow/example_dags/example_branch_day_of_week_operator.py for tasks to queue
[2023-05-21T17:03:10.484+0530] {logging_mixin.py:149} INFO - [2023-05-21T17:03:10.484+0530] {dagbag.py:541} INFO - Filling up the DagBag from /home/feuer/.local/lib/python3.10/site-packages/airflow/example_dags/example_branch_day_of_week_operator.py
[2023-05-21T17:03:10.488+0530] {processor.py:809} INFO - DAG(s) dict_keys(['example_weekday_branch_operator']) retrieved from /home/feuer/.local/lib/python3.10/site-packages/airflow/example_dags/example_branch_day_of_week_operator.py
[2023-05-21T17:03:10.500+0530] {logging_mixin.py:149} INFO - [2023-05-21T17:03:10.500+0530] {dag.py:2726} INFO - Sync 1 DAGs
[2023-05-21T17:03:10.513+0530] {logging_mixin.py:149} INFO - [2023-05-21T17:03:10.513+0530] {dag.py:3486} INFO - Setting next_dagrun for example_weekday_branch_operator to 2023-05-20T00:00:00+00:00, run_after=2023-05-21T00:00:00+00:00
[2023-05-21T17:03:10.591+0530] {processor.py:178} INFO - Processing /home/feuer/.local/lib/python3.10/site-packages/airflow/example_dags/example_branch_day_of_week_operator.py took 0.136 seconds
[2023-05-21T17:04:22.801+0530] {processor.py:156} INFO - Started process (PID=56811) to work on /home/feuer/.local/lib/python3.10/site-packages/airflow/example_dags/example_branch_day_of_week_operator.py
[2023-05-21T17:04:22.811+0530] {processor.py:799} INFO - Processing file /home/feuer/.local/lib/python3.10/site-packages/airflow/example_dags/example_branch_day_of_week_operator.py for tasks to queue
[2023-05-21T17:04:22.811+0530] {logging_mixin.py:149} INFO - [2023-05-21T17:04:22.811+0530] {dagbag.py:541} INFO - Filling up the DagBag from /home/feuer/.local/lib/python3.10/site-packages/airflow/example_dags/example_branch_day_of_week_operator.py
[2023-05-21T17:04:22.818+0530] {processor.py:809} INFO - DAG(s) dict_keys(['example_weekday_branch_operator']) retrieved from /home/feuer/.local/lib/python3.10/site-packages/airflow/example_dags/example_branch_day_of_week_operator.py
[2023-05-21T17:04:22.838+0530] {logging_mixin.py:149} INFO - [2023-05-21T17:04:22.838+0530] {dag.py:2726} INFO - Sync 1 DAGs
[2023-05-21T17:04:22.860+0530] {logging_mixin.py:149} INFO - [2023-05-21T17:04:22.860+0530] {dag.py:3486} INFO - Setting next_dagrun for example_weekday_branch_operator to 2023-05-20T00:00:00+00:00, run_after=2023-05-21T00:00:00+00:00
[2023-05-21T17:04:22.927+0530] {processor.py:178} INFO - Processing /home/feuer/.local/lib/python3.10/site-packages/airflow/example_dags/example_branch_day_of_week_operator.py took 0.128 seconds
[2023-05-21T17:05:30.243+0530] {processor.py:156} INFO - Started process (PID=56992) to work on /home/feuer/.local/lib/python3.10/site-packages/airflow/example_dags/example_branch_day_of_week_operator.py
[2023-05-21T17:05:30.254+0530] {processor.py:799} INFO - Processing file /home/feuer/.local/lib/python3.10/site-packages/airflow/example_dags/example_branch_day_of_week_operator.py for tasks to queue
[2023-05-21T17:05:30.255+0530] {logging_mixin.py:149} INFO - [2023-05-21T17:05:30.254+0530] {dagbag.py:541} INFO - Filling up the DagBag from /home/feuer/.local/lib/python3.10/site-packages/airflow/example_dags/example_branch_day_of_week_operator.py
[2023-05-21T17:05:30.258+0530] {processor.py:809} INFO - DAG(s) dict_keys(['example_weekday_branch_operator']) retrieved from /home/feuer/.local/lib/python3.10/site-packages/airflow/example_dags/example_branch_day_of_week_operator.py
[2023-05-21T17:05:30.270+0530] {logging_mixin.py:149} INFO - [2023-05-21T17:05:30.270+0530] {dag.py:2726} INFO - Sync 1 DAGs
[2023-05-21T17:05:30.282+0530] {logging_mixin.py:149} INFO - [2023-05-21T17:05:30.282+0530] {dag.py:3486} INFO - Setting next_dagrun for example_weekday_branch_operator to 2023-05-20T00:00:00+00:00, run_after=2023-05-21T00:00:00+00:00
[2023-05-21T17:05:30.372+0530] {processor.py:178} INFO - Processing /home/feuer/.local/lib/python3.10/site-packages/airflow/example_dags/example_branch_day_of_week_operator.py took 0.131 seconds
[2023-05-21T17:06:38.886+0530] {processor.py:156} INFO - Started process (PID=57134) to work on /home/feuer/.local/lib/python3.10/site-packages/airflow/example_dags/example_branch_day_of_week_operator.py
[2023-05-21T17:06:38.887+0530] {processor.py:799} INFO - Processing file /home/feuer/.local/lib/python3.10/site-packages/airflow/example_dags/example_branch_day_of_week_operator.py for tasks to queue
[2023-05-21T17:06:38.887+0530] {logging_mixin.py:149} INFO - [2023-05-21T17:06:38.887+0530] {dagbag.py:541} INFO - Filling up the DagBag from /home/feuer/.local/lib/python3.10/site-packages/airflow/example_dags/example_branch_day_of_week_operator.py
[2023-05-21T17:06:38.891+0530] {processor.py:809} INFO - DAG(s) dict_keys(['example_weekday_branch_operator']) retrieved from /home/feuer/.local/lib/python3.10/site-packages/airflow/example_dags/example_branch_day_of_week_operator.py
[2023-05-21T17:06:38.903+0530] {logging_mixin.py:149} INFO - [2023-05-21T17:06:38.903+0530] {dag.py:2726} INFO - Sync 1 DAGs
[2023-05-21T17:06:38.915+0530] {logging_mixin.py:149} INFO - [2023-05-21T17:06:38.914+0530] {dag.py:3486} INFO - Setting next_dagrun for example_weekday_branch_operator to 2023-05-20T00:00:00+00:00, run_after=2023-05-21T00:00:00+00:00
[2023-05-21T17:06:39.001+0530] {processor.py:178} INFO - Processing /home/feuer/.local/lib/python3.10/site-packages/airflow/example_dags/example_branch_day_of_week_operator.py took 0.116 seconds
[2023-05-21T17:07:44.159+0530] {processor.py:156} INFO - Started process (PID=57310) to work on /home/feuer/.local/lib/python3.10/site-packages/airflow/example_dags/example_branch_day_of_week_operator.py
[2023-05-21T17:07:44.160+0530] {processor.py:799} INFO - Processing file /home/feuer/.local/lib/python3.10/site-packages/airflow/example_dags/example_branch_day_of_week_operator.py for tasks to queue
[2023-05-21T17:07:44.160+0530] {logging_mixin.py:149} INFO - [2023-05-21T17:07:44.160+0530] {dagbag.py:541} INFO - Filling up the DagBag from /home/feuer/.local/lib/python3.10/site-packages/airflow/example_dags/example_branch_day_of_week_operator.py
[2023-05-21T17:07:44.165+0530] {processor.py:809} INFO - DAG(s) dict_keys(['example_weekday_branch_operator']) retrieved from /home/feuer/.local/lib/python3.10/site-packages/airflow/example_dags/example_branch_day_of_week_operator.py
[2023-05-21T17:07:44.177+0530] {logging_mixin.py:149} INFO - [2023-05-21T17:07:44.176+0530] {dag.py:2726} INFO - Sync 1 DAGs
[2023-05-21T17:07:44.188+0530] {logging_mixin.py:149} INFO - [2023-05-21T17:07:44.188+0530] {dag.py:3486} INFO - Setting next_dagrun for example_weekday_branch_operator to 2023-05-20T00:00:00+00:00, run_after=2023-05-21T00:00:00+00:00
[2023-05-21T17:07:44.269+0530] {processor.py:178} INFO - Processing /home/feuer/.local/lib/python3.10/site-packages/airflow/example_dags/example_branch_day_of_week_operator.py took 0.112 seconds
[2023-05-21T17:08:50.593+0530] {processor.py:156} INFO - Started process (PID=57460) to work on /home/feuer/.local/lib/python3.10/site-packages/airflow/example_dags/example_branch_day_of_week_operator.py
[2023-05-21T17:08:50.594+0530] {processor.py:799} INFO - Processing file /home/feuer/.local/lib/python3.10/site-packages/airflow/example_dags/example_branch_day_of_week_operator.py for tasks to queue
[2023-05-21T17:08:50.594+0530] {logging_mixin.py:149} INFO - [2023-05-21T17:08:50.594+0530] {dagbag.py:541} INFO - Filling up the DagBag from /home/feuer/.local/lib/python3.10/site-packages/airflow/example_dags/example_branch_day_of_week_operator.py
[2023-05-21T17:08:50.599+0530] {processor.py:809} INFO - DAG(s) dict_keys(['example_weekday_branch_operator']) retrieved from /home/feuer/.local/lib/python3.10/site-packages/airflow/example_dags/example_branch_day_of_week_operator.py
[2023-05-21T17:08:50.611+0530] {logging_mixin.py:149} INFO - [2023-05-21T17:08:50.610+0530] {dag.py:2726} INFO - Sync 1 DAGs
[2023-05-21T17:08:50.622+0530] {logging_mixin.py:149} INFO - [2023-05-21T17:08:50.622+0530] {dag.py:3486} INFO - Setting next_dagrun for example_weekday_branch_operator to 2023-05-20T00:00:00+00:00, run_after=2023-05-21T00:00:00+00:00
[2023-05-21T17:08:50.731+0530] {processor.py:178} INFO - Processing /home/feuer/.local/lib/python3.10/site-packages/airflow/example_dags/example_branch_day_of_week_operator.py took 0.139 seconds
[2023-05-21T17:09:59.647+0530] {processor.py:156} INFO - Started process (PID=57682) to work on /home/feuer/.local/lib/python3.10/site-packages/airflow/example_dags/example_branch_day_of_week_operator.py
[2023-05-21T17:09:59.658+0530] {processor.py:799} INFO - Processing file /home/feuer/.local/lib/python3.10/site-packages/airflow/example_dags/example_branch_day_of_week_operator.py for tasks to queue
[2023-05-21T17:09:59.658+0530] {logging_mixin.py:149} INFO - [2023-05-21T17:09:59.658+0530] {dagbag.py:541} INFO - Filling up the DagBag from /home/feuer/.local/lib/python3.10/site-packages/airflow/example_dags/example_branch_day_of_week_operator.py
[2023-05-21T17:09:59.662+0530] {processor.py:809} INFO - DAG(s) dict_keys(['example_weekday_branch_operator']) retrieved from /home/feuer/.local/lib/python3.10/site-packages/airflow/example_dags/example_branch_day_of_week_operator.py
[2023-05-21T17:09:59.675+0530] {logging_mixin.py:149} INFO - [2023-05-21T17:09:59.675+0530] {dag.py:2726} INFO - Sync 1 DAGs
[2023-05-21T17:09:59.687+0530] {logging_mixin.py:149} INFO - [2023-05-21T17:09:59.687+0530] {dag.py:3486} INFO - Setting next_dagrun for example_weekday_branch_operator to 2023-05-20T00:00:00+00:00, run_after=2023-05-21T00:00:00+00:00
[2023-05-21T17:09:59.778+0530] {processor.py:178} INFO - Processing /home/feuer/.local/lib/python3.10/site-packages/airflow/example_dags/example_branch_day_of_week_operator.py took 0.133 seconds
[2023-05-21T17:11:10.038+0530] {processor.py:156} INFO - Started process (PID=57822) to work on /home/feuer/.local/lib/python3.10/site-packages/airflow/example_dags/example_branch_day_of_week_operator.py
[2023-05-21T17:11:10.055+0530] {processor.py:799} INFO - Processing file /home/feuer/.local/lib/python3.10/site-packages/airflow/example_dags/example_branch_day_of_week_operator.py for tasks to queue
[2023-05-21T17:11:10.055+0530] {logging_mixin.py:149} INFO - [2023-05-21T17:11:10.055+0530] {dagbag.py:541} INFO - Filling up the DagBag from /home/feuer/.local/lib/python3.10/site-packages/airflow/example_dags/example_branch_day_of_week_operator.py
[2023-05-21T17:11:10.059+0530] {processor.py:809} INFO - DAG(s) dict_keys(['example_weekday_branch_operator']) retrieved from /home/feuer/.local/lib/python3.10/site-packages/airflow/example_dags/example_branch_day_of_week_operator.py
[2023-05-21T17:11:10.072+0530] {logging_mixin.py:149} INFO - [2023-05-21T17:11:10.072+0530] {dag.py:2726} INFO - Sync 1 DAGs
[2023-05-21T17:11:10.084+0530] {logging_mixin.py:149} INFO - [2023-05-21T17:11:10.084+0530] {dag.py:3486} INFO - Setting next_dagrun for example_weekday_branch_operator to 2023-05-20T00:00:00+00:00, run_after=2023-05-21T00:00:00+00:00
[2023-05-21T17:11:10.153+0530] {processor.py:178} INFO - Processing /home/feuer/.local/lib/python3.10/site-packages/airflow/example_dags/example_branch_day_of_week_operator.py took 0.117 seconds
[2023-05-21T17:12:20.518+0530] {processor.py:156} INFO - Started process (PID=58019) to work on /home/feuer/.local/lib/python3.10/site-packages/airflow/example_dags/example_branch_day_of_week_operator.py
[2023-05-21T17:12:20.533+0530] {processor.py:799} INFO - Processing file /home/feuer/.local/lib/python3.10/site-packages/airflow/example_dags/example_branch_day_of_week_operator.py for tasks to queue
[2023-05-21T17:12:20.534+0530] {logging_mixin.py:149} INFO - [2023-05-21T17:12:20.534+0530] {dagbag.py:541} INFO - Filling up the DagBag from /home/feuer/.local/lib/python3.10/site-packages/airflow/example_dags/example_branch_day_of_week_operator.py
[2023-05-21T17:12:20.541+0530] {processor.py:809} INFO - DAG(s) dict_keys(['example_weekday_branch_operator']) retrieved from /home/feuer/.local/lib/python3.10/site-packages/airflow/example_dags/example_branch_day_of_week_operator.py
[2023-05-21T17:12:20.561+0530] {logging_mixin.py:149} INFO - [2023-05-21T17:12:20.561+0530] {dag.py:2726} INFO - Sync 1 DAGs
[2023-05-21T17:12:20.582+0530] {logging_mixin.py:149} INFO - [2023-05-21T17:12:20.582+0530] {dag.py:3486} INFO - Setting next_dagrun for example_weekday_branch_operator to 2023-05-20T00:00:00+00:00, run_after=2023-05-21T00:00:00+00:00
[2023-05-21T17:12:20.650+0530] {processor.py:178} INFO - Processing /home/feuer/.local/lib/python3.10/site-packages/airflow/example_dags/example_branch_day_of_week_operator.py took 0.135 seconds
[2023-05-21T17:13:26.718+0530] {processor.py:156} INFO - Started process (PID=58166) to work on /home/feuer/.local/lib/python3.10/site-packages/airflow/example_dags/example_branch_day_of_week_operator.py
[2023-05-21T17:13:26.718+0530] {processor.py:799} INFO - Processing file /home/feuer/.local/lib/python3.10/site-packages/airflow/example_dags/example_branch_day_of_week_operator.py for tasks to queue
[2023-05-21T17:13:26.719+0530] {logging_mixin.py:149} INFO - [2023-05-21T17:13:26.719+0530] {dagbag.py:541} INFO - Filling up the DagBag from /home/feuer/.local/lib/python3.10/site-packages/airflow/example_dags/example_branch_day_of_week_operator.py
[2023-05-21T17:13:26.723+0530] {processor.py:809} INFO - DAG(s) dict_keys(['example_weekday_branch_operator']) retrieved from /home/feuer/.local/lib/python3.10/site-packages/airflow/example_dags/example_branch_day_of_week_operator.py
[2023-05-21T17:13:26.735+0530] {logging_mixin.py:149} INFO - [2023-05-21T17:13:26.734+0530] {dag.py:2726} INFO - Sync 1 DAGs
[2023-05-21T17:13:26.746+0530] {logging_mixin.py:149} INFO - [2023-05-21T17:13:26.746+0530] {dag.py:3486} INFO - Setting next_dagrun for example_weekday_branch_operator to 2023-05-20T00:00:00+00:00, run_after=2023-05-21T00:00:00+00:00
[2023-05-21T17:13:26.819+0530] {processor.py:178} INFO - Processing /home/feuer/.local/lib/python3.10/site-packages/airflow/example_dags/example_branch_day_of_week_operator.py took 0.104 seconds
[2023-05-21T17:14:35.150+0530] {processor.py:156} INFO - Started process (PID=58353) to work on /home/feuer/.local/lib/python3.10/site-packages/airflow/example_dags/example_branch_day_of_week_operator.py
[2023-05-21T17:14:35.176+0530] {processor.py:799} INFO - Processing file /home/feuer/.local/lib/python3.10/site-packages/airflow/example_dags/example_branch_day_of_week_operator.py for tasks to queue
[2023-05-21T17:14:35.176+0530] {logging_mixin.py:149} INFO - [2023-05-21T17:14:35.176+0530] {dagbag.py:541} INFO - Filling up the DagBag from /home/feuer/.local/lib/python3.10/site-packages/airflow/example_dags/example_branch_day_of_week_operator.py
[2023-05-21T17:14:35.180+0530] {processor.py:809} INFO - DAG(s) dict_keys(['example_weekday_branch_operator']) retrieved from /home/feuer/.local/lib/python3.10/site-packages/airflow/example_dags/example_branch_day_of_week_operator.py
[2023-05-21T17:14:35.192+0530] {logging_mixin.py:149} INFO - [2023-05-21T17:14:35.192+0530] {dag.py:2726} INFO - Sync 1 DAGs
[2023-05-21T17:14:35.204+0530] {logging_mixin.py:149} INFO - [2023-05-21T17:14:35.204+0530] {dag.py:3486} INFO - Setting next_dagrun for example_weekday_branch_operator to 2023-05-20T00:00:00+00:00, run_after=2023-05-21T00:00:00+00:00
[2023-05-21T17:14:35.286+0530] {processor.py:178} INFO - Processing /home/feuer/.local/lib/python3.10/site-packages/airflow/example_dags/example_branch_day_of_week_operator.py took 0.137 seconds
[2023-05-21T17:15:48.109+0530] {processor.py:156} INFO - Started process (PID=58516) to work on /home/feuer/.local/lib/python3.10/site-packages/airflow/example_dags/example_branch_day_of_week_operator.py
[2023-05-21T17:15:48.121+0530] {processor.py:799} INFO - Processing file /home/feuer/.local/lib/python3.10/site-packages/airflow/example_dags/example_branch_day_of_week_operator.py for tasks to queue
[2023-05-21T17:15:48.122+0530] {logging_mixin.py:149} INFO - [2023-05-21T17:15:48.122+0530] {dagbag.py:541} INFO - Filling up the DagBag from /home/feuer/.local/lib/python3.10/site-packages/airflow/example_dags/example_branch_day_of_week_operator.py
[2023-05-21T17:15:48.128+0530] {processor.py:809} INFO - DAG(s) dict_keys(['example_weekday_branch_operator']) retrieved from /home/feuer/.local/lib/python3.10/site-packages/airflow/example_dags/example_branch_day_of_week_operator.py
[2023-05-21T17:15:48.148+0530] {logging_mixin.py:149} INFO - [2023-05-21T17:15:48.148+0530] {dag.py:2726} INFO - Sync 1 DAGs
[2023-05-21T17:15:48.169+0530] {logging_mixin.py:149} INFO - [2023-05-21T17:15:48.168+0530] {dag.py:3486} INFO - Setting next_dagrun for example_weekday_branch_operator to 2023-05-20T00:00:00+00:00, run_after=2023-05-21T00:00:00+00:00
[2023-05-21T17:15:48.253+0530] {processor.py:178} INFO - Processing /home/feuer/.local/lib/python3.10/site-packages/airflow/example_dags/example_branch_day_of_week_operator.py took 0.147 seconds
[2023-05-21T17:16:57.702+0530] {processor.py:156} INFO - Started process (PID=58693) to work on /home/feuer/.local/lib/python3.10/site-packages/airflow/example_dags/example_branch_day_of_week_operator.py
[2023-05-21T17:16:57.703+0530] {processor.py:799} INFO - Processing file /home/feuer/.local/lib/python3.10/site-packages/airflow/example_dags/example_branch_day_of_week_operator.py for tasks to queue
[2023-05-21T17:16:57.703+0530] {logging_mixin.py:149} INFO - [2023-05-21T17:16:57.703+0530] {dagbag.py:541} INFO - Filling up the DagBag from /home/feuer/.local/lib/python3.10/site-packages/airflow/example_dags/example_branch_day_of_week_operator.py
[2023-05-21T17:16:57.710+0530] {processor.py:809} INFO - DAG(s) dict_keys(['example_weekday_branch_operator']) retrieved from /home/feuer/.local/lib/python3.10/site-packages/airflow/example_dags/example_branch_day_of_week_operator.py
[2023-05-21T17:16:57.729+0530] {logging_mixin.py:149} INFO - [2023-05-21T17:16:57.729+0530] {dag.py:2726} INFO - Sync 1 DAGs
[2023-05-21T17:16:57.747+0530] {logging_mixin.py:149} INFO - [2023-05-21T17:16:57.747+0530] {dag.py:3486} INFO - Setting next_dagrun for example_weekday_branch_operator to 2023-05-20T00:00:00+00:00, run_after=2023-05-21T00:00:00+00:00
[2023-05-21T17:16:57.823+0530] {processor.py:178} INFO - Processing /home/feuer/.local/lib/python3.10/site-packages/airflow/example_dags/example_branch_day_of_week_operator.py took 0.124 seconds
[2023-05-21T17:18:07.966+0530] {processor.py:156} INFO - Started process (PID=58852) to work on /home/feuer/.local/lib/python3.10/site-packages/airflow/example_dags/example_branch_day_of_week_operator.py
[2023-05-21T17:18:07.978+0530] {processor.py:799} INFO - Processing file /home/feuer/.local/lib/python3.10/site-packages/airflow/example_dags/example_branch_day_of_week_operator.py for tasks to queue
[2023-05-21T17:18:07.978+0530] {logging_mixin.py:149} INFO - [2023-05-21T17:18:07.978+0530] {dagbag.py:541} INFO - Filling up the DagBag from /home/feuer/.local/lib/python3.10/site-packages/airflow/example_dags/example_branch_day_of_week_operator.py
[2023-05-21T17:18:07.985+0530] {processor.py:809} INFO - DAG(s) dict_keys(['example_weekday_branch_operator']) retrieved from /home/feuer/.local/lib/python3.10/site-packages/airflow/example_dags/example_branch_day_of_week_operator.py
[2023-05-21T17:18:08.004+0530] {logging_mixin.py:149} INFO - [2023-05-21T17:18:08.004+0530] {dag.py:2726} INFO - Sync 1 DAGs
[2023-05-21T17:18:08.025+0530] {logging_mixin.py:149} INFO - [2023-05-21T17:18:08.025+0530] {dag.py:3486} INFO - Setting next_dagrun for example_weekday_branch_operator to 2023-05-20T00:00:00+00:00, run_after=2023-05-21T00:00:00+00:00
[2023-05-21T17:18:08.119+0530] {processor.py:178} INFO - Processing /home/feuer/.local/lib/python3.10/site-packages/airflow/example_dags/example_branch_day_of_week_operator.py took 0.156 seconds
[2023-05-21T17:19:16.094+0530] {processor.py:156} INFO - Started process (PID=59031) to work on /home/feuer/.local/lib/python3.10/site-packages/airflow/example_dags/example_branch_day_of_week_operator.py
[2023-05-21T17:19:16.107+0530] {processor.py:799} INFO - Processing file /home/feuer/.local/lib/python3.10/site-packages/airflow/example_dags/example_branch_day_of_week_operator.py for tasks to queue
[2023-05-21T17:19:16.107+0530] {logging_mixin.py:149} INFO - [2023-05-21T17:19:16.107+0530] {dagbag.py:541} INFO - Filling up the DagBag from /home/feuer/.local/lib/python3.10/site-packages/airflow/example_dags/example_branch_day_of_week_operator.py
[2023-05-21T17:19:16.114+0530] {processor.py:809} INFO - DAG(s) dict_keys(['example_weekday_branch_operator']) retrieved from /home/feuer/.local/lib/python3.10/site-packages/airflow/example_dags/example_branch_day_of_week_operator.py
[2023-05-21T17:19:16.133+0530] {logging_mixin.py:149} INFO - [2023-05-21T17:19:16.133+0530] {dag.py:2726} INFO - Sync 1 DAGs
[2023-05-21T17:19:16.154+0530] {logging_mixin.py:149} INFO - [2023-05-21T17:19:16.154+0530] {dag.py:3486} INFO - Setting next_dagrun for example_weekday_branch_operator to 2023-05-20T00:00:00+00:00, run_after=2023-05-21T00:00:00+00:00
[2023-05-21T17:19:16.240+0530] {processor.py:178} INFO - Processing /home/feuer/.local/lib/python3.10/site-packages/airflow/example_dags/example_branch_day_of_week_operator.py took 0.148 seconds
[2023-05-21T17:20:27.600+0530] {processor.py:156} INFO - Started process (PID=59236) to work on /home/feuer/.local/lib/python3.10/site-packages/airflow/example_dags/example_branch_day_of_week_operator.py
[2023-05-21T17:20:27.611+0530] {processor.py:799} INFO - Processing file /home/feuer/.local/lib/python3.10/site-packages/airflow/example_dags/example_branch_day_of_week_operator.py for tasks to queue
[2023-05-21T17:20:27.611+0530] {logging_mixin.py:149} INFO - [2023-05-21T17:20:27.611+0530] {dagbag.py:541} INFO - Filling up the DagBag from /home/feuer/.local/lib/python3.10/site-packages/airflow/example_dags/example_branch_day_of_week_operator.py
[2023-05-21T17:20:27.618+0530] {processor.py:809} INFO - DAG(s) dict_keys(['example_weekday_branch_operator']) retrieved from /home/feuer/.local/lib/python3.10/site-packages/airflow/example_dags/example_branch_day_of_week_operator.py
[2023-05-21T17:20:27.637+0530] {logging_mixin.py:149} INFO - [2023-05-21T17:20:27.637+0530] {dag.py:2726} INFO - Sync 1 DAGs
[2023-05-21T17:20:27.657+0530] {logging_mixin.py:149} INFO - [2023-05-21T17:20:27.657+0530] {dag.py:3486} INFO - Setting next_dagrun for example_weekday_branch_operator to 2023-05-20T00:00:00+00:00, run_after=2023-05-21T00:00:00+00:00
[2023-05-21T17:20:27.745+0530] {processor.py:178} INFO - Processing /home/feuer/.local/lib/python3.10/site-packages/airflow/example_dags/example_branch_day_of_week_operator.py took 0.147 seconds
[2023-05-21T17:22:06.321+0530] {processor.py:156} INFO - Started process (PID=59602) to work on /home/feuer/.local/lib/python3.10/site-packages/airflow/example_dags/example_branch_day_of_week_operator.py
[2023-05-21T17:22:06.474+0530] {processor.py:799} INFO - Processing file /home/feuer/.local/lib/python3.10/site-packages/airflow/example_dags/example_branch_day_of_week_operator.py for tasks to queue
[2023-05-21T17:22:06.475+0530] {logging_mixin.py:149} INFO - [2023-05-21T17:22:06.475+0530] {dagbag.py:541} INFO - Filling up the DagBag from /home/feuer/.local/lib/python3.10/site-packages/airflow/example_dags/example_branch_day_of_week_operator.py
[2023-05-21T17:22:06.481+0530] {processor.py:809} INFO - DAG(s) dict_keys(['example_weekday_branch_operator']) retrieved from /home/feuer/.local/lib/python3.10/site-packages/airflow/example_dags/example_branch_day_of_week_operator.py
[2023-05-21T17:22:06.502+0530] {logging_mixin.py:149} INFO - [2023-05-21T17:22:06.502+0530] {dag.py:2726} INFO - Sync 1 DAGs
[2023-05-21T17:22:06.524+0530] {logging_mixin.py:149} INFO - [2023-05-21T17:22:06.523+0530] {dag.py:3486} INFO - Setting next_dagrun for example_weekday_branch_operator to 2023-05-20T00:00:00+00:00, run_after=2023-05-21T00:00:00+00:00
[2023-05-21T17:22:07.700+0530] {processor.py:178} INFO - Processing /home/feuer/.local/lib/python3.10/site-packages/airflow/example_dags/example_branch_day_of_week_operator.py took 1.382 seconds
