[2023-05-21T19:39:54.801+0530] {processor.py:156} INFO - Started process (PID=23834) to work on /home/feuer/.local/lib/python3.10/site-packages/airflow/example_dags/example_kubernetes_executor.py
[2023-05-21T19:39:54.802+0530] {processor.py:799} INFO - Processing file /home/feuer/.local/lib/python3.10/site-packages/airflow/example_dags/example_kubernetes_executor.py for tasks to queue
[2023-05-21T19:39:54.802+0530] {logging_mixin.py:149} INFO - [2023-05-21T19:39:54.802+0530] {dagbag.py:541} INFO - Filling up the DagBag from /home/feuer/.local/lib/python3.10/site-packages/airflow/example_dags/example_kubernetes_executor.py
[2023-05-21T19:39:54.804+0530] {logging_mixin.py:149} INFO - [2023-05-21T19:39:54.804+0530] {example_kubernetes_executor.py:41} WARNING - The example_kubernetes_executor example DAG requires the kubernetes provider. Please install it with: pip install apache-airflow[cncf.kubernetes]
[2023-05-21T19:39:54.804+0530] {processor.py:811} WARNING - No viable dags retrieved from /home/feuer/.local/lib/python3.10/site-packages/airflow/example_dags/example_kubernetes_executor.py
[2023-05-21T19:39:54.810+0530] {processor.py:178} INFO - Processing /home/feuer/.local/lib/python3.10/site-packages/airflow/example_dags/example_kubernetes_executor.py took 0.011 seconds
[2023-05-21T19:41:08.917+0530] {processor.py:156} INFO - Started process (PID=24121) to work on /home/feuer/.local/lib/python3.10/site-packages/airflow/example_dags/example_kubernetes_executor.py
[2023-05-21T19:41:08.946+0530] {processor.py:799} INFO - Processing file /home/feuer/.local/lib/python3.10/site-packages/airflow/example_dags/example_kubernetes_executor.py for tasks to queue
[2023-05-21T19:41:08.947+0530] {logging_mixin.py:149} INFO - [2023-05-21T19:41:08.947+0530] {dagbag.py:541} INFO - Filling up the DagBag from /home/feuer/.local/lib/python3.10/site-packages/airflow/example_dags/example_kubernetes_executor.py
[2023-05-21T19:41:09.129+0530] {logging_mixin.py:149} INFO - [2023-05-21T19:41:09.129+0530] {example_kubernetes_executor.py:41} WARNING - The example_kubernetes_executor example DAG requires the kubernetes provider. Please install it with: pip install apache-airflow[cncf.kubernetes]
[2023-05-21T19:41:09.129+0530] {processor.py:811} WARNING - No viable dags retrieved from /home/feuer/.local/lib/python3.10/site-packages/airflow/example_dags/example_kubernetes_executor.py
[2023-05-21T19:41:09.157+0530] {processor.py:178} INFO - Processing /home/feuer/.local/lib/python3.10/site-packages/airflow/example_dags/example_kubernetes_executor.py took 0.243 seconds
[2023-05-21T19:42:27.598+0530] {processor.py:156} INFO - Started process (PID=24542) to work on /home/feuer/.local/lib/python3.10/site-packages/airflow/example_dags/example_kubernetes_executor.py
[2023-05-21T19:42:27.599+0530] {processor.py:799} INFO - Processing file /home/feuer/.local/lib/python3.10/site-packages/airflow/example_dags/example_kubernetes_executor.py for tasks to queue
[2023-05-21T19:42:27.600+0530] {logging_mixin.py:149} INFO - [2023-05-21T19:42:27.599+0530] {dagbag.py:541} INFO - Filling up the DagBag from /home/feuer/.local/lib/python3.10/site-packages/airflow/example_dags/example_kubernetes_executor.py
[2023-05-21T19:42:27.602+0530] {logging_mixin.py:149} INFO - [2023-05-21T19:42:27.602+0530] {example_kubernetes_executor.py:41} WARNING - The example_kubernetes_executor example DAG requires the kubernetes provider. Please install it with: pip install apache-airflow[cncf.kubernetes]
[2023-05-21T19:42:27.603+0530] {processor.py:811} WARNING - No viable dags retrieved from /home/feuer/.local/lib/python3.10/site-packages/airflow/example_dags/example_kubernetes_executor.py
[2023-05-21T19:42:27.612+0530] {processor.py:178} INFO - Processing /home/feuer/.local/lib/python3.10/site-packages/airflow/example_dags/example_kubernetes_executor.py took 0.017 seconds
[2023-05-21T19:43:24.941+0530] {processor.py:156} INFO - Started process (PID=24723) to work on /home/feuer/.local/lib/python3.10/site-packages/airflow/example_dags/example_kubernetes_executor.py
[2023-05-21T19:43:24.942+0530] {processor.py:799} INFO - Processing file /home/feuer/.local/lib/python3.10/site-packages/airflow/example_dags/example_kubernetes_executor.py for tasks to queue
[2023-05-21T19:43:24.942+0530] {logging_mixin.py:149} INFO - [2023-05-21T19:43:24.942+0530] {dagbag.py:541} INFO - Filling up the DagBag from /home/feuer/.local/lib/python3.10/site-packages/airflow/example_dags/example_kubernetes_executor.py
[2023-05-21T19:43:24.945+0530] {logging_mixin.py:149} INFO - [2023-05-21T19:43:24.944+0530] {example_kubernetes_executor.py:41} WARNING - The example_kubernetes_executor example DAG requires the kubernetes provider. Please install it with: pip install apache-airflow[cncf.kubernetes]
[2023-05-21T19:43:24.945+0530] {processor.py:811} WARNING - No viable dags retrieved from /home/feuer/.local/lib/python3.10/site-packages/airflow/example_dags/example_kubernetes_executor.py
[2023-05-21T19:43:24.953+0530] {processor.py:178} INFO - Processing /home/feuer/.local/lib/python3.10/site-packages/airflow/example_dags/example_kubernetes_executor.py took 0.015 seconds
[2023-05-21T19:44:18.305+0530] {processor.py:156} INFO - Started process (PID=24858) to work on /home/feuer/.local/lib/python3.10/site-packages/airflow/example_dags/example_kubernetes_executor.py
[2023-05-21T19:44:18.306+0530] {processor.py:799} INFO - Processing file /home/feuer/.local/lib/python3.10/site-packages/airflow/example_dags/example_kubernetes_executor.py for tasks to queue
[2023-05-21T19:44:18.306+0530] {logging_mixin.py:149} INFO - [2023-05-21T19:44:18.306+0530] {dagbag.py:541} INFO - Filling up the DagBag from /home/feuer/.local/lib/python3.10/site-packages/airflow/example_dags/example_kubernetes_executor.py
[2023-05-21T19:44:18.309+0530] {logging_mixin.py:149} INFO - [2023-05-21T19:44:18.309+0530] {example_kubernetes_executor.py:41} WARNING - The example_kubernetes_executor example DAG requires the kubernetes provider. Please install it with: pip install apache-airflow[cncf.kubernetes]
[2023-05-21T19:44:18.309+0530] {processor.py:811} WARNING - No viable dags retrieved from /home/feuer/.local/lib/python3.10/site-packages/airflow/example_dags/example_kubernetes_executor.py
[2023-05-21T19:44:18.317+0530] {processor.py:178} INFO - Processing /home/feuer/.local/lib/python3.10/site-packages/airflow/example_dags/example_kubernetes_executor.py took 0.015 seconds
[2023-05-21T19:45:12.104+0530] {processor.py:156} INFO - Started process (PID=25001) to work on /home/feuer/.local/lib/python3.10/site-packages/airflow/example_dags/example_kubernetes_executor.py
[2023-05-21T19:45:12.105+0530] {processor.py:799} INFO - Processing file /home/feuer/.local/lib/python3.10/site-packages/airflow/example_dags/example_kubernetes_executor.py for tasks to queue
[2023-05-21T19:45:12.105+0530] {logging_mixin.py:149} INFO - [2023-05-21T19:45:12.105+0530] {dagbag.py:541} INFO - Filling up the DagBag from /home/feuer/.local/lib/python3.10/site-packages/airflow/example_dags/example_kubernetes_executor.py
[2023-05-21T19:45:12.107+0530] {logging_mixin.py:149} INFO - [2023-05-21T19:45:12.107+0530] {example_kubernetes_executor.py:41} WARNING - The example_kubernetes_executor example DAG requires the kubernetes provider. Please install it with: pip install apache-airflow[cncf.kubernetes]
[2023-05-21T19:45:12.107+0530] {processor.py:811} WARNING - No viable dags retrieved from /home/feuer/.local/lib/python3.10/site-packages/airflow/example_dags/example_kubernetes_executor.py
[2023-05-21T19:45:12.115+0530] {processor.py:178} INFO - Processing /home/feuer/.local/lib/python3.10/site-packages/airflow/example_dags/example_kubernetes_executor.py took 0.013 seconds
[2023-05-21T19:46:05.799+0530] {processor.py:156} INFO - Started process (PID=25116) to work on /home/feuer/.local/lib/python3.10/site-packages/airflow/example_dags/example_kubernetes_executor.py
[2023-05-21T19:46:05.800+0530] {processor.py:799} INFO - Processing file /home/feuer/.local/lib/python3.10/site-packages/airflow/example_dags/example_kubernetes_executor.py for tasks to queue
[2023-05-21T19:46:05.801+0530] {logging_mixin.py:149} INFO - [2023-05-21T19:46:05.800+0530] {dagbag.py:541} INFO - Filling up the DagBag from /home/feuer/.local/lib/python3.10/site-packages/airflow/example_dags/example_kubernetes_executor.py
[2023-05-21T19:46:05.803+0530] {logging_mixin.py:149} INFO - [2023-05-21T19:46:05.803+0530] {example_kubernetes_executor.py:41} WARNING - The example_kubernetes_executor example DAG requires the kubernetes provider. Please install it with: pip install apache-airflow[cncf.kubernetes]
[2023-05-21T19:46:05.803+0530] {processor.py:811} WARNING - No viable dags retrieved from /home/feuer/.local/lib/python3.10/site-packages/airflow/example_dags/example_kubernetes_executor.py
[2023-05-21T19:46:05.810+0530] {processor.py:178} INFO - Processing /home/feuer/.local/lib/python3.10/site-packages/airflow/example_dags/example_kubernetes_executor.py took 0.013 seconds
[2023-05-21T19:46:59.360+0530] {processor.py:156} INFO - Started process (PID=25223) to work on /home/feuer/.local/lib/python3.10/site-packages/airflow/example_dags/example_kubernetes_executor.py
[2023-05-21T19:46:59.360+0530] {processor.py:799} INFO - Processing file /home/feuer/.local/lib/python3.10/site-packages/airflow/example_dags/example_kubernetes_executor.py for tasks to queue
[2023-05-21T19:46:59.361+0530] {logging_mixin.py:149} INFO - [2023-05-21T19:46:59.361+0530] {dagbag.py:541} INFO - Filling up the DagBag from /home/feuer/.local/lib/python3.10/site-packages/airflow/example_dags/example_kubernetes_executor.py
[2023-05-21T19:46:59.363+0530] {logging_mixin.py:149} INFO - [2023-05-21T19:46:59.363+0530] {example_kubernetes_executor.py:41} WARNING - The example_kubernetes_executor example DAG requires the kubernetes provider. Please install it with: pip install apache-airflow[cncf.kubernetes]
[2023-05-21T19:46:59.363+0530] {processor.py:811} WARNING - No viable dags retrieved from /home/feuer/.local/lib/python3.10/site-packages/airflow/example_dags/example_kubernetes_executor.py
[2023-05-21T19:46:59.370+0530] {processor.py:178} INFO - Processing /home/feuer/.local/lib/python3.10/site-packages/airflow/example_dags/example_kubernetes_executor.py took 0.013 seconds
[2023-05-21T19:47:51.889+0530] {processor.py:156} INFO - Started process (PID=25343) to work on /home/feuer/.local/lib/python3.10/site-packages/airflow/example_dags/example_kubernetes_executor.py
[2023-05-21T19:47:51.891+0530] {processor.py:799} INFO - Processing file /home/feuer/.local/lib/python3.10/site-packages/airflow/example_dags/example_kubernetes_executor.py for tasks to queue
[2023-05-21T19:47:51.892+0530] {logging_mixin.py:149} INFO - [2023-05-21T19:47:51.892+0530] {dagbag.py:541} INFO - Filling up the DagBag from /home/feuer/.local/lib/python3.10/site-packages/airflow/example_dags/example_kubernetes_executor.py
[2023-05-21T19:47:51.894+0530] {logging_mixin.py:149} INFO - [2023-05-21T19:47:51.894+0530] {example_kubernetes_executor.py:41} WARNING - The example_kubernetes_executor example DAG requires the kubernetes provider. Please install it with: pip install apache-airflow[cncf.kubernetes]
[2023-05-21T19:47:51.895+0530] {processor.py:811} WARNING - No viable dags retrieved from /home/feuer/.local/lib/python3.10/site-packages/airflow/example_dags/example_kubernetes_executor.py
[2023-05-21T19:47:51.904+0530] {processor.py:178} INFO - Processing /home/feuer/.local/lib/python3.10/site-packages/airflow/example_dags/example_kubernetes_executor.py took 0.018 seconds
[2023-05-21T19:48:44.541+0530] {processor.py:156} INFO - Started process (PID=25452) to work on /home/feuer/.local/lib/python3.10/site-packages/airflow/example_dags/example_kubernetes_executor.py
[2023-05-21T19:48:44.542+0530] {processor.py:799} INFO - Processing file /home/feuer/.local/lib/python3.10/site-packages/airflow/example_dags/example_kubernetes_executor.py for tasks to queue
[2023-05-21T19:48:44.542+0530] {logging_mixin.py:149} INFO - [2023-05-21T19:48:44.542+0530] {dagbag.py:541} INFO - Filling up the DagBag from /home/feuer/.local/lib/python3.10/site-packages/airflow/example_dags/example_kubernetes_executor.py
[2023-05-21T19:48:44.545+0530] {logging_mixin.py:149} INFO - [2023-05-21T19:48:44.544+0530] {example_kubernetes_executor.py:41} WARNING - The example_kubernetes_executor example DAG requires the kubernetes provider. Please install it with: pip install apache-airflow[cncf.kubernetes]
[2023-05-21T19:48:44.545+0530] {processor.py:811} WARNING - No viable dags retrieved from /home/feuer/.local/lib/python3.10/site-packages/airflow/example_dags/example_kubernetes_executor.py
[2023-05-21T19:48:44.553+0530] {processor.py:178} INFO - Processing /home/feuer/.local/lib/python3.10/site-packages/airflow/example_dags/example_kubernetes_executor.py took 0.014 seconds
[2023-05-21T19:49:37.357+0530] {processor.py:156} INFO - Started process (PID=25570) to work on /home/feuer/.local/lib/python3.10/site-packages/airflow/example_dags/example_kubernetes_executor.py
[2023-05-21T19:49:37.370+0530] {processor.py:799} INFO - Processing file /home/feuer/.local/lib/python3.10/site-packages/airflow/example_dags/example_kubernetes_executor.py for tasks to queue
[2023-05-21T19:49:37.370+0530] {logging_mixin.py:149} INFO - [2023-05-21T19:49:37.370+0530] {dagbag.py:541} INFO - Filling up the DagBag from /home/feuer/.local/lib/python3.10/site-packages/airflow/example_dags/example_kubernetes_executor.py
[2023-05-21T19:49:37.372+0530] {logging_mixin.py:149} INFO - [2023-05-21T19:49:37.372+0530] {example_kubernetes_executor.py:41} WARNING - The example_kubernetes_executor example DAG requires the kubernetes provider. Please install it with: pip install apache-airflow[cncf.kubernetes]
[2023-05-21T19:49:37.372+0530] {processor.py:811} WARNING - No viable dags retrieved from /home/feuer/.local/lib/python3.10/site-packages/airflow/example_dags/example_kubernetes_executor.py
[2023-05-21T19:49:37.378+0530] {processor.py:178} INFO - Processing /home/feuer/.local/lib/python3.10/site-packages/airflow/example_dags/example_kubernetes_executor.py took 0.023 seconds
[2023-05-21T19:50:29.520+0530] {processor.py:156} INFO - Started process (PID=25730) to work on /home/feuer/.local/lib/python3.10/site-packages/airflow/example_dags/example_kubernetes_executor.py
[2023-05-21T19:50:29.521+0530] {processor.py:799} INFO - Processing file /home/feuer/.local/lib/python3.10/site-packages/airflow/example_dags/example_kubernetes_executor.py for tasks to queue
[2023-05-21T19:50:29.522+0530] {logging_mixin.py:149} INFO - [2023-05-21T19:50:29.522+0530] {dagbag.py:541} INFO - Filling up the DagBag from /home/feuer/.local/lib/python3.10/site-packages/airflow/example_dags/example_kubernetes_executor.py
[2023-05-21T19:50:29.525+0530] {logging_mixin.py:149} INFO - [2023-05-21T19:50:29.524+0530] {example_kubernetes_executor.py:41} WARNING - The example_kubernetes_executor example DAG requires the kubernetes provider. Please install it with: pip install apache-airflow[cncf.kubernetes]
[2023-05-21T19:50:29.525+0530] {processor.py:811} WARNING - No viable dags retrieved from /home/feuer/.local/lib/python3.10/site-packages/airflow/example_dags/example_kubernetes_executor.py
[2023-05-21T19:50:29.535+0530] {processor.py:178} INFO - Processing /home/feuer/.local/lib/python3.10/site-packages/airflow/example_dags/example_kubernetes_executor.py took 0.017 seconds
[2023-05-21T19:51:21.757+0530] {processor.py:156} INFO - Started process (PID=25854) to work on /home/feuer/.local/lib/python3.10/site-packages/airflow/example_dags/example_kubernetes_executor.py
[2023-05-21T19:51:21.773+0530] {processor.py:799} INFO - Processing file /home/feuer/.local/lib/python3.10/site-packages/airflow/example_dags/example_kubernetes_executor.py for tasks to queue
[2023-05-21T19:51:21.773+0530] {logging_mixin.py:149} INFO - [2023-05-21T19:51:21.773+0530] {dagbag.py:541} INFO - Filling up the DagBag from /home/feuer/.local/lib/python3.10/site-packages/airflow/example_dags/example_kubernetes_executor.py
[2023-05-21T19:51:21.776+0530] {logging_mixin.py:149} INFO - [2023-05-21T19:51:21.776+0530] {example_kubernetes_executor.py:41} WARNING - The example_kubernetes_executor example DAG requires the kubernetes provider. Please install it with: pip install apache-airflow[cncf.kubernetes]
[2023-05-21T19:51:21.776+0530] {processor.py:811} WARNING - No viable dags retrieved from /home/feuer/.local/lib/python3.10/site-packages/airflow/example_dags/example_kubernetes_executor.py
[2023-05-21T19:51:21.786+0530] {processor.py:178} INFO - Processing /home/feuer/.local/lib/python3.10/site-packages/airflow/example_dags/example_kubernetes_executor.py took 0.032 seconds
[2023-05-21T19:52:12.453+0530] {processor.py:156} INFO - Started process (PID=25964) to work on /home/feuer/.local/lib/python3.10/site-packages/airflow/example_dags/example_kubernetes_executor.py
[2023-05-21T19:52:12.454+0530] {processor.py:799} INFO - Processing file /home/feuer/.local/lib/python3.10/site-packages/airflow/example_dags/example_kubernetes_executor.py for tasks to queue
[2023-05-21T19:52:12.454+0530] {logging_mixin.py:149} INFO - [2023-05-21T19:52:12.454+0530] {dagbag.py:541} INFO - Filling up the DagBag from /home/feuer/.local/lib/python3.10/site-packages/airflow/example_dags/example_kubernetes_executor.py
[2023-05-21T19:52:12.457+0530] {logging_mixin.py:149} INFO - [2023-05-21T19:52:12.457+0530] {example_kubernetes_executor.py:41} WARNING - The example_kubernetes_executor example DAG requires the kubernetes provider. Please install it with: pip install apache-airflow[cncf.kubernetes]
[2023-05-21T19:52:12.457+0530] {processor.py:811} WARNING - No viable dags retrieved from /home/feuer/.local/lib/python3.10/site-packages/airflow/example_dags/example_kubernetes_executor.py
[2023-05-21T19:52:12.467+0530] {processor.py:178} INFO - Processing /home/feuer/.local/lib/python3.10/site-packages/airflow/example_dags/example_kubernetes_executor.py took 0.017 seconds
[2023-05-21T19:53:19.292+0530] {processor.py:156} INFO - Started process (PID=26151) to work on /home/feuer/.local/lib/python3.10/site-packages/airflow/example_dags/example_kubernetes_executor.py
[2023-05-21T19:53:19.333+0530] {processor.py:799} INFO - Processing file /home/feuer/.local/lib/python3.10/site-packages/airflow/example_dags/example_kubernetes_executor.py for tasks to queue
[2023-05-21T19:53:19.334+0530] {logging_mixin.py:149} INFO - [2023-05-21T19:53:19.334+0530] {dagbag.py:541} INFO - Filling up the DagBag from /home/feuer/.local/lib/python3.10/site-packages/airflow/example_dags/example_kubernetes_executor.py
[2023-05-21T19:53:19.337+0530] {logging_mixin.py:149} INFO - [2023-05-21T19:53:19.337+0530] {example_kubernetes_executor.py:41} WARNING - The example_kubernetes_executor example DAG requires the kubernetes provider. Please install it with: pip install apache-airflow[cncf.kubernetes]
[2023-05-21T19:53:19.337+0530] {processor.py:811} WARNING - No viable dags retrieved from /home/feuer/.local/lib/python3.10/site-packages/airflow/example_dags/example_kubernetes_executor.py
[2023-05-21T19:53:19.347+0530] {processor.py:178} INFO - Processing /home/feuer/.local/lib/python3.10/site-packages/airflow/example_dags/example_kubernetes_executor.py took 0.058 seconds
[2023-05-21T19:54:10.007+0530] {processor.py:156} INFO - Started process (PID=26314) to work on /home/feuer/.local/lib/python3.10/site-packages/airflow/example_dags/example_kubernetes_executor.py
[2023-05-21T19:54:10.022+0530] {processor.py:799} INFO - Processing file /home/feuer/.local/lib/python3.10/site-packages/airflow/example_dags/example_kubernetes_executor.py for tasks to queue
[2023-05-21T19:54:10.023+0530] {logging_mixin.py:149} INFO - [2023-05-21T19:54:10.023+0530] {dagbag.py:541} INFO - Filling up the DagBag from /home/feuer/.local/lib/python3.10/site-packages/airflow/example_dags/example_kubernetes_executor.py
[2023-05-21T19:54:10.026+0530] {logging_mixin.py:149} INFO - [2023-05-21T19:54:10.026+0530] {example_kubernetes_executor.py:41} WARNING - The example_kubernetes_executor example DAG requires the kubernetes provider. Please install it with: pip install apache-airflow[cncf.kubernetes]
[2023-05-21T19:54:10.026+0530] {processor.py:811} WARNING - No viable dags retrieved from /home/feuer/.local/lib/python3.10/site-packages/airflow/example_dags/example_kubernetes_executor.py
[2023-05-21T19:54:10.036+0530] {processor.py:178} INFO - Processing /home/feuer/.local/lib/python3.10/site-packages/airflow/example_dags/example_kubernetes_executor.py took 0.033 seconds
[2023-05-21T19:55:01.340+0530] {processor.py:156} INFO - Started process (PID=26432) to work on /home/feuer/.local/lib/python3.10/site-packages/airflow/example_dags/example_kubernetes_executor.py
[2023-05-21T19:55:01.341+0530] {processor.py:799} INFO - Processing file /home/feuer/.local/lib/python3.10/site-packages/airflow/example_dags/example_kubernetes_executor.py for tasks to queue
[2023-05-21T19:55:01.342+0530] {logging_mixin.py:149} INFO - [2023-05-21T19:55:01.342+0530] {dagbag.py:541} INFO - Filling up the DagBag from /home/feuer/.local/lib/python3.10/site-packages/airflow/example_dags/example_kubernetes_executor.py
[2023-05-21T19:55:01.345+0530] {logging_mixin.py:149} INFO - [2023-05-21T19:55:01.344+0530] {example_kubernetes_executor.py:41} WARNING - The example_kubernetes_executor example DAG requires the kubernetes provider. Please install it with: pip install apache-airflow[cncf.kubernetes]
[2023-05-21T19:55:01.345+0530] {processor.py:811} WARNING - No viable dags retrieved from /home/feuer/.local/lib/python3.10/site-packages/airflow/example_dags/example_kubernetes_executor.py
[2023-05-21T19:55:01.354+0530] {processor.py:178} INFO - Processing /home/feuer/.local/lib/python3.10/site-packages/airflow/example_dags/example_kubernetes_executor.py took 0.017 seconds
[2023-05-21T19:55:56.640+0530] {processor.py:156} INFO - Started process (PID=26567) to work on /home/feuer/.local/lib/python3.10/site-packages/airflow/example_dags/example_kubernetes_executor.py
[2023-05-21T19:55:56.641+0530] {processor.py:799} INFO - Processing file /home/feuer/.local/lib/python3.10/site-packages/airflow/example_dags/example_kubernetes_executor.py for tasks to queue
[2023-05-21T19:55:56.642+0530] {logging_mixin.py:149} INFO - [2023-05-21T19:55:56.642+0530] {dagbag.py:541} INFO - Filling up the DagBag from /home/feuer/.local/lib/python3.10/site-packages/airflow/example_dags/example_kubernetes_executor.py
[2023-05-21T19:55:56.645+0530] {logging_mixin.py:149} INFO - [2023-05-21T19:55:56.644+0530] {example_kubernetes_executor.py:41} WARNING - The example_kubernetes_executor example DAG requires the kubernetes provider. Please install it with: pip install apache-airflow[cncf.kubernetes]
[2023-05-21T19:55:56.645+0530] {processor.py:811} WARNING - No viable dags retrieved from /home/feuer/.local/lib/python3.10/site-packages/airflow/example_dags/example_kubernetes_executor.py
[2023-05-21T19:55:56.654+0530] {processor.py:178} INFO - Processing /home/feuer/.local/lib/python3.10/site-packages/airflow/example_dags/example_kubernetes_executor.py took 0.017 seconds
[2023-05-21T19:56:53.208+0530] {processor.py:156} INFO - Started process (PID=26749) to work on /home/feuer/.local/lib/python3.10/site-packages/airflow/example_dags/example_kubernetes_executor.py
[2023-05-21T19:56:53.209+0530] {processor.py:799} INFO - Processing file /home/feuer/.local/lib/python3.10/site-packages/airflow/example_dags/example_kubernetes_executor.py for tasks to queue
[2023-05-21T19:56:53.209+0530] {logging_mixin.py:149} INFO - [2023-05-21T19:56:53.209+0530] {dagbag.py:541} INFO - Filling up the DagBag from /home/feuer/.local/lib/python3.10/site-packages/airflow/example_dags/example_kubernetes_executor.py
[2023-05-21T19:56:53.212+0530] {logging_mixin.py:149} INFO - [2023-05-21T19:56:53.212+0530] {example_kubernetes_executor.py:41} WARNING - The example_kubernetes_executor example DAG requires the kubernetes provider. Please install it with: pip install apache-airflow[cncf.kubernetes]
[2023-05-21T19:56:53.212+0530] {processor.py:811} WARNING - No viable dags retrieved from /home/feuer/.local/lib/python3.10/site-packages/airflow/example_dags/example_kubernetes_executor.py
[2023-05-21T19:56:53.222+0530] {processor.py:178} INFO - Processing /home/feuer/.local/lib/python3.10/site-packages/airflow/example_dags/example_kubernetes_executor.py took 0.017 seconds
[2023-05-21T19:57:43.628+0530] {processor.py:156} INFO - Started process (PID=26874) to work on /home/feuer/.local/lib/python3.10/site-packages/airflow/example_dags/example_kubernetes_executor.py
[2023-05-21T19:57:43.644+0530] {processor.py:799} INFO - Processing file /home/feuer/.local/lib/python3.10/site-packages/airflow/example_dags/example_kubernetes_executor.py for tasks to queue
[2023-05-21T19:57:43.645+0530] {logging_mixin.py:149} INFO - [2023-05-21T19:57:43.645+0530] {dagbag.py:541} INFO - Filling up the DagBag from /home/feuer/.local/lib/python3.10/site-packages/airflow/example_dags/example_kubernetes_executor.py
[2023-05-21T19:57:43.648+0530] {logging_mixin.py:149} INFO - [2023-05-21T19:57:43.648+0530] {example_kubernetes_executor.py:41} WARNING - The example_kubernetes_executor example DAG requires the kubernetes provider. Please install it with: pip install apache-airflow[cncf.kubernetes]
[2023-05-21T19:57:43.648+0530] {processor.py:811} WARNING - No viable dags retrieved from /home/feuer/.local/lib/python3.10/site-packages/airflow/example_dags/example_kubernetes_executor.py
[2023-05-21T19:57:43.658+0530] {processor.py:178} INFO - Processing /home/feuer/.local/lib/python3.10/site-packages/airflow/example_dags/example_kubernetes_executor.py took 0.032 seconds
[2023-05-21T19:58:35.813+0530] {processor.py:156} INFO - Started process (PID=27019) to work on /home/feuer/.local/lib/python3.10/site-packages/airflow/example_dags/example_kubernetes_executor.py
[2023-05-21T19:58:35.814+0530] {processor.py:799} INFO - Processing file /home/feuer/.local/lib/python3.10/site-packages/airflow/example_dags/example_kubernetes_executor.py for tasks to queue
[2023-05-21T19:58:35.814+0530] {logging_mixin.py:149} INFO - [2023-05-21T19:58:35.814+0530] {dagbag.py:541} INFO - Filling up the DagBag from /home/feuer/.local/lib/python3.10/site-packages/airflow/example_dags/example_kubernetes_executor.py
[2023-05-21T19:58:35.817+0530] {logging_mixin.py:149} INFO - [2023-05-21T19:58:35.817+0530] {example_kubernetes_executor.py:41} WARNING - The example_kubernetes_executor example DAG requires the kubernetes provider. Please install it with: pip install apache-airflow[cncf.kubernetes]
[2023-05-21T19:58:35.818+0530] {processor.py:811} WARNING - No viable dags retrieved from /home/feuer/.local/lib/python3.10/site-packages/airflow/example_dags/example_kubernetes_executor.py
[2023-05-21T19:58:35.831+0530] {processor.py:178} INFO - Processing /home/feuer/.local/lib/python3.10/site-packages/airflow/example_dags/example_kubernetes_executor.py took 0.022 seconds
[2023-05-21T19:59:35.905+0530] {processor.py:156} INFO - Started process (PID=27173) to work on /home/feuer/.local/lib/python3.10/site-packages/airflow/example_dags/example_kubernetes_executor.py
[2023-05-21T19:59:35.920+0530] {processor.py:799} INFO - Processing file /home/feuer/.local/lib/python3.10/site-packages/airflow/example_dags/example_kubernetes_executor.py for tasks to queue
[2023-05-21T19:59:35.920+0530] {logging_mixin.py:149} INFO - [2023-05-21T19:59:35.920+0530] {dagbag.py:541} INFO - Filling up the DagBag from /home/feuer/.local/lib/python3.10/site-packages/airflow/example_dags/example_kubernetes_executor.py
[2023-05-21T19:59:35.923+0530] {logging_mixin.py:149} INFO - [2023-05-21T19:59:35.923+0530] {example_kubernetes_executor.py:41} WARNING - The example_kubernetes_executor example DAG requires the kubernetes provider. Please install it with: pip install apache-airflow[cncf.kubernetes]
[2023-05-21T19:59:35.923+0530] {processor.py:811} WARNING - No viable dags retrieved from /home/feuer/.local/lib/python3.10/site-packages/airflow/example_dags/example_kubernetes_executor.py
[2023-05-21T19:59:35.933+0530] {processor.py:178} INFO - Processing /home/feuer/.local/lib/python3.10/site-packages/airflow/example_dags/example_kubernetes_executor.py took 0.031 seconds
[2023-05-21T20:00:36.128+0530] {processor.py:156} INFO - Started process (PID=27325) to work on /home/feuer/.local/lib/python3.10/site-packages/airflow/example_dags/example_kubernetes_executor.py
[2023-05-21T20:00:36.133+0530] {processor.py:799} INFO - Processing file /home/feuer/.local/lib/python3.10/site-packages/airflow/example_dags/example_kubernetes_executor.py for tasks to queue
[2023-05-21T20:00:36.134+0530] {logging_mixin.py:149} INFO - [2023-05-21T20:00:36.134+0530] {dagbag.py:541} INFO - Filling up the DagBag from /home/feuer/.local/lib/python3.10/site-packages/airflow/example_dags/example_kubernetes_executor.py
[2023-05-21T20:00:36.137+0530] {logging_mixin.py:149} INFO - [2023-05-21T20:00:36.137+0530] {example_kubernetes_executor.py:41} WARNING - The example_kubernetes_executor example DAG requires the kubernetes provider. Please install it with: pip install apache-airflow[cncf.kubernetes]
[2023-05-21T20:00:36.137+0530] {processor.py:811} WARNING - No viable dags retrieved from /home/feuer/.local/lib/python3.10/site-packages/airflow/example_dags/example_kubernetes_executor.py
[2023-05-21T20:00:36.147+0530] {processor.py:178} INFO - Processing /home/feuer/.local/lib/python3.10/site-packages/airflow/example_dags/example_kubernetes_executor.py took 0.021 seconds
[2023-05-21T20:01:45.625+0530] {processor.py:156} INFO - Started process (PID=27625) to work on /home/feuer/.local/lib/python3.10/site-packages/airflow/example_dags/example_kubernetes_executor.py
[2023-05-21T20:01:45.635+0530] {processor.py:799} INFO - Processing file /home/feuer/.local/lib/python3.10/site-packages/airflow/example_dags/example_kubernetes_executor.py for tasks to queue
[2023-05-21T20:01:45.636+0530] {logging_mixin.py:149} INFO - [2023-05-21T20:01:45.636+0530] {dagbag.py:541} INFO - Filling up the DagBag from /home/feuer/.local/lib/python3.10/site-packages/airflow/example_dags/example_kubernetes_executor.py
[2023-05-21T20:01:45.639+0530] {logging_mixin.py:149} INFO - [2023-05-21T20:01:45.639+0530] {example_kubernetes_executor.py:41} WARNING - The example_kubernetes_executor example DAG requires the kubernetes provider. Please install it with: pip install apache-airflow[cncf.kubernetes]
[2023-05-21T20:01:45.639+0530] {processor.py:811} WARNING - No viable dags retrieved from /home/feuer/.local/lib/python3.10/site-packages/airflow/example_dags/example_kubernetes_executor.py
[2023-05-21T20:01:45.649+0530] {processor.py:178} INFO - Processing /home/feuer/.local/lib/python3.10/site-packages/airflow/example_dags/example_kubernetes_executor.py took 0.027 seconds
[2023-05-21T20:02:51.251+0530] {processor.py:156} INFO - Started process (PID=27879) to work on /home/feuer/.local/lib/python3.10/site-packages/airflow/example_dags/example_kubernetes_executor.py
[2023-05-21T20:02:51.265+0530] {processor.py:799} INFO - Processing file /home/feuer/.local/lib/python3.10/site-packages/airflow/example_dags/example_kubernetes_executor.py for tasks to queue
[2023-05-21T20:02:51.265+0530] {logging_mixin.py:149} INFO - [2023-05-21T20:02:51.265+0530] {dagbag.py:541} INFO - Filling up the DagBag from /home/feuer/.local/lib/python3.10/site-packages/airflow/example_dags/example_kubernetes_executor.py
[2023-05-21T20:02:51.267+0530] {logging_mixin.py:149} INFO - [2023-05-21T20:02:51.267+0530] {example_kubernetes_executor.py:41} WARNING - The example_kubernetes_executor example DAG requires the kubernetes provider. Please install it with: pip install apache-airflow[cncf.kubernetes]
[2023-05-21T20:02:51.268+0530] {processor.py:811} WARNING - No viable dags retrieved from /home/feuer/.local/lib/python3.10/site-packages/airflow/example_dags/example_kubernetes_executor.py
[2023-05-21T20:02:51.275+0530] {processor.py:178} INFO - Processing /home/feuer/.local/lib/python3.10/site-packages/airflow/example_dags/example_kubernetes_executor.py took 0.026 seconds
[2023-05-21T20:03:52.228+0530] {processor.py:156} INFO - Started process (PID=28040) to work on /home/feuer/.local/lib/python3.10/site-packages/airflow/example_dags/example_kubernetes_executor.py
[2023-05-21T20:03:52.245+0530] {processor.py:799} INFO - Processing file /home/feuer/.local/lib/python3.10/site-packages/airflow/example_dags/example_kubernetes_executor.py for tasks to queue
[2023-05-21T20:03:52.246+0530] {logging_mixin.py:149} INFO - [2023-05-21T20:03:52.246+0530] {dagbag.py:541} INFO - Filling up the DagBag from /home/feuer/.local/lib/python3.10/site-packages/airflow/example_dags/example_kubernetes_executor.py
[2023-05-21T20:03:52.249+0530] {logging_mixin.py:149} INFO - [2023-05-21T20:03:52.248+0530] {example_kubernetes_executor.py:41} WARNING - The example_kubernetes_executor example DAG requires the kubernetes provider. Please install it with: pip install apache-airflow[cncf.kubernetes]
[2023-05-21T20:03:52.249+0530] {processor.py:811} WARNING - No viable dags retrieved from /home/feuer/.local/lib/python3.10/site-packages/airflow/example_dags/example_kubernetes_executor.py
[2023-05-21T20:03:52.259+0530] {processor.py:178} INFO - Processing /home/feuer/.local/lib/python3.10/site-packages/airflow/example_dags/example_kubernetes_executor.py took 0.034 seconds
[2023-05-21T20:04:51.715+0530] {processor.py:156} INFO - Started process (PID=28264) to work on /home/feuer/.local/lib/python3.10/site-packages/airflow/example_dags/example_kubernetes_executor.py
[2023-05-21T20:04:51.730+0530] {processor.py:799} INFO - Processing file /home/feuer/.local/lib/python3.10/site-packages/airflow/example_dags/example_kubernetes_executor.py for tasks to queue
[2023-05-21T20:04:51.731+0530] {logging_mixin.py:149} INFO - [2023-05-21T20:04:51.731+0530] {dagbag.py:541} INFO - Filling up the DagBag from /home/feuer/.local/lib/python3.10/site-packages/airflow/example_dags/example_kubernetes_executor.py
[2023-05-21T20:04:51.733+0530] {logging_mixin.py:149} INFO - [2023-05-21T20:04:51.733+0530] {example_kubernetes_executor.py:41} WARNING - The example_kubernetes_executor example DAG requires the kubernetes provider. Please install it with: pip install apache-airflow[cncf.kubernetes]
[2023-05-21T20:04:51.733+0530] {processor.py:811} WARNING - No viable dags retrieved from /home/feuer/.local/lib/python3.10/site-packages/airflow/example_dags/example_kubernetes_executor.py
[2023-05-21T20:04:51.739+0530] {processor.py:178} INFO - Processing /home/feuer/.local/lib/python3.10/site-packages/airflow/example_dags/example_kubernetes_executor.py took 0.027 seconds
[2023-05-21T20:05:50.772+0530] {processor.py:156} INFO - Started process (PID=28489) to work on /home/feuer/.local/lib/python3.10/site-packages/airflow/example_dags/example_kubernetes_executor.py
[2023-05-21T20:05:50.795+0530] {processor.py:799} INFO - Processing file /home/feuer/.local/lib/python3.10/site-packages/airflow/example_dags/example_kubernetes_executor.py for tasks to queue
[2023-05-21T20:05:50.795+0530] {logging_mixin.py:149} INFO - [2023-05-21T20:05:50.795+0530] {dagbag.py:541} INFO - Filling up the DagBag from /home/feuer/.local/lib/python3.10/site-packages/airflow/example_dags/example_kubernetes_executor.py
[2023-05-21T20:05:50.807+0530] {logging_mixin.py:149} INFO - [2023-05-21T20:05:50.806+0530] {example_kubernetes_executor.py:41} WARNING - The example_kubernetes_executor example DAG requires the kubernetes provider. Please install it with: pip install apache-airflow[cncf.kubernetes]
[2023-05-21T20:05:50.807+0530] {processor.py:811} WARNING - No viable dags retrieved from /home/feuer/.local/lib/python3.10/site-packages/airflow/example_dags/example_kubernetes_executor.py
[2023-05-21T20:05:50.814+0530] {processor.py:178} INFO - Processing /home/feuer/.local/lib/python3.10/site-packages/airflow/example_dags/example_kubernetes_executor.py took 0.044 seconds
[2023-05-21T20:06:47.029+0530] {processor.py:156} INFO - Started process (PID=28818) to work on /home/feuer/.local/lib/python3.10/site-packages/airflow/example_dags/example_kubernetes_executor.py
[2023-05-21T20:06:47.030+0530] {processor.py:799} INFO - Processing file /home/feuer/.local/lib/python3.10/site-packages/airflow/example_dags/example_kubernetes_executor.py for tasks to queue
[2023-05-21T20:06:47.031+0530] {logging_mixin.py:149} INFO - [2023-05-21T20:06:47.031+0530] {dagbag.py:541} INFO - Filling up the DagBag from /home/feuer/.local/lib/python3.10/site-packages/airflow/example_dags/example_kubernetes_executor.py
[2023-05-21T20:06:47.034+0530] {logging_mixin.py:149} INFO - [2023-05-21T20:06:47.034+0530] {example_kubernetes_executor.py:41} WARNING - The example_kubernetes_executor example DAG requires the kubernetes provider. Please install it with: pip install apache-airflow[cncf.kubernetes]
[2023-05-21T20:06:47.034+0530] {processor.py:811} WARNING - No viable dags retrieved from /home/feuer/.local/lib/python3.10/site-packages/airflow/example_dags/example_kubernetes_executor.py
[2023-05-21T20:06:47.045+0530] {processor.py:178} INFO - Processing /home/feuer/.local/lib/python3.10/site-packages/airflow/example_dags/example_kubernetes_executor.py took 0.019 seconds
[2023-05-21T20:07:42.544+0530] {processor.py:156} INFO - Started process (PID=28974) to work on /home/feuer/.local/lib/python3.10/site-packages/airflow/example_dags/example_kubernetes_executor.py
[2023-05-21T20:07:42.563+0530] {processor.py:799} INFO - Processing file /home/feuer/.local/lib/python3.10/site-packages/airflow/example_dags/example_kubernetes_executor.py for tasks to queue
[2023-05-21T20:07:42.564+0530] {logging_mixin.py:149} INFO - [2023-05-21T20:07:42.564+0530] {dagbag.py:541} INFO - Filling up the DagBag from /home/feuer/.local/lib/python3.10/site-packages/airflow/example_dags/example_kubernetes_executor.py
[2023-05-21T20:07:42.567+0530] {logging_mixin.py:149} INFO - [2023-05-21T20:07:42.567+0530] {example_kubernetes_executor.py:41} WARNING - The example_kubernetes_executor example DAG requires the kubernetes provider. Please install it with: pip install apache-airflow[cncf.kubernetes]
[2023-05-21T20:07:42.567+0530] {processor.py:811} WARNING - No viable dags retrieved from /home/feuer/.local/lib/python3.10/site-packages/airflow/example_dags/example_kubernetes_executor.py
[2023-05-21T20:07:42.579+0530] {processor.py:178} INFO - Processing /home/feuer/.local/lib/python3.10/site-packages/airflow/example_dags/example_kubernetes_executor.py took 0.038 seconds
[2023-05-21T20:08:39.954+0530] {processor.py:156} INFO - Started process (PID=29122) to work on /home/feuer/.local/lib/python3.10/site-packages/airflow/example_dags/example_kubernetes_executor.py
[2023-05-21T20:08:39.954+0530] {processor.py:799} INFO - Processing file /home/feuer/.local/lib/python3.10/site-packages/airflow/example_dags/example_kubernetes_executor.py for tasks to queue
[2023-05-21T20:08:39.955+0530] {logging_mixin.py:149} INFO - [2023-05-21T20:08:39.955+0530] {dagbag.py:541} INFO - Filling up the DagBag from /home/feuer/.local/lib/python3.10/site-packages/airflow/example_dags/example_kubernetes_executor.py
[2023-05-21T20:08:39.957+0530] {logging_mixin.py:149} INFO - [2023-05-21T20:08:39.957+0530] {example_kubernetes_executor.py:41} WARNING - The example_kubernetes_executor example DAG requires the kubernetes provider. Please install it with: pip install apache-airflow[cncf.kubernetes]
[2023-05-21T20:08:39.957+0530] {processor.py:811} WARNING - No viable dags retrieved from /home/feuer/.local/lib/python3.10/site-packages/airflow/example_dags/example_kubernetes_executor.py
[2023-05-21T20:08:39.963+0530] {processor.py:178} INFO - Processing /home/feuer/.local/lib/python3.10/site-packages/airflow/example_dags/example_kubernetes_executor.py took 0.012 seconds
[2023-05-21T20:09:36.620+0530] {processor.py:156} INFO - Started process (PID=29312) to work on /home/feuer/.local/lib/python3.10/site-packages/airflow/example_dags/example_kubernetes_executor.py
[2023-05-21T20:09:36.621+0530] {processor.py:799} INFO - Processing file /home/feuer/.local/lib/python3.10/site-packages/airflow/example_dags/example_kubernetes_executor.py for tasks to queue
[2023-05-21T20:09:36.622+0530] {logging_mixin.py:149} INFO - [2023-05-21T20:09:36.622+0530] {dagbag.py:541} INFO - Filling up the DagBag from /home/feuer/.local/lib/python3.10/site-packages/airflow/example_dags/example_kubernetes_executor.py
[2023-05-21T20:09:36.625+0530] {logging_mixin.py:149} INFO - [2023-05-21T20:09:36.625+0530] {example_kubernetes_executor.py:41} WARNING - The example_kubernetes_executor example DAG requires the kubernetes provider. Please install it with: pip install apache-airflow[cncf.kubernetes]
[2023-05-21T20:09:36.625+0530] {processor.py:811} WARNING - No viable dags retrieved from /home/feuer/.local/lib/python3.10/site-packages/airflow/example_dags/example_kubernetes_executor.py
[2023-05-21T20:09:36.635+0530] {processor.py:178} INFO - Processing /home/feuer/.local/lib/python3.10/site-packages/airflow/example_dags/example_kubernetes_executor.py took 0.018 seconds
[2023-05-21T20:10:32.694+0530] {processor.py:156} INFO - Started process (PID=29483) to work on /home/feuer/.local/lib/python3.10/site-packages/airflow/example_dags/example_kubernetes_executor.py
[2023-05-21T20:10:32.700+0530] {processor.py:799} INFO - Processing file /home/feuer/.local/lib/python3.10/site-packages/airflow/example_dags/example_kubernetes_executor.py for tasks to queue
[2023-05-21T20:10:32.700+0530] {logging_mixin.py:149} INFO - [2023-05-21T20:10:32.700+0530] {dagbag.py:541} INFO - Filling up the DagBag from /home/feuer/.local/lib/python3.10/site-packages/airflow/example_dags/example_kubernetes_executor.py
[2023-05-21T20:10:32.703+0530] {logging_mixin.py:149} INFO - [2023-05-21T20:10:32.703+0530] {example_kubernetes_executor.py:41} WARNING - The example_kubernetes_executor example DAG requires the kubernetes provider. Please install it with: pip install apache-airflow[cncf.kubernetes]
[2023-05-21T20:10:32.704+0530] {processor.py:811} WARNING - No viable dags retrieved from /home/feuer/.local/lib/python3.10/site-packages/airflow/example_dags/example_kubernetes_executor.py
[2023-05-21T20:10:32.713+0530] {processor.py:178} INFO - Processing /home/feuer/.local/lib/python3.10/site-packages/airflow/example_dags/example_kubernetes_executor.py took 0.022 seconds
[2023-05-21T20:11:28.280+0530] {processor.py:156} INFO - Started process (PID=29639) to work on /home/feuer/.local/lib/python3.10/site-packages/airflow/example_dags/example_kubernetes_executor.py
[2023-05-21T20:11:28.297+0530] {processor.py:799} INFO - Processing file /home/feuer/.local/lib/python3.10/site-packages/airflow/example_dags/example_kubernetes_executor.py for tasks to queue
[2023-05-21T20:11:28.297+0530] {logging_mixin.py:149} INFO - [2023-05-21T20:11:28.297+0530] {dagbag.py:541} INFO - Filling up the DagBag from /home/feuer/.local/lib/python3.10/site-packages/airflow/example_dags/example_kubernetes_executor.py
[2023-05-21T20:11:28.300+0530] {logging_mixin.py:149} INFO - [2023-05-21T20:11:28.300+0530] {example_kubernetes_executor.py:41} WARNING - The example_kubernetes_executor example DAG requires the kubernetes provider. Please install it with: pip install apache-airflow[cncf.kubernetes]
[2023-05-21T20:11:28.301+0530] {processor.py:811} WARNING - No viable dags retrieved from /home/feuer/.local/lib/python3.10/site-packages/airflow/example_dags/example_kubernetes_executor.py
[2023-05-21T20:11:28.310+0530] {processor.py:178} INFO - Processing /home/feuer/.local/lib/python3.10/site-packages/airflow/example_dags/example_kubernetes_executor.py took 0.033 seconds
[2023-05-21T20:12:26.067+0530] {processor.py:156} INFO - Started process (PID=29818) to work on /home/feuer/.local/lib/python3.10/site-packages/airflow/example_dags/example_kubernetes_executor.py
[2023-05-21T20:12:26.085+0530] {processor.py:799} INFO - Processing file /home/feuer/.local/lib/python3.10/site-packages/airflow/example_dags/example_kubernetes_executor.py for tasks to queue
[2023-05-21T20:12:26.086+0530] {logging_mixin.py:149} INFO - [2023-05-21T20:12:26.086+0530] {dagbag.py:541} INFO - Filling up the DagBag from /home/feuer/.local/lib/python3.10/site-packages/airflow/example_dags/example_kubernetes_executor.py
[2023-05-21T20:12:26.089+0530] {logging_mixin.py:149} INFO - [2023-05-21T20:12:26.089+0530] {example_kubernetes_executor.py:41} WARNING - The example_kubernetes_executor example DAG requires the kubernetes provider. Please install it with: pip install apache-airflow[cncf.kubernetes]
[2023-05-21T20:12:26.089+0530] {processor.py:811} WARNING - No viable dags retrieved from /home/feuer/.local/lib/python3.10/site-packages/airflow/example_dags/example_kubernetes_executor.py
[2023-05-21T20:12:26.099+0530] {processor.py:178} INFO - Processing /home/feuer/.local/lib/python3.10/site-packages/airflow/example_dags/example_kubernetes_executor.py took 0.035 seconds
[2023-05-21T16:58:29.552+0530] {processor.py:156} INFO - Started process (PID=55880) to work on /home/feuer/.local/lib/python3.10/site-packages/airflow/example_dags/example_kubernetes_executor.py
[2023-05-21T16:58:29.656+0530] {processor.py:799} INFO - Processing file /home/feuer/.local/lib/python3.10/site-packages/airflow/example_dags/example_kubernetes_executor.py for tasks to queue
[2023-05-21T16:58:29.657+0530] {logging_mixin.py:149} INFO - [2023-05-21T16:58:29.657+0530] {dagbag.py:541} INFO - Filling up the DagBag from /home/feuer/.local/lib/python3.10/site-packages/airflow/example_dags/example_kubernetes_executor.py
[2023-05-21T16:58:29.681+0530] {logging_mixin.py:149} INFO - [2023-05-21T16:58:29.681+0530] {example_kubernetes_executor.py:41} WARNING - The example_kubernetes_executor example DAG requires the kubernetes provider. Please install it with: pip install apache-airflow[cncf.kubernetes]
[2023-05-21T16:58:29.681+0530] {processor.py:811} WARNING - No viable dags retrieved from /home/feuer/.local/lib/python3.10/site-packages/airflow/example_dags/example_kubernetes_executor.py
[2023-05-21T16:58:29.692+0530] {processor.py:178} INFO - Processing /home/feuer/.local/lib/python3.10/site-packages/airflow/example_dags/example_kubernetes_executor.py took 0.142 seconds
[2023-05-21T16:59:52.231+0530] {processor.py:156} INFO - Started process (PID=56039) to work on /home/feuer/.local/lib/python3.10/site-packages/airflow/example_dags/example_kubernetes_executor.py
[2023-05-21T16:59:52.306+0530] {processor.py:799} INFO - Processing file /home/feuer/.local/lib/python3.10/site-packages/airflow/example_dags/example_kubernetes_executor.py for tasks to queue
[2023-05-21T16:59:52.307+0530] {logging_mixin.py:149} INFO - [2023-05-21T16:59:52.307+0530] {dagbag.py:541} INFO - Filling up the DagBag from /home/feuer/.local/lib/python3.10/site-packages/airflow/example_dags/example_kubernetes_executor.py
[2023-05-21T16:59:52.309+0530] {logging_mixin.py:149} INFO - [2023-05-21T16:59:52.309+0530] {example_kubernetes_executor.py:41} WARNING - The example_kubernetes_executor example DAG requires the kubernetes provider. Please install it with: pip install apache-airflow[cncf.kubernetes]
[2023-05-21T16:59:52.309+0530] {processor.py:811} WARNING - No viable dags retrieved from /home/feuer/.local/lib/python3.10/site-packages/airflow/example_dags/example_kubernetes_executor.py
[2023-05-21T16:59:52.319+0530] {processor.py:178} INFO - Processing /home/feuer/.local/lib/python3.10/site-packages/airflow/example_dags/example_kubernetes_executor.py took 0.091 seconds
[2023-05-21T17:01:11.716+0530] {processor.py:156} INFO - Started process (PID=56293) to work on /home/feuer/.local/lib/python3.10/site-packages/airflow/example_dags/example_kubernetes_executor.py
[2023-05-21T17:01:11.923+0530] {processor.py:799} INFO - Processing file /home/feuer/.local/lib/python3.10/site-packages/airflow/example_dags/example_kubernetes_executor.py for tasks to queue
[2023-05-21T17:01:11.924+0530] {logging_mixin.py:149} INFO - [2023-05-21T17:01:11.924+0530] {dagbag.py:541} INFO - Filling up the DagBag from /home/feuer/.local/lib/python3.10/site-packages/airflow/example_dags/example_kubernetes_executor.py
[2023-05-21T17:01:11.926+0530] {logging_mixin.py:149} INFO - [2023-05-21T17:01:11.926+0530] {example_kubernetes_executor.py:41} WARNING - The example_kubernetes_executor example DAG requires the kubernetes provider. Please install it with: pip install apache-airflow[cncf.kubernetes]
[2023-05-21T17:01:11.926+0530] {processor.py:811} WARNING - No viable dags retrieved from /home/feuer/.local/lib/python3.10/site-packages/airflow/example_dags/example_kubernetes_executor.py
[2023-05-21T17:01:11.934+0530] {processor.py:178} INFO - Processing /home/feuer/.local/lib/python3.10/site-packages/airflow/example_dags/example_kubernetes_executor.py took 0.220 seconds
[2023-05-21T17:02:41.355+0530] {processor.py:156} INFO - Started process (PID=56572) to work on /home/feuer/.local/lib/python3.10/site-packages/airflow/example_dags/example_kubernetes_executor.py
[2023-05-21T17:02:41.365+0530] {processor.py:799} INFO - Processing file /home/feuer/.local/lib/python3.10/site-packages/airflow/example_dags/example_kubernetes_executor.py for tasks to queue
[2023-05-21T17:02:41.365+0530] {logging_mixin.py:149} INFO - [2023-05-21T17:02:41.365+0530] {dagbag.py:541} INFO - Filling up the DagBag from /home/feuer/.local/lib/python3.10/site-packages/airflow/example_dags/example_kubernetes_executor.py
[2023-05-21T17:02:41.367+0530] {logging_mixin.py:149} INFO - [2023-05-21T17:02:41.367+0530] {example_kubernetes_executor.py:41} WARNING - The example_kubernetes_executor example DAG requires the kubernetes provider. Please install it with: pip install apache-airflow[cncf.kubernetes]
[2023-05-21T17:02:41.367+0530] {processor.py:811} WARNING - No viable dags retrieved from /home/feuer/.local/lib/python3.10/site-packages/airflow/example_dags/example_kubernetes_executor.py
[2023-05-21T17:02:41.373+0530] {processor.py:178} INFO - Processing /home/feuer/.local/lib/python3.10/site-packages/airflow/example_dags/example_kubernetes_executor.py took 0.021 seconds
[2023-05-21T17:03:35.058+0530] {processor.py:156} INFO - Started process (PID=56683) to work on /home/feuer/.local/lib/python3.10/site-packages/airflow/example_dags/example_kubernetes_executor.py
[2023-05-21T17:03:35.059+0530] {processor.py:799} INFO - Processing file /home/feuer/.local/lib/python3.10/site-packages/airflow/example_dags/example_kubernetes_executor.py for tasks to queue
[2023-05-21T17:03:35.059+0530] {logging_mixin.py:149} INFO - [2023-05-21T17:03:35.059+0530] {dagbag.py:541} INFO - Filling up the DagBag from /home/feuer/.local/lib/python3.10/site-packages/airflow/example_dags/example_kubernetes_executor.py
[2023-05-21T17:03:35.061+0530] {logging_mixin.py:149} INFO - [2023-05-21T17:03:35.061+0530] {example_kubernetes_executor.py:41} WARNING - The example_kubernetes_executor example DAG requires the kubernetes provider. Please install it with: pip install apache-airflow[cncf.kubernetes]
[2023-05-21T17:03:35.061+0530] {processor.py:811} WARNING - No viable dags retrieved from /home/feuer/.local/lib/python3.10/site-packages/airflow/example_dags/example_kubernetes_executor.py
[2023-05-21T17:03:35.068+0530] {processor.py:178} INFO - Processing /home/feuer/.local/lib/python3.10/site-packages/airflow/example_dags/example_kubernetes_executor.py took 0.012 seconds
[2023-05-21T17:04:37.806+0530] {processor.py:156} INFO - Started process (PID=56881) to work on /home/feuer/.local/lib/python3.10/site-packages/airflow/example_dags/example_kubernetes_executor.py
[2023-05-21T17:04:37.807+0530] {processor.py:799} INFO - Processing file /home/feuer/.local/lib/python3.10/site-packages/airflow/example_dags/example_kubernetes_executor.py for tasks to queue
[2023-05-21T17:04:37.807+0530] {logging_mixin.py:149} INFO - [2023-05-21T17:04:37.807+0530] {dagbag.py:541} INFO - Filling up the DagBag from /home/feuer/.local/lib/python3.10/site-packages/airflow/example_dags/example_kubernetes_executor.py
[2023-05-21T17:04:37.809+0530] {logging_mixin.py:149} INFO - [2023-05-21T17:04:37.809+0530] {example_kubernetes_executor.py:41} WARNING - The example_kubernetes_executor example DAG requires the kubernetes provider. Please install it with: pip install apache-airflow[cncf.kubernetes]
[2023-05-21T17:04:37.809+0530] {processor.py:811} WARNING - No viable dags retrieved from /home/feuer/.local/lib/python3.10/site-packages/airflow/example_dags/example_kubernetes_executor.py
[2023-05-21T17:04:37.815+0530] {processor.py:178} INFO - Processing /home/feuer/.local/lib/python3.10/site-packages/airflow/example_dags/example_kubernetes_executor.py took 0.011 seconds
[2023-05-21T17:05:24.323+0530] {processor.py:156} INFO - Started process (PID=56986) to work on /home/feuer/.local/lib/python3.10/site-packages/airflow/example_dags/example_kubernetes_executor.py
[2023-05-21T17:05:24.330+0530] {processor.py:799} INFO - Processing file /home/feuer/.local/lib/python3.10/site-packages/airflow/example_dags/example_kubernetes_executor.py for tasks to queue
[2023-05-21T17:05:24.331+0530] {logging_mixin.py:149} INFO - [2023-05-21T17:05:24.330+0530] {dagbag.py:541} INFO - Filling up the DagBag from /home/feuer/.local/lib/python3.10/site-packages/airflow/example_dags/example_kubernetes_executor.py
[2023-05-21T17:05:24.332+0530] {logging_mixin.py:149} INFO - [2023-05-21T17:05:24.332+0530] {example_kubernetes_executor.py:41} WARNING - The example_kubernetes_executor example DAG requires the kubernetes provider. Please install it with: pip install apache-airflow[cncf.kubernetes]
[2023-05-21T17:05:24.332+0530] {processor.py:811} WARNING - No viable dags retrieved from /home/feuer/.local/lib/python3.10/site-packages/airflow/example_dags/example_kubernetes_executor.py
[2023-05-21T17:05:24.338+0530] {processor.py:178} INFO - Processing /home/feuer/.local/lib/python3.10/site-packages/airflow/example_dags/example_kubernetes_executor.py took 0.017 seconds
[2023-05-21T17:06:10.290+0530] {processor.py:156} INFO - Started process (PID=57091) to work on /home/feuer/.local/lib/python3.10/site-packages/airflow/example_dags/example_kubernetes_executor.py
[2023-05-21T17:06:10.290+0530] {processor.py:799} INFO - Processing file /home/feuer/.local/lib/python3.10/site-packages/airflow/example_dags/example_kubernetes_executor.py for tasks to queue
[2023-05-21T17:06:10.291+0530] {logging_mixin.py:149} INFO - [2023-05-21T17:06:10.291+0530] {dagbag.py:541} INFO - Filling up the DagBag from /home/feuer/.local/lib/python3.10/site-packages/airflow/example_dags/example_kubernetes_executor.py
[2023-05-21T17:06:10.293+0530] {logging_mixin.py:149} INFO - [2023-05-21T17:06:10.293+0530] {example_kubernetes_executor.py:41} WARNING - The example_kubernetes_executor example DAG requires the kubernetes provider. Please install it with: pip install apache-airflow[cncf.kubernetes]
[2023-05-21T17:06:10.293+0530] {processor.py:811} WARNING - No viable dags retrieved from /home/feuer/.local/lib/python3.10/site-packages/airflow/example_dags/example_kubernetes_executor.py
[2023-05-21T17:06:10.299+0530] {processor.py:178} INFO - Processing /home/feuer/.local/lib/python3.10/site-packages/airflow/example_dags/example_kubernetes_executor.py took 0.012 seconds
[2023-05-21T17:06:54.417+0530] {processor.py:156} INFO - Started process (PID=57196) to work on /home/feuer/.local/lib/python3.10/site-packages/airflow/example_dags/example_kubernetes_executor.py
[2023-05-21T17:06:54.418+0530] {processor.py:799} INFO - Processing file /home/feuer/.local/lib/python3.10/site-packages/airflow/example_dags/example_kubernetes_executor.py for tasks to queue
[2023-05-21T17:06:54.418+0530] {logging_mixin.py:149} INFO - [2023-05-21T17:06:54.418+0530] {dagbag.py:541} INFO - Filling up the DagBag from /home/feuer/.local/lib/python3.10/site-packages/airflow/example_dags/example_kubernetes_executor.py
[2023-05-21T17:06:54.420+0530] {logging_mixin.py:149} INFO - [2023-05-21T17:06:54.420+0530] {example_kubernetes_executor.py:41} WARNING - The example_kubernetes_executor example DAG requires the kubernetes provider. Please install it with: pip install apache-airflow[cncf.kubernetes]
[2023-05-21T17:06:54.420+0530] {processor.py:811} WARNING - No viable dags retrieved from /home/feuer/.local/lib/python3.10/site-packages/airflow/example_dags/example_kubernetes_executor.py
[2023-05-21T17:06:54.427+0530] {processor.py:178} INFO - Processing /home/feuer/.local/lib/python3.10/site-packages/airflow/example_dags/example_kubernetes_executor.py took 0.011 seconds
[2023-05-21T17:07:59.886+0530] {processor.py:156} INFO - Started process (PID=57350) to work on /home/feuer/.local/lib/python3.10/site-packages/airflow/example_dags/example_kubernetes_executor.py
[2023-05-21T17:07:59.887+0530] {processor.py:799} INFO - Processing file /home/feuer/.local/lib/python3.10/site-packages/airflow/example_dags/example_kubernetes_executor.py for tasks to queue
[2023-05-21T17:07:59.887+0530] {logging_mixin.py:149} INFO - [2023-05-21T17:07:59.887+0530] {dagbag.py:541} INFO - Filling up the DagBag from /home/feuer/.local/lib/python3.10/site-packages/airflow/example_dags/example_kubernetes_executor.py
[2023-05-21T17:07:59.889+0530] {logging_mixin.py:149} INFO - [2023-05-21T17:07:59.889+0530] {example_kubernetes_executor.py:41} WARNING - The example_kubernetes_executor example DAG requires the kubernetes provider. Please install it with: pip install apache-airflow[cncf.kubernetes]
[2023-05-21T17:07:59.890+0530] {processor.py:811} WARNING - No viable dags retrieved from /home/feuer/.local/lib/python3.10/site-packages/airflow/example_dags/example_kubernetes_executor.py
[2023-05-21T17:07:59.895+0530] {processor.py:178} INFO - Processing /home/feuer/.local/lib/python3.10/site-packages/airflow/example_dags/example_kubernetes_executor.py took 0.011 seconds
[2023-05-21T17:08:46.594+0530] {processor.py:156} INFO - Started process (PID=57455) to work on /home/feuer/.local/lib/python3.10/site-packages/airflow/example_dags/example_kubernetes_executor.py
[2023-05-21T17:08:46.595+0530] {processor.py:799} INFO - Processing file /home/feuer/.local/lib/python3.10/site-packages/airflow/example_dags/example_kubernetes_executor.py for tasks to queue
[2023-05-21T17:08:46.595+0530] {logging_mixin.py:149} INFO - [2023-05-21T17:08:46.595+0530] {dagbag.py:541} INFO - Filling up the DagBag from /home/feuer/.local/lib/python3.10/site-packages/airflow/example_dags/example_kubernetes_executor.py
[2023-05-21T17:08:46.597+0530] {logging_mixin.py:149} INFO - [2023-05-21T17:08:46.597+0530] {example_kubernetes_executor.py:41} WARNING - The example_kubernetes_executor example DAG requires the kubernetes provider. Please install it with: pip install apache-airflow[cncf.kubernetes]
[2023-05-21T17:08:46.598+0530] {processor.py:811} WARNING - No viable dags retrieved from /home/feuer/.local/lib/python3.10/site-packages/airflow/example_dags/example_kubernetes_executor.py
[2023-05-21T17:08:46.604+0530] {processor.py:178} INFO - Processing /home/feuer/.local/lib/python3.10/site-packages/airflow/example_dags/example_kubernetes_executor.py took 0.012 seconds
[2023-05-21T17:09:32.440+0530] {processor.py:156} INFO - Started process (PID=57600) to work on /home/feuer/.local/lib/python3.10/site-packages/airflow/example_dags/example_kubernetes_executor.py
[2023-05-21T17:09:32.441+0530] {processor.py:799} INFO - Processing file /home/feuer/.local/lib/python3.10/site-packages/airflow/example_dags/example_kubernetes_executor.py for tasks to queue
[2023-05-21T17:09:32.441+0530] {logging_mixin.py:149} INFO - [2023-05-21T17:09:32.441+0530] {dagbag.py:541} INFO - Filling up the DagBag from /home/feuer/.local/lib/python3.10/site-packages/airflow/example_dags/example_kubernetes_executor.py
[2023-05-21T17:09:32.443+0530] {logging_mixin.py:149} INFO - [2023-05-21T17:09:32.443+0530] {example_kubernetes_executor.py:41} WARNING - The example_kubernetes_executor example DAG requires the kubernetes provider. Please install it with: pip install apache-airflow[cncf.kubernetes]
[2023-05-21T17:09:32.444+0530] {processor.py:811} WARNING - No viable dags retrieved from /home/feuer/.local/lib/python3.10/site-packages/airflow/example_dags/example_kubernetes_executor.py
[2023-05-21T17:09:32.450+0530] {processor.py:178} INFO - Processing /home/feuer/.local/lib/python3.10/site-packages/airflow/example_dags/example_kubernetes_executor.py took 0.011 seconds
[2023-05-21T17:10:40.340+0530] {processor.py:156} INFO - Started process (PID=57782) to work on /home/feuer/.local/lib/python3.10/site-packages/airflow/example_dags/example_kubernetes_executor.py
[2023-05-21T17:10:40.341+0530] {processor.py:799} INFO - Processing file /home/feuer/.local/lib/python3.10/site-packages/airflow/example_dags/example_kubernetes_executor.py for tasks to queue
[2023-05-21T17:10:40.342+0530] {logging_mixin.py:149} INFO - [2023-05-21T17:10:40.341+0530] {dagbag.py:541} INFO - Filling up the DagBag from /home/feuer/.local/lib/python3.10/site-packages/airflow/example_dags/example_kubernetes_executor.py
[2023-05-21T17:10:40.344+0530] {logging_mixin.py:149} INFO - [2023-05-21T17:10:40.344+0530] {example_kubernetes_executor.py:41} WARNING - The example_kubernetes_executor example DAG requires the kubernetes provider. Please install it with: pip install apache-airflow[cncf.kubernetes]
[2023-05-21T17:10:40.344+0530] {processor.py:811} WARNING - No viable dags retrieved from /home/feuer/.local/lib/python3.10/site-packages/airflow/example_dags/example_kubernetes_executor.py
[2023-05-21T17:10:40.351+0530] {processor.py:178} INFO - Processing /home/feuer/.local/lib/python3.10/site-packages/airflow/example_dags/example_kubernetes_executor.py took 0.013 seconds
[2023-05-21T17:11:27.950+0530] {processor.py:156} INFO - Started process (PID=57891) to work on /home/feuer/.local/lib/python3.10/site-packages/airflow/example_dags/example_kubernetes_executor.py
[2023-05-21T17:11:27.957+0530] {processor.py:799} INFO - Processing file /home/feuer/.local/lib/python3.10/site-packages/airflow/example_dags/example_kubernetes_executor.py for tasks to queue
[2023-05-21T17:11:27.958+0530] {logging_mixin.py:149} INFO - [2023-05-21T17:11:27.957+0530] {dagbag.py:541} INFO - Filling up the DagBag from /home/feuer/.local/lib/python3.10/site-packages/airflow/example_dags/example_kubernetes_executor.py
[2023-05-21T17:11:27.960+0530] {logging_mixin.py:149} INFO - [2023-05-21T17:11:27.960+0530] {example_kubernetes_executor.py:41} WARNING - The example_kubernetes_executor example DAG requires the kubernetes provider. Please install it with: pip install apache-airflow[cncf.kubernetes]
[2023-05-21T17:11:27.960+0530] {processor.py:811} WARNING - No viable dags retrieved from /home/feuer/.local/lib/python3.10/site-packages/airflow/example_dags/example_kubernetes_executor.py
[2023-05-21T17:11:27.971+0530] {processor.py:178} INFO - Processing /home/feuer/.local/lib/python3.10/site-packages/airflow/example_dags/example_kubernetes_executor.py took 0.023 seconds
[2023-05-21T17:12:15.375+0530] {processor.py:156} INFO - Started process (PID=58010) to work on /home/feuer/.local/lib/python3.10/site-packages/airflow/example_dags/example_kubernetes_executor.py
[2023-05-21T17:12:15.387+0530] {processor.py:799} INFO - Processing file /home/feuer/.local/lib/python3.10/site-packages/airflow/example_dags/example_kubernetes_executor.py for tasks to queue
[2023-05-21T17:12:15.387+0530] {logging_mixin.py:149} INFO - [2023-05-21T17:12:15.387+0530] {dagbag.py:541} INFO - Filling up the DagBag from /home/feuer/.local/lib/python3.10/site-packages/airflow/example_dags/example_kubernetes_executor.py
[2023-05-21T17:12:15.389+0530] {logging_mixin.py:149} INFO - [2023-05-21T17:12:15.389+0530] {example_kubernetes_executor.py:41} WARNING - The example_kubernetes_executor example DAG requires the kubernetes provider. Please install it with: pip install apache-airflow[cncf.kubernetes]
[2023-05-21T17:12:15.389+0530] {processor.py:811} WARNING - No viable dags retrieved from /home/feuer/.local/lib/python3.10/site-packages/airflow/example_dags/example_kubernetes_executor.py
[2023-05-21T17:12:15.396+0530] {processor.py:178} INFO - Processing /home/feuer/.local/lib/python3.10/site-packages/airflow/example_dags/example_kubernetes_executor.py took 0.024 seconds
[2023-05-21T17:13:00.645+0530] {processor.py:156} INFO - Started process (PID=58128) to work on /home/feuer/.local/lib/python3.10/site-packages/airflow/example_dags/example_kubernetes_executor.py
[2023-05-21T17:13:00.659+0530] {processor.py:799} INFO - Processing file /home/feuer/.local/lib/python3.10/site-packages/airflow/example_dags/example_kubernetes_executor.py for tasks to queue
[2023-05-21T17:13:00.659+0530] {logging_mixin.py:149} INFO - [2023-05-21T17:13:00.659+0530] {dagbag.py:541} INFO - Filling up the DagBag from /home/feuer/.local/lib/python3.10/site-packages/airflow/example_dags/example_kubernetes_executor.py
[2023-05-21T17:13:00.661+0530] {logging_mixin.py:149} INFO - [2023-05-21T17:13:00.661+0530] {example_kubernetes_executor.py:41} WARNING - The example_kubernetes_executor example DAG requires the kubernetes provider. Please install it with: pip install apache-airflow[cncf.kubernetes]
[2023-05-21T17:13:00.662+0530] {processor.py:811} WARNING - No viable dags retrieved from /home/feuer/.local/lib/python3.10/site-packages/airflow/example_dags/example_kubernetes_executor.py
[2023-05-21T17:13:00.668+0530] {processor.py:178} INFO - Processing /home/feuer/.local/lib/python3.10/site-packages/airflow/example_dags/example_kubernetes_executor.py took 0.025 seconds
[2023-05-21T17:14:05.237+0530] {processor.py:156} INFO - Started process (PID=58269) to work on /home/feuer/.local/lib/python3.10/site-packages/airflow/example_dags/example_kubernetes_executor.py
[2023-05-21T17:14:05.238+0530] {processor.py:799} INFO - Processing file /home/feuer/.local/lib/python3.10/site-packages/airflow/example_dags/example_kubernetes_executor.py for tasks to queue
[2023-05-21T17:14:05.239+0530] {logging_mixin.py:149} INFO - [2023-05-21T17:14:05.239+0530] {dagbag.py:541} INFO - Filling up the DagBag from /home/feuer/.local/lib/python3.10/site-packages/airflow/example_dags/example_kubernetes_executor.py
[2023-05-21T17:14:05.241+0530] {logging_mixin.py:149} INFO - [2023-05-21T17:14:05.241+0530] {example_kubernetes_executor.py:41} WARNING - The example_kubernetes_executor example DAG requires the kubernetes provider. Please install it with: pip install apache-airflow[cncf.kubernetes]
[2023-05-21T17:14:05.242+0530] {processor.py:811} WARNING - No viable dags retrieved from /home/feuer/.local/lib/python3.10/site-packages/airflow/example_dags/example_kubernetes_executor.py
[2023-05-21T17:14:05.251+0530] {processor.py:178} INFO - Processing /home/feuer/.local/lib/python3.10/site-packages/airflow/example_dags/example_kubernetes_executor.py took 0.017 seconds
[2023-05-21T17:14:52.023+0530] {processor.py:156} INFO - Started process (PID=58393) to work on /home/feuer/.local/lib/python3.10/site-packages/airflow/example_dags/example_kubernetes_executor.py
[2023-05-21T17:14:52.023+0530] {processor.py:799} INFO - Processing file /home/feuer/.local/lib/python3.10/site-packages/airflow/example_dags/example_kubernetes_executor.py for tasks to queue
[2023-05-21T17:14:52.024+0530] {logging_mixin.py:149} INFO - [2023-05-21T17:14:52.024+0530] {dagbag.py:541} INFO - Filling up the DagBag from /home/feuer/.local/lib/python3.10/site-packages/airflow/example_dags/example_kubernetes_executor.py
[2023-05-21T17:14:52.026+0530] {logging_mixin.py:149} INFO - [2023-05-21T17:14:52.026+0530] {example_kubernetes_executor.py:41} WARNING - The example_kubernetes_executor example DAG requires the kubernetes provider. Please install it with: pip install apache-airflow[cncf.kubernetes]
[2023-05-21T17:14:52.026+0530] {processor.py:811} WARNING - No viable dags retrieved from /home/feuer/.local/lib/python3.10/site-packages/airflow/example_dags/example_kubernetes_executor.py
[2023-05-21T17:14:52.032+0530] {processor.py:178} INFO - Processing /home/feuer/.local/lib/python3.10/site-packages/airflow/example_dags/example_kubernetes_executor.py took 0.012 seconds
[2023-05-21T17:15:40.967+0530] {processor.py:156} INFO - Started process (PID=58509) to work on /home/feuer/.local/lib/python3.10/site-packages/airflow/example_dags/example_kubernetes_executor.py
[2023-05-21T17:15:40.977+0530] {processor.py:799} INFO - Processing file /home/feuer/.local/lib/python3.10/site-packages/airflow/example_dags/example_kubernetes_executor.py for tasks to queue
[2023-05-21T17:15:40.977+0530] {logging_mixin.py:149} INFO - [2023-05-21T17:15:40.977+0530] {dagbag.py:541} INFO - Filling up the DagBag from /home/feuer/.local/lib/python3.10/site-packages/airflow/example_dags/example_kubernetes_executor.py
[2023-05-21T17:15:40.980+0530] {logging_mixin.py:149} INFO - [2023-05-21T17:15:40.980+0530] {example_kubernetes_executor.py:41} WARNING - The example_kubernetes_executor example DAG requires the kubernetes provider. Please install it with: pip install apache-airflow[cncf.kubernetes]
[2023-05-21T17:15:40.980+0530] {processor.py:811} WARNING - No viable dags retrieved from /home/feuer/.local/lib/python3.10/site-packages/airflow/example_dags/example_kubernetes_executor.py
[2023-05-21T17:15:40.990+0530] {processor.py:178} INFO - Processing /home/feuer/.local/lib/python3.10/site-packages/airflow/example_dags/example_kubernetes_executor.py took 0.026 seconds
[2023-05-21T17:16:28.945+0530] {processor.py:156} INFO - Started process (PID=58617) to work on /home/feuer/.local/lib/python3.10/site-packages/airflow/example_dags/example_kubernetes_executor.py
[2023-05-21T17:16:28.946+0530] {processor.py:799} INFO - Processing file /home/feuer/.local/lib/python3.10/site-packages/airflow/example_dags/example_kubernetes_executor.py for tasks to queue
[2023-05-21T17:16:28.946+0530] {logging_mixin.py:149} INFO - [2023-05-21T17:16:28.946+0530] {dagbag.py:541} INFO - Filling up the DagBag from /home/feuer/.local/lib/python3.10/site-packages/airflow/example_dags/example_kubernetes_executor.py
[2023-05-21T17:16:28.949+0530] {logging_mixin.py:149} INFO - [2023-05-21T17:16:28.949+0530] {example_kubernetes_executor.py:41} WARNING - The example_kubernetes_executor example DAG requires the kubernetes provider. Please install it with: pip install apache-airflow[cncf.kubernetes]
[2023-05-21T17:16:28.949+0530] {processor.py:811} WARNING - No viable dags retrieved from /home/feuer/.local/lib/python3.10/site-packages/airflow/example_dags/example_kubernetes_executor.py
[2023-05-21T17:16:28.959+0530] {processor.py:178} INFO - Processing /home/feuer/.local/lib/python3.10/site-packages/airflow/example_dags/example_kubernetes_executor.py took 0.017 seconds
[2023-05-21T17:17:15.694+0530] {processor.py:156} INFO - Started process (PID=58723) to work on /home/feuer/.local/lib/python3.10/site-packages/airflow/example_dags/example_kubernetes_executor.py
[2023-05-21T17:17:15.706+0530] {processor.py:799} INFO - Processing file /home/feuer/.local/lib/python3.10/site-packages/airflow/example_dags/example_kubernetes_executor.py for tasks to queue
[2023-05-21T17:17:15.707+0530] {logging_mixin.py:149} INFO - [2023-05-21T17:17:15.707+0530] {dagbag.py:541} INFO - Filling up the DagBag from /home/feuer/.local/lib/python3.10/site-packages/airflow/example_dags/example_kubernetes_executor.py
[2023-05-21T17:17:15.709+0530] {logging_mixin.py:149} INFO - [2023-05-21T17:17:15.709+0530] {example_kubernetes_executor.py:41} WARNING - The example_kubernetes_executor example DAG requires the kubernetes provider. Please install it with: pip install apache-airflow[cncf.kubernetes]
[2023-05-21T17:17:15.709+0530] {processor.py:811} WARNING - No viable dags retrieved from /home/feuer/.local/lib/python3.10/site-packages/airflow/example_dags/example_kubernetes_executor.py
[2023-05-21T17:17:15.719+0530] {processor.py:178} INFO - Processing /home/feuer/.local/lib/python3.10/site-packages/airflow/example_dags/example_kubernetes_executor.py took 0.028 seconds
[2023-05-21T17:18:02.497+0530] {processor.py:156} INFO - Started process (PID=58837) to work on /home/feuer/.local/lib/python3.10/site-packages/airflow/example_dags/example_kubernetes_executor.py
[2023-05-21T17:18:02.498+0530] {processor.py:799} INFO - Processing file /home/feuer/.local/lib/python3.10/site-packages/airflow/example_dags/example_kubernetes_executor.py for tasks to queue
[2023-05-21T17:18:02.499+0530] {logging_mixin.py:149} INFO - [2023-05-21T17:18:02.499+0530] {dagbag.py:541} INFO - Filling up the DagBag from /home/feuer/.local/lib/python3.10/site-packages/airflow/example_dags/example_kubernetes_executor.py
[2023-05-21T17:18:02.501+0530] {logging_mixin.py:149} INFO - [2023-05-21T17:18:02.501+0530] {example_kubernetes_executor.py:41} WARNING - The example_kubernetes_executor example DAG requires the kubernetes provider. Please install it with: pip install apache-airflow[cncf.kubernetes]
[2023-05-21T17:18:02.501+0530] {processor.py:811} WARNING - No viable dags retrieved from /home/feuer/.local/lib/python3.10/site-packages/airflow/example_dags/example_kubernetes_executor.py
[2023-05-21T17:18:02.511+0530] {processor.py:178} INFO - Processing /home/feuer/.local/lib/python3.10/site-packages/airflow/example_dags/example_kubernetes_executor.py took 0.016 seconds
[2023-05-21T17:19:10.992+0530] {processor.py:156} INFO - Started process (PID=59022) to work on /home/feuer/.local/lib/python3.10/site-packages/airflow/example_dags/example_kubernetes_executor.py
[2023-05-21T17:19:10.993+0530] {processor.py:799} INFO - Processing file /home/feuer/.local/lib/python3.10/site-packages/airflow/example_dags/example_kubernetes_executor.py for tasks to queue
[2023-05-21T17:19:10.994+0530] {logging_mixin.py:149} INFO - [2023-05-21T17:19:10.994+0530] {dagbag.py:541} INFO - Filling up the DagBag from /home/feuer/.local/lib/python3.10/site-packages/airflow/example_dags/example_kubernetes_executor.py
[2023-05-21T17:19:10.996+0530] {logging_mixin.py:149} INFO - [2023-05-21T17:19:10.996+0530] {example_kubernetes_executor.py:41} WARNING - The example_kubernetes_executor example DAG requires the kubernetes provider. Please install it with: pip install apache-airflow[cncf.kubernetes]
[2023-05-21T17:19:10.997+0530] {processor.py:811} WARNING - No viable dags retrieved from /home/feuer/.local/lib/python3.10/site-packages/airflow/example_dags/example_kubernetes_executor.py
[2023-05-21T17:19:11.006+0530] {processor.py:178} INFO - Processing /home/feuer/.local/lib/python3.10/site-packages/airflow/example_dags/example_kubernetes_executor.py took 0.017 seconds
[2023-05-21T17:19:56.928+0530] {processor.py:156} INFO - Started process (PID=59140) to work on /home/feuer/.local/lib/python3.10/site-packages/airflow/example_dags/example_kubernetes_executor.py
[2023-05-21T17:19:56.929+0530] {processor.py:799} INFO - Processing file /home/feuer/.local/lib/python3.10/site-packages/airflow/example_dags/example_kubernetes_executor.py for tasks to queue
[2023-05-21T17:19:56.929+0530] {logging_mixin.py:149} INFO - [2023-05-21T17:19:56.929+0530] {dagbag.py:541} INFO - Filling up the DagBag from /home/feuer/.local/lib/python3.10/site-packages/airflow/example_dags/example_kubernetes_executor.py
[2023-05-21T17:19:56.932+0530] {logging_mixin.py:149} INFO - [2023-05-21T17:19:56.931+0530] {example_kubernetes_executor.py:41} WARNING - The example_kubernetes_executor example DAG requires the kubernetes provider. Please install it with: pip install apache-airflow[cncf.kubernetes]
[2023-05-21T17:19:56.932+0530] {processor.py:811} WARNING - No viable dags retrieved from /home/feuer/.local/lib/python3.10/site-packages/airflow/example_dags/example_kubernetes_executor.py
[2023-05-21T17:19:56.941+0530] {processor.py:178} INFO - Processing /home/feuer/.local/lib/python3.10/site-packages/airflow/example_dags/example_kubernetes_executor.py took 0.016 seconds
[2023-05-21T17:20:49.229+0530] {processor.py:156} INFO - Started process (PID=59375) to work on /home/feuer/.local/lib/python3.10/site-packages/airflow/example_dags/example_kubernetes_executor.py
[2023-05-21T17:20:49.246+0530] {processor.py:799} INFO - Processing file /home/feuer/.local/lib/python3.10/site-packages/airflow/example_dags/example_kubernetes_executor.py for tasks to queue
[2023-05-21T17:20:49.246+0530] {logging_mixin.py:149} INFO - [2023-05-21T17:20:49.246+0530] {dagbag.py:541} INFO - Filling up the DagBag from /home/feuer/.local/lib/python3.10/site-packages/airflow/example_dags/example_kubernetes_executor.py
[2023-05-21T17:20:49.249+0530] {logging_mixin.py:149} INFO - [2023-05-21T17:20:49.248+0530] {example_kubernetes_executor.py:41} WARNING - The example_kubernetes_executor example DAG requires the kubernetes provider. Please install it with: pip install apache-airflow[cncf.kubernetes]
[2023-05-21T17:20:49.249+0530] {processor.py:811} WARNING - No viable dags retrieved from /home/feuer/.local/lib/python3.10/site-packages/airflow/example_dags/example_kubernetes_executor.py
[2023-05-21T17:20:49.259+0530] {processor.py:178} INFO - Processing /home/feuer/.local/lib/python3.10/site-packages/airflow/example_dags/example_kubernetes_executor.py took 0.032 seconds
