[2023-05-21T19:40:12.892+0530] {processor.py:156} INFO - Started process (PID=23860) to work on /home/feuer/.local/lib/python3.10/site-packages/airflow/example_dags/example_branch_datetime_operator.py
[2023-05-21T19:40:12.893+0530] {processor.py:799} INFO - Processing file /home/feuer/.local/lib/python3.10/site-packages/airflow/example_dags/example_branch_datetime_operator.py for tasks to queue
[2023-05-21T19:40:12.894+0530] {logging_mixin.py:149} INFO - [2023-05-21T19:40:12.894+0530] {dagbag.py:541} INFO - Filling up the DagBag from /home/feuer/.local/lib/python3.10/site-packages/airflow/example_dags/example_branch_datetime_operator.py
[2023-05-21T19:40:12.904+0530] {processor.py:809} INFO - DAG(s) dict_keys(['example_branch_datetime_operator', 'example_branch_datetime_operator_2', 'example_branch_datetime_operator_3']) retrieved from /home/feuer/.local/lib/python3.10/site-packages/airflow/example_dags/example_branch_datetime_operator.py
[2023-05-21T19:40:12.930+0530] {logging_mixin.py:149} INFO - [2023-05-21T19:40:12.930+0530] {dag.py:2726} INFO - Sync 3 DAGs
[2023-05-21T19:40:12.945+0530] {logging_mixin.py:149} INFO - [2023-05-21T19:40:12.944+0530] {dag.py:3486} INFO - Setting next_dagrun for example_branch_datetime_operator to 2023-05-20T00:00:00+00:00, run_after=2023-05-21T00:00:00+00:00
[2023-05-21T19:40:12.947+0530] {logging_mixin.py:149} INFO - [2023-05-21T19:40:12.947+0530] {dag.py:3486} INFO - Setting next_dagrun for example_branch_datetime_operator_2 to 2023-05-20T00:00:00+00:00, run_after=2023-05-21T00:00:00+00:00
[2023-05-21T19:40:12.949+0530] {logging_mixin.py:149} INFO - [2023-05-21T19:40:12.949+0530] {dag.py:3486} INFO - Setting next_dagrun for example_branch_datetime_operator_3 to 2023-05-20T00:00:00+00:00, run_after=2023-05-21T00:00:00+00:00
[2023-05-21T19:40:13.460+0530] {processor.py:178} INFO - Processing /home/feuer/.local/lib/python3.10/site-packages/airflow/example_dags/example_branch_datetime_operator.py took 0.571 seconds
[2023-05-21T19:41:46.178+0530] {processor.py:156} INFO - Started process (PID=24401) to work on /home/feuer/.local/lib/python3.10/site-packages/airflow/example_dags/example_branch_datetime_operator.py
[2023-05-21T19:41:46.202+0530] {processor.py:799} INFO - Processing file /home/feuer/.local/lib/python3.10/site-packages/airflow/example_dags/example_branch_datetime_operator.py for tasks to queue
[2023-05-21T19:41:46.202+0530] {logging_mixin.py:149} INFO - [2023-05-21T19:41:46.202+0530] {dagbag.py:541} INFO - Filling up the DagBag from /home/feuer/.local/lib/python3.10/site-packages/airflow/example_dags/example_branch_datetime_operator.py
[2023-05-21T19:41:46.222+0530] {processor.py:809} INFO - DAG(s) dict_keys(['example_branch_datetime_operator_2', 'example_branch_datetime_operator_3', 'example_branch_datetime_operator']) retrieved from /home/feuer/.local/lib/python3.10/site-packages/airflow/example_dags/example_branch_datetime_operator.py
[2023-05-21T19:41:46.279+0530] {logging_mixin.py:149} INFO - [2023-05-21T19:41:46.279+0530] {dag.py:2726} INFO - Sync 3 DAGs
[2023-05-21T19:41:46.295+0530] {logging_mixin.py:149} INFO - [2023-05-21T19:41:46.295+0530] {dag.py:3486} INFO - Setting next_dagrun for example_branch_datetime_operator to 2023-05-20T00:00:00+00:00, run_after=2023-05-21T00:00:00+00:00
[2023-05-21T19:41:46.300+0530] {logging_mixin.py:149} INFO - [2023-05-21T19:41:46.299+0530] {dag.py:3486} INFO - Setting next_dagrun for example_branch_datetime_operator_2 to 2023-05-20T00:00:00+00:00, run_after=2023-05-21T00:00:00+00:00
[2023-05-21T19:41:46.302+0530] {logging_mixin.py:149} INFO - [2023-05-21T19:41:46.302+0530] {dag.py:3486} INFO - Setting next_dagrun for example_branch_datetime_operator_3 to 2023-05-20T00:00:00+00:00, run_after=2023-05-21T00:00:00+00:00
[2023-05-21T19:41:46.591+0530] {processor.py:178} INFO - Processing /home/feuer/.local/lib/python3.10/site-packages/airflow/example_dags/example_branch_datetime_operator.py took 0.415 seconds
[2023-05-21T19:43:02.866+0530] {processor.py:156} INFO - Started process (PID=24701) to work on /home/feuer/.local/lib/python3.10/site-packages/airflow/example_dags/example_branch_datetime_operator.py
[2023-05-21T19:43:02.889+0530] {processor.py:799} INFO - Processing file /home/feuer/.local/lib/python3.10/site-packages/airflow/example_dags/example_branch_datetime_operator.py for tasks to queue
[2023-05-21T19:43:02.889+0530] {logging_mixin.py:149} INFO - [2023-05-21T19:43:02.889+0530] {dagbag.py:541} INFO - Filling up the DagBag from /home/feuer/.local/lib/python3.10/site-packages/airflow/example_dags/example_branch_datetime_operator.py
[2023-05-21T19:43:02.898+0530] {processor.py:809} INFO - DAG(s) dict_keys(['example_branch_datetime_operator', 'example_branch_datetime_operator_3', 'example_branch_datetime_operator_2']) retrieved from /home/feuer/.local/lib/python3.10/site-packages/airflow/example_dags/example_branch_datetime_operator.py
[2023-05-21T19:43:02.917+0530] {logging_mixin.py:149} INFO - [2023-05-21T19:43:02.917+0530] {dag.py:2726} INFO - Sync 3 DAGs
[2023-05-21T19:43:02.931+0530] {logging_mixin.py:149} INFO - [2023-05-21T19:43:02.930+0530] {dag.py:3486} INFO - Setting next_dagrun for example_branch_datetime_operator to 2023-05-20T00:00:00+00:00, run_after=2023-05-21T00:00:00+00:00
[2023-05-21T19:43:02.933+0530] {logging_mixin.py:149} INFO - [2023-05-21T19:43:02.933+0530] {dag.py:3486} INFO - Setting next_dagrun for example_branch_datetime_operator_2 to 2023-05-20T00:00:00+00:00, run_after=2023-05-21T00:00:00+00:00
[2023-05-21T19:43:02.935+0530] {logging_mixin.py:149} INFO - [2023-05-21T19:43:02.935+0530] {dag.py:3486} INFO - Setting next_dagrun for example_branch_datetime_operator_3 to 2023-05-20T00:00:00+00:00, run_after=2023-05-21T00:00:00+00:00
[2023-05-21T19:43:03.024+0530] {processor.py:178} INFO - Processing /home/feuer/.local/lib/python3.10/site-packages/airflow/example_dags/example_branch_datetime_operator.py took 0.160 seconds
[2023-05-21T19:44:22.205+0530] {processor.py:156} INFO - Started process (PID=24868) to work on /home/feuer/.local/lib/python3.10/site-packages/airflow/example_dags/example_branch_datetime_operator.py
[2023-05-21T19:44:22.214+0530] {processor.py:799} INFO - Processing file /home/feuer/.local/lib/python3.10/site-packages/airflow/example_dags/example_branch_datetime_operator.py for tasks to queue
[2023-05-21T19:44:22.215+0530] {logging_mixin.py:149} INFO - [2023-05-21T19:44:22.214+0530] {dagbag.py:541} INFO - Filling up the DagBag from /home/feuer/.local/lib/python3.10/site-packages/airflow/example_dags/example_branch_datetime_operator.py
[2023-05-21T19:44:22.224+0530] {processor.py:809} INFO - DAG(s) dict_keys(['example_branch_datetime_operator_2', 'example_branch_datetime_operator_3', 'example_branch_datetime_operator']) retrieved from /home/feuer/.local/lib/python3.10/site-packages/airflow/example_dags/example_branch_datetime_operator.py
[2023-05-21T19:44:22.250+0530] {logging_mixin.py:149} INFO - [2023-05-21T19:44:22.250+0530] {dag.py:2726} INFO - Sync 3 DAGs
[2023-05-21T19:44:22.268+0530] {logging_mixin.py:149} INFO - [2023-05-21T19:44:22.268+0530] {dag.py:3486} INFO - Setting next_dagrun for example_branch_datetime_operator to 2023-05-20T00:00:00+00:00, run_after=2023-05-21T00:00:00+00:00
[2023-05-21T19:44:22.271+0530] {logging_mixin.py:149} INFO - [2023-05-21T19:44:22.271+0530] {dag.py:3486} INFO - Setting next_dagrun for example_branch_datetime_operator_2 to 2023-05-20T00:00:00+00:00, run_after=2023-05-21T00:00:00+00:00
[2023-05-21T19:44:22.272+0530] {logging_mixin.py:149} INFO - [2023-05-21T19:44:22.272+0530] {dag.py:3486} INFO - Setting next_dagrun for example_branch_datetime_operator_3 to 2023-05-20T00:00:00+00:00, run_after=2023-05-21T00:00:00+00:00
[2023-05-21T19:44:22.360+0530] {processor.py:178} INFO - Processing /home/feuer/.local/lib/python3.10/site-packages/airflow/example_dags/example_branch_datetime_operator.py took 0.159 seconds
[2023-05-21T19:45:44.172+0530] {processor.py:156} INFO - Started process (PID=25095) to work on /home/feuer/.local/lib/python3.10/site-packages/airflow/example_dags/example_branch_datetime_operator.py
[2023-05-21T19:45:44.173+0530] {processor.py:799} INFO - Processing file /home/feuer/.local/lib/python3.10/site-packages/airflow/example_dags/example_branch_datetime_operator.py for tasks to queue
[2023-05-21T19:45:44.174+0530] {logging_mixin.py:149} INFO - [2023-05-21T19:45:44.173+0530] {dagbag.py:541} INFO - Filling up the DagBag from /home/feuer/.local/lib/python3.10/site-packages/airflow/example_dags/example_branch_datetime_operator.py
[2023-05-21T19:45:44.179+0530] {processor.py:809} INFO - DAG(s) dict_keys(['example_branch_datetime_operator', 'example_branch_datetime_operator_2', 'example_branch_datetime_operator_3']) retrieved from /home/feuer/.local/lib/python3.10/site-packages/airflow/example_dags/example_branch_datetime_operator.py
[2023-05-21T19:45:44.196+0530] {logging_mixin.py:149} INFO - [2023-05-21T19:45:44.196+0530] {dag.py:2726} INFO - Sync 3 DAGs
[2023-05-21T19:45:44.212+0530] {logging_mixin.py:149} INFO - [2023-05-21T19:45:44.211+0530] {dag.py:3486} INFO - Setting next_dagrun for example_branch_datetime_operator to 2023-05-20T00:00:00+00:00, run_after=2023-05-21T00:00:00+00:00
[2023-05-21T19:45:44.214+0530] {logging_mixin.py:149} INFO - [2023-05-21T19:45:44.214+0530] {dag.py:3486} INFO - Setting next_dagrun for example_branch_datetime_operator_2 to 2023-05-20T00:00:00+00:00, run_after=2023-05-21T00:00:00+00:00
[2023-05-21T19:45:44.216+0530] {logging_mixin.py:149} INFO - [2023-05-21T19:45:44.216+0530] {dag.py:3486} INFO - Setting next_dagrun for example_branch_datetime_operator_3 to 2023-05-20T00:00:00+00:00, run_after=2023-05-21T00:00:00+00:00
[2023-05-21T19:45:44.296+0530] {processor.py:178} INFO - Processing /home/feuer/.local/lib/python3.10/site-packages/airflow/example_dags/example_branch_datetime_operator.py took 0.126 seconds
[2023-05-21T19:47:03.073+0530] {processor.py:156} INFO - Started process (PID=25230) to work on /home/feuer/.local/lib/python3.10/site-packages/airflow/example_dags/example_branch_datetime_operator.py
[2023-05-21T19:47:03.084+0530] {processor.py:799} INFO - Processing file /home/feuer/.local/lib/python3.10/site-packages/airflow/example_dags/example_branch_datetime_operator.py for tasks to queue
[2023-05-21T19:47:03.085+0530] {logging_mixin.py:149} INFO - [2023-05-21T19:47:03.085+0530] {dagbag.py:541} INFO - Filling up the DagBag from /home/feuer/.local/lib/python3.10/site-packages/airflow/example_dags/example_branch_datetime_operator.py
[2023-05-21T19:47:03.095+0530] {processor.py:809} INFO - DAG(s) dict_keys(['example_branch_datetime_operator_3', 'example_branch_datetime_operator', 'example_branch_datetime_operator_2']) retrieved from /home/feuer/.local/lib/python3.10/site-packages/airflow/example_dags/example_branch_datetime_operator.py
[2023-05-21T19:47:03.123+0530] {logging_mixin.py:149} INFO - [2023-05-21T19:47:03.122+0530] {dag.py:2726} INFO - Sync 3 DAGs
[2023-05-21T19:47:03.142+0530] {logging_mixin.py:149} INFO - [2023-05-21T19:47:03.141+0530] {dag.py:3486} INFO - Setting next_dagrun for example_branch_datetime_operator to 2023-05-20T00:00:00+00:00, run_after=2023-05-21T00:00:00+00:00
[2023-05-21T19:47:03.144+0530] {logging_mixin.py:149} INFO - [2023-05-21T19:47:03.144+0530] {dag.py:3486} INFO - Setting next_dagrun for example_branch_datetime_operator_2 to 2023-05-20T00:00:00+00:00, run_after=2023-05-21T00:00:00+00:00
[2023-05-21T19:47:03.146+0530] {logging_mixin.py:149} INFO - [2023-05-21T19:47:03.146+0530] {dag.py:3486} INFO - Setting next_dagrun for example_branch_datetime_operator_3 to 2023-05-20T00:00:00+00:00, run_after=2023-05-21T00:00:00+00:00
[2023-05-21T19:47:03.228+0530] {processor.py:178} INFO - Processing /home/feuer/.local/lib/python3.10/site-packages/airflow/example_dags/example_branch_datetime_operator.py took 0.158 seconds
[2023-05-21T19:48:23.216+0530] {processor.py:156} INFO - Started process (PID=25429) to work on /home/feuer/.local/lib/python3.10/site-packages/airflow/example_dags/example_branch_datetime_operator.py
[2023-05-21T19:48:23.217+0530] {processor.py:799} INFO - Processing file /home/feuer/.local/lib/python3.10/site-packages/airflow/example_dags/example_branch_datetime_operator.py for tasks to queue
[2023-05-21T19:48:23.217+0530] {logging_mixin.py:149} INFO - [2023-05-21T19:48:23.217+0530] {dagbag.py:541} INFO - Filling up the DagBag from /home/feuer/.local/lib/python3.10/site-packages/airflow/example_dags/example_branch_datetime_operator.py
[2023-05-21T19:48:23.227+0530] {processor.py:809} INFO - DAG(s) dict_keys(['example_branch_datetime_operator_3', 'example_branch_datetime_operator_2', 'example_branch_datetime_operator']) retrieved from /home/feuer/.local/lib/python3.10/site-packages/airflow/example_dags/example_branch_datetime_operator.py
[2023-05-21T19:48:23.254+0530] {logging_mixin.py:149} INFO - [2023-05-21T19:48:23.254+0530] {dag.py:2726} INFO - Sync 3 DAGs
[2023-05-21T19:48:23.269+0530] {logging_mixin.py:149} INFO - [2023-05-21T19:48:23.269+0530] {dag.py:3486} INFO - Setting next_dagrun for example_branch_datetime_operator to 2023-05-20T00:00:00+00:00, run_after=2023-05-21T00:00:00+00:00
[2023-05-21T19:48:23.272+0530] {logging_mixin.py:149} INFO - [2023-05-21T19:48:23.272+0530] {dag.py:3486} INFO - Setting next_dagrun for example_branch_datetime_operator_2 to 2023-05-20T00:00:00+00:00, run_after=2023-05-21T00:00:00+00:00
[2023-05-21T19:48:23.274+0530] {logging_mixin.py:149} INFO - [2023-05-21T19:48:23.274+0530] {dag.py:3486} INFO - Setting next_dagrun for example_branch_datetime_operator_3 to 2023-05-20T00:00:00+00:00, run_after=2023-05-21T00:00:00+00:00
[2023-05-21T19:48:23.380+0530] {processor.py:178} INFO - Processing /home/feuer/.local/lib/python3.10/site-packages/airflow/example_dags/example_branch_datetime_operator.py took 0.167 seconds
[2023-05-21T19:49:42.196+0530] {processor.py:156} INFO - Started process (PID=25574) to work on /home/feuer/.local/lib/python3.10/site-packages/airflow/example_dags/example_branch_datetime_operator.py
[2023-05-21T19:49:42.214+0530] {processor.py:799} INFO - Processing file /home/feuer/.local/lib/python3.10/site-packages/airflow/example_dags/example_branch_datetime_operator.py for tasks to queue
[2023-05-21T19:49:42.214+0530] {logging_mixin.py:149} INFO - [2023-05-21T19:49:42.214+0530] {dagbag.py:541} INFO - Filling up the DagBag from /home/feuer/.local/lib/python3.10/site-packages/airflow/example_dags/example_branch_datetime_operator.py
[2023-05-21T19:49:42.225+0530] {processor.py:809} INFO - DAG(s) dict_keys(['example_branch_datetime_operator', 'example_branch_datetime_operator_3', 'example_branch_datetime_operator_2']) retrieved from /home/feuer/.local/lib/python3.10/site-packages/airflow/example_dags/example_branch_datetime_operator.py
[2023-05-21T19:49:42.251+0530] {logging_mixin.py:149} INFO - [2023-05-21T19:49:42.251+0530] {dag.py:2726} INFO - Sync 3 DAGs
[2023-05-21T19:49:42.273+0530] {logging_mixin.py:149} INFO - [2023-05-21T19:49:42.272+0530] {dag.py:3486} INFO - Setting next_dagrun for example_branch_datetime_operator to 2023-05-20T00:00:00+00:00, run_after=2023-05-21T00:00:00+00:00
[2023-05-21T19:49:42.275+0530] {logging_mixin.py:149} INFO - [2023-05-21T19:49:42.275+0530] {dag.py:3486} INFO - Setting next_dagrun for example_branch_datetime_operator_2 to 2023-05-20T00:00:00+00:00, run_after=2023-05-21T00:00:00+00:00
[2023-05-21T19:49:42.277+0530] {logging_mixin.py:149} INFO - [2023-05-21T19:49:42.277+0530] {dag.py:3486} INFO - Setting next_dagrun for example_branch_datetime_operator_3 to 2023-05-20T00:00:00+00:00, run_after=2023-05-21T00:00:00+00:00
[2023-05-21T19:49:42.364+0530] {processor.py:178} INFO - Processing /home/feuer/.local/lib/python3.10/site-packages/airflow/example_dags/example_branch_datetime_operator.py took 0.171 seconds
[2023-05-21T19:51:00.034+0530] {processor.py:156} INFO - Started process (PID=25834) to work on /home/feuer/.local/lib/python3.10/site-packages/airflow/example_dags/example_branch_datetime_operator.py
[2023-05-21T19:51:00.035+0530] {processor.py:799} INFO - Processing file /home/feuer/.local/lib/python3.10/site-packages/airflow/example_dags/example_branch_datetime_operator.py for tasks to queue
[2023-05-21T19:51:00.035+0530] {logging_mixin.py:149} INFO - [2023-05-21T19:51:00.035+0530] {dagbag.py:541} INFO - Filling up the DagBag from /home/feuer/.local/lib/python3.10/site-packages/airflow/example_dags/example_branch_datetime_operator.py
[2023-05-21T19:51:00.046+0530] {processor.py:809} INFO - DAG(s) dict_keys(['example_branch_datetime_operator_3', 'example_branch_datetime_operator_2', 'example_branch_datetime_operator']) retrieved from /home/feuer/.local/lib/python3.10/site-packages/airflow/example_dags/example_branch_datetime_operator.py
[2023-05-21T19:51:00.082+0530] {logging_mixin.py:149} INFO - [2023-05-21T19:51:00.082+0530] {dag.py:2726} INFO - Sync 3 DAGs
[2023-05-21T19:51:00.105+0530] {logging_mixin.py:149} INFO - [2023-05-21T19:51:00.104+0530] {dag.py:3486} INFO - Setting next_dagrun for example_branch_datetime_operator to 2023-05-20T00:00:00+00:00, run_after=2023-05-21T00:00:00+00:00
[2023-05-21T19:51:00.108+0530] {logging_mixin.py:149} INFO - [2023-05-21T19:51:00.108+0530] {dag.py:3486} INFO - Setting next_dagrun for example_branch_datetime_operator_2 to 2023-05-20T00:00:00+00:00, run_after=2023-05-21T00:00:00+00:00
[2023-05-21T19:51:00.110+0530] {logging_mixin.py:149} INFO - [2023-05-21T19:51:00.110+0530] {dag.py:3486} INFO - Setting next_dagrun for example_branch_datetime_operator_3 to 2023-05-20T00:00:00+00:00, run_after=2023-05-21T00:00:00+00:00
[2023-05-21T19:51:00.217+0530] {processor.py:178} INFO - Processing /home/feuer/.local/lib/python3.10/site-packages/airflow/example_dags/example_branch_datetime_operator.py took 0.186 seconds
[2023-05-21T19:52:17.379+0530] {processor.py:156} INFO - Started process (PID=25976) to work on /home/feuer/.local/lib/python3.10/site-packages/airflow/example_dags/example_branch_datetime_operator.py
[2023-05-21T19:52:17.381+0530] {processor.py:799} INFO - Processing file /home/feuer/.local/lib/python3.10/site-packages/airflow/example_dags/example_branch_datetime_operator.py for tasks to queue
[2023-05-21T19:52:17.382+0530] {logging_mixin.py:149} INFO - [2023-05-21T19:52:17.381+0530] {dagbag.py:541} INFO - Filling up the DagBag from /home/feuer/.local/lib/python3.10/site-packages/airflow/example_dags/example_branch_datetime_operator.py
[2023-05-21T19:52:17.389+0530] {processor.py:809} INFO - DAG(s) dict_keys(['example_branch_datetime_operator', 'example_branch_datetime_operator_2', 'example_branch_datetime_operator_3']) retrieved from /home/feuer/.local/lib/python3.10/site-packages/airflow/example_dags/example_branch_datetime_operator.py
[2023-05-21T19:52:17.405+0530] {logging_mixin.py:149} INFO - [2023-05-21T19:52:17.404+0530] {dag.py:2726} INFO - Sync 3 DAGs
[2023-05-21T19:52:17.417+0530] {logging_mixin.py:149} INFO - [2023-05-21T19:52:17.417+0530] {dag.py:3486} INFO - Setting next_dagrun for example_branch_datetime_operator to 2023-05-20T00:00:00+00:00, run_after=2023-05-21T00:00:00+00:00
[2023-05-21T19:52:17.419+0530] {logging_mixin.py:149} INFO - [2023-05-21T19:52:17.419+0530] {dag.py:3486} INFO - Setting next_dagrun for example_branch_datetime_operator_2 to 2023-05-20T00:00:00+00:00, run_after=2023-05-21T00:00:00+00:00
[2023-05-21T19:52:17.421+0530] {logging_mixin.py:149} INFO - [2023-05-21T19:52:17.421+0530] {dag.py:3486} INFO - Setting next_dagrun for example_branch_datetime_operator_3 to 2023-05-20T00:00:00+00:00, run_after=2023-05-21T00:00:00+00:00
[2023-05-21T19:52:17.509+0530] {processor.py:178} INFO - Processing /home/feuer/.local/lib/python3.10/site-packages/airflow/example_dags/example_branch_datetime_operator.py took 0.133 seconds
[2023-05-21T19:53:30.025+0530] {processor.py:156} INFO - Started process (PID=26190) to work on /home/feuer/.local/lib/python3.10/site-packages/airflow/example_dags/example_branch_datetime_operator.py
[2023-05-21T19:53:30.026+0530] {processor.py:799} INFO - Processing file /home/feuer/.local/lib/python3.10/site-packages/airflow/example_dags/example_branch_datetime_operator.py for tasks to queue
[2023-05-21T19:53:30.027+0530] {logging_mixin.py:149} INFO - [2023-05-21T19:53:30.027+0530] {dagbag.py:541} INFO - Filling up the DagBag from /home/feuer/.local/lib/python3.10/site-packages/airflow/example_dags/example_branch_datetime_operator.py
[2023-05-21T19:53:30.034+0530] {processor.py:809} INFO - DAG(s) dict_keys(['example_branch_datetime_operator', 'example_branch_datetime_operator_2', 'example_branch_datetime_operator_3']) retrieved from /home/feuer/.local/lib/python3.10/site-packages/airflow/example_dags/example_branch_datetime_operator.py
[2023-05-21T19:53:30.051+0530] {logging_mixin.py:149} INFO - [2023-05-21T19:53:30.051+0530] {dag.py:2726} INFO - Sync 3 DAGs
[2023-05-21T19:53:30.065+0530] {logging_mixin.py:149} INFO - [2023-05-21T19:53:30.065+0530] {dag.py:3486} INFO - Setting next_dagrun for example_branch_datetime_operator to 2023-05-20T00:00:00+00:00, run_after=2023-05-21T00:00:00+00:00
[2023-05-21T19:53:30.068+0530] {logging_mixin.py:149} INFO - [2023-05-21T19:53:30.068+0530] {dag.py:3486} INFO - Setting next_dagrun for example_branch_datetime_operator_2 to 2023-05-20T00:00:00+00:00, run_after=2023-05-21T00:00:00+00:00
[2023-05-21T19:53:30.069+0530] {logging_mixin.py:149} INFO - [2023-05-21T19:53:30.069+0530] {dag.py:3486} INFO - Setting next_dagrun for example_branch_datetime_operator_3 to 2023-05-20T00:00:00+00:00, run_after=2023-05-21T00:00:00+00:00
[2023-05-21T19:53:30.273+0530] {processor.py:178} INFO - Processing /home/feuer/.local/lib/python3.10/site-packages/airflow/example_dags/example_branch_datetime_operator.py took 0.250 seconds
[2023-05-21T19:54:47.642+0530] {processor.py:156} INFO - Started process (PID=26361) to work on /home/feuer/.local/lib/python3.10/site-packages/airflow/example_dags/example_branch_datetime_operator.py
[2023-05-21T19:54:47.648+0530] {processor.py:799} INFO - Processing file /home/feuer/.local/lib/python3.10/site-packages/airflow/example_dags/example_branch_datetime_operator.py for tasks to queue
[2023-05-21T19:54:47.649+0530] {logging_mixin.py:149} INFO - [2023-05-21T19:54:47.649+0530] {dagbag.py:541} INFO - Filling up the DagBag from /home/feuer/.local/lib/python3.10/site-packages/airflow/example_dags/example_branch_datetime_operator.py
[2023-05-21T19:54:47.658+0530] {processor.py:809} INFO - DAG(s) dict_keys(['example_branch_datetime_operator_3', 'example_branch_datetime_operator_2', 'example_branch_datetime_operator']) retrieved from /home/feuer/.local/lib/python3.10/site-packages/airflow/example_dags/example_branch_datetime_operator.py
[2023-05-21T19:54:47.685+0530] {logging_mixin.py:149} INFO - [2023-05-21T19:54:47.685+0530] {dag.py:2726} INFO - Sync 3 DAGs
[2023-05-21T19:54:47.702+0530] {logging_mixin.py:149} INFO - [2023-05-21T19:54:47.702+0530] {dag.py:3486} INFO - Setting next_dagrun for example_branch_datetime_operator to 2023-05-20T00:00:00+00:00, run_after=2023-05-21T00:00:00+00:00
[2023-05-21T19:54:47.704+0530] {logging_mixin.py:149} INFO - [2023-05-21T19:54:47.704+0530] {dag.py:3486} INFO - Setting next_dagrun for example_branch_datetime_operator_2 to 2023-05-20T00:00:00+00:00, run_after=2023-05-21T00:00:00+00:00
[2023-05-21T19:54:47.706+0530] {logging_mixin.py:149} INFO - [2023-05-21T19:54:47.706+0530] {dag.py:3486} INFO - Setting next_dagrun for example_branch_datetime_operator_3 to 2023-05-20T00:00:00+00:00, run_after=2023-05-21T00:00:00+00:00
[2023-05-21T19:54:47.839+0530] {processor.py:178} INFO - Processing /home/feuer/.local/lib/python3.10/site-packages/airflow/example_dags/example_branch_datetime_operator.py took 0.200 seconds
[2023-05-21T19:56:11.864+0530] {processor.py:156} INFO - Started process (PID=26628) to work on /home/feuer/.local/lib/python3.10/site-packages/airflow/example_dags/example_branch_datetime_operator.py
[2023-05-21T19:56:11.865+0530] {processor.py:799} INFO - Processing file /home/feuer/.local/lib/python3.10/site-packages/airflow/example_dags/example_branch_datetime_operator.py for tasks to queue
[2023-05-21T19:56:11.866+0530] {logging_mixin.py:149} INFO - [2023-05-21T19:56:11.866+0530] {dagbag.py:541} INFO - Filling up the DagBag from /home/feuer/.local/lib/python3.10/site-packages/airflow/example_dags/example_branch_datetime_operator.py
[2023-05-21T19:56:11.875+0530] {processor.py:809} INFO - DAG(s) dict_keys(['example_branch_datetime_operator_3', 'example_branch_datetime_operator_2', 'example_branch_datetime_operator']) retrieved from /home/feuer/.local/lib/python3.10/site-packages/airflow/example_dags/example_branch_datetime_operator.py
[2023-05-21T19:56:11.901+0530] {logging_mixin.py:149} INFO - [2023-05-21T19:56:11.901+0530] {dag.py:2726} INFO - Sync 3 DAGs
[2023-05-21T19:56:11.916+0530] {logging_mixin.py:149} INFO - [2023-05-21T19:56:11.916+0530] {dag.py:3486} INFO - Setting next_dagrun for example_branch_datetime_operator to 2023-05-20T00:00:00+00:00, run_after=2023-05-21T00:00:00+00:00
[2023-05-21T19:56:11.918+0530] {logging_mixin.py:149} INFO - [2023-05-21T19:56:11.918+0530] {dag.py:3486} INFO - Setting next_dagrun for example_branch_datetime_operator_2 to 2023-05-20T00:00:00+00:00, run_after=2023-05-21T00:00:00+00:00
[2023-05-21T19:56:11.920+0530] {logging_mixin.py:149} INFO - [2023-05-21T19:56:11.920+0530] {dag.py:3486} INFO - Setting next_dagrun for example_branch_datetime_operator_3 to 2023-05-20T00:00:00+00:00, run_after=2023-05-21T00:00:00+00:00
[2023-05-21T19:56:12.018+0530] {processor.py:178} INFO - Processing /home/feuer/.local/lib/python3.10/site-packages/airflow/example_dags/example_branch_datetime_operator.py took 0.157 seconds
[2023-05-21T19:57:32.765+0530] {processor.py:156} INFO - Started process (PID=26801) to work on /home/feuer/.local/lib/python3.10/site-packages/airflow/example_dags/example_branch_datetime_operator.py
[2023-05-21T19:57:32.777+0530] {processor.py:799} INFO - Processing file /home/feuer/.local/lib/python3.10/site-packages/airflow/example_dags/example_branch_datetime_operator.py for tasks to queue
[2023-05-21T19:57:32.778+0530] {logging_mixin.py:149} INFO - [2023-05-21T19:57:32.778+0530] {dagbag.py:541} INFO - Filling up the DagBag from /home/feuer/.local/lib/python3.10/site-packages/airflow/example_dags/example_branch_datetime_operator.py
[2023-05-21T19:57:32.788+0530] {processor.py:809} INFO - DAG(s) dict_keys(['example_branch_datetime_operator', 'example_branch_datetime_operator_2', 'example_branch_datetime_operator_3']) retrieved from /home/feuer/.local/lib/python3.10/site-packages/airflow/example_dags/example_branch_datetime_operator.py
[2023-05-21T19:57:32.814+0530] {logging_mixin.py:149} INFO - [2023-05-21T19:57:32.814+0530] {dag.py:2726} INFO - Sync 3 DAGs
[2023-05-21T19:57:32.833+0530] {logging_mixin.py:149} INFO - [2023-05-21T19:57:32.833+0530] {dag.py:3486} INFO - Setting next_dagrun for example_branch_datetime_operator to 2023-05-20T00:00:00+00:00, run_after=2023-05-21T00:00:00+00:00
[2023-05-21T19:57:32.836+0530] {logging_mixin.py:149} INFO - [2023-05-21T19:57:32.836+0530] {dag.py:3486} INFO - Setting next_dagrun for example_branch_datetime_operator_2 to 2023-05-20T00:00:00+00:00, run_after=2023-05-21T00:00:00+00:00
[2023-05-21T19:57:32.837+0530] {logging_mixin.py:149} INFO - [2023-05-21T19:57:32.837+0530] {dag.py:3486} INFO - Setting next_dagrun for example_branch_datetime_operator_3 to 2023-05-20T00:00:00+00:00, run_after=2023-05-21T00:00:00+00:00
[2023-05-21T19:57:32.919+0530] {processor.py:178} INFO - Processing /home/feuer/.local/lib/python3.10/site-packages/airflow/example_dags/example_branch_datetime_operator.py took 0.157 seconds
[2023-05-21T19:58:50.210+0530] {processor.py:156} INFO - Started process (PID=27045) to work on /home/feuer/.local/lib/python3.10/site-packages/airflow/example_dags/example_branch_datetime_operator.py
[2023-05-21T19:58:50.211+0530] {processor.py:799} INFO - Processing file /home/feuer/.local/lib/python3.10/site-packages/airflow/example_dags/example_branch_datetime_operator.py for tasks to queue
[2023-05-21T19:58:50.212+0530] {logging_mixin.py:149} INFO - [2023-05-21T19:58:50.211+0530] {dagbag.py:541} INFO - Filling up the DagBag from /home/feuer/.local/lib/python3.10/site-packages/airflow/example_dags/example_branch_datetime_operator.py
[2023-05-21T19:58:50.220+0530] {processor.py:809} INFO - DAG(s) dict_keys(['example_branch_datetime_operator', 'example_branch_datetime_operator_3', 'example_branch_datetime_operator_2']) retrieved from /home/feuer/.local/lib/python3.10/site-packages/airflow/example_dags/example_branch_datetime_operator.py
[2023-05-21T19:58:50.240+0530] {logging_mixin.py:149} INFO - [2023-05-21T19:58:50.239+0530] {dag.py:2726} INFO - Sync 3 DAGs
[2023-05-21T19:58:50.258+0530] {logging_mixin.py:149} INFO - [2023-05-21T19:58:50.257+0530] {dag.py:3486} INFO - Setting next_dagrun for example_branch_datetime_operator to 2023-05-20T00:00:00+00:00, run_after=2023-05-21T00:00:00+00:00
[2023-05-21T19:58:50.261+0530] {logging_mixin.py:149} INFO - [2023-05-21T19:58:50.261+0530] {dag.py:3486} INFO - Setting next_dagrun for example_branch_datetime_operator_2 to 2023-05-20T00:00:00+00:00, run_after=2023-05-21T00:00:00+00:00
[2023-05-21T19:58:50.263+0530] {logging_mixin.py:149} INFO - [2023-05-21T19:58:50.263+0530] {dag.py:3486} INFO - Setting next_dagrun for example_branch_datetime_operator_3 to 2023-05-20T00:00:00+00:00, run_after=2023-05-21T00:00:00+00:00
[2023-05-21T19:58:50.357+0530] {processor.py:178} INFO - Processing /home/feuer/.local/lib/python3.10/site-packages/airflow/example_dags/example_branch_datetime_operator.py took 0.150 seconds
[2023-05-21T20:00:19.024+0530] {processor.py:156} INFO - Started process (PID=27232) to work on /home/feuer/.local/lib/python3.10/site-packages/airflow/example_dags/example_branch_datetime_operator.py
[2023-05-21T20:00:19.025+0530] {processor.py:799} INFO - Processing file /home/feuer/.local/lib/python3.10/site-packages/airflow/example_dags/example_branch_datetime_operator.py for tasks to queue
[2023-05-21T20:00:19.025+0530] {logging_mixin.py:149} INFO - [2023-05-21T20:00:19.025+0530] {dagbag.py:541} INFO - Filling up the DagBag from /home/feuer/.local/lib/python3.10/site-packages/airflow/example_dags/example_branch_datetime_operator.py
[2023-05-21T20:00:19.035+0530] {processor.py:809} INFO - DAG(s) dict_keys(['example_branch_datetime_operator', 'example_branch_datetime_operator_2', 'example_branch_datetime_operator_3']) retrieved from /home/feuer/.local/lib/python3.10/site-packages/airflow/example_dags/example_branch_datetime_operator.py
[2023-05-21T20:00:19.061+0530] {logging_mixin.py:149} INFO - [2023-05-21T20:00:19.061+0530] {dag.py:2726} INFO - Sync 3 DAGs
[2023-05-21T20:00:19.078+0530] {logging_mixin.py:149} INFO - [2023-05-21T20:00:19.078+0530] {dag.py:3486} INFO - Setting next_dagrun for example_branch_datetime_operator to 2023-05-20T00:00:00+00:00, run_after=2023-05-21T00:00:00+00:00
[2023-05-21T20:00:19.082+0530] {logging_mixin.py:149} INFO - [2023-05-21T20:00:19.081+0530] {dag.py:3486} INFO - Setting next_dagrun for example_branch_datetime_operator_2 to 2023-05-20T00:00:00+00:00, run_after=2023-05-21T00:00:00+00:00
[2023-05-21T20:00:19.083+0530] {logging_mixin.py:149} INFO - [2023-05-21T20:00:19.083+0530] {dag.py:3486} INFO - Setting next_dagrun for example_branch_datetime_operator_3 to 2023-05-20T00:00:00+00:00, run_after=2023-05-21T00:00:00+00:00
[2023-05-21T20:00:19.218+0530] {processor.py:178} INFO - Processing /home/feuer/.local/lib/python3.10/site-packages/airflow/example_dags/example_branch_datetime_operator.py took 0.197 seconds
[2023-05-21T20:01:18.376+0530] {processor.py:156} INFO - Started process (PID=27457) to work on /home/feuer/.local/lib/python3.10/site-packages/airflow/example_dags/example_branch_datetime_operator.py
[2023-05-21T20:01:18.392+0530] {processor.py:799} INFO - Processing file /home/feuer/.local/lib/python3.10/site-packages/airflow/example_dags/example_branch_datetime_operator.py for tasks to queue
[2023-05-21T20:01:18.393+0530] {logging_mixin.py:149} INFO - [2023-05-21T20:01:18.393+0530] {dagbag.py:541} INFO - Filling up the DagBag from /home/feuer/.local/lib/python3.10/site-packages/airflow/example_dags/example_branch_datetime_operator.py
[2023-05-21T20:01:18.403+0530] {processor.py:809} INFO - DAG(s) dict_keys(['example_branch_datetime_operator_3', 'example_branch_datetime_operator', 'example_branch_datetime_operator_2']) retrieved from /home/feuer/.local/lib/python3.10/site-packages/airflow/example_dags/example_branch_datetime_operator.py
[2023-05-21T20:01:18.427+0530] {logging_mixin.py:149} INFO - [2023-05-21T20:01:18.427+0530] {dag.py:2726} INFO - Sync 3 DAGs
[2023-05-21T20:01:18.448+0530] {logging_mixin.py:149} INFO - [2023-05-21T20:01:18.448+0530] {dag.py:3486} INFO - Setting next_dagrun for example_branch_datetime_operator to 2023-05-20T00:00:00+00:00, run_after=2023-05-21T00:00:00+00:00
[2023-05-21T20:01:18.451+0530] {logging_mixin.py:149} INFO - [2023-05-21T20:01:18.451+0530] {dag.py:3486} INFO - Setting next_dagrun for example_branch_datetime_operator_2 to 2023-05-20T00:00:00+00:00, run_after=2023-05-21T00:00:00+00:00
[2023-05-21T20:01:18.453+0530] {logging_mixin.py:149} INFO - [2023-05-21T20:01:18.453+0530] {dag.py:3486} INFO - Setting next_dagrun for example_branch_datetime_operator_3 to 2023-05-20T00:00:00+00:00, run_after=2023-05-21T00:00:00+00:00
[2023-05-21T20:01:18.548+0530] {processor.py:178} INFO - Processing /home/feuer/.local/lib/python3.10/site-packages/airflow/example_dags/example_branch_datetime_operator.py took 0.174 seconds
[2023-05-21T20:02:35.392+0530] {processor.py:156} INFO - Started process (PID=27802) to work on /home/feuer/.local/lib/python3.10/site-packages/airflow/example_dags/example_branch_datetime_operator.py
[2023-05-21T20:02:35.405+0530] {processor.py:799} INFO - Processing file /home/feuer/.local/lib/python3.10/site-packages/airflow/example_dags/example_branch_datetime_operator.py for tasks to queue
[2023-05-21T20:02:35.406+0530] {logging_mixin.py:149} INFO - [2023-05-21T20:02:35.406+0530] {dagbag.py:541} INFO - Filling up the DagBag from /home/feuer/.local/lib/python3.10/site-packages/airflow/example_dags/example_branch_datetime_operator.py
[2023-05-21T20:02:35.430+0530] {processor.py:809} INFO - DAG(s) dict_keys(['example_branch_datetime_operator', 'example_branch_datetime_operator_3', 'example_branch_datetime_operator_2']) retrieved from /home/feuer/.local/lib/python3.10/site-packages/airflow/example_dags/example_branch_datetime_operator.py
[2023-05-21T20:02:35.460+0530] {logging_mixin.py:149} INFO - [2023-05-21T20:02:35.460+0530] {dag.py:2726} INFO - Sync 3 DAGs
[2023-05-21T20:02:35.483+0530] {logging_mixin.py:149} INFO - [2023-05-21T20:02:35.483+0530] {dag.py:3486} INFO - Setting next_dagrun for example_branch_datetime_operator to 2023-05-20T00:00:00+00:00, run_after=2023-05-21T00:00:00+00:00
[2023-05-21T20:02:35.487+0530] {logging_mixin.py:149} INFO - [2023-05-21T20:02:35.487+0530] {dag.py:3486} INFO - Setting next_dagrun for example_branch_datetime_operator_2 to 2023-05-20T00:00:00+00:00, run_after=2023-05-21T00:00:00+00:00
[2023-05-21T20:02:35.489+0530] {logging_mixin.py:149} INFO - [2023-05-21T20:02:35.489+0530] {dag.py:3486} INFO - Setting next_dagrun for example_branch_datetime_operator_3 to 2023-05-20T00:00:00+00:00, run_after=2023-05-21T00:00:00+00:00
[2023-05-21T20:02:35.563+0530] {processor.py:178} INFO - Processing /home/feuer/.local/lib/python3.10/site-packages/airflow/example_dags/example_branch_datetime_operator.py took 0.175 seconds
[2023-05-21T20:03:38.375+0530] {processor.py:156} INFO - Started process (PID=27987) to work on /home/feuer/.local/lib/python3.10/site-packages/airflow/example_dags/example_branch_datetime_operator.py
[2023-05-21T20:03:38.376+0530] {processor.py:799} INFO - Processing file /home/feuer/.local/lib/python3.10/site-packages/airflow/example_dags/example_branch_datetime_operator.py for tasks to queue
[2023-05-21T20:03:38.377+0530] {logging_mixin.py:149} INFO - [2023-05-21T20:03:38.377+0530] {dagbag.py:541} INFO - Filling up the DagBag from /home/feuer/.local/lib/python3.10/site-packages/airflow/example_dags/example_branch_datetime_operator.py
[2023-05-21T20:03:38.384+0530] {processor.py:809} INFO - DAG(s) dict_keys(['example_branch_datetime_operator', 'example_branch_datetime_operator_2', 'example_branch_datetime_operator_3']) retrieved from /home/feuer/.local/lib/python3.10/site-packages/airflow/example_dags/example_branch_datetime_operator.py
[2023-05-21T20:03:38.400+0530] {logging_mixin.py:149} INFO - [2023-05-21T20:03:38.400+0530] {dag.py:2726} INFO - Sync 3 DAGs
[2023-05-21T20:03:38.413+0530] {logging_mixin.py:149} INFO - [2023-05-21T20:03:38.412+0530] {dag.py:3486} INFO - Setting next_dagrun for example_branch_datetime_operator to 2023-05-20T00:00:00+00:00, run_after=2023-05-21T00:00:00+00:00
[2023-05-21T20:03:38.417+0530] {logging_mixin.py:149} INFO - [2023-05-21T20:03:38.417+0530] {dag.py:3486} INFO - Setting next_dagrun for example_branch_datetime_operator_2 to 2023-05-20T00:00:00+00:00, run_after=2023-05-21T00:00:00+00:00
[2023-05-21T20:03:38.419+0530] {logging_mixin.py:149} INFO - [2023-05-21T20:03:38.419+0530] {dag.py:3486} INFO - Setting next_dagrun for example_branch_datetime_operator_3 to 2023-05-20T00:00:00+00:00, run_after=2023-05-21T00:00:00+00:00
[2023-05-21T20:03:38.509+0530] {processor.py:178} INFO - Processing /home/feuer/.local/lib/python3.10/site-packages/airflow/example_dags/example_branch_datetime_operator.py took 0.136 seconds
[2023-05-21T20:05:06.721+0530] {processor.py:156} INFO - Started process (PID=28309) to work on /home/feuer/.local/lib/python3.10/site-packages/airflow/example_dags/example_branch_datetime_operator.py
[2023-05-21T20:05:06.722+0530] {processor.py:799} INFO - Processing file /home/feuer/.local/lib/python3.10/site-packages/airflow/example_dags/example_branch_datetime_operator.py for tasks to queue
[2023-05-21T20:05:06.723+0530] {logging_mixin.py:149} INFO - [2023-05-21T20:05:06.722+0530] {dagbag.py:541} INFO - Filling up the DagBag from /home/feuer/.local/lib/python3.10/site-packages/airflow/example_dags/example_branch_datetime_operator.py
[2023-05-21T20:05:06.729+0530] {processor.py:809} INFO - DAG(s) dict_keys(['example_branch_datetime_operator_2', 'example_branch_datetime_operator', 'example_branch_datetime_operator_3']) retrieved from /home/feuer/.local/lib/python3.10/site-packages/airflow/example_dags/example_branch_datetime_operator.py
[2023-05-21T20:05:06.754+0530] {logging_mixin.py:149} INFO - [2023-05-21T20:05:06.754+0530] {dag.py:2726} INFO - Sync 3 DAGs
[2023-05-21T20:05:06.767+0530] {logging_mixin.py:149} INFO - [2023-05-21T20:05:06.767+0530] {dag.py:3486} INFO - Setting next_dagrun for example_branch_datetime_operator to 2023-05-20T00:00:00+00:00, run_after=2023-05-21T00:00:00+00:00
[2023-05-21T20:05:06.770+0530] {logging_mixin.py:149} INFO - [2023-05-21T20:05:06.770+0530] {dag.py:3486} INFO - Setting next_dagrun for example_branch_datetime_operator_2 to 2023-05-20T00:00:00+00:00, run_after=2023-05-21T00:00:00+00:00
[2023-05-21T20:05:06.771+0530] {logging_mixin.py:149} INFO - [2023-05-21T20:05:06.771+0530] {dag.py:3486} INFO - Setting next_dagrun for example_branch_datetime_operator_3 to 2023-05-20T00:00:00+00:00, run_after=2023-05-21T00:00:00+00:00
[2023-05-21T20:05:06.862+0530] {processor.py:178} INFO - Processing /home/feuer/.local/lib/python3.10/site-packages/airflow/example_dags/example_branch_datetime_operator.py took 0.142 seconds
[2023-05-21T20:06:05.254+0530] {processor.py:156} INFO - Started process (PID=28522) to work on /home/feuer/.local/lib/python3.10/site-packages/airflow/example_dags/example_branch_datetime_operator.py
[2023-05-21T20:06:05.270+0530] {processor.py:799} INFO - Processing file /home/feuer/.local/lib/python3.10/site-packages/airflow/example_dags/example_branch_datetime_operator.py for tasks to queue
[2023-05-21T20:06:05.271+0530] {logging_mixin.py:149} INFO - [2023-05-21T20:06:05.271+0530] {dagbag.py:541} INFO - Filling up the DagBag from /home/feuer/.local/lib/python3.10/site-packages/airflow/example_dags/example_branch_datetime_operator.py
[2023-05-21T20:06:05.282+0530] {processor.py:809} INFO - DAG(s) dict_keys(['example_branch_datetime_operator', 'example_branch_datetime_operator_3', 'example_branch_datetime_operator_2']) retrieved from /home/feuer/.local/lib/python3.10/site-packages/airflow/example_dags/example_branch_datetime_operator.py
[2023-05-21T20:06:05.315+0530] {logging_mixin.py:149} INFO - [2023-05-21T20:06:05.314+0530] {dag.py:2726} INFO - Sync 3 DAGs
[2023-05-21T20:06:05.334+0530] {logging_mixin.py:149} INFO - [2023-05-21T20:06:05.334+0530] {dag.py:3486} INFO - Setting next_dagrun for example_branch_datetime_operator to 2023-05-20T00:00:00+00:00, run_after=2023-05-21T00:00:00+00:00
[2023-05-21T20:06:05.337+0530] {logging_mixin.py:149} INFO - [2023-05-21T20:06:05.337+0530] {dag.py:3486} INFO - Setting next_dagrun for example_branch_datetime_operator_2 to 2023-05-20T00:00:00+00:00, run_after=2023-05-21T00:00:00+00:00
[2023-05-21T20:06:05.338+0530] {logging_mixin.py:149} INFO - [2023-05-21T20:06:05.338+0530] {dag.py:3486} INFO - Setting next_dagrun for example_branch_datetime_operator_3 to 2023-05-20T00:00:00+00:00, run_after=2023-05-21T00:00:00+00:00
[2023-05-21T20:06:05.424+0530] {processor.py:178} INFO - Processing /home/feuer/.local/lib/python3.10/site-packages/airflow/example_dags/example_branch_datetime_operator.py took 0.173 seconds
[2023-05-21T20:07:29.150+0530] {processor.py:156} INFO - Started process (PID=28908) to work on /home/feuer/.local/lib/python3.10/site-packages/airflow/example_dags/example_branch_datetime_operator.py
[2023-05-21T20:07:29.162+0530] {processor.py:799} INFO - Processing file /home/feuer/.local/lib/python3.10/site-packages/airflow/example_dags/example_branch_datetime_operator.py for tasks to queue
[2023-05-21T20:07:29.162+0530] {logging_mixin.py:149} INFO - [2023-05-21T20:07:29.162+0530] {dagbag.py:541} INFO - Filling up the DagBag from /home/feuer/.local/lib/python3.10/site-packages/airflow/example_dags/example_branch_datetime_operator.py
[2023-05-21T20:07:29.172+0530] {processor.py:809} INFO - DAG(s) dict_keys(['example_branch_datetime_operator_2', 'example_branch_datetime_operator_3', 'example_branch_datetime_operator']) retrieved from /home/feuer/.local/lib/python3.10/site-packages/airflow/example_dags/example_branch_datetime_operator.py
[2023-05-21T20:07:29.200+0530] {logging_mixin.py:149} INFO - [2023-05-21T20:07:29.200+0530] {dag.py:2726} INFO - Sync 3 DAGs
[2023-05-21T20:07:29.218+0530] {logging_mixin.py:149} INFO - [2023-05-21T20:07:29.218+0530] {dag.py:3486} INFO - Setting next_dagrun for example_branch_datetime_operator to 2023-05-20T00:00:00+00:00, run_after=2023-05-21T00:00:00+00:00
[2023-05-21T20:07:29.221+0530] {logging_mixin.py:149} INFO - [2023-05-21T20:07:29.221+0530] {dag.py:3486} INFO - Setting next_dagrun for example_branch_datetime_operator_2 to 2023-05-20T00:00:00+00:00, run_after=2023-05-21T00:00:00+00:00
[2023-05-21T20:07:29.223+0530] {logging_mixin.py:149} INFO - [2023-05-21T20:07:29.222+0530] {dag.py:3486} INFO - Setting next_dagrun for example_branch_datetime_operator_3 to 2023-05-20T00:00:00+00:00, run_after=2023-05-21T00:00:00+00:00
[2023-05-21T20:07:29.312+0530] {processor.py:178} INFO - Processing /home/feuer/.local/lib/python3.10/site-packages/airflow/example_dags/example_branch_datetime_operator.py took 0.165 seconds
[2023-05-21T20:08:55.138+0530] {processor.py:156} INFO - Started process (PID=29140) to work on /home/feuer/.local/lib/python3.10/site-packages/airflow/example_dags/example_branch_datetime_operator.py
[2023-05-21T20:08:55.166+0530] {processor.py:799} INFO - Processing file /home/feuer/.local/lib/python3.10/site-packages/airflow/example_dags/example_branch_datetime_operator.py for tasks to queue
[2023-05-21T20:08:55.166+0530] {logging_mixin.py:149} INFO - [2023-05-21T20:08:55.166+0530] {dagbag.py:541} INFO - Filling up the DagBag from /home/feuer/.local/lib/python3.10/site-packages/airflow/example_dags/example_branch_datetime_operator.py
[2023-05-21T20:08:55.176+0530] {processor.py:809} INFO - DAG(s) dict_keys(['example_branch_datetime_operator_2', 'example_branch_datetime_operator_3', 'example_branch_datetime_operator']) retrieved from /home/feuer/.local/lib/python3.10/site-packages/airflow/example_dags/example_branch_datetime_operator.py
[2023-05-21T20:08:55.205+0530] {logging_mixin.py:149} INFO - [2023-05-21T20:08:55.205+0530] {dag.py:2726} INFO - Sync 3 DAGs
[2023-05-21T20:08:55.231+0530] {logging_mixin.py:149} INFO - [2023-05-21T20:08:55.231+0530] {dag.py:3486} INFO - Setting next_dagrun for example_branch_datetime_operator to 2023-05-20T00:00:00+00:00, run_after=2023-05-21T00:00:00+00:00
[2023-05-21T20:08:55.234+0530] {logging_mixin.py:149} INFO - [2023-05-21T20:08:55.234+0530] {dag.py:3486} INFO - Setting next_dagrun for example_branch_datetime_operator_2 to 2023-05-20T00:00:00+00:00, run_after=2023-05-21T00:00:00+00:00
[2023-05-21T20:08:55.235+0530] {logging_mixin.py:149} INFO - [2023-05-21T20:08:55.235+0530] {dag.py:3486} INFO - Setting next_dagrun for example_branch_datetime_operator_3 to 2023-05-20T00:00:00+00:00, run_after=2023-05-21T00:00:00+00:00
[2023-05-21T20:08:55.345+0530] {processor.py:178} INFO - Processing /home/feuer/.local/lib/python3.10/site-packages/airflow/example_dags/example_branch_datetime_operator.py took 0.210 seconds
[2023-05-21T20:09:51.501+0530] {processor.py:156} INFO - Started process (PID=29355) to work on /home/feuer/.local/lib/python3.10/site-packages/airflow/example_dags/example_branch_datetime_operator.py
[2023-05-21T20:09:51.503+0530] {processor.py:799} INFO - Processing file /home/feuer/.local/lib/python3.10/site-packages/airflow/example_dags/example_branch_datetime_operator.py for tasks to queue
[2023-05-21T20:09:51.503+0530] {logging_mixin.py:149} INFO - [2023-05-21T20:09:51.503+0530] {dagbag.py:541} INFO - Filling up the DagBag from /home/feuer/.local/lib/python3.10/site-packages/airflow/example_dags/example_branch_datetime_operator.py
[2023-05-21T20:09:51.513+0530] {processor.py:809} INFO - DAG(s) dict_keys(['example_branch_datetime_operator', 'example_branch_datetime_operator_3', 'example_branch_datetime_operator_2']) retrieved from /home/feuer/.local/lib/python3.10/site-packages/airflow/example_dags/example_branch_datetime_operator.py
[2023-05-21T20:09:51.541+0530] {logging_mixin.py:149} INFO - [2023-05-21T20:09:51.540+0530] {dag.py:2726} INFO - Sync 3 DAGs
[2023-05-21T20:09:51.554+0530] {logging_mixin.py:149} INFO - [2023-05-21T20:09:51.554+0530] {dag.py:3486} INFO - Setting next_dagrun for example_branch_datetime_operator to 2023-05-20T00:00:00+00:00, run_after=2023-05-21T00:00:00+00:00
[2023-05-21T20:09:51.558+0530] {logging_mixin.py:149} INFO - [2023-05-21T20:09:51.557+0530] {dag.py:3486} INFO - Setting next_dagrun for example_branch_datetime_operator_2 to 2023-05-20T00:00:00+00:00, run_after=2023-05-21T00:00:00+00:00
[2023-05-21T20:09:51.560+0530] {logging_mixin.py:149} INFO - [2023-05-21T20:09:51.560+0530] {dag.py:3486} INFO - Setting next_dagrun for example_branch_datetime_operator_3 to 2023-05-20T00:00:00+00:00, run_after=2023-05-21T00:00:00+00:00
[2023-05-21T20:09:51.645+0530] {processor.py:178} INFO - Processing /home/feuer/.local/lib/python3.10/site-packages/airflow/example_dags/example_branch_datetime_operator.py took 0.148 seconds
[2023-05-21T20:10:47.777+0530] {processor.py:156} INFO - Started process (PID=29498) to work on /home/feuer/.local/lib/python3.10/site-packages/airflow/example_dags/example_branch_datetime_operator.py
[2023-05-21T20:10:47.778+0530] {processor.py:799} INFO - Processing file /home/feuer/.local/lib/python3.10/site-packages/airflow/example_dags/example_branch_datetime_operator.py for tasks to queue
[2023-05-21T20:10:47.779+0530] {logging_mixin.py:149} INFO - [2023-05-21T20:10:47.779+0530] {dagbag.py:541} INFO - Filling up the DagBag from /home/feuer/.local/lib/python3.10/site-packages/airflow/example_dags/example_branch_datetime_operator.py
[2023-05-21T20:10:47.789+0530] {processor.py:809} INFO - DAG(s) dict_keys(['example_branch_datetime_operator_3', 'example_branch_datetime_operator', 'example_branch_datetime_operator_2']) retrieved from /home/feuer/.local/lib/python3.10/site-packages/airflow/example_dags/example_branch_datetime_operator.py
[2023-05-21T20:10:47.815+0530] {logging_mixin.py:149} INFO - [2023-05-21T20:10:47.815+0530] {dag.py:2726} INFO - Sync 3 DAGs
[2023-05-21T20:10:47.829+0530] {logging_mixin.py:149} INFO - [2023-05-21T20:10:47.829+0530] {dag.py:3486} INFO - Setting next_dagrun for example_branch_datetime_operator to 2023-05-20T00:00:00+00:00, run_after=2023-05-21T00:00:00+00:00
[2023-05-21T20:10:47.832+0530] {logging_mixin.py:149} INFO - [2023-05-21T20:10:47.832+0530] {dag.py:3486} INFO - Setting next_dagrun for example_branch_datetime_operator_2 to 2023-05-20T00:00:00+00:00, run_after=2023-05-21T00:00:00+00:00
[2023-05-21T20:10:47.833+0530] {logging_mixin.py:149} INFO - [2023-05-21T20:10:47.833+0530] {dag.py:3486} INFO - Setting next_dagrun for example_branch_datetime_operator_3 to 2023-05-20T00:00:00+00:00, run_after=2023-05-21T00:00:00+00:00
[2023-05-21T20:10:47.969+0530] {processor.py:178} INFO - Processing /home/feuer/.local/lib/python3.10/site-packages/airflow/example_dags/example_branch_datetime_operator.py took 0.194 seconds
[2023-05-21T20:12:14.207+0530] {processor.py:156} INFO - Started process (PID=29750) to work on /home/feuer/.local/lib/python3.10/site-packages/airflow/example_dags/example_branch_datetime_operator.py
[2023-05-21T20:12:14.218+0530] {processor.py:799} INFO - Processing file /home/feuer/.local/lib/python3.10/site-packages/airflow/example_dags/example_branch_datetime_operator.py for tasks to queue
[2023-05-21T20:12:14.219+0530] {logging_mixin.py:149} INFO - [2023-05-21T20:12:14.219+0530] {dagbag.py:541} INFO - Filling up the DagBag from /home/feuer/.local/lib/python3.10/site-packages/airflow/example_dags/example_branch_datetime_operator.py
[2023-05-21T20:12:14.229+0530] {processor.py:809} INFO - DAG(s) dict_keys(['example_branch_datetime_operator', 'example_branch_datetime_operator_2', 'example_branch_datetime_operator_3']) retrieved from /home/feuer/.local/lib/python3.10/site-packages/airflow/example_dags/example_branch_datetime_operator.py
[2023-05-21T20:12:14.256+0530] {logging_mixin.py:149} INFO - [2023-05-21T20:12:14.256+0530] {dag.py:2726} INFO - Sync 3 DAGs
[2023-05-21T20:12:14.276+0530] {logging_mixin.py:149} INFO - [2023-05-21T20:12:14.276+0530] {dag.py:3486} INFO - Setting next_dagrun for example_branch_datetime_operator to 2023-05-20T00:00:00+00:00, run_after=2023-05-21T00:00:00+00:00
[2023-05-21T20:12:14.278+0530] {logging_mixin.py:149} INFO - [2023-05-21T20:12:14.278+0530] {dag.py:3486} INFO - Setting next_dagrun for example_branch_datetime_operator_2 to 2023-05-20T00:00:00+00:00, run_after=2023-05-21T00:00:00+00:00
[2023-05-21T20:12:14.280+0530] {logging_mixin.py:149} INFO - [2023-05-21T20:12:14.280+0530] {dag.py:3486} INFO - Setting next_dagrun for example_branch_datetime_operator_3 to 2023-05-20T00:00:00+00:00, run_after=2023-05-21T00:00:00+00:00
[2023-05-21T20:12:14.354+0530] {processor.py:178} INFO - Processing /home/feuer/.local/lib/python3.10/site-packages/airflow/example_dags/example_branch_datetime_operator.py took 0.151 seconds
[2023-05-21T16:59:01.748+0530] {processor.py:156} INFO - Started process (PID=55937) to work on /home/feuer/.local/lib/python3.10/site-packages/airflow/example_dags/example_branch_datetime_operator.py
[2023-05-21T16:59:01.787+0530] {processor.py:799} INFO - Processing file /home/feuer/.local/lib/python3.10/site-packages/airflow/example_dags/example_branch_datetime_operator.py for tasks to queue
[2023-05-21T16:59:01.788+0530] {logging_mixin.py:149} INFO - [2023-05-21T16:59:01.787+0530] {dagbag.py:541} INFO - Filling up the DagBag from /home/feuer/.local/lib/python3.10/site-packages/airflow/example_dags/example_branch_datetime_operator.py
[2023-05-21T16:59:01.887+0530] {processor.py:809} INFO - DAG(s) dict_keys(['example_branch_datetime_operator_3', 'example_branch_datetime_operator_2', 'example_branch_datetime_operator']) retrieved from /home/feuer/.local/lib/python3.10/site-packages/airflow/example_dags/example_branch_datetime_operator.py
[2023-05-21T16:59:01.905+0530] {logging_mixin.py:149} INFO - [2023-05-21T16:59:01.905+0530] {dag.py:2726} INFO - Sync 3 DAGs
[2023-05-21T16:59:01.918+0530] {logging_mixin.py:149} INFO - [2023-05-21T16:59:01.918+0530] {dag.py:3486} INFO - Setting next_dagrun for example_branch_datetime_operator to 2023-05-20T00:00:00+00:00, run_after=2023-05-21T00:00:00+00:00
[2023-05-21T16:59:01.921+0530] {logging_mixin.py:149} INFO - [2023-05-21T16:59:01.921+0530] {dag.py:3486} INFO - Setting next_dagrun for example_branch_datetime_operator_2 to 2023-05-20T00:00:00+00:00, run_after=2023-05-21T00:00:00+00:00
[2023-05-21T16:59:01.923+0530] {logging_mixin.py:149} INFO - [2023-05-21T16:59:01.923+0530] {dag.py:3486} INFO - Setting next_dagrun for example_branch_datetime_operator_3 to 2023-05-20T00:00:00+00:00, run_after=2023-05-21T00:00:00+00:00
[2023-05-21T16:59:02.209+0530] {processor.py:178} INFO - Processing /home/feuer/.local/lib/python3.10/site-packages/airflow/example_dags/example_branch_datetime_operator.py took 0.463 seconds
[2023-05-21T17:00:32.053+0530] {processor.py:156} INFO - Started process (PID=56149) to work on /home/feuer/.local/lib/python3.10/site-packages/airflow/example_dags/example_branch_datetime_operator.py
[2023-05-21T17:00:32.079+0530] {processor.py:799} INFO - Processing file /home/feuer/.local/lib/python3.10/site-packages/airflow/example_dags/example_branch_datetime_operator.py for tasks to queue
[2023-05-21T17:00:32.079+0530] {logging_mixin.py:149} INFO - [2023-05-21T17:00:32.079+0530] {dagbag.py:541} INFO - Filling up the DagBag from /home/feuer/.local/lib/python3.10/site-packages/airflow/example_dags/example_branch_datetime_operator.py
[2023-05-21T17:00:32.089+0530] {processor.py:809} INFO - DAG(s) dict_keys(['example_branch_datetime_operator_3', 'example_branch_datetime_operator_2', 'example_branch_datetime_operator']) retrieved from /home/feuer/.local/lib/python3.10/site-packages/airflow/example_dags/example_branch_datetime_operator.py
[2023-05-21T17:00:32.117+0530] {logging_mixin.py:149} INFO - [2023-05-21T17:00:32.117+0530] {dag.py:2726} INFO - Sync 3 DAGs
[2023-05-21T17:00:32.138+0530] {logging_mixin.py:149} INFO - [2023-05-21T17:00:32.138+0530] {dag.py:3486} INFO - Setting next_dagrun for example_branch_datetime_operator to 2023-05-20T00:00:00+00:00, run_after=2023-05-21T00:00:00+00:00
[2023-05-21T17:00:32.141+0530] {logging_mixin.py:149} INFO - [2023-05-21T17:00:32.141+0530] {dag.py:3486} INFO - Setting next_dagrun for example_branch_datetime_operator_2 to 2023-05-20T00:00:00+00:00, run_after=2023-05-21T00:00:00+00:00
[2023-05-21T17:00:32.142+0530] {logging_mixin.py:149} INFO - [2023-05-21T17:00:32.142+0530] {dag.py:3486} INFO - Setting next_dagrun for example_branch_datetime_operator_3 to 2023-05-20T00:00:00+00:00, run_after=2023-05-21T00:00:00+00:00
[2023-05-21T17:00:32.452+0530] {processor.py:178} INFO - Processing /home/feuer/.local/lib/python3.10/site-packages/airflow/example_dags/example_branch_datetime_operator.py took 0.401 seconds
[2023-05-21T17:02:02.148+0530] {processor.py:156} INFO - Started process (PID=56428) to work on /home/feuer/.local/lib/python3.10/site-packages/airflow/example_dags/example_branch_datetime_operator.py
[2023-05-21T17:02:02.162+0530] {processor.py:799} INFO - Processing file /home/feuer/.local/lib/python3.10/site-packages/airflow/example_dags/example_branch_datetime_operator.py for tasks to queue
[2023-05-21T17:02:02.162+0530] {logging_mixin.py:149} INFO - [2023-05-21T17:02:02.162+0530] {dagbag.py:541} INFO - Filling up the DagBag from /home/feuer/.local/lib/python3.10/site-packages/airflow/example_dags/example_branch_datetime_operator.py
[2023-05-21T17:02:02.172+0530] {processor.py:809} INFO - DAG(s) dict_keys(['example_branch_datetime_operator_2', 'example_branch_datetime_operator', 'example_branch_datetime_operator_3']) retrieved from /home/feuer/.local/lib/python3.10/site-packages/airflow/example_dags/example_branch_datetime_operator.py
[2023-05-21T17:02:02.198+0530] {logging_mixin.py:149} INFO - [2023-05-21T17:02:02.198+0530] {dag.py:2726} INFO - Sync 3 DAGs
[2023-05-21T17:02:02.218+0530] {logging_mixin.py:149} INFO - [2023-05-21T17:02:02.218+0530] {dag.py:3486} INFO - Setting next_dagrun for example_branch_datetime_operator to 2023-05-20T00:00:00+00:00, run_after=2023-05-21T00:00:00+00:00
[2023-05-21T17:02:02.221+0530] {logging_mixin.py:149} INFO - [2023-05-21T17:02:02.221+0530] {dag.py:3486} INFO - Setting next_dagrun for example_branch_datetime_operator_2 to 2023-05-20T00:00:00+00:00, run_after=2023-05-21T00:00:00+00:00
[2023-05-21T17:02:02.223+0530] {logging_mixin.py:149} INFO - [2023-05-21T17:02:02.222+0530] {dag.py:3486} INFO - Setting next_dagrun for example_branch_datetime_operator_3 to 2023-05-20T00:00:00+00:00, run_after=2023-05-21T00:00:00+00:00
[2023-05-21T17:02:02.486+0530] {processor.py:178} INFO - Processing /home/feuer/.local/lib/python3.10/site-packages/airflow/example_dags/example_branch_datetime_operator.py took 0.341 seconds
[2023-05-21T17:03:11.702+0530] {processor.py:156} INFO - Started process (PID=56648) to work on /home/feuer/.local/lib/python3.10/site-packages/airflow/example_dags/example_branch_datetime_operator.py
[2023-05-21T17:03:11.709+0530] {processor.py:799} INFO - Processing file /home/feuer/.local/lib/python3.10/site-packages/airflow/example_dags/example_branch_datetime_operator.py for tasks to queue
[2023-05-21T17:03:11.710+0530] {logging_mixin.py:149} INFO - [2023-05-21T17:03:11.710+0530] {dagbag.py:541} INFO - Filling up the DagBag from /home/feuer/.local/lib/python3.10/site-packages/airflow/example_dags/example_branch_datetime_operator.py
[2023-05-21T17:03:11.719+0530] {processor.py:809} INFO - DAG(s) dict_keys(['example_branch_datetime_operator_2', 'example_branch_datetime_operator', 'example_branch_datetime_operator_3']) retrieved from /home/feuer/.local/lib/python3.10/site-packages/airflow/example_dags/example_branch_datetime_operator.py
[2023-05-21T17:03:11.746+0530] {logging_mixin.py:149} INFO - [2023-05-21T17:03:11.746+0530] {dag.py:2726} INFO - Sync 3 DAGs
[2023-05-21T17:03:11.763+0530] {logging_mixin.py:149} INFO - [2023-05-21T17:03:11.763+0530] {dag.py:3486} INFO - Setting next_dagrun for example_branch_datetime_operator to 2023-05-20T00:00:00+00:00, run_after=2023-05-21T00:00:00+00:00
[2023-05-21T17:03:11.766+0530] {logging_mixin.py:149} INFO - [2023-05-21T17:03:11.766+0530] {dag.py:3486} INFO - Setting next_dagrun for example_branch_datetime_operator_2 to 2023-05-20T00:00:00+00:00, run_after=2023-05-21T00:00:00+00:00
[2023-05-21T17:03:11.767+0530] {logging_mixin.py:149} INFO - [2023-05-21T17:03:11.767+0530] {dag.py:3486} INFO - Setting next_dagrun for example_branch_datetime_operator_3 to 2023-05-20T00:00:00+00:00, run_after=2023-05-21T00:00:00+00:00
[2023-05-21T17:03:11.845+0530] {processor.py:178} INFO - Processing /home/feuer/.local/lib/python3.10/site-packages/airflow/example_dags/example_branch_datetime_operator.py took 0.146 seconds
[2023-05-21T17:04:23.739+0530] {processor.py:156} INFO - Started process (PID=56812) to work on /home/feuer/.local/lib/python3.10/site-packages/airflow/example_dags/example_branch_datetime_operator.py
[2023-05-21T17:04:23.753+0530] {processor.py:799} INFO - Processing file /home/feuer/.local/lib/python3.10/site-packages/airflow/example_dags/example_branch_datetime_operator.py for tasks to queue
[2023-05-21T17:04:23.753+0530] {logging_mixin.py:149} INFO - [2023-05-21T17:04:23.753+0530] {dagbag.py:541} INFO - Filling up the DagBag from /home/feuer/.local/lib/python3.10/site-packages/airflow/example_dags/example_branch_datetime_operator.py
[2023-05-21T17:04:23.759+0530] {processor.py:809} INFO - DAG(s) dict_keys(['example_branch_datetime_operator_2', 'example_branch_datetime_operator', 'example_branch_datetime_operator_3']) retrieved from /home/feuer/.local/lib/python3.10/site-packages/airflow/example_dags/example_branch_datetime_operator.py
[2023-05-21T17:04:23.774+0530] {logging_mixin.py:149} INFO - [2023-05-21T17:04:23.773+0530] {dag.py:2726} INFO - Sync 3 DAGs
[2023-05-21T17:04:23.786+0530] {logging_mixin.py:149} INFO - [2023-05-21T17:04:23.786+0530] {dag.py:3486} INFO - Setting next_dagrun for example_branch_datetime_operator to 2023-05-20T00:00:00+00:00, run_after=2023-05-21T00:00:00+00:00
[2023-05-21T17:04:23.789+0530] {logging_mixin.py:149} INFO - [2023-05-21T17:04:23.789+0530] {dag.py:3486} INFO - Setting next_dagrun for example_branch_datetime_operator_2 to 2023-05-20T00:00:00+00:00, run_after=2023-05-21T00:00:00+00:00
[2023-05-21T17:04:23.790+0530] {logging_mixin.py:149} INFO - [2023-05-21T17:04:23.790+0530] {dag.py:3486} INFO - Setting next_dagrun for example_branch_datetime_operator_3 to 2023-05-20T00:00:00+00:00, run_after=2023-05-21T00:00:00+00:00
[2023-05-21T17:04:23.939+0530] {processor.py:178} INFO - Processing /home/feuer/.local/lib/python3.10/site-packages/airflow/example_dags/example_branch_datetime_operator.py took 0.202 seconds
[2023-05-21T17:05:31.460+0530] {processor.py:156} INFO - Started process (PID=56993) to work on /home/feuer/.local/lib/python3.10/site-packages/airflow/example_dags/example_branch_datetime_operator.py
[2023-05-21T17:05:31.476+0530] {processor.py:799} INFO - Processing file /home/feuer/.local/lib/python3.10/site-packages/airflow/example_dags/example_branch_datetime_operator.py for tasks to queue
[2023-05-21T17:05:31.476+0530] {logging_mixin.py:149} INFO - [2023-05-21T17:05:31.476+0530] {dagbag.py:541} INFO - Filling up the DagBag from /home/feuer/.local/lib/python3.10/site-packages/airflow/example_dags/example_branch_datetime_operator.py
[2023-05-21T17:05:31.486+0530] {processor.py:809} INFO - DAG(s) dict_keys(['example_branch_datetime_operator_3', 'example_branch_datetime_operator_2', 'example_branch_datetime_operator']) retrieved from /home/feuer/.local/lib/python3.10/site-packages/airflow/example_dags/example_branch_datetime_operator.py
[2023-05-21T17:05:31.513+0530] {logging_mixin.py:149} INFO - [2023-05-21T17:05:31.512+0530] {dag.py:2726} INFO - Sync 3 DAGs
[2023-05-21T17:05:31.533+0530] {logging_mixin.py:149} INFO - [2023-05-21T17:05:31.533+0530] {dag.py:3486} INFO - Setting next_dagrun for example_branch_datetime_operator to 2023-05-20T00:00:00+00:00, run_after=2023-05-21T00:00:00+00:00
[2023-05-21T17:05:31.536+0530] {logging_mixin.py:149} INFO - [2023-05-21T17:05:31.536+0530] {dag.py:3486} INFO - Setting next_dagrun for example_branch_datetime_operator_2 to 2023-05-20T00:00:00+00:00, run_after=2023-05-21T00:00:00+00:00
[2023-05-21T17:05:31.537+0530] {logging_mixin.py:149} INFO - [2023-05-21T17:05:31.537+0530] {dag.py:3486} INFO - Setting next_dagrun for example_branch_datetime_operator_3 to 2023-05-20T00:00:00+00:00, run_after=2023-05-21T00:00:00+00:00
[2023-05-21T17:05:31.622+0530] {processor.py:178} INFO - Processing /home/feuer/.local/lib/python3.10/site-packages/airflow/example_dags/example_branch_datetime_operator.py took 0.165 seconds
[2023-05-21T17:06:40.165+0530] {processor.py:156} INFO - Started process (PID=57135) to work on /home/feuer/.local/lib/python3.10/site-packages/airflow/example_dags/example_branch_datetime_operator.py
[2023-05-21T17:06:40.179+0530] {processor.py:799} INFO - Processing file /home/feuer/.local/lib/python3.10/site-packages/airflow/example_dags/example_branch_datetime_operator.py for tasks to queue
[2023-05-21T17:06:40.189+0530] {logging_mixin.py:149} INFO - [2023-05-21T17:06:40.189+0530] {dagbag.py:541} INFO - Filling up the DagBag from /home/feuer/.local/lib/python3.10/site-packages/airflow/example_dags/example_branch_datetime_operator.py
[2023-05-21T17:06:40.199+0530] {processor.py:809} INFO - DAG(s) dict_keys(['example_branch_datetime_operator_3', 'example_branch_datetime_operator_2', 'example_branch_datetime_operator']) retrieved from /home/feuer/.local/lib/python3.10/site-packages/airflow/example_dags/example_branch_datetime_operator.py
[2023-05-21T17:06:40.226+0530] {logging_mixin.py:149} INFO - [2023-05-21T17:06:40.226+0530] {dag.py:2726} INFO - Sync 3 DAGs
[2023-05-21T17:06:40.248+0530] {logging_mixin.py:149} INFO - [2023-05-21T17:06:40.247+0530] {dag.py:3486} INFO - Setting next_dagrun for example_branch_datetime_operator to 2023-05-20T00:00:00+00:00, run_after=2023-05-21T00:00:00+00:00
[2023-05-21T17:06:40.251+0530] {logging_mixin.py:149} INFO - [2023-05-21T17:06:40.251+0530] {dag.py:3486} INFO - Setting next_dagrun for example_branch_datetime_operator_2 to 2023-05-20T00:00:00+00:00, run_after=2023-05-21T00:00:00+00:00
[2023-05-21T17:06:40.252+0530] {logging_mixin.py:149} INFO - [2023-05-21T17:06:40.252+0530] {dag.py:3486} INFO - Setting next_dagrun for example_branch_datetime_operator_3 to 2023-05-20T00:00:00+00:00, run_after=2023-05-21T00:00:00+00:00
[2023-05-21T17:06:40.353+0530] {processor.py:178} INFO - Processing /home/feuer/.local/lib/python3.10/site-packages/airflow/example_dags/example_branch_datetime_operator.py took 0.190 seconds
[2023-05-21T17:07:45.401+0530] {processor.py:156} INFO - Started process (PID=57311) to work on /home/feuer/.local/lib/python3.10/site-packages/airflow/example_dags/example_branch_datetime_operator.py
[2023-05-21T17:07:45.415+0530] {processor.py:799} INFO - Processing file /home/feuer/.local/lib/python3.10/site-packages/airflow/example_dags/example_branch_datetime_operator.py for tasks to queue
[2023-05-21T17:07:45.416+0530] {logging_mixin.py:149} INFO - [2023-05-21T17:07:45.415+0530] {dagbag.py:541} INFO - Filling up the DagBag from /home/feuer/.local/lib/python3.10/site-packages/airflow/example_dags/example_branch_datetime_operator.py
[2023-05-21T17:07:45.421+0530] {processor.py:809} INFO - DAG(s) dict_keys(['example_branch_datetime_operator', 'example_branch_datetime_operator_2', 'example_branch_datetime_operator_3']) retrieved from /home/feuer/.local/lib/python3.10/site-packages/airflow/example_dags/example_branch_datetime_operator.py
[2023-05-21T17:07:45.436+0530] {logging_mixin.py:149} INFO - [2023-05-21T17:07:45.436+0530] {dag.py:2726} INFO - Sync 3 DAGs
[2023-05-21T17:07:45.447+0530] {logging_mixin.py:149} INFO - [2023-05-21T17:07:45.447+0530] {dag.py:3486} INFO - Setting next_dagrun for example_branch_datetime_operator to 2023-05-20T00:00:00+00:00, run_after=2023-05-21T00:00:00+00:00
[2023-05-21T17:07:45.451+0530] {logging_mixin.py:149} INFO - [2023-05-21T17:07:45.451+0530] {dag.py:3486} INFO - Setting next_dagrun for example_branch_datetime_operator_2 to 2023-05-20T00:00:00+00:00, run_after=2023-05-21T00:00:00+00:00
[2023-05-21T17:07:45.452+0530] {logging_mixin.py:149} INFO - [2023-05-21T17:07:45.452+0530] {dag.py:3486} INFO - Setting next_dagrun for example_branch_datetime_operator_3 to 2023-05-20T00:00:00+00:00, run_after=2023-05-21T00:00:00+00:00
[2023-05-21T17:07:45.535+0530] {processor.py:178} INFO - Processing /home/feuer/.local/lib/python3.10/site-packages/airflow/example_dags/example_branch_datetime_operator.py took 0.136 seconds
[2023-05-21T17:08:51.838+0530] {processor.py:156} INFO - Started process (PID=57463) to work on /home/feuer/.local/lib/python3.10/site-packages/airflow/example_dags/example_branch_datetime_operator.py
[2023-05-21T17:08:51.880+0530] {processor.py:799} INFO - Processing file /home/feuer/.local/lib/python3.10/site-packages/airflow/example_dags/example_branch_datetime_operator.py for tasks to queue
[2023-05-21T17:08:51.881+0530] {logging_mixin.py:149} INFO - [2023-05-21T17:08:51.881+0530] {dagbag.py:541} INFO - Filling up the DagBag from /home/feuer/.local/lib/python3.10/site-packages/airflow/example_dags/example_branch_datetime_operator.py
[2023-05-21T17:08:51.888+0530] {processor.py:809} INFO - DAG(s) dict_keys(['example_branch_datetime_operator_3', 'example_branch_datetime_operator', 'example_branch_datetime_operator_2']) retrieved from /home/feuer/.local/lib/python3.10/site-packages/airflow/example_dags/example_branch_datetime_operator.py
[2023-05-21T17:08:51.904+0530] {logging_mixin.py:149} INFO - [2023-05-21T17:08:51.904+0530] {dag.py:2726} INFO - Sync 3 DAGs
[2023-05-21T17:08:51.916+0530] {logging_mixin.py:149} INFO - [2023-05-21T17:08:51.916+0530] {dag.py:3486} INFO - Setting next_dagrun for example_branch_datetime_operator to 2023-05-20T00:00:00+00:00, run_after=2023-05-21T00:00:00+00:00
[2023-05-21T17:08:51.919+0530] {logging_mixin.py:149} INFO - [2023-05-21T17:08:51.919+0530] {dag.py:3486} INFO - Setting next_dagrun for example_branch_datetime_operator_2 to 2023-05-20T00:00:00+00:00, run_after=2023-05-21T00:00:00+00:00
[2023-05-21T17:08:51.920+0530] {logging_mixin.py:149} INFO - [2023-05-21T17:08:51.920+0530] {dag.py:3486} INFO - Setting next_dagrun for example_branch_datetime_operator_3 to 2023-05-20T00:00:00+00:00, run_after=2023-05-21T00:00:00+00:00
[2023-05-21T17:08:52.594+0530] {processor.py:178} INFO - Processing /home/feuer/.local/lib/python3.10/site-packages/airflow/example_dags/example_branch_datetime_operator.py took 0.758 seconds
[2023-05-21T17:10:00.890+0530] {processor.py:156} INFO - Started process (PID=57683) to work on /home/feuer/.local/lib/python3.10/site-packages/airflow/example_dags/example_branch_datetime_operator.py
[2023-05-21T17:10:00.900+0530] {processor.py:799} INFO - Processing file /home/feuer/.local/lib/python3.10/site-packages/airflow/example_dags/example_branch_datetime_operator.py for tasks to queue
[2023-05-21T17:10:00.901+0530] {logging_mixin.py:149} INFO - [2023-05-21T17:10:00.901+0530] {dagbag.py:541} INFO - Filling up the DagBag from /home/feuer/.local/lib/python3.10/site-packages/airflow/example_dags/example_branch_datetime_operator.py
[2023-05-21T17:10:00.911+0530] {processor.py:809} INFO - DAG(s) dict_keys(['example_branch_datetime_operator_3', 'example_branch_datetime_operator_2', 'example_branch_datetime_operator']) retrieved from /home/feuer/.local/lib/python3.10/site-packages/airflow/example_dags/example_branch_datetime_operator.py
[2023-05-21T17:10:00.937+0530] {logging_mixin.py:149} INFO - [2023-05-21T17:10:00.937+0530] {dag.py:2726} INFO - Sync 3 DAGs
[2023-05-21T17:10:00.955+0530] {logging_mixin.py:149} INFO - [2023-05-21T17:10:00.955+0530] {dag.py:3486} INFO - Setting next_dagrun for example_branch_datetime_operator to 2023-05-20T00:00:00+00:00, run_after=2023-05-21T00:00:00+00:00
[2023-05-21T17:10:00.958+0530] {logging_mixin.py:149} INFO - [2023-05-21T17:10:00.958+0530] {dag.py:3486} INFO - Setting next_dagrun for example_branch_datetime_operator_2 to 2023-05-20T00:00:00+00:00, run_after=2023-05-21T00:00:00+00:00
[2023-05-21T17:10:00.959+0530] {logging_mixin.py:149} INFO - [2023-05-21T17:10:00.959+0530] {dag.py:3486} INFO - Setting next_dagrun for example_branch_datetime_operator_3 to 2023-05-20T00:00:00+00:00, run_after=2023-05-21T00:00:00+00:00
[2023-05-21T17:10:01.038+0530] {processor.py:178} INFO - Processing /home/feuer/.local/lib/python3.10/site-packages/airflow/example_dags/example_branch_datetime_operator.py took 0.150 seconds
[2023-05-21T17:11:10.971+0530] {processor.py:156} INFO - Started process (PID=57823) to work on /home/feuer/.local/lib/python3.10/site-packages/airflow/example_dags/example_branch_datetime_operator.py
[2023-05-21T17:11:10.972+0530] {processor.py:799} INFO - Processing file /home/feuer/.local/lib/python3.10/site-packages/airflow/example_dags/example_branch_datetime_operator.py for tasks to queue
[2023-05-21T17:11:10.972+0530] {logging_mixin.py:149} INFO - [2023-05-21T17:11:10.972+0530] {dagbag.py:541} INFO - Filling up the DagBag from /home/feuer/.local/lib/python3.10/site-packages/airflow/example_dags/example_branch_datetime_operator.py
[2023-05-21T17:11:10.979+0530] {processor.py:809} INFO - DAG(s) dict_keys(['example_branch_datetime_operator_3', 'example_branch_datetime_operator', 'example_branch_datetime_operator_2']) retrieved from /home/feuer/.local/lib/python3.10/site-packages/airflow/example_dags/example_branch_datetime_operator.py
[2023-05-21T17:11:10.995+0530] {logging_mixin.py:149} INFO - [2023-05-21T17:11:10.995+0530] {dag.py:2726} INFO - Sync 3 DAGs
[2023-05-21T17:11:11.007+0530] {logging_mixin.py:149} INFO - [2023-05-21T17:11:11.007+0530] {dag.py:3486} INFO - Setting next_dagrun for example_branch_datetime_operator to 2023-05-20T00:00:00+00:00, run_after=2023-05-21T00:00:00+00:00
[2023-05-21T17:11:11.010+0530] {logging_mixin.py:149} INFO - [2023-05-21T17:11:11.010+0530] {dag.py:3486} INFO - Setting next_dagrun for example_branch_datetime_operator_2 to 2023-05-20T00:00:00+00:00, run_after=2023-05-21T00:00:00+00:00
[2023-05-21T17:11:11.011+0530] {logging_mixin.py:149} INFO - [2023-05-21T17:11:11.011+0530] {dag.py:3486} INFO - Setting next_dagrun for example_branch_datetime_operator_3 to 2023-05-20T00:00:00+00:00, run_after=2023-05-21T00:00:00+00:00
[2023-05-21T17:11:11.088+0530] {processor.py:178} INFO - Processing /home/feuer/.local/lib/python3.10/site-packages/airflow/example_dags/example_branch_datetime_operator.py took 0.120 seconds
[2023-05-21T17:12:21.200+0530] {processor.py:156} INFO - Started process (PID=58020) to work on /home/feuer/.local/lib/python3.10/site-packages/airflow/example_dags/example_branch_datetime_operator.py
[2023-05-21T17:12:21.200+0530] {processor.py:799} INFO - Processing file /home/feuer/.local/lib/python3.10/site-packages/airflow/example_dags/example_branch_datetime_operator.py for tasks to queue
[2023-05-21T17:12:21.201+0530] {logging_mixin.py:149} INFO - [2023-05-21T17:12:21.201+0530] {dagbag.py:541} INFO - Filling up the DagBag from /home/feuer/.local/lib/python3.10/site-packages/airflow/example_dags/example_branch_datetime_operator.py
[2023-05-21T17:12:21.207+0530] {processor.py:809} INFO - DAG(s) dict_keys(['example_branch_datetime_operator', 'example_branch_datetime_operator_2', 'example_branch_datetime_operator_3']) retrieved from /home/feuer/.local/lib/python3.10/site-packages/airflow/example_dags/example_branch_datetime_operator.py
[2023-05-21T17:12:21.222+0530] {logging_mixin.py:149} INFO - [2023-05-21T17:12:21.222+0530] {dag.py:2726} INFO - Sync 3 DAGs
[2023-05-21T17:12:21.236+0530] {logging_mixin.py:149} INFO - [2023-05-21T17:12:21.236+0530] {dag.py:3486} INFO - Setting next_dagrun for example_branch_datetime_operator to 2023-05-20T00:00:00+00:00, run_after=2023-05-21T00:00:00+00:00
[2023-05-21T17:12:21.239+0530] {logging_mixin.py:149} INFO - [2023-05-21T17:12:21.239+0530] {dag.py:3486} INFO - Setting next_dagrun for example_branch_datetime_operator_2 to 2023-05-20T00:00:00+00:00, run_after=2023-05-21T00:00:00+00:00
[2023-05-21T17:12:21.241+0530] {logging_mixin.py:149} INFO - [2023-05-21T17:12:21.241+0530] {dag.py:3486} INFO - Setting next_dagrun for example_branch_datetime_operator_3 to 2023-05-20T00:00:00+00:00, run_after=2023-05-21T00:00:00+00:00
[2023-05-21T17:12:21.316+0530] {processor.py:178} INFO - Processing /home/feuer/.local/lib/python3.10/site-packages/airflow/example_dags/example_branch_datetime_operator.py took 0.119 seconds
[2023-05-21T17:13:27.960+0530] {processor.py:156} INFO - Started process (PID=58167) to work on /home/feuer/.local/lib/python3.10/site-packages/airflow/example_dags/example_branch_datetime_operator.py
[2023-05-21T17:13:27.961+0530] {processor.py:799} INFO - Processing file /home/feuer/.local/lib/python3.10/site-packages/airflow/example_dags/example_branch_datetime_operator.py for tasks to queue
[2023-05-21T17:13:27.961+0530] {logging_mixin.py:149} INFO - [2023-05-21T17:13:27.961+0530] {dagbag.py:541} INFO - Filling up the DagBag from /home/feuer/.local/lib/python3.10/site-packages/airflow/example_dags/example_branch_datetime_operator.py
[2023-05-21T17:13:27.968+0530] {processor.py:809} INFO - DAG(s) dict_keys(['example_branch_datetime_operator_3', 'example_branch_datetime_operator', 'example_branch_datetime_operator_2']) retrieved from /home/feuer/.local/lib/python3.10/site-packages/airflow/example_dags/example_branch_datetime_operator.py
[2023-05-21T17:13:27.984+0530] {logging_mixin.py:149} INFO - [2023-05-21T17:13:27.984+0530] {dag.py:2726} INFO - Sync 3 DAGs
[2023-05-21T17:13:27.996+0530] {logging_mixin.py:149} INFO - [2023-05-21T17:13:27.996+0530] {dag.py:3486} INFO - Setting next_dagrun for example_branch_datetime_operator to 2023-05-20T00:00:00+00:00, run_after=2023-05-21T00:00:00+00:00
[2023-05-21T17:13:27.999+0530] {logging_mixin.py:149} INFO - [2023-05-21T17:13:27.999+0530] {dag.py:3486} INFO - Setting next_dagrun for example_branch_datetime_operator_2 to 2023-05-20T00:00:00+00:00, run_after=2023-05-21T00:00:00+00:00
[2023-05-21T17:13:28.001+0530] {logging_mixin.py:149} INFO - [2023-05-21T17:13:28.001+0530] {dag.py:3486} INFO - Setting next_dagrun for example_branch_datetime_operator_3 to 2023-05-20T00:00:00+00:00, run_after=2023-05-21T00:00:00+00:00
[2023-05-21T17:13:28.088+0530] {processor.py:178} INFO - Processing /home/feuer/.local/lib/python3.10/site-packages/airflow/example_dags/example_branch_datetime_operator.py took 0.131 seconds
[2023-05-21T17:14:36.394+0530] {processor.py:156} INFO - Started process (PID=58354) to work on /home/feuer/.local/lib/python3.10/site-packages/airflow/example_dags/example_branch_datetime_operator.py
[2023-05-21T17:14:36.411+0530] {processor.py:799} INFO - Processing file /home/feuer/.local/lib/python3.10/site-packages/airflow/example_dags/example_branch_datetime_operator.py for tasks to queue
[2023-05-21T17:14:36.412+0530] {logging_mixin.py:149} INFO - [2023-05-21T17:14:36.412+0530] {dagbag.py:541} INFO - Filling up the DagBag from /home/feuer/.local/lib/python3.10/site-packages/airflow/example_dags/example_branch_datetime_operator.py
[2023-05-21T17:14:36.421+0530] {processor.py:809} INFO - DAG(s) dict_keys(['example_branch_datetime_operator_3', 'example_branch_datetime_operator_2', 'example_branch_datetime_operator']) retrieved from /home/feuer/.local/lib/python3.10/site-packages/airflow/example_dags/example_branch_datetime_operator.py
[2023-05-21T17:14:36.448+0530] {logging_mixin.py:149} INFO - [2023-05-21T17:14:36.448+0530] {dag.py:2726} INFO - Sync 3 DAGs
[2023-05-21T17:14:36.469+0530] {logging_mixin.py:149} INFO - [2023-05-21T17:14:36.468+0530] {dag.py:3486} INFO - Setting next_dagrun for example_branch_datetime_operator to 2023-05-20T00:00:00+00:00, run_after=2023-05-21T00:00:00+00:00
[2023-05-21T17:14:36.472+0530] {logging_mixin.py:149} INFO - [2023-05-21T17:14:36.471+0530] {dag.py:3486} INFO - Setting next_dagrun for example_branch_datetime_operator_2 to 2023-05-20T00:00:00+00:00, run_after=2023-05-21T00:00:00+00:00
[2023-05-21T17:14:36.473+0530] {logging_mixin.py:149} INFO - [2023-05-21T17:14:36.473+0530] {dag.py:3486} INFO - Setting next_dagrun for example_branch_datetime_operator_3 to 2023-05-20T00:00:00+00:00, run_after=2023-05-21T00:00:00+00:00
[2023-05-21T17:14:36.541+0530] {processor.py:178} INFO - Processing /home/feuer/.local/lib/python3.10/site-packages/airflow/example_dags/example_branch_datetime_operator.py took 0.150 seconds
[2023-05-21T17:15:49.354+0530] {processor.py:156} INFO - Started process (PID=58517) to work on /home/feuer/.local/lib/python3.10/site-packages/airflow/example_dags/example_branch_datetime_operator.py
[2023-05-21T17:15:49.355+0530] {processor.py:799} INFO - Processing file /home/feuer/.local/lib/python3.10/site-packages/airflow/example_dags/example_branch_datetime_operator.py for tasks to queue
[2023-05-21T17:15:49.355+0530] {logging_mixin.py:149} INFO - [2023-05-21T17:15:49.355+0530] {dagbag.py:541} INFO - Filling up the DagBag from /home/feuer/.local/lib/python3.10/site-packages/airflow/example_dags/example_branch_datetime_operator.py
[2023-05-21T17:15:49.365+0530] {processor.py:809} INFO - DAG(s) dict_keys(['example_branch_datetime_operator', 'example_branch_datetime_operator_2', 'example_branch_datetime_operator_3']) retrieved from /home/feuer/.local/lib/python3.10/site-packages/airflow/example_dags/example_branch_datetime_operator.py
[2023-05-21T17:15:49.390+0530] {logging_mixin.py:149} INFO - [2023-05-21T17:15:49.390+0530] {dag.py:2726} INFO - Sync 3 DAGs
[2023-05-21T17:15:49.405+0530] {logging_mixin.py:149} INFO - [2023-05-21T17:15:49.405+0530] {dag.py:3486} INFO - Setting next_dagrun for example_branch_datetime_operator to 2023-05-20T00:00:00+00:00, run_after=2023-05-21T00:00:00+00:00
[2023-05-21T17:15:49.408+0530] {logging_mixin.py:149} INFO - [2023-05-21T17:15:49.408+0530] {dag.py:3486} INFO - Setting next_dagrun for example_branch_datetime_operator_2 to 2023-05-20T00:00:00+00:00, run_after=2023-05-21T00:00:00+00:00
[2023-05-21T17:15:49.410+0530] {logging_mixin.py:149} INFO - [2023-05-21T17:15:49.409+0530] {dag.py:3486} INFO - Setting next_dagrun for example_branch_datetime_operator_3 to 2023-05-20T00:00:00+00:00, run_after=2023-05-21T00:00:00+00:00
[2023-05-21T17:15:49.495+0530] {processor.py:178} INFO - Processing /home/feuer/.local/lib/python3.10/site-packages/airflow/example_dags/example_branch_datetime_operator.py took 0.143 seconds
[2023-05-21T17:16:58.944+0530] {processor.py:156} INFO - Started process (PID=58694) to work on /home/feuer/.local/lib/python3.10/site-packages/airflow/example_dags/example_branch_datetime_operator.py
[2023-05-21T17:16:58.953+0530] {processor.py:799} INFO - Processing file /home/feuer/.local/lib/python3.10/site-packages/airflow/example_dags/example_branch_datetime_operator.py for tasks to queue
[2023-05-21T17:16:58.954+0530] {logging_mixin.py:149} INFO - [2023-05-21T17:16:58.953+0530] {dagbag.py:541} INFO - Filling up the DagBag from /home/feuer/.local/lib/python3.10/site-packages/airflow/example_dags/example_branch_datetime_operator.py
[2023-05-21T17:16:58.963+0530] {processor.py:809} INFO - DAG(s) dict_keys(['example_branch_datetime_operator_3', 'example_branch_datetime_operator', 'example_branch_datetime_operator_2']) retrieved from /home/feuer/.local/lib/python3.10/site-packages/airflow/example_dags/example_branch_datetime_operator.py
[2023-05-21T17:16:58.989+0530] {logging_mixin.py:149} INFO - [2023-05-21T17:16:58.988+0530] {dag.py:2726} INFO - Sync 3 DAGs
[2023-05-21T17:16:59.007+0530] {logging_mixin.py:149} INFO - [2023-05-21T17:16:59.007+0530] {dag.py:3486} INFO - Setting next_dagrun for example_branch_datetime_operator to 2023-05-20T00:00:00+00:00, run_after=2023-05-21T00:00:00+00:00
[2023-05-21T17:16:59.010+0530] {logging_mixin.py:149} INFO - [2023-05-21T17:16:59.010+0530] {dag.py:3486} INFO - Setting next_dagrun for example_branch_datetime_operator_2 to 2023-05-20T00:00:00+00:00, run_after=2023-05-21T00:00:00+00:00
[2023-05-21T17:16:59.011+0530] {logging_mixin.py:149} INFO - [2023-05-21T17:16:59.011+0530] {dag.py:3486} INFO - Setting next_dagrun for example_branch_datetime_operator_3 to 2023-05-20T00:00:00+00:00, run_after=2023-05-21T00:00:00+00:00
[2023-05-21T17:16:59.099+0530] {processor.py:178} INFO - Processing /home/feuer/.local/lib/python3.10/site-packages/airflow/example_dags/example_branch_datetime_operator.py took 0.158 seconds
[2023-05-21T17:18:08.250+0530] {processor.py:156} INFO - Started process (PID=58853) to work on /home/feuer/.local/lib/python3.10/site-packages/airflow/example_dags/example_branch_datetime_operator.py
[2023-05-21T17:18:08.251+0530] {processor.py:799} INFO - Processing file /home/feuer/.local/lib/python3.10/site-packages/airflow/example_dags/example_branch_datetime_operator.py for tasks to queue
[2023-05-21T17:18:08.252+0530] {logging_mixin.py:149} INFO - [2023-05-21T17:18:08.251+0530] {dagbag.py:541} INFO - Filling up the DagBag from /home/feuer/.local/lib/python3.10/site-packages/airflow/example_dags/example_branch_datetime_operator.py
[2023-05-21T17:18:08.261+0530] {processor.py:809} INFO - DAG(s) dict_keys(['example_branch_datetime_operator', 'example_branch_datetime_operator_2', 'example_branch_datetime_operator_3']) retrieved from /home/feuer/.local/lib/python3.10/site-packages/airflow/example_dags/example_branch_datetime_operator.py
[2023-05-21T17:18:08.286+0530] {logging_mixin.py:149} INFO - [2023-05-21T17:18:08.286+0530] {dag.py:2726} INFO - Sync 3 DAGs
[2023-05-21T17:18:08.302+0530] {logging_mixin.py:149} INFO - [2023-05-21T17:18:08.301+0530] {dag.py:3486} INFO - Setting next_dagrun for example_branch_datetime_operator to 2023-05-20T00:00:00+00:00, run_after=2023-05-21T00:00:00+00:00
[2023-05-21T17:18:08.304+0530] {logging_mixin.py:149} INFO - [2023-05-21T17:18:08.304+0530] {dag.py:3486} INFO - Setting next_dagrun for example_branch_datetime_operator_2 to 2023-05-20T00:00:00+00:00, run_after=2023-05-21T00:00:00+00:00
[2023-05-21T17:18:08.306+0530] {logging_mixin.py:149} INFO - [2023-05-21T17:18:08.306+0530] {dag.py:3486} INFO - Setting next_dagrun for example_branch_datetime_operator_3 to 2023-05-20T00:00:00+00:00, run_after=2023-05-21T00:00:00+00:00
[2023-05-21T17:18:08.395+0530] {processor.py:178} INFO - Processing /home/feuer/.local/lib/python3.10/site-packages/airflow/example_dags/example_branch_datetime_operator.py took 0.147 seconds
[2023-05-21T17:19:17.330+0530] {processor.py:156} INFO - Started process (PID=59032) to work on /home/feuer/.local/lib/python3.10/site-packages/airflow/example_dags/example_branch_datetime_operator.py
[2023-05-21T17:19:17.341+0530] {processor.py:799} INFO - Processing file /home/feuer/.local/lib/python3.10/site-packages/airflow/example_dags/example_branch_datetime_operator.py for tasks to queue
[2023-05-21T17:19:17.341+0530] {logging_mixin.py:149} INFO - [2023-05-21T17:19:17.341+0530] {dagbag.py:541} INFO - Filling up the DagBag from /home/feuer/.local/lib/python3.10/site-packages/airflow/example_dags/example_branch_datetime_operator.py
[2023-05-21T17:19:17.351+0530] {processor.py:809} INFO - DAG(s) dict_keys(['example_branch_datetime_operator_3', 'example_branch_datetime_operator', 'example_branch_datetime_operator_2']) retrieved from /home/feuer/.local/lib/python3.10/site-packages/airflow/example_dags/example_branch_datetime_operator.py
[2023-05-21T17:19:17.376+0530] {logging_mixin.py:149} INFO - [2023-05-21T17:19:17.376+0530] {dag.py:2726} INFO - Sync 3 DAGs
[2023-05-21T17:19:17.396+0530] {logging_mixin.py:149} INFO - [2023-05-21T17:19:17.396+0530] {dag.py:3486} INFO - Setting next_dagrun for example_branch_datetime_operator to 2023-05-20T00:00:00+00:00, run_after=2023-05-21T00:00:00+00:00
[2023-05-21T17:19:17.399+0530] {logging_mixin.py:149} INFO - [2023-05-21T17:19:17.399+0530] {dag.py:3486} INFO - Setting next_dagrun for example_branch_datetime_operator_2 to 2023-05-20T00:00:00+00:00, run_after=2023-05-21T00:00:00+00:00
[2023-05-21T17:19:17.400+0530] {logging_mixin.py:149} INFO - [2023-05-21T17:19:17.400+0530] {dag.py:3486} INFO - Setting next_dagrun for example_branch_datetime_operator_3 to 2023-05-20T00:00:00+00:00, run_after=2023-05-21T00:00:00+00:00
[2023-05-21T17:19:17.493+0530] {processor.py:178} INFO - Processing /home/feuer/.local/lib/python3.10/site-packages/airflow/example_dags/example_branch_datetime_operator.py took 0.166 seconds
[2023-05-21T17:20:28.838+0530] {processor.py:156} INFO - Started process (PID=59237) to work on /home/feuer/.local/lib/python3.10/site-packages/airflow/example_dags/example_branch_datetime_operator.py
[2023-05-21T17:20:28.847+0530] {processor.py:799} INFO - Processing file /home/feuer/.local/lib/python3.10/site-packages/airflow/example_dags/example_branch_datetime_operator.py for tasks to queue
[2023-05-21T17:20:28.848+0530] {logging_mixin.py:149} INFO - [2023-05-21T17:20:28.848+0530] {dagbag.py:541} INFO - Filling up the DagBag from /home/feuer/.local/lib/python3.10/site-packages/airflow/example_dags/example_branch_datetime_operator.py
[2023-05-21T17:20:28.857+0530] {processor.py:809} INFO - DAG(s) dict_keys(['example_branch_datetime_operator_2', 'example_branch_datetime_operator_3', 'example_branch_datetime_operator']) retrieved from /home/feuer/.local/lib/python3.10/site-packages/airflow/example_dags/example_branch_datetime_operator.py
[2023-05-21T17:20:28.883+0530] {logging_mixin.py:149} INFO - [2023-05-21T17:20:28.883+0530] {dag.py:2726} INFO - Sync 3 DAGs
[2023-05-21T17:20:28.901+0530] {logging_mixin.py:149} INFO - [2023-05-21T17:20:28.901+0530] {dag.py:3486} INFO - Setting next_dagrun for example_branch_datetime_operator to 2023-05-20T00:00:00+00:00, run_after=2023-05-21T00:00:00+00:00
[2023-05-21T17:20:28.904+0530] {logging_mixin.py:149} INFO - [2023-05-21T17:20:28.904+0530] {dag.py:3486} INFO - Setting next_dagrun for example_branch_datetime_operator_2 to 2023-05-20T00:00:00+00:00, run_after=2023-05-21T00:00:00+00:00
[2023-05-21T17:20:28.905+0530] {logging_mixin.py:149} INFO - [2023-05-21T17:20:28.905+0530] {dag.py:3486} INFO - Setting next_dagrun for example_branch_datetime_operator_3 to 2023-05-20T00:00:00+00:00, run_after=2023-05-21T00:00:00+00:00
[2023-05-21T17:20:28.986+0530] {processor.py:178} INFO - Processing /home/feuer/.local/lib/python3.10/site-packages/airflow/example_dags/example_branch_datetime_operator.py took 0.151 seconds
[2023-05-21T17:22:08.766+0530] {processor.py:156} INFO - Started process (PID=59604) to work on /home/feuer/.local/lib/python3.10/site-packages/airflow/example_dags/example_branch_datetime_operator.py
[2023-05-21T17:22:08.808+0530] {processor.py:799} INFO - Processing file /home/feuer/.local/lib/python3.10/site-packages/airflow/example_dags/example_branch_datetime_operator.py for tasks to queue
[2023-05-21T17:22:08.809+0530] {logging_mixin.py:149} INFO - [2023-05-21T17:22:08.809+0530] {dagbag.py:541} INFO - Filling up the DagBag from /home/feuer/.local/lib/python3.10/site-packages/airflow/example_dags/example_branch_datetime_operator.py
[2023-05-21T17:22:08.819+0530] {processor.py:809} INFO - DAG(s) dict_keys(['example_branch_datetime_operator_3', 'example_branch_datetime_operator', 'example_branch_datetime_operator_2']) retrieved from /home/feuer/.local/lib/python3.10/site-packages/airflow/example_dags/example_branch_datetime_operator.py
[2023-05-21T17:22:08.845+0530] {logging_mixin.py:149} INFO - [2023-05-21T17:22:08.845+0530] {dag.py:2726} INFO - Sync 3 DAGs
[2023-05-21T17:22:08.867+0530] {logging_mixin.py:149} INFO - [2023-05-21T17:22:08.867+0530] {dag.py:3486} INFO - Setting next_dagrun for example_branch_datetime_operator to 2023-05-20T00:00:00+00:00, run_after=2023-05-21T00:00:00+00:00
[2023-05-21T17:22:08.872+0530] {logging_mixin.py:149} INFO - [2023-05-21T17:22:08.872+0530] {dag.py:3486} INFO - Setting next_dagrun for example_branch_datetime_operator_2 to 2023-05-20T00:00:00+00:00, run_after=2023-05-21T00:00:00+00:00
[2023-05-21T17:22:08.874+0530] {logging_mixin.py:149} INFO - [2023-05-21T17:22:08.874+0530] {dag.py:3486} INFO - Setting next_dagrun for example_branch_datetime_operator_3 to 2023-05-20T00:00:00+00:00, run_after=2023-05-21T00:00:00+00:00
[2023-05-21T17:22:09.694+0530] {processor.py:178} INFO - Processing /home/feuer/.local/lib/python3.10/site-packages/airflow/example_dags/example_branch_datetime_operator.py took 0.931 seconds
