[2023-05-21T19:39:58.460+0530] {processor.py:156} INFO - Started process (PID=23839) to work on /home/feuer/.local/lib/python3.10/site-packages/airflow/example_dags/example_short_circuit_decorator.py
[2023-05-21T19:39:58.461+0530] {processor.py:799} INFO - Processing file /home/feuer/.local/lib/python3.10/site-packages/airflow/example_dags/example_short_circuit_decorator.py for tasks to queue
[2023-05-21T19:39:58.462+0530] {logging_mixin.py:149} INFO - [2023-05-21T19:39:58.462+0530] {dagbag.py:541} INFO - Filling up the DagBag from /home/feuer/.local/lib/python3.10/site-packages/airflow/example_dags/example_short_circuit_decorator.py
[2023-05-21T19:39:58.472+0530] {processor.py:809} INFO - DAG(s) dict_keys(['example_short_circuit_decorator']) retrieved from /home/feuer/.local/lib/python3.10/site-packages/airflow/example_dags/example_short_circuit_decorator.py
[2023-05-21T19:39:58.496+0530] {logging_mixin.py:149} INFO - [2023-05-21T19:39:58.496+0530] {dag.py:2726} INFO - Sync 1 DAGs
[2023-05-21T19:39:58.511+0530] {logging_mixin.py:149} INFO - [2023-05-21T19:39:58.511+0530] {dag.py:3486} INFO - Setting next_dagrun for example_short_circuit_decorator to 2023-05-20T14:09:58.511410+00:00, run_after=2023-05-21T14:09:58.511410+00:00
[2023-05-21T19:39:58.588+0530] {processor.py:178} INFO - Processing /home/feuer/.local/lib/python3.10/site-packages/airflow/example_dags/example_short_circuit_decorator.py took 0.131 seconds
[2023-05-21T19:41:15.158+0530] {processor.py:156} INFO - Started process (PID=24156) to work on /home/feuer/.local/lib/python3.10/site-packages/airflow/example_dags/example_short_circuit_decorator.py
[2023-05-21T19:41:15.355+0530] {processor.py:799} INFO - Processing file /home/feuer/.local/lib/python3.10/site-packages/airflow/example_dags/example_short_circuit_decorator.py for tasks to queue
[2023-05-21T19:41:15.355+0530] {logging_mixin.py:149} INFO - [2023-05-21T19:41:15.355+0530] {dagbag.py:541} INFO - Filling up the DagBag from /home/feuer/.local/lib/python3.10/site-packages/airflow/example_dags/example_short_circuit_decorator.py
[2023-05-21T19:41:15.385+0530] {processor.py:809} INFO - DAG(s) dict_keys(['example_short_circuit_decorator']) retrieved from /home/feuer/.local/lib/python3.10/site-packages/airflow/example_dags/example_short_circuit_decorator.py
[2023-05-21T19:41:15.545+0530] {logging_mixin.py:149} INFO - [2023-05-21T19:41:15.545+0530] {dag.py:2726} INFO - Sync 1 DAGs
[2023-05-21T19:41:15.565+0530] {logging_mixin.py:149} INFO - [2023-05-21T19:41:15.565+0530] {dag.py:3486} INFO - Setting next_dagrun for example_short_circuit_decorator to 2023-05-20T14:11:15.564775+00:00, run_after=2023-05-21T14:11:15.564775+00:00
[2023-05-21T19:41:15.724+0530] {processor.py:178} INFO - Processing /home/feuer/.local/lib/python3.10/site-packages/airflow/example_dags/example_short_circuit_decorator.py took 0.569 seconds
[2023-05-21T19:42:29.941+0530] {processor.py:156} INFO - Started process (PID=24552) to work on /home/feuer/.local/lib/python3.10/site-packages/airflow/example_dags/example_short_circuit_decorator.py
[2023-05-21T19:42:29.942+0530] {processor.py:799} INFO - Processing file /home/feuer/.local/lib/python3.10/site-packages/airflow/example_dags/example_short_circuit_decorator.py for tasks to queue
[2023-05-21T19:42:29.943+0530] {logging_mixin.py:149} INFO - [2023-05-21T19:42:29.942+0530] {dagbag.py:541} INFO - Filling up the DagBag from /home/feuer/.local/lib/python3.10/site-packages/airflow/example_dags/example_short_circuit_decorator.py
[2023-05-21T19:42:29.957+0530] {processor.py:809} INFO - DAG(s) dict_keys(['example_short_circuit_decorator']) retrieved from /home/feuer/.local/lib/python3.10/site-packages/airflow/example_dags/example_short_circuit_decorator.py
[2023-05-21T19:42:29.983+0530] {logging_mixin.py:149} INFO - [2023-05-21T19:42:29.983+0530] {dag.py:2726} INFO - Sync 1 DAGs
[2023-05-21T19:42:30.000+0530] {logging_mixin.py:149} INFO - [2023-05-21T19:42:30.000+0530] {dag.py:3486} INFO - Setting next_dagrun for example_short_circuit_decorator to 2023-05-20T14:12:29.999899+00:00, run_after=2023-05-21T14:12:29.999899+00:00
[2023-05-21T19:42:30.137+0530] {processor.py:178} INFO - Processing /home/feuer/.local/lib/python3.10/site-packages/airflow/example_dags/example_short_circuit_decorator.py took 0.199 seconds
[2023-05-21T19:43:27.891+0530] {processor.py:156} INFO - Started process (PID=24726) to work on /home/feuer/.local/lib/python3.10/site-packages/airflow/example_dags/example_short_circuit_decorator.py
[2023-05-21T19:43:27.892+0530] {processor.py:799} INFO - Processing file /home/feuer/.local/lib/python3.10/site-packages/airflow/example_dags/example_short_circuit_decorator.py for tasks to queue
[2023-05-21T19:43:27.893+0530] {logging_mixin.py:149} INFO - [2023-05-21T19:43:27.893+0530] {dagbag.py:541} INFO - Filling up the DagBag from /home/feuer/.local/lib/python3.10/site-packages/airflow/example_dags/example_short_circuit_decorator.py
[2023-05-21T19:43:27.900+0530] {processor.py:809} INFO - DAG(s) dict_keys(['example_short_circuit_decorator']) retrieved from /home/feuer/.local/lib/python3.10/site-packages/airflow/example_dags/example_short_circuit_decorator.py
[2023-05-21T19:43:27.915+0530] {logging_mixin.py:149} INFO - [2023-05-21T19:43:27.915+0530] {dag.py:2726} INFO - Sync 1 DAGs
[2023-05-21T19:43:27.926+0530] {logging_mixin.py:149} INFO - [2023-05-21T19:43:27.926+0530] {dag.py:3486} INFO - Setting next_dagrun for example_short_circuit_decorator to 2023-05-20T14:13:27.925886+00:00, run_after=2023-05-21T14:13:27.925886+00:00
[2023-05-21T19:43:28.003+0530] {processor.py:178} INFO - Processing /home/feuer/.local/lib/python3.10/site-packages/airflow/example_dags/example_short_circuit_decorator.py took 0.115 seconds
[2023-05-21T19:44:36.399+0530] {processor.py:156} INFO - Started process (PID=24949) to work on /home/feuer/.local/lib/python3.10/site-packages/airflow/example_dags/example_short_circuit_decorator.py
[2023-05-21T19:44:36.410+0530] {processor.py:799} INFO - Processing file /home/feuer/.local/lib/python3.10/site-packages/airflow/example_dags/example_short_circuit_decorator.py for tasks to queue
[2023-05-21T19:44:36.411+0530] {logging_mixin.py:149} INFO - [2023-05-21T19:44:36.411+0530] {dagbag.py:541} INFO - Filling up the DagBag from /home/feuer/.local/lib/python3.10/site-packages/airflow/example_dags/example_short_circuit_decorator.py
[2023-05-21T19:44:36.423+0530] {processor.py:809} INFO - DAG(s) dict_keys(['example_short_circuit_decorator']) retrieved from /home/feuer/.local/lib/python3.10/site-packages/airflow/example_dags/example_short_circuit_decorator.py
[2023-05-21T19:44:36.446+0530] {logging_mixin.py:149} INFO - [2023-05-21T19:44:36.446+0530] {dag.py:2726} INFO - Sync 1 DAGs
[2023-05-21T19:44:36.464+0530] {logging_mixin.py:149} INFO - [2023-05-21T19:44:36.464+0530] {dag.py:3486} INFO - Setting next_dagrun for example_short_circuit_decorator to 2023-05-20T14:14:36.464399+00:00, run_after=2023-05-21T14:14:36.464399+00:00
[2023-05-21T19:44:36.559+0530] {processor.py:178} INFO - Processing /home/feuer/.local/lib/python3.10/site-packages/airflow/example_dags/example_short_circuit_decorator.py took 0.163 seconds
[2023-05-21T19:45:30.533+0530] {processor.py:156} INFO - Started process (PID=25083) to work on /home/feuer/.local/lib/python3.10/site-packages/airflow/example_dags/example_short_circuit_decorator.py
[2023-05-21T19:45:30.549+0530] {processor.py:799} INFO - Processing file /home/feuer/.local/lib/python3.10/site-packages/airflow/example_dags/example_short_circuit_decorator.py for tasks to queue
[2023-05-21T19:45:30.549+0530] {logging_mixin.py:149} INFO - [2023-05-21T19:45:30.549+0530] {dagbag.py:541} INFO - Filling up the DagBag from /home/feuer/.local/lib/python3.10/site-packages/airflow/example_dags/example_short_circuit_decorator.py
[2023-05-21T19:45:30.555+0530] {processor.py:809} INFO - DAG(s) dict_keys(['example_short_circuit_decorator']) retrieved from /home/feuer/.local/lib/python3.10/site-packages/airflow/example_dags/example_short_circuit_decorator.py
[2023-05-21T19:45:30.569+0530] {logging_mixin.py:149} INFO - [2023-05-21T19:45:30.568+0530] {dag.py:2726} INFO - Sync 1 DAGs
[2023-05-21T19:45:30.580+0530] {logging_mixin.py:149} INFO - [2023-05-21T19:45:30.580+0530] {dag.py:3486} INFO - Setting next_dagrun for example_short_circuit_decorator to 2023-05-20T14:15:30.580016+00:00, run_after=2023-05-21T14:15:30.580016+00:00
[2023-05-21T19:45:30.672+0530] {processor.py:178} INFO - Processing /home/feuer/.local/lib/python3.10/site-packages/airflow/example_dags/example_short_circuit_decorator.py took 0.141 seconds
[2023-05-21T19:46:25.499+0530] {processor.py:156} INFO - Started process (PID=25192) to work on /home/feuer/.local/lib/python3.10/site-packages/airflow/example_dags/example_short_circuit_decorator.py
[2023-05-21T19:46:25.500+0530] {processor.py:799} INFO - Processing file /home/feuer/.local/lib/python3.10/site-packages/airflow/example_dags/example_short_circuit_decorator.py for tasks to queue
[2023-05-21T19:46:25.500+0530] {logging_mixin.py:149} INFO - [2023-05-21T19:46:25.500+0530] {dagbag.py:541} INFO - Filling up the DagBag from /home/feuer/.local/lib/python3.10/site-packages/airflow/example_dags/example_short_circuit_decorator.py
[2023-05-21T19:46:25.510+0530] {processor.py:809} INFO - DAG(s) dict_keys(['example_short_circuit_decorator']) retrieved from /home/feuer/.local/lib/python3.10/site-packages/airflow/example_dags/example_short_circuit_decorator.py
[2023-05-21T19:46:25.534+0530] {logging_mixin.py:149} INFO - [2023-05-21T19:46:25.534+0530] {dag.py:2726} INFO - Sync 1 DAGs
[2023-05-21T19:46:25.548+0530] {logging_mixin.py:149} INFO - [2023-05-21T19:46:25.548+0530] {dag.py:3486} INFO - Setting next_dagrun for example_short_circuit_decorator to 2023-05-20T14:16:25.547846+00:00, run_after=2023-05-21T14:16:25.547846+00:00
[2023-05-21T19:46:25.627+0530] {processor.py:178} INFO - Processing /home/feuer/.local/lib/python3.10/site-packages/airflow/example_dags/example_short_circuit_decorator.py took 0.131 seconds
[2023-05-21T19:47:17.542+0530] {processor.py:156} INFO - Started process (PID=25302) to work on /home/feuer/.local/lib/python3.10/site-packages/airflow/example_dags/example_short_circuit_decorator.py
[2023-05-21T19:47:17.542+0530] {processor.py:799} INFO - Processing file /home/feuer/.local/lib/python3.10/site-packages/airflow/example_dags/example_short_circuit_decorator.py for tasks to queue
[2023-05-21T19:47:17.543+0530] {logging_mixin.py:149} INFO - [2023-05-21T19:47:17.543+0530] {dagbag.py:541} INFO - Filling up the DagBag from /home/feuer/.local/lib/python3.10/site-packages/airflow/example_dags/example_short_circuit_decorator.py
[2023-05-21T19:47:17.550+0530] {processor.py:809} INFO - DAG(s) dict_keys(['example_short_circuit_decorator']) retrieved from /home/feuer/.local/lib/python3.10/site-packages/airflow/example_dags/example_short_circuit_decorator.py
[2023-05-21T19:47:17.567+0530] {logging_mixin.py:149} INFO - [2023-05-21T19:47:17.566+0530] {dag.py:2726} INFO - Sync 1 DAGs
[2023-05-21T19:47:17.579+0530] {logging_mixin.py:149} INFO - [2023-05-21T19:47:17.578+0530] {dag.py:3486} INFO - Setting next_dagrun for example_short_circuit_decorator to 2023-05-20T14:17:17.578804+00:00, run_after=2023-05-21T14:17:17.578804+00:00
[2023-05-21T19:47:17.668+0530] {processor.py:178} INFO - Processing /home/feuer/.local/lib/python3.10/site-packages/airflow/example_dags/example_short_circuit_decorator.py took 0.129 seconds
[2023-05-21T19:48:10.418+0530] {processor.py:156} INFO - Started process (PID=25418) to work on /home/feuer/.local/lib/python3.10/site-packages/airflow/example_dags/example_short_circuit_decorator.py
[2023-05-21T19:48:10.418+0530] {processor.py:799} INFO - Processing file /home/feuer/.local/lib/python3.10/site-packages/airflow/example_dags/example_short_circuit_decorator.py for tasks to queue
[2023-05-21T19:48:10.419+0530] {logging_mixin.py:149} INFO - [2023-05-21T19:48:10.419+0530] {dagbag.py:541} INFO - Filling up the DagBag from /home/feuer/.local/lib/python3.10/site-packages/airflow/example_dags/example_short_circuit_decorator.py
[2023-05-21T19:48:10.425+0530] {processor.py:809} INFO - DAG(s) dict_keys(['example_short_circuit_decorator']) retrieved from /home/feuer/.local/lib/python3.10/site-packages/airflow/example_dags/example_short_circuit_decorator.py
[2023-05-21T19:48:10.438+0530] {logging_mixin.py:149} INFO - [2023-05-21T19:48:10.438+0530] {dag.py:2726} INFO - Sync 1 DAGs
[2023-05-21T19:48:10.449+0530] {logging_mixin.py:149} INFO - [2023-05-21T19:48:10.449+0530] {dag.py:3486} INFO - Setting next_dagrun for example_short_circuit_decorator to 2023-05-20T14:18:10.449625+00:00, run_after=2023-05-21T14:18:10.449625+00:00
[2023-05-21T19:48:10.547+0530] {processor.py:178} INFO - Processing /home/feuer/.local/lib/python3.10/site-packages/airflow/example_dags/example_short_circuit_decorator.py took 0.131 seconds
[2023-05-21T19:49:05.123+0530] {processor.py:156} INFO - Started process (PID=25528) to work on /home/feuer/.local/lib/python3.10/site-packages/airflow/example_dags/example_short_circuit_decorator.py
[2023-05-21T19:49:05.124+0530] {processor.py:799} INFO - Processing file /home/feuer/.local/lib/python3.10/site-packages/airflow/example_dags/example_short_circuit_decorator.py for tasks to queue
[2023-05-21T19:49:05.125+0530] {logging_mixin.py:149} INFO - [2023-05-21T19:49:05.125+0530] {dagbag.py:541} INFO - Filling up the DagBag from /home/feuer/.local/lib/python3.10/site-packages/airflow/example_dags/example_short_circuit_decorator.py
[2023-05-21T19:49:05.132+0530] {processor.py:809} INFO - DAG(s) dict_keys(['example_short_circuit_decorator']) retrieved from /home/feuer/.local/lib/python3.10/site-packages/airflow/example_dags/example_short_circuit_decorator.py
[2023-05-21T19:49:05.146+0530] {logging_mixin.py:149} INFO - [2023-05-21T19:49:05.146+0530] {dag.py:2726} INFO - Sync 1 DAGs
[2023-05-21T19:49:05.157+0530] {logging_mixin.py:149} INFO - [2023-05-21T19:49:05.157+0530] {dag.py:3486} INFO - Setting next_dagrun for example_short_circuit_decorator to 2023-05-20T14:19:05.156967+00:00, run_after=2023-05-21T14:19:05.156967+00:00
[2023-05-21T19:49:05.243+0530] {processor.py:178} INFO - Processing /home/feuer/.local/lib/python3.10/site-packages/airflow/example_dags/example_short_circuit_decorator.py took 0.122 seconds
[2023-05-21T19:49:55.761+0530] {processor.py:156} INFO - Started process (PID=25645) to work on /home/feuer/.local/lib/python3.10/site-packages/airflow/example_dags/example_short_circuit_decorator.py
[2023-05-21T19:49:55.762+0530] {processor.py:799} INFO - Processing file /home/feuer/.local/lib/python3.10/site-packages/airflow/example_dags/example_short_circuit_decorator.py for tasks to queue
[2023-05-21T19:49:55.762+0530] {logging_mixin.py:149} INFO - [2023-05-21T19:49:55.762+0530] {dagbag.py:541} INFO - Filling up the DagBag from /home/feuer/.local/lib/python3.10/site-packages/airflow/example_dags/example_short_circuit_decorator.py
[2023-05-21T19:49:55.768+0530] {processor.py:809} INFO - DAG(s) dict_keys(['example_short_circuit_decorator']) retrieved from /home/feuer/.local/lib/python3.10/site-packages/airflow/example_dags/example_short_circuit_decorator.py
[2023-05-21T19:49:55.783+0530] {logging_mixin.py:149} INFO - [2023-05-21T19:49:55.783+0530] {dag.py:2726} INFO - Sync 1 DAGs
[2023-05-21T19:49:55.794+0530] {logging_mixin.py:149} INFO - [2023-05-21T19:49:55.794+0530] {dag.py:3486} INFO - Setting next_dagrun for example_short_circuit_decorator to 2023-05-20T14:19:55.794277+00:00, run_after=2023-05-21T14:19:55.794277+00:00
[2023-05-21T19:49:55.905+0530] {processor.py:178} INFO - Processing /home/feuer/.local/lib/python3.10/site-packages/airflow/example_dags/example_short_circuit_decorator.py took 0.146 seconds
[2023-05-21T19:50:50.719+0530] {processor.py:156} INFO - Started process (PID=25825) to work on /home/feuer/.local/lib/python3.10/site-packages/airflow/example_dags/example_short_circuit_decorator.py
[2023-05-21T19:50:50.719+0530] {processor.py:799} INFO - Processing file /home/feuer/.local/lib/python3.10/site-packages/airflow/example_dags/example_short_circuit_decorator.py for tasks to queue
[2023-05-21T19:50:50.720+0530] {logging_mixin.py:149} INFO - [2023-05-21T19:50:50.720+0530] {dagbag.py:541} INFO - Filling up the DagBag from /home/feuer/.local/lib/python3.10/site-packages/airflow/example_dags/example_short_circuit_decorator.py
[2023-05-21T19:50:50.729+0530] {processor.py:809} INFO - DAG(s) dict_keys(['example_short_circuit_decorator']) retrieved from /home/feuer/.local/lib/python3.10/site-packages/airflow/example_dags/example_short_circuit_decorator.py
[2023-05-21T19:50:50.752+0530] {logging_mixin.py:149} INFO - [2023-05-21T19:50:50.752+0530] {dag.py:2726} INFO - Sync 1 DAGs
[2023-05-21T19:50:50.767+0530] {logging_mixin.py:149} INFO - [2023-05-21T19:50:50.766+0530] {dag.py:3486} INFO - Setting next_dagrun for example_short_circuit_decorator to 2023-05-20T14:20:50.766808+00:00, run_after=2023-05-21T14:20:50.766808+00:00
[2023-05-21T19:50:50.857+0530] {processor.py:178} INFO - Processing /home/feuer/.local/lib/python3.10/site-packages/airflow/example_dags/example_short_circuit_decorator.py took 0.141 seconds
[2023-05-21T19:51:41.234+0530] {processor.py:156} INFO - Started process (PID=25932) to work on /home/feuer/.local/lib/python3.10/site-packages/airflow/example_dags/example_short_circuit_decorator.py
[2023-05-21T19:51:41.241+0530] {processor.py:799} INFO - Processing file /home/feuer/.local/lib/python3.10/site-packages/airflow/example_dags/example_short_circuit_decorator.py for tasks to queue
[2023-05-21T19:51:41.242+0530] {logging_mixin.py:149} INFO - [2023-05-21T19:51:41.241+0530] {dagbag.py:541} INFO - Filling up the DagBag from /home/feuer/.local/lib/python3.10/site-packages/airflow/example_dags/example_short_circuit_decorator.py
[2023-05-21T19:51:41.251+0530] {processor.py:809} INFO - DAG(s) dict_keys(['example_short_circuit_decorator']) retrieved from /home/feuer/.local/lib/python3.10/site-packages/airflow/example_dags/example_short_circuit_decorator.py
[2023-05-21T19:51:41.274+0530] {logging_mixin.py:149} INFO - [2023-05-21T19:51:41.274+0530] {dag.py:2726} INFO - Sync 1 DAGs
[2023-05-21T19:51:41.292+0530] {logging_mixin.py:149} INFO - [2023-05-21T19:51:41.292+0530] {dag.py:3486} INFO - Setting next_dagrun for example_short_circuit_decorator to 2023-05-20T14:21:41.292151+00:00, run_after=2023-05-21T14:21:41.292151+00:00
[2023-05-21T19:51:41.379+0530] {processor.py:178} INFO - Processing /home/feuer/.local/lib/python3.10/site-packages/airflow/example_dags/example_short_circuit_decorator.py took 0.148 seconds
[2023-05-21T19:52:32.310+0530] {processor.py:156} INFO - Started process (PID=26048) to work on /home/feuer/.local/lib/python3.10/site-packages/airflow/example_dags/example_short_circuit_decorator.py
[2023-05-21T19:52:32.321+0530] {processor.py:799} INFO - Processing file /home/feuer/.local/lib/python3.10/site-packages/airflow/example_dags/example_short_circuit_decorator.py for tasks to queue
[2023-05-21T19:52:32.322+0530] {logging_mixin.py:149} INFO - [2023-05-21T19:52:32.322+0530] {dagbag.py:541} INFO - Filling up the DagBag from /home/feuer/.local/lib/python3.10/site-packages/airflow/example_dags/example_short_circuit_decorator.py
[2023-05-21T19:52:32.327+0530] {processor.py:809} INFO - DAG(s) dict_keys(['example_short_circuit_decorator']) retrieved from /home/feuer/.local/lib/python3.10/site-packages/airflow/example_dags/example_short_circuit_decorator.py
[2023-05-21T19:52:32.342+0530] {logging_mixin.py:149} INFO - [2023-05-21T19:52:32.342+0530] {dag.py:2726} INFO - Sync 1 DAGs
[2023-05-21T19:52:32.353+0530] {logging_mixin.py:149} INFO - [2023-05-21T19:52:32.353+0530] {dag.py:3486} INFO - Setting next_dagrun for example_short_circuit_decorator to 2023-05-20T14:22:32.353190+00:00, run_after=2023-05-21T14:22:32.353190+00:00
[2023-05-21T19:52:32.442+0530] {processor.py:178} INFO - Processing /home/feuer/.local/lib/python3.10/site-packages/airflow/example_dags/example_short_circuit_decorator.py took 0.135 seconds
[2023-05-21T19:53:21.969+0530] {processor.py:156} INFO - Started process (PID=26156) to work on /home/feuer/.local/lib/python3.10/site-packages/airflow/example_dags/example_short_circuit_decorator.py
[2023-05-21T19:53:21.986+0530] {processor.py:799} INFO - Processing file /home/feuer/.local/lib/python3.10/site-packages/airflow/example_dags/example_short_circuit_decorator.py for tasks to queue
[2023-05-21T19:53:21.987+0530] {logging_mixin.py:149} INFO - [2023-05-21T19:53:21.987+0530] {dagbag.py:541} INFO - Filling up the DagBag from /home/feuer/.local/lib/python3.10/site-packages/airflow/example_dags/example_short_circuit_decorator.py
[2023-05-21T19:53:21.999+0530] {processor.py:809} INFO - DAG(s) dict_keys(['example_short_circuit_decorator']) retrieved from /home/feuer/.local/lib/python3.10/site-packages/airflow/example_dags/example_short_circuit_decorator.py
[2023-05-21T19:53:22.030+0530] {logging_mixin.py:149} INFO - [2023-05-21T19:53:22.030+0530] {dag.py:2726} INFO - Sync 1 DAGs
[2023-05-21T19:53:22.050+0530] {logging_mixin.py:149} INFO - [2023-05-21T19:53:22.050+0530] {dag.py:3486} INFO - Setting next_dagrun for example_short_circuit_decorator to 2023-05-20T14:23:22.049899+00:00, run_after=2023-05-21T14:23:22.049899+00:00
[2023-05-21T19:53:22.162+0530] {processor.py:178} INFO - Processing /home/feuer/.local/lib/python3.10/site-packages/airflow/example_dags/example_short_circuit_decorator.py took 0.196 seconds
[2023-05-21T19:54:12.767+0530] {processor.py:156} INFO - Started process (PID=26317) to work on /home/feuer/.local/lib/python3.10/site-packages/airflow/example_dags/example_short_circuit_decorator.py
[2023-05-21T19:54:12.767+0530] {processor.py:799} INFO - Processing file /home/feuer/.local/lib/python3.10/site-packages/airflow/example_dags/example_short_circuit_decorator.py for tasks to queue
[2023-05-21T19:54:12.768+0530] {logging_mixin.py:149} INFO - [2023-05-21T19:54:12.768+0530] {dagbag.py:541} INFO - Filling up the DagBag from /home/feuer/.local/lib/python3.10/site-packages/airflow/example_dags/example_short_circuit_decorator.py
[2023-05-21T19:54:12.777+0530] {processor.py:809} INFO - DAG(s) dict_keys(['example_short_circuit_decorator']) retrieved from /home/feuer/.local/lib/python3.10/site-packages/airflow/example_dags/example_short_circuit_decorator.py
[2023-05-21T19:54:12.801+0530] {logging_mixin.py:149} INFO - [2023-05-21T19:54:12.801+0530] {dag.py:2726} INFO - Sync 1 DAGs
[2023-05-21T19:54:12.816+0530] {logging_mixin.py:149} INFO - [2023-05-21T19:54:12.816+0530] {dag.py:3486} INFO - Setting next_dagrun for example_short_circuit_decorator to 2023-05-20T14:24:12.815884+00:00, run_after=2023-05-21T14:24:12.815884+00:00
[2023-05-21T19:54:12.905+0530] {processor.py:178} INFO - Processing /home/feuer/.local/lib/python3.10/site-packages/airflow/example_dags/example_short_circuit_decorator.py took 0.141 seconds
[2023-05-21T19:55:04.863+0530] {processor.py:156} INFO - Started process (PID=26435) to work on /home/feuer/.local/lib/python3.10/site-packages/airflow/example_dags/example_short_circuit_decorator.py
[2023-05-21T19:55:04.875+0530] {processor.py:799} INFO - Processing file /home/feuer/.local/lib/python3.10/site-packages/airflow/example_dags/example_short_circuit_decorator.py for tasks to queue
[2023-05-21T19:55:04.876+0530] {logging_mixin.py:149} INFO - [2023-05-21T19:55:04.876+0530] {dagbag.py:541} INFO - Filling up the DagBag from /home/feuer/.local/lib/python3.10/site-packages/airflow/example_dags/example_short_circuit_decorator.py
[2023-05-21T19:55:04.885+0530] {processor.py:809} INFO - DAG(s) dict_keys(['example_short_circuit_decorator']) retrieved from /home/feuer/.local/lib/python3.10/site-packages/airflow/example_dags/example_short_circuit_decorator.py
[2023-05-21T19:55:04.909+0530] {logging_mixin.py:149} INFO - [2023-05-21T19:55:04.909+0530] {dag.py:2726} INFO - Sync 1 DAGs
[2023-05-21T19:55:04.928+0530] {logging_mixin.py:149} INFO - [2023-05-21T19:55:04.928+0530] {dag.py:3486} INFO - Setting next_dagrun for example_short_circuit_decorator to 2023-05-20T14:25:04.927950+00:00, run_after=2023-05-21T14:25:04.927950+00:00
[2023-05-21T19:55:05.010+0530] {processor.py:178} INFO - Processing /home/feuer/.local/lib/python3.10/site-packages/airflow/example_dags/example_short_circuit_decorator.py took 0.150 seconds
[2023-05-21T19:55:59.110+0530] {processor.py:156} INFO - Started process (PID=26570) to work on /home/feuer/.local/lib/python3.10/site-packages/airflow/example_dags/example_short_circuit_decorator.py
[2023-05-21T19:55:59.123+0530] {processor.py:799} INFO - Processing file /home/feuer/.local/lib/python3.10/site-packages/airflow/example_dags/example_short_circuit_decorator.py for tasks to queue
[2023-05-21T19:55:59.123+0530] {logging_mixin.py:149} INFO - [2023-05-21T19:55:59.123+0530] {dagbag.py:541} INFO - Filling up the DagBag from /home/feuer/.local/lib/python3.10/site-packages/airflow/example_dags/example_short_circuit_decorator.py
[2023-05-21T19:55:59.133+0530] {processor.py:809} INFO - DAG(s) dict_keys(['example_short_circuit_decorator']) retrieved from /home/feuer/.local/lib/python3.10/site-packages/airflow/example_dags/example_short_circuit_decorator.py
[2023-05-21T19:55:59.174+0530] {logging_mixin.py:149} INFO - [2023-05-21T19:55:59.174+0530] {dag.py:2726} INFO - Sync 1 DAGs
[2023-05-21T19:55:59.193+0530] {logging_mixin.py:149} INFO - [2023-05-21T19:55:59.193+0530] {dag.py:3486} INFO - Setting next_dagrun for example_short_circuit_decorator to 2023-05-20T14:25:59.192863+00:00, run_after=2023-05-21T14:25:59.192863+00:00
[2023-05-21T19:55:59.294+0530] {processor.py:178} INFO - Processing /home/feuer/.local/lib/python3.10/site-packages/airflow/example_dags/example_short_circuit_decorator.py took 0.187 seconds
[2023-05-21T19:56:56.989+0530] {processor.py:156} INFO - Started process (PID=26755) to work on /home/feuer/.local/lib/python3.10/site-packages/airflow/example_dags/example_short_circuit_decorator.py
[2023-05-21T19:56:56.990+0530] {processor.py:799} INFO - Processing file /home/feuer/.local/lib/python3.10/site-packages/airflow/example_dags/example_short_circuit_decorator.py for tasks to queue
[2023-05-21T19:56:56.990+0530] {logging_mixin.py:149} INFO - [2023-05-21T19:56:56.990+0530] {dagbag.py:541} INFO - Filling up the DagBag from /home/feuer/.local/lib/python3.10/site-packages/airflow/example_dags/example_short_circuit_decorator.py
[2023-05-21T19:56:56.997+0530] {processor.py:809} INFO - DAG(s) dict_keys(['example_short_circuit_decorator']) retrieved from /home/feuer/.local/lib/python3.10/site-packages/airflow/example_dags/example_short_circuit_decorator.py
[2023-05-21T19:56:57.011+0530] {logging_mixin.py:149} INFO - [2023-05-21T19:56:57.011+0530] {dag.py:2726} INFO - Sync 1 DAGs
[2023-05-21T19:56:57.023+0530] {logging_mixin.py:149} INFO - [2023-05-21T19:56:57.023+0530] {dag.py:3486} INFO - Setting next_dagrun for example_short_circuit_decorator to 2023-05-20T14:26:57.023239+00:00, run_after=2023-05-21T14:26:57.023239+00:00
[2023-05-21T19:56:57.112+0530] {processor.py:178} INFO - Processing /home/feuer/.local/lib/python3.10/site-packages/airflow/example_dags/example_short_circuit_decorator.py took 0.125 seconds
[2023-05-21T19:57:47.173+0530] {processor.py:156} INFO - Started process (PID=26880) to work on /home/feuer/.local/lib/python3.10/site-packages/airflow/example_dags/example_short_circuit_decorator.py
[2023-05-21T19:57:47.174+0530] {processor.py:799} INFO - Processing file /home/feuer/.local/lib/python3.10/site-packages/airflow/example_dags/example_short_circuit_decorator.py for tasks to queue
[2023-05-21T19:57:47.174+0530] {logging_mixin.py:149} INFO - [2023-05-21T19:57:47.174+0530] {dagbag.py:541} INFO - Filling up the DagBag from /home/feuer/.local/lib/python3.10/site-packages/airflow/example_dags/example_short_circuit_decorator.py
[2023-05-21T19:57:47.183+0530] {processor.py:809} INFO - DAG(s) dict_keys(['example_short_circuit_decorator']) retrieved from /home/feuer/.local/lib/python3.10/site-packages/airflow/example_dags/example_short_circuit_decorator.py
[2023-05-21T19:57:47.208+0530] {logging_mixin.py:149} INFO - [2023-05-21T19:57:47.208+0530] {dag.py:2726} INFO - Sync 1 DAGs
[2023-05-21T19:57:47.224+0530] {logging_mixin.py:149} INFO - [2023-05-21T19:57:47.224+0530] {dag.py:3486} INFO - Setting next_dagrun for example_short_circuit_decorator to 2023-05-20T14:27:47.224127+00:00, run_after=2023-05-21T14:27:47.224127+00:00
[2023-05-21T19:57:47.310+0530] {processor.py:178} INFO - Processing /home/feuer/.local/lib/python3.10/site-packages/airflow/example_dags/example_short_circuit_decorator.py took 0.140 seconds
[2023-05-21T19:58:38.636+0530] {processor.py:156} INFO - Started process (PID=27023) to work on /home/feuer/.local/lib/python3.10/site-packages/airflow/example_dags/example_short_circuit_decorator.py
[2023-05-21T19:58:38.637+0530] {processor.py:799} INFO - Processing file /home/feuer/.local/lib/python3.10/site-packages/airflow/example_dags/example_short_circuit_decorator.py for tasks to queue
[2023-05-21T19:58:38.637+0530] {logging_mixin.py:149} INFO - [2023-05-21T19:58:38.637+0530] {dagbag.py:541} INFO - Filling up the DagBag from /home/feuer/.local/lib/python3.10/site-packages/airflow/example_dags/example_short_circuit_decorator.py
[2023-05-21T19:58:38.647+0530] {processor.py:809} INFO - DAG(s) dict_keys(['example_short_circuit_decorator']) retrieved from /home/feuer/.local/lib/python3.10/site-packages/airflow/example_dags/example_short_circuit_decorator.py
[2023-05-21T19:58:38.670+0530] {logging_mixin.py:149} INFO - [2023-05-21T19:58:38.670+0530] {dag.py:2726} INFO - Sync 1 DAGs
[2023-05-21T19:58:38.686+0530] {logging_mixin.py:149} INFO - [2023-05-21T19:58:38.686+0530] {dag.py:3486} INFO - Setting next_dagrun for example_short_circuit_decorator to 2023-05-20T14:28:38.685891+00:00, run_after=2023-05-21T14:28:38.685891+00:00
[2023-05-21T19:58:38.774+0530] {processor.py:178} INFO - Processing /home/feuer/.local/lib/python3.10/site-packages/airflow/example_dags/example_short_circuit_decorator.py took 0.141 seconds
[2023-05-21T19:59:38.650+0530] {processor.py:156} INFO - Started process (PID=27177) to work on /home/feuer/.local/lib/python3.10/site-packages/airflow/example_dags/example_short_circuit_decorator.py
[2023-05-21T19:59:38.653+0530] {processor.py:799} INFO - Processing file /home/feuer/.local/lib/python3.10/site-packages/airflow/example_dags/example_short_circuit_decorator.py for tasks to queue
[2023-05-21T19:59:38.654+0530] {logging_mixin.py:149} INFO - [2023-05-21T19:59:38.653+0530] {dagbag.py:541} INFO - Filling up the DagBag from /home/feuer/.local/lib/python3.10/site-packages/airflow/example_dags/example_short_circuit_decorator.py
[2023-05-21T19:59:38.662+0530] {processor.py:809} INFO - DAG(s) dict_keys(['example_short_circuit_decorator']) retrieved from /home/feuer/.local/lib/python3.10/site-packages/airflow/example_dags/example_short_circuit_decorator.py
[2023-05-21T19:59:38.691+0530] {logging_mixin.py:149} INFO - [2023-05-21T19:59:38.690+0530] {dag.py:2726} INFO - Sync 1 DAGs
[2023-05-21T19:59:38.705+0530] {logging_mixin.py:149} INFO - [2023-05-21T19:59:38.705+0530] {dag.py:3486} INFO - Setting next_dagrun for example_short_circuit_decorator to 2023-05-20T14:29:38.705664+00:00, run_after=2023-05-21T14:29:38.705664+00:00
[2023-05-21T19:59:38.798+0530] {processor.py:178} INFO - Processing /home/feuer/.local/lib/python3.10/site-packages/airflow/example_dags/example_short_circuit_decorator.py took 0.150 seconds
[2023-05-21T20:00:39.675+0530] {processor.py:156} INFO - Started process (PID=27330) to work on /home/feuer/.local/lib/python3.10/site-packages/airflow/example_dags/example_short_circuit_decorator.py
[2023-05-21T20:00:39.676+0530] {processor.py:799} INFO - Processing file /home/feuer/.local/lib/python3.10/site-packages/airflow/example_dags/example_short_circuit_decorator.py for tasks to queue
[2023-05-21T20:00:39.677+0530] {logging_mixin.py:149} INFO - [2023-05-21T20:00:39.677+0530] {dagbag.py:541} INFO - Filling up the DagBag from /home/feuer/.local/lib/python3.10/site-packages/airflow/example_dags/example_short_circuit_decorator.py
[2023-05-21T20:00:39.697+0530] {processor.py:809} INFO - DAG(s) dict_keys(['example_short_circuit_decorator']) retrieved from /home/feuer/.local/lib/python3.10/site-packages/airflow/example_dags/example_short_circuit_decorator.py
[2023-05-21T20:00:39.722+0530] {logging_mixin.py:149} INFO - [2023-05-21T20:00:39.722+0530] {dag.py:2726} INFO - Sync 1 DAGs
[2023-05-21T20:00:39.735+0530] {logging_mixin.py:149} INFO - [2023-05-21T20:00:39.735+0530] {dag.py:3486} INFO - Setting next_dagrun for example_short_circuit_decorator to 2023-05-20T14:30:39.735102+00:00, run_after=2023-05-21T14:30:39.735102+00:00
[2023-05-21T20:00:39.823+0530] {processor.py:178} INFO - Processing /home/feuer/.local/lib/python3.10/site-packages/airflow/example_dags/example_short_circuit_decorator.py took 0.166 seconds
[2023-05-21T20:01:49.874+0530] {processor.py:156} INFO - Started process (PID=27650) to work on /home/feuer/.local/lib/python3.10/site-packages/airflow/example_dags/example_short_circuit_decorator.py
[2023-05-21T20:01:49.875+0530] {processor.py:799} INFO - Processing file /home/feuer/.local/lib/python3.10/site-packages/airflow/example_dags/example_short_circuit_decorator.py for tasks to queue
[2023-05-21T20:01:49.876+0530] {logging_mixin.py:149} INFO - [2023-05-21T20:01:49.876+0530] {dagbag.py:541} INFO - Filling up the DagBag from /home/feuer/.local/lib/python3.10/site-packages/airflow/example_dags/example_short_circuit_decorator.py
[2023-05-21T20:01:49.887+0530] {processor.py:809} INFO - DAG(s) dict_keys(['example_short_circuit_decorator']) retrieved from /home/feuer/.local/lib/python3.10/site-packages/airflow/example_dags/example_short_circuit_decorator.py
[2023-05-21T20:01:49.975+0530] {logging_mixin.py:149} INFO - [2023-05-21T20:01:49.975+0530] {dag.py:2726} INFO - Sync 1 DAGs
[2023-05-21T20:01:49.988+0530] {logging_mixin.py:149} INFO - [2023-05-21T20:01:49.988+0530] {dag.py:3486} INFO - Setting next_dagrun for example_short_circuit_decorator to 2023-05-20T14:31:49.988206+00:00, run_after=2023-05-21T14:31:49.988206+00:00
[2023-05-21T20:01:50.096+0530] {processor.py:178} INFO - Processing /home/feuer/.local/lib/python3.10/site-packages/airflow/example_dags/example_short_circuit_decorator.py took 0.225 seconds
[2023-05-21T20:02:53.437+0530] {processor.py:156} INFO - Started process (PID=27883) to work on /home/feuer/.local/lib/python3.10/site-packages/airflow/example_dags/example_short_circuit_decorator.py
[2023-05-21T20:02:53.438+0530] {processor.py:799} INFO - Processing file /home/feuer/.local/lib/python3.10/site-packages/airflow/example_dags/example_short_circuit_decorator.py for tasks to queue
[2023-05-21T20:02:53.439+0530] {logging_mixin.py:149} INFO - [2023-05-21T20:02:53.439+0530] {dagbag.py:541} INFO - Filling up the DagBag from /home/feuer/.local/lib/python3.10/site-packages/airflow/example_dags/example_short_circuit_decorator.py
[2023-05-21T20:02:53.450+0530] {processor.py:809} INFO - DAG(s) dict_keys(['example_short_circuit_decorator']) retrieved from /home/feuer/.local/lib/python3.10/site-packages/airflow/example_dags/example_short_circuit_decorator.py
[2023-05-21T20:02:53.470+0530] {logging_mixin.py:149} INFO - [2023-05-21T20:02:53.469+0530] {dag.py:2726} INFO - Sync 1 DAGs
[2023-05-21T20:02:53.484+0530] {logging_mixin.py:149} INFO - [2023-05-21T20:02:53.484+0530] {dag.py:3486} INFO - Setting next_dagrun for example_short_circuit_decorator to 2023-05-20T14:32:53.484277+00:00, run_after=2023-05-21T14:32:53.484277+00:00
[2023-05-21T20:02:53.610+0530] {processor.py:178} INFO - Processing /home/feuer/.local/lib/python3.10/site-packages/airflow/example_dags/example_short_circuit_decorator.py took 0.176 seconds
[2023-05-21T20:03:55.809+0530] {processor.py:156} INFO - Started process (PID=28043) to work on /home/feuer/.local/lib/python3.10/site-packages/airflow/example_dags/example_short_circuit_decorator.py
[2023-05-21T20:03:55.820+0530] {processor.py:799} INFO - Processing file /home/feuer/.local/lib/python3.10/site-packages/airflow/example_dags/example_short_circuit_decorator.py for tasks to queue
[2023-05-21T20:03:55.821+0530] {logging_mixin.py:149} INFO - [2023-05-21T20:03:55.821+0530] {dagbag.py:541} INFO - Filling up the DagBag from /home/feuer/.local/lib/python3.10/site-packages/airflow/example_dags/example_short_circuit_decorator.py
[2023-05-21T20:03:55.830+0530] {processor.py:809} INFO - DAG(s) dict_keys(['example_short_circuit_decorator']) retrieved from /home/feuer/.local/lib/python3.10/site-packages/airflow/example_dags/example_short_circuit_decorator.py
[2023-05-21T20:03:55.854+0530] {logging_mixin.py:149} INFO - [2023-05-21T20:03:55.854+0530] {dag.py:2726} INFO - Sync 1 DAGs
[2023-05-21T20:03:55.873+0530] {logging_mixin.py:149} INFO - [2023-05-21T20:03:55.873+0530] {dag.py:3486} INFO - Setting next_dagrun for example_short_circuit_decorator to 2023-05-20T14:33:55.873608+00:00, run_after=2023-05-21T14:33:55.873608+00:00
[2023-05-21T20:03:55.969+0530] {processor.py:178} INFO - Processing /home/feuer/.local/lib/python3.10/site-packages/airflow/example_dags/example_short_circuit_decorator.py took 0.162 seconds
[2023-05-21T20:04:55.440+0530] {processor.py:156} INFO - Started process (PID=28267) to work on /home/feuer/.local/lib/python3.10/site-packages/airflow/example_dags/example_short_circuit_decorator.py
[2023-05-21T20:04:55.441+0530] {processor.py:799} INFO - Processing file /home/feuer/.local/lib/python3.10/site-packages/airflow/example_dags/example_short_circuit_decorator.py for tasks to queue
[2023-05-21T20:04:55.441+0530] {logging_mixin.py:149} INFO - [2023-05-21T20:04:55.441+0530] {dagbag.py:541} INFO - Filling up the DagBag from /home/feuer/.local/lib/python3.10/site-packages/airflow/example_dags/example_short_circuit_decorator.py
[2023-05-21T20:04:55.449+0530] {processor.py:809} INFO - DAG(s) dict_keys(['example_short_circuit_decorator']) retrieved from /home/feuer/.local/lib/python3.10/site-packages/airflow/example_dags/example_short_circuit_decorator.py
[2023-05-21T20:04:55.464+0530] {logging_mixin.py:149} INFO - [2023-05-21T20:04:55.464+0530] {dag.py:2726} INFO - Sync 1 DAGs
[2023-05-21T20:04:55.475+0530] {logging_mixin.py:149} INFO - [2023-05-21T20:04:55.475+0530] {dag.py:3486} INFO - Setting next_dagrun for example_short_circuit_decorator to 2023-05-20T14:34:55.475661+00:00, run_after=2023-05-21T14:34:55.475661+00:00
[2023-05-21T20:04:55.569+0530] {processor.py:178} INFO - Processing /home/feuer/.local/lib/python3.10/site-packages/airflow/example_dags/example_short_circuit_decorator.py took 0.132 seconds
[2023-05-21T20:05:53.536+0530] {processor.py:156} INFO - Started process (PID=28503) to work on /home/feuer/.local/lib/python3.10/site-packages/airflow/example_dags/example_short_circuit_decorator.py
[2023-05-21T20:05:53.537+0530] {processor.py:799} INFO - Processing file /home/feuer/.local/lib/python3.10/site-packages/airflow/example_dags/example_short_circuit_decorator.py for tasks to queue
[2023-05-21T20:05:53.538+0530] {logging_mixin.py:149} INFO - [2023-05-21T20:05:53.537+0530] {dagbag.py:541} INFO - Filling up the DagBag from /home/feuer/.local/lib/python3.10/site-packages/airflow/example_dags/example_short_circuit_decorator.py
[2023-05-21T20:05:53.547+0530] {processor.py:809} INFO - DAG(s) dict_keys(['example_short_circuit_decorator']) retrieved from /home/feuer/.local/lib/python3.10/site-packages/airflow/example_dags/example_short_circuit_decorator.py
[2023-05-21T20:05:53.570+0530] {logging_mixin.py:149} INFO - [2023-05-21T20:05:53.570+0530] {dag.py:2726} INFO - Sync 1 DAGs
[2023-05-21T20:05:53.586+0530] {logging_mixin.py:149} INFO - [2023-05-21T20:05:53.586+0530] {dag.py:3486} INFO - Setting next_dagrun for example_short_circuit_decorator to 2023-05-20T14:35:53.585978+00:00, run_after=2023-05-21T14:35:53.585978+00:00
[2023-05-21T20:05:53.671+0530] {processor.py:178} INFO - Processing /home/feuer/.local/lib/python3.10/site-packages/airflow/example_dags/example_short_circuit_decorator.py took 0.138 seconds
[2023-05-21T20:06:48.935+0530] {processor.py:156} INFO - Started process (PID=28821) to work on /home/feuer/.local/lib/python3.10/site-packages/airflow/example_dags/example_short_circuit_decorator.py
[2023-05-21T20:06:48.936+0530] {processor.py:799} INFO - Processing file /home/feuer/.local/lib/python3.10/site-packages/airflow/example_dags/example_short_circuit_decorator.py for tasks to queue
[2023-05-21T20:06:48.936+0530] {logging_mixin.py:149} INFO - [2023-05-21T20:06:48.936+0530] {dagbag.py:541} INFO - Filling up the DagBag from /home/feuer/.local/lib/python3.10/site-packages/airflow/example_dags/example_short_circuit_decorator.py
[2023-05-21T20:06:48.946+0530] {processor.py:809} INFO - DAG(s) dict_keys(['example_short_circuit_decorator']) retrieved from /home/feuer/.local/lib/python3.10/site-packages/airflow/example_dags/example_short_circuit_decorator.py
[2023-05-21T20:06:48.970+0530] {logging_mixin.py:149} INFO - [2023-05-21T20:06:48.970+0530] {dag.py:2726} INFO - Sync 1 DAGs
[2023-05-21T20:06:48.985+0530] {logging_mixin.py:149} INFO - [2023-05-21T20:06:48.985+0530] {dag.py:3486} INFO - Setting next_dagrun for example_short_circuit_decorator to 2023-05-20T14:36:48.985619+00:00, run_after=2023-05-21T14:36:48.985619+00:00
[2023-05-21T20:06:49.176+0530] {processor.py:178} INFO - Processing /home/feuer/.local/lib/python3.10/site-packages/airflow/example_dags/example_short_circuit_decorator.py took 0.244 seconds
[2023-05-21T20:07:46.130+0530] {processor.py:156} INFO - Started process (PID=28980) to work on /home/feuer/.local/lib/python3.10/site-packages/airflow/example_dags/example_short_circuit_decorator.py
[2023-05-21T20:07:46.131+0530] {processor.py:799} INFO - Processing file /home/feuer/.local/lib/python3.10/site-packages/airflow/example_dags/example_short_circuit_decorator.py for tasks to queue
[2023-05-21T20:07:46.131+0530] {logging_mixin.py:149} INFO - [2023-05-21T20:07:46.131+0530] {dagbag.py:541} INFO - Filling up the DagBag from /home/feuer/.local/lib/python3.10/site-packages/airflow/example_dags/example_short_circuit_decorator.py
[2023-05-21T20:07:46.142+0530] {processor.py:809} INFO - DAG(s) dict_keys(['example_short_circuit_decorator']) retrieved from /home/feuer/.local/lib/python3.10/site-packages/airflow/example_dags/example_short_circuit_decorator.py
[2023-05-21T20:07:46.166+0530] {logging_mixin.py:149} INFO - [2023-05-21T20:07:46.165+0530] {dag.py:2726} INFO - Sync 1 DAGs
[2023-05-21T20:07:46.178+0530] {logging_mixin.py:149} INFO - [2023-05-21T20:07:46.178+0530] {dag.py:3486} INFO - Setting next_dagrun for example_short_circuit_decorator to 2023-05-20T14:37:46.178458+00:00, run_after=2023-05-21T14:37:46.178458+00:00
[2023-05-21T20:07:46.260+0530] {processor.py:178} INFO - Processing /home/feuer/.local/lib/python3.10/site-packages/airflow/example_dags/example_short_circuit_decorator.py took 0.134 seconds
[2023-05-21T20:08:42.682+0530] {processor.py:156} INFO - Started process (PID=29126) to work on /home/feuer/.local/lib/python3.10/site-packages/airflow/example_dags/example_short_circuit_decorator.py
[2023-05-21T20:08:42.694+0530] {processor.py:799} INFO - Processing file /home/feuer/.local/lib/python3.10/site-packages/airflow/example_dags/example_short_circuit_decorator.py for tasks to queue
[2023-05-21T20:08:42.695+0530] {logging_mixin.py:149} INFO - [2023-05-21T20:08:42.695+0530] {dagbag.py:541} INFO - Filling up the DagBag from /home/feuer/.local/lib/python3.10/site-packages/airflow/example_dags/example_short_circuit_decorator.py
[2023-05-21T20:08:42.704+0530] {processor.py:809} INFO - DAG(s) dict_keys(['example_short_circuit_decorator']) retrieved from /home/feuer/.local/lib/python3.10/site-packages/airflow/example_dags/example_short_circuit_decorator.py
[2023-05-21T20:08:42.740+0530] {logging_mixin.py:149} INFO - [2023-05-21T20:08:42.740+0530] {dag.py:2726} INFO - Sync 1 DAGs
[2023-05-21T20:08:42.760+0530] {logging_mixin.py:149} INFO - [2023-05-21T20:08:42.760+0530] {dag.py:3486} INFO - Setting next_dagrun for example_short_circuit_decorator to 2023-05-20T14:38:42.760501+00:00, run_after=2023-05-21T14:38:42.760501+00:00
[2023-05-21T20:08:42.863+0530] {processor.py:178} INFO - Processing /home/feuer/.local/lib/python3.10/site-packages/airflow/example_dags/example_short_circuit_decorator.py took 0.184 seconds
[2023-05-21T20:09:39.749+0530] {processor.py:156} INFO - Started process (PID=29320) to work on /home/feuer/.local/lib/python3.10/site-packages/airflow/example_dags/example_short_circuit_decorator.py
[2023-05-21T20:09:39.750+0530] {processor.py:799} INFO - Processing file /home/feuer/.local/lib/python3.10/site-packages/airflow/example_dags/example_short_circuit_decorator.py for tasks to queue
[2023-05-21T20:09:39.751+0530] {logging_mixin.py:149} INFO - [2023-05-21T20:09:39.751+0530] {dagbag.py:541} INFO - Filling up the DagBag from /home/feuer/.local/lib/python3.10/site-packages/airflow/example_dags/example_short_circuit_decorator.py
[2023-05-21T20:09:39.761+0530] {processor.py:809} INFO - DAG(s) dict_keys(['example_short_circuit_decorator']) retrieved from /home/feuer/.local/lib/python3.10/site-packages/airflow/example_dags/example_short_circuit_decorator.py
[2023-05-21T20:09:39.785+0530] {logging_mixin.py:149} INFO - [2023-05-21T20:09:39.785+0530] {dag.py:2726} INFO - Sync 1 DAGs
[2023-05-21T20:09:39.800+0530] {logging_mixin.py:149} INFO - [2023-05-21T20:09:39.799+0530] {dag.py:3486} INFO - Setting next_dagrun for example_short_circuit_decorator to 2023-05-20T14:39:39.799703+00:00, run_after=2023-05-21T14:39:39.799703+00:00
[2023-05-21T20:09:39.880+0530] {processor.py:178} INFO - Processing /home/feuer/.local/lib/python3.10/site-packages/airflow/example_dags/example_short_circuit_decorator.py took 0.134 seconds
[2023-05-21T20:10:35.156+0530] {processor.py:156} INFO - Started process (PID=29486) to work on /home/feuer/.local/lib/python3.10/site-packages/airflow/example_dags/example_short_circuit_decorator.py
[2023-05-21T20:10:35.157+0530] {processor.py:799} INFO - Processing file /home/feuer/.local/lib/python3.10/site-packages/airflow/example_dags/example_short_circuit_decorator.py for tasks to queue
[2023-05-21T20:10:35.158+0530] {logging_mixin.py:149} INFO - [2023-05-21T20:10:35.158+0530] {dagbag.py:541} INFO - Filling up the DagBag from /home/feuer/.local/lib/python3.10/site-packages/airflow/example_dags/example_short_circuit_decorator.py
[2023-05-21T20:10:35.167+0530] {processor.py:809} INFO - DAG(s) dict_keys(['example_short_circuit_decorator']) retrieved from /home/feuer/.local/lib/python3.10/site-packages/airflow/example_dags/example_short_circuit_decorator.py
[2023-05-21T20:10:35.191+0530] {logging_mixin.py:149} INFO - [2023-05-21T20:10:35.190+0530] {dag.py:2726} INFO - Sync 1 DAGs
[2023-05-21T20:10:35.205+0530] {logging_mixin.py:149} INFO - [2023-05-21T20:10:35.205+0530] {dag.py:3486} INFO - Setting next_dagrun for example_short_circuit_decorator to 2023-05-20T14:40:35.205610+00:00, run_after=2023-05-21T14:40:35.205610+00:00
[2023-05-21T20:10:35.294+0530] {processor.py:178} INFO - Processing /home/feuer/.local/lib/python3.10/site-packages/airflow/example_dags/example_short_circuit_decorator.py took 0.141 seconds
[2023-05-21T20:11:31.695+0530] {processor.py:156} INFO - Started process (PID=29643) to work on /home/feuer/.local/lib/python3.10/site-packages/airflow/example_dags/example_short_circuit_decorator.py
[2023-05-21T20:11:31.705+0530] {processor.py:799} INFO - Processing file /home/feuer/.local/lib/python3.10/site-packages/airflow/example_dags/example_short_circuit_decorator.py for tasks to queue
[2023-05-21T20:11:31.706+0530] {logging_mixin.py:149} INFO - [2023-05-21T20:11:31.705+0530] {dagbag.py:541} INFO - Filling up the DagBag from /home/feuer/.local/lib/python3.10/site-packages/airflow/example_dags/example_short_circuit_decorator.py
[2023-05-21T20:11:31.719+0530] {processor.py:809} INFO - DAG(s) dict_keys(['example_short_circuit_decorator']) retrieved from /home/feuer/.local/lib/python3.10/site-packages/airflow/example_dags/example_short_circuit_decorator.py
[2023-05-21T20:11:31.760+0530] {logging_mixin.py:149} INFO - [2023-05-21T20:11:31.759+0530] {dag.py:2726} INFO - Sync 1 DAGs
[2023-05-21T20:11:31.782+0530] {logging_mixin.py:149} INFO - [2023-05-21T20:11:31.782+0530] {dag.py:3486} INFO - Setting next_dagrun for example_short_circuit_decorator to 2023-05-20T14:41:31.782303+00:00, run_after=2023-05-21T14:41:31.782303+00:00
[2023-05-21T20:11:31.873+0530] {processor.py:178} INFO - Processing /home/feuer/.local/lib/python3.10/site-packages/airflow/example_dags/example_short_circuit_decorator.py took 0.181 seconds
[2023-05-21T20:12:28.824+0530] {processor.py:156} INFO - Started process (PID=29824) to work on /home/feuer/.local/lib/python3.10/site-packages/airflow/example_dags/example_short_circuit_decorator.py
[2023-05-21T20:12:28.835+0530] {processor.py:799} INFO - Processing file /home/feuer/.local/lib/python3.10/site-packages/airflow/example_dags/example_short_circuit_decorator.py for tasks to queue
[2023-05-21T20:12:28.836+0530] {logging_mixin.py:149} INFO - [2023-05-21T20:12:28.836+0530] {dagbag.py:541} INFO - Filling up the DagBag from /home/feuer/.local/lib/python3.10/site-packages/airflow/example_dags/example_short_circuit_decorator.py
[2023-05-21T20:12:28.846+0530] {processor.py:809} INFO - DAG(s) dict_keys(['example_short_circuit_decorator']) retrieved from /home/feuer/.local/lib/python3.10/site-packages/airflow/example_dags/example_short_circuit_decorator.py
[2023-05-21T20:12:28.888+0530] {logging_mixin.py:149} INFO - [2023-05-21T20:12:28.888+0530] {dag.py:2726} INFO - Sync 1 DAGs
[2023-05-21T20:12:28.907+0530] {logging_mixin.py:149} INFO - [2023-05-21T20:12:28.907+0530] {dag.py:3486} INFO - Setting next_dagrun for example_short_circuit_decorator to 2023-05-20T14:42:28.907194+00:00, run_after=2023-05-21T14:42:28.907194+00:00
[2023-05-21T20:12:29.007+0530] {processor.py:178} INFO - Processing /home/feuer/.local/lib/python3.10/site-packages/airflow/example_dags/example_short_circuit_decorator.py took 0.186 seconds
[2023-05-21T16:58:33.347+0530] {processor.py:156} INFO - Started process (PID=55894) to work on /home/feuer/.local/lib/python3.10/site-packages/airflow/example_dags/example_short_circuit_decorator.py
[2023-05-21T16:58:33.395+0530] {processor.py:799} INFO - Processing file /home/feuer/.local/lib/python3.10/site-packages/airflow/example_dags/example_short_circuit_decorator.py for tasks to queue
[2023-05-21T16:58:33.396+0530] {logging_mixin.py:149} INFO - [2023-05-21T16:58:33.396+0530] {dagbag.py:541} INFO - Filling up the DagBag from /home/feuer/.local/lib/python3.10/site-packages/airflow/example_dags/example_short_circuit_decorator.py
[2023-05-21T16:58:33.425+0530] {processor.py:809} INFO - DAG(s) dict_keys(['example_short_circuit_decorator']) retrieved from /home/feuer/.local/lib/python3.10/site-packages/airflow/example_dags/example_short_circuit_decorator.py
[2023-05-21T16:58:33.596+0530] {logging_mixin.py:149} INFO - [2023-05-21T16:58:33.596+0530] {dag.py:2726} INFO - Sync 1 DAGs
[2023-05-21T16:58:33.606+0530] {logging_mixin.py:149} INFO - [2023-05-21T16:58:33.606+0530] {dag.py:3486} INFO - Setting next_dagrun for example_short_circuit_decorator to 2023-05-20T11:28:33.606616+00:00, run_after=2023-05-21T11:28:33.606616+00:00
[2023-05-21T16:58:33.850+0530] {processor.py:178} INFO - Processing /home/feuer/.local/lib/python3.10/site-packages/airflow/example_dags/example_short_circuit_decorator.py took 0.506 seconds
[2023-05-21T17:00:10.613+0530] {processor.py:156} INFO - Started process (PID=56118) to work on /home/feuer/.local/lib/python3.10/site-packages/airflow/example_dags/example_short_circuit_decorator.py
[2023-05-21T17:00:10.669+0530] {processor.py:799} INFO - Processing file /home/feuer/.local/lib/python3.10/site-packages/airflow/example_dags/example_short_circuit_decorator.py for tasks to queue
[2023-05-21T17:00:10.669+0530] {logging_mixin.py:149} INFO - [2023-05-21T17:00:10.669+0530] {dagbag.py:541} INFO - Filling up the DagBag from /home/feuer/.local/lib/python3.10/site-packages/airflow/example_dags/example_short_circuit_decorator.py
[2023-05-21T17:00:10.678+0530] {processor.py:809} INFO - DAG(s) dict_keys(['example_short_circuit_decorator']) retrieved from /home/feuer/.local/lib/python3.10/site-packages/airflow/example_dags/example_short_circuit_decorator.py
[2023-05-21T17:00:10.701+0530] {logging_mixin.py:149} INFO - [2023-05-21T17:00:10.701+0530] {dag.py:2726} INFO - Sync 1 DAGs
[2023-05-21T17:00:10.720+0530] {logging_mixin.py:149} INFO - [2023-05-21T17:00:10.720+0530] {dag.py:3486} INFO - Setting next_dagrun for example_short_circuit_decorator to 2023-05-20T11:30:10.719804+00:00, run_after=2023-05-21T11:30:10.719804+00:00
[2023-05-21T17:00:10.921+0530] {processor.py:178} INFO - Processing /home/feuer/.local/lib/python3.10/site-packages/airflow/example_dags/example_short_circuit_decorator.py took 0.310 seconds
[2023-05-21T17:01:35.300+0530] {processor.py:156} INFO - Started process (PID=56373) to work on /home/feuer/.local/lib/python3.10/site-packages/airflow/example_dags/example_short_circuit_decorator.py
[2023-05-21T17:01:35.319+0530] {processor.py:799} INFO - Processing file /home/feuer/.local/lib/python3.10/site-packages/airflow/example_dags/example_short_circuit_decorator.py for tasks to queue
[2023-05-21T17:01:35.319+0530] {logging_mixin.py:149} INFO - [2023-05-21T17:01:35.319+0530] {dagbag.py:541} INFO - Filling up the DagBag from /home/feuer/.local/lib/python3.10/site-packages/airflow/example_dags/example_short_circuit_decorator.py
[2023-05-21T17:01:35.329+0530] {processor.py:809} INFO - DAG(s) dict_keys(['example_short_circuit_decorator']) retrieved from /home/feuer/.local/lib/python3.10/site-packages/airflow/example_dags/example_short_circuit_decorator.py
[2023-05-21T17:01:35.355+0530] {logging_mixin.py:149} INFO - [2023-05-21T17:01:35.355+0530] {dag.py:2726} INFO - Sync 1 DAGs
[2023-05-21T17:01:35.376+0530] {logging_mixin.py:149} INFO - [2023-05-21T17:01:35.376+0530] {dag.py:3486} INFO - Setting next_dagrun for example_short_circuit_decorator to 2023-05-20T11:31:35.376346+00:00, run_after=2023-05-21T11:31:35.376346+00:00
[2023-05-21T17:01:35.621+0530] {processor.py:178} INFO - Processing /home/feuer/.local/lib/python3.10/site-packages/airflow/example_dags/example_short_circuit_decorator.py took 0.324 seconds
[2023-05-21T17:02:54.252+0530] {processor.py:156} INFO - Started process (PID=56631) to work on /home/feuer/.local/lib/python3.10/site-packages/airflow/example_dags/example_short_circuit_decorator.py
[2023-05-21T17:02:54.252+0530] {processor.py:799} INFO - Processing file /home/feuer/.local/lib/python3.10/site-packages/airflow/example_dags/example_short_circuit_decorator.py for tasks to queue
[2023-05-21T17:02:54.253+0530] {logging_mixin.py:149} INFO - [2023-05-21T17:02:54.253+0530] {dagbag.py:541} INFO - Filling up the DagBag from /home/feuer/.local/lib/python3.10/site-packages/airflow/example_dags/example_short_circuit_decorator.py
[2023-05-21T17:02:54.258+0530] {processor.py:809} INFO - DAG(s) dict_keys(['example_short_circuit_decorator']) retrieved from /home/feuer/.local/lib/python3.10/site-packages/airflow/example_dags/example_short_circuit_decorator.py
[2023-05-21T17:02:54.271+0530] {logging_mixin.py:149} INFO - [2023-05-21T17:02:54.271+0530] {dag.py:2726} INFO - Sync 1 DAGs
[2023-05-21T17:02:54.282+0530] {logging_mixin.py:149} INFO - [2023-05-21T17:02:54.282+0530] {dag.py:3486} INFO - Setting next_dagrun for example_short_circuit_decorator to 2023-05-20T11:32:54.282182+00:00, run_after=2023-05-21T11:32:54.282182+00:00
[2023-05-21T17:02:54.351+0530] {processor.py:178} INFO - Processing /home/feuer/.local/lib/python3.10/site-packages/airflow/example_dags/example_short_circuit_decorator.py took 0.100 seconds
[2023-05-21T17:03:47.153+0530] {processor.py:156} INFO - Started process (PID=56746) to work on /home/feuer/.local/lib/python3.10/site-packages/airflow/example_dags/example_short_circuit_decorator.py
[2023-05-21T17:03:47.162+0530] {processor.py:799} INFO - Processing file /home/feuer/.local/lib/python3.10/site-packages/airflow/example_dags/example_short_circuit_decorator.py for tasks to queue
[2023-05-21T17:03:47.163+0530] {logging_mixin.py:149} INFO - [2023-05-21T17:03:47.163+0530] {dagbag.py:541} INFO - Filling up the DagBag from /home/feuer/.local/lib/python3.10/site-packages/airflow/example_dags/example_short_circuit_decorator.py
[2023-05-21T17:03:47.168+0530] {processor.py:809} INFO - DAG(s) dict_keys(['example_short_circuit_decorator']) retrieved from /home/feuer/.local/lib/python3.10/site-packages/airflow/example_dags/example_short_circuit_decorator.py
[2023-05-21T17:03:47.181+0530] {logging_mixin.py:149} INFO - [2023-05-21T17:03:47.181+0530] {dag.py:2726} INFO - Sync 1 DAGs
[2023-05-21T17:03:47.192+0530] {logging_mixin.py:149} INFO - [2023-05-21T17:03:47.192+0530] {dag.py:3486} INFO - Setting next_dagrun for example_short_circuit_decorator to 2023-05-20T11:33:47.192001+00:00, run_after=2023-05-21T11:33:47.192001+00:00
[2023-05-21T17:03:47.279+0530] {processor.py:178} INFO - Processing /home/feuer/.local/lib/python3.10/site-packages/airflow/example_dags/example_short_circuit_decorator.py took 0.127 seconds
[2023-05-21T17:04:40.567+0530] {processor.py:156} INFO - Started process (PID=56885) to work on /home/feuer/.local/lib/python3.10/site-packages/airflow/example_dags/example_short_circuit_decorator.py
[2023-05-21T17:04:40.576+0530] {processor.py:799} INFO - Processing file /home/feuer/.local/lib/python3.10/site-packages/airflow/example_dags/example_short_circuit_decorator.py for tasks to queue
[2023-05-21T17:04:40.576+0530] {logging_mixin.py:149} INFO - [2023-05-21T17:04:40.576+0530] {dagbag.py:541} INFO - Filling up the DagBag from /home/feuer/.local/lib/python3.10/site-packages/airflow/example_dags/example_short_circuit_decorator.py
[2023-05-21T17:04:40.585+0530] {processor.py:809} INFO - DAG(s) dict_keys(['example_short_circuit_decorator']) retrieved from /home/feuer/.local/lib/python3.10/site-packages/airflow/example_dags/example_short_circuit_decorator.py
[2023-05-21T17:04:40.609+0530] {logging_mixin.py:149} INFO - [2023-05-21T17:04:40.609+0530] {dag.py:2726} INFO - Sync 1 DAGs
[2023-05-21T17:04:40.627+0530] {logging_mixin.py:149} INFO - [2023-05-21T17:04:40.626+0530] {dag.py:3486} INFO - Setting next_dagrun for example_short_circuit_decorator to 2023-05-20T11:34:40.626738+00:00, run_after=2023-05-21T11:34:40.626738+00:00
[2023-05-21T17:04:40.717+0530] {processor.py:178} INFO - Processing /home/feuer/.local/lib/python3.10/site-packages/airflow/example_dags/example_short_circuit_decorator.py took 0.152 seconds
[2023-05-21T17:05:48.430+0530] {processor.py:156} INFO - Started process (PID=57024) to work on /home/feuer/.local/lib/python3.10/site-packages/airflow/example_dags/example_short_circuit_decorator.py
[2023-05-21T17:05:48.437+0530] {processor.py:799} INFO - Processing file /home/feuer/.local/lib/python3.10/site-packages/airflow/example_dags/example_short_circuit_decorator.py for tasks to queue
[2023-05-21T17:05:48.437+0530] {logging_mixin.py:149} INFO - [2023-05-21T17:05:48.437+0530] {dagbag.py:541} INFO - Filling up the DagBag from /home/feuer/.local/lib/python3.10/site-packages/airflow/example_dags/example_short_circuit_decorator.py
[2023-05-21T17:05:48.443+0530] {processor.py:809} INFO - DAG(s) dict_keys(['example_short_circuit_decorator']) retrieved from /home/feuer/.local/lib/python3.10/site-packages/airflow/example_dags/example_short_circuit_decorator.py
[2023-05-21T17:05:48.457+0530] {logging_mixin.py:149} INFO - [2023-05-21T17:05:48.457+0530] {dag.py:2726} INFO - Sync 1 DAGs
[2023-05-21T17:05:48.469+0530] {logging_mixin.py:149} INFO - [2023-05-21T17:05:48.468+0530] {dag.py:3486} INFO - Setting next_dagrun for example_short_circuit_decorator to 2023-05-20T11:35:48.468696+00:00, run_after=2023-05-21T11:35:48.468696+00:00
[2023-05-21T17:05:48.552+0530] {processor.py:178} INFO - Processing /home/feuer/.local/lib/python3.10/site-packages/airflow/example_dags/example_short_circuit_decorator.py took 0.124 seconds
[2023-05-21T17:06:55.078+0530] {processor.py:156} INFO - Started process (PID=57197) to work on /home/feuer/.local/lib/python3.10/site-packages/airflow/example_dags/example_short_circuit_decorator.py
[2023-05-21T17:06:55.090+0530] {processor.py:799} INFO - Processing file /home/feuer/.local/lib/python3.10/site-packages/airflow/example_dags/example_short_circuit_decorator.py for tasks to queue
[2023-05-21T17:06:55.090+0530] {logging_mixin.py:149} INFO - [2023-05-21T17:06:55.090+0530] {dagbag.py:541} INFO - Filling up the DagBag from /home/feuer/.local/lib/python3.10/site-packages/airflow/example_dags/example_short_circuit_decorator.py
[2023-05-21T17:06:55.097+0530] {processor.py:809} INFO - DAG(s) dict_keys(['example_short_circuit_decorator']) retrieved from /home/feuer/.local/lib/python3.10/site-packages/airflow/example_dags/example_short_circuit_decorator.py
[2023-05-21T17:06:55.111+0530] {logging_mixin.py:149} INFO - [2023-05-21T17:06:55.111+0530] {dag.py:2726} INFO - Sync 1 DAGs
[2023-05-21T17:06:55.122+0530] {logging_mixin.py:149} INFO - [2023-05-21T17:06:55.122+0530] {dag.py:3486} INFO - Setting next_dagrun for example_short_circuit_decorator to 2023-05-20T11:36:55.121983+00:00, run_after=2023-05-21T11:36:55.121983+00:00
[2023-05-21T17:06:55.230+0530] {processor.py:178} INFO - Processing /home/feuer/.local/lib/python3.10/site-packages/airflow/example_dags/example_short_circuit_decorator.py took 0.154 seconds
[2023-05-21T17:08:01.035+0530] {processor.py:156} INFO - Started process (PID=57351) to work on /home/feuer/.local/lib/python3.10/site-packages/airflow/example_dags/example_short_circuit_decorator.py
[2023-05-21T17:08:01.049+0530] {processor.py:799} INFO - Processing file /home/feuer/.local/lib/python3.10/site-packages/airflow/example_dags/example_short_circuit_decorator.py for tasks to queue
[2023-05-21T17:08:01.050+0530] {logging_mixin.py:149} INFO - [2023-05-21T17:08:01.050+0530] {dagbag.py:541} INFO - Filling up the DagBag from /home/feuer/.local/lib/python3.10/site-packages/airflow/example_dags/example_short_circuit_decorator.py
[2023-05-21T17:08:01.054+0530] {processor.py:809} INFO - DAG(s) dict_keys(['example_short_circuit_decorator']) retrieved from /home/feuer/.local/lib/python3.10/site-packages/airflow/example_dags/example_short_circuit_decorator.py
[2023-05-21T17:08:01.068+0530] {logging_mixin.py:149} INFO - [2023-05-21T17:08:01.068+0530] {dag.py:2726} INFO - Sync 1 DAGs
[2023-05-21T17:08:01.079+0530] {logging_mixin.py:149} INFO - [2023-05-21T17:08:01.079+0530] {dag.py:3486} INFO - Setting next_dagrun for example_short_circuit_decorator to 2023-05-20T11:38:01.079412+00:00, run_after=2023-05-21T11:38:01.079412+00:00
[2023-05-21T17:08:01.167+0530] {processor.py:178} INFO - Processing /home/feuer/.local/lib/python3.10/site-packages/airflow/example_dags/example_short_circuit_decorator.py took 0.134 seconds
[2023-05-21T17:09:10.818+0530] {processor.py:156} INFO - Started process (PID=57564) to work on /home/feuer/.local/lib/python3.10/site-packages/airflow/example_dags/example_short_circuit_decorator.py
[2023-05-21T17:09:10.818+0530] {processor.py:799} INFO - Processing file /home/feuer/.local/lib/python3.10/site-packages/airflow/example_dags/example_short_circuit_decorator.py for tasks to queue
[2023-05-21T17:09:10.819+0530] {logging_mixin.py:149} INFO - [2023-05-21T17:09:10.819+0530] {dagbag.py:541} INFO - Filling up the DagBag from /home/feuer/.local/lib/python3.10/site-packages/airflow/example_dags/example_short_circuit_decorator.py
[2023-05-21T17:09:10.825+0530] {processor.py:809} INFO - DAG(s) dict_keys(['example_short_circuit_decorator']) retrieved from /home/feuer/.local/lib/python3.10/site-packages/airflow/example_dags/example_short_circuit_decorator.py
[2023-05-21T17:09:10.839+0530] {logging_mixin.py:149} INFO - [2023-05-21T17:09:10.839+0530] {dag.py:2726} INFO - Sync 1 DAGs
[2023-05-21T17:09:10.850+0530] {logging_mixin.py:149} INFO - [2023-05-21T17:09:10.850+0530] {dag.py:3486} INFO - Setting next_dagrun for example_short_circuit_decorator to 2023-05-20T11:39:10.850632+00:00, run_after=2023-05-21T11:39:10.850632+00:00
[2023-05-21T17:09:10.937+0530] {processor.py:178} INFO - Processing /home/feuer/.local/lib/python3.10/site-packages/airflow/example_dags/example_short_circuit_decorator.py took 0.122 seconds
[2023-05-21T17:10:17.957+0530] {processor.py:156} INFO - Started process (PID=57712) to work on /home/feuer/.local/lib/python3.10/site-packages/airflow/example_dags/example_short_circuit_decorator.py
[2023-05-21T17:10:17.958+0530] {processor.py:799} INFO - Processing file /home/feuer/.local/lib/python3.10/site-packages/airflow/example_dags/example_short_circuit_decorator.py for tasks to queue
[2023-05-21T17:10:17.958+0530] {logging_mixin.py:149} INFO - [2023-05-21T17:10:17.958+0530] {dagbag.py:541} INFO - Filling up the DagBag from /home/feuer/.local/lib/python3.10/site-packages/airflow/example_dags/example_short_circuit_decorator.py
[2023-05-21T17:10:17.965+0530] {processor.py:809} INFO - DAG(s) dict_keys(['example_short_circuit_decorator']) retrieved from /home/feuer/.local/lib/python3.10/site-packages/airflow/example_dags/example_short_circuit_decorator.py
[2023-05-21T17:10:17.980+0530] {logging_mixin.py:149} INFO - [2023-05-21T17:10:17.980+0530] {dag.py:2726} INFO - Sync 1 DAGs
[2023-05-21T17:10:17.990+0530] {logging_mixin.py:149} INFO - [2023-05-21T17:10:17.990+0530] {dag.py:3486} INFO - Setting next_dagrun for example_short_circuit_decorator to 2023-05-20T11:40:17.990710+00:00, run_after=2023-05-21T11:40:17.990710+00:00
[2023-05-21T17:10:18.075+0530] {processor.py:178} INFO - Processing /home/feuer/.local/lib/python3.10/site-packages/airflow/example_dags/example_short_circuit_decorator.py took 0.120 seconds
[2023-05-21T17:11:05.161+0530] {processor.py:156} INFO - Started process (PID=57818) to work on /home/feuer/.local/lib/python3.10/site-packages/airflow/example_dags/example_short_circuit_decorator.py
[2023-05-21T17:11:05.174+0530] {processor.py:799} INFO - Processing file /home/feuer/.local/lib/python3.10/site-packages/airflow/example_dags/example_short_circuit_decorator.py for tasks to queue
[2023-05-21T17:11:05.175+0530] {logging_mixin.py:149} INFO - [2023-05-21T17:11:05.175+0530] {dagbag.py:541} INFO - Filling up the DagBag from /home/feuer/.local/lib/python3.10/site-packages/airflow/example_dags/example_short_circuit_decorator.py
[2023-05-21T17:11:05.184+0530] {processor.py:809} INFO - DAG(s) dict_keys(['example_short_circuit_decorator']) retrieved from /home/feuer/.local/lib/python3.10/site-packages/airflow/example_dags/example_short_circuit_decorator.py
[2023-05-21T17:11:05.208+0530] {logging_mixin.py:149} INFO - [2023-05-21T17:11:05.208+0530] {dag.py:2726} INFO - Sync 1 DAGs
[2023-05-21T17:11:05.227+0530] {logging_mixin.py:149} INFO - [2023-05-21T17:11:05.227+0530] {dag.py:3486} INFO - Setting next_dagrun for example_short_circuit_decorator to 2023-05-20T11:41:05.227310+00:00, run_after=2023-05-21T11:41:05.227310+00:00
[2023-05-21T17:11:05.314+0530] {processor.py:178} INFO - Processing /home/feuer/.local/lib/python3.10/site-packages/airflow/example_dags/example_short_circuit_decorator.py took 0.155 seconds
[2023-05-21T17:11:51.843+0530] {processor.py:156} INFO - Started process (PID=57939) to work on /home/feuer/.local/lib/python3.10/site-packages/airflow/example_dags/example_short_circuit_decorator.py
[2023-05-21T17:11:51.844+0530] {processor.py:799} INFO - Processing file /home/feuer/.local/lib/python3.10/site-packages/airflow/example_dags/example_short_circuit_decorator.py for tasks to queue
[2023-05-21T17:11:51.845+0530] {logging_mixin.py:149} INFO - [2023-05-21T17:11:51.844+0530] {dagbag.py:541} INFO - Filling up the DagBag from /home/feuer/.local/lib/python3.10/site-packages/airflow/example_dags/example_short_circuit_decorator.py
[2023-05-21T17:11:51.853+0530] {processor.py:809} INFO - DAG(s) dict_keys(['example_short_circuit_decorator']) retrieved from /home/feuer/.local/lib/python3.10/site-packages/airflow/example_dags/example_short_circuit_decorator.py
[2023-05-21T17:11:51.868+0530] {logging_mixin.py:149} INFO - [2023-05-21T17:11:51.868+0530] {dag.py:2726} INFO - Sync 1 DAGs
[2023-05-21T17:11:51.880+0530] {logging_mixin.py:149} INFO - [2023-05-21T17:11:51.880+0530] {dag.py:3486} INFO - Setting next_dagrun for example_short_circuit_decorator to 2023-05-20T11:41:51.880221+00:00, run_after=2023-05-21T11:41:51.880221+00:00
[2023-05-21T17:11:51.967+0530] {processor.py:178} INFO - Processing /home/feuer/.local/lib/python3.10/site-packages/airflow/example_dags/example_short_circuit_decorator.py took 0.127 seconds
[2023-05-21T17:12:38.736+0530] {processor.py:156} INFO - Started process (PID=58050) to work on /home/feuer/.local/lib/python3.10/site-packages/airflow/example_dags/example_short_circuit_decorator.py
[2023-05-21T17:12:38.737+0530] {processor.py:799} INFO - Processing file /home/feuer/.local/lib/python3.10/site-packages/airflow/example_dags/example_short_circuit_decorator.py for tasks to queue
[2023-05-21T17:12:38.737+0530] {logging_mixin.py:149} INFO - [2023-05-21T17:12:38.737+0530] {dagbag.py:541} INFO - Filling up the DagBag from /home/feuer/.local/lib/python3.10/site-packages/airflow/example_dags/example_short_circuit_decorator.py
[2023-05-21T17:12:38.744+0530] {processor.py:809} INFO - DAG(s) dict_keys(['example_short_circuit_decorator']) retrieved from /home/feuer/.local/lib/python3.10/site-packages/airflow/example_dags/example_short_circuit_decorator.py
[2023-05-21T17:12:38.759+0530] {logging_mixin.py:149} INFO - [2023-05-21T17:12:38.758+0530] {dag.py:2726} INFO - Sync 1 DAGs
[2023-05-21T17:12:38.769+0530] {logging_mixin.py:149} INFO - [2023-05-21T17:12:38.769+0530] {dag.py:3486} INFO - Setting next_dagrun for example_short_circuit_decorator to 2023-05-20T11:42:38.769355+00:00, run_after=2023-05-21T11:42:38.769355+00:00
[2023-05-21T17:12:38.856+0530] {processor.py:178} INFO - Processing /home/feuer/.local/lib/python3.10/site-packages/airflow/example_dags/example_short_circuit_decorator.py took 0.123 seconds
[2023-05-21T17:13:42.669+0530] {processor.py:156} INFO - Started process (PID=58233) to work on /home/feuer/.local/lib/python3.10/site-packages/airflow/example_dags/example_short_circuit_decorator.py
[2023-05-21T17:13:42.669+0530] {processor.py:799} INFO - Processing file /home/feuer/.local/lib/python3.10/site-packages/airflow/example_dags/example_short_circuit_decorator.py for tasks to queue
[2023-05-21T17:13:42.670+0530] {logging_mixin.py:149} INFO - [2023-05-21T17:13:42.670+0530] {dagbag.py:541} INFO - Filling up the DagBag from /home/feuer/.local/lib/python3.10/site-packages/airflow/example_dags/example_short_circuit_decorator.py
[2023-05-21T17:13:42.678+0530] {processor.py:809} INFO - DAG(s) dict_keys(['example_short_circuit_decorator']) retrieved from /home/feuer/.local/lib/python3.10/site-packages/airflow/example_dags/example_short_circuit_decorator.py
[2023-05-21T17:13:42.693+0530] {logging_mixin.py:149} INFO - [2023-05-21T17:13:42.692+0530] {dag.py:2726} INFO - Sync 1 DAGs
[2023-05-21T17:13:42.703+0530] {logging_mixin.py:149} INFO - [2023-05-21T17:13:42.703+0530] {dag.py:3486} INFO - Setting next_dagrun for example_short_circuit_decorator to 2023-05-20T11:43:42.703309+00:00, run_after=2023-05-21T11:43:42.703309+00:00
[2023-05-21T17:13:42.785+0530] {processor.py:178} INFO - Processing /home/feuer/.local/lib/python3.10/site-packages/airflow/example_dags/example_short_circuit_decorator.py took 0.119 seconds
[2023-05-21T17:14:52.494+0530] {processor.py:156} INFO - Started process (PID=58394) to work on /home/feuer/.local/lib/python3.10/site-packages/airflow/example_dags/example_short_circuit_decorator.py
[2023-05-21T17:14:52.495+0530] {processor.py:799} INFO - Processing file /home/feuer/.local/lib/python3.10/site-packages/airflow/example_dags/example_short_circuit_decorator.py for tasks to queue
[2023-05-21T17:14:52.495+0530] {logging_mixin.py:149} INFO - [2023-05-21T17:14:52.495+0530] {dagbag.py:541} INFO - Filling up the DagBag from /home/feuer/.local/lib/python3.10/site-packages/airflow/example_dags/example_short_circuit_decorator.py
[2023-05-21T17:14:52.502+0530] {processor.py:809} INFO - DAG(s) dict_keys(['example_short_circuit_decorator']) retrieved from /home/feuer/.local/lib/python3.10/site-packages/airflow/example_dags/example_short_circuit_decorator.py
[2023-05-21T17:14:52.516+0530] {logging_mixin.py:149} INFO - [2023-05-21T17:14:52.516+0530] {dag.py:2726} INFO - Sync 1 DAGs
[2023-05-21T17:14:52.527+0530] {logging_mixin.py:149} INFO - [2023-05-21T17:14:52.527+0530] {dag.py:3486} INFO - Setting next_dagrun for example_short_circuit_decorator to 2023-05-20T11:44:52.526924+00:00, run_after=2023-05-21T11:44:52.526924+00:00
[2023-05-21T17:14:52.614+0530] {processor.py:178} INFO - Processing /home/feuer/.local/lib/python3.10/site-packages/airflow/example_dags/example_short_circuit_decorator.py took 0.123 seconds
[2023-05-21T17:15:42.110+0530] {processor.py:156} INFO - Started process (PID=58510) to work on /home/feuer/.local/lib/python3.10/site-packages/airflow/example_dags/example_short_circuit_decorator.py
[2023-05-21T17:15:42.118+0530] {processor.py:799} INFO - Processing file /home/feuer/.local/lib/python3.10/site-packages/airflow/example_dags/example_short_circuit_decorator.py for tasks to queue
[2023-05-21T17:15:42.119+0530] {logging_mixin.py:149} INFO - [2023-05-21T17:15:42.118+0530] {dagbag.py:541} INFO - Filling up the DagBag from /home/feuer/.local/lib/python3.10/site-packages/airflow/example_dags/example_short_circuit_decorator.py
[2023-05-21T17:15:42.127+0530] {processor.py:809} INFO - DAG(s) dict_keys(['example_short_circuit_decorator']) retrieved from /home/feuer/.local/lib/python3.10/site-packages/airflow/example_dags/example_short_circuit_decorator.py
[2023-05-21T17:15:42.150+0530] {logging_mixin.py:149} INFO - [2023-05-21T17:15:42.149+0530] {dag.py:2726} INFO - Sync 1 DAGs
[2023-05-21T17:15:42.168+0530] {logging_mixin.py:149} INFO - [2023-05-21T17:15:42.168+0530] {dag.py:3486} INFO - Setting next_dagrun for example_short_circuit_decorator to 2023-05-20T11:45:42.168209+00:00, run_after=2023-05-21T11:45:42.168209+00:00
[2023-05-21T17:15:42.265+0530] {processor.py:178} INFO - Processing /home/feuer/.local/lib/python3.10/site-packages/airflow/example_dags/example_short_circuit_decorator.py took 0.158 seconds
[2023-05-21T17:16:30.093+0530] {processor.py:156} INFO - Started process (PID=58618) to work on /home/feuer/.local/lib/python3.10/site-packages/airflow/example_dags/example_short_circuit_decorator.py
[2023-05-21T17:16:30.094+0530] {processor.py:799} INFO - Processing file /home/feuer/.local/lib/python3.10/site-packages/airflow/example_dags/example_short_circuit_decorator.py for tasks to queue
[2023-05-21T17:16:30.095+0530] {logging_mixin.py:149} INFO - [2023-05-21T17:16:30.094+0530] {dagbag.py:541} INFO - Filling up the DagBag from /home/feuer/.local/lib/python3.10/site-packages/airflow/example_dags/example_short_circuit_decorator.py
[2023-05-21T17:16:30.103+0530] {processor.py:809} INFO - DAG(s) dict_keys(['example_short_circuit_decorator']) retrieved from /home/feuer/.local/lib/python3.10/site-packages/airflow/example_dags/example_short_circuit_decorator.py
[2023-05-21T17:16:30.126+0530] {logging_mixin.py:149} INFO - [2023-05-21T17:16:30.126+0530] {dag.py:2726} INFO - Sync 1 DAGs
[2023-05-21T17:16:30.147+0530] {logging_mixin.py:149} INFO - [2023-05-21T17:16:30.147+0530] {dag.py:3486} INFO - Setting next_dagrun for example_short_circuit_decorator to 2023-05-20T11:46:30.147218+00:00, run_after=2023-05-21T11:46:30.147218+00:00
[2023-05-21T17:16:30.234+0530] {processor.py:178} INFO - Processing /home/feuer/.local/lib/python3.10/site-packages/airflow/example_dags/example_short_circuit_decorator.py took 0.144 seconds
[2023-05-21T17:17:40.533+0530] {processor.py:156} INFO - Started process (PID=58801) to work on /home/feuer/.local/lib/python3.10/site-packages/airflow/example_dags/example_short_circuit_decorator.py
[2023-05-21T17:17:40.538+0530] {processor.py:799} INFO - Processing file /home/feuer/.local/lib/python3.10/site-packages/airflow/example_dags/example_short_circuit_decorator.py for tasks to queue
[2023-05-21T17:17:40.539+0530] {logging_mixin.py:149} INFO - [2023-05-21T17:17:40.539+0530] {dagbag.py:541} INFO - Filling up the DagBag from /home/feuer/.local/lib/python3.10/site-packages/airflow/example_dags/example_short_circuit_decorator.py
[2023-05-21T17:17:40.547+0530] {processor.py:809} INFO - DAG(s) dict_keys(['example_short_circuit_decorator']) retrieved from /home/feuer/.local/lib/python3.10/site-packages/airflow/example_dags/example_short_circuit_decorator.py
[2023-05-21T17:17:40.569+0530] {logging_mixin.py:149} INFO - [2023-05-21T17:17:40.569+0530] {dag.py:2726} INFO - Sync 1 DAGs
[2023-05-21T17:17:40.586+0530] {logging_mixin.py:149} INFO - [2023-05-21T17:17:40.586+0530] {dag.py:3486} INFO - Setting next_dagrun for example_short_circuit_decorator to 2023-05-20T11:47:40.586692+00:00, run_after=2023-05-21T11:47:40.586692+00:00
[2023-05-21T17:17:40.660+0530] {processor.py:178} INFO - Processing /home/feuer/.local/lib/python3.10/site-packages/airflow/example_dags/example_short_circuit_decorator.py took 0.130 seconds
[2023-05-21T17:18:48.514+0530] {processor.py:156} INFO - Started process (PID=58954) to work on /home/feuer/.local/lib/python3.10/site-packages/airflow/example_dags/example_short_circuit_decorator.py
[2023-05-21T17:18:48.525+0530] {processor.py:799} INFO - Processing file /home/feuer/.local/lib/python3.10/site-packages/airflow/example_dags/example_short_circuit_decorator.py for tasks to queue
[2023-05-21T17:18:48.526+0530] {logging_mixin.py:149} INFO - [2023-05-21T17:18:48.526+0530] {dagbag.py:541} INFO - Filling up the DagBag from /home/feuer/.local/lib/python3.10/site-packages/airflow/example_dags/example_short_circuit_decorator.py
[2023-05-21T17:18:48.534+0530] {processor.py:809} INFO - DAG(s) dict_keys(['example_short_circuit_decorator']) retrieved from /home/feuer/.local/lib/python3.10/site-packages/airflow/example_dags/example_short_circuit_decorator.py
[2023-05-21T17:18:48.557+0530] {logging_mixin.py:149} INFO - [2023-05-21T17:18:48.557+0530] {dag.py:2726} INFO - Sync 1 DAGs
[2023-05-21T17:18:48.575+0530] {logging_mixin.py:149} INFO - [2023-05-21T17:18:48.575+0530] {dag.py:3486} INFO - Setting next_dagrun for example_short_circuit_decorator to 2023-05-20T11:48:48.575288+00:00, run_after=2023-05-21T11:48:48.575288+00:00
[2023-05-21T17:18:48.665+0530] {processor.py:178} INFO - Processing /home/feuer/.local/lib/python3.10/site-packages/airflow/example_dags/example_short_circuit_decorator.py took 0.153 seconds
[2023-05-21T17:19:57.668+0530] {processor.py:156} INFO - Started process (PID=59141) to work on /home/feuer/.local/lib/python3.10/site-packages/airflow/example_dags/example_short_circuit_decorator.py
[2023-05-21T17:19:57.669+0530] {processor.py:799} INFO - Processing file /home/feuer/.local/lib/python3.10/site-packages/airflow/example_dags/example_short_circuit_decorator.py for tasks to queue
[2023-05-21T17:19:57.669+0530] {logging_mixin.py:149} INFO - [2023-05-21T17:19:57.669+0530] {dagbag.py:541} INFO - Filling up the DagBag from /home/feuer/.local/lib/python3.10/site-packages/airflow/example_dags/example_short_circuit_decorator.py
[2023-05-21T17:19:57.677+0530] {processor.py:809} INFO - DAG(s) dict_keys(['example_short_circuit_decorator']) retrieved from /home/feuer/.local/lib/python3.10/site-packages/airflow/example_dags/example_short_circuit_decorator.py
[2023-05-21T17:19:57.700+0530] {logging_mixin.py:149} INFO - [2023-05-21T17:19:57.700+0530] {dag.py:2726} INFO - Sync 1 DAGs
[2023-05-21T17:19:57.715+0530] {logging_mixin.py:149} INFO - [2023-05-21T17:19:57.715+0530] {dag.py:3486} INFO - Setting next_dagrun for example_short_circuit_decorator to 2023-05-20T11:49:57.715341+00:00, run_after=2023-05-21T11:49:57.715341+00:00
[2023-05-21T17:19:57.811+0530] {processor.py:178} INFO - Processing /home/feuer/.local/lib/python3.10/site-packages/airflow/example_dags/example_short_circuit_decorator.py took 0.146 seconds
[2023-05-21T17:20:50.372+0530] {processor.py:156} INFO - Started process (PID=59376) to work on /home/feuer/.local/lib/python3.10/site-packages/airflow/example_dags/example_short_circuit_decorator.py
[2023-05-21T17:20:52.388+0530] {processor.py:799} INFO - Processing file /home/feuer/.local/lib/python3.10/site-packages/airflow/example_dags/example_short_circuit_decorator.py for tasks to queue
[2023-05-21T17:20:52.389+0530] {logging_mixin.py:149} INFO - [2023-05-21T17:20:52.389+0530] {dagbag.py:541} INFO - Filling up the DagBag from /home/feuer/.local/lib/python3.10/site-packages/airflow/example_dags/example_short_circuit_decorator.py
[2023-05-21T17:20:52.397+0530] {processor.py:809} INFO - DAG(s) dict_keys(['example_short_circuit_decorator']) retrieved from /home/feuer/.local/lib/python3.10/site-packages/airflow/example_dags/example_short_circuit_decorator.py
[2023-05-21T17:20:52.421+0530] {logging_mixin.py:149} INFO - [2023-05-21T17:20:52.421+0530] {dag.py:2726} INFO - Sync 1 DAGs
[2023-05-21T17:20:52.441+0530] {logging_mixin.py:149} INFO - [2023-05-21T17:20:52.441+0530] {dag.py:3486} INFO - Setting next_dagrun for example_short_circuit_decorator to 2023-05-20T11:50:52.441178+00:00, run_after=2023-05-21T11:50:52.441178+00:00
[2023-05-21T17:20:54.088+0530] {processor.py:178} INFO - Processing /home/feuer/.local/lib/python3.10/site-packages/airflow/example_dags/example_short_circuit_decorator.py took 3.719 seconds
