[2023-05-21T19:39:44.168+0530] {processor.py:156} INFO - Started process (PID=23810) to work on /home/feuer/.local/lib/python3.10/site-packages/airflow/example_dags/example_time_delta_sensor_async.py
[2023-05-21T19:39:44.168+0530] {processor.py:799} INFO - Processing file /home/feuer/.local/lib/python3.10/site-packages/airflow/example_dags/example_time_delta_sensor_async.py for tasks to queue
[2023-05-21T19:39:44.169+0530] {logging_mixin.py:149} INFO - [2023-05-21T19:39:44.169+0530] {dagbag.py:541} INFO - Filling up the DagBag from /home/feuer/.local/lib/python3.10/site-packages/airflow/example_dags/example_time_delta_sensor_async.py
[2023-05-21T19:39:44.174+0530] {processor.py:809} INFO - DAG(s) dict_keys(['example_time_delta_sensor_async']) retrieved from /home/feuer/.local/lib/python3.10/site-packages/airflow/example_dags/example_time_delta_sensor_async.py
[2023-05-21T19:39:44.193+0530] {logging_mixin.py:149} INFO - [2023-05-21T19:39:44.192+0530] {dag.py:2726} INFO - Sync 1 DAGs
[2023-05-21T19:39:44.211+0530] {logging_mixin.py:149} INFO - [2023-05-21T19:39:44.211+0530] {dag.py:3486} INFO - Setting next_dagrun for example_time_delta_sensor_async to None, run_after=None
[2023-05-21T19:39:44.412+0530] {processor.py:178} INFO - Processing /home/feuer/.local/lib/python3.10/site-packages/airflow/example_dags/example_time_delta_sensor_async.py took 0.247 seconds
[2023-05-21T19:40:45.609+0530] {processor.py:156} INFO - Started process (PID=24045) to work on /home/feuer/.local/lib/python3.10/site-packages/airflow/example_dags/example_time_delta_sensor_async.py
[2023-05-21T19:40:45.610+0530] {processor.py:799} INFO - Processing file /home/feuer/.local/lib/python3.10/site-packages/airflow/example_dags/example_time_delta_sensor_async.py for tasks to queue
[2023-05-21T19:40:45.611+0530] {logging_mixin.py:149} INFO - [2023-05-21T19:40:45.610+0530] {dagbag.py:541} INFO - Filling up the DagBag from /home/feuer/.local/lib/python3.10/site-packages/airflow/example_dags/example_time_delta_sensor_async.py
[2023-05-21T19:40:45.615+0530] {processor.py:809} INFO - DAG(s) dict_keys(['example_time_delta_sensor_async']) retrieved from /home/feuer/.local/lib/python3.10/site-packages/airflow/example_dags/example_time_delta_sensor_async.py
[2023-05-21T19:40:45.634+0530] {logging_mixin.py:149} INFO - [2023-05-21T19:40:45.633+0530] {dag.py:2726} INFO - Sync 1 DAGs
[2023-05-21T19:40:45.645+0530] {logging_mixin.py:149} INFO - [2023-05-21T19:40:45.644+0530] {dag.py:3486} INFO - Setting next_dagrun for example_time_delta_sensor_async to None, run_after=None
[2023-05-21T19:40:45.723+0530] {processor.py:178} INFO - Processing /home/feuer/.local/lib/python3.10/site-packages/airflow/example_dags/example_time_delta_sensor_async.py took 0.116 seconds
[2023-05-21T19:42:17.651+0530] {processor.py:156} INFO - Started process (PID=24495) to work on /home/feuer/.local/lib/python3.10/site-packages/airflow/example_dags/example_time_delta_sensor_async.py
[2023-05-21T19:42:17.651+0530] {processor.py:799} INFO - Processing file /home/feuer/.local/lib/python3.10/site-packages/airflow/example_dags/example_time_delta_sensor_async.py for tasks to queue
[2023-05-21T19:42:17.652+0530] {logging_mixin.py:149} INFO - [2023-05-21T19:42:17.652+0530] {dagbag.py:541} INFO - Filling up the DagBag from /home/feuer/.local/lib/python3.10/site-packages/airflow/example_dags/example_time_delta_sensor_async.py
[2023-05-21T19:42:17.655+0530] {processor.py:809} INFO - DAG(s) dict_keys(['example_time_delta_sensor_async']) retrieved from /home/feuer/.local/lib/python3.10/site-packages/airflow/example_dags/example_time_delta_sensor_async.py
[2023-05-21T19:42:17.666+0530] {logging_mixin.py:149} INFO - [2023-05-21T19:42:17.666+0530] {dag.py:2726} INFO - Sync 1 DAGs
[2023-05-21T19:42:17.677+0530] {logging_mixin.py:149} INFO - [2023-05-21T19:42:17.677+0530] {dag.py:3486} INFO - Setting next_dagrun for example_time_delta_sensor_async to None, run_after=None
[2023-05-21T19:42:17.758+0530] {processor.py:178} INFO - Processing /home/feuer/.local/lib/python3.10/site-packages/airflow/example_dags/example_time_delta_sensor_async.py took 0.109 seconds
[2023-05-21T19:43:15.295+0530] {processor.py:156} INFO - Started process (PID=24713) to work on /home/feuer/.local/lib/python3.10/site-packages/airflow/example_dags/example_time_delta_sensor_async.py
[2023-05-21T19:43:15.296+0530] {processor.py:799} INFO - Processing file /home/feuer/.local/lib/python3.10/site-packages/airflow/example_dags/example_time_delta_sensor_async.py for tasks to queue
[2023-05-21T19:43:15.297+0530] {logging_mixin.py:149} INFO - [2023-05-21T19:43:15.296+0530] {dagbag.py:541} INFO - Filling up the DagBag from /home/feuer/.local/lib/python3.10/site-packages/airflow/example_dags/example_time_delta_sensor_async.py
[2023-05-21T19:43:15.300+0530] {processor.py:809} INFO - DAG(s) dict_keys(['example_time_delta_sensor_async']) retrieved from /home/feuer/.local/lib/python3.10/site-packages/airflow/example_dags/example_time_delta_sensor_async.py
[2023-05-21T19:43:15.313+0530] {logging_mixin.py:149} INFO - [2023-05-21T19:43:15.313+0530] {dag.py:2726} INFO - Sync 1 DAGs
[2023-05-21T19:43:15.326+0530] {logging_mixin.py:149} INFO - [2023-05-21T19:43:15.326+0530] {dag.py:3486} INFO - Setting next_dagrun for example_time_delta_sensor_async to None, run_after=None
[2023-05-21T19:43:15.402+0530] {processor.py:178} INFO - Processing /home/feuer/.local/lib/python3.10/site-packages/airflow/example_dags/example_time_delta_sensor_async.py took 0.108 seconds
[2023-05-21T19:44:08.090+0530] {processor.py:156} INFO - Started process (PID=24849) to work on /home/feuer/.local/lib/python3.10/site-packages/airflow/example_dags/example_time_delta_sensor_async.py
[2023-05-21T19:44:08.091+0530] {processor.py:799} INFO - Processing file /home/feuer/.local/lib/python3.10/site-packages/airflow/example_dags/example_time_delta_sensor_async.py for tasks to queue
[2023-05-21T19:44:08.092+0530] {logging_mixin.py:149} INFO - [2023-05-21T19:44:08.091+0530] {dagbag.py:541} INFO - Filling up the DagBag from /home/feuer/.local/lib/python3.10/site-packages/airflow/example_dags/example_time_delta_sensor_async.py
[2023-05-21T19:44:08.097+0530] {processor.py:809} INFO - DAG(s) dict_keys(['example_time_delta_sensor_async']) retrieved from /home/feuer/.local/lib/python3.10/site-packages/airflow/example_dags/example_time_delta_sensor_async.py
[2023-05-21T19:44:08.116+0530] {logging_mixin.py:149} INFO - [2023-05-21T19:44:08.116+0530] {dag.py:2726} INFO - Sync 1 DAGs
[2023-05-21T19:44:08.134+0530] {logging_mixin.py:149} INFO - [2023-05-21T19:44:08.133+0530] {dag.py:3486} INFO - Setting next_dagrun for example_time_delta_sensor_async to None, run_after=None
[2023-05-21T19:44:08.231+0530] {processor.py:178} INFO - Processing /home/feuer/.local/lib/python3.10/site-packages/airflow/example_dags/example_time_delta_sensor_async.py took 0.144 seconds
[2023-05-21T19:45:01.857+0530] {processor.py:156} INFO - Started process (PID=24992) to work on /home/feuer/.local/lib/python3.10/site-packages/airflow/example_dags/example_time_delta_sensor_async.py
[2023-05-21T19:45:01.858+0530] {processor.py:799} INFO - Processing file /home/feuer/.local/lib/python3.10/site-packages/airflow/example_dags/example_time_delta_sensor_async.py for tasks to queue
[2023-05-21T19:45:01.858+0530] {logging_mixin.py:149} INFO - [2023-05-21T19:45:01.858+0530] {dagbag.py:541} INFO - Filling up the DagBag from /home/feuer/.local/lib/python3.10/site-packages/airflow/example_dags/example_time_delta_sensor_async.py
[2023-05-21T19:45:01.863+0530] {processor.py:809} INFO - DAG(s) dict_keys(['example_time_delta_sensor_async']) retrieved from /home/feuer/.local/lib/python3.10/site-packages/airflow/example_dags/example_time_delta_sensor_async.py
[2023-05-21T19:45:01.889+0530] {logging_mixin.py:149} INFO - [2023-05-21T19:45:01.889+0530] {dag.py:2726} INFO - Sync 1 DAGs
[2023-05-21T19:45:01.904+0530] {logging_mixin.py:149} INFO - [2023-05-21T19:45:01.904+0530] {dag.py:3486} INFO - Setting next_dagrun for example_time_delta_sensor_async to None, run_after=None
[2023-05-21T19:45:01.970+0530] {processor.py:178} INFO - Processing /home/feuer/.local/lib/python3.10/site-packages/airflow/example_dags/example_time_delta_sensor_async.py took 0.117 seconds
[2023-05-21T19:45:56.473+0530] {processor.py:156} INFO - Started process (PID=25106) to work on /home/feuer/.local/lib/python3.10/site-packages/airflow/example_dags/example_time_delta_sensor_async.py
[2023-05-21T19:45:56.487+0530] {processor.py:799} INFO - Processing file /home/feuer/.local/lib/python3.10/site-packages/airflow/example_dags/example_time_delta_sensor_async.py for tasks to queue
[2023-05-21T19:45:56.488+0530] {logging_mixin.py:149} INFO - [2023-05-21T19:45:56.488+0530] {dagbag.py:541} INFO - Filling up the DagBag from /home/feuer/.local/lib/python3.10/site-packages/airflow/example_dags/example_time_delta_sensor_async.py
[2023-05-21T19:45:56.491+0530] {processor.py:809} INFO - DAG(s) dict_keys(['example_time_delta_sensor_async']) retrieved from /home/feuer/.local/lib/python3.10/site-packages/airflow/example_dags/example_time_delta_sensor_async.py
[2023-05-21T19:45:56.502+0530] {logging_mixin.py:149} INFO - [2023-05-21T19:45:56.502+0530] {dag.py:2726} INFO - Sync 1 DAGs
[2023-05-21T19:45:56.513+0530] {logging_mixin.py:149} INFO - [2023-05-21T19:45:56.513+0530] {dag.py:3486} INFO - Setting next_dagrun for example_time_delta_sensor_async to None, run_after=None
[2023-05-21T19:45:56.611+0530] {processor.py:178} INFO - Processing /home/feuer/.local/lib/python3.10/site-packages/airflow/example_dags/example_time_delta_sensor_async.py took 0.141 seconds
[2023-05-21T19:46:49.154+0530] {processor.py:156} INFO - Started process (PID=25214) to work on /home/feuer/.local/lib/python3.10/site-packages/airflow/example_dags/example_time_delta_sensor_async.py
[2023-05-21T19:46:49.168+0530] {processor.py:799} INFO - Processing file /home/feuer/.local/lib/python3.10/site-packages/airflow/example_dags/example_time_delta_sensor_async.py for tasks to queue
[2023-05-21T19:46:49.168+0530] {logging_mixin.py:149} INFO - [2023-05-21T19:46:49.168+0530] {dagbag.py:541} INFO - Filling up the DagBag from /home/feuer/.local/lib/python3.10/site-packages/airflow/example_dags/example_time_delta_sensor_async.py
[2023-05-21T19:46:49.172+0530] {processor.py:809} INFO - DAG(s) dict_keys(['example_time_delta_sensor_async']) retrieved from /home/feuer/.local/lib/python3.10/site-packages/airflow/example_dags/example_time_delta_sensor_async.py
[2023-05-21T19:46:49.183+0530] {logging_mixin.py:149} INFO - [2023-05-21T19:46:49.183+0530] {dag.py:2726} INFO - Sync 1 DAGs
[2023-05-21T19:46:49.194+0530] {logging_mixin.py:149} INFO - [2023-05-21T19:46:49.194+0530] {dag.py:3486} INFO - Setting next_dagrun for example_time_delta_sensor_async to None, run_after=None
[2023-05-21T19:46:49.314+0530] {processor.py:178} INFO - Processing /home/feuer/.local/lib/python3.10/site-packages/airflow/example_dags/example_time_delta_sensor_async.py took 0.162 seconds
[2023-05-21T19:47:42.679+0530] {processor.py:156} INFO - Started process (PID=25334) to work on /home/feuer/.local/lib/python3.10/site-packages/airflow/example_dags/example_time_delta_sensor_async.py
[2023-05-21T19:47:42.690+0530] {processor.py:799} INFO - Processing file /home/feuer/.local/lib/python3.10/site-packages/airflow/example_dags/example_time_delta_sensor_async.py for tasks to queue
[2023-05-21T19:47:42.691+0530] {logging_mixin.py:149} INFO - [2023-05-21T19:47:42.691+0530] {dagbag.py:541} INFO - Filling up the DagBag from /home/feuer/.local/lib/python3.10/site-packages/airflow/example_dags/example_time_delta_sensor_async.py
[2023-05-21T19:47:42.696+0530] {processor.py:809} INFO - DAG(s) dict_keys(['example_time_delta_sensor_async']) retrieved from /home/feuer/.local/lib/python3.10/site-packages/airflow/example_dags/example_time_delta_sensor_async.py
[2023-05-21T19:47:42.715+0530] {logging_mixin.py:149} INFO - [2023-05-21T19:47:42.715+0530] {dag.py:2726} INFO - Sync 1 DAGs
[2023-05-21T19:47:42.734+0530] {logging_mixin.py:149} INFO - [2023-05-21T19:47:42.734+0530] {dag.py:3486} INFO - Setting next_dagrun for example_time_delta_sensor_async to None, run_after=None
[2023-05-21T19:47:42.817+0530] {processor.py:178} INFO - Processing /home/feuer/.local/lib/python3.10/site-packages/airflow/example_dags/example_time_delta_sensor_async.py took 0.141 seconds
[2023-05-21T19:48:34.859+0530] {processor.py:156} INFO - Started process (PID=25440) to work on /home/feuer/.local/lib/python3.10/site-packages/airflow/example_dags/example_time_delta_sensor_async.py
[2023-05-21T19:48:34.874+0530] {processor.py:799} INFO - Processing file /home/feuer/.local/lib/python3.10/site-packages/airflow/example_dags/example_time_delta_sensor_async.py for tasks to queue
[2023-05-21T19:48:34.874+0530] {logging_mixin.py:149} INFO - [2023-05-21T19:48:34.874+0530] {dagbag.py:541} INFO - Filling up the DagBag from /home/feuer/.local/lib/python3.10/site-packages/airflow/example_dags/example_time_delta_sensor_async.py
[2023-05-21T19:48:34.877+0530] {processor.py:809} INFO - DAG(s) dict_keys(['example_time_delta_sensor_async']) retrieved from /home/feuer/.local/lib/python3.10/site-packages/airflow/example_dags/example_time_delta_sensor_async.py
[2023-05-21T19:48:34.888+0530] {logging_mixin.py:149} INFO - [2023-05-21T19:48:34.888+0530] {dag.py:2726} INFO - Sync 1 DAGs
[2023-05-21T19:48:34.901+0530] {logging_mixin.py:149} INFO - [2023-05-21T19:48:34.900+0530] {dag.py:3486} INFO - Setting next_dagrun for example_time_delta_sensor_async to None, run_after=None
[2023-05-21T19:48:34.985+0530] {processor.py:178} INFO - Processing /home/feuer/.local/lib/python3.10/site-packages/airflow/example_dags/example_time_delta_sensor_async.py took 0.128 seconds
[2023-05-21T19:49:28.064+0530] {processor.py:156} INFO - Started process (PID=25560) to work on /home/feuer/.local/lib/python3.10/site-packages/airflow/example_dags/example_time_delta_sensor_async.py
[2023-05-21T19:49:28.065+0530] {processor.py:799} INFO - Processing file /home/feuer/.local/lib/python3.10/site-packages/airflow/example_dags/example_time_delta_sensor_async.py for tasks to queue
[2023-05-21T19:49:28.066+0530] {logging_mixin.py:149} INFO - [2023-05-21T19:49:28.065+0530] {dagbag.py:541} INFO - Filling up the DagBag from /home/feuer/.local/lib/python3.10/site-packages/airflow/example_dags/example_time_delta_sensor_async.py
[2023-05-21T19:49:28.070+0530] {processor.py:809} INFO - DAG(s) dict_keys(['example_time_delta_sensor_async']) retrieved from /home/feuer/.local/lib/python3.10/site-packages/airflow/example_dags/example_time_delta_sensor_async.py
[2023-05-21T19:49:28.090+0530] {logging_mixin.py:149} INFO - [2023-05-21T19:49:28.089+0530] {dag.py:2726} INFO - Sync 1 DAGs
[2023-05-21T19:49:28.108+0530] {logging_mixin.py:149} INFO - [2023-05-21T19:49:28.108+0530] {dag.py:3486} INFO - Setting next_dagrun for example_time_delta_sensor_async to None, run_after=None
[2023-05-21T19:49:28.187+0530] {processor.py:178} INFO - Processing /home/feuer/.local/lib/python3.10/site-packages/airflow/example_dags/example_time_delta_sensor_async.py took 0.126 seconds
[2023-05-21T19:50:20.220+0530] {processor.py:156} INFO - Started process (PID=25715) to work on /home/feuer/.local/lib/python3.10/site-packages/airflow/example_dags/example_time_delta_sensor_async.py
[2023-05-21T19:50:20.221+0530] {processor.py:799} INFO - Processing file /home/feuer/.local/lib/python3.10/site-packages/airflow/example_dags/example_time_delta_sensor_async.py for tasks to queue
[2023-05-21T19:50:20.221+0530] {logging_mixin.py:149} INFO - [2023-05-21T19:50:20.221+0530] {dagbag.py:541} INFO - Filling up the DagBag from /home/feuer/.local/lib/python3.10/site-packages/airflow/example_dags/example_time_delta_sensor_async.py
[2023-05-21T19:50:20.226+0530] {processor.py:809} INFO - DAG(s) dict_keys(['example_time_delta_sensor_async']) retrieved from /home/feuer/.local/lib/python3.10/site-packages/airflow/example_dags/example_time_delta_sensor_async.py
[2023-05-21T19:50:20.246+0530] {logging_mixin.py:149} INFO - [2023-05-21T19:50:20.246+0530] {dag.py:2726} INFO - Sync 1 DAGs
[2023-05-21T19:50:20.264+0530] {logging_mixin.py:149} INFO - [2023-05-21T19:50:20.264+0530] {dag.py:3486} INFO - Setting next_dagrun for example_time_delta_sensor_async to None, run_after=None
[2023-05-21T19:50:20.342+0530] {processor.py:178} INFO - Processing /home/feuer/.local/lib/python3.10/site-packages/airflow/example_dags/example_time_delta_sensor_async.py took 0.125 seconds
[2023-05-21T19:51:11.866+0530] {processor.py:156} INFO - Started process (PID=25845) to work on /home/feuer/.local/lib/python3.10/site-packages/airflow/example_dags/example_time_delta_sensor_async.py
[2023-05-21T19:51:11.867+0530] {processor.py:799} INFO - Processing file /home/feuer/.local/lib/python3.10/site-packages/airflow/example_dags/example_time_delta_sensor_async.py for tasks to queue
[2023-05-21T19:51:11.868+0530] {logging_mixin.py:149} INFO - [2023-05-21T19:51:11.867+0530] {dagbag.py:541} INFO - Filling up the DagBag from /home/feuer/.local/lib/python3.10/site-packages/airflow/example_dags/example_time_delta_sensor_async.py
[2023-05-21T19:51:11.873+0530] {processor.py:809} INFO - DAG(s) dict_keys(['example_time_delta_sensor_async']) retrieved from /home/feuer/.local/lib/python3.10/site-packages/airflow/example_dags/example_time_delta_sensor_async.py
[2023-05-21T19:51:11.891+0530] {logging_mixin.py:149} INFO - [2023-05-21T19:51:11.891+0530] {dag.py:2726} INFO - Sync 1 DAGs
[2023-05-21T19:51:11.909+0530] {logging_mixin.py:149} INFO - [2023-05-21T19:51:11.909+0530] {dag.py:3486} INFO - Setting next_dagrun for example_time_delta_sensor_async to None, run_after=None
[2023-05-21T19:51:11.989+0530] {processor.py:178} INFO - Processing /home/feuer/.local/lib/python3.10/site-packages/airflow/example_dags/example_time_delta_sensor_async.py took 0.125 seconds
[2023-05-21T19:52:04.185+0530] {processor.py:156} INFO - Started process (PID=25954) to work on /home/feuer/.local/lib/python3.10/site-packages/airflow/example_dags/example_time_delta_sensor_async.py
[2023-05-21T19:52:04.186+0530] {processor.py:799} INFO - Processing file /home/feuer/.local/lib/python3.10/site-packages/airflow/example_dags/example_time_delta_sensor_async.py for tasks to queue
[2023-05-21T19:52:04.187+0530] {logging_mixin.py:149} INFO - [2023-05-21T19:52:04.187+0530] {dagbag.py:541} INFO - Filling up the DagBag from /home/feuer/.local/lib/python3.10/site-packages/airflow/example_dags/example_time_delta_sensor_async.py
[2023-05-21T19:52:04.191+0530] {processor.py:809} INFO - DAG(s) dict_keys(['example_time_delta_sensor_async']) retrieved from /home/feuer/.local/lib/python3.10/site-packages/airflow/example_dags/example_time_delta_sensor_async.py
[2023-05-21T19:52:04.210+0530] {logging_mixin.py:149} INFO - [2023-05-21T19:52:04.210+0530] {dag.py:2726} INFO - Sync 1 DAGs
[2023-05-21T19:52:04.228+0530] {logging_mixin.py:149} INFO - [2023-05-21T19:52:04.228+0530] {dag.py:3486} INFO - Setting next_dagrun for example_time_delta_sensor_async to None, run_after=None
[2023-05-21T19:52:04.307+0530] {processor.py:178} INFO - Processing /home/feuer/.local/lib/python3.10/site-packages/airflow/example_dags/example_time_delta_sensor_async.py took 0.125 seconds
[2023-05-21T19:52:52.712+0530] {processor.py:156} INFO - Started process (PID=26068) to work on /home/feuer/.local/lib/python3.10/site-packages/airflow/example_dags/example_time_delta_sensor_async.py
[2023-05-21T19:52:52.713+0530] {processor.py:799} INFO - Processing file /home/feuer/.local/lib/python3.10/site-packages/airflow/example_dags/example_time_delta_sensor_async.py for tasks to queue
[2023-05-21T19:52:52.714+0530] {logging_mixin.py:149} INFO - [2023-05-21T19:52:52.713+0530] {dagbag.py:541} INFO - Filling up the DagBag from /home/feuer/.local/lib/python3.10/site-packages/airflow/example_dags/example_time_delta_sensor_async.py
[2023-05-21T19:52:52.717+0530] {processor.py:809} INFO - DAG(s) dict_keys(['example_time_delta_sensor_async']) retrieved from /home/feuer/.local/lib/python3.10/site-packages/airflow/example_dags/example_time_delta_sensor_async.py
[2023-05-21T19:52:52.733+0530] {logging_mixin.py:149} INFO - [2023-05-21T19:52:52.733+0530] {dag.py:2726} INFO - Sync 1 DAGs
[2023-05-21T19:52:52.744+0530] {logging_mixin.py:149} INFO - [2023-05-21T19:52:52.744+0530] {dag.py:3486} INFO - Setting next_dagrun for example_time_delta_sensor_async to None, run_after=None
[2023-05-21T19:52:52.828+0530] {processor.py:178} INFO - Processing /home/feuer/.local/lib/python3.10/site-packages/airflow/example_dags/example_time_delta_sensor_async.py took 0.119 seconds
[2023-05-21T19:53:42.226+0530] {processor.py:156} INFO - Started process (PID=26213) to work on /home/feuer/.local/lib/python3.10/site-packages/airflow/example_dags/example_time_delta_sensor_async.py
[2023-05-21T19:53:42.226+0530] {processor.py:799} INFO - Processing file /home/feuer/.local/lib/python3.10/site-packages/airflow/example_dags/example_time_delta_sensor_async.py for tasks to queue
[2023-05-21T19:53:42.227+0530] {logging_mixin.py:149} INFO - [2023-05-21T19:53:42.227+0530] {dagbag.py:541} INFO - Filling up the DagBag from /home/feuer/.local/lib/python3.10/site-packages/airflow/example_dags/example_time_delta_sensor_async.py
[2023-05-21T19:53:42.230+0530] {processor.py:809} INFO - DAG(s) dict_keys(['example_time_delta_sensor_async']) retrieved from /home/feuer/.local/lib/python3.10/site-packages/airflow/example_dags/example_time_delta_sensor_async.py
[2023-05-21T19:53:42.242+0530] {logging_mixin.py:149} INFO - [2023-05-21T19:53:42.242+0530] {dag.py:2726} INFO - Sync 1 DAGs
[2023-05-21T19:53:42.253+0530] {logging_mixin.py:149} INFO - [2023-05-21T19:53:42.252+0530] {dag.py:3486} INFO - Setting next_dagrun for example_time_delta_sensor_async to None, run_after=None
[2023-05-21T19:53:42.338+0530] {processor.py:178} INFO - Processing /home/feuer/.local/lib/python3.10/site-packages/airflow/example_dags/example_time_delta_sensor_async.py took 0.115 seconds
[2023-05-21T19:54:33.706+0530] {processor.py:156} INFO - Started process (PID=26347) to work on /home/feuer/.local/lib/python3.10/site-packages/airflow/example_dags/example_time_delta_sensor_async.py
[2023-05-21T19:54:33.713+0530] {processor.py:799} INFO - Processing file /home/feuer/.local/lib/python3.10/site-packages/airflow/example_dags/example_time_delta_sensor_async.py for tasks to queue
[2023-05-21T19:54:33.714+0530] {logging_mixin.py:149} INFO - [2023-05-21T19:54:33.713+0530] {dagbag.py:541} INFO - Filling up the DagBag from /home/feuer/.local/lib/python3.10/site-packages/airflow/example_dags/example_time_delta_sensor_async.py
[2023-05-21T19:54:33.718+0530] {processor.py:809} INFO - DAG(s) dict_keys(['example_time_delta_sensor_async']) retrieved from /home/feuer/.local/lib/python3.10/site-packages/airflow/example_dags/example_time_delta_sensor_async.py
[2023-05-21T19:54:33.738+0530] {logging_mixin.py:149} INFO - [2023-05-21T19:54:33.738+0530] {dag.py:2726} INFO - Sync 1 DAGs
[2023-05-21T19:54:33.759+0530] {logging_mixin.py:149} INFO - [2023-05-21T19:54:33.759+0530] {dag.py:3486} INFO - Setting next_dagrun for example_time_delta_sensor_async to None, run_after=None
[2023-05-21T19:54:33.845+0530] {processor.py:178} INFO - Processing /home/feuer/.local/lib/python3.10/site-packages/airflow/example_dags/example_time_delta_sensor_async.py took 0.142 seconds
[2023-05-21T19:55:27.248+0530] {processor.py:156} INFO - Started process (PID=26476) to work on /home/feuer/.local/lib/python3.10/site-packages/airflow/example_dags/example_time_delta_sensor_async.py
[2023-05-21T19:55:27.252+0530] {processor.py:799} INFO - Processing file /home/feuer/.local/lib/python3.10/site-packages/airflow/example_dags/example_time_delta_sensor_async.py for tasks to queue
[2023-05-21T19:55:27.252+0530] {logging_mixin.py:149} INFO - [2023-05-21T19:55:27.252+0530] {dagbag.py:541} INFO - Filling up the DagBag from /home/feuer/.local/lib/python3.10/site-packages/airflow/example_dags/example_time_delta_sensor_async.py
[2023-05-21T19:55:27.257+0530] {processor.py:809} INFO - DAG(s) dict_keys(['example_time_delta_sensor_async']) retrieved from /home/feuer/.local/lib/python3.10/site-packages/airflow/example_dags/example_time_delta_sensor_async.py
[2023-05-21T19:55:27.277+0530] {logging_mixin.py:149} INFO - [2023-05-21T19:55:27.277+0530] {dag.py:2726} INFO - Sync 1 DAGs
[2023-05-21T19:55:27.296+0530] {logging_mixin.py:149} INFO - [2023-05-21T19:55:27.296+0530] {dag.py:3486} INFO - Setting next_dagrun for example_time_delta_sensor_async to None, run_after=None
[2023-05-21T19:55:27.370+0530] {processor.py:178} INFO - Processing /home/feuer/.local/lib/python3.10/site-packages/airflow/example_dags/example_time_delta_sensor_async.py took 0.125 seconds
[2023-05-21T19:56:27.107+0530] {processor.py:156} INFO - Started process (PID=26658) to work on /home/feuer/.local/lib/python3.10/site-packages/airflow/example_dags/example_time_delta_sensor_async.py
[2023-05-21T19:56:27.107+0530] {processor.py:799} INFO - Processing file /home/feuer/.local/lib/python3.10/site-packages/airflow/example_dags/example_time_delta_sensor_async.py for tasks to queue
[2023-05-21T19:56:27.108+0530] {logging_mixin.py:149} INFO - [2023-05-21T19:56:27.108+0530] {dagbag.py:541} INFO - Filling up the DagBag from /home/feuer/.local/lib/python3.10/site-packages/airflow/example_dags/example_time_delta_sensor_async.py
[2023-05-21T19:56:27.113+0530] {processor.py:809} INFO - DAG(s) dict_keys(['example_time_delta_sensor_async']) retrieved from /home/feuer/.local/lib/python3.10/site-packages/airflow/example_dags/example_time_delta_sensor_async.py
[2023-05-21T19:56:27.131+0530] {logging_mixin.py:149} INFO - [2023-05-21T19:56:27.131+0530] {dag.py:2726} INFO - Sync 1 DAGs
[2023-05-21T19:56:27.151+0530] {logging_mixin.py:149} INFO - [2023-05-21T19:56:27.151+0530] {dag.py:3486} INFO - Setting next_dagrun for example_time_delta_sensor_async to None, run_after=None
[2023-05-21T19:56:27.240+0530] {processor.py:178} INFO - Processing /home/feuer/.local/lib/python3.10/site-packages/airflow/example_dags/example_time_delta_sensor_async.py took 0.136 seconds
[2023-05-21T19:57:19.718+0530] {processor.py:156} INFO - Started process (PID=26781) to work on /home/feuer/.local/lib/python3.10/site-packages/airflow/example_dags/example_time_delta_sensor_async.py
[2023-05-21T19:57:19.719+0530] {processor.py:799} INFO - Processing file /home/feuer/.local/lib/python3.10/site-packages/airflow/example_dags/example_time_delta_sensor_async.py for tasks to queue
[2023-05-21T19:57:19.720+0530] {logging_mixin.py:149} INFO - [2023-05-21T19:57:19.720+0530] {dagbag.py:541} INFO - Filling up the DagBag from /home/feuer/.local/lib/python3.10/site-packages/airflow/example_dags/example_time_delta_sensor_async.py
[2023-05-21T19:57:19.724+0530] {processor.py:809} INFO - DAG(s) dict_keys(['example_time_delta_sensor_async']) retrieved from /home/feuer/.local/lib/python3.10/site-packages/airflow/example_dags/example_time_delta_sensor_async.py
[2023-05-21T19:57:19.743+0530] {logging_mixin.py:149} INFO - [2023-05-21T19:57:19.743+0530] {dag.py:2726} INFO - Sync 1 DAGs
[2023-05-21T19:57:19.758+0530] {logging_mixin.py:149} INFO - [2023-05-21T19:57:19.758+0530] {dag.py:3486} INFO - Setting next_dagrun for example_time_delta_sensor_async to None, run_after=None
[2023-05-21T19:57:19.886+0530] {processor.py:178} INFO - Processing /home/feuer/.local/lib/python3.10/site-packages/airflow/example_dags/example_time_delta_sensor_async.py took 0.170 seconds
[2023-05-21T19:58:11.830+0530] {processor.py:156} INFO - Started process (PID=26902) to work on /home/feuer/.local/lib/python3.10/site-packages/airflow/example_dags/example_time_delta_sensor_async.py
[2023-05-21T19:58:11.831+0530] {processor.py:799} INFO - Processing file /home/feuer/.local/lib/python3.10/site-packages/airflow/example_dags/example_time_delta_sensor_async.py for tasks to queue
[2023-05-21T19:58:11.831+0530] {logging_mixin.py:149} INFO - [2023-05-21T19:58:11.831+0530] {dagbag.py:541} INFO - Filling up the DagBag from /home/feuer/.local/lib/python3.10/site-packages/airflow/example_dags/example_time_delta_sensor_async.py
[2023-05-21T19:58:11.836+0530] {processor.py:809} INFO - DAG(s) dict_keys(['example_time_delta_sensor_async']) retrieved from /home/feuer/.local/lib/python3.10/site-packages/airflow/example_dags/example_time_delta_sensor_async.py
[2023-05-21T19:58:11.855+0530] {logging_mixin.py:149} INFO - [2023-05-21T19:58:11.854+0530] {dag.py:2726} INFO - Sync 1 DAGs
[2023-05-21T19:58:11.874+0530] {logging_mixin.py:149} INFO - [2023-05-21T19:58:11.873+0530] {dag.py:3486} INFO - Setting next_dagrun for example_time_delta_sensor_async to None, run_after=None
[2023-05-21T19:58:11.951+0530] {processor.py:178} INFO - Processing /home/feuer/.local/lib/python3.10/site-packages/airflow/example_dags/example_time_delta_sensor_async.py took 0.124 seconds
[2023-05-21T19:59:04.748+0530] {processor.py:156} INFO - Started process (PID=27078) to work on /home/feuer/.local/lib/python3.10/site-packages/airflow/example_dags/example_time_delta_sensor_async.py
[2023-05-21T19:59:04.749+0530] {processor.py:799} INFO - Processing file /home/feuer/.local/lib/python3.10/site-packages/airflow/example_dags/example_time_delta_sensor_async.py for tasks to queue
[2023-05-21T19:59:04.750+0530] {logging_mixin.py:149} INFO - [2023-05-21T19:59:04.750+0530] {dagbag.py:541} INFO - Filling up the DagBag from /home/feuer/.local/lib/python3.10/site-packages/airflow/example_dags/example_time_delta_sensor_async.py
[2023-05-21T19:59:04.754+0530] {processor.py:809} INFO - DAG(s) dict_keys(['example_time_delta_sensor_async']) retrieved from /home/feuer/.local/lib/python3.10/site-packages/airflow/example_dags/example_time_delta_sensor_async.py
[2023-05-21T19:59:04.774+0530] {logging_mixin.py:149} INFO - [2023-05-21T19:59:04.773+0530] {dag.py:2726} INFO - Sync 1 DAGs
[2023-05-21T19:59:04.794+0530] {logging_mixin.py:149} INFO - [2023-05-21T19:59:04.793+0530] {dag.py:3486} INFO - Setting next_dagrun for example_time_delta_sensor_async to None, run_after=None
[2023-05-21T19:59:04.884+0530] {processor.py:178} INFO - Processing /home/feuer/.local/lib/python3.10/site-packages/airflow/example_dags/example_time_delta_sensor_async.py took 0.139 seconds
[2023-05-21T20:00:03.856+0530] {processor.py:156} INFO - Started process (PID=27209) to work on /home/feuer/.local/lib/python3.10/site-packages/airflow/example_dags/example_time_delta_sensor_async.py
[2023-05-21T20:00:03.857+0530] {processor.py:799} INFO - Processing file /home/feuer/.local/lib/python3.10/site-packages/airflow/example_dags/example_time_delta_sensor_async.py for tasks to queue
[2023-05-21T20:00:03.858+0530] {logging_mixin.py:149} INFO - [2023-05-21T20:00:03.858+0530] {dagbag.py:541} INFO - Filling up the DagBag from /home/feuer/.local/lib/python3.10/site-packages/airflow/example_dags/example_time_delta_sensor_async.py
[2023-05-21T20:00:03.871+0530] {processor.py:809} INFO - DAG(s) dict_keys(['example_time_delta_sensor_async']) retrieved from /home/feuer/.local/lib/python3.10/site-packages/airflow/example_dags/example_time_delta_sensor_async.py
[2023-05-21T20:00:03.890+0530] {logging_mixin.py:149} INFO - [2023-05-21T20:00:03.890+0530] {dag.py:2726} INFO - Sync 1 DAGs
[2023-05-21T20:00:03.910+0530] {logging_mixin.py:149} INFO - [2023-05-21T20:00:03.909+0530] {dag.py:3486} INFO - Setting next_dagrun for example_time_delta_sensor_async to None, run_after=None
[2023-05-21T20:00:03.994+0530] {processor.py:178} INFO - Processing /home/feuer/.local/lib/python3.10/site-packages/airflow/example_dags/example_time_delta_sensor_async.py took 0.141 seconds
[2023-05-21T20:01:03.722+0530] {processor.py:156} INFO - Started process (PID=27371) to work on /home/feuer/.local/lib/python3.10/site-packages/airflow/example_dags/example_time_delta_sensor_async.py
[2023-05-21T20:01:03.726+0530] {processor.py:799} INFO - Processing file /home/feuer/.local/lib/python3.10/site-packages/airflow/example_dags/example_time_delta_sensor_async.py for tasks to queue
[2023-05-21T20:01:03.727+0530] {logging_mixin.py:149} INFO - [2023-05-21T20:01:03.727+0530] {dagbag.py:541} INFO - Filling up the DagBag from /home/feuer/.local/lib/python3.10/site-packages/airflow/example_dags/example_time_delta_sensor_async.py
[2023-05-21T20:01:03.732+0530] {processor.py:809} INFO - DAG(s) dict_keys(['example_time_delta_sensor_async']) retrieved from /home/feuer/.local/lib/python3.10/site-packages/airflow/example_dags/example_time_delta_sensor_async.py
[2023-05-21T20:01:03.751+0530] {logging_mixin.py:149} INFO - [2023-05-21T20:01:03.750+0530] {dag.py:2726} INFO - Sync 1 DAGs
[2023-05-21T20:01:03.768+0530] {logging_mixin.py:149} INFO - [2023-05-21T20:01:03.768+0530] {dag.py:3486} INFO - Setting next_dagrun for example_time_delta_sensor_async to None, run_after=None
[2023-05-21T20:01:03.842+0530] {processor.py:178} INFO - Processing /home/feuer/.local/lib/python3.10/site-packages/airflow/example_dags/example_time_delta_sensor_async.py took 0.122 seconds
[2023-05-21T20:02:20.763+0530] {processor.py:156} INFO - Started process (PID=27780) to work on /home/feuer/.local/lib/python3.10/site-packages/airflow/example_dags/example_time_delta_sensor_async.py
[2023-05-21T20:02:20.773+0530] {processor.py:799} INFO - Processing file /home/feuer/.local/lib/python3.10/site-packages/airflow/example_dags/example_time_delta_sensor_async.py for tasks to queue
[2023-05-21T20:02:20.773+0530] {logging_mixin.py:149} INFO - [2023-05-21T20:02:20.773+0530] {dagbag.py:541} INFO - Filling up the DagBag from /home/feuer/.local/lib/python3.10/site-packages/airflow/example_dags/example_time_delta_sensor_async.py
[2023-05-21T20:02:20.778+0530] {processor.py:809} INFO - DAG(s) dict_keys(['example_time_delta_sensor_async']) retrieved from /home/feuer/.local/lib/python3.10/site-packages/airflow/example_dags/example_time_delta_sensor_async.py
[2023-05-21T20:02:20.799+0530] {logging_mixin.py:149} INFO - [2023-05-21T20:02:20.799+0530] {dag.py:2726} INFO - Sync 1 DAGs
[2023-05-21T20:02:20.820+0530] {logging_mixin.py:149} INFO - [2023-05-21T20:02:20.820+0530] {dag.py:3486} INFO - Setting next_dagrun for example_time_delta_sensor_async to None, run_after=None
[2023-05-21T20:02:20.906+0530] {processor.py:178} INFO - Processing /home/feuer/.local/lib/python3.10/site-packages/airflow/example_dags/example_time_delta_sensor_async.py took 0.147 seconds
[2023-05-21T20:03:24.043+0530] {processor.py:156} INFO - Started process (PID=27969) to work on /home/feuer/.local/lib/python3.10/site-packages/airflow/example_dags/example_time_delta_sensor_async.py
[2023-05-21T20:03:24.052+0530] {processor.py:799} INFO - Processing file /home/feuer/.local/lib/python3.10/site-packages/airflow/example_dags/example_time_delta_sensor_async.py for tasks to queue
[2023-05-21T20:03:24.053+0530] {logging_mixin.py:149} INFO - [2023-05-21T20:03:24.053+0530] {dagbag.py:541} INFO - Filling up the DagBag from /home/feuer/.local/lib/python3.10/site-packages/airflow/example_dags/example_time_delta_sensor_async.py
[2023-05-21T20:03:24.058+0530] {processor.py:809} INFO - DAG(s) dict_keys(['example_time_delta_sensor_async']) retrieved from /home/feuer/.local/lib/python3.10/site-packages/airflow/example_dags/example_time_delta_sensor_async.py
[2023-05-21T20:03:24.078+0530] {logging_mixin.py:149} INFO - [2023-05-21T20:03:24.078+0530] {dag.py:2726} INFO - Sync 1 DAGs
[2023-05-21T20:03:24.098+0530] {logging_mixin.py:149} INFO - [2023-05-21T20:03:24.098+0530] {dag.py:3486} INFO - Setting next_dagrun for example_time_delta_sensor_async to None, run_after=None
[2023-05-21T20:03:24.180+0530] {processor.py:178} INFO - Processing /home/feuer/.local/lib/python3.10/site-packages/airflow/example_dags/example_time_delta_sensor_async.py took 0.141 seconds
[2023-05-21T20:04:24.377+0530] {processor.py:156} INFO - Started process (PID=28193) to work on /home/feuer/.local/lib/python3.10/site-packages/airflow/example_dags/example_time_delta_sensor_async.py
[2023-05-21T20:04:24.378+0530] {processor.py:799} INFO - Processing file /home/feuer/.local/lib/python3.10/site-packages/airflow/example_dags/example_time_delta_sensor_async.py for tasks to queue
[2023-05-21T20:04:24.378+0530] {logging_mixin.py:149} INFO - [2023-05-21T20:04:24.378+0530] {dagbag.py:541} INFO - Filling up the DagBag from /home/feuer/.local/lib/python3.10/site-packages/airflow/example_dags/example_time_delta_sensor_async.py
[2023-05-21T20:04:24.383+0530] {processor.py:809} INFO - DAG(s) dict_keys(['example_time_delta_sensor_async']) retrieved from /home/feuer/.local/lib/python3.10/site-packages/airflow/example_dags/example_time_delta_sensor_async.py
[2023-05-21T20:04:24.403+0530] {logging_mixin.py:149} INFO - [2023-05-21T20:04:24.402+0530] {dag.py:2726} INFO - Sync 1 DAGs
[2023-05-21T20:04:24.422+0530] {logging_mixin.py:149} INFO - [2023-05-21T20:04:24.422+0530] {dag.py:3486} INFO - Setting next_dagrun for example_time_delta_sensor_async to None, run_after=None
[2023-05-21T20:04:24.504+0530] {processor.py:178} INFO - Processing /home/feuer/.local/lib/python3.10/site-packages/airflow/example_dags/example_time_delta_sensor_async.py took 0.131 seconds
[2023-05-21T20:05:24.482+0530] {processor.py:156} INFO - Started process (PID=28363) to work on /home/feuer/.local/lib/python3.10/site-packages/airflow/example_dags/example_time_delta_sensor_async.py
[2023-05-21T20:05:24.496+0530] {processor.py:799} INFO - Processing file /home/feuer/.local/lib/python3.10/site-packages/airflow/example_dags/example_time_delta_sensor_async.py for tasks to queue
[2023-05-21T20:05:24.497+0530] {logging_mixin.py:149} INFO - [2023-05-21T20:05:24.497+0530] {dagbag.py:541} INFO - Filling up the DagBag from /home/feuer/.local/lib/python3.10/site-packages/airflow/example_dags/example_time_delta_sensor_async.py
[2023-05-21T20:05:24.501+0530] {processor.py:809} INFO - DAG(s) dict_keys(['example_time_delta_sensor_async']) retrieved from /home/feuer/.local/lib/python3.10/site-packages/airflow/example_dags/example_time_delta_sensor_async.py
[2023-05-21T20:05:24.520+0530] {logging_mixin.py:149} INFO - [2023-05-21T20:05:24.520+0530] {dag.py:2726} INFO - Sync 1 DAGs
[2023-05-21T20:05:24.540+0530] {logging_mixin.py:149} INFO - [2023-05-21T20:05:24.540+0530] {dag.py:3486} INFO - Setting next_dagrun for example_time_delta_sensor_async to None, run_after=None
[2023-05-21T20:05:24.631+0530] {processor.py:178} INFO - Processing /home/feuer/.local/lib/python3.10/site-packages/airflow/example_dags/example_time_delta_sensor_async.py took 0.152 seconds
[2023-05-21T20:06:21.461+0530] {processor.py:156} INFO - Started process (PID=28730) to work on /home/feuer/.local/lib/python3.10/site-packages/airflow/example_dags/example_time_delta_sensor_async.py
[2023-05-21T20:06:21.476+0530] {processor.py:799} INFO - Processing file /home/feuer/.local/lib/python3.10/site-packages/airflow/example_dags/example_time_delta_sensor_async.py for tasks to queue
[2023-05-21T20:06:21.477+0530] {logging_mixin.py:149} INFO - [2023-05-21T20:06:21.477+0530] {dagbag.py:541} INFO - Filling up the DagBag from /home/feuer/.local/lib/python3.10/site-packages/airflow/example_dags/example_time_delta_sensor_async.py
[2023-05-21T20:06:21.482+0530] {processor.py:809} INFO - DAG(s) dict_keys(['example_time_delta_sensor_async']) retrieved from /home/feuer/.local/lib/python3.10/site-packages/airflow/example_dags/example_time_delta_sensor_async.py
[2023-05-21T20:06:21.501+0530] {logging_mixin.py:149} INFO - [2023-05-21T20:06:21.501+0530] {dag.py:2726} INFO - Sync 1 DAGs
[2023-05-21T20:06:21.520+0530] {logging_mixin.py:149} INFO - [2023-05-21T20:06:21.520+0530] {dag.py:3486} INFO - Setting next_dagrun for example_time_delta_sensor_async to None, run_after=None
[2023-05-21T20:06:21.616+0530] {processor.py:178} INFO - Processing /home/feuer/.local/lib/python3.10/site-packages/airflow/example_dags/example_time_delta_sensor_async.py took 0.158 seconds
[2023-05-21T20:07:17.416+0530] {processor.py:156} INFO - Started process (PID=28896) to work on /home/feuer/.local/lib/python3.10/site-packages/airflow/example_dags/example_time_delta_sensor_async.py
[2023-05-21T20:07:17.432+0530] {processor.py:799} INFO - Processing file /home/feuer/.local/lib/python3.10/site-packages/airflow/example_dags/example_time_delta_sensor_async.py for tasks to queue
[2023-05-21T20:07:17.432+0530] {logging_mixin.py:149} INFO - [2023-05-21T20:07:17.432+0530] {dagbag.py:541} INFO - Filling up the DagBag from /home/feuer/.local/lib/python3.10/site-packages/airflow/example_dags/example_time_delta_sensor_async.py
[2023-05-21T20:07:17.435+0530] {processor.py:809} INFO - DAG(s) dict_keys(['example_time_delta_sensor_async']) retrieved from /home/feuer/.local/lib/python3.10/site-packages/airflow/example_dags/example_time_delta_sensor_async.py
[2023-05-21T20:07:17.447+0530] {logging_mixin.py:149} INFO - [2023-05-21T20:07:17.447+0530] {dag.py:2726} INFO - Sync 1 DAGs
[2023-05-21T20:07:17.458+0530] {logging_mixin.py:149} INFO - [2023-05-21T20:07:17.458+0530] {dag.py:3486} INFO - Setting next_dagrun for example_time_delta_sensor_async to None, run_after=None
[2023-05-21T20:07:17.542+0530] {processor.py:178} INFO - Processing /home/feuer/.local/lib/python3.10/site-packages/airflow/example_dags/example_time_delta_sensor_async.py took 0.130 seconds
[2023-05-21T20:08:11.887+0530] {processor.py:156} INFO - Started process (PID=29056) to work on /home/feuer/.local/lib/python3.10/site-packages/airflow/example_dags/example_time_delta_sensor_async.py
[2023-05-21T20:08:11.888+0530] {processor.py:799} INFO - Processing file /home/feuer/.local/lib/python3.10/site-packages/airflow/example_dags/example_time_delta_sensor_async.py for tasks to queue
[2023-05-21T20:08:11.889+0530] {logging_mixin.py:149} INFO - [2023-05-21T20:08:11.889+0530] {dagbag.py:541} INFO - Filling up the DagBag from /home/feuer/.local/lib/python3.10/site-packages/airflow/example_dags/example_time_delta_sensor_async.py
[2023-05-21T20:08:11.894+0530] {processor.py:809} INFO - DAG(s) dict_keys(['example_time_delta_sensor_async']) retrieved from /home/feuer/.local/lib/python3.10/site-packages/airflow/example_dags/example_time_delta_sensor_async.py
[2023-05-21T20:08:11.913+0530] {logging_mixin.py:149} INFO - [2023-05-21T20:08:11.913+0530] {dag.py:2726} INFO - Sync 1 DAGs
[2023-05-21T20:08:11.931+0530] {logging_mixin.py:149} INFO - [2023-05-21T20:08:11.931+0530] {dag.py:3486} INFO - Setting next_dagrun for example_time_delta_sensor_async to None, run_after=None
[2023-05-21T20:08:12.015+0530] {processor.py:178} INFO - Processing /home/feuer/.local/lib/python3.10/site-packages/airflow/example_dags/example_time_delta_sensor_async.py took 0.131 seconds
[2023-05-21T20:09:11.156+0530] {processor.py:156} INFO - Started process (PID=29188) to work on /home/feuer/.local/lib/python3.10/site-packages/airflow/example_dags/example_time_delta_sensor_async.py
[2023-05-21T20:09:11.167+0530] {processor.py:799} INFO - Processing file /home/feuer/.local/lib/python3.10/site-packages/airflow/example_dags/example_time_delta_sensor_async.py for tasks to queue
[2023-05-21T20:09:11.168+0530] {logging_mixin.py:149} INFO - [2023-05-21T20:09:11.168+0530] {dagbag.py:541} INFO - Filling up the DagBag from /home/feuer/.local/lib/python3.10/site-packages/airflow/example_dags/example_time_delta_sensor_async.py
[2023-05-21T20:09:11.171+0530] {processor.py:809} INFO - DAG(s) dict_keys(['example_time_delta_sensor_async']) retrieved from /home/feuer/.local/lib/python3.10/site-packages/airflow/example_dags/example_time_delta_sensor_async.py
[2023-05-21T20:09:11.184+0530] {logging_mixin.py:149} INFO - [2023-05-21T20:09:11.184+0530] {dag.py:2726} INFO - Sync 1 DAGs
[2023-05-21T20:09:11.195+0530] {logging_mixin.py:149} INFO - [2023-05-21T20:09:11.195+0530] {dag.py:3486} INFO - Setting next_dagrun for example_time_delta_sensor_async to None, run_after=None
[2023-05-21T20:09:11.300+0530] {processor.py:178} INFO - Processing /home/feuer/.local/lib/python3.10/site-packages/airflow/example_dags/example_time_delta_sensor_async.py took 0.146 seconds
[2023-05-21T20:10:08.244+0530] {processor.py:156} INFO - Started process (PID=29409) to work on /home/feuer/.local/lib/python3.10/site-packages/airflow/example_dags/example_time_delta_sensor_async.py
[2023-05-21T20:10:08.264+0530] {processor.py:799} INFO - Processing file /home/feuer/.local/lib/python3.10/site-packages/airflow/example_dags/example_time_delta_sensor_async.py for tasks to queue
[2023-05-21T20:10:08.265+0530] {logging_mixin.py:149} INFO - [2023-05-21T20:10:08.265+0530] {dagbag.py:541} INFO - Filling up the DagBag from /home/feuer/.local/lib/python3.10/site-packages/airflow/example_dags/example_time_delta_sensor_async.py
[2023-05-21T20:10:08.270+0530] {processor.py:809} INFO - DAG(s) dict_keys(['example_time_delta_sensor_async']) retrieved from /home/feuer/.local/lib/python3.10/site-packages/airflow/example_dags/example_time_delta_sensor_async.py
[2023-05-21T20:10:08.290+0530] {logging_mixin.py:149} INFO - [2023-05-21T20:10:08.289+0530] {dag.py:2726} INFO - Sync 1 DAGs
[2023-05-21T20:10:08.309+0530] {logging_mixin.py:149} INFO - [2023-05-21T20:10:08.309+0530] {dag.py:3486} INFO - Setting next_dagrun for example_time_delta_sensor_async to None, run_after=None
[2023-05-21T20:10:08.400+0530] {processor.py:178} INFO - Processing /home/feuer/.local/lib/python3.10/site-packages/airflow/example_dags/example_time_delta_sensor_async.py took 0.159 seconds
[2023-05-21T20:11:05.706+0530] {processor.py:156} INFO - Started process (PID=29540) to work on /home/feuer/.local/lib/python3.10/site-packages/airflow/example_dags/example_time_delta_sensor_async.py
[2023-05-21T20:11:05.713+0530] {processor.py:799} INFO - Processing file /home/feuer/.local/lib/python3.10/site-packages/airflow/example_dags/example_time_delta_sensor_async.py for tasks to queue
[2023-05-21T20:11:05.714+0530] {logging_mixin.py:149} INFO - [2023-05-21T20:11:05.714+0530] {dagbag.py:541} INFO - Filling up the DagBag from /home/feuer/.local/lib/python3.10/site-packages/airflow/example_dags/example_time_delta_sensor_async.py
[2023-05-21T20:11:05.719+0530] {processor.py:809} INFO - DAG(s) dict_keys(['example_time_delta_sensor_async']) retrieved from /home/feuer/.local/lib/python3.10/site-packages/airflow/example_dags/example_time_delta_sensor_async.py
[2023-05-21T20:11:05.750+0530] {logging_mixin.py:149} INFO - [2023-05-21T20:11:05.750+0530] {dag.py:2726} INFO - Sync 1 DAGs
[2023-05-21T20:11:05.769+0530] {logging_mixin.py:149} INFO - [2023-05-21T20:11:05.769+0530] {dag.py:3486} INFO - Setting next_dagrun for example_time_delta_sensor_async to None, run_after=None
[2023-05-21T20:11:05.901+0530] {processor.py:178} INFO - Processing /home/feuer/.local/lib/python3.10/site-packages/airflow/example_dags/example_time_delta_sensor_async.py took 0.198 seconds
[2023-05-21T20:12:05.247+0530] {processor.py:156} INFO - Started process (PID=29727) to work on /home/feuer/.local/lib/python3.10/site-packages/airflow/example_dags/example_time_delta_sensor_async.py
[2023-05-21T20:12:05.252+0530] {processor.py:799} INFO - Processing file /home/feuer/.local/lib/python3.10/site-packages/airflow/example_dags/example_time_delta_sensor_async.py for tasks to queue
[2023-05-21T20:12:05.252+0530] {logging_mixin.py:149} INFO - [2023-05-21T20:12:05.252+0530] {dagbag.py:541} INFO - Filling up the DagBag from /home/feuer/.local/lib/python3.10/site-packages/airflow/example_dags/example_time_delta_sensor_async.py
[2023-05-21T20:12:05.256+0530] {processor.py:809} INFO - DAG(s) dict_keys(['example_time_delta_sensor_async']) retrieved from /home/feuer/.local/lib/python3.10/site-packages/airflow/example_dags/example_time_delta_sensor_async.py
[2023-05-21T20:12:05.285+0530] {logging_mixin.py:149} INFO - [2023-05-21T20:12:05.285+0530] {dag.py:2726} INFO - Sync 1 DAGs
[2023-05-21T20:12:05.297+0530] {logging_mixin.py:149} INFO - [2023-05-21T20:12:05.297+0530] {dag.py:3486} INFO - Setting next_dagrun for example_time_delta_sensor_async to None, run_after=None
[2023-05-21T20:12:05.370+0530] {processor.py:178} INFO - Processing /home/feuer/.local/lib/python3.10/site-packages/airflow/example_dags/example_time_delta_sensor_async.py took 0.125 seconds
[2023-05-21T16:58:17.158+0530] {processor.py:156} INFO - Started process (PID=55868) to work on /home/feuer/.local/lib/python3.10/site-packages/airflow/example_dags/example_time_delta_sensor_async.py
[2023-05-21T16:58:17.190+0530] {processor.py:799} INFO - Processing file /home/feuer/.local/lib/python3.10/site-packages/airflow/example_dags/example_time_delta_sensor_async.py for tasks to queue
[2023-05-21T16:58:17.191+0530] {logging_mixin.py:149} INFO - [2023-05-21T16:58:17.191+0530] {dagbag.py:541} INFO - Filling up the DagBag from /home/feuer/.local/lib/python3.10/site-packages/airflow/example_dags/example_time_delta_sensor_async.py
[2023-05-21T16:58:17.208+0530] {processor.py:809} INFO - DAG(s) dict_keys(['example_time_delta_sensor_async']) retrieved from /home/feuer/.local/lib/python3.10/site-packages/airflow/example_dags/example_time_delta_sensor_async.py
[2023-05-21T16:58:17.222+0530] {logging_mixin.py:149} INFO - [2023-05-21T16:58:17.222+0530] {dag.py:2726} INFO - Sync 1 DAGs
[2023-05-21T16:58:17.240+0530] {logging_mixin.py:149} INFO - [2023-05-21T16:58:17.240+0530] {dag.py:3486} INFO - Setting next_dagrun for example_time_delta_sensor_async to None, run_after=None
[2023-05-21T16:58:17.518+0530] {processor.py:178} INFO - Processing /home/feuer/.local/lib/python3.10/site-packages/airflow/example_dags/example_time_delta_sensor_async.py took 0.362 seconds
[2023-05-21T16:59:41.140+0530] {processor.py:156} INFO - Started process (PID=56028) to work on /home/feuer/.local/lib/python3.10/site-packages/airflow/example_dags/example_time_delta_sensor_async.py
[2023-05-21T16:59:41.156+0530] {processor.py:799} INFO - Processing file /home/feuer/.local/lib/python3.10/site-packages/airflow/example_dags/example_time_delta_sensor_async.py for tasks to queue
[2023-05-21T16:59:41.157+0530] {logging_mixin.py:149} INFO - [2023-05-21T16:59:41.156+0530] {dagbag.py:541} INFO - Filling up the DagBag from /home/feuer/.local/lib/python3.10/site-packages/airflow/example_dags/example_time_delta_sensor_async.py
[2023-05-21T16:59:41.160+0530] {processor.py:809} INFO - DAG(s) dict_keys(['example_time_delta_sensor_async']) retrieved from /home/feuer/.local/lib/python3.10/site-packages/airflow/example_dags/example_time_delta_sensor_async.py
[2023-05-21T16:59:41.175+0530] {logging_mixin.py:149} INFO - [2023-05-21T16:59:41.175+0530] {dag.py:2726} INFO - Sync 1 DAGs
[2023-05-21T16:59:41.186+0530] {logging_mixin.py:149} INFO - [2023-05-21T16:59:41.186+0530] {dag.py:3486} INFO - Setting next_dagrun for example_time_delta_sensor_async to None, run_after=None
[2023-05-21T16:59:41.496+0530] {processor.py:178} INFO - Processing /home/feuer/.local/lib/python3.10/site-packages/airflow/example_dags/example_time_delta_sensor_async.py took 0.358 seconds
[2023-05-21T17:00:55.589+0530] {processor.py:156} INFO - Started process (PID=56264) to work on /home/feuer/.local/lib/python3.10/site-packages/airflow/example_dags/example_time_delta_sensor_async.py
[2023-05-21T17:00:55.623+0530] {processor.py:799} INFO - Processing file /home/feuer/.local/lib/python3.10/site-packages/airflow/example_dags/example_time_delta_sensor_async.py for tasks to queue
[2023-05-21T17:00:55.624+0530] {logging_mixin.py:149} INFO - [2023-05-21T17:00:55.624+0530] {dagbag.py:541} INFO - Filling up the DagBag from /home/feuer/.local/lib/python3.10/site-packages/airflow/example_dags/example_time_delta_sensor_async.py
[2023-05-21T17:00:55.629+0530] {processor.py:809} INFO - DAG(s) dict_keys(['example_time_delta_sensor_async']) retrieved from /home/feuer/.local/lib/python3.10/site-packages/airflow/example_dags/example_time_delta_sensor_async.py
[2023-05-21T17:00:55.647+0530] {logging_mixin.py:149} INFO - [2023-05-21T17:00:55.647+0530] {dag.py:2726} INFO - Sync 1 DAGs
[2023-05-21T17:00:55.665+0530] {logging_mixin.py:149} INFO - [2023-05-21T17:00:55.665+0530] {dag.py:3486} INFO - Setting next_dagrun for example_time_delta_sensor_async to None, run_after=None
[2023-05-21T17:00:55.940+0530] {processor.py:178} INFO - Processing /home/feuer/.local/lib/python3.10/site-packages/airflow/example_dags/example_time_delta_sensor_async.py took 0.353 seconds
[2023-05-21T17:02:31.186+0530] {processor.py:156} INFO - Started process (PID=56535) to work on /home/feuer/.local/lib/python3.10/site-packages/airflow/example_dags/example_time_delta_sensor_async.py
[2023-05-21T17:02:31.198+0530] {processor.py:799} INFO - Processing file /home/feuer/.local/lib/python3.10/site-packages/airflow/example_dags/example_time_delta_sensor_async.py for tasks to queue
[2023-05-21T17:02:31.198+0530] {logging_mixin.py:149} INFO - [2023-05-21T17:02:31.198+0530] {dagbag.py:541} INFO - Filling up the DagBag from /home/feuer/.local/lib/python3.10/site-packages/airflow/example_dags/example_time_delta_sensor_async.py
[2023-05-21T17:02:31.203+0530] {processor.py:809} INFO - DAG(s) dict_keys(['example_time_delta_sensor_async']) retrieved from /home/feuer/.local/lib/python3.10/site-packages/airflow/example_dags/example_time_delta_sensor_async.py
[2023-05-21T17:02:31.221+0530] {logging_mixin.py:149} INFO - [2023-05-21T17:02:31.221+0530] {dag.py:2726} INFO - Sync 1 DAGs
[2023-05-21T17:02:31.240+0530] {logging_mixin.py:149} INFO - [2023-05-21T17:02:31.240+0530] {dag.py:3486} INFO - Setting next_dagrun for example_time_delta_sensor_async to None, run_after=None
[2023-05-21T17:02:31.429+0530] {processor.py:178} INFO - Processing /home/feuer/.local/lib/python3.10/site-packages/airflow/example_dags/example_time_delta_sensor_async.py took 0.246 seconds
[2023-05-21T17:03:25.920+0530] {processor.py:156} INFO - Started process (PID=56674) to work on /home/feuer/.local/lib/python3.10/site-packages/airflow/example_dags/example_time_delta_sensor_async.py
[2023-05-21T17:03:25.920+0530] {processor.py:799} INFO - Processing file /home/feuer/.local/lib/python3.10/site-packages/airflow/example_dags/example_time_delta_sensor_async.py for tasks to queue
[2023-05-21T17:03:25.921+0530] {logging_mixin.py:149} INFO - [2023-05-21T17:03:25.921+0530] {dagbag.py:541} INFO - Filling up the DagBag from /home/feuer/.local/lib/python3.10/site-packages/airflow/example_dags/example_time_delta_sensor_async.py
[2023-05-21T17:03:25.924+0530] {processor.py:809} INFO - DAG(s) dict_keys(['example_time_delta_sensor_async']) retrieved from /home/feuer/.local/lib/python3.10/site-packages/airflow/example_dags/example_time_delta_sensor_async.py
[2023-05-21T17:03:25.935+0530] {logging_mixin.py:149} INFO - [2023-05-21T17:03:25.935+0530] {dag.py:2726} INFO - Sync 1 DAGs
[2023-05-21T17:03:25.945+0530] {logging_mixin.py:149} INFO - [2023-05-21T17:03:25.945+0530] {dag.py:3486} INFO - Setting next_dagrun for example_time_delta_sensor_async to None, run_after=None
[2023-05-21T17:03:26.023+0530] {processor.py:178} INFO - Processing /home/feuer/.local/lib/python3.10/site-packages/airflow/example_dags/example_time_delta_sensor_async.py took 0.105 seconds
[2023-05-21T17:04:13.267+0530] {processor.py:156} INFO - Started process (PID=56802) to work on /home/feuer/.local/lib/python3.10/site-packages/airflow/example_dags/example_time_delta_sensor_async.py
[2023-05-21T17:04:13.268+0530] {processor.py:799} INFO - Processing file /home/feuer/.local/lib/python3.10/site-packages/airflow/example_dags/example_time_delta_sensor_async.py for tasks to queue
[2023-05-21T17:04:13.269+0530] {logging_mixin.py:149} INFO - [2023-05-21T17:04:13.269+0530] {dagbag.py:541} INFO - Filling up the DagBag from /home/feuer/.local/lib/python3.10/site-packages/airflow/example_dags/example_time_delta_sensor_async.py
[2023-05-21T17:04:13.273+0530] {processor.py:809} INFO - DAG(s) dict_keys(['example_time_delta_sensor_async']) retrieved from /home/feuer/.local/lib/python3.10/site-packages/airflow/example_dags/example_time_delta_sensor_async.py
[2023-05-21T17:04:13.292+0530] {logging_mixin.py:149} INFO - [2023-05-21T17:04:13.292+0530] {dag.py:2726} INFO - Sync 1 DAGs
[2023-05-21T17:04:13.311+0530] {logging_mixin.py:149} INFO - [2023-05-21T17:04:13.311+0530] {dag.py:3486} INFO - Setting next_dagrun for example_time_delta_sensor_async to None, run_after=None
[2023-05-21T17:04:13.392+0530] {processor.py:178} INFO - Processing /home/feuer/.local/lib/python3.10/site-packages/airflow/example_dags/example_time_delta_sensor_async.py took 0.127 seconds
[2023-05-21T17:04:59.459+0530] {processor.py:156} INFO - Started process (PID=56916) to work on /home/feuer/.local/lib/python3.10/site-packages/airflow/example_dags/example_time_delta_sensor_async.py
[2023-05-21T17:04:59.473+0530] {processor.py:799} INFO - Processing file /home/feuer/.local/lib/python3.10/site-packages/airflow/example_dags/example_time_delta_sensor_async.py for tasks to queue
[2023-05-21T17:04:59.474+0530] {logging_mixin.py:149} INFO - [2023-05-21T17:04:59.473+0530] {dagbag.py:541} INFO - Filling up the DagBag from /home/feuer/.local/lib/python3.10/site-packages/airflow/example_dags/example_time_delta_sensor_async.py
[2023-05-21T17:04:59.476+0530] {processor.py:809} INFO - DAG(s) dict_keys(['example_time_delta_sensor_async']) retrieved from /home/feuer/.local/lib/python3.10/site-packages/airflow/example_dags/example_time_delta_sensor_async.py
[2023-05-21T17:04:59.487+0530] {logging_mixin.py:149} INFO - [2023-05-21T17:04:59.487+0530] {dag.py:2726} INFO - Sync 1 DAGs
[2023-05-21T17:04:59.498+0530] {logging_mixin.py:149} INFO - [2023-05-21T17:04:59.498+0530] {dag.py:3486} INFO - Setting next_dagrun for example_time_delta_sensor_async to None, run_after=None
[2023-05-21T17:04:59.574+0530] {processor.py:178} INFO - Processing /home/feuer/.local/lib/python3.10/site-packages/airflow/example_dags/example_time_delta_sensor_async.py took 0.117 seconds
[2023-05-21T17:05:44.708+0530] {processor.py:156} INFO - Started process (PID=57020) to work on /home/feuer/.local/lib/python3.10/site-packages/airflow/example_dags/example_time_delta_sensor_async.py
[2023-05-21T17:05:44.709+0530] {processor.py:799} INFO - Processing file /home/feuer/.local/lib/python3.10/site-packages/airflow/example_dags/example_time_delta_sensor_async.py for tasks to queue
[2023-05-21T17:05:44.710+0530] {logging_mixin.py:149} INFO - [2023-05-21T17:05:44.709+0530] {dagbag.py:541} INFO - Filling up the DagBag from /home/feuer/.local/lib/python3.10/site-packages/airflow/example_dags/example_time_delta_sensor_async.py
[2023-05-21T17:05:44.714+0530] {processor.py:809} INFO - DAG(s) dict_keys(['example_time_delta_sensor_async']) retrieved from /home/feuer/.local/lib/python3.10/site-packages/airflow/example_dags/example_time_delta_sensor_async.py
[2023-05-21T17:05:44.726+0530] {logging_mixin.py:149} INFO - [2023-05-21T17:05:44.726+0530] {dag.py:2726} INFO - Sync 1 DAGs
[2023-05-21T17:05:44.737+0530] {logging_mixin.py:149} INFO - [2023-05-21T17:05:44.737+0530] {dag.py:3486} INFO - Setting next_dagrun for example_time_delta_sensor_async to None, run_after=None
[2023-05-21T17:05:44.816+0530] {processor.py:178} INFO - Processing /home/feuer/.local/lib/python3.10/site-packages/airflow/example_dags/example_time_delta_sensor_async.py took 0.110 seconds
[2023-05-21T17:06:31.162+0530] {processor.py:156} INFO - Started process (PID=57125) to work on /home/feuer/.local/lib/python3.10/site-packages/airflow/example_dags/example_time_delta_sensor_async.py
[2023-05-21T17:06:31.173+0530] {processor.py:799} INFO - Processing file /home/feuer/.local/lib/python3.10/site-packages/airflow/example_dags/example_time_delta_sensor_async.py for tasks to queue
[2023-05-21T17:06:31.173+0530] {logging_mixin.py:149} INFO - [2023-05-21T17:06:31.173+0530] {dagbag.py:541} INFO - Filling up the DagBag from /home/feuer/.local/lib/python3.10/site-packages/airflow/example_dags/example_time_delta_sensor_async.py
[2023-05-21T17:06:31.175+0530] {processor.py:809} INFO - DAG(s) dict_keys(['example_time_delta_sensor_async']) retrieved from /home/feuer/.local/lib/python3.10/site-packages/airflow/example_dags/example_time_delta_sensor_async.py
[2023-05-21T17:06:31.186+0530] {logging_mixin.py:149} INFO - [2023-05-21T17:06:31.186+0530] {dag.py:2726} INFO - Sync 1 DAGs
[2023-05-21T17:06:31.197+0530] {logging_mixin.py:149} INFO - [2023-05-21T17:06:31.197+0530] {dag.py:3486} INFO - Setting next_dagrun for example_time_delta_sensor_async to None, run_after=None
[2023-05-21T17:06:31.279+0530] {processor.py:178} INFO - Processing /home/feuer/.local/lib/python3.10/site-packages/airflow/example_dags/example_time_delta_sensor_async.py took 0.119 seconds
[2023-05-21T17:07:15.286+0530] {processor.py:156} INFO - Started process (PID=57233) to work on /home/feuer/.local/lib/python3.10/site-packages/airflow/example_dags/example_time_delta_sensor_async.py
[2023-05-21T17:07:15.287+0530] {processor.py:799} INFO - Processing file /home/feuer/.local/lib/python3.10/site-packages/airflow/example_dags/example_time_delta_sensor_async.py for tasks to queue
[2023-05-21T17:07:15.287+0530] {logging_mixin.py:149} INFO - [2023-05-21T17:07:15.287+0530] {dagbag.py:541} INFO - Filling up the DagBag from /home/feuer/.local/lib/python3.10/site-packages/airflow/example_dags/example_time_delta_sensor_async.py
[2023-05-21T17:07:15.289+0530] {processor.py:809} INFO - DAG(s) dict_keys(['example_time_delta_sensor_async']) retrieved from /home/feuer/.local/lib/python3.10/site-packages/airflow/example_dags/example_time_delta_sensor_async.py
[2023-05-21T17:07:15.300+0530] {logging_mixin.py:149} INFO - [2023-05-21T17:07:15.300+0530] {dag.py:2726} INFO - Sync 1 DAGs
[2023-05-21T17:07:15.311+0530] {logging_mixin.py:149} INFO - [2023-05-21T17:07:15.310+0530] {dag.py:3486} INFO - Setting next_dagrun for example_time_delta_sensor_async to None, run_after=None
[2023-05-21T17:07:15.387+0530] {processor.py:178} INFO - Processing /home/feuer/.local/lib/python3.10/site-packages/airflow/example_dags/example_time_delta_sensor_async.py took 0.102 seconds
[2023-05-21T17:07:58.372+0530] {processor.py:156} INFO - Started process (PID=57348) to work on /home/feuer/.local/lib/python3.10/site-packages/airflow/example_dags/example_time_delta_sensor_async.py
[2023-05-21T17:07:58.373+0530] {processor.py:799} INFO - Processing file /home/feuer/.local/lib/python3.10/site-packages/airflow/example_dags/example_time_delta_sensor_async.py for tasks to queue
[2023-05-21T17:07:58.373+0530] {logging_mixin.py:149} INFO - [2023-05-21T17:07:58.373+0530] {dagbag.py:541} INFO - Filling up the DagBag from /home/feuer/.local/lib/python3.10/site-packages/airflow/example_dags/example_time_delta_sensor_async.py
[2023-05-21T17:07:58.378+0530] {processor.py:809} INFO - DAG(s) dict_keys(['example_time_delta_sensor_async']) retrieved from /home/feuer/.local/lib/python3.10/site-packages/airflow/example_dags/example_time_delta_sensor_async.py
[2023-05-21T17:07:58.397+0530] {logging_mixin.py:149} INFO - [2023-05-21T17:07:58.396+0530] {dag.py:2726} INFO - Sync 1 DAGs
[2023-05-21T17:07:58.416+0530] {logging_mixin.py:149} INFO - [2023-05-21T17:07:58.415+0530] {dag.py:3486} INFO - Setting next_dagrun for example_time_delta_sensor_async to None, run_after=None
[2023-05-21T17:07:58.511+0530] {processor.py:178} INFO - Processing /home/feuer/.local/lib/python3.10/site-packages/airflow/example_dags/example_time_delta_sensor_async.py took 0.142 seconds
[2023-05-21T17:08:42.878+0530] {processor.py:156} INFO - Started process (PID=57452) to work on /home/feuer/.local/lib/python3.10/site-packages/airflow/example_dags/example_time_delta_sensor_async.py
[2023-05-21T17:08:42.879+0530] {processor.py:799} INFO - Processing file /home/feuer/.local/lib/python3.10/site-packages/airflow/example_dags/example_time_delta_sensor_async.py for tasks to queue
[2023-05-21T17:08:42.879+0530] {logging_mixin.py:149} INFO - [2023-05-21T17:08:42.879+0530] {dagbag.py:541} INFO - Filling up the DagBag from /home/feuer/.local/lib/python3.10/site-packages/airflow/example_dags/example_time_delta_sensor_async.py
[2023-05-21T17:08:42.883+0530] {processor.py:809} INFO - DAG(s) dict_keys(['example_time_delta_sensor_async']) retrieved from /home/feuer/.local/lib/python3.10/site-packages/airflow/example_dags/example_time_delta_sensor_async.py
[2023-05-21T17:08:42.903+0530] {logging_mixin.py:149} INFO - [2023-05-21T17:08:42.902+0530] {dag.py:2726} INFO - Sync 1 DAGs
[2023-05-21T17:08:42.921+0530] {logging_mixin.py:149} INFO - [2023-05-21T17:08:42.921+0530] {dag.py:3486} INFO - Setting next_dagrun for example_time_delta_sensor_async to None, run_after=None
[2023-05-21T17:08:42.999+0530] {processor.py:178} INFO - Processing /home/feuer/.local/lib/python3.10/site-packages/airflow/example_dags/example_time_delta_sensor_async.py took 0.124 seconds
[2023-05-21T17:09:28.714+0530] {processor.py:156} INFO - Started process (PID=57597) to work on /home/feuer/.local/lib/python3.10/site-packages/airflow/example_dags/example_time_delta_sensor_async.py
[2023-05-21T17:09:28.715+0530] {processor.py:799} INFO - Processing file /home/feuer/.local/lib/python3.10/site-packages/airflow/example_dags/example_time_delta_sensor_async.py for tasks to queue
[2023-05-21T17:09:28.715+0530] {logging_mixin.py:149} INFO - [2023-05-21T17:09:28.715+0530] {dagbag.py:541} INFO - Filling up the DagBag from /home/feuer/.local/lib/python3.10/site-packages/airflow/example_dags/example_time_delta_sensor_async.py
[2023-05-21T17:09:28.718+0530] {processor.py:809} INFO - DAG(s) dict_keys(['example_time_delta_sensor_async']) retrieved from /home/feuer/.local/lib/python3.10/site-packages/airflow/example_dags/example_time_delta_sensor_async.py
[2023-05-21T17:09:28.729+0530] {logging_mixin.py:149} INFO - [2023-05-21T17:09:28.729+0530] {dag.py:2726} INFO - Sync 1 DAGs
[2023-05-21T17:09:28.740+0530] {logging_mixin.py:149} INFO - [2023-05-21T17:09:28.740+0530] {dag.py:3486} INFO - Setting next_dagrun for example_time_delta_sensor_async to None, run_after=None
[2023-05-21T17:09:28.819+0530] {processor.py:178} INFO - Processing /home/feuer/.local/lib/python3.10/site-packages/airflow/example_dags/example_time_delta_sensor_async.py took 0.107 seconds
[2023-05-21T17:10:15.194+0530] {processor.py:156} INFO - Started process (PID=57709) to work on /home/feuer/.local/lib/python3.10/site-packages/airflow/example_dags/example_time_delta_sensor_async.py
[2023-05-21T17:10:15.208+0530] {processor.py:799} INFO - Processing file /home/feuer/.local/lib/python3.10/site-packages/airflow/example_dags/example_time_delta_sensor_async.py for tasks to queue
[2023-05-21T17:10:15.209+0530] {logging_mixin.py:149} INFO - [2023-05-21T17:10:15.209+0530] {dagbag.py:541} INFO - Filling up the DagBag from /home/feuer/.local/lib/python3.10/site-packages/airflow/example_dags/example_time_delta_sensor_async.py
[2023-05-21T17:10:15.212+0530] {processor.py:809} INFO - DAG(s) dict_keys(['example_time_delta_sensor_async']) retrieved from /home/feuer/.local/lib/python3.10/site-packages/airflow/example_dags/example_time_delta_sensor_async.py
[2023-05-21T17:10:15.224+0530] {logging_mixin.py:149} INFO - [2023-05-21T17:10:15.224+0530] {dag.py:2726} INFO - Sync 1 DAGs
[2023-05-21T17:10:15.235+0530] {logging_mixin.py:149} INFO - [2023-05-21T17:10:15.235+0530] {dag.py:3486} INFO - Setting next_dagrun for example_time_delta_sensor_async to None, run_after=None
[2023-05-21T17:10:15.315+0530] {processor.py:178} INFO - Processing /home/feuer/.local/lib/python3.10/site-packages/airflow/example_dags/example_time_delta_sensor_async.py took 0.124 seconds
[2023-05-21T17:11:01.969+0530] {processor.py:156} INFO - Started process (PID=57814) to work on /home/feuer/.local/lib/python3.10/site-packages/airflow/example_dags/example_time_delta_sensor_async.py
[2023-05-21T17:11:01.980+0530] {processor.py:799} INFO - Processing file /home/feuer/.local/lib/python3.10/site-packages/airflow/example_dags/example_time_delta_sensor_async.py for tasks to queue
[2023-05-21T17:11:01.981+0530] {logging_mixin.py:149} INFO - [2023-05-21T17:11:01.980+0530] {dagbag.py:541} INFO - Filling up the DagBag from /home/feuer/.local/lib/python3.10/site-packages/airflow/example_dags/example_time_delta_sensor_async.py
[2023-05-21T17:11:01.984+0530] {processor.py:809} INFO - DAG(s) dict_keys(['example_time_delta_sensor_async']) retrieved from /home/feuer/.local/lib/python3.10/site-packages/airflow/example_dags/example_time_delta_sensor_async.py
[2023-05-21T17:11:01.995+0530] {logging_mixin.py:149} INFO - [2023-05-21T17:11:01.995+0530] {dag.py:2726} INFO - Sync 1 DAGs
[2023-05-21T17:11:02.007+0530] {logging_mixin.py:149} INFO - [2023-05-21T17:11:02.007+0530] {dag.py:3486} INFO - Setting next_dagrun for example_time_delta_sensor_async to None, run_after=None
[2023-05-21T17:11:02.131+0530] {processor.py:178} INFO - Processing /home/feuer/.local/lib/python3.10/site-packages/airflow/example_dags/example_time_delta_sensor_async.py took 0.164 seconds
[2023-05-21T17:11:48.921+0530] {processor.py:156} INFO - Started process (PID=57935) to work on /home/feuer/.local/lib/python3.10/site-packages/airflow/example_dags/example_time_delta_sensor_async.py
[2023-05-21T17:11:48.935+0530] {processor.py:799} INFO - Processing file /home/feuer/.local/lib/python3.10/site-packages/airflow/example_dags/example_time_delta_sensor_async.py for tasks to queue
[2023-05-21T17:11:48.936+0530] {logging_mixin.py:149} INFO - [2023-05-21T17:11:48.936+0530] {dagbag.py:541} INFO - Filling up the DagBag from /home/feuer/.local/lib/python3.10/site-packages/airflow/example_dags/example_time_delta_sensor_async.py
[2023-05-21T17:11:48.938+0530] {processor.py:809} INFO - DAG(s) dict_keys(['example_time_delta_sensor_async']) retrieved from /home/feuer/.local/lib/python3.10/site-packages/airflow/example_dags/example_time_delta_sensor_async.py
[2023-05-21T17:11:48.949+0530] {logging_mixin.py:149} INFO - [2023-05-21T17:11:48.949+0530] {dag.py:2726} INFO - Sync 1 DAGs
[2023-05-21T17:11:48.960+0530] {logging_mixin.py:149} INFO - [2023-05-21T17:11:48.960+0530] {dag.py:3486} INFO - Setting next_dagrun for example_time_delta_sensor_async to None, run_after=None
[2023-05-21T17:11:49.030+0530] {processor.py:178} INFO - Processing /home/feuer/.local/lib/python3.10/site-packages/airflow/example_dags/example_time_delta_sensor_async.py took 0.111 seconds
[2023-05-21T17:12:34.519+0530] {processor.py:156} INFO - Started process (PID=58045) to work on /home/feuer/.local/lib/python3.10/site-packages/airflow/example_dags/example_time_delta_sensor_async.py
[2023-05-21T17:12:34.520+0530] {processor.py:799} INFO - Processing file /home/feuer/.local/lib/python3.10/site-packages/airflow/example_dags/example_time_delta_sensor_async.py for tasks to queue
[2023-05-21T17:12:34.521+0530] {logging_mixin.py:149} INFO - [2023-05-21T17:12:34.520+0530] {dagbag.py:541} INFO - Filling up the DagBag from /home/feuer/.local/lib/python3.10/site-packages/airflow/example_dags/example_time_delta_sensor_async.py
[2023-05-21T17:12:34.525+0530] {processor.py:809} INFO - DAG(s) dict_keys(['example_time_delta_sensor_async']) retrieved from /home/feuer/.local/lib/python3.10/site-packages/airflow/example_dags/example_time_delta_sensor_async.py
[2023-05-21T17:12:34.537+0530] {logging_mixin.py:149} INFO - [2023-05-21T17:12:34.537+0530] {dag.py:2726} INFO - Sync 1 DAGs
[2023-05-21T17:12:34.547+0530] {logging_mixin.py:149} INFO - [2023-05-21T17:12:34.547+0530] {dag.py:3486} INFO - Setting next_dagrun for example_time_delta_sensor_async to None, run_after=None
[2023-05-21T17:12:34.624+0530] {processor.py:178} INFO - Processing /home/feuer/.local/lib/python3.10/site-packages/airflow/example_dags/example_time_delta_sensor_async.py took 0.108 seconds
[2023-05-21T17:13:19.136+0530] {processor.py:156} INFO - Started process (PID=58159) to work on /home/feuer/.local/lib/python3.10/site-packages/airflow/example_dags/example_time_delta_sensor_async.py
[2023-05-21T17:13:19.149+0530] {processor.py:799} INFO - Processing file /home/feuer/.local/lib/python3.10/site-packages/airflow/example_dags/example_time_delta_sensor_async.py for tasks to queue
[2023-05-21T17:13:19.149+0530] {logging_mixin.py:149} INFO - [2023-05-21T17:13:19.149+0530] {dagbag.py:541} INFO - Filling up the DagBag from /home/feuer/.local/lib/python3.10/site-packages/airflow/example_dags/example_time_delta_sensor_async.py
[2023-05-21T17:13:19.151+0530] {processor.py:809} INFO - DAG(s) dict_keys(['example_time_delta_sensor_async']) retrieved from /home/feuer/.local/lib/python3.10/site-packages/airflow/example_dags/example_time_delta_sensor_async.py
[2023-05-21T17:13:19.163+0530] {logging_mixin.py:149} INFO - [2023-05-21T17:13:19.163+0530] {dag.py:2726} INFO - Sync 1 DAGs
[2023-05-21T17:13:19.173+0530] {logging_mixin.py:149} INFO - [2023-05-21T17:13:19.173+0530] {dag.py:3486} INFO - Setting next_dagrun for example_time_delta_sensor_async to None, run_after=None
[2023-05-21T17:13:19.259+0530] {processor.py:178} INFO - Processing /home/feuer/.local/lib/python3.10/site-packages/airflow/example_dags/example_time_delta_sensor_async.py took 0.125 seconds
[2023-05-21T17:14:02.478+0530] {processor.py:156} INFO - Started process (PID=58266) to work on /home/feuer/.local/lib/python3.10/site-packages/airflow/example_dags/example_time_delta_sensor_async.py
[2023-05-21T17:14:02.488+0530] {processor.py:799} INFO - Processing file /home/feuer/.local/lib/python3.10/site-packages/airflow/example_dags/example_time_delta_sensor_async.py for tasks to queue
[2023-05-21T17:14:02.488+0530] {logging_mixin.py:149} INFO - [2023-05-21T17:14:02.488+0530] {dagbag.py:541} INFO - Filling up the DagBag from /home/feuer/.local/lib/python3.10/site-packages/airflow/example_dags/example_time_delta_sensor_async.py
[2023-05-21T17:14:02.492+0530] {processor.py:809} INFO - DAG(s) dict_keys(['example_time_delta_sensor_async']) retrieved from /home/feuer/.local/lib/python3.10/site-packages/airflow/example_dags/example_time_delta_sensor_async.py
[2023-05-21T17:14:02.511+0530] {logging_mixin.py:149} INFO - [2023-05-21T17:14:02.511+0530] {dag.py:2726} INFO - Sync 1 DAGs
[2023-05-21T17:14:02.530+0530] {logging_mixin.py:149} INFO - [2023-05-21T17:14:02.530+0530] {dag.py:3486} INFO - Setting next_dagrun for example_time_delta_sensor_async to None, run_after=None
[2023-05-21T17:14:02.631+0530] {processor.py:178} INFO - Processing /home/feuer/.local/lib/python3.10/site-packages/airflow/example_dags/example_time_delta_sensor_async.py took 0.156 seconds
[2023-05-21T17:14:48.494+0530] {processor.py:156} INFO - Started process (PID=58390) to work on /home/feuer/.local/lib/python3.10/site-packages/airflow/example_dags/example_time_delta_sensor_async.py
[2023-05-21T17:14:48.507+0530] {processor.py:799} INFO - Processing file /home/feuer/.local/lib/python3.10/site-packages/airflow/example_dags/example_time_delta_sensor_async.py for tasks to queue
[2023-05-21T17:14:48.508+0530] {logging_mixin.py:149} INFO - [2023-05-21T17:14:48.507+0530] {dagbag.py:541} INFO - Filling up the DagBag from /home/feuer/.local/lib/python3.10/site-packages/airflow/example_dags/example_time_delta_sensor_async.py
[2023-05-21T17:14:48.511+0530] {processor.py:809} INFO - DAG(s) dict_keys(['example_time_delta_sensor_async']) retrieved from /home/feuer/.local/lib/python3.10/site-packages/airflow/example_dags/example_time_delta_sensor_async.py
[2023-05-21T17:14:48.522+0530] {logging_mixin.py:149} INFO - [2023-05-21T17:14:48.522+0530] {dag.py:2726} INFO - Sync 1 DAGs
[2023-05-21T17:14:48.533+0530] {logging_mixin.py:149} INFO - [2023-05-21T17:14:48.533+0530] {dag.py:3486} INFO - Setting next_dagrun for example_time_delta_sensor_async to None, run_after=None
[2023-05-21T17:14:48.614+0530] {processor.py:178} INFO - Processing /home/feuer/.local/lib/python3.10/site-packages/airflow/example_dags/example_time_delta_sensor_async.py took 0.123 seconds
[2023-05-21T17:15:37.870+0530] {processor.py:156} INFO - Started process (PID=58505) to work on /home/feuer/.local/lib/python3.10/site-packages/airflow/example_dags/example_time_delta_sensor_async.py
[2023-05-21T17:15:37.887+0530] {processor.py:799} INFO - Processing file /home/feuer/.local/lib/python3.10/site-packages/airflow/example_dags/example_time_delta_sensor_async.py for tasks to queue
[2023-05-21T17:15:37.888+0530] {logging_mixin.py:149} INFO - [2023-05-21T17:15:37.888+0530] {dagbag.py:541} INFO - Filling up the DagBag from /home/feuer/.local/lib/python3.10/site-packages/airflow/example_dags/example_time_delta_sensor_async.py
[2023-05-21T17:15:37.892+0530] {processor.py:809} INFO - DAG(s) dict_keys(['example_time_delta_sensor_async']) retrieved from /home/feuer/.local/lib/python3.10/site-packages/airflow/example_dags/example_time_delta_sensor_async.py
[2023-05-21T17:15:37.910+0530] {logging_mixin.py:149} INFO - [2023-05-21T17:15:37.910+0530] {dag.py:2726} INFO - Sync 1 DAGs
[2023-05-21T17:15:37.928+0530] {logging_mixin.py:149} INFO - [2023-05-21T17:15:37.928+0530] {dag.py:3486} INFO - Setting next_dagrun for example_time_delta_sensor_async to None, run_after=None
[2023-05-21T17:15:38.017+0530] {processor.py:178} INFO - Processing /home/feuer/.local/lib/python3.10/site-packages/airflow/example_dags/example_time_delta_sensor_async.py took 0.150 seconds
[2023-05-21T17:16:25.874+0530] {processor.py:156} INFO - Started process (PID=58614) to work on /home/feuer/.local/lib/python3.10/site-packages/airflow/example_dags/example_time_delta_sensor_async.py
[2023-05-21T17:16:25.884+0530] {processor.py:799} INFO - Processing file /home/feuer/.local/lib/python3.10/site-packages/airflow/example_dags/example_time_delta_sensor_async.py for tasks to queue
[2023-05-21T17:16:25.885+0530] {logging_mixin.py:149} INFO - [2023-05-21T17:16:25.885+0530] {dagbag.py:541} INFO - Filling up the DagBag from /home/feuer/.local/lib/python3.10/site-packages/airflow/example_dags/example_time_delta_sensor_async.py
[2023-05-21T17:16:25.889+0530] {processor.py:809} INFO - DAG(s) dict_keys(['example_time_delta_sensor_async']) retrieved from /home/feuer/.local/lib/python3.10/site-packages/airflow/example_dags/example_time_delta_sensor_async.py
[2023-05-21T17:16:25.907+0530] {logging_mixin.py:149} INFO - [2023-05-21T17:16:25.907+0530] {dag.py:2726} INFO - Sync 1 DAGs
[2023-05-21T17:16:25.925+0530] {logging_mixin.py:149} INFO - [2023-05-21T17:16:25.925+0530] {dag.py:3486} INFO - Setting next_dagrun for example_time_delta_sensor_async to None, run_after=None
[2023-05-21T17:16:26.012+0530] {processor.py:178} INFO - Processing /home/feuer/.local/lib/python3.10/site-packages/airflow/example_dags/example_time_delta_sensor_async.py took 0.141 seconds
[2023-05-21T17:17:12.079+0530] {processor.py:156} INFO - Started process (PID=58720) to work on /home/feuer/.local/lib/python3.10/site-packages/airflow/example_dags/example_time_delta_sensor_async.py
[2023-05-21T17:17:12.080+0530] {processor.py:799} INFO - Processing file /home/feuer/.local/lib/python3.10/site-packages/airflow/example_dags/example_time_delta_sensor_async.py for tasks to queue
[2023-05-21T17:17:12.080+0530] {logging_mixin.py:149} INFO - [2023-05-21T17:17:12.080+0530] {dagbag.py:541} INFO - Filling up the DagBag from /home/feuer/.local/lib/python3.10/site-packages/airflow/example_dags/example_time_delta_sensor_async.py
[2023-05-21T17:17:12.085+0530] {processor.py:809} INFO - DAG(s) dict_keys(['example_time_delta_sensor_async']) retrieved from /home/feuer/.local/lib/python3.10/site-packages/airflow/example_dags/example_time_delta_sensor_async.py
[2023-05-21T17:17:12.102+0530] {logging_mixin.py:149} INFO - [2023-05-21T17:17:12.102+0530] {dag.py:2726} INFO - Sync 1 DAGs
[2023-05-21T17:17:12.120+0530] {logging_mixin.py:149} INFO - [2023-05-21T17:17:12.120+0530] {dag.py:3486} INFO - Setting next_dagrun for example_time_delta_sensor_async to None, run_after=None
[2023-05-21T17:17:12.194+0530] {processor.py:178} INFO - Processing /home/feuer/.local/lib/python3.10/site-packages/airflow/example_dags/example_time_delta_sensor_async.py took 0.118 seconds
[2023-05-21T17:17:59.012+0530] {processor.py:156} INFO - Started process (PID=58834) to work on /home/feuer/.local/lib/python3.10/site-packages/airflow/example_dags/example_time_delta_sensor_async.py
[2023-05-21T17:17:59.013+0530] {processor.py:799} INFO - Processing file /home/feuer/.local/lib/python3.10/site-packages/airflow/example_dags/example_time_delta_sensor_async.py for tasks to queue
[2023-05-21T17:17:59.013+0530] {logging_mixin.py:149} INFO - [2023-05-21T17:17:59.013+0530] {dagbag.py:541} INFO - Filling up the DagBag from /home/feuer/.local/lib/python3.10/site-packages/airflow/example_dags/example_time_delta_sensor_async.py
[2023-05-21T17:17:59.017+0530] {processor.py:809} INFO - DAG(s) dict_keys(['example_time_delta_sensor_async']) retrieved from /home/feuer/.local/lib/python3.10/site-packages/airflow/example_dags/example_time_delta_sensor_async.py
[2023-05-21T17:17:59.035+0530] {logging_mixin.py:149} INFO - [2023-05-21T17:17:59.035+0530] {dag.py:2726} INFO - Sync 1 DAGs
[2023-05-21T17:17:59.053+0530] {logging_mixin.py:149} INFO - [2023-05-21T17:17:59.053+0530] {dag.py:3486} INFO - Setting next_dagrun for example_time_delta_sensor_async to None, run_after=None
[2023-05-21T17:17:59.124+0530] {processor.py:178} INFO - Processing /home/feuer/.local/lib/python3.10/site-packages/airflow/example_dags/example_time_delta_sensor_async.py took 0.115 seconds
[2023-05-21T17:18:43.976+0530] {processor.py:156} INFO - Started process (PID=58947) to work on /home/feuer/.local/lib/python3.10/site-packages/airflow/example_dags/example_time_delta_sensor_async.py
[2023-05-21T17:18:43.977+0530] {processor.py:799} INFO - Processing file /home/feuer/.local/lib/python3.10/site-packages/airflow/example_dags/example_time_delta_sensor_async.py for tasks to queue
[2023-05-21T17:18:43.978+0530] {logging_mixin.py:149} INFO - [2023-05-21T17:18:43.977+0530] {dagbag.py:541} INFO - Filling up the DagBag from /home/feuer/.local/lib/python3.10/site-packages/airflow/example_dags/example_time_delta_sensor_async.py
[2023-05-21T17:18:43.981+0530] {processor.py:809} INFO - DAG(s) dict_keys(['example_time_delta_sensor_async']) retrieved from /home/feuer/.local/lib/python3.10/site-packages/airflow/example_dags/example_time_delta_sensor_async.py
[2023-05-21T17:18:44.000+0530] {logging_mixin.py:149} INFO - [2023-05-21T17:18:44.000+0530] {dag.py:2726} INFO - Sync 1 DAGs
[2023-05-21T17:18:44.018+0530] {logging_mixin.py:149} INFO - [2023-05-21T17:18:44.018+0530] {dag.py:3486} INFO - Setting next_dagrun for example_time_delta_sensor_async to None, run_after=None
[2023-05-21T17:18:44.105+0530] {processor.py:178} INFO - Processing /home/feuer/.local/lib/python3.10/site-packages/airflow/example_dags/example_time_delta_sensor_async.py took 0.132 seconds
[2023-05-21T17:19:31.330+0530] {processor.py:156} INFO - Started process (PID=59067) to work on /home/feuer/.local/lib/python3.10/site-packages/airflow/example_dags/example_time_delta_sensor_async.py
[2023-05-21T17:19:31.343+0530] {processor.py:799} INFO - Processing file /home/feuer/.local/lib/python3.10/site-packages/airflow/example_dags/example_time_delta_sensor_async.py for tasks to queue
[2023-05-21T17:19:31.343+0530] {logging_mixin.py:149} INFO - [2023-05-21T17:19:31.343+0530] {dagbag.py:541} INFO - Filling up the DagBag from /home/feuer/.local/lib/python3.10/site-packages/airflow/example_dags/example_time_delta_sensor_async.py
[2023-05-21T17:19:31.347+0530] {processor.py:809} INFO - DAG(s) dict_keys(['example_time_delta_sensor_async']) retrieved from /home/feuer/.local/lib/python3.10/site-packages/airflow/example_dags/example_time_delta_sensor_async.py
[2023-05-21T17:19:31.365+0530] {logging_mixin.py:149} INFO - [2023-05-21T17:19:31.365+0530] {dag.py:2726} INFO - Sync 1 DAGs
[2023-05-21T17:19:31.384+0530] {logging_mixin.py:149} INFO - [2023-05-21T17:19:31.384+0530] {dag.py:3486} INFO - Setting next_dagrun for example_time_delta_sensor_async to None, run_after=None
[2023-05-21T17:19:31.475+0530] {processor.py:178} INFO - Processing /home/feuer/.local/lib/python3.10/site-packages/airflow/example_dags/example_time_delta_sensor_async.py took 0.148 seconds
[2023-05-21T17:20:17.521+0530] {processor.py:156} INFO - Started process (PID=59182) to work on /home/feuer/.local/lib/python3.10/site-packages/airflow/example_dags/example_time_delta_sensor_async.py
[2023-05-21T17:20:17.521+0530] {processor.py:799} INFO - Processing file /home/feuer/.local/lib/python3.10/site-packages/airflow/example_dags/example_time_delta_sensor_async.py for tasks to queue
[2023-05-21T17:20:17.522+0530] {logging_mixin.py:149} INFO - [2023-05-21T17:20:17.522+0530] {dagbag.py:541} INFO - Filling up the DagBag from /home/feuer/.local/lib/python3.10/site-packages/airflow/example_dags/example_time_delta_sensor_async.py
[2023-05-21T17:20:17.526+0530] {processor.py:809} INFO - DAG(s) dict_keys(['example_time_delta_sensor_async']) retrieved from /home/feuer/.local/lib/python3.10/site-packages/airflow/example_dags/example_time_delta_sensor_async.py
[2023-05-21T17:20:17.544+0530] {logging_mixin.py:149} INFO - [2023-05-21T17:20:17.544+0530] {dag.py:2726} INFO - Sync 1 DAGs
[2023-05-21T17:20:17.560+0530] {logging_mixin.py:149} INFO - [2023-05-21T17:20:17.560+0530] {dag.py:3486} INFO - Setting next_dagrun for example_time_delta_sensor_async to None, run_after=None
[2023-05-21T17:20:17.649+0530] {processor.py:178} INFO - Processing /home/feuer/.local/lib/python3.10/site-packages/airflow/example_dags/example_time_delta_sensor_async.py took 0.132 seconds
[2023-05-21T17:21:43.353+0530] {processor.py:156} INFO - Started process (PID=59547) to work on /home/feuer/.local/lib/python3.10/site-packages/airflow/example_dags/example_time_delta_sensor_async.py
[2023-05-21T17:21:43.468+0530] {processor.py:799} INFO - Processing file /home/feuer/.local/lib/python3.10/site-packages/airflow/example_dags/example_time_delta_sensor_async.py for tasks to queue
[2023-05-21T17:21:43.469+0530] {logging_mixin.py:149} INFO - [2023-05-21T17:21:43.469+0530] {dagbag.py:541} INFO - Filling up the DagBag from /home/feuer/.local/lib/python3.10/site-packages/airflow/example_dags/example_time_delta_sensor_async.py
[2023-05-21T17:21:43.473+0530] {processor.py:809} INFO - DAG(s) dict_keys(['example_time_delta_sensor_async']) retrieved from /home/feuer/.local/lib/python3.10/site-packages/airflow/example_dags/example_time_delta_sensor_async.py
[2023-05-21T17:21:43.491+0530] {logging_mixin.py:149} INFO - [2023-05-21T17:21:43.491+0530] {dag.py:2726} INFO - Sync 1 DAGs
[2023-05-21T17:21:43.511+0530] {logging_mixin.py:149} INFO - [2023-05-21T17:21:43.511+0530] {dag.py:3486} INFO - Setting next_dagrun for example_time_delta_sensor_async to None, run_after=None
[2023-05-21T17:21:43.722+0530] {processor.py:178} INFO - Processing /home/feuer/.local/lib/python3.10/site-packages/airflow/example_dags/example_time_delta_sensor_async.py took 0.372 seconds
