[2023-05-21T19:38:36.773+0530] {processor.py:156} INFO - Started process (PID=23452) to work on /home/feuer/.local/lib/python3.10/site-packages/airflow/example_dags/example_branch_operator_decorator.py
[2023-05-21T19:38:36.774+0530] {processor.py:799} INFO - Processing file /home/feuer/.local/lib/python3.10/site-packages/airflow/example_dags/example_branch_operator_decorator.py for tasks to queue
[2023-05-21T19:38:36.774+0530] {logging_mixin.py:149} INFO - [2023-05-21T19:38:36.774+0530] {dagbag.py:541} INFO - Filling up the DagBag from /home/feuer/.local/lib/python3.10/site-packages/airflow/example_dags/example_branch_operator_decorator.py
[2023-05-21T19:38:36.940+0530] {processor.py:809} INFO - DAG(s) dict_keys(['example_branch_python_operator_decorator']) retrieved from /home/feuer/.local/lib/python3.10/site-packages/airflow/example_dags/example_branch_operator_decorator.py
[2023-05-21T19:38:36.965+0530] {logging_mixin.py:149} INFO - [2023-05-21T19:38:36.965+0530] {dag.py:2726} INFO - Sync 1 DAGs
[2023-05-21T19:38:36.990+0530] {logging_mixin.py:149} INFO - [2023-05-21T19:38:36.990+0530] {dag.py:3486} INFO - Setting next_dagrun for example_branch_python_operator_decorator to 2023-05-20T00:00:00+00:00, run_after=2023-05-21T00:00:00+00:00
[2023-05-21T19:38:37.414+0530] {processor.py:178} INFO - Processing /home/feuer/.local/lib/python3.10/site-packages/airflow/example_dags/example_branch_operator_decorator.py took 0.644 seconds
[2023-05-21T19:40:47.577+0530] {processor.py:156} INFO - Started process (PID=24048) to work on /home/feuer/.local/lib/python3.10/site-packages/airflow/example_dags/example_branch_operator_decorator.py
[2023-05-21T19:40:47.591+0530] {processor.py:799} INFO - Processing file /home/feuer/.local/lib/python3.10/site-packages/airflow/example_dags/example_branch_operator_decorator.py for tasks to queue
[2023-05-21T19:40:47.591+0530] {logging_mixin.py:149} INFO - [2023-05-21T19:40:47.591+0530] {dagbag.py:541} INFO - Filling up the DagBag from /home/feuer/.local/lib/python3.10/site-packages/airflow/example_dags/example_branch_operator_decorator.py
[2023-05-21T19:40:47.613+0530] {processor.py:809} INFO - DAG(s) dict_keys(['example_branch_python_operator_decorator']) retrieved from /home/feuer/.local/lib/python3.10/site-packages/airflow/example_dags/example_branch_operator_decorator.py
[2023-05-21T19:40:47.648+0530] {logging_mixin.py:149} INFO - [2023-05-21T19:40:47.647+0530] {dag.py:2726} INFO - Sync 1 DAGs
[2023-05-21T19:40:47.661+0530] {logging_mixin.py:149} INFO - [2023-05-21T19:40:47.661+0530] {dag.py:3486} INFO - Setting next_dagrun for example_branch_python_operator_decorator to 2023-05-20T00:00:00+00:00, run_after=2023-05-21T00:00:00+00:00
[2023-05-21T19:40:47.752+0530] {processor.py:178} INFO - Processing /home/feuer/.local/lib/python3.10/site-packages/airflow/example_dags/example_branch_operator_decorator.py took 0.178 seconds
[2023-05-21T19:42:32.967+0530] {processor.py:156} INFO - Started process (PID=24578) to work on /home/feuer/.local/lib/python3.10/site-packages/airflow/example_dags/example_branch_operator_decorator.py
[2023-05-21T19:42:32.977+0530] {processor.py:799} INFO - Processing file /home/feuer/.local/lib/python3.10/site-packages/airflow/example_dags/example_branch_operator_decorator.py for tasks to queue
[2023-05-21T19:42:32.977+0530] {logging_mixin.py:149} INFO - [2023-05-21T19:42:32.977+0530] {dagbag.py:541} INFO - Filling up the DagBag from /home/feuer/.local/lib/python3.10/site-packages/airflow/example_dags/example_branch_operator_decorator.py
[2023-05-21T19:42:32.995+0530] {processor.py:809} INFO - DAG(s) dict_keys(['example_branch_python_operator_decorator']) retrieved from /home/feuer/.local/lib/python3.10/site-packages/airflow/example_dags/example_branch_operator_decorator.py
[2023-05-21T19:42:33.009+0530] {logging_mixin.py:149} INFO - [2023-05-21T19:42:33.009+0530] {dag.py:2726} INFO - Sync 1 DAGs
[2023-05-21T19:42:33.023+0530] {logging_mixin.py:149} INFO - [2023-05-21T19:42:33.023+0530] {dag.py:3486} INFO - Setting next_dagrun for example_branch_python_operator_decorator to 2023-05-20T00:00:00+00:00, run_after=2023-05-21T00:00:00+00:00
[2023-05-21T19:42:33.120+0530] {processor.py:178} INFO - Processing /home/feuer/.local/lib/python3.10/site-packages/airflow/example_dags/example_branch_operator_decorator.py took 0.155 seconds
[2023-05-21T19:43:29.864+0530] {processor.py:156} INFO - Started process (PID=24728) to work on /home/feuer/.local/lib/python3.10/site-packages/airflow/example_dags/example_branch_operator_decorator.py
[2023-05-21T19:43:29.865+0530] {processor.py:799} INFO - Processing file /home/feuer/.local/lib/python3.10/site-packages/airflow/example_dags/example_branch_operator_decorator.py for tasks to queue
[2023-05-21T19:43:29.866+0530] {logging_mixin.py:149} INFO - [2023-05-21T19:43:29.865+0530] {dagbag.py:541} INFO - Filling up the DagBag from /home/feuer/.local/lib/python3.10/site-packages/airflow/example_dags/example_branch_operator_decorator.py
[2023-05-21T19:43:29.876+0530] {processor.py:809} INFO - DAG(s) dict_keys(['example_branch_python_operator_decorator']) retrieved from /home/feuer/.local/lib/python3.10/site-packages/airflow/example_dags/example_branch_operator_decorator.py
[2023-05-21T19:43:29.897+0530] {logging_mixin.py:149} INFO - [2023-05-21T19:43:29.897+0530] {dag.py:2726} INFO - Sync 1 DAGs
[2023-05-21T19:43:29.913+0530] {logging_mixin.py:149} INFO - [2023-05-21T19:43:29.913+0530] {dag.py:3486} INFO - Setting next_dagrun for example_branch_python_operator_decorator to 2023-05-20T00:00:00+00:00, run_after=2023-05-21T00:00:00+00:00
[2023-05-21T19:43:29.988+0530] {processor.py:178} INFO - Processing /home/feuer/.local/lib/python3.10/site-packages/airflow/example_dags/example_branch_operator_decorator.py took 0.127 seconds
[2023-05-21T19:44:44.266+0530] {processor.py:156} INFO - Started process (PID=24958) to work on /home/feuer/.local/lib/python3.10/site-packages/airflow/example_dags/example_branch_operator_decorator.py
[2023-05-21T19:44:44.267+0530] {processor.py:799} INFO - Processing file /home/feuer/.local/lib/python3.10/site-packages/airflow/example_dags/example_branch_operator_decorator.py for tasks to queue
[2023-05-21T19:44:44.268+0530] {logging_mixin.py:149} INFO - [2023-05-21T19:44:44.268+0530] {dagbag.py:541} INFO - Filling up the DagBag from /home/feuer/.local/lib/python3.10/site-packages/airflow/example_dags/example_branch_operator_decorator.py
[2023-05-21T19:44:44.279+0530] {processor.py:809} INFO - DAG(s) dict_keys(['example_branch_python_operator_decorator']) retrieved from /home/feuer/.local/lib/python3.10/site-packages/airflow/example_dags/example_branch_operator_decorator.py
[2023-05-21T19:44:44.302+0530] {logging_mixin.py:149} INFO - [2023-05-21T19:44:44.302+0530] {dag.py:2726} INFO - Sync 1 DAGs
[2023-05-21T19:44:44.320+0530] {logging_mixin.py:149} INFO - [2023-05-21T19:44:44.320+0530] {dag.py:3486} INFO - Setting next_dagrun for example_branch_python_operator_decorator to 2023-05-20T00:00:00+00:00, run_after=2023-05-21T00:00:00+00:00
[2023-05-21T19:44:44.401+0530] {processor.py:178} INFO - Processing /home/feuer/.local/lib/python3.10/site-packages/airflow/example_dags/example_branch_operator_decorator.py took 0.138 seconds
[2023-05-21T19:45:39.598+0530] {processor.py:156} INFO - Started process (PID=25091) to work on /home/feuer/.local/lib/python3.10/site-packages/airflow/example_dags/example_branch_operator_decorator.py
[2023-05-21T19:45:39.599+0530] {processor.py:799} INFO - Processing file /home/feuer/.local/lib/python3.10/site-packages/airflow/example_dags/example_branch_operator_decorator.py for tasks to queue
[2023-05-21T19:45:39.599+0530] {logging_mixin.py:149} INFO - [2023-05-21T19:45:39.599+0530] {dagbag.py:541} INFO - Filling up the DagBag from /home/feuer/.local/lib/python3.10/site-packages/airflow/example_dags/example_branch_operator_decorator.py
[2023-05-21T19:45:39.606+0530] {processor.py:809} INFO - DAG(s) dict_keys(['example_branch_python_operator_decorator']) retrieved from /home/feuer/.local/lib/python3.10/site-packages/airflow/example_dags/example_branch_operator_decorator.py
[2023-05-21T19:45:39.620+0530] {logging_mixin.py:149} INFO - [2023-05-21T19:45:39.620+0530] {dag.py:2726} INFO - Sync 1 DAGs
[2023-05-21T19:45:39.633+0530] {logging_mixin.py:149} INFO - [2023-05-21T19:45:39.633+0530] {dag.py:3486} INFO - Setting next_dagrun for example_branch_python_operator_decorator to 2023-05-20T00:00:00+00:00, run_after=2023-05-21T00:00:00+00:00
[2023-05-21T19:45:39.714+0530] {processor.py:178} INFO - Processing /home/feuer/.local/lib/python3.10/site-packages/airflow/example_dags/example_branch_operator_decorator.py took 0.119 seconds
[2023-05-21T19:46:33.546+0530] {processor.py:156} INFO - Started process (PID=25200) to work on /home/feuer/.local/lib/python3.10/site-packages/airflow/example_dags/example_branch_operator_decorator.py
[2023-05-21T19:46:33.547+0530] {processor.py:799} INFO - Processing file /home/feuer/.local/lib/python3.10/site-packages/airflow/example_dags/example_branch_operator_decorator.py for tasks to queue
[2023-05-21T19:46:33.547+0530] {logging_mixin.py:149} INFO - [2023-05-21T19:46:33.547+0530] {dagbag.py:541} INFO - Filling up the DagBag from /home/feuer/.local/lib/python3.10/site-packages/airflow/example_dags/example_branch_operator_decorator.py
[2023-05-21T19:46:33.555+0530] {processor.py:809} INFO - DAG(s) dict_keys(['example_branch_python_operator_decorator']) retrieved from /home/feuer/.local/lib/python3.10/site-packages/airflow/example_dags/example_branch_operator_decorator.py
[2023-05-21T19:46:33.569+0530] {logging_mixin.py:149} INFO - [2023-05-21T19:46:33.568+0530] {dag.py:2726} INFO - Sync 1 DAGs
[2023-05-21T19:46:33.580+0530] {logging_mixin.py:149} INFO - [2023-05-21T19:46:33.580+0530] {dag.py:3486} INFO - Setting next_dagrun for example_branch_python_operator_decorator to 2023-05-20T00:00:00+00:00, run_after=2023-05-21T00:00:00+00:00
[2023-05-21T19:46:33.652+0530] {processor.py:178} INFO - Processing /home/feuer/.local/lib/python3.10/site-packages/airflow/example_dags/example_branch_operator_decorator.py took 0.108 seconds
[2023-05-21T19:47:25.887+0530] {processor.py:156} INFO - Started process (PID=25313) to work on /home/feuer/.local/lib/python3.10/site-packages/airflow/example_dags/example_branch_operator_decorator.py
[2023-05-21T19:47:25.888+0530] {processor.py:799} INFO - Processing file /home/feuer/.local/lib/python3.10/site-packages/airflow/example_dags/example_branch_operator_decorator.py for tasks to queue
[2023-05-21T19:47:25.888+0530] {logging_mixin.py:149} INFO - [2023-05-21T19:47:25.888+0530] {dagbag.py:541} INFO - Filling up the DagBag from /home/feuer/.local/lib/python3.10/site-packages/airflow/example_dags/example_branch_operator_decorator.py
[2023-05-21T19:47:25.896+0530] {processor.py:809} INFO - DAG(s) dict_keys(['example_branch_python_operator_decorator']) retrieved from /home/feuer/.local/lib/python3.10/site-packages/airflow/example_dags/example_branch_operator_decorator.py
[2023-05-21T19:47:25.910+0530] {logging_mixin.py:149} INFO - [2023-05-21T19:47:25.910+0530] {dag.py:2726} INFO - Sync 1 DAGs
[2023-05-21T19:47:25.922+0530] {logging_mixin.py:149} INFO - [2023-05-21T19:47:25.922+0530] {dag.py:3486} INFO - Setting next_dagrun for example_branch_python_operator_decorator to 2023-05-20T00:00:00+00:00, run_after=2023-05-21T00:00:00+00:00
[2023-05-21T19:47:26.108+0530] {processor.py:178} INFO - Processing /home/feuer/.local/lib/python3.10/site-packages/airflow/example_dags/example_branch_operator_decorator.py took 0.224 seconds
[2023-05-21T19:48:19.493+0530] {processor.py:156} INFO - Started process (PID=25426) to work on /home/feuer/.local/lib/python3.10/site-packages/airflow/example_dags/example_branch_operator_decorator.py
[2023-05-21T19:48:19.494+0530] {processor.py:799} INFO - Processing file /home/feuer/.local/lib/python3.10/site-packages/airflow/example_dags/example_branch_operator_decorator.py for tasks to queue
[2023-05-21T19:48:19.495+0530] {logging_mixin.py:149} INFO - [2023-05-21T19:48:19.495+0530] {dagbag.py:541} INFO - Filling up the DagBag from /home/feuer/.local/lib/python3.10/site-packages/airflow/example_dags/example_branch_operator_decorator.py
[2023-05-21T19:48:19.505+0530] {processor.py:809} INFO - DAG(s) dict_keys(['example_branch_python_operator_decorator']) retrieved from /home/feuer/.local/lib/python3.10/site-packages/airflow/example_dags/example_branch_operator_decorator.py
[2023-05-21T19:48:19.527+0530] {logging_mixin.py:149} INFO - [2023-05-21T19:48:19.527+0530] {dag.py:2726} INFO - Sync 1 DAGs
[2023-05-21T19:48:19.544+0530] {logging_mixin.py:149} INFO - [2023-05-21T19:48:19.543+0530] {dag.py:3486} INFO - Setting next_dagrun for example_branch_python_operator_decorator to 2023-05-20T00:00:00+00:00, run_after=2023-05-21T00:00:00+00:00
[2023-05-21T19:48:19.623+0530] {processor.py:178} INFO - Processing /home/feuer/.local/lib/python3.10/site-packages/airflow/example_dags/example_branch_operator_decorator.py took 0.133 seconds
[2023-05-21T19:49:13.414+0530] {processor.py:156} INFO - Started process (PID=25536) to work on /home/feuer/.local/lib/python3.10/site-packages/airflow/example_dags/example_branch_operator_decorator.py
[2023-05-21T19:49:13.414+0530] {processor.py:799} INFO - Processing file /home/feuer/.local/lib/python3.10/site-packages/airflow/example_dags/example_branch_operator_decorator.py for tasks to queue
[2023-05-21T19:49:13.415+0530] {logging_mixin.py:149} INFO - [2023-05-21T19:49:13.415+0530] {dagbag.py:541} INFO - Filling up the DagBag from /home/feuer/.local/lib/python3.10/site-packages/airflow/example_dags/example_branch_operator_decorator.py
[2023-05-21T19:49:13.425+0530] {processor.py:809} INFO - DAG(s) dict_keys(['example_branch_python_operator_decorator']) retrieved from /home/feuer/.local/lib/python3.10/site-packages/airflow/example_dags/example_branch_operator_decorator.py
[2023-05-21T19:49:13.448+0530] {logging_mixin.py:149} INFO - [2023-05-21T19:49:13.448+0530] {dag.py:2726} INFO - Sync 1 DAGs
[2023-05-21T19:49:13.464+0530] {logging_mixin.py:149} INFO - [2023-05-21T19:49:13.464+0530] {dag.py:3486} INFO - Setting next_dagrun for example_branch_python_operator_decorator to 2023-05-20T00:00:00+00:00, run_after=2023-05-21T00:00:00+00:00
[2023-05-21T19:49:13.549+0530] {processor.py:178} INFO - Processing /home/feuer/.local/lib/python3.10/site-packages/airflow/example_dags/example_branch_operator_decorator.py took 0.138 seconds
[2023-05-21T19:50:30.711+0530] {processor.py:156} INFO - Started process (PID=25731) to work on /home/feuer/.local/lib/python3.10/site-packages/airflow/example_dags/example_branch_operator_decorator.py
[2023-05-21T19:50:30.728+0530] {processor.py:799} INFO - Processing file /home/feuer/.local/lib/python3.10/site-packages/airflow/example_dags/example_branch_operator_decorator.py for tasks to queue
[2023-05-21T19:50:30.728+0530] {logging_mixin.py:149} INFO - [2023-05-21T19:50:30.728+0530] {dagbag.py:541} INFO - Filling up the DagBag from /home/feuer/.local/lib/python3.10/site-packages/airflow/example_dags/example_branch_operator_decorator.py
[2023-05-21T19:50:30.739+0530] {processor.py:809} INFO - DAG(s) dict_keys(['example_branch_python_operator_decorator']) retrieved from /home/feuer/.local/lib/python3.10/site-packages/airflow/example_dags/example_branch_operator_decorator.py
[2023-05-21T19:50:30.770+0530] {logging_mixin.py:149} INFO - [2023-05-21T19:50:30.770+0530] {dag.py:2726} INFO - Sync 1 DAGs
[2023-05-21T19:50:30.788+0530] {logging_mixin.py:149} INFO - [2023-05-21T19:50:30.788+0530] {dag.py:3486} INFO - Setting next_dagrun for example_branch_python_operator_decorator to 2023-05-20T00:00:00+00:00, run_after=2023-05-21T00:00:00+00:00
[2023-05-21T19:50:30.858+0530] {processor.py:178} INFO - Processing /home/feuer/.local/lib/python3.10/site-packages/airflow/example_dags/example_branch_operator_decorator.py took 0.150 seconds
[2023-05-21T19:51:23.759+0530] {processor.py:156} INFO - Started process (PID=25856) to work on /home/feuer/.local/lib/python3.10/site-packages/airflow/example_dags/example_branch_operator_decorator.py
[2023-05-21T19:51:23.775+0530] {processor.py:799} INFO - Processing file /home/feuer/.local/lib/python3.10/site-packages/airflow/example_dags/example_branch_operator_decorator.py for tasks to queue
[2023-05-21T19:51:23.776+0530] {logging_mixin.py:149} INFO - [2023-05-21T19:51:23.776+0530] {dagbag.py:541} INFO - Filling up the DagBag from /home/feuer/.local/lib/python3.10/site-packages/airflow/example_dags/example_branch_operator_decorator.py
[2023-05-21T19:51:23.786+0530] {processor.py:809} INFO - DAG(s) dict_keys(['example_branch_python_operator_decorator']) retrieved from /home/feuer/.local/lib/python3.10/site-packages/airflow/example_dags/example_branch_operator_decorator.py
[2023-05-21T19:51:23.808+0530] {logging_mixin.py:149} INFO - [2023-05-21T19:51:23.807+0530] {dag.py:2726} INFO - Sync 1 DAGs
[2023-05-21T19:51:23.828+0530] {logging_mixin.py:149} INFO - [2023-05-21T19:51:23.828+0530] {dag.py:3486} INFO - Setting next_dagrun for example_branch_python_operator_decorator to 2023-05-20T00:00:00+00:00, run_after=2023-05-21T00:00:00+00:00
[2023-05-21T19:51:23.904+0530] {processor.py:178} INFO - Processing /home/feuer/.local/lib/python3.10/site-packages/airflow/example_dags/example_branch_operator_decorator.py took 0.148 seconds
[2023-05-21T19:52:38.112+0530] {processor.py:156} INFO - Started process (PID=26054) to work on /home/feuer/.local/lib/python3.10/site-packages/airflow/example_dags/example_branch_operator_decorator.py
[2023-05-21T19:52:38.127+0530] {processor.py:799} INFO - Processing file /home/feuer/.local/lib/python3.10/site-packages/airflow/example_dags/example_branch_operator_decorator.py for tasks to queue
[2023-05-21T19:52:38.127+0530] {logging_mixin.py:149} INFO - [2023-05-21T19:52:38.127+0530] {dagbag.py:541} INFO - Filling up the DagBag from /home/feuer/.local/lib/python3.10/site-packages/airflow/example_dags/example_branch_operator_decorator.py
[2023-05-21T19:52:38.134+0530] {processor.py:809} INFO - DAG(s) dict_keys(['example_branch_python_operator_decorator']) retrieved from /home/feuer/.local/lib/python3.10/site-packages/airflow/example_dags/example_branch_operator_decorator.py
[2023-05-21T19:52:38.147+0530] {logging_mixin.py:149} INFO - [2023-05-21T19:52:38.146+0530] {dag.py:2726} INFO - Sync 1 DAGs
[2023-05-21T19:52:38.160+0530] {logging_mixin.py:149} INFO - [2023-05-21T19:52:38.160+0530] {dag.py:3486} INFO - Setting next_dagrun for example_branch_python_operator_decorator to 2023-05-20T00:00:00+00:00, run_after=2023-05-21T00:00:00+00:00
[2023-05-21T19:52:38.225+0530] {processor.py:178} INFO - Processing /home/feuer/.local/lib/python3.10/site-packages/airflow/example_dags/example_branch_operator_decorator.py took 0.116 seconds
[2023-05-21T19:53:52.455+0530] {processor.py:156} INFO - Started process (PID=26224) to work on /home/feuer/.local/lib/python3.10/site-packages/airflow/example_dags/example_branch_operator_decorator.py
[2023-05-21T19:53:52.465+0530] {processor.py:799} INFO - Processing file /home/feuer/.local/lib/python3.10/site-packages/airflow/example_dags/example_branch_operator_decorator.py for tasks to queue
[2023-05-21T19:53:52.465+0530] {logging_mixin.py:149} INFO - [2023-05-21T19:53:52.465+0530] {dagbag.py:541} INFO - Filling up the DagBag from /home/feuer/.local/lib/python3.10/site-packages/airflow/example_dags/example_branch_operator_decorator.py
[2023-05-21T19:53:52.472+0530] {processor.py:809} INFO - DAG(s) dict_keys(['example_branch_python_operator_decorator']) retrieved from /home/feuer/.local/lib/python3.10/site-packages/airflow/example_dags/example_branch_operator_decorator.py
[2023-05-21T19:53:52.486+0530] {logging_mixin.py:149} INFO - [2023-05-21T19:53:52.486+0530] {dag.py:2726} INFO - Sync 1 DAGs
[2023-05-21T19:53:52.501+0530] {logging_mixin.py:149} INFO - [2023-05-21T19:53:52.501+0530] {dag.py:3486} INFO - Setting next_dagrun for example_branch_python_operator_decorator to 2023-05-20T00:00:00+00:00, run_after=2023-05-21T00:00:00+00:00
[2023-05-21T19:53:52.579+0530] {processor.py:178} INFO - Processing /home/feuer/.local/lib/python3.10/site-packages/airflow/example_dags/example_branch_operator_decorator.py took 0.126 seconds
[2023-05-21T19:54:44.331+0530] {processor.py:156} INFO - Started process (PID=26357) to work on /home/feuer/.local/lib/python3.10/site-packages/airflow/example_dags/example_branch_operator_decorator.py
[2023-05-21T19:54:44.332+0530] {processor.py:799} INFO - Processing file /home/feuer/.local/lib/python3.10/site-packages/airflow/example_dags/example_branch_operator_decorator.py for tasks to queue
[2023-05-21T19:54:44.332+0530] {logging_mixin.py:149} INFO - [2023-05-21T19:54:44.332+0530] {dagbag.py:541} INFO - Filling up the DagBag from /home/feuer/.local/lib/python3.10/site-packages/airflow/example_dags/example_branch_operator_decorator.py
[2023-05-21T19:54:44.343+0530] {processor.py:809} INFO - DAG(s) dict_keys(['example_branch_python_operator_decorator']) retrieved from /home/feuer/.local/lib/python3.10/site-packages/airflow/example_dags/example_branch_operator_decorator.py
[2023-05-21T19:54:44.365+0530] {logging_mixin.py:149} INFO - [2023-05-21T19:54:44.365+0530] {dag.py:2726} INFO - Sync 1 DAGs
[2023-05-21T19:54:44.381+0530] {logging_mixin.py:149} INFO - [2023-05-21T19:54:44.381+0530] {dag.py:3486} INFO - Setting next_dagrun for example_branch_python_operator_decorator to 2023-05-20T00:00:00+00:00, run_after=2023-05-21T00:00:00+00:00
[2023-05-21T19:54:44.452+0530] {processor.py:178} INFO - Processing /home/feuer/.local/lib/python3.10/site-packages/airflow/example_dags/example_branch_operator_decorator.py took 0.125 seconds
[2023-05-21T19:56:06.613+0530] {processor.py:156} INFO - Started process (PID=26585) to work on /home/feuer/.local/lib/python3.10/site-packages/airflow/example_dags/example_branch_operator_decorator.py
[2023-05-21T19:56:06.636+0530] {processor.py:799} INFO - Processing file /home/feuer/.local/lib/python3.10/site-packages/airflow/example_dags/example_branch_operator_decorator.py for tasks to queue
[2023-05-21T19:56:06.636+0530] {logging_mixin.py:149} INFO - [2023-05-21T19:56:06.636+0530] {dagbag.py:541} INFO - Filling up the DagBag from /home/feuer/.local/lib/python3.10/site-packages/airflow/example_dags/example_branch_operator_decorator.py
[2023-05-21T19:56:06.655+0530] {processor.py:809} INFO - DAG(s) dict_keys(['example_branch_python_operator_decorator']) retrieved from /home/feuer/.local/lib/python3.10/site-packages/airflow/example_dags/example_branch_operator_decorator.py
[2023-05-21T19:56:06.688+0530] {logging_mixin.py:149} INFO - [2023-05-21T19:56:06.688+0530] {dag.py:2726} INFO - Sync 1 DAGs
[2023-05-21T19:56:06.709+0530] {logging_mixin.py:149} INFO - [2023-05-21T19:56:06.709+0530] {dag.py:3486} INFO - Setting next_dagrun for example_branch_python_operator_decorator to 2023-05-20T00:00:00+00:00, run_after=2023-05-21T00:00:00+00:00
[2023-05-21T19:56:06.804+0530] {processor.py:178} INFO - Processing /home/feuer/.local/lib/python3.10/site-packages/airflow/example_dags/example_branch_operator_decorator.py took 0.194 seconds
[2023-05-21T19:57:03.532+0530] {processor.py:156} INFO - Started process (PID=26761) to work on /home/feuer/.local/lib/python3.10/site-packages/airflow/example_dags/example_branch_operator_decorator.py
[2023-05-21T19:57:03.549+0530] {processor.py:799} INFO - Processing file /home/feuer/.local/lib/python3.10/site-packages/airflow/example_dags/example_branch_operator_decorator.py for tasks to queue
[2023-05-21T19:57:03.550+0530] {logging_mixin.py:149} INFO - [2023-05-21T19:57:03.550+0530] {dagbag.py:541} INFO - Filling up the DagBag from /home/feuer/.local/lib/python3.10/site-packages/airflow/example_dags/example_branch_operator_decorator.py
[2023-05-21T19:57:03.561+0530] {processor.py:809} INFO - DAG(s) dict_keys(['example_branch_python_operator_decorator']) retrieved from /home/feuer/.local/lib/python3.10/site-packages/airflow/example_dags/example_branch_operator_decorator.py
[2023-05-21T19:57:03.582+0530] {logging_mixin.py:149} INFO - [2023-05-21T19:57:03.582+0530] {dag.py:2726} INFO - Sync 1 DAGs
[2023-05-21T19:57:03.603+0530] {logging_mixin.py:149} INFO - [2023-05-21T19:57:03.603+0530] {dag.py:3486} INFO - Setting next_dagrun for example_branch_python_operator_decorator to 2023-05-20T00:00:00+00:00, run_after=2023-05-21T00:00:00+00:00
[2023-05-21T19:57:03.687+0530] {processor.py:178} INFO - Processing /home/feuer/.local/lib/python3.10/site-packages/airflow/example_dags/example_branch_operator_decorator.py took 0.158 seconds
[2023-05-21T19:58:19.499+0530] {processor.py:156} INFO - Started process (PID=26928) to work on /home/feuer/.local/lib/python3.10/site-packages/airflow/example_dags/example_branch_operator_decorator.py
[2023-05-21T19:58:19.500+0530] {processor.py:799} INFO - Processing file /home/feuer/.local/lib/python3.10/site-packages/airflow/example_dags/example_branch_operator_decorator.py for tasks to queue
[2023-05-21T19:58:19.501+0530] {logging_mixin.py:149} INFO - [2023-05-21T19:58:19.500+0530] {dagbag.py:541} INFO - Filling up the DagBag from /home/feuer/.local/lib/python3.10/site-packages/airflow/example_dags/example_branch_operator_decorator.py
[2023-05-21T19:58:19.511+0530] {processor.py:809} INFO - DAG(s) dict_keys(['example_branch_python_operator_decorator']) retrieved from /home/feuer/.local/lib/python3.10/site-packages/airflow/example_dags/example_branch_operator_decorator.py
[2023-05-21T19:58:19.533+0530] {logging_mixin.py:149} INFO - [2023-05-21T19:58:19.533+0530] {dag.py:2726} INFO - Sync 1 DAGs
[2023-05-21T19:58:19.548+0530] {logging_mixin.py:149} INFO - [2023-05-21T19:58:19.548+0530] {dag.py:3486} INFO - Setting next_dagrun for example_branch_python_operator_decorator to 2023-05-20T00:00:00+00:00, run_after=2023-05-21T00:00:00+00:00
[2023-05-21T19:58:19.616+0530] {processor.py:178} INFO - Processing /home/feuer/.local/lib/python3.10/site-packages/airflow/example_dags/example_branch_operator_decorator.py took 0.120 seconds
[2023-05-21T19:59:11.786+0530] {processor.py:156} INFO - Started process (PID=27089) to work on /home/feuer/.local/lib/python3.10/site-packages/airflow/example_dags/example_branch_operator_decorator.py
[2023-05-21T19:59:11.786+0530] {processor.py:799} INFO - Processing file /home/feuer/.local/lib/python3.10/site-packages/airflow/example_dags/example_branch_operator_decorator.py for tasks to queue
[2023-05-21T19:59:11.787+0530] {logging_mixin.py:149} INFO - [2023-05-21T19:59:11.787+0530] {dagbag.py:541} INFO - Filling up the DagBag from /home/feuer/.local/lib/python3.10/site-packages/airflow/example_dags/example_branch_operator_decorator.py
[2023-05-21T19:59:11.798+0530] {processor.py:809} INFO - DAG(s) dict_keys(['example_branch_python_operator_decorator']) retrieved from /home/feuer/.local/lib/python3.10/site-packages/airflow/example_dags/example_branch_operator_decorator.py
[2023-05-21T19:59:11.823+0530] {logging_mixin.py:149} INFO - [2023-05-21T19:59:11.823+0530] {dag.py:2726} INFO - Sync 1 DAGs
[2023-05-21T19:59:11.836+0530] {logging_mixin.py:149} INFO - [2023-05-21T19:59:11.836+0530] {dag.py:3486} INFO - Setting next_dagrun for example_branch_python_operator_decorator to 2023-05-20T00:00:00+00:00, run_after=2023-05-21T00:00:00+00:00
[2023-05-21T19:59:11.906+0530] {processor.py:178} INFO - Processing /home/feuer/.local/lib/python3.10/site-packages/airflow/example_dags/example_branch_operator_decorator.py took 0.124 seconds
[2023-05-21T20:00:11.221+0530] {processor.py:156} INFO - Started process (PID=27222) to work on /home/feuer/.local/lib/python3.10/site-packages/airflow/example_dags/example_branch_operator_decorator.py
[2023-05-21T20:00:11.237+0530] {processor.py:799} INFO - Processing file /home/feuer/.local/lib/python3.10/site-packages/airflow/example_dags/example_branch_operator_decorator.py for tasks to queue
[2023-05-21T20:00:11.238+0530] {logging_mixin.py:149} INFO - [2023-05-21T20:00:11.238+0530] {dagbag.py:541} INFO - Filling up the DagBag from /home/feuer/.local/lib/python3.10/site-packages/airflow/example_dags/example_branch_operator_decorator.py
[2023-05-21T20:00:11.248+0530] {processor.py:809} INFO - DAG(s) dict_keys(['example_branch_python_operator_decorator']) retrieved from /home/feuer/.local/lib/python3.10/site-packages/airflow/example_dags/example_branch_operator_decorator.py
[2023-05-21T20:00:11.268+0530] {logging_mixin.py:149} INFO - [2023-05-21T20:00:11.268+0530] {dag.py:2726} INFO - Sync 1 DAGs
[2023-05-21T20:00:11.287+0530] {logging_mixin.py:149} INFO - [2023-05-21T20:00:11.287+0530] {dag.py:3486} INFO - Setting next_dagrun for example_branch_python_operator_decorator to 2023-05-20T00:00:00+00:00, run_after=2023-05-21T00:00:00+00:00
[2023-05-21T20:00:11.369+0530] {processor.py:178} INFO - Processing /home/feuer/.local/lib/python3.10/site-packages/airflow/example_dags/example_branch_operator_decorator.py took 0.152 seconds
[2023-05-21T20:01:11.402+0530] {processor.py:156} INFO - Started process (PID=27434) to work on /home/feuer/.local/lib/python3.10/site-packages/airflow/example_dags/example_branch_operator_decorator.py
[2023-05-21T20:01:11.420+0530] {processor.py:799} INFO - Processing file /home/feuer/.local/lib/python3.10/site-packages/airflow/example_dags/example_branch_operator_decorator.py for tasks to queue
[2023-05-21T20:01:11.421+0530] {logging_mixin.py:149} INFO - [2023-05-21T20:01:11.421+0530] {dagbag.py:541} INFO - Filling up the DagBag from /home/feuer/.local/lib/python3.10/site-packages/airflow/example_dags/example_branch_operator_decorator.py
[2023-05-21T20:01:11.438+0530] {processor.py:809} INFO - DAG(s) dict_keys(['example_branch_python_operator_decorator']) retrieved from /home/feuer/.local/lib/python3.10/site-packages/airflow/example_dags/example_branch_operator_decorator.py
[2023-05-21T20:01:11.466+0530] {logging_mixin.py:149} INFO - [2023-05-21T20:01:11.466+0530] {dag.py:2726} INFO - Sync 1 DAGs
[2023-05-21T20:01:11.489+0530] {logging_mixin.py:149} INFO - [2023-05-21T20:01:11.489+0530] {dag.py:3486} INFO - Setting next_dagrun for example_branch_python_operator_decorator to 2023-05-20T00:00:00+00:00, run_after=2023-05-21T00:00:00+00:00
[2023-05-21T20:01:11.568+0530] {processor.py:178} INFO - Processing /home/feuer/.local/lib/python3.10/site-packages/airflow/example_dags/example_branch_operator_decorator.py took 0.169 seconds
[2023-05-21T20:02:28.320+0530] {processor.py:156} INFO - Started process (PID=27792) to work on /home/feuer/.local/lib/python3.10/site-packages/airflow/example_dags/example_branch_operator_decorator.py
[2023-05-21T20:02:28.324+0530] {processor.py:799} INFO - Processing file /home/feuer/.local/lib/python3.10/site-packages/airflow/example_dags/example_branch_operator_decorator.py for tasks to queue
[2023-05-21T20:02:28.325+0530] {logging_mixin.py:149} INFO - [2023-05-21T20:02:28.325+0530] {dagbag.py:541} INFO - Filling up the DagBag from /home/feuer/.local/lib/python3.10/site-packages/airflow/example_dags/example_branch_operator_decorator.py
[2023-05-21T20:02:28.336+0530] {processor.py:809} INFO - DAG(s) dict_keys(['example_branch_python_operator_decorator']) retrieved from /home/feuer/.local/lib/python3.10/site-packages/airflow/example_dags/example_branch_operator_decorator.py
[2023-05-21T20:02:28.363+0530] {logging_mixin.py:149} INFO - [2023-05-21T20:02:28.363+0530] {dag.py:2726} INFO - Sync 1 DAGs
[2023-05-21T20:02:28.378+0530] {logging_mixin.py:149} INFO - [2023-05-21T20:02:28.378+0530] {dag.py:3486} INFO - Setting next_dagrun for example_branch_python_operator_decorator to 2023-05-20T00:00:00+00:00, run_after=2023-05-21T00:00:00+00:00
[2023-05-21T20:02:28.462+0530] {processor.py:178} INFO - Processing /home/feuer/.local/lib/python3.10/site-packages/airflow/example_dags/example_branch_operator_decorator.py took 0.146 seconds
[2023-05-21T20:03:32.012+0530] {processor.py:156} INFO - Started process (PID=27978) to work on /home/feuer/.local/lib/python3.10/site-packages/airflow/example_dags/example_branch_operator_decorator.py
[2023-05-21T20:03:32.012+0530] {processor.py:799} INFO - Processing file /home/feuer/.local/lib/python3.10/site-packages/airflow/example_dags/example_branch_operator_decorator.py for tasks to queue
[2023-05-21T20:03:32.013+0530] {logging_mixin.py:149} INFO - [2023-05-21T20:03:32.013+0530] {dagbag.py:541} INFO - Filling up the DagBag from /home/feuer/.local/lib/python3.10/site-packages/airflow/example_dags/example_branch_operator_decorator.py
[2023-05-21T20:03:32.021+0530] {processor.py:809} INFO - DAG(s) dict_keys(['example_branch_python_operator_decorator']) retrieved from /home/feuer/.local/lib/python3.10/site-packages/airflow/example_dags/example_branch_operator_decorator.py
[2023-05-21T20:03:32.035+0530] {logging_mixin.py:149} INFO - [2023-05-21T20:03:32.035+0530] {dag.py:2726} INFO - Sync 1 DAGs
[2023-05-21T20:03:32.047+0530] {logging_mixin.py:149} INFO - [2023-05-21T20:03:32.047+0530] {dag.py:3486} INFO - Setting next_dagrun for example_branch_python_operator_decorator to 2023-05-20T00:00:00+00:00, run_after=2023-05-21T00:00:00+00:00
[2023-05-21T20:03:32.270+0530] {processor.py:178} INFO - Processing /home/feuer/.local/lib/python3.10/site-packages/airflow/example_dags/example_branch_operator_decorator.py took 0.261 seconds
[2023-05-21T20:04:32.046+0530] {processor.py:156} INFO - Started process (PID=28203) to work on /home/feuer/.local/lib/python3.10/site-packages/airflow/example_dags/example_branch_operator_decorator.py
[2023-05-21T20:04:32.075+0530] {processor.py:799} INFO - Processing file /home/feuer/.local/lib/python3.10/site-packages/airflow/example_dags/example_branch_operator_decorator.py for tasks to queue
[2023-05-21T20:04:32.076+0530] {logging_mixin.py:149} INFO - [2023-05-21T20:04:32.076+0530] {dagbag.py:541} INFO - Filling up the DagBag from /home/feuer/.local/lib/python3.10/site-packages/airflow/example_dags/example_branch_operator_decorator.py
[2023-05-21T20:04:32.095+0530] {processor.py:809} INFO - DAG(s) dict_keys(['example_branch_python_operator_decorator']) retrieved from /home/feuer/.local/lib/python3.10/site-packages/airflow/example_dags/example_branch_operator_decorator.py
[2023-05-21T20:04:32.122+0530] {logging_mixin.py:149} INFO - [2023-05-21T20:04:32.122+0530] {dag.py:2726} INFO - Sync 1 DAGs
[2023-05-21T20:04:32.145+0530] {logging_mixin.py:149} INFO - [2023-05-21T20:04:32.145+0530] {dag.py:3486} INFO - Setting next_dagrun for example_branch_python_operator_decorator to 2023-05-20T00:00:00+00:00, run_after=2023-05-21T00:00:00+00:00
[2023-05-21T20:04:32.326+0530] {processor.py:178} INFO - Processing /home/feuer/.local/lib/python3.10/site-packages/airflow/example_dags/example_branch_operator_decorator.py took 0.283 seconds
[2023-05-21T20:05:32.138+0530] {processor.py:156} INFO - Started process (PID=28406) to work on /home/feuer/.local/lib/python3.10/site-packages/airflow/example_dags/example_branch_operator_decorator.py
[2023-05-21T20:05:32.139+0530] {processor.py:799} INFO - Processing file /home/feuer/.local/lib/python3.10/site-packages/airflow/example_dags/example_branch_operator_decorator.py for tasks to queue
[2023-05-21T20:05:32.140+0530] {logging_mixin.py:149} INFO - [2023-05-21T20:05:32.140+0530] {dagbag.py:541} INFO - Filling up the DagBag from /home/feuer/.local/lib/python3.10/site-packages/airflow/example_dags/example_branch_operator_decorator.py
[2023-05-21T20:05:32.150+0530] {processor.py:809} INFO - DAG(s) dict_keys(['example_branch_python_operator_decorator']) retrieved from /home/feuer/.local/lib/python3.10/site-packages/airflow/example_dags/example_branch_operator_decorator.py
[2023-05-21T20:05:32.176+0530] {logging_mixin.py:149} INFO - [2023-05-21T20:05:32.176+0530] {dag.py:2726} INFO - Sync 1 DAGs
[2023-05-21T20:05:32.191+0530] {logging_mixin.py:149} INFO - [2023-05-21T20:05:32.191+0530] {dag.py:3486} INFO - Setting next_dagrun for example_branch_python_operator_decorator to 2023-05-20T00:00:00+00:00, run_after=2023-05-21T00:00:00+00:00
[2023-05-21T20:05:32.268+0530] {processor.py:178} INFO - Processing /home/feuer/.local/lib/python3.10/site-packages/airflow/example_dags/example_branch_operator_decorator.py took 0.132 seconds
[2023-05-21T20:06:28.548+0530] {processor.py:156} INFO - Started process (PID=28746) to work on /home/feuer/.local/lib/python3.10/site-packages/airflow/example_dags/example_branch_operator_decorator.py
[2023-05-21T20:06:28.549+0530] {processor.py:799} INFO - Processing file /home/feuer/.local/lib/python3.10/site-packages/airflow/example_dags/example_branch_operator_decorator.py for tasks to queue
[2023-05-21T20:06:28.549+0530] {logging_mixin.py:149} INFO - [2023-05-21T20:06:28.549+0530] {dagbag.py:541} INFO - Filling up the DagBag from /home/feuer/.local/lib/python3.10/site-packages/airflow/example_dags/example_branch_operator_decorator.py
[2023-05-21T20:06:28.560+0530] {processor.py:809} INFO - DAG(s) dict_keys(['example_branch_python_operator_decorator']) retrieved from /home/feuer/.local/lib/python3.10/site-packages/airflow/example_dags/example_branch_operator_decorator.py
[2023-05-21T20:06:28.582+0530] {logging_mixin.py:149} INFO - [2023-05-21T20:06:28.582+0530] {dag.py:2726} INFO - Sync 1 DAGs
[2023-05-21T20:06:28.597+0530] {logging_mixin.py:149} INFO - [2023-05-21T20:06:28.597+0530] {dag.py:3486} INFO - Setting next_dagrun for example_branch_python_operator_decorator to 2023-05-20T00:00:00+00:00, run_after=2023-05-21T00:00:00+00:00
[2023-05-21T20:06:28.677+0530] {processor.py:178} INFO - Processing /home/feuer/.local/lib/python3.10/site-packages/airflow/example_dags/example_branch_operator_decorator.py took 0.132 seconds
[2023-05-21T20:07:24.222+0530] {processor.py:156} INFO - Started process (PID=28904) to work on /home/feuer/.local/lib/python3.10/site-packages/airflow/example_dags/example_branch_operator_decorator.py
[2023-05-21T20:07:24.230+0530] {processor.py:799} INFO - Processing file /home/feuer/.local/lib/python3.10/site-packages/airflow/example_dags/example_branch_operator_decorator.py for tasks to queue
[2023-05-21T20:07:24.230+0530] {logging_mixin.py:149} INFO - [2023-05-21T20:07:24.230+0530] {dagbag.py:541} INFO - Filling up the DagBag from /home/feuer/.local/lib/python3.10/site-packages/airflow/example_dags/example_branch_operator_decorator.py
[2023-05-21T20:07:24.236+0530] {processor.py:809} INFO - DAG(s) dict_keys(['example_branch_python_operator_decorator']) retrieved from /home/feuer/.local/lib/python3.10/site-packages/airflow/example_dags/example_branch_operator_decorator.py
[2023-05-21T20:07:24.250+0530] {logging_mixin.py:149} INFO - [2023-05-21T20:07:24.249+0530] {dag.py:2726} INFO - Sync 1 DAGs
[2023-05-21T20:07:24.262+0530] {logging_mixin.py:149} INFO - [2023-05-21T20:07:24.262+0530] {dag.py:3486} INFO - Setting next_dagrun for example_branch_python_operator_decorator to 2023-05-20T00:00:00+00:00, run_after=2023-05-21T00:00:00+00:00
[2023-05-21T20:07:24.345+0530] {processor.py:178} INFO - Processing /home/feuer/.local/lib/python3.10/site-packages/airflow/example_dags/example_branch_operator_decorator.py took 0.125 seconds
[2023-05-21T20:08:19.578+0530] {processor.py:156} INFO - Started process (PID=29065) to work on /home/feuer/.local/lib/python3.10/site-packages/airflow/example_dags/example_branch_operator_decorator.py
[2023-05-21T20:08:19.585+0530] {processor.py:799} INFO - Processing file /home/feuer/.local/lib/python3.10/site-packages/airflow/example_dags/example_branch_operator_decorator.py for tasks to queue
[2023-05-21T20:08:19.586+0530] {logging_mixin.py:149} INFO - [2023-05-21T20:08:19.586+0530] {dagbag.py:541} INFO - Filling up the DagBag from /home/feuer/.local/lib/python3.10/site-packages/airflow/example_dags/example_branch_operator_decorator.py
[2023-05-21T20:08:19.592+0530] {processor.py:809} INFO - DAG(s) dict_keys(['example_branch_python_operator_decorator']) retrieved from /home/feuer/.local/lib/python3.10/site-packages/airflow/example_dags/example_branch_operator_decorator.py
[2023-05-21T20:08:19.604+0530] {logging_mixin.py:149} INFO - [2023-05-21T20:08:19.604+0530] {dag.py:2726} INFO - Sync 1 DAGs
[2023-05-21T20:08:19.616+0530] {logging_mixin.py:149} INFO - [2023-05-21T20:08:19.616+0530] {dag.py:3486} INFO - Setting next_dagrun for example_branch_python_operator_decorator to 2023-05-20T00:00:00+00:00, run_after=2023-05-21T00:00:00+00:00
[2023-05-21T20:08:19.682+0530] {processor.py:178} INFO - Processing /home/feuer/.local/lib/python3.10/site-packages/airflow/example_dags/example_branch_operator_decorator.py took 0.107 seconds
[2023-05-21T20:09:18.843+0530] {processor.py:156} INFO - Started process (PID=29233) to work on /home/feuer/.local/lib/python3.10/site-packages/airflow/example_dags/example_branch_operator_decorator.py
[2023-05-21T20:09:18.844+0530] {processor.py:799} INFO - Processing file /home/feuer/.local/lib/python3.10/site-packages/airflow/example_dags/example_branch_operator_decorator.py for tasks to queue
[2023-05-21T20:09:18.845+0530] {logging_mixin.py:149} INFO - [2023-05-21T20:09:18.844+0530] {dagbag.py:541} INFO - Filling up the DagBag from /home/feuer/.local/lib/python3.10/site-packages/airflow/example_dags/example_branch_operator_decorator.py
[2023-05-21T20:09:18.856+0530] {processor.py:809} INFO - DAG(s) dict_keys(['example_branch_python_operator_decorator']) retrieved from /home/feuer/.local/lib/python3.10/site-packages/airflow/example_dags/example_branch_operator_decorator.py
[2023-05-21T20:09:18.880+0530] {logging_mixin.py:149} INFO - [2023-05-21T20:09:18.880+0530] {dag.py:2726} INFO - Sync 1 DAGs
[2023-05-21T20:09:18.896+0530] {logging_mixin.py:149} INFO - [2023-05-21T20:09:18.896+0530] {dag.py:3486} INFO - Setting next_dagrun for example_branch_python_operator_decorator to 2023-05-20T00:00:00+00:00, run_after=2023-05-21T00:00:00+00:00
[2023-05-21T20:09:18.974+0530] {processor.py:178} INFO - Processing /home/feuer/.local/lib/python3.10/site-packages/airflow/example_dags/example_branch_operator_decorator.py took 0.134 seconds
[2023-05-21T20:10:16.750+0530] {processor.py:156} INFO - Started process (PID=29418) to work on /home/feuer/.local/lib/python3.10/site-packages/airflow/example_dags/example_branch_operator_decorator.py
[2023-05-21T20:10:16.758+0530] {processor.py:799} INFO - Processing file /home/feuer/.local/lib/python3.10/site-packages/airflow/example_dags/example_branch_operator_decorator.py for tasks to queue
[2023-05-21T20:10:16.759+0530] {logging_mixin.py:149} INFO - [2023-05-21T20:10:16.759+0530] {dagbag.py:541} INFO - Filling up the DagBag from /home/feuer/.local/lib/python3.10/site-packages/airflow/example_dags/example_branch_operator_decorator.py
[2023-05-21T20:10:16.770+0530] {processor.py:809} INFO - DAG(s) dict_keys(['example_branch_python_operator_decorator']) retrieved from /home/feuer/.local/lib/python3.10/site-packages/airflow/example_dags/example_branch_operator_decorator.py
[2023-05-21T20:10:16.791+0530] {logging_mixin.py:149} INFO - [2023-05-21T20:10:16.791+0530] {dag.py:2726} INFO - Sync 1 DAGs
[2023-05-21T20:10:16.811+0530] {logging_mixin.py:149} INFO - [2023-05-21T20:10:16.811+0530] {dag.py:3486} INFO - Setting next_dagrun for example_branch_python_operator_decorator to 2023-05-20T00:00:00+00:00, run_after=2023-05-21T00:00:00+00:00
[2023-05-21T20:10:16.891+0530] {processor.py:178} INFO - Processing /home/feuer/.local/lib/python3.10/site-packages/airflow/example_dags/example_branch_operator_decorator.py took 0.145 seconds
[2023-05-21T20:11:14.278+0530] {processor.py:156} INFO - Started process (PID=29558) to work on /home/feuer/.local/lib/python3.10/site-packages/airflow/example_dags/example_branch_operator_decorator.py
[2023-05-21T20:11:14.280+0530] {processor.py:799} INFO - Processing file /home/feuer/.local/lib/python3.10/site-packages/airflow/example_dags/example_branch_operator_decorator.py for tasks to queue
[2023-05-21T20:11:14.281+0530] {logging_mixin.py:149} INFO - [2023-05-21T20:11:14.281+0530] {dagbag.py:541} INFO - Filling up the DagBag from /home/feuer/.local/lib/python3.10/site-packages/airflow/example_dags/example_branch_operator_decorator.py
[2023-05-21T20:11:14.292+0530] {processor.py:809} INFO - DAG(s) dict_keys(['example_branch_python_operator_decorator']) retrieved from /home/feuer/.local/lib/python3.10/site-packages/airflow/example_dags/example_branch_operator_decorator.py
[2023-05-21T20:11:14.314+0530] {logging_mixin.py:149} INFO - [2023-05-21T20:11:14.314+0530] {dag.py:2726} INFO - Sync 1 DAGs
[2023-05-21T20:11:14.327+0530] {logging_mixin.py:149} INFO - [2023-05-21T20:11:14.327+0530] {dag.py:3486} INFO - Setting next_dagrun for example_branch_python_operator_decorator to 2023-05-20T00:00:00+00:00, run_after=2023-05-21T00:00:00+00:00
[2023-05-21T20:11:14.409+0530] {processor.py:178} INFO - Processing /home/feuer/.local/lib/python3.10/site-packages/airflow/example_dags/example_branch_operator_decorator.py took 0.134 seconds
[2023-05-21T20:12:12.818+0530] {processor.py:156} INFO - Started process (PID=29740) to work on /home/feuer/.local/lib/python3.10/site-packages/airflow/example_dags/example_branch_operator_decorator.py
[2023-05-21T20:12:12.837+0530] {processor.py:799} INFO - Processing file /home/feuer/.local/lib/python3.10/site-packages/airflow/example_dags/example_branch_operator_decorator.py for tasks to queue
[2023-05-21T20:12:12.837+0530] {logging_mixin.py:149} INFO - [2023-05-21T20:12:12.837+0530] {dagbag.py:541} INFO - Filling up the DagBag from /home/feuer/.local/lib/python3.10/site-packages/airflow/example_dags/example_branch_operator_decorator.py
[2023-05-21T20:12:12.848+0530] {processor.py:809} INFO - DAG(s) dict_keys(['example_branch_python_operator_decorator']) retrieved from /home/feuer/.local/lib/python3.10/site-packages/airflow/example_dags/example_branch_operator_decorator.py
[2023-05-21T20:12:12.871+0530] {logging_mixin.py:149} INFO - [2023-05-21T20:12:12.871+0530] {dag.py:2726} INFO - Sync 1 DAGs
[2023-05-21T20:12:12.892+0530] {logging_mixin.py:149} INFO - [2023-05-21T20:12:12.892+0530] {dag.py:3486} INFO - Setting next_dagrun for example_branch_python_operator_decorator to 2023-05-20T00:00:00+00:00, run_after=2023-05-21T00:00:00+00:00
[2023-05-21T20:12:12.972+0530] {processor.py:178} INFO - Processing /home/feuer/.local/lib/python3.10/site-packages/airflow/example_dags/example_branch_operator_decorator.py took 0.157 seconds
[2023-05-21T16:58:45.004+0530] {processor.py:156} INFO - Started process (PID=55918) to work on /home/feuer/.local/lib/python3.10/site-packages/airflow/example_dags/example_branch_operator_decorator.py
[2023-05-21T16:58:45.087+0530] {processor.py:799} INFO - Processing file /home/feuer/.local/lib/python3.10/site-packages/airflow/example_dags/example_branch_operator_decorator.py for tasks to queue
[2023-05-21T16:58:45.088+0530] {logging_mixin.py:149} INFO - [2023-05-21T16:58:45.088+0530] {dagbag.py:541} INFO - Filling up the DagBag from /home/feuer/.local/lib/python3.10/site-packages/airflow/example_dags/example_branch_operator_decorator.py
[2023-05-21T16:58:45.117+0530] {processor.py:809} INFO - DAG(s) dict_keys(['example_branch_python_operator_decorator']) retrieved from /home/feuer/.local/lib/python3.10/site-packages/airflow/example_dags/example_branch_operator_decorator.py
[2023-05-21T16:58:45.247+0530] {logging_mixin.py:149} INFO - [2023-05-21T16:58:45.247+0530] {dag.py:2726} INFO - Sync 1 DAGs
[2023-05-21T16:58:45.260+0530] {logging_mixin.py:149} INFO - [2023-05-21T16:58:45.260+0530] {dag.py:3486} INFO - Setting next_dagrun for example_branch_python_operator_decorator to 2023-05-20T00:00:00+00:00, run_after=2023-05-21T00:00:00+00:00
[2023-05-21T16:58:45.604+0530] {processor.py:178} INFO - Processing /home/feuer/.local/lib/python3.10/site-packages/airflow/example_dags/example_branch_operator_decorator.py took 0.603 seconds
[2023-05-21T17:00:20.613+0530] {processor.py:156} INFO - Started process (PID=56126) to work on /home/feuer/.local/lib/python3.10/site-packages/airflow/example_dags/example_branch_operator_decorator.py
[2023-05-21T17:00:20.635+0530] {processor.py:799} INFO - Processing file /home/feuer/.local/lib/python3.10/site-packages/airflow/example_dags/example_branch_operator_decorator.py for tasks to queue
[2023-05-21T17:00:20.635+0530] {logging_mixin.py:149} INFO - [2023-05-21T17:00:20.635+0530] {dagbag.py:541} INFO - Filling up the DagBag from /home/feuer/.local/lib/python3.10/site-packages/airflow/example_dags/example_branch_operator_decorator.py
[2023-05-21T17:00:20.641+0530] {processor.py:809} INFO - DAG(s) dict_keys(['example_branch_python_operator_decorator']) retrieved from /home/feuer/.local/lib/python3.10/site-packages/airflow/example_dags/example_branch_operator_decorator.py
[2023-05-21T17:00:20.654+0530] {logging_mixin.py:149} INFO - [2023-05-21T17:00:20.654+0530] {dag.py:2726} INFO - Sync 1 DAGs
[2023-05-21T17:00:20.666+0530] {logging_mixin.py:149} INFO - [2023-05-21T17:00:20.666+0530] {dag.py:3486} INFO - Setting next_dagrun for example_branch_python_operator_decorator to 2023-05-20T00:00:00+00:00, run_after=2023-05-21T00:00:00+00:00
[2023-05-21T17:00:20.859+0530] {processor.py:178} INFO - Processing /home/feuer/.local/lib/python3.10/site-packages/airflow/example_dags/example_branch_operator_decorator.py took 0.247 seconds
[2023-05-21T17:01:47.288+0530] {processor.py:156} INFO - Started process (PID=56392) to work on /home/feuer/.local/lib/python3.10/site-packages/airflow/example_dags/example_branch_operator_decorator.py
[2023-05-21T17:01:47.454+0530] {processor.py:799} INFO - Processing file /home/feuer/.local/lib/python3.10/site-packages/airflow/example_dags/example_branch_operator_decorator.py for tasks to queue
[2023-05-21T17:01:47.454+0530] {logging_mixin.py:149} INFO - [2023-05-21T17:01:47.454+0530] {dagbag.py:541} INFO - Filling up the DagBag from /home/feuer/.local/lib/python3.10/site-packages/airflow/example_dags/example_branch_operator_decorator.py
[2023-05-21T17:01:47.465+0530] {processor.py:809} INFO - DAG(s) dict_keys(['example_branch_python_operator_decorator']) retrieved from /home/feuer/.local/lib/python3.10/site-packages/airflow/example_dags/example_branch_operator_decorator.py
[2023-05-21T17:01:47.489+0530] {logging_mixin.py:149} INFO - [2023-05-21T17:01:47.489+0530] {dag.py:2726} INFO - Sync 1 DAGs
[2023-05-21T17:01:47.512+0530] {logging_mixin.py:149} INFO - [2023-05-21T17:01:47.512+0530] {dag.py:3486} INFO - Setting next_dagrun for example_branch_python_operator_decorator to 2023-05-20T00:00:00+00:00, run_after=2023-05-21T00:00:00+00:00
[2023-05-21T17:01:47.936+0530] {processor.py:178} INFO - Processing /home/feuer/.local/lib/python3.10/site-packages/airflow/example_dags/example_branch_operator_decorator.py took 0.651 seconds
[2023-05-21T17:03:02.456+0530] {processor.py:156} INFO - Started process (PID=56639) to work on /home/feuer/.local/lib/python3.10/site-packages/airflow/example_dags/example_branch_operator_decorator.py
[2023-05-21T17:03:02.463+0530] {processor.py:799} INFO - Processing file /home/feuer/.local/lib/python3.10/site-packages/airflow/example_dags/example_branch_operator_decorator.py for tasks to queue
[2023-05-21T17:03:02.464+0530] {logging_mixin.py:149} INFO - [2023-05-21T17:03:02.464+0530] {dagbag.py:541} INFO - Filling up the DagBag from /home/feuer/.local/lib/python3.10/site-packages/airflow/example_dags/example_branch_operator_decorator.py
[2023-05-21T17:03:02.469+0530] {processor.py:809} INFO - DAG(s) dict_keys(['example_branch_python_operator_decorator']) retrieved from /home/feuer/.local/lib/python3.10/site-packages/airflow/example_dags/example_branch_operator_decorator.py
[2023-05-21T17:03:02.482+0530] {logging_mixin.py:149} INFO - [2023-05-21T17:03:02.482+0530] {dag.py:2726} INFO - Sync 1 DAGs
[2023-05-21T17:03:02.494+0530] {logging_mixin.py:149} INFO - [2023-05-21T17:03:02.494+0530] {dag.py:3486} INFO - Setting next_dagrun for example_branch_python_operator_decorator to 2023-05-20T00:00:00+00:00, run_after=2023-05-21T00:00:00+00:00
[2023-05-21T17:03:02.646+0530] {processor.py:178} INFO - Processing /home/feuer/.local/lib/python3.10/site-packages/airflow/example_dags/example_branch_operator_decorator.py took 0.191 seconds
[2023-05-21T17:03:56.126+0530] {processor.py:156} INFO - Started process (PID=56764) to work on /home/feuer/.local/lib/python3.10/site-packages/airflow/example_dags/example_branch_operator_decorator.py
[2023-05-21T17:03:56.159+0530] {processor.py:799} INFO - Processing file /home/feuer/.local/lib/python3.10/site-packages/airflow/example_dags/example_branch_operator_decorator.py for tasks to queue
[2023-05-21T17:03:56.159+0530] {logging_mixin.py:149} INFO - [2023-05-21T17:03:56.159+0530] {dagbag.py:541} INFO - Filling up the DagBag from /home/feuer/.local/lib/python3.10/site-packages/airflow/example_dags/example_branch_operator_decorator.py
[2023-05-21T17:03:56.165+0530] {processor.py:809} INFO - DAG(s) dict_keys(['example_branch_python_operator_decorator']) retrieved from /home/feuer/.local/lib/python3.10/site-packages/airflow/example_dags/example_branch_operator_decorator.py
[2023-05-21T17:03:56.178+0530] {logging_mixin.py:149} INFO - [2023-05-21T17:03:56.178+0530] {dag.py:2726} INFO - Sync 1 DAGs
[2023-05-21T17:03:56.190+0530] {logging_mixin.py:149} INFO - [2023-05-21T17:03:56.189+0530] {dag.py:3486} INFO - Setting next_dagrun for example_branch_python_operator_decorator to 2023-05-20T00:00:00+00:00, run_after=2023-05-21T00:00:00+00:00
[2023-05-21T17:03:56.255+0530] {processor.py:178} INFO - Processing /home/feuer/.local/lib/python3.10/site-packages/airflow/example_dags/example_branch_operator_decorator.py took 0.131 seconds
[2023-05-21T17:05:04.910+0530] {processor.py:156} INFO - Started process (PID=56921) to work on /home/feuer/.local/lib/python3.10/site-packages/airflow/example_dags/example_branch_operator_decorator.py
[2023-05-21T17:05:04.919+0530] {processor.py:799} INFO - Processing file /home/feuer/.local/lib/python3.10/site-packages/airflow/example_dags/example_branch_operator_decorator.py for tasks to queue
[2023-05-21T17:05:04.919+0530] {logging_mixin.py:149} INFO - [2023-05-21T17:05:04.919+0530] {dagbag.py:541} INFO - Filling up the DagBag from /home/feuer/.local/lib/python3.10/site-packages/airflow/example_dags/example_branch_operator_decorator.py
[2023-05-21T17:05:04.925+0530] {processor.py:809} INFO - DAG(s) dict_keys(['example_branch_python_operator_decorator']) retrieved from /home/feuer/.local/lib/python3.10/site-packages/airflow/example_dags/example_branch_operator_decorator.py
[2023-05-21T17:05:04.938+0530] {logging_mixin.py:149} INFO - [2023-05-21T17:05:04.938+0530] {dag.py:2726} INFO - Sync 1 DAGs
[2023-05-21T17:05:04.949+0530] {logging_mixin.py:149} INFO - [2023-05-21T17:05:04.949+0530] {dag.py:3486} INFO - Setting next_dagrun for example_branch_python_operator_decorator to 2023-05-20T00:00:00+00:00, run_after=2023-05-21T00:00:00+00:00
[2023-05-21T17:05:05.032+0530] {processor.py:178} INFO - Processing /home/feuer/.local/lib/python3.10/site-packages/airflow/example_dags/example_branch_operator_decorator.py took 0.124 seconds
[2023-05-21T17:06:13.813+0530] {processor.py:156} INFO - Started process (PID=57094) to work on /home/feuer/.local/lib/python3.10/site-packages/airflow/example_dags/example_branch_operator_decorator.py
[2023-05-21T17:06:13.830+0530] {processor.py:799} INFO - Processing file /home/feuer/.local/lib/python3.10/site-packages/airflow/example_dags/example_branch_operator_decorator.py for tasks to queue
[2023-05-21T17:06:13.831+0530] {logging_mixin.py:149} INFO - [2023-05-21T17:06:13.830+0530] {dagbag.py:541} INFO - Filling up the DagBag from /home/feuer/.local/lib/python3.10/site-packages/airflow/example_dags/example_branch_operator_decorator.py
[2023-05-21T17:06:13.840+0530] {processor.py:809} INFO - DAG(s) dict_keys(['example_branch_python_operator_decorator']) retrieved from /home/feuer/.local/lib/python3.10/site-packages/airflow/example_dags/example_branch_operator_decorator.py
[2023-05-21T17:06:13.862+0530] {logging_mixin.py:149} INFO - [2023-05-21T17:06:13.862+0530] {dag.py:2726} INFO - Sync 1 DAGs
[2023-05-21T17:06:13.883+0530] {logging_mixin.py:149} INFO - [2023-05-21T17:06:13.883+0530] {dag.py:3486} INFO - Setting next_dagrun for example_branch_python_operator_decorator to 2023-05-20T00:00:00+00:00, run_after=2023-05-21T00:00:00+00:00
[2023-05-21T17:06:14.012+0530] {processor.py:178} INFO - Processing /home/feuer/.local/lib/python3.10/site-packages/airflow/example_dags/example_branch_operator_decorator.py took 0.202 seconds
[2023-05-21T17:07:18.383+0530] {processor.py:156} INFO - Started process (PID=57237) to work on /home/feuer/.local/lib/python3.10/site-packages/airflow/example_dags/example_branch_operator_decorator.py
[2023-05-21T17:07:18.400+0530] {processor.py:799} INFO - Processing file /home/feuer/.local/lib/python3.10/site-packages/airflow/example_dags/example_branch_operator_decorator.py for tasks to queue
[2023-05-21T17:07:18.400+0530] {logging_mixin.py:149} INFO - [2023-05-21T17:07:18.400+0530] {dagbag.py:541} INFO - Filling up the DagBag from /home/feuer/.local/lib/python3.10/site-packages/airflow/example_dags/example_branch_operator_decorator.py
[2023-05-21T17:07:18.406+0530] {processor.py:809} INFO - DAG(s) dict_keys(['example_branch_python_operator_decorator']) retrieved from /home/feuer/.local/lib/python3.10/site-packages/airflow/example_dags/example_branch_operator_decorator.py
[2023-05-21T17:07:18.418+0530] {logging_mixin.py:149} INFO - [2023-05-21T17:07:18.418+0530] {dag.py:2726} INFO - Sync 1 DAGs
[2023-05-21T17:07:18.430+0530] {logging_mixin.py:149} INFO - [2023-05-21T17:07:18.430+0530] {dag.py:3486} INFO - Setting next_dagrun for example_branch_python_operator_decorator to 2023-05-20T00:00:00+00:00, run_after=2023-05-21T00:00:00+00:00
[2023-05-21T17:07:18.512+0530] {processor.py:178} INFO - Processing /home/feuer/.local/lib/python3.10/site-packages/airflow/example_dags/example_branch_operator_decorator.py took 0.132 seconds
[2023-05-21T17:08:25.720+0530] {processor.py:156} INFO - Started process (PID=57421) to work on /home/feuer/.local/lib/python3.10/site-packages/airflow/example_dags/example_branch_operator_decorator.py
[2023-05-21T17:08:25.733+0530] {processor.py:799} INFO - Processing file /home/feuer/.local/lib/python3.10/site-packages/airflow/example_dags/example_branch_operator_decorator.py for tasks to queue
[2023-05-21T17:08:25.733+0530] {logging_mixin.py:149} INFO - [2023-05-21T17:08:25.733+0530] {dagbag.py:541} INFO - Filling up the DagBag from /home/feuer/.local/lib/python3.10/site-packages/airflow/example_dags/example_branch_operator_decorator.py
[2023-05-21T17:08:25.739+0530] {processor.py:809} INFO - DAG(s) dict_keys(['example_branch_python_operator_decorator']) retrieved from /home/feuer/.local/lib/python3.10/site-packages/airflow/example_dags/example_branch_operator_decorator.py
[2023-05-21T17:08:25.751+0530] {logging_mixin.py:149} INFO - [2023-05-21T17:08:25.751+0530] {dag.py:2726} INFO - Sync 1 DAGs
[2023-05-21T17:08:25.763+0530] {logging_mixin.py:149} INFO - [2023-05-21T17:08:25.763+0530] {dag.py:3486} INFO - Setting next_dagrun for example_branch_python_operator_decorator to 2023-05-20T00:00:00+00:00, run_after=2023-05-21T00:00:00+00:00
[2023-05-21T17:08:25.835+0530] {processor.py:178} INFO - Processing /home/feuer/.local/lib/python3.10/site-packages/airflow/example_dags/example_branch_operator_decorator.py took 0.116 seconds
[2023-05-21T17:09:35.349+0530] {processor.py:156} INFO - Started process (PID=57603) to work on /home/feuer/.local/lib/python3.10/site-packages/airflow/example_dags/example_branch_operator_decorator.py
[2023-05-21T17:09:35.361+0530] {processor.py:799} INFO - Processing file /home/feuer/.local/lib/python3.10/site-packages/airflow/example_dags/example_branch_operator_decorator.py for tasks to queue
[2023-05-21T17:09:35.362+0530] {logging_mixin.py:149} INFO - [2023-05-21T17:09:35.362+0530] {dagbag.py:541} INFO - Filling up the DagBag from /home/feuer/.local/lib/python3.10/site-packages/airflow/example_dags/example_branch_operator_decorator.py
[2023-05-21T17:09:35.368+0530] {processor.py:809} INFO - DAG(s) dict_keys(['example_branch_python_operator_decorator']) retrieved from /home/feuer/.local/lib/python3.10/site-packages/airflow/example_dags/example_branch_operator_decorator.py
[2023-05-21T17:09:35.382+0530] {logging_mixin.py:149} INFO - [2023-05-21T17:09:35.382+0530] {dag.py:2726} INFO - Sync 1 DAGs
[2023-05-21T17:09:35.394+0530] {logging_mixin.py:149} INFO - [2023-05-21T17:09:35.394+0530] {dag.py:3486} INFO - Setting next_dagrun for example_branch_python_operator_decorator to 2023-05-20T00:00:00+00:00, run_after=2023-05-21T00:00:00+00:00
[2023-05-21T17:09:35.482+0530] {processor.py:178} INFO - Processing /home/feuer/.local/lib/python3.10/site-packages/airflow/example_dags/example_branch_operator_decorator.py took 0.135 seconds
[2023-05-21T17:10:43.119+0530] {processor.py:156} INFO - Started process (PID=57785) to work on /home/feuer/.local/lib/python3.10/site-packages/airflow/example_dags/example_branch_operator_decorator.py
[2023-05-21T17:10:43.131+0530] {processor.py:799} INFO - Processing file /home/feuer/.local/lib/python3.10/site-packages/airflow/example_dags/example_branch_operator_decorator.py for tasks to queue
[2023-05-21T17:10:43.132+0530] {logging_mixin.py:149} INFO - [2023-05-21T17:10:43.132+0530] {dagbag.py:541} INFO - Filling up the DagBag from /home/feuer/.local/lib/python3.10/site-packages/airflow/example_dags/example_branch_operator_decorator.py
[2023-05-21T17:10:43.137+0530] {processor.py:809} INFO - DAG(s) dict_keys(['example_branch_python_operator_decorator']) retrieved from /home/feuer/.local/lib/python3.10/site-packages/airflow/example_dags/example_branch_operator_decorator.py
[2023-05-21T17:10:43.150+0530] {logging_mixin.py:149} INFO - [2023-05-21T17:10:43.150+0530] {dag.py:2726} INFO - Sync 1 DAGs
[2023-05-21T17:10:43.162+0530] {logging_mixin.py:149} INFO - [2023-05-21T17:10:43.162+0530] {dag.py:3486} INFO - Setting next_dagrun for example_branch_python_operator_decorator to 2023-05-20T00:00:00+00:00, run_after=2023-05-21T00:00:00+00:00
[2023-05-21T17:10:43.231+0530] {processor.py:178} INFO - Processing /home/feuer/.local/lib/python3.10/site-packages/airflow/example_dags/example_branch_operator_decorator.py took 0.114 seconds
[2023-05-21T17:11:54.326+0530] {processor.py:156} INFO - Started process (PID=57941) to work on /home/feuer/.local/lib/python3.10/site-packages/airflow/example_dags/example_branch_operator_decorator.py
[2023-05-21T17:11:54.341+0530] {processor.py:799} INFO - Processing file /home/feuer/.local/lib/python3.10/site-packages/airflow/example_dags/example_branch_operator_decorator.py for tasks to queue
[2023-05-21T17:11:54.342+0530] {logging_mixin.py:149} INFO - [2023-05-21T17:11:54.342+0530] {dagbag.py:541} INFO - Filling up the DagBag from /home/feuer/.local/lib/python3.10/site-packages/airflow/example_dags/example_branch_operator_decorator.py
[2023-05-21T17:11:54.347+0530] {processor.py:809} INFO - DAG(s) dict_keys(['example_branch_python_operator_decorator']) retrieved from /home/feuer/.local/lib/python3.10/site-packages/airflow/example_dags/example_branch_operator_decorator.py
[2023-05-21T17:11:54.360+0530] {logging_mixin.py:149} INFO - [2023-05-21T17:11:54.360+0530] {dag.py:2726} INFO - Sync 1 DAGs
[2023-05-21T17:11:54.372+0530] {logging_mixin.py:149} INFO - [2023-05-21T17:11:54.372+0530] {dag.py:3486} INFO - Setting next_dagrun for example_branch_python_operator_decorator to 2023-05-20T00:00:00+00:00, run_after=2023-05-21T00:00:00+00:00
[2023-05-21T17:11:54.451+0530] {processor.py:178} INFO - Processing /home/feuer/.local/lib/python3.10/site-packages/airflow/example_dags/example_branch_operator_decorator.py took 0.126 seconds
[2023-05-21T17:13:02.262+0530] {processor.py:156} INFO - Started process (PID=58130) to work on /home/feuer/.local/lib/python3.10/site-packages/airflow/example_dags/example_branch_operator_decorator.py
[2023-05-21T17:13:02.263+0530] {processor.py:799} INFO - Processing file /home/feuer/.local/lib/python3.10/site-packages/airflow/example_dags/example_branch_operator_decorator.py for tasks to queue
[2023-05-21T17:13:02.264+0530] {logging_mixin.py:149} INFO - [2023-05-21T17:13:02.263+0530] {dagbag.py:541} INFO - Filling up the DagBag from /home/feuer/.local/lib/python3.10/site-packages/airflow/example_dags/example_branch_operator_decorator.py
[2023-05-21T17:13:02.273+0530] {processor.py:809} INFO - DAG(s) dict_keys(['example_branch_python_operator_decorator']) retrieved from /home/feuer/.local/lib/python3.10/site-packages/airflow/example_dags/example_branch_operator_decorator.py
[2023-05-21T17:13:02.288+0530] {logging_mixin.py:149} INFO - [2023-05-21T17:13:02.288+0530] {dag.py:2726} INFO - Sync 1 DAGs
[2023-05-21T17:13:02.300+0530] {logging_mixin.py:149} INFO - [2023-05-21T17:13:02.300+0530] {dag.py:3486} INFO - Setting next_dagrun for example_branch_python_operator_decorator to 2023-05-20T00:00:00+00:00, run_after=2023-05-21T00:00:00+00:00
[2023-05-21T17:13:02.380+0530] {processor.py:178} INFO - Processing /home/feuer/.local/lib/python3.10/site-packages/airflow/example_dags/example_branch_operator_decorator.py took 0.120 seconds
[2023-05-21T17:14:07.508+0530] {processor.py:156} INFO - Started process (PID=58271) to work on /home/feuer/.local/lib/python3.10/site-packages/airflow/example_dags/example_branch_operator_decorator.py
[2023-05-21T17:14:07.509+0530] {processor.py:799} INFO - Processing file /home/feuer/.local/lib/python3.10/site-packages/airflow/example_dags/example_branch_operator_decorator.py for tasks to queue
[2023-05-21T17:14:07.509+0530] {logging_mixin.py:149} INFO - [2023-05-21T17:14:07.509+0530] {dagbag.py:541} INFO - Filling up the DagBag from /home/feuer/.local/lib/python3.10/site-packages/airflow/example_dags/example_branch_operator_decorator.py
[2023-05-21T17:14:07.519+0530] {processor.py:809} INFO - DAG(s) dict_keys(['example_branch_python_operator_decorator']) retrieved from /home/feuer/.local/lib/python3.10/site-packages/airflow/example_dags/example_branch_operator_decorator.py
[2023-05-21T17:14:07.542+0530] {logging_mixin.py:149} INFO - [2023-05-21T17:14:07.541+0530] {dag.py:2726} INFO - Sync 1 DAGs
[2023-05-21T17:14:07.557+0530] {logging_mixin.py:149} INFO - [2023-05-21T17:14:07.557+0530] {dag.py:3486} INFO - Setting next_dagrun for example_branch_python_operator_decorator to 2023-05-20T00:00:00+00:00, run_after=2023-05-21T00:00:00+00:00
[2023-05-21T17:14:07.635+0530] {processor.py:178} INFO - Processing /home/feuer/.local/lib/python3.10/site-packages/airflow/example_dags/example_branch_operator_decorator.py took 0.130 seconds
[2023-05-21T17:15:19.905+0530] {processor.py:156} INFO - Started process (PID=58476) to work on /home/feuer/.local/lib/python3.10/site-packages/airflow/example_dags/example_branch_operator_decorator.py
[2023-05-21T17:15:19.917+0530] {processor.py:799} INFO - Processing file /home/feuer/.local/lib/python3.10/site-packages/airflow/example_dags/example_branch_operator_decorator.py for tasks to queue
[2023-05-21T17:15:19.917+0530] {logging_mixin.py:149} INFO - [2023-05-21T17:15:19.917+0530] {dagbag.py:541} INFO - Filling up the DagBag from /home/feuer/.local/lib/python3.10/site-packages/airflow/example_dags/example_branch_operator_decorator.py
[2023-05-21T17:15:19.923+0530] {processor.py:809} INFO - DAG(s) dict_keys(['example_branch_python_operator_decorator']) retrieved from /home/feuer/.local/lib/python3.10/site-packages/airflow/example_dags/example_branch_operator_decorator.py
[2023-05-21T17:15:19.936+0530] {logging_mixin.py:149} INFO - [2023-05-21T17:15:19.936+0530] {dag.py:2726} INFO - Sync 1 DAGs
[2023-05-21T17:15:19.947+0530] {logging_mixin.py:149} INFO - [2023-05-21T17:15:19.947+0530] {dag.py:3486} INFO - Setting next_dagrun for example_branch_python_operator_decorator to 2023-05-20T00:00:00+00:00, run_after=2023-05-21T00:00:00+00:00
[2023-05-21T17:15:20.033+0530] {processor.py:178} INFO - Processing /home/feuer/.local/lib/python3.10/site-packages/airflow/example_dags/example_branch_operator_decorator.py took 0.130 seconds
[2023-05-21T17:16:11.871+0530] {processor.py:156} INFO - Started process (PID=58588) to work on /home/feuer/.local/lib/python3.10/site-packages/airflow/example_dags/example_branch_operator_decorator.py
[2023-05-21T17:16:11.872+0530] {processor.py:799} INFO - Processing file /home/feuer/.local/lib/python3.10/site-packages/airflow/example_dags/example_branch_operator_decorator.py for tasks to queue
[2023-05-21T17:16:11.872+0530] {logging_mixin.py:149} INFO - [2023-05-21T17:16:11.872+0530] {dagbag.py:541} INFO - Filling up the DagBag from /home/feuer/.local/lib/python3.10/site-packages/airflow/example_dags/example_branch_operator_decorator.py
[2023-05-21T17:16:11.882+0530] {processor.py:809} INFO - DAG(s) dict_keys(['example_branch_python_operator_decorator']) retrieved from /home/feuer/.local/lib/python3.10/site-packages/airflow/example_dags/example_branch_operator_decorator.py
[2023-05-21T17:16:11.903+0530] {logging_mixin.py:149} INFO - [2023-05-21T17:16:11.903+0530] {dag.py:2726} INFO - Sync 1 DAGs
[2023-05-21T17:16:11.919+0530] {logging_mixin.py:149} INFO - [2023-05-21T17:16:11.919+0530] {dag.py:3486} INFO - Setting next_dagrun for example_branch_python_operator_decorator to 2023-05-20T00:00:00+00:00, run_after=2023-05-21T00:00:00+00:00
[2023-05-21T17:16:12.001+0530] {processor.py:178} INFO - Processing /home/feuer/.local/lib/python3.10/site-packages/airflow/example_dags/example_branch_operator_decorator.py took 0.133 seconds
[2023-05-21T17:17:22.560+0530] {processor.py:156} INFO - Started process (PID=58733) to work on /home/feuer/.local/lib/python3.10/site-packages/airflow/example_dags/example_branch_operator_decorator.py
[2023-05-21T17:17:22.572+0530] {processor.py:799} INFO - Processing file /home/feuer/.local/lib/python3.10/site-packages/airflow/example_dags/example_branch_operator_decorator.py for tasks to queue
[2023-05-21T17:17:22.572+0530] {logging_mixin.py:149} INFO - [2023-05-21T17:17:22.572+0530] {dagbag.py:541} INFO - Filling up the DagBag from /home/feuer/.local/lib/python3.10/site-packages/airflow/example_dags/example_branch_operator_decorator.py
[2023-05-21T17:17:22.581+0530] {processor.py:809} INFO - DAG(s) dict_keys(['example_branch_python_operator_decorator']) retrieved from /home/feuer/.local/lib/python3.10/site-packages/airflow/example_dags/example_branch_operator_decorator.py
[2023-05-21T17:17:22.602+0530] {logging_mixin.py:149} INFO - [2023-05-21T17:17:22.602+0530] {dag.py:2726} INFO - Sync 1 DAGs
[2023-05-21T17:17:22.623+0530] {logging_mixin.py:149} INFO - [2023-05-21T17:17:22.623+0530] {dag.py:3486} INFO - Setting next_dagrun for example_branch_python_operator_decorator to 2023-05-20T00:00:00+00:00, run_after=2023-05-21T00:00:00+00:00
[2023-05-21T17:17:22.705+0530] {processor.py:178} INFO - Processing /home/feuer/.local/lib/python3.10/site-packages/airflow/example_dags/example_branch_operator_decorator.py took 0.147 seconds
[2023-05-21T17:18:30.536+0530] {processor.py:156} INFO - Started process (PID=58920) to work on /home/feuer/.local/lib/python3.10/site-packages/airflow/example_dags/example_branch_operator_decorator.py
[2023-05-21T17:18:30.537+0530] {processor.py:799} INFO - Processing file /home/feuer/.local/lib/python3.10/site-packages/airflow/example_dags/example_branch_operator_decorator.py for tasks to queue
[2023-05-21T17:18:30.537+0530] {logging_mixin.py:149} INFO - [2023-05-21T17:18:30.537+0530] {dagbag.py:541} INFO - Filling up the DagBag from /home/feuer/.local/lib/python3.10/site-packages/airflow/example_dags/example_branch_operator_decorator.py
[2023-05-21T17:18:30.547+0530] {processor.py:809} INFO - DAG(s) dict_keys(['example_branch_python_operator_decorator']) retrieved from /home/feuer/.local/lib/python3.10/site-packages/airflow/example_dags/example_branch_operator_decorator.py
[2023-05-21T17:18:30.568+0530] {logging_mixin.py:149} INFO - [2023-05-21T17:18:30.568+0530] {dag.py:2726} INFO - Sync 1 DAGs
[2023-05-21T17:18:30.583+0530] {logging_mixin.py:149} INFO - [2023-05-21T17:18:30.583+0530] {dag.py:3486} INFO - Setting next_dagrun for example_branch_python_operator_decorator to 2023-05-20T00:00:00+00:00, run_after=2023-05-21T00:00:00+00:00
[2023-05-21T17:18:30.660+0530] {processor.py:178} INFO - Processing /home/feuer/.local/lib/python3.10/site-packages/airflow/example_dags/example_branch_operator_decorator.py took 0.126 seconds
[2023-05-21T17:19:40.632+0530] {processor.py:156} INFO - Started process (PID=59077) to work on /home/feuer/.local/lib/python3.10/site-packages/airflow/example_dags/example_branch_operator_decorator.py
[2023-05-21T17:19:40.646+0530] {processor.py:799} INFO - Processing file /home/feuer/.local/lib/python3.10/site-packages/airflow/example_dags/example_branch_operator_decorator.py for tasks to queue
[2023-05-21T17:19:40.647+0530] {logging_mixin.py:149} INFO - [2023-05-21T17:19:40.647+0530] {dagbag.py:541} INFO - Filling up the DagBag from /home/feuer/.local/lib/python3.10/site-packages/airflow/example_dags/example_branch_operator_decorator.py
[2023-05-21T17:19:40.656+0530] {processor.py:809} INFO - DAG(s) dict_keys(['example_branch_python_operator_decorator']) retrieved from /home/feuer/.local/lib/python3.10/site-packages/airflow/example_dags/example_branch_operator_decorator.py
[2023-05-21T17:19:40.678+0530] {logging_mixin.py:149} INFO - [2023-05-21T17:19:40.678+0530] {dag.py:2726} INFO - Sync 1 DAGs
[2023-05-21T17:19:40.698+0530] {logging_mixin.py:149} INFO - [2023-05-21T17:19:40.698+0530] {dag.py:3486} INFO - Setting next_dagrun for example_branch_python_operator_decorator to 2023-05-20T00:00:00+00:00, run_after=2023-05-21T00:00:00+00:00
[2023-05-21T17:19:40.780+0530] {processor.py:178} INFO - Processing /home/feuer/.local/lib/python3.10/site-packages/airflow/example_dags/example_branch_operator_decorator.py took 0.150 seconds
[2023-05-21T17:21:09.321+0530] {processor.py:156} INFO - Started process (PID=59416) to work on /home/feuer/.local/lib/python3.10/site-packages/airflow/example_dags/example_branch_operator_decorator.py
[2023-05-21T17:21:09.497+0530] {processor.py:799} INFO - Processing file /home/feuer/.local/lib/python3.10/site-packages/airflow/example_dags/example_branch_operator_decorator.py for tasks to queue
[2023-05-21T17:21:09.498+0530] {logging_mixin.py:149} INFO - [2023-05-21T17:21:09.497+0530] {dagbag.py:541} INFO - Filling up the DagBag from /home/feuer/.local/lib/python3.10/site-packages/airflow/example_dags/example_branch_operator_decorator.py
[2023-05-21T17:21:09.508+0530] {processor.py:809} INFO - DAG(s) dict_keys(['example_branch_python_operator_decorator']) retrieved from /home/feuer/.local/lib/python3.10/site-packages/airflow/example_dags/example_branch_operator_decorator.py
[2023-05-21T17:21:09.530+0530] {logging_mixin.py:149} INFO - [2023-05-21T17:21:09.530+0530] {dag.py:2726} INFO - Sync 1 DAGs
[2023-05-21T17:21:09.551+0530] {logging_mixin.py:149} INFO - [2023-05-21T17:21:09.551+0530] {dag.py:3486} INFO - Setting next_dagrun for example_branch_python_operator_decorator to 2023-05-20T00:00:00+00:00, run_after=2023-05-21T00:00:00+00:00
[2023-05-21T17:21:10.034+0530] {processor.py:178} INFO - Processing /home/feuer/.local/lib/python3.10/site-packages/airflow/example_dags/example_branch_operator_decorator.py took 0.715 seconds
