[2023-05-21T19:39:38.116+0530] {processor.py:156} INFO - Started process (PID=23804) to work on /home/feuer/.local/lib/python3.10/site-packages/airflow/example_dags/example_sla_dag.py
[2023-05-21T19:39:38.117+0530] {processor.py:799} INFO - Processing file /home/feuer/.local/lib/python3.10/site-packages/airflow/example_dags/example_sla_dag.py for tasks to queue
[2023-05-21T19:39:38.117+0530] {logging_mixin.py:149} INFO - [2023-05-21T19:39:38.117+0530] {dagbag.py:541} INFO - Filling up the DagBag from /home/feuer/.local/lib/python3.10/site-packages/airflow/example_dags/example_sla_dag.py
[2023-05-21T19:39:38.125+0530] {processor.py:809} INFO - DAG(s) dict_keys(['example_sla_dag']) retrieved from /home/feuer/.local/lib/python3.10/site-packages/airflow/example_dags/example_sla_dag.py
[2023-05-21T19:39:38.150+0530] {logging_mixin.py:149} INFO - [2023-05-21T19:39:38.150+0530] {dag.py:2726} INFO - Sync 1 DAGs
[2023-05-21T19:39:38.173+0530] {logging_mixin.py:149} INFO - [2023-05-21T19:39:38.173+0530] {dag.py:3486} INFO - Setting next_dagrun for example_sla_dag to 2023-05-21T14:06:00+00:00, run_after=2023-05-21T14:08:00+00:00
[2023-05-21T19:39:38.251+0530] {processor.py:178} INFO - Processing /home/feuer/.local/lib/python3.10/site-packages/airflow/example_dags/example_sla_dag.py took 0.138 seconds
[2023-05-21T19:40:36.903+0530] {processor.py:156} INFO - Started process (PID=23965) to work on /home/feuer/.local/lib/python3.10/site-packages/airflow/example_dags/example_sla_dag.py
[2023-05-21T19:40:36.904+0530] {processor.py:799} INFO - Processing file /home/feuer/.local/lib/python3.10/site-packages/airflow/example_dags/example_sla_dag.py for tasks to queue
[2023-05-21T19:40:36.905+0530] {logging_mixin.py:149} INFO - [2023-05-21T19:40:36.905+0530] {dagbag.py:541} INFO - Filling up the DagBag from /home/feuer/.local/lib/python3.10/site-packages/airflow/example_dags/example_sla_dag.py
[2023-05-21T19:40:36.912+0530] {processor.py:809} INFO - DAG(s) dict_keys(['example_sla_dag']) retrieved from /home/feuer/.local/lib/python3.10/site-packages/airflow/example_dags/example_sla_dag.py
[2023-05-21T19:40:36.932+0530] {logging_mixin.py:149} INFO - [2023-05-21T19:40:36.932+0530] {dag.py:2726} INFO - Sync 1 DAGs
[2023-05-21T19:40:36.951+0530] {logging_mixin.py:149} INFO - [2023-05-21T19:40:36.951+0530] {dag.py:3486} INFO - Setting next_dagrun for example_sla_dag to 2023-05-21T14:08:00+00:00, run_after=2023-05-21T14:10:00+00:00
[2023-05-21T19:40:37.028+0530] {processor.py:178} INFO - Processing /home/feuer/.local/lib/python3.10/site-packages/airflow/example_dags/example_sla_dag.py took 0.128 seconds
[2023-05-21T19:42:12.355+0530] {processor.py:156} INFO - Started process (PID=24485) to work on /home/feuer/.local/lib/python3.10/site-packages/airflow/example_dags/example_sla_dag.py
[2023-05-21T19:42:12.356+0530] {processor.py:799} INFO - Processing file /home/feuer/.local/lib/python3.10/site-packages/airflow/example_dags/example_sla_dag.py for tasks to queue
[2023-05-21T19:42:12.357+0530] {logging_mixin.py:149} INFO - [2023-05-21T19:42:12.357+0530] {dagbag.py:541} INFO - Filling up the DagBag from /home/feuer/.local/lib/python3.10/site-packages/airflow/example_dags/example_sla_dag.py
[2023-05-21T19:42:12.365+0530] {processor.py:809} INFO - DAG(s) dict_keys(['example_sla_dag']) retrieved from /home/feuer/.local/lib/python3.10/site-packages/airflow/example_dags/example_sla_dag.py
[2023-05-21T19:42:12.392+0530] {logging_mixin.py:149} INFO - [2023-05-21T19:42:12.392+0530] {dag.py:2726} INFO - Sync 1 DAGs
[2023-05-21T19:42:12.416+0530] {logging_mixin.py:149} INFO - [2023-05-21T19:42:12.416+0530] {dag.py:3486} INFO - Setting next_dagrun for example_sla_dag to 2023-05-21T14:10:00+00:00, run_after=2023-05-21T14:12:00+00:00
[2023-05-21T19:42:12.499+0530] {processor.py:178} INFO - Processing /home/feuer/.local/lib/python3.10/site-packages/airflow/example_dags/example_sla_dag.py took 0.146 seconds
[2023-05-21T19:43:09.616+0530] {processor.py:156} INFO - Started process (PID=24708) to work on /home/feuer/.local/lib/python3.10/site-packages/airflow/example_dags/example_sla_dag.py
[2023-05-21T19:43:09.617+0530] {processor.py:799} INFO - Processing file /home/feuer/.local/lib/python3.10/site-packages/airflow/example_dags/example_sla_dag.py for tasks to queue
[2023-05-21T19:43:09.618+0530] {logging_mixin.py:149} INFO - [2023-05-21T19:43:09.618+0530] {dagbag.py:541} INFO - Filling up the DagBag from /home/feuer/.local/lib/python3.10/site-packages/airflow/example_dags/example_sla_dag.py
[2023-05-21T19:43:09.623+0530] {processor.py:809} INFO - DAG(s) dict_keys(['example_sla_dag']) retrieved from /home/feuer/.local/lib/python3.10/site-packages/airflow/example_dags/example_sla_dag.py
[2023-05-21T19:43:09.635+0530] {logging_mixin.py:149} INFO - [2023-05-21T19:43:09.635+0530] {dag.py:2726} INFO - Sync 1 DAGs
[2023-05-21T19:43:09.654+0530] {logging_mixin.py:149} INFO - [2023-05-21T19:43:09.654+0530] {dag.py:3486} INFO - Setting next_dagrun for example_sla_dag to 2023-05-21T14:10:00+00:00, run_after=2023-05-21T14:12:00+00:00
[2023-05-21T19:43:09.735+0530] {processor.py:178} INFO - Processing /home/feuer/.local/lib/python3.10/site-packages/airflow/example_dags/example_sla_dag.py took 0.122 seconds
[2023-05-21T19:44:01.809+0530] {processor.py:156} INFO - Started process (PID=24838) to work on /home/feuer/.local/lib/python3.10/site-packages/airflow/example_dags/example_sla_dag.py
[2023-05-21T19:44:01.813+0530] {processor.py:799} INFO - Processing file /home/feuer/.local/lib/python3.10/site-packages/airflow/example_dags/example_sla_dag.py for tasks to queue
[2023-05-21T19:44:01.814+0530] {logging_mixin.py:149} INFO - [2023-05-21T19:44:01.814+0530] {dagbag.py:541} INFO - Filling up the DagBag from /home/feuer/.local/lib/python3.10/site-packages/airflow/example_dags/example_sla_dag.py
[2023-05-21T19:44:01.824+0530] {processor.py:809} INFO - DAG(s) dict_keys(['example_sla_dag']) retrieved from /home/feuer/.local/lib/python3.10/site-packages/airflow/example_dags/example_sla_dag.py
[2023-05-21T19:44:01.848+0530] {logging_mixin.py:149} INFO - [2023-05-21T19:44:01.848+0530] {dag.py:2726} INFO - Sync 1 DAGs
[2023-05-21T19:44:01.868+0530] {logging_mixin.py:149} INFO - [2023-05-21T19:44:01.868+0530] {dag.py:3486} INFO - Setting next_dagrun for example_sla_dag to 2023-05-21T14:12:00+00:00, run_after=2023-05-21T14:14:00+00:00
[2023-05-21T19:44:01.994+0530] {processor.py:178} INFO - Processing /home/feuer/.local/lib/python3.10/site-packages/airflow/example_dags/example_sla_dag.py took 0.189 seconds
[2023-05-21T19:44:55.277+0530] {processor.py:156} INFO - Started process (PID=24970) to work on /home/feuer/.local/lib/python3.10/site-packages/airflow/example_dags/example_sla_dag.py
[2023-05-21T19:44:55.291+0530] {processor.py:799} INFO - Processing file /home/feuer/.local/lib/python3.10/site-packages/airflow/example_dags/example_sla_dag.py for tasks to queue
[2023-05-21T19:44:55.292+0530] {logging_mixin.py:149} INFO - [2023-05-21T19:44:55.292+0530] {dagbag.py:541} INFO - Filling up the DagBag from /home/feuer/.local/lib/python3.10/site-packages/airflow/example_dags/example_sla_dag.py
[2023-05-21T19:44:55.300+0530] {processor.py:809} INFO - DAG(s) dict_keys(['example_sla_dag']) retrieved from /home/feuer/.local/lib/python3.10/site-packages/airflow/example_dags/example_sla_dag.py
[2023-05-21T19:44:55.321+0530] {logging_mixin.py:149} INFO - [2023-05-21T19:44:55.321+0530] {dag.py:2726} INFO - Sync 1 DAGs
[2023-05-21T19:44:55.346+0530] {logging_mixin.py:149} INFO - [2023-05-21T19:44:55.346+0530] {dag.py:3486} INFO - Setting next_dagrun for example_sla_dag to 2023-05-21T14:12:00+00:00, run_after=2023-05-21T14:14:00+00:00
[2023-05-21T19:44:55.429+0530] {processor.py:178} INFO - Processing /home/feuer/.local/lib/python3.10/site-packages/airflow/example_dags/example_sla_dag.py took 0.155 seconds
[2023-05-21T19:45:51.172+0530] {processor.py:156} INFO - Started process (PID=25101) to work on /home/feuer/.local/lib/python3.10/site-packages/airflow/example_dags/example_sla_dag.py
[2023-05-21T19:45:51.173+0530] {processor.py:799} INFO - Processing file /home/feuer/.local/lib/python3.10/site-packages/airflow/example_dags/example_sla_dag.py for tasks to queue
[2023-05-21T19:45:51.174+0530] {logging_mixin.py:149} INFO - [2023-05-21T19:45:51.174+0530] {dagbag.py:541} INFO - Filling up the DagBag from /home/feuer/.local/lib/python3.10/site-packages/airflow/example_dags/example_sla_dag.py
[2023-05-21T19:45:51.180+0530] {processor.py:809} INFO - DAG(s) dict_keys(['example_sla_dag']) retrieved from /home/feuer/.local/lib/python3.10/site-packages/airflow/example_dags/example_sla_dag.py
[2023-05-21T19:45:51.193+0530] {logging_mixin.py:149} INFO - [2023-05-21T19:45:51.193+0530] {dag.py:2726} INFO - Sync 1 DAGs
[2023-05-21T19:45:51.206+0530] {logging_mixin.py:149} INFO - [2023-05-21T19:45:51.206+0530] {dag.py:3486} INFO - Setting next_dagrun for example_sla_dag to 2023-05-21T14:12:00+00:00, run_after=2023-05-21T14:14:00+00:00
[2023-05-21T19:45:51.285+0530] {processor.py:178} INFO - Processing /home/feuer/.local/lib/python3.10/site-packages/airflow/example_dags/example_sla_dag.py took 0.116 seconds
[2023-05-21T19:46:43.863+0530] {processor.py:156} INFO - Started process (PID=25209) to work on /home/feuer/.local/lib/python3.10/site-packages/airflow/example_dags/example_sla_dag.py
[2023-05-21T19:46:43.864+0530] {processor.py:799} INFO - Processing file /home/feuer/.local/lib/python3.10/site-packages/airflow/example_dags/example_sla_dag.py for tasks to queue
[2023-05-21T19:46:43.864+0530] {logging_mixin.py:149} INFO - [2023-05-21T19:46:43.864+0530] {dagbag.py:541} INFO - Filling up the DagBag from /home/feuer/.local/lib/python3.10/site-packages/airflow/example_dags/example_sla_dag.py
[2023-05-21T19:46:43.870+0530] {processor.py:809} INFO - DAG(s) dict_keys(['example_sla_dag']) retrieved from /home/feuer/.local/lib/python3.10/site-packages/airflow/example_dags/example_sla_dag.py
[2023-05-21T19:46:43.882+0530] {logging_mixin.py:149} INFO - [2023-05-21T19:46:43.882+0530] {dag.py:2726} INFO - Sync 1 DAGs
[2023-05-21T19:46:43.895+0530] {logging_mixin.py:149} INFO - [2023-05-21T19:46:43.895+0530] {dag.py:3486} INFO - Setting next_dagrun for example_sla_dag to 2023-05-21T14:14:00+00:00, run_after=2023-05-21T14:16:00+00:00
[2023-05-21T19:46:44.001+0530] {processor.py:178} INFO - Processing /home/feuer/.local/lib/python3.10/site-packages/airflow/example_dags/example_sla_dag.py took 0.140 seconds
[2023-05-21T19:47:36.309+0530] {processor.py:156} INFO - Started process (PID=25329) to work on /home/feuer/.local/lib/python3.10/site-packages/airflow/example_dags/example_sla_dag.py
[2023-05-21T19:47:36.316+0530] {processor.py:799} INFO - Processing file /home/feuer/.local/lib/python3.10/site-packages/airflow/example_dags/example_sla_dag.py for tasks to queue
[2023-05-21T19:47:36.317+0530] {logging_mixin.py:149} INFO - [2023-05-21T19:47:36.317+0530] {dagbag.py:541} INFO - Filling up the DagBag from /home/feuer/.local/lib/python3.10/site-packages/airflow/example_dags/example_sla_dag.py
[2023-05-21T19:47:36.324+0530] {processor.py:809} INFO - DAG(s) dict_keys(['example_sla_dag']) retrieved from /home/feuer/.local/lib/python3.10/site-packages/airflow/example_dags/example_sla_dag.py
[2023-05-21T19:47:36.344+0530] {logging_mixin.py:149} INFO - [2023-05-21T19:47:36.343+0530] {dag.py:2726} INFO - Sync 1 DAGs
[2023-05-21T19:47:36.366+0530] {logging_mixin.py:149} INFO - [2023-05-21T19:47:36.366+0530] {dag.py:3486} INFO - Setting next_dagrun for example_sla_dag to 2023-05-21T14:14:00+00:00, run_after=2023-05-21T14:16:00+00:00
[2023-05-21T19:47:36.450+0530] {processor.py:178} INFO - Processing /home/feuer/.local/lib/python3.10/site-packages/airflow/example_dags/example_sla_dag.py took 0.144 seconds
[2023-05-21T19:48:29.941+0530] {processor.py:156} INFO - Started process (PID=25435) to work on /home/feuer/.local/lib/python3.10/site-packages/airflow/example_dags/example_sla_dag.py
[2023-05-21T19:48:29.942+0530] {processor.py:799} INFO - Processing file /home/feuer/.local/lib/python3.10/site-packages/airflow/example_dags/example_sla_dag.py for tasks to queue
[2023-05-21T19:48:29.942+0530] {logging_mixin.py:149} INFO - [2023-05-21T19:48:29.942+0530] {dagbag.py:541} INFO - Filling up the DagBag from /home/feuer/.local/lib/python3.10/site-packages/airflow/example_dags/example_sla_dag.py
[2023-05-21T19:48:29.948+0530] {processor.py:809} INFO - DAG(s) dict_keys(['example_sla_dag']) retrieved from /home/feuer/.local/lib/python3.10/site-packages/airflow/example_dags/example_sla_dag.py
[2023-05-21T19:48:29.959+0530] {logging_mixin.py:149} INFO - [2023-05-21T19:48:29.959+0530] {dag.py:2726} INFO - Sync 1 DAGs
[2023-05-21T19:48:29.973+0530] {logging_mixin.py:149} INFO - [2023-05-21T19:48:29.973+0530] {dag.py:3486} INFO - Setting next_dagrun for example_sla_dag to 2023-05-21T14:16:00+00:00, run_after=2023-05-21T14:18:00+00:00
[2023-05-21T19:48:30.074+0530] {processor.py:178} INFO - Processing /home/feuer/.local/lib/python3.10/site-packages/airflow/example_dags/example_sla_dag.py took 0.134 seconds
[2023-05-21T19:49:22.762+0530] {processor.py:156} INFO - Started process (PID=25546) to work on /home/feuer/.local/lib/python3.10/site-packages/airflow/example_dags/example_sla_dag.py
[2023-05-21T19:49:22.777+0530] {processor.py:799} INFO - Processing file /home/feuer/.local/lib/python3.10/site-packages/airflow/example_dags/example_sla_dag.py for tasks to queue
[2023-05-21T19:49:22.777+0530] {logging_mixin.py:149} INFO - [2023-05-21T19:49:22.777+0530] {dagbag.py:541} INFO - Filling up the DagBag from /home/feuer/.local/lib/python3.10/site-packages/airflow/example_dags/example_sla_dag.py
[2023-05-21T19:49:22.782+0530] {processor.py:809} INFO - DAG(s) dict_keys(['example_sla_dag']) retrieved from /home/feuer/.local/lib/python3.10/site-packages/airflow/example_dags/example_sla_dag.py
[2023-05-21T19:49:22.793+0530] {logging_mixin.py:149} INFO - [2023-05-21T19:49:22.793+0530] {dag.py:2726} INFO - Sync 1 DAGs
[2023-05-21T19:49:22.806+0530] {logging_mixin.py:149} INFO - [2023-05-21T19:49:22.806+0530] {dag.py:3486} INFO - Setting next_dagrun for example_sla_dag to 2023-05-21T14:16:00+00:00, run_after=2023-05-21T14:18:00+00:00
[2023-05-21T19:49:22.894+0530] {processor.py:178} INFO - Processing /home/feuer/.local/lib/python3.10/site-packages/airflow/example_dags/example_sla_dag.py took 0.134 seconds
[2023-05-21T19:50:14.920+0530] {processor.py:156} INFO - Started process (PID=25678) to work on /home/feuer/.local/lib/python3.10/site-packages/airflow/example_dags/example_sla_dag.py
[2023-05-21T19:50:14.933+0530] {processor.py:799} INFO - Processing file /home/feuer/.local/lib/python3.10/site-packages/airflow/example_dags/example_sla_dag.py for tasks to queue
[2023-05-21T19:50:14.934+0530] {logging_mixin.py:149} INFO - [2023-05-21T19:50:14.933+0530] {dagbag.py:541} INFO - Filling up the DagBag from /home/feuer/.local/lib/python3.10/site-packages/airflow/example_dags/example_sla_dag.py
[2023-05-21T19:50:14.941+0530] {processor.py:809} INFO - DAG(s) dict_keys(['example_sla_dag']) retrieved from /home/feuer/.local/lib/python3.10/site-packages/airflow/example_dags/example_sla_dag.py
[2023-05-21T19:50:14.959+0530] {logging_mixin.py:149} INFO - [2023-05-21T19:50:14.959+0530] {dag.py:2726} INFO - Sync 1 DAGs
[2023-05-21T19:50:14.983+0530] {logging_mixin.py:149} INFO - [2023-05-21T19:50:14.982+0530] {dag.py:3486} INFO - Setting next_dagrun for example_sla_dag to 2023-05-21T14:18:00+00:00, run_after=2023-05-21T14:20:00+00:00
[2023-05-21T19:50:15.059+0530] {processor.py:178} INFO - Processing /home/feuer/.local/lib/python3.10/site-packages/airflow/example_dags/example_sla_dag.py took 0.142 seconds
[2023-05-21T19:51:06.567+0530] {processor.py:156} INFO - Started process (PID=25840) to work on /home/feuer/.local/lib/python3.10/site-packages/airflow/example_dags/example_sla_dag.py
[2023-05-21T19:51:06.568+0530] {processor.py:799} INFO - Processing file /home/feuer/.local/lib/python3.10/site-packages/airflow/example_dags/example_sla_dag.py for tasks to queue
[2023-05-21T19:51:06.569+0530] {logging_mixin.py:149} INFO - [2023-05-21T19:51:06.568+0530] {dagbag.py:541} INFO - Filling up the DagBag from /home/feuer/.local/lib/python3.10/site-packages/airflow/example_dags/example_sla_dag.py
[2023-05-21T19:51:06.576+0530] {processor.py:809} INFO - DAG(s) dict_keys(['example_sla_dag']) retrieved from /home/feuer/.local/lib/python3.10/site-packages/airflow/example_dags/example_sla_dag.py
[2023-05-21T19:51:06.595+0530] {logging_mixin.py:149} INFO - [2023-05-21T19:51:06.594+0530] {dag.py:2726} INFO - Sync 1 DAGs
[2023-05-21T19:51:06.614+0530] {logging_mixin.py:149} INFO - [2023-05-21T19:51:06.614+0530] {dag.py:3486} INFO - Setting next_dagrun for example_sla_dag to 2023-05-21T14:18:00+00:00, run_after=2023-05-21T14:20:00+00:00
[2023-05-21T19:51:06.689+0530] {processor.py:178} INFO - Processing /home/feuer/.local/lib/python3.10/site-packages/airflow/example_dags/example_sla_dag.py took 0.125 seconds
[2023-05-21T19:51:58.952+0530] {processor.py:156} INFO - Started process (PID=25949) to work on /home/feuer/.local/lib/python3.10/site-packages/airflow/example_dags/example_sla_dag.py
[2023-05-21T19:51:58.953+0530] {processor.py:799} INFO - Processing file /home/feuer/.local/lib/python3.10/site-packages/airflow/example_dags/example_sla_dag.py for tasks to queue
[2023-05-21T19:51:58.953+0530] {logging_mixin.py:149} INFO - [2023-05-21T19:51:58.953+0530] {dagbag.py:541} INFO - Filling up the DagBag from /home/feuer/.local/lib/python3.10/site-packages/airflow/example_dags/example_sla_dag.py
[2023-05-21T19:51:58.961+0530] {processor.py:809} INFO - DAG(s) dict_keys(['example_sla_dag']) retrieved from /home/feuer/.local/lib/python3.10/site-packages/airflow/example_dags/example_sla_dag.py
[2023-05-21T19:51:58.979+0530] {logging_mixin.py:149} INFO - [2023-05-21T19:51:58.979+0530] {dag.py:2726} INFO - Sync 1 DAGs
[2023-05-21T19:51:59.000+0530] {logging_mixin.py:149} INFO - [2023-05-21T19:51:59.000+0530] {dag.py:3486} INFO - Setting next_dagrun for example_sla_dag to 2023-05-21T14:18:00+00:00, run_after=2023-05-21T14:20:00+00:00
[2023-05-21T19:51:59.070+0530] {processor.py:178} INFO - Processing /home/feuer/.local/lib/python3.10/site-packages/airflow/example_dags/example_sla_dag.py took 0.121 seconds
[2023-05-21T19:52:47.411+0530] {processor.py:156} INFO - Started process (PID=26063) to work on /home/feuer/.local/lib/python3.10/site-packages/airflow/example_dags/example_sla_dag.py
[2023-05-21T19:52:47.421+0530] {processor.py:799} INFO - Processing file /home/feuer/.local/lib/python3.10/site-packages/airflow/example_dags/example_sla_dag.py for tasks to queue
[2023-05-21T19:52:47.421+0530] {logging_mixin.py:149} INFO - [2023-05-21T19:52:47.421+0530] {dagbag.py:541} INFO - Filling up the DagBag from /home/feuer/.local/lib/python3.10/site-packages/airflow/example_dags/example_sla_dag.py
[2023-05-21T19:52:47.426+0530] {processor.py:809} INFO - DAG(s) dict_keys(['example_sla_dag']) retrieved from /home/feuer/.local/lib/python3.10/site-packages/airflow/example_dags/example_sla_dag.py
[2023-05-21T19:52:47.438+0530] {logging_mixin.py:149} INFO - [2023-05-21T19:52:47.438+0530] {dag.py:2726} INFO - Sync 1 DAGs
[2023-05-21T19:52:47.451+0530] {logging_mixin.py:149} INFO - [2023-05-21T19:52:47.451+0530] {dag.py:3486} INFO - Setting next_dagrun for example_sla_dag to 2023-05-21T14:20:00+00:00, run_after=2023-05-21T14:22:00+00:00
[2023-05-21T19:52:47.531+0530] {processor.py:178} INFO - Processing /home/feuer/.local/lib/python3.10/site-packages/airflow/example_dags/example_sla_dag.py took 0.123 seconds
[2023-05-21T19:53:36.782+0530] {processor.py:156} INFO - Started process (PID=26196) to work on /home/feuer/.local/lib/python3.10/site-packages/airflow/example_dags/example_sla_dag.py
[2023-05-21T19:53:36.793+0530] {processor.py:799} INFO - Processing file /home/feuer/.local/lib/python3.10/site-packages/airflow/example_dags/example_sla_dag.py for tasks to queue
[2023-05-21T19:53:36.794+0530] {logging_mixin.py:149} INFO - [2023-05-21T19:53:36.794+0530] {dagbag.py:541} INFO - Filling up the DagBag from /home/feuer/.local/lib/python3.10/site-packages/airflow/example_dags/example_sla_dag.py
[2023-05-21T19:53:36.799+0530] {processor.py:809} INFO - DAG(s) dict_keys(['example_sla_dag']) retrieved from /home/feuer/.local/lib/python3.10/site-packages/airflow/example_dags/example_sla_dag.py
[2023-05-21T19:53:36.811+0530] {logging_mixin.py:149} INFO - [2023-05-21T19:53:36.811+0530] {dag.py:2726} INFO - Sync 1 DAGs
[2023-05-21T19:53:36.824+0530] {logging_mixin.py:149} INFO - [2023-05-21T19:53:36.824+0530] {dag.py:3486} INFO - Setting next_dagrun for example_sla_dag to 2023-05-21T14:20:00+00:00, run_after=2023-05-21T14:22:00+00:00
[2023-05-21T19:53:36.902+0530] {processor.py:178} INFO - Processing /home/feuer/.local/lib/python3.10/site-packages/airflow/example_dags/example_sla_dag.py took 0.121 seconds
[2023-05-21T19:54:28.392+0530] {processor.py:156} INFO - Started process (PID=26342) to work on /home/feuer/.local/lib/python3.10/site-packages/airflow/example_dags/example_sla_dag.py
[2023-05-21T19:54:28.392+0530] {processor.py:799} INFO - Processing file /home/feuer/.local/lib/python3.10/site-packages/airflow/example_dags/example_sla_dag.py for tasks to queue
[2023-05-21T19:54:28.393+0530] {logging_mixin.py:149} INFO - [2023-05-21T19:54:28.393+0530] {dagbag.py:541} INFO - Filling up the DagBag from /home/feuer/.local/lib/python3.10/site-packages/airflow/example_dags/example_sla_dag.py
[2023-05-21T19:54:28.401+0530] {processor.py:809} INFO - DAG(s) dict_keys(['example_sla_dag']) retrieved from /home/feuer/.local/lib/python3.10/site-packages/airflow/example_dags/example_sla_dag.py
[2023-05-21T19:54:28.419+0530] {logging_mixin.py:149} INFO - [2023-05-21T19:54:28.419+0530] {dag.py:2726} INFO - Sync 1 DAGs
[2023-05-21T19:54:28.439+0530] {logging_mixin.py:149} INFO - [2023-05-21T19:54:28.438+0530] {dag.py:3486} INFO - Setting next_dagrun for example_sla_dag to 2023-05-21T14:22:00+00:00, run_after=2023-05-21T14:24:00+00:00
[2023-05-21T19:54:28.549+0530] {processor.py:178} INFO - Processing /home/feuer/.local/lib/python3.10/site-packages/airflow/example_dags/example_sla_dag.py took 0.160 seconds
[2023-05-21T19:55:20.640+0530] {processor.py:156} INFO - Started process (PID=26471) to work on /home/feuer/.local/lib/python3.10/site-packages/airflow/example_dags/example_sla_dag.py
[2023-05-21T19:55:20.641+0530] {processor.py:799} INFO - Processing file /home/feuer/.local/lib/python3.10/site-packages/airflow/example_dags/example_sla_dag.py for tasks to queue
[2023-05-21T19:55:20.642+0530] {logging_mixin.py:149} INFO - [2023-05-21T19:55:20.642+0530] {dagbag.py:541} INFO - Filling up the DagBag from /home/feuer/.local/lib/python3.10/site-packages/airflow/example_dags/example_sla_dag.py
[2023-05-21T19:55:20.649+0530] {processor.py:809} INFO - DAG(s) dict_keys(['example_sla_dag']) retrieved from /home/feuer/.local/lib/python3.10/site-packages/airflow/example_dags/example_sla_dag.py
[2023-05-21T19:55:20.668+0530] {logging_mixin.py:149} INFO - [2023-05-21T19:55:20.667+0530] {dag.py:2726} INFO - Sync 1 DAGs
[2023-05-21T19:55:20.686+0530] {logging_mixin.py:149} INFO - [2023-05-21T19:55:20.686+0530] {dag.py:3486} INFO - Setting next_dagrun for example_sla_dag to 2023-05-21T14:22:00+00:00, run_after=2023-05-21T14:24:00+00:00
[2023-05-21T19:55:20.772+0530] {processor.py:178} INFO - Processing /home/feuer/.local/lib/python3.10/site-packages/airflow/example_dags/example_sla_dag.py took 0.135 seconds
[2023-05-21T19:56:21.187+0530] {processor.py:156} INFO - Started process (PID=26653) to work on /home/feuer/.local/lib/python3.10/site-packages/airflow/example_dags/example_sla_dag.py
[2023-05-21T19:56:21.188+0530] {processor.py:799} INFO - Processing file /home/feuer/.local/lib/python3.10/site-packages/airflow/example_dags/example_sla_dag.py for tasks to queue
[2023-05-21T19:56:21.189+0530] {logging_mixin.py:149} INFO - [2023-05-21T19:56:21.189+0530] {dagbag.py:541} INFO - Filling up the DagBag from /home/feuer/.local/lib/python3.10/site-packages/airflow/example_dags/example_sla_dag.py
[2023-05-21T19:56:21.197+0530] {processor.py:809} INFO - DAG(s) dict_keys(['example_sla_dag']) retrieved from /home/feuer/.local/lib/python3.10/site-packages/airflow/example_dags/example_sla_dag.py
[2023-05-21T19:56:21.240+0530] {logging_mixin.py:149} INFO - [2023-05-21T19:56:21.239+0530] {dag.py:2726} INFO - Sync 1 DAGs
[2023-05-21T19:56:21.266+0530] {logging_mixin.py:149} INFO - [2023-05-21T19:56:21.266+0530] {dag.py:3486} INFO - Setting next_dagrun for example_sla_dag to 2023-05-21T14:24:00+00:00, run_after=2023-05-21T14:26:00+00:00
[2023-05-21T19:56:21.726+0530] {processor.py:178} INFO - Processing /home/feuer/.local/lib/python3.10/site-packages/airflow/example_dags/example_sla_dag.py took 0.541 seconds
[2023-05-21T19:57:14.382+0530] {processor.py:156} INFO - Started process (PID=26774) to work on /home/feuer/.local/lib/python3.10/site-packages/airflow/example_dags/example_sla_dag.py
[2023-05-21T19:57:14.382+0530] {processor.py:799} INFO - Processing file /home/feuer/.local/lib/python3.10/site-packages/airflow/example_dags/example_sla_dag.py for tasks to queue
[2023-05-21T19:57:14.383+0530] {logging_mixin.py:149} INFO - [2023-05-21T19:57:14.383+0530] {dagbag.py:541} INFO - Filling up the DagBag from /home/feuer/.local/lib/python3.10/site-packages/airflow/example_dags/example_sla_dag.py
[2023-05-21T19:57:14.391+0530] {processor.py:809} INFO - DAG(s) dict_keys(['example_sla_dag']) retrieved from /home/feuer/.local/lib/python3.10/site-packages/airflow/example_dags/example_sla_dag.py
[2023-05-21T19:57:14.409+0530] {logging_mixin.py:149} INFO - [2023-05-21T19:57:14.409+0530] {dag.py:2726} INFO - Sync 1 DAGs
[2023-05-21T19:57:14.428+0530] {logging_mixin.py:149} INFO - [2023-05-21T19:57:14.428+0530] {dag.py:3486} INFO - Setting next_dagrun for example_sla_dag to 2023-05-21T14:24:00+00:00, run_after=2023-05-21T14:26:00+00:00
[2023-05-21T19:57:14.548+0530] {processor.py:178} INFO - Processing /home/feuer/.local/lib/python3.10/site-packages/airflow/example_dags/example_sla_dag.py took 0.170 seconds
[2023-05-21T19:58:05.537+0530] {processor.py:156} INFO - Started process (PID=26897) to work on /home/feuer/.local/lib/python3.10/site-packages/airflow/example_dags/example_sla_dag.py
[2023-05-21T19:58:05.538+0530] {processor.py:799} INFO - Processing file /home/feuer/.local/lib/python3.10/site-packages/airflow/example_dags/example_sla_dag.py for tasks to queue
[2023-05-21T19:58:05.538+0530] {logging_mixin.py:149} INFO - [2023-05-21T19:58:05.538+0530] {dagbag.py:541} INFO - Filling up the DagBag from /home/feuer/.local/lib/python3.10/site-packages/airflow/example_dags/example_sla_dag.py
[2023-05-21T19:58:05.546+0530] {processor.py:809} INFO - DAG(s) dict_keys(['example_sla_dag']) retrieved from /home/feuer/.local/lib/python3.10/site-packages/airflow/example_dags/example_sla_dag.py
[2023-05-21T19:58:05.564+0530] {logging_mixin.py:149} INFO - [2023-05-21T19:58:05.564+0530] {dag.py:2726} INFO - Sync 1 DAGs
[2023-05-21T19:58:05.584+0530] {logging_mixin.py:149} INFO - [2023-05-21T19:58:05.584+0530] {dag.py:3486} INFO - Setting next_dagrun for example_sla_dag to 2023-05-21T14:26:00+00:00, run_after=2023-05-21T14:28:00+00:00
[2023-05-21T19:58:05.659+0530] {processor.py:178} INFO - Processing /home/feuer/.local/lib/python3.10/site-packages/airflow/example_dags/example_sla_dag.py took 0.125 seconds
[2023-05-21T19:58:59.347+0530] {processor.py:156} INFO - Started process (PID=27072) to work on /home/feuer/.local/lib/python3.10/site-packages/airflow/example_dags/example_sla_dag.py
[2023-05-21T19:58:59.365+0530] {processor.py:799} INFO - Processing file /home/feuer/.local/lib/python3.10/site-packages/airflow/example_dags/example_sla_dag.py for tasks to queue
[2023-05-21T19:58:59.365+0530] {logging_mixin.py:149} INFO - [2023-05-21T19:58:59.365+0530] {dagbag.py:541} INFO - Filling up the DagBag from /home/feuer/.local/lib/python3.10/site-packages/airflow/example_dags/example_sla_dag.py
[2023-05-21T19:58:59.374+0530] {processor.py:809} INFO - DAG(s) dict_keys(['example_sla_dag']) retrieved from /home/feuer/.local/lib/python3.10/site-packages/airflow/example_dags/example_sla_dag.py
[2023-05-21T19:58:59.392+0530] {logging_mixin.py:149} INFO - [2023-05-21T19:58:59.392+0530] {dag.py:2726} INFO - Sync 1 DAGs
[2023-05-21T19:58:59.412+0530] {logging_mixin.py:149} INFO - [2023-05-21T19:58:59.412+0530] {dag.py:3486} INFO - Setting next_dagrun for example_sla_dag to 2023-05-21T14:26:00+00:00, run_after=2023-05-21T14:28:00+00:00
[2023-05-21T19:58:59.498+0530] {processor.py:178} INFO - Processing /home/feuer/.local/lib/python3.10/site-packages/airflow/example_dags/example_sla_dag.py took 0.154 seconds
[2023-05-21T19:59:58.062+0530] {processor.py:156} INFO - Started process (PID=27202) to work on /home/feuer/.local/lib/python3.10/site-packages/airflow/example_dags/example_sla_dag.py
[2023-05-21T19:59:58.074+0530] {processor.py:799} INFO - Processing file /home/feuer/.local/lib/python3.10/site-packages/airflow/example_dags/example_sla_dag.py for tasks to queue
[2023-05-21T19:59:58.074+0530] {logging_mixin.py:149} INFO - [2023-05-21T19:59:58.074+0530] {dagbag.py:541} INFO - Filling up the DagBag from /home/feuer/.local/lib/python3.10/site-packages/airflow/example_dags/example_sla_dag.py
[2023-05-21T19:59:58.108+0530] {processor.py:809} INFO - DAG(s) dict_keys(['example_sla_dag']) retrieved from /home/feuer/.local/lib/python3.10/site-packages/airflow/example_dags/example_sla_dag.py
[2023-05-21T19:59:58.138+0530] {logging_mixin.py:149} INFO - [2023-05-21T19:59:58.138+0530] {dag.py:2726} INFO - Sync 1 DAGs
[2023-05-21T19:59:58.152+0530] {logging_mixin.py:149} INFO - [2023-05-21T19:59:58.152+0530] {dag.py:3486} INFO - Setting next_dagrun for example_sla_dag to 2023-05-21T14:26:00+00:00, run_after=2023-05-21T14:28:00+00:00
[2023-05-21T19:59:58.239+0530] {processor.py:178} INFO - Processing /home/feuer/.local/lib/python3.10/site-packages/airflow/example_dags/example_sla_dag.py took 0.180 seconds
[2023-05-21T20:00:57.248+0530] {processor.py:156} INFO - Started process (PID=27357) to work on /home/feuer/.local/lib/python3.10/site-packages/airflow/example_dags/example_sla_dag.py
[2023-05-21T20:00:57.249+0530] {processor.py:799} INFO - Processing file /home/feuer/.local/lib/python3.10/site-packages/airflow/example_dags/example_sla_dag.py for tasks to queue
[2023-05-21T20:00:57.250+0530] {logging_mixin.py:149} INFO - [2023-05-21T20:00:57.249+0530] {dagbag.py:541} INFO - Filling up the DagBag from /home/feuer/.local/lib/python3.10/site-packages/airflow/example_dags/example_sla_dag.py
[2023-05-21T20:00:57.259+0530] {processor.py:809} INFO - DAG(s) dict_keys(['example_sla_dag']) retrieved from /home/feuer/.local/lib/python3.10/site-packages/airflow/example_dags/example_sla_dag.py
[2023-05-21T20:00:57.294+0530] {logging_mixin.py:149} INFO - [2023-05-21T20:00:57.294+0530] {dag.py:2726} INFO - Sync 1 DAGs
[2023-05-21T20:00:57.320+0530] {logging_mixin.py:149} INFO - [2023-05-21T20:00:57.320+0530] {dag.py:3486} INFO - Setting next_dagrun for example_sla_dag to 2023-05-21T14:28:00+00:00, run_after=2023-05-21T14:30:00+00:00
[2023-05-21T20:00:57.401+0530] {processor.py:178} INFO - Processing /home/feuer/.local/lib/python3.10/site-packages/airflow/example_dags/example_sla_dag.py took 0.158 seconds
[2023-05-21T20:02:15.389+0530] {processor.py:156} INFO - Started process (PID=27761) to work on /home/feuer/.local/lib/python3.10/site-packages/airflow/example_dags/example_sla_dag.py
[2023-05-21T20:02:15.389+0530] {processor.py:799} INFO - Processing file /home/feuer/.local/lib/python3.10/site-packages/airflow/example_dags/example_sla_dag.py for tasks to queue
[2023-05-21T20:02:15.390+0530] {logging_mixin.py:149} INFO - [2023-05-21T20:02:15.390+0530] {dagbag.py:541} INFO - Filling up the DagBag from /home/feuer/.local/lib/python3.10/site-packages/airflow/example_dags/example_sla_dag.py
[2023-05-21T20:02:15.396+0530] {processor.py:809} INFO - DAG(s) dict_keys(['example_sla_dag']) retrieved from /home/feuer/.local/lib/python3.10/site-packages/airflow/example_dags/example_sla_dag.py
[2023-05-21T20:02:15.416+0530] {logging_mixin.py:149} INFO - [2023-05-21T20:02:15.416+0530] {dag.py:2726} INFO - Sync 1 DAGs
[2023-05-21T20:02:15.430+0530] {logging_mixin.py:149} INFO - [2023-05-21T20:02:15.430+0530] {dag.py:3486} INFO - Setting next_dagrun for example_sla_dag to 2023-05-21T14:30:00+00:00, run_after=2023-05-21T14:32:00+00:00
[2023-05-21T20:02:15.509+0530] {processor.py:178} INFO - Processing /home/feuer/.local/lib/python3.10/site-packages/airflow/example_dags/example_sla_dag.py took 0.123 seconds
[2023-05-21T20:03:17.716+0530] {processor.py:156} INFO - Started process (PID=27939) to work on /home/feuer/.local/lib/python3.10/site-packages/airflow/example_dags/example_sla_dag.py
[2023-05-21T20:03:17.717+0530] {processor.py:799} INFO - Processing file /home/feuer/.local/lib/python3.10/site-packages/airflow/example_dags/example_sla_dag.py for tasks to queue
[2023-05-21T20:03:17.717+0530] {logging_mixin.py:149} INFO - [2023-05-21T20:03:17.717+0530] {dagbag.py:541} INFO - Filling up the DagBag from /home/feuer/.local/lib/python3.10/site-packages/airflow/example_dags/example_sla_dag.py
[2023-05-21T20:03:17.726+0530] {processor.py:809} INFO - DAG(s) dict_keys(['example_sla_dag']) retrieved from /home/feuer/.local/lib/python3.10/site-packages/airflow/example_dags/example_sla_dag.py
[2023-05-21T20:03:17.759+0530] {logging_mixin.py:149} INFO - [2023-05-21T20:03:17.759+0530] {dag.py:2726} INFO - Sync 1 DAGs
[2023-05-21T20:03:17.784+0530] {logging_mixin.py:149} INFO - [2023-05-21T20:03:17.783+0530] {dag.py:3486} INFO - Setting next_dagrun for example_sla_dag to 2023-05-21T14:30:00+00:00, run_after=2023-05-21T14:32:00+00:00
[2023-05-21T20:03:17.876+0530] {processor.py:178} INFO - Processing /home/feuer/.local/lib/python3.10/site-packages/airflow/example_dags/example_sla_dag.py took 0.163 seconds
[2023-05-21T20:04:18.996+0530] {processor.py:156} INFO - Started process (PID=28186) to work on /home/feuer/.local/lib/python3.10/site-packages/airflow/example_dags/example_sla_dag.py
[2023-05-21T20:04:18.997+0530] {processor.py:799} INFO - Processing file /home/feuer/.local/lib/python3.10/site-packages/airflow/example_dags/example_sla_dag.py for tasks to queue
[2023-05-21T20:04:18.997+0530] {logging_mixin.py:149} INFO - [2023-05-21T20:04:18.997+0530] {dagbag.py:541} INFO - Filling up the DagBag from /home/feuer/.local/lib/python3.10/site-packages/airflow/example_dags/example_sla_dag.py
[2023-05-21T20:04:19.003+0530] {processor.py:809} INFO - DAG(s) dict_keys(['example_sla_dag']) retrieved from /home/feuer/.local/lib/python3.10/site-packages/airflow/example_dags/example_sla_dag.py
[2023-05-21T20:04:19.030+0530] {logging_mixin.py:149} INFO - [2023-05-21T20:04:19.029+0530] {dag.py:2726} INFO - Sync 1 DAGs
[2023-05-21T20:04:19.053+0530] {logging_mixin.py:149} INFO - [2023-05-21T20:04:19.053+0530] {dag.py:3486} INFO - Setting next_dagrun for example_sla_dag to 2023-05-21T14:32:00+00:00, run_after=2023-05-21T14:34:00+00:00
[2023-05-21T20:04:19.158+0530] {processor.py:178} INFO - Processing /home/feuer/.local/lib/python3.10/site-packages/airflow/example_dags/example_sla_dag.py took 0.164 seconds
[2023-05-21T20:05:18.211+0530] {processor.py:156} INFO - Started process (PID=28352) to work on /home/feuer/.local/lib/python3.10/site-packages/airflow/example_dags/example_sla_dag.py
[2023-05-21T20:05:18.222+0530] {processor.py:799} INFO - Processing file /home/feuer/.local/lib/python3.10/site-packages/airflow/example_dags/example_sla_dag.py for tasks to queue
[2023-05-21T20:05:18.222+0530] {logging_mixin.py:149} INFO - [2023-05-21T20:05:18.222+0530] {dagbag.py:541} INFO - Filling up the DagBag from /home/feuer/.local/lib/python3.10/site-packages/airflow/example_dags/example_sla_dag.py
[2023-05-21T20:05:18.231+0530] {processor.py:809} INFO - DAG(s) dict_keys(['example_sla_dag']) retrieved from /home/feuer/.local/lib/python3.10/site-packages/airflow/example_dags/example_sla_dag.py
[2023-05-21T20:05:18.261+0530] {logging_mixin.py:149} INFO - [2023-05-21T20:05:18.261+0530] {dag.py:2726} INFO - Sync 1 DAGs
[2023-05-21T20:05:18.285+0530] {logging_mixin.py:149} INFO - [2023-05-21T20:05:18.285+0530] {dag.py:3486} INFO - Setting next_dagrun for example_sla_dag to 2023-05-21T14:32:00+00:00, run_after=2023-05-21T14:34:00+00:00
[2023-05-21T20:05:18.370+0530] {processor.py:178} INFO - Processing /home/feuer/.local/lib/python3.10/site-packages/airflow/example_dags/example_sla_dag.py took 0.163 seconds
[2023-05-21T20:06:16.174+0530] {processor.py:156} INFO - Started process (PID=28725) to work on /home/feuer/.local/lib/python3.10/site-packages/airflow/example_dags/example_sla_dag.py
[2023-05-21T20:06:16.185+0530] {processor.py:799} INFO - Processing file /home/feuer/.local/lib/python3.10/site-packages/airflow/example_dags/example_sla_dag.py for tasks to queue
[2023-05-21T20:06:16.186+0530] {logging_mixin.py:149} INFO - [2023-05-21T20:06:16.186+0530] {dagbag.py:541} INFO - Filling up the DagBag from /home/feuer/.local/lib/python3.10/site-packages/airflow/example_dags/example_sla_dag.py
[2023-05-21T20:06:16.194+0530] {processor.py:809} INFO - DAG(s) dict_keys(['example_sla_dag']) retrieved from /home/feuer/.local/lib/python3.10/site-packages/airflow/example_dags/example_sla_dag.py
[2023-05-21T20:06:16.215+0530] {logging_mixin.py:149} INFO - [2023-05-21T20:06:16.215+0530] {dag.py:2726} INFO - Sync 1 DAGs
[2023-05-21T20:06:16.239+0530] {logging_mixin.py:149} INFO - [2023-05-21T20:06:16.239+0530] {dag.py:3486} INFO - Setting next_dagrun for example_sla_dag to 2023-05-21T14:34:00+00:00, run_after=2023-05-21T14:36:00+00:00
[2023-05-21T20:06:16.335+0530] {processor.py:178} INFO - Processing /home/feuer/.local/lib/python3.10/site-packages/airflow/example_dags/example_sla_dag.py took 0.165 seconds
[2023-05-21T20:07:12.112+0530] {processor.py:156} INFO - Started process (PID=28874) to work on /home/feuer/.local/lib/python3.10/site-packages/airflow/example_dags/example_sla_dag.py
[2023-05-21T20:07:12.113+0530] {processor.py:799} INFO - Processing file /home/feuer/.local/lib/python3.10/site-packages/airflow/example_dags/example_sla_dag.py for tasks to queue
[2023-05-21T20:07:12.114+0530] {logging_mixin.py:149} INFO - [2023-05-21T20:07:12.113+0530] {dagbag.py:541} INFO - Filling up the DagBag from /home/feuer/.local/lib/python3.10/site-packages/airflow/example_dags/example_sla_dag.py
[2023-05-21T20:07:12.125+0530] {processor.py:809} INFO - DAG(s) dict_keys(['example_sla_dag']) retrieved from /home/feuer/.local/lib/python3.10/site-packages/airflow/example_dags/example_sla_dag.py
[2023-05-21T20:07:12.150+0530] {logging_mixin.py:149} INFO - [2023-05-21T20:07:12.150+0530] {dag.py:2726} INFO - Sync 1 DAGs
[2023-05-21T20:07:12.169+0530] {logging_mixin.py:149} INFO - [2023-05-21T20:07:12.169+0530] {dag.py:3486} INFO - Setting next_dagrun for example_sla_dag to 2023-05-21T14:34:00+00:00, run_after=2023-05-21T14:36:00+00:00
[2023-05-21T20:07:12.254+0530] {processor.py:178} INFO - Processing /home/feuer/.local/lib/python3.10/site-packages/airflow/example_dags/example_sla_dag.py took 0.147 seconds
[2023-05-21T20:08:06.685+0530] {processor.py:156} INFO - Started process (PID=29041) to work on /home/feuer/.local/lib/python3.10/site-packages/airflow/example_dags/example_sla_dag.py
[2023-05-21T20:08:06.685+0530] {processor.py:799} INFO - Processing file /home/feuer/.local/lib/python3.10/site-packages/airflow/example_dags/example_sla_dag.py for tasks to queue
[2023-05-21T20:08:06.686+0530] {logging_mixin.py:149} INFO - [2023-05-21T20:08:06.686+0530] {dagbag.py:541} INFO - Filling up the DagBag from /home/feuer/.local/lib/python3.10/site-packages/airflow/example_dags/example_sla_dag.py
[2023-05-21T20:08:06.691+0530] {processor.py:809} INFO - DAG(s) dict_keys(['example_sla_dag']) retrieved from /home/feuer/.local/lib/python3.10/site-packages/airflow/example_dags/example_sla_dag.py
[2023-05-21T20:08:06.703+0530] {logging_mixin.py:149} INFO - [2023-05-21T20:08:06.703+0530] {dag.py:2726} INFO - Sync 1 DAGs
[2023-05-21T20:08:06.720+0530] {logging_mixin.py:149} INFO - [2023-05-21T20:08:06.720+0530] {dag.py:3486} INFO - Setting next_dagrun for example_sla_dag to 2023-05-21T14:36:00+00:00, run_after=2023-05-21T14:38:00+00:00
[2023-05-21T20:08:06.800+0530] {processor.py:178} INFO - Processing /home/feuer/.local/lib/python3.10/site-packages/airflow/example_dags/example_sla_dag.py took 0.117 seconds
[2023-05-21T20:09:05.915+0530] {processor.py:156} INFO - Started process (PID=29182) to work on /home/feuer/.local/lib/python3.10/site-packages/airflow/example_dags/example_sla_dag.py
[2023-05-21T20:09:05.928+0530] {processor.py:799} INFO - Processing file /home/feuer/.local/lib/python3.10/site-packages/airflow/example_dags/example_sla_dag.py for tasks to queue
[2023-05-21T20:09:05.929+0530] {logging_mixin.py:149} INFO - [2023-05-21T20:09:05.929+0530] {dagbag.py:541} INFO - Filling up the DagBag from /home/feuer/.local/lib/python3.10/site-packages/airflow/example_dags/example_sla_dag.py
[2023-05-21T20:09:05.937+0530] {processor.py:809} INFO - DAG(s) dict_keys(['example_sla_dag']) retrieved from /home/feuer/.local/lib/python3.10/site-packages/airflow/example_dags/example_sla_dag.py
[2023-05-21T20:09:05.955+0530] {logging_mixin.py:149} INFO - [2023-05-21T20:09:05.955+0530] {dag.py:2726} INFO - Sync 1 DAGs
[2023-05-21T20:09:05.978+0530] {logging_mixin.py:149} INFO - [2023-05-21T20:09:05.978+0530] {dag.py:3486} INFO - Setting next_dagrun for example_sla_dag to 2023-05-21T14:36:00+00:00, run_after=2023-05-21T14:38:00+00:00
[2023-05-21T20:09:06.061+0530] {processor.py:178} INFO - Processing /home/feuer/.local/lib/python3.10/site-packages/airflow/example_dags/example_sla_dag.py took 0.149 seconds
[2023-05-21T20:10:02.880+0530] {processor.py:156} INFO - Started process (PID=29402) to work on /home/feuer/.local/lib/python3.10/site-packages/airflow/example_dags/example_sla_dag.py
[2023-05-21T20:10:02.881+0530] {processor.py:799} INFO - Processing file /home/feuer/.local/lib/python3.10/site-packages/airflow/example_dags/example_sla_dag.py for tasks to queue
[2023-05-21T20:10:02.882+0530] {logging_mixin.py:149} INFO - [2023-05-21T20:10:02.882+0530] {dagbag.py:541} INFO - Filling up the DagBag from /home/feuer/.local/lib/python3.10/site-packages/airflow/example_dags/example_sla_dag.py
[2023-05-21T20:10:02.890+0530] {processor.py:809} INFO - DAG(s) dict_keys(['example_sla_dag']) retrieved from /home/feuer/.local/lib/python3.10/site-packages/airflow/example_dags/example_sla_dag.py
[2023-05-21T20:10:02.908+0530] {logging_mixin.py:149} INFO - [2023-05-21T20:10:02.908+0530] {dag.py:2726} INFO - Sync 1 DAGs
[2023-05-21T20:10:02.928+0530] {logging_mixin.py:149} INFO - [2023-05-21T20:10:02.928+0530] {dag.py:3486} INFO - Setting next_dagrun for example_sla_dag to 2023-05-21T14:38:00+00:00, run_after=2023-05-21T14:40:00+00:00
[2023-05-21T20:10:03.004+0530] {processor.py:178} INFO - Processing /home/feuer/.local/lib/python3.10/site-packages/airflow/example_dags/example_sla_dag.py took 0.127 seconds
[2023-05-21T20:10:59.163+0530] {processor.py:156} INFO - Started process (PID=29532) to work on /home/feuer/.local/lib/python3.10/site-packages/airflow/example_dags/example_sla_dag.py
[2023-05-21T20:10:59.164+0530] {processor.py:799} INFO - Processing file /home/feuer/.local/lib/python3.10/site-packages/airflow/example_dags/example_sla_dag.py for tasks to queue
[2023-05-21T20:10:59.165+0530] {logging_mixin.py:149} INFO - [2023-05-21T20:10:59.164+0530] {dagbag.py:541} INFO - Filling up the DagBag from /home/feuer/.local/lib/python3.10/site-packages/airflow/example_dags/example_sla_dag.py
[2023-05-21T20:10:59.191+0530] {processor.py:809} INFO - DAG(s) dict_keys(['example_sla_dag']) retrieved from /home/feuer/.local/lib/python3.10/site-packages/airflow/example_dags/example_sla_dag.py
[2023-05-21T20:10:59.278+0530] {logging_mixin.py:149} INFO - [2023-05-21T20:10:59.278+0530] {dag.py:2726} INFO - Sync 1 DAGs
[2023-05-21T20:10:59.292+0530] {logging_mixin.py:149} INFO - [2023-05-21T20:10:59.292+0530] {dag.py:3486} INFO - Setting next_dagrun for example_sla_dag to 2023-05-21T14:38:00+00:00, run_after=2023-05-21T14:40:00+00:00
[2023-05-21T20:10:59.401+0530] {processor.py:178} INFO - Processing /home/feuer/.local/lib/python3.10/site-packages/airflow/example_dags/example_sla_dag.py took 0.241 seconds
[2023-05-21T20:11:58.970+0530] {processor.py:156} INFO - Started process (PID=29715) to work on /home/feuer/.local/lib/python3.10/site-packages/airflow/example_dags/example_sla_dag.py
[2023-05-21T20:11:58.970+0530] {processor.py:799} INFO - Processing file /home/feuer/.local/lib/python3.10/site-packages/airflow/example_dags/example_sla_dag.py for tasks to queue
[2023-05-21T20:11:58.971+0530] {logging_mixin.py:149} INFO - [2023-05-21T20:11:58.971+0530] {dagbag.py:541} INFO - Filling up the DagBag from /home/feuer/.local/lib/python3.10/site-packages/airflow/example_dags/example_sla_dag.py
[2023-05-21T20:11:58.979+0530] {processor.py:809} INFO - DAG(s) dict_keys(['example_sla_dag']) retrieved from /home/feuer/.local/lib/python3.10/site-packages/airflow/example_dags/example_sla_dag.py
[2023-05-21T20:11:58.998+0530] {logging_mixin.py:149} INFO - [2023-05-21T20:11:58.998+0530] {dag.py:2726} INFO - Sync 1 DAGs
[2023-05-21T20:11:59.018+0530] {logging_mixin.py:149} INFO - [2023-05-21T20:11:59.018+0530] {dag.py:3486} INFO - Setting next_dagrun for example_sla_dag to 2023-05-21T14:38:00+00:00, run_after=2023-05-21T14:40:00+00:00
[2023-05-21T20:11:59.111+0530] {processor.py:178} INFO - Processing /home/feuer/.local/lib/python3.10/site-packages/airflow/example_dags/example_sla_dag.py took 0.145 seconds
[2023-05-21T16:58:09.347+0530] {processor.py:156} INFO - Started process (PID=55859) to work on /home/feuer/.local/lib/python3.10/site-packages/airflow/example_dags/example_sla_dag.py
[2023-05-21T16:58:09.491+0530] {processor.py:799} INFO - Processing file /home/feuer/.local/lib/python3.10/site-packages/airflow/example_dags/example_sla_dag.py for tasks to queue
[2023-05-21T16:58:09.491+0530] {logging_mixin.py:149} INFO - [2023-05-21T16:58:09.491+0530] {dagbag.py:541} INFO - Filling up the DagBag from /home/feuer/.local/lib/python3.10/site-packages/airflow/example_dags/example_sla_dag.py
[2023-05-21T16:58:09.540+0530] {processor.py:809} INFO - DAG(s) dict_keys(['example_sla_dag']) retrieved from /home/feuer/.local/lib/python3.10/site-packages/airflow/example_dags/example_sla_dag.py
[2023-05-21T16:58:09.552+0530] {logging_mixin.py:149} INFO - [2023-05-21T16:58:09.552+0530] {dag.py:2726} INFO - Sync 1 DAGs
[2023-05-21T16:58:09.566+0530] {logging_mixin.py:149} INFO - [2023-05-21T16:58:09.566+0530] {dag.py:3486} INFO - Setting next_dagrun for example_sla_dag to 2023-05-21T11:26:00+00:00, run_after=2023-05-21T11:28:00+00:00
[2023-05-21T16:58:10.022+0530] {processor.py:178} INFO - Processing /home/feuer/.local/lib/python3.10/site-packages/airflow/example_dags/example_sla_dag.py took 0.677 seconds
[2023-05-21T16:59:34.252+0530] {processor.py:156} INFO - Started process (PID=56022) to work on /home/feuer/.local/lib/python3.10/site-packages/airflow/example_dags/example_sla_dag.py
[2023-05-21T16:59:34.256+0530] {processor.py:799} INFO - Processing file /home/feuer/.local/lib/python3.10/site-packages/airflow/example_dags/example_sla_dag.py for tasks to queue
[2023-05-21T16:59:34.257+0530] {logging_mixin.py:149} INFO - [2023-05-21T16:59:34.257+0530] {dagbag.py:541} INFO - Filling up the DagBag from /home/feuer/.local/lib/python3.10/site-packages/airflow/example_dags/example_sla_dag.py
[2023-05-21T16:59:34.264+0530] {processor.py:809} INFO - DAG(s) dict_keys(['example_sla_dag']) retrieved from /home/feuer/.local/lib/python3.10/site-packages/airflow/example_dags/example_sla_dag.py
[2023-05-21T16:59:34.282+0530] {logging_mixin.py:149} INFO - [2023-05-21T16:59:34.282+0530] {dag.py:2726} INFO - Sync 1 DAGs
[2023-05-21T16:59:34.303+0530] {logging_mixin.py:149} INFO - [2023-05-21T16:59:34.303+0530] {dag.py:3486} INFO - Setting next_dagrun for example_sla_dag to 2023-05-21T11:26:00+00:00, run_after=2023-05-21T11:28:00+00:00
[2023-05-21T16:59:34.517+0530] {processor.py:178} INFO - Processing /home/feuer/.local/lib/python3.10/site-packages/airflow/example_dags/example_sla_dag.py took 0.267 seconds
[2023-05-21T17:00:46.938+0530] {processor.py:156} INFO - Started process (PID=56256) to work on /home/feuer/.local/lib/python3.10/site-packages/airflow/example_dags/example_sla_dag.py
[2023-05-21T17:00:47.026+0530] {processor.py:799} INFO - Processing file /home/feuer/.local/lib/python3.10/site-packages/airflow/example_dags/example_sla_dag.py for tasks to queue
[2023-05-21T17:00:47.026+0530] {logging_mixin.py:149} INFO - [2023-05-21T17:00:47.026+0530] {dagbag.py:541} INFO - Filling up the DagBag from /home/feuer/.local/lib/python3.10/site-packages/airflow/example_dags/example_sla_dag.py
[2023-05-21T17:00:47.034+0530] {processor.py:809} INFO - DAG(s) dict_keys(['example_sla_dag']) retrieved from /home/feuer/.local/lib/python3.10/site-packages/airflow/example_dags/example_sla_dag.py
[2023-05-21T17:00:47.054+0530] {logging_mixin.py:149} INFO - [2023-05-21T17:00:47.054+0530] {dag.py:2726} INFO - Sync 1 DAGs
[2023-05-21T17:00:47.079+0530] {logging_mixin.py:149} INFO - [2023-05-21T17:00:47.079+0530] {dag.py:3486} INFO - Setting next_dagrun for example_sla_dag to 2023-05-21T11:28:00+00:00, run_after=2023-05-21T11:30:00+00:00
[2023-05-21T17:00:47.607+0530] {processor.py:178} INFO - Processing /home/feuer/.local/lib/python3.10/site-packages/airflow/example_dags/example_sla_dag.py took 0.671 seconds
[2023-05-21T17:02:24.712+0530] {processor.py:156} INFO - Started process (PID=56512) to work on /home/feuer/.local/lib/python3.10/site-packages/airflow/example_dags/example_sla_dag.py
[2023-05-21T17:02:24.847+0530] {processor.py:799} INFO - Processing file /home/feuer/.local/lib/python3.10/site-packages/airflow/example_dags/example_sla_dag.py for tasks to queue
[2023-05-21T17:02:24.848+0530] {logging_mixin.py:149} INFO - [2023-05-21T17:02:24.848+0530] {dagbag.py:541} INFO - Filling up the DagBag from /home/feuer/.local/lib/python3.10/site-packages/airflow/example_dags/example_sla_dag.py
[2023-05-21T17:02:24.852+0530] {processor.py:809} INFO - DAG(s) dict_keys(['example_sla_dag']) retrieved from /home/feuer/.local/lib/python3.10/site-packages/airflow/example_dags/example_sla_dag.py
[2023-05-21T17:02:24.863+0530] {logging_mixin.py:149} INFO - [2023-05-21T17:02:24.863+0530] {dag.py:2726} INFO - Sync 1 DAGs
[2023-05-21T17:02:24.878+0530] {logging_mixin.py:149} INFO - [2023-05-21T17:02:24.878+0530] {dag.py:3486} INFO - Setting next_dagrun for example_sla_dag to 2023-05-21T11:30:00+00:00, run_after=2023-05-21T11:32:00+00:00
[2023-05-21T17:02:25.087+0530] {processor.py:178} INFO - Processing /home/feuer/.local/lib/python3.10/site-packages/airflow/example_dags/example_sla_dag.py took 0.376 seconds
[2023-05-21T17:03:20.186+0530] {processor.py:156} INFO - Started process (PID=56669) to work on /home/feuer/.local/lib/python3.10/site-packages/airflow/example_dags/example_sla_dag.py
[2023-05-21T17:03:20.187+0530] {processor.py:799} INFO - Processing file /home/feuer/.local/lib/python3.10/site-packages/airflow/example_dags/example_sla_dag.py for tasks to queue
[2023-05-21T17:03:20.188+0530] {logging_mixin.py:149} INFO - [2023-05-21T17:03:20.188+0530] {dagbag.py:541} INFO - Filling up the DagBag from /home/feuer/.local/lib/python3.10/site-packages/airflow/example_dags/example_sla_dag.py
[2023-05-21T17:03:20.193+0530] {processor.py:809} INFO - DAG(s) dict_keys(['example_sla_dag']) retrieved from /home/feuer/.local/lib/python3.10/site-packages/airflow/example_dags/example_sla_dag.py
[2023-05-21T17:03:20.207+0530] {logging_mixin.py:149} INFO - [2023-05-21T17:03:20.207+0530] {dag.py:2726} INFO - Sync 1 DAGs
[2023-05-21T17:03:20.220+0530] {logging_mixin.py:149} INFO - [2023-05-21T17:03:20.220+0530] {dag.py:3486} INFO - Setting next_dagrun for example_sla_dag to 2023-05-21T11:30:00+00:00, run_after=2023-05-21T11:32:00+00:00
[2023-05-21T17:03:20.357+0530] {processor.py:178} INFO - Processing /home/feuer/.local/lib/python3.10/site-packages/airflow/example_dags/example_sla_dag.py took 0.173 seconds
[2023-05-21T17:04:08.024+0530] {processor.py:156} INFO - Started process (PID=56797) to work on /home/feuer/.local/lib/python3.10/site-packages/airflow/example_dags/example_sla_dag.py
[2023-05-21T17:04:08.025+0530] {processor.py:799} INFO - Processing file /home/feuer/.local/lib/python3.10/site-packages/airflow/example_dags/example_sla_dag.py for tasks to queue
[2023-05-21T17:04:08.025+0530] {logging_mixin.py:149} INFO - [2023-05-21T17:04:08.025+0530] {dagbag.py:541} INFO - Filling up the DagBag from /home/feuer/.local/lib/python3.10/site-packages/airflow/example_dags/example_sla_dag.py
[2023-05-21T17:04:08.030+0530] {processor.py:809} INFO - DAG(s) dict_keys(['example_sla_dag']) retrieved from /home/feuer/.local/lib/python3.10/site-packages/airflow/example_dags/example_sla_dag.py
[2023-05-21T17:04:08.042+0530] {logging_mixin.py:149} INFO - [2023-05-21T17:04:08.042+0530] {dag.py:2726} INFO - Sync 1 DAGs
[2023-05-21T17:04:08.055+0530] {logging_mixin.py:149} INFO - [2023-05-21T17:04:08.055+0530] {dag.py:3486} INFO - Setting next_dagrun for example_sla_dag to 2023-05-21T11:32:00+00:00, run_after=2023-05-21T11:34:00+00:00
[2023-05-21T17:04:08.136+0530] {processor.py:178} INFO - Processing /home/feuer/.local/lib/python3.10/site-packages/airflow/example_dags/example_sla_dag.py took 0.115 seconds
[2023-05-21T17:04:54.666+0530] {processor.py:156} INFO - Started process (PID=56911) to work on /home/feuer/.local/lib/python3.10/site-packages/airflow/example_dags/example_sla_dag.py
[2023-05-21T17:04:54.679+0530] {processor.py:799} INFO - Processing file /home/feuer/.local/lib/python3.10/site-packages/airflow/example_dags/example_sla_dag.py for tasks to queue
[2023-05-21T17:04:54.680+0530] {logging_mixin.py:149} INFO - [2023-05-21T17:04:54.680+0530] {dagbag.py:541} INFO - Filling up the DagBag from /home/feuer/.local/lib/python3.10/site-packages/airflow/example_dags/example_sla_dag.py
[2023-05-21T17:04:54.684+0530] {processor.py:809} INFO - DAG(s) dict_keys(['example_sla_dag']) retrieved from /home/feuer/.local/lib/python3.10/site-packages/airflow/example_dags/example_sla_dag.py
[2023-05-21T17:04:54.696+0530] {logging_mixin.py:149} INFO - [2023-05-21T17:04:54.696+0530] {dag.py:2726} INFO - Sync 1 DAGs
[2023-05-21T17:04:54.709+0530] {logging_mixin.py:149} INFO - [2023-05-21T17:04:54.709+0530] {dag.py:3486} INFO - Setting next_dagrun for example_sla_dag to 2023-05-21T11:32:00+00:00, run_after=2023-05-21T11:34:00+00:00
[2023-05-21T17:04:54.782+0530] {processor.py:178} INFO - Processing /home/feuer/.local/lib/python3.10/site-packages/airflow/example_dags/example_sla_dag.py took 0.118 seconds
[2023-05-21T17:05:40.426+0530] {processor.py:156} INFO - Started process (PID=57015) to work on /home/feuer/.local/lib/python3.10/site-packages/airflow/example_dags/example_sla_dag.py
[2023-05-21T17:05:40.434+0530] {processor.py:799} INFO - Processing file /home/feuer/.local/lib/python3.10/site-packages/airflow/example_dags/example_sla_dag.py for tasks to queue
[2023-05-21T17:05:40.434+0530] {logging_mixin.py:149} INFO - [2023-05-21T17:05:40.434+0530] {dagbag.py:541} INFO - Filling up the DagBag from /home/feuer/.local/lib/python3.10/site-packages/airflow/example_dags/example_sla_dag.py
[2023-05-21T17:05:40.439+0530] {processor.py:809} INFO - DAG(s) dict_keys(['example_sla_dag']) retrieved from /home/feuer/.local/lib/python3.10/site-packages/airflow/example_dags/example_sla_dag.py
[2023-05-21T17:05:40.450+0530] {logging_mixin.py:149} INFO - [2023-05-21T17:05:40.450+0530] {dag.py:2726} INFO - Sync 1 DAGs
[2023-05-21T17:05:40.463+0530] {logging_mixin.py:149} INFO - [2023-05-21T17:05:40.463+0530] {dag.py:3486} INFO - Setting next_dagrun for example_sla_dag to 2023-05-21T11:32:00+00:00, run_after=2023-05-21T11:34:00+00:00
[2023-05-21T17:05:40.543+0530] {processor.py:178} INFO - Processing /home/feuer/.local/lib/python3.10/site-packages/airflow/example_dags/example_sla_dag.py took 0.119 seconds
[2023-05-21T17:06:25.920+0530] {processor.py:156} INFO - Started process (PID=57120) to work on /home/feuer/.local/lib/python3.10/site-packages/airflow/example_dags/example_sla_dag.py
[2023-05-21T17:06:25.926+0530] {processor.py:799} INFO - Processing file /home/feuer/.local/lib/python3.10/site-packages/airflow/example_dags/example_sla_dag.py for tasks to queue
[2023-05-21T17:06:25.926+0530] {logging_mixin.py:149} INFO - [2023-05-21T17:06:25.926+0530] {dagbag.py:541} INFO - Filling up the DagBag from /home/feuer/.local/lib/python3.10/site-packages/airflow/example_dags/example_sla_dag.py
[2023-05-21T17:06:25.931+0530] {processor.py:809} INFO - DAG(s) dict_keys(['example_sla_dag']) retrieved from /home/feuer/.local/lib/python3.10/site-packages/airflow/example_dags/example_sla_dag.py
[2023-05-21T17:06:25.945+0530] {logging_mixin.py:149} INFO - [2023-05-21T17:06:25.945+0530] {dag.py:2726} INFO - Sync 1 DAGs
[2023-05-21T17:06:25.959+0530] {logging_mixin.py:149} INFO - [2023-05-21T17:06:25.959+0530] {dag.py:3486} INFO - Setting next_dagrun for example_sla_dag to 2023-05-21T11:34:00+00:00, run_after=2023-05-21T11:36:00+00:00
[2023-05-21T17:06:26.051+0530] {processor.py:178} INFO - Processing /home/feuer/.local/lib/python3.10/site-packages/airflow/example_dags/example_sla_dag.py took 0.134 seconds
[2023-05-21T17:07:10.042+0530] {processor.py:156} INFO - Started process (PID=57225) to work on /home/feuer/.local/lib/python3.10/site-packages/airflow/example_dags/example_sla_dag.py
[2023-05-21T17:07:10.043+0530] {processor.py:799} INFO - Processing file /home/feuer/.local/lib/python3.10/site-packages/airflow/example_dags/example_sla_dag.py for tasks to queue
[2023-05-21T17:07:10.043+0530] {logging_mixin.py:149} INFO - [2023-05-21T17:07:10.043+0530] {dagbag.py:541} INFO - Filling up the DagBag from /home/feuer/.local/lib/python3.10/site-packages/airflow/example_dags/example_sla_dag.py
[2023-05-21T17:07:10.047+0530] {processor.py:809} INFO - DAG(s) dict_keys(['example_sla_dag']) retrieved from /home/feuer/.local/lib/python3.10/site-packages/airflow/example_dags/example_sla_dag.py
[2023-05-21T17:07:10.058+0530] {logging_mixin.py:149} INFO - [2023-05-21T17:07:10.058+0530] {dag.py:2726} INFO - Sync 1 DAGs
[2023-05-21T17:07:10.071+0530] {logging_mixin.py:149} INFO - [2023-05-21T17:07:10.071+0530] {dag.py:3486} INFO - Setting next_dagrun for example_sla_dag to 2023-05-21T11:34:00+00:00, run_after=2023-05-21T11:36:00+00:00
[2023-05-21T17:07:10.193+0530] {processor.py:178} INFO - Processing /home/feuer/.local/lib/python3.10/site-packages/airflow/example_dags/example_sla_dag.py took 0.152 seconds
[2023-05-21T17:07:53.012+0530] {processor.py:156} INFO - Started process (PID=57343) to work on /home/feuer/.local/lib/python3.10/site-packages/airflow/example_dags/example_sla_dag.py
[2023-05-21T17:07:53.013+0530] {processor.py:799} INFO - Processing file /home/feuer/.local/lib/python3.10/site-packages/airflow/example_dags/example_sla_dag.py for tasks to queue
[2023-05-21T17:07:53.014+0530] {logging_mixin.py:149} INFO - [2023-05-21T17:07:53.013+0530] {dagbag.py:541} INFO - Filling up the DagBag from /home/feuer/.local/lib/python3.10/site-packages/airflow/example_dags/example_sla_dag.py
[2023-05-21T17:07:53.019+0530] {processor.py:809} INFO - DAG(s) dict_keys(['example_sla_dag']) retrieved from /home/feuer/.local/lib/python3.10/site-packages/airflow/example_dags/example_sla_dag.py
[2023-05-21T17:07:53.031+0530] {logging_mixin.py:149} INFO - [2023-05-21T17:07:53.031+0530] {dag.py:2726} INFO - Sync 1 DAGs
[2023-05-21T17:07:53.044+0530] {logging_mixin.py:149} INFO - [2023-05-21T17:07:53.044+0530] {dag.py:3486} INFO - Setting next_dagrun for example_sla_dag to 2023-05-21T11:34:00+00:00, run_after=2023-05-21T11:36:00+00:00
[2023-05-21T17:07:53.123+0530] {processor.py:178} INFO - Processing /home/feuer/.local/lib/python3.10/site-packages/airflow/example_dags/example_sla_dag.py took 0.113 seconds
[2023-05-21T17:08:37.900+0530] {processor.py:156} INFO - Started process (PID=57446) to work on /home/feuer/.local/lib/python3.10/site-packages/airflow/example_dags/example_sla_dag.py
[2023-05-21T17:08:37.901+0530] {processor.py:799} INFO - Processing file /home/feuer/.local/lib/python3.10/site-packages/airflow/example_dags/example_sla_dag.py for tasks to queue
[2023-05-21T17:08:37.901+0530] {logging_mixin.py:149} INFO - [2023-05-21T17:08:37.901+0530] {dagbag.py:541} INFO - Filling up the DagBag from /home/feuer/.local/lib/python3.10/site-packages/airflow/example_dags/example_sla_dag.py
[2023-05-21T17:08:37.906+0530] {processor.py:809} INFO - DAG(s) dict_keys(['example_sla_dag']) retrieved from /home/feuer/.local/lib/python3.10/site-packages/airflow/example_dags/example_sla_dag.py
[2023-05-21T17:08:37.917+0530] {logging_mixin.py:149} INFO - [2023-05-21T17:08:37.917+0530] {dag.py:2726} INFO - Sync 1 DAGs
[2023-05-21T17:08:37.929+0530] {logging_mixin.py:149} INFO - [2023-05-21T17:08:37.929+0530] {dag.py:3486} INFO - Setting next_dagrun for example_sla_dag to 2023-05-21T11:36:00+00:00, run_after=2023-05-21T11:38:00+00:00
[2023-05-21T17:08:38.014+0530] {processor.py:178} INFO - Processing /home/feuer/.local/lib/python3.10/site-packages/airflow/example_dags/example_sla_dag.py took 0.116 seconds
[2023-05-21T17:09:24.300+0530] {processor.py:156} INFO - Started process (PID=57590) to work on /home/feuer/.local/lib/python3.10/site-packages/airflow/example_dags/example_sla_dag.py
[2023-05-21T17:09:24.316+0530] {processor.py:799} INFO - Processing file /home/feuer/.local/lib/python3.10/site-packages/airflow/example_dags/example_sla_dag.py for tasks to queue
[2023-05-21T17:09:24.316+0530] {logging_mixin.py:149} INFO - [2023-05-21T17:09:24.316+0530] {dagbag.py:541} INFO - Filling up the DagBag from /home/feuer/.local/lib/python3.10/site-packages/airflow/example_dags/example_sla_dag.py
[2023-05-21T17:09:24.320+0530] {processor.py:809} INFO - DAG(s) dict_keys(['example_sla_dag']) retrieved from /home/feuer/.local/lib/python3.10/site-packages/airflow/example_dags/example_sla_dag.py
[2023-05-21T17:09:24.332+0530] {logging_mixin.py:149} INFO - [2023-05-21T17:09:24.332+0530] {dag.py:2726} INFO - Sync 1 DAGs
[2023-05-21T17:09:24.345+0530] {logging_mixin.py:149} INFO - [2023-05-21T17:09:24.345+0530] {dag.py:3486} INFO - Setting next_dagrun for example_sla_dag to 2023-05-21T11:36:00+00:00, run_after=2023-05-21T11:38:00+00:00
[2023-05-21T17:09:24.429+0530] {processor.py:178} INFO - Processing /home/feuer/.local/lib/python3.10/site-packages/airflow/example_dags/example_sla_dag.py took 0.132 seconds
[2023-05-21T17:10:09.462+0530] {processor.py:156} INFO - Started process (PID=57704) to work on /home/feuer/.local/lib/python3.10/site-packages/airflow/example_dags/example_sla_dag.py
[2023-05-21T17:10:09.479+0530] {processor.py:799} INFO - Processing file /home/feuer/.local/lib/python3.10/site-packages/airflow/example_dags/example_sla_dag.py for tasks to queue
[2023-05-21T17:10:09.479+0530] {logging_mixin.py:149} INFO - [2023-05-21T17:10:09.479+0530] {dagbag.py:541} INFO - Filling up the DagBag from /home/feuer/.local/lib/python3.10/site-packages/airflow/example_dags/example_sla_dag.py
[2023-05-21T17:10:09.483+0530] {processor.py:809} INFO - DAG(s) dict_keys(['example_sla_dag']) retrieved from /home/feuer/.local/lib/python3.10/site-packages/airflow/example_dags/example_sla_dag.py
[2023-05-21T17:10:09.494+0530] {logging_mixin.py:149} INFO - [2023-05-21T17:10:09.494+0530] {dag.py:2726} INFO - Sync 1 DAGs
[2023-05-21T17:10:09.507+0530] {logging_mixin.py:149} INFO - [2023-05-21T17:10:09.507+0530] {dag.py:3486} INFO - Setting next_dagrun for example_sla_dag to 2023-05-21T11:38:00+00:00, run_after=2023-05-21T11:40:00+00:00
[2023-05-21T17:10:09.591+0530] {processor.py:178} INFO - Processing /home/feuer/.local/lib/python3.10/site-packages/airflow/example_dags/example_sla_dag.py took 0.131 seconds
[2023-05-21T17:10:56.793+0530] {processor.py:156} INFO - Started process (PID=57809) to work on /home/feuer/.local/lib/python3.10/site-packages/airflow/example_dags/example_sla_dag.py
[2023-05-21T17:10:56.809+0530] {processor.py:799} INFO - Processing file /home/feuer/.local/lib/python3.10/site-packages/airflow/example_dags/example_sla_dag.py for tasks to queue
[2023-05-21T17:10:56.809+0530] {logging_mixin.py:149} INFO - [2023-05-21T17:10:56.809+0530] {dagbag.py:541} INFO - Filling up the DagBag from /home/feuer/.local/lib/python3.10/site-packages/airflow/example_dags/example_sla_dag.py
[2023-05-21T17:10:56.814+0530] {processor.py:809} INFO - DAG(s) dict_keys(['example_sla_dag']) retrieved from /home/feuer/.local/lib/python3.10/site-packages/airflow/example_dags/example_sla_dag.py
[2023-05-21T17:10:56.825+0530] {logging_mixin.py:149} INFO - [2023-05-21T17:10:56.825+0530] {dag.py:2726} INFO - Sync 1 DAGs
[2023-05-21T17:10:56.837+0530] {logging_mixin.py:149} INFO - [2023-05-21T17:10:56.837+0530] {dag.py:3486} INFO - Setting next_dagrun for example_sla_dag to 2023-05-21T11:38:00+00:00, run_after=2023-05-21T11:40:00+00:00
[2023-05-21T17:10:56.920+0530] {processor.py:178} INFO - Processing /home/feuer/.local/lib/python3.10/site-packages/airflow/example_dags/example_sla_dag.py took 0.130 seconds
[2023-05-21T17:11:42.842+0530] {processor.py:156} INFO - Started process (PID=57930) to work on /home/feuer/.local/lib/python3.10/site-packages/airflow/example_dags/example_sla_dag.py
[2023-05-21T17:11:42.855+0530] {processor.py:799} INFO - Processing file /home/feuer/.local/lib/python3.10/site-packages/airflow/example_dags/example_sla_dag.py for tasks to queue
[2023-05-21T17:11:42.856+0530] {logging_mixin.py:149} INFO - [2023-05-21T17:11:42.856+0530] {dagbag.py:541} INFO - Filling up the DagBag from /home/feuer/.local/lib/python3.10/site-packages/airflow/example_dags/example_sla_dag.py
[2023-05-21T17:11:42.861+0530] {processor.py:809} INFO - DAG(s) dict_keys(['example_sla_dag']) retrieved from /home/feuer/.local/lib/python3.10/site-packages/airflow/example_dags/example_sla_dag.py
[2023-05-21T17:11:42.876+0530] {logging_mixin.py:149} INFO - [2023-05-21T17:11:42.876+0530] {dag.py:2726} INFO - Sync 1 DAGs
[2023-05-21T17:11:42.890+0530] {logging_mixin.py:149} INFO - [2023-05-21T17:11:42.890+0530] {dag.py:3486} INFO - Setting next_dagrun for example_sla_dag to 2023-05-21T11:38:00+00:00, run_after=2023-05-21T11:40:00+00:00
[2023-05-21T17:11:42.964+0530] {processor.py:178} INFO - Processing /home/feuer/.local/lib/python3.10/site-packages/airflow/example_dags/example_sla_dag.py took 0.124 seconds
[2023-05-21T17:12:29.488+0530] {processor.py:156} INFO - Started process (PID=58040) to work on /home/feuer/.local/lib/python3.10/site-packages/airflow/example_dags/example_sla_dag.py
[2023-05-21T17:12:29.502+0530] {processor.py:799} INFO - Processing file /home/feuer/.local/lib/python3.10/site-packages/airflow/example_dags/example_sla_dag.py for tasks to queue
[2023-05-21T17:12:29.503+0530] {logging_mixin.py:149} INFO - [2023-05-21T17:12:29.503+0530] {dagbag.py:541} INFO - Filling up the DagBag from /home/feuer/.local/lib/python3.10/site-packages/airflow/example_dags/example_sla_dag.py
[2023-05-21T17:12:29.510+0530] {processor.py:809} INFO - DAG(s) dict_keys(['example_sla_dag']) retrieved from /home/feuer/.local/lib/python3.10/site-packages/airflow/example_dags/example_sla_dag.py
[2023-05-21T17:12:29.529+0530] {logging_mixin.py:149} INFO - [2023-05-21T17:12:29.529+0530] {dag.py:2726} INFO - Sync 1 DAGs
[2023-05-21T17:12:29.552+0530] {logging_mixin.py:149} INFO - [2023-05-21T17:12:29.552+0530] {dag.py:3486} INFO - Setting next_dagrun for example_sla_dag to 2023-05-21T11:40:00+00:00, run_after=2023-05-21T11:42:00+00:00
[2023-05-21T17:12:29.641+0530] {processor.py:178} INFO - Processing /home/feuer/.local/lib/python3.10/site-packages/airflow/example_dags/example_sla_dag.py took 0.156 seconds
[2023-05-21T17:13:13.888+0530] {processor.py:156} INFO - Started process (PID=58154) to work on /home/feuer/.local/lib/python3.10/site-packages/airflow/example_dags/example_sla_dag.py
[2023-05-21T17:13:13.888+0530] {processor.py:799} INFO - Processing file /home/feuer/.local/lib/python3.10/site-packages/airflow/example_dags/example_sla_dag.py for tasks to queue
[2023-05-21T17:13:13.889+0530] {logging_mixin.py:149} INFO - [2023-05-21T17:13:13.889+0530] {dagbag.py:541} INFO - Filling up the DagBag from /home/feuer/.local/lib/python3.10/site-packages/airflow/example_dags/example_sla_dag.py
[2023-05-21T17:13:13.893+0530] {processor.py:809} INFO - DAG(s) dict_keys(['example_sla_dag']) retrieved from /home/feuer/.local/lib/python3.10/site-packages/airflow/example_dags/example_sla_dag.py
[2023-05-21T17:13:13.904+0530] {logging_mixin.py:149} INFO - [2023-05-21T17:13:13.904+0530] {dag.py:2726} INFO - Sync 1 DAGs
[2023-05-21T17:13:13.917+0530] {logging_mixin.py:149} INFO - [2023-05-21T17:13:13.917+0530] {dag.py:3486} INFO - Setting next_dagrun for example_sla_dag to 2023-05-21T11:40:00+00:00, run_after=2023-05-21T11:42:00+00:00
[2023-05-21T17:13:13.991+0530] {processor.py:178} INFO - Processing /home/feuer/.local/lib/python3.10/site-packages/airflow/example_dags/example_sla_dag.py took 0.106 seconds
[2023-05-21T17:13:57.235+0530] {processor.py:156} INFO - Started process (PID=58261) to work on /home/feuer/.local/lib/python3.10/site-packages/airflow/example_dags/example_sla_dag.py
[2023-05-21T17:13:57.236+0530] {processor.py:799} INFO - Processing file /home/feuer/.local/lib/python3.10/site-packages/airflow/example_dags/example_sla_dag.py for tasks to queue
[2023-05-21T17:13:57.237+0530] {logging_mixin.py:149} INFO - [2023-05-21T17:13:57.236+0530] {dagbag.py:541} INFO - Filling up the DagBag from /home/feuer/.local/lib/python3.10/site-packages/airflow/example_dags/example_sla_dag.py
[2023-05-21T17:13:57.243+0530] {processor.py:809} INFO - DAG(s) dict_keys(['example_sla_dag']) retrieved from /home/feuer/.local/lib/python3.10/site-packages/airflow/example_dags/example_sla_dag.py
[2023-05-21T17:13:57.262+0530] {logging_mixin.py:149} INFO - [2023-05-21T17:13:57.261+0530] {dag.py:2726} INFO - Sync 1 DAGs
[2023-05-21T17:13:57.282+0530] {logging_mixin.py:149} INFO - [2023-05-21T17:13:57.282+0530] {dag.py:3486} INFO - Setting next_dagrun for example_sla_dag to 2023-05-21T11:40:00+00:00, run_after=2023-05-21T11:42:00+00:00
[2023-05-21T17:13:57.360+0530] {processor.py:178} INFO - Processing /home/feuer/.local/lib/python3.10/site-packages/airflow/example_dags/example_sla_dag.py took 0.128 seconds
[2023-05-21T17:14:43.604+0530] {processor.py:156} INFO - Started process (PID=58375) to work on /home/feuer/.local/lib/python3.10/site-packages/airflow/example_dags/example_sla_dag.py
[2023-05-21T17:14:43.605+0530] {processor.py:799} INFO - Processing file /home/feuer/.local/lib/python3.10/site-packages/airflow/example_dags/example_sla_dag.py for tasks to queue
[2023-05-21T17:14:43.605+0530] {logging_mixin.py:149} INFO - [2023-05-21T17:14:43.605+0530] {dagbag.py:541} INFO - Filling up the DagBag from /home/feuer/.local/lib/python3.10/site-packages/airflow/example_dags/example_sla_dag.py
[2023-05-21T17:14:43.610+0530] {processor.py:809} INFO - DAG(s) dict_keys(['example_sla_dag']) retrieved from /home/feuer/.local/lib/python3.10/site-packages/airflow/example_dags/example_sla_dag.py
[2023-05-21T17:14:43.622+0530] {logging_mixin.py:149} INFO - [2023-05-21T17:14:43.622+0530] {dag.py:2726} INFO - Sync 1 DAGs
[2023-05-21T17:14:43.640+0530] {logging_mixin.py:149} INFO - [2023-05-21T17:14:43.640+0530] {dag.py:3486} INFO - Setting next_dagrun for example_sla_dag to 2023-05-21T11:42:00+00:00, run_after=2023-05-21T11:44:00+00:00
[2023-05-21T17:14:43.723+0530] {processor.py:178} INFO - Processing /home/feuer/.local/lib/python3.10/site-packages/airflow/example_dags/example_sla_dag.py took 0.120 seconds
[2023-05-21T17:15:32.966+0530] {processor.py:156} INFO - Started process (PID=58500) to work on /home/feuer/.local/lib/python3.10/site-packages/airflow/example_dags/example_sla_dag.py
[2023-05-21T17:15:32.967+0530] {processor.py:799} INFO - Processing file /home/feuer/.local/lib/python3.10/site-packages/airflow/example_dags/example_sla_dag.py for tasks to queue
[2023-05-21T17:15:32.968+0530] {logging_mixin.py:149} INFO - [2023-05-21T17:15:32.967+0530] {dagbag.py:541} INFO - Filling up the DagBag from /home/feuer/.local/lib/python3.10/site-packages/airflow/example_dags/example_sla_dag.py
[2023-05-21T17:15:32.974+0530] {processor.py:809} INFO - DAG(s) dict_keys(['example_sla_dag']) retrieved from /home/feuer/.local/lib/python3.10/site-packages/airflow/example_dags/example_sla_dag.py
[2023-05-21T17:15:32.992+0530] {logging_mixin.py:149} INFO - [2023-05-21T17:15:32.992+0530] {dag.py:2726} INFO - Sync 1 DAGs
[2023-05-21T17:15:33.013+0530] {logging_mixin.py:149} INFO - [2023-05-21T17:15:33.013+0530] {dag.py:3486} INFO - Setting next_dagrun for example_sla_dag to 2023-05-21T11:42:00+00:00, run_after=2023-05-21T11:44:00+00:00
[2023-05-21T17:15:33.096+0530] {processor.py:178} INFO - Processing /home/feuer/.local/lib/python3.10/site-packages/airflow/example_dags/example_sla_dag.py took 0.133 seconds
[2023-05-21T17:16:20.086+0530] {processor.py:156} INFO - Started process (PID=58609) to work on /home/feuer/.local/lib/python3.10/site-packages/airflow/example_dags/example_sla_dag.py
[2023-05-21T17:16:20.099+0530] {processor.py:799} INFO - Processing file /home/feuer/.local/lib/python3.10/site-packages/airflow/example_dags/example_sla_dag.py for tasks to queue
[2023-05-21T17:16:20.100+0530] {logging_mixin.py:149} INFO - [2023-05-21T17:16:20.100+0530] {dagbag.py:541} INFO - Filling up the DagBag from /home/feuer/.local/lib/python3.10/site-packages/airflow/example_dags/example_sla_dag.py
[2023-05-21T17:16:20.107+0530] {processor.py:809} INFO - DAG(s) dict_keys(['example_sla_dag']) retrieved from /home/feuer/.local/lib/python3.10/site-packages/airflow/example_dags/example_sla_dag.py
[2023-05-21T17:16:20.125+0530] {logging_mixin.py:149} INFO - [2023-05-21T17:16:20.125+0530] {dag.py:2726} INFO - Sync 1 DAGs
[2023-05-21T17:16:20.147+0530] {logging_mixin.py:149} INFO - [2023-05-21T17:16:20.147+0530] {dag.py:3486} INFO - Setting next_dagrun for example_sla_dag to 2023-05-21T11:44:00+00:00, run_after=2023-05-21T11:46:00+00:00
[2023-05-21T17:16:20.237+0530] {processor.py:178} INFO - Processing /home/feuer/.local/lib/python3.10/site-packages/airflow/example_dags/example_sla_dag.py took 0.154 seconds
[2023-05-21T17:17:06.844+0530] {processor.py:156} INFO - Started process (PID=58714) to work on /home/feuer/.local/lib/python3.10/site-packages/airflow/example_dags/example_sla_dag.py
[2023-05-21T17:17:06.845+0530] {processor.py:799} INFO - Processing file /home/feuer/.local/lib/python3.10/site-packages/airflow/example_dags/example_sla_dag.py for tasks to queue
[2023-05-21T17:17:06.846+0530] {logging_mixin.py:149} INFO - [2023-05-21T17:17:06.846+0530] {dagbag.py:541} INFO - Filling up the DagBag from /home/feuer/.local/lib/python3.10/site-packages/airflow/example_dags/example_sla_dag.py
[2023-05-21T17:17:06.852+0530] {processor.py:809} INFO - DAG(s) dict_keys(['example_sla_dag']) retrieved from /home/feuer/.local/lib/python3.10/site-packages/airflow/example_dags/example_sla_dag.py
[2023-05-21T17:17:06.870+0530] {logging_mixin.py:149} INFO - [2023-05-21T17:17:06.870+0530] {dag.py:2726} INFO - Sync 1 DAGs
[2023-05-21T17:17:06.890+0530] {logging_mixin.py:149} INFO - [2023-05-21T17:17:06.890+0530] {dag.py:3486} INFO - Setting next_dagrun for example_sla_dag to 2023-05-21T11:44:00+00:00, run_after=2023-05-21T11:46:00+00:00
[2023-05-21T17:17:06.976+0530] {processor.py:178} INFO - Processing /home/feuer/.local/lib/python3.10/site-packages/airflow/example_dags/example_sla_dag.py took 0.134 seconds
[2023-05-21T17:17:53.773+0530] {processor.py:156} INFO - Started process (PID=58828) to work on /home/feuer/.local/lib/python3.10/site-packages/airflow/example_dags/example_sla_dag.py
[2023-05-21T17:17:53.790+0530] {processor.py:799} INFO - Processing file /home/feuer/.local/lib/python3.10/site-packages/airflow/example_dags/example_sla_dag.py for tasks to queue
[2023-05-21T17:17:53.790+0530] {logging_mixin.py:149} INFO - [2023-05-21T17:17:53.790+0530] {dagbag.py:541} INFO - Filling up the DagBag from /home/feuer/.local/lib/python3.10/site-packages/airflow/example_dags/example_sla_dag.py
[2023-05-21T17:17:53.797+0530] {processor.py:809} INFO - DAG(s) dict_keys(['example_sla_dag']) retrieved from /home/feuer/.local/lib/python3.10/site-packages/airflow/example_dags/example_sla_dag.py
[2023-05-21T17:17:53.815+0530] {logging_mixin.py:149} INFO - [2023-05-21T17:17:53.815+0530] {dag.py:2726} INFO - Sync 1 DAGs
[2023-05-21T17:17:53.837+0530] {logging_mixin.py:149} INFO - [2023-05-21T17:17:53.837+0530] {dag.py:3486} INFO - Setting next_dagrun for example_sla_dag to 2023-05-21T11:44:00+00:00, run_after=2023-05-21T11:46:00+00:00
[2023-05-21T17:17:53.921+0530] {processor.py:178} INFO - Processing /home/feuer/.local/lib/python3.10/site-packages/airflow/example_dags/example_sla_dag.py took 0.151 seconds
[2023-05-21T17:18:39.469+0530] {processor.py:156} INFO - Started process (PID=58942) to work on /home/feuer/.local/lib/python3.10/site-packages/airflow/example_dags/example_sla_dag.py
[2023-05-21T17:18:39.470+0530] {processor.py:799} INFO - Processing file /home/feuer/.local/lib/python3.10/site-packages/airflow/example_dags/example_sla_dag.py for tasks to queue
[2023-05-21T17:18:39.470+0530] {logging_mixin.py:149} INFO - [2023-05-21T17:18:39.470+0530] {dagbag.py:541} INFO - Filling up the DagBag from /home/feuer/.local/lib/python3.10/site-packages/airflow/example_dags/example_sla_dag.py
[2023-05-21T17:18:39.477+0530] {processor.py:809} INFO - DAG(s) dict_keys(['example_sla_dag']) retrieved from /home/feuer/.local/lib/python3.10/site-packages/airflow/example_dags/example_sla_dag.py
[2023-05-21T17:18:39.495+0530] {logging_mixin.py:149} INFO - [2023-05-21T17:18:39.494+0530] {dag.py:2726} INFO - Sync 1 DAGs
[2023-05-21T17:18:39.514+0530] {logging_mixin.py:149} INFO - [2023-05-21T17:18:39.514+0530] {dag.py:3486} INFO - Setting next_dagrun for example_sla_dag to 2023-05-21T11:46:00+00:00, run_after=2023-05-21T11:48:00+00:00
[2023-05-21T17:18:39.592+0530] {processor.py:178} INFO - Processing /home/feuer/.local/lib/python3.10/site-packages/airflow/example_dags/example_sla_dag.py took 0.126 seconds
[2023-05-21T17:19:26.264+0530] {processor.py:156} INFO - Started process (PID=59062) to work on /home/feuer/.local/lib/python3.10/site-packages/airflow/example_dags/example_sla_dag.py
[2023-05-21T17:19:26.285+0530] {processor.py:799} INFO - Processing file /home/feuer/.local/lib/python3.10/site-packages/airflow/example_dags/example_sla_dag.py for tasks to queue
[2023-05-21T17:19:26.285+0530] {logging_mixin.py:149} INFO - [2023-05-21T17:19:26.285+0530] {dagbag.py:541} INFO - Filling up the DagBag from /home/feuer/.local/lib/python3.10/site-packages/airflow/example_dags/example_sla_dag.py
[2023-05-21T17:19:26.292+0530] {processor.py:809} INFO - DAG(s) dict_keys(['example_sla_dag']) retrieved from /home/feuer/.local/lib/python3.10/site-packages/airflow/example_dags/example_sla_dag.py
[2023-05-21T17:19:26.310+0530] {logging_mixin.py:149} INFO - [2023-05-21T17:19:26.309+0530] {dag.py:2726} INFO - Sync 1 DAGs
[2023-05-21T17:19:26.332+0530] {logging_mixin.py:149} INFO - [2023-05-21T17:19:26.332+0530] {dag.py:3486} INFO - Setting next_dagrun for example_sla_dag to 2023-05-21T11:46:00+00:00, run_after=2023-05-21T11:48:00+00:00
[2023-05-21T17:19:26.431+0530] {processor.py:178} INFO - Processing /home/feuer/.local/lib/python3.10/site-packages/airflow/example_dags/example_sla_dag.py took 0.170 seconds
[2023-05-21T17:20:13.120+0530] {processor.py:156} INFO - Started process (PID=59176) to work on /home/feuer/.local/lib/python3.10/site-packages/airflow/example_dags/example_sla_dag.py
[2023-05-21T17:20:13.132+0530] {processor.py:799} INFO - Processing file /home/feuer/.local/lib/python3.10/site-packages/airflow/example_dags/example_sla_dag.py for tasks to queue
[2023-05-21T17:20:13.133+0530] {logging_mixin.py:149} INFO - [2023-05-21T17:20:13.132+0530] {dagbag.py:541} INFO - Filling up the DagBag from /home/feuer/.local/lib/python3.10/site-packages/airflow/example_dags/example_sla_dag.py
[2023-05-21T17:20:13.139+0530] {processor.py:809} INFO - DAG(s) dict_keys(['example_sla_dag']) retrieved from /home/feuer/.local/lib/python3.10/site-packages/airflow/example_dags/example_sla_dag.py
[2023-05-21T17:20:13.157+0530] {logging_mixin.py:149} INFO - [2023-05-21T17:20:13.157+0530] {dag.py:2726} INFO - Sync 1 DAGs
[2023-05-21T17:20:13.180+0530] {logging_mixin.py:149} INFO - [2023-05-21T17:20:13.180+0530] {dag.py:3486} INFO - Setting next_dagrun for example_sla_dag to 2023-05-21T11:48:00+00:00, run_after=2023-05-21T11:50:00+00:00
[2023-05-21T17:20:13.278+0530] {processor.py:178} INFO - Processing /home/feuer/.local/lib/python3.10/site-packages/airflow/example_dags/example_sla_dag.py took 0.161 seconds
[2023-05-21T17:21:35.972+0530] {processor.py:156} INFO - Started process (PID=59534) to work on /home/feuer/.local/lib/python3.10/site-packages/airflow/example_dags/example_sla_dag.py
[2023-05-21T17:21:35.993+0530] {processor.py:799} INFO - Processing file /home/feuer/.local/lib/python3.10/site-packages/airflow/example_dags/example_sla_dag.py for tasks to queue
[2023-05-21T17:21:35.994+0530] {logging_mixin.py:149} INFO - [2023-05-21T17:21:35.994+0530] {dagbag.py:541} INFO - Filling up the DagBag from /home/feuer/.local/lib/python3.10/site-packages/airflow/example_dags/example_sla_dag.py
[2023-05-21T17:21:36.001+0530] {processor.py:809} INFO - DAG(s) dict_keys(['example_sla_dag']) retrieved from /home/feuer/.local/lib/python3.10/site-packages/airflow/example_dags/example_sla_dag.py
[2023-05-21T17:21:36.020+0530] {logging_mixin.py:149} INFO - [2023-05-21T17:21:36.020+0530] {dag.py:2726} INFO - Sync 1 DAGs
[2023-05-21T17:21:36.044+0530] {logging_mixin.py:149} INFO - [2023-05-21T17:21:36.043+0530] {dag.py:3486} INFO - Setting next_dagrun for example_sla_dag to 2023-05-21T11:48:00+00:00, run_after=2023-05-21T11:50:00+00:00
[2023-05-21T17:21:36.407+0530] {processor.py:178} INFO - Processing /home/feuer/.local/lib/python3.10/site-packages/airflow/example_dags/example_sla_dag.py took 0.438 seconds
[2023-05-21T17:22:35.273+0530] {processor.py:156} INFO - Started process (PID=59708) to work on /home/feuer/.local/lib/python3.10/site-packages/airflow/example_dags/example_sla_dag.py
[2023-05-21T17:22:35.306+0530] {processor.py:799} INFO - Processing file /home/feuer/.local/lib/python3.10/site-packages/airflow/example_dags/example_sla_dag.py for tasks to queue
[2023-05-21T17:22:35.306+0530] {logging_mixin.py:149} INFO - [2023-05-21T17:22:35.306+0530] {dagbag.py:541} INFO - Filling up the DagBag from /home/feuer/.local/lib/python3.10/site-packages/airflow/example_dags/example_sla_dag.py
[2023-05-21T17:22:35.314+0530] {processor.py:809} INFO - DAG(s) dict_keys(['example_sla_dag']) retrieved from /home/feuer/.local/lib/python3.10/site-packages/airflow/example_dags/example_sla_dag.py
[2023-05-21T17:22:35.333+0530] {logging_mixin.py:149} INFO - [2023-05-21T17:22:35.333+0530] {dag.py:2726} INFO - Sync 1 DAGs
[2023-05-21T17:22:35.361+0530] {logging_mixin.py:149} INFO - [2023-05-21T17:22:35.361+0530] {dag.py:3486} INFO - Setting next_dagrun for example_sla_dag to 2023-05-21T11:50:00+00:00, run_after=2023-05-21T11:52:00+00:00
[2023-05-21T17:22:35.897+0530] {processor.py:178} INFO - Processing /home/feuer/.local/lib/python3.10/site-packages/airflow/example_dags/example_sla_dag.py took 0.627 seconds
