[2023-05-21T19:39:41.682+0530] {processor.py:156} INFO - Started process (PID=23808) to work on /home/feuer/.local/lib/python3.10/site-packages/airflow/example_dags/example_xcom.py
[2023-05-21T19:39:41.683+0530] {processor.py:799} INFO - Processing file /home/feuer/.local/lib/python3.10/site-packages/airflow/example_dags/example_xcom.py for tasks to queue
[2023-05-21T19:39:41.684+0530] {logging_mixin.py:149} INFO - [2023-05-21T19:39:41.684+0530] {dagbag.py:541} INFO - Filling up the DagBag from /home/feuer/.local/lib/python3.10/site-packages/airflow/example_dags/example_xcom.py
[2023-05-21T19:39:41.698+0530] {processor.py:809} INFO - DAG(s) dict_keys(['example_xcom']) retrieved from /home/feuer/.local/lib/python3.10/site-packages/airflow/example_dags/example_xcom.py
[2023-05-21T19:39:41.719+0530] {logging_mixin.py:149} INFO - [2023-05-21T19:39:41.719+0530] {dag.py:2726} INFO - Sync 1 DAGs
[2023-05-21T19:39:41.738+0530] {logging_mixin.py:149} INFO - [2023-05-21T19:39:41.738+0530] {dag.py:3486} INFO - Setting next_dagrun for example_xcom to 2021-01-01T00:00:00+00:00, run_after=2021-01-01T00:00:00+00:00
[2023-05-21T19:39:41.834+0530] {processor.py:178} INFO - Processing /home/feuer/.local/lib/python3.10/site-packages/airflow/example_dags/example_xcom.py took 0.154 seconds
[2023-05-21T19:40:41.403+0530] {processor.py:156} INFO - Started process (PID=24029) to work on /home/feuer/.local/lib/python3.10/site-packages/airflow/example_dags/example_xcom.py
[2023-05-21T19:40:41.495+0530] {processor.py:799} INFO - Processing file /home/feuer/.local/lib/python3.10/site-packages/airflow/example_dags/example_xcom.py for tasks to queue
[2023-05-21T19:40:41.496+0530] {logging_mixin.py:149} INFO - [2023-05-21T19:40:41.496+0530] {dagbag.py:541} INFO - Filling up the DagBag from /home/feuer/.local/lib/python3.10/site-packages/airflow/example_dags/example_xcom.py
[2023-05-21T19:40:41.506+0530] {processor.py:809} INFO - DAG(s) dict_keys(['example_xcom']) retrieved from /home/feuer/.local/lib/python3.10/site-packages/airflow/example_dags/example_xcom.py
[2023-05-21T19:40:41.527+0530] {logging_mixin.py:149} INFO - [2023-05-21T19:40:41.526+0530] {dag.py:2726} INFO - Sync 1 DAGs
[2023-05-21T19:40:41.548+0530] {logging_mixin.py:149} INFO - [2023-05-21T19:40:41.547+0530] {dag.py:3486} INFO - Setting next_dagrun for example_xcom to 2021-01-01T00:00:00+00:00, run_after=2021-01-01T00:00:00+00:00
[2023-05-21T19:40:42.193+0530] {processor.py:178} INFO - Processing /home/feuer/.local/lib/python3.10/site-packages/airflow/example_dags/example_xcom.py took 0.793 seconds
[2023-05-21T19:42:16.136+0530] {processor.py:156} INFO - Started process (PID=24488) to work on /home/feuer/.local/lib/python3.10/site-packages/airflow/example_dags/example_xcom.py
[2023-05-21T19:42:16.137+0530] {processor.py:799} INFO - Processing file /home/feuer/.local/lib/python3.10/site-packages/airflow/example_dags/example_xcom.py for tasks to queue
[2023-05-21T19:42:16.138+0530] {logging_mixin.py:149} INFO - [2023-05-21T19:42:16.137+0530] {dagbag.py:541} INFO - Filling up the DagBag from /home/feuer/.local/lib/python3.10/site-packages/airflow/example_dags/example_xcom.py
[2023-05-21T19:42:16.143+0530] {processor.py:809} INFO - DAG(s) dict_keys(['example_xcom']) retrieved from /home/feuer/.local/lib/python3.10/site-packages/airflow/example_dags/example_xcom.py
[2023-05-21T19:42:16.156+0530] {logging_mixin.py:149} INFO - [2023-05-21T19:42:16.156+0530] {dag.py:2726} INFO - Sync 1 DAGs
[2023-05-21T19:42:16.167+0530] {logging_mixin.py:149} INFO - [2023-05-21T19:42:16.167+0530] {dag.py:3486} INFO - Setting next_dagrun for example_xcom to 2021-01-01T00:00:00+00:00, run_after=2021-01-01T00:00:00+00:00
[2023-05-21T19:42:16.246+0530] {processor.py:178} INFO - Processing /home/feuer/.local/lib/python3.10/site-packages/airflow/example_dags/example_xcom.py took 0.113 seconds
[2023-05-21T19:43:12.810+0530] {processor.py:156} INFO - Started process (PID=24711) to work on /home/feuer/.local/lib/python3.10/site-packages/airflow/example_dags/example_xcom.py
[2023-05-21T19:43:12.821+0530] {processor.py:799} INFO - Processing file /home/feuer/.local/lib/python3.10/site-packages/airflow/example_dags/example_xcom.py for tasks to queue
[2023-05-21T19:43:12.821+0530] {logging_mixin.py:149} INFO - [2023-05-21T19:43:12.821+0530] {dagbag.py:541} INFO - Filling up the DagBag from /home/feuer/.local/lib/python3.10/site-packages/airflow/example_dags/example_xcom.py
[2023-05-21T19:43:12.826+0530] {processor.py:809} INFO - DAG(s) dict_keys(['example_xcom']) retrieved from /home/feuer/.local/lib/python3.10/site-packages/airflow/example_dags/example_xcom.py
[2023-05-21T19:43:12.843+0530] {logging_mixin.py:149} INFO - [2023-05-21T19:43:12.843+0530] {dag.py:2726} INFO - Sync 1 DAGs
[2023-05-21T19:43:12.855+0530] {logging_mixin.py:149} INFO - [2023-05-21T19:43:12.855+0530] {dag.py:3486} INFO - Setting next_dagrun for example_xcom to 2021-01-01T00:00:00+00:00, run_after=2021-01-01T00:00:00+00:00
[2023-05-21T19:43:12.941+0530] {processor.py:178} INFO - Processing /home/feuer/.local/lib/python3.10/site-packages/airflow/example_dags/example_xcom.py took 0.133 seconds
[2023-05-21T19:44:05.607+0530] {processor.py:156} INFO - Started process (PID=24847) to work on /home/feuer/.local/lib/python3.10/site-packages/airflow/example_dags/example_xcom.py
[2023-05-21T19:44:05.608+0530] {processor.py:799} INFO - Processing file /home/feuer/.local/lib/python3.10/site-packages/airflow/example_dags/example_xcom.py for tasks to queue
[2023-05-21T19:44:05.609+0530] {logging_mixin.py:149} INFO - [2023-05-21T19:44:05.608+0530] {dagbag.py:541} INFO - Filling up the DagBag from /home/feuer/.local/lib/python3.10/site-packages/airflow/example_dags/example_xcom.py
[2023-05-21T19:44:05.617+0530] {processor.py:809} INFO - DAG(s) dict_keys(['example_xcom']) retrieved from /home/feuer/.local/lib/python3.10/site-packages/airflow/example_dags/example_xcom.py
[2023-05-21T19:44:05.637+0530] {logging_mixin.py:149} INFO - [2023-05-21T19:44:05.636+0530] {dag.py:2726} INFO - Sync 1 DAGs
[2023-05-21T19:44:05.654+0530] {logging_mixin.py:149} INFO - [2023-05-21T19:44:05.653+0530] {dag.py:3486} INFO - Setting next_dagrun for example_xcom to 2021-01-01T00:00:00+00:00, run_after=2021-01-01T00:00:00+00:00
[2023-05-21T19:44:05.728+0530] {processor.py:178} INFO - Processing /home/feuer/.local/lib/python3.10/site-packages/airflow/example_dags/example_xcom.py took 0.124 seconds
[2023-05-21T19:44:59.363+0530] {processor.py:156} INFO - Started process (PID=24988) to work on /home/feuer/.local/lib/python3.10/site-packages/airflow/example_dags/example_xcom.py
[2023-05-21T19:44:59.364+0530] {processor.py:799} INFO - Processing file /home/feuer/.local/lib/python3.10/site-packages/airflow/example_dags/example_xcom.py for tasks to queue
[2023-05-21T19:44:59.365+0530] {logging_mixin.py:149} INFO - [2023-05-21T19:44:59.364+0530] {dagbag.py:541} INFO - Filling up the DagBag from /home/feuer/.local/lib/python3.10/site-packages/airflow/example_dags/example_xcom.py
[2023-05-21T19:44:59.373+0530] {processor.py:809} INFO - DAG(s) dict_keys(['example_xcom']) retrieved from /home/feuer/.local/lib/python3.10/site-packages/airflow/example_dags/example_xcom.py
[2023-05-21T19:44:59.393+0530] {logging_mixin.py:149} INFO - [2023-05-21T19:44:59.393+0530] {dag.py:2726} INFO - Sync 1 DAGs
[2023-05-21T19:44:59.410+0530] {logging_mixin.py:149} INFO - [2023-05-21T19:44:59.410+0530] {dag.py:3486} INFO - Setting next_dagrun for example_xcom to 2021-01-01T00:00:00+00:00, run_after=2021-01-01T00:00:00+00:00
[2023-05-21T19:44:59.494+0530] {processor.py:178} INFO - Processing /home/feuer/.local/lib/python3.10/site-packages/airflow/example_dags/example_xcom.py took 0.134 seconds
[2023-05-21T19:45:54.516+0530] {processor.py:156} INFO - Started process (PID=25104) to work on /home/feuer/.local/lib/python3.10/site-packages/airflow/example_dags/example_xcom.py
[2023-05-21T19:45:54.517+0530] {processor.py:799} INFO - Processing file /home/feuer/.local/lib/python3.10/site-packages/airflow/example_dags/example_xcom.py for tasks to queue
[2023-05-21T19:45:54.517+0530] {logging_mixin.py:149} INFO - [2023-05-21T19:45:54.517+0530] {dagbag.py:541} INFO - Filling up the DagBag from /home/feuer/.local/lib/python3.10/site-packages/airflow/example_dags/example_xcom.py
[2023-05-21T19:45:54.523+0530] {processor.py:809} INFO - DAG(s) dict_keys(['example_xcom']) retrieved from /home/feuer/.local/lib/python3.10/site-packages/airflow/example_dags/example_xcom.py
[2023-05-21T19:45:54.535+0530] {logging_mixin.py:149} INFO - [2023-05-21T19:45:54.535+0530] {dag.py:2726} INFO - Sync 1 DAGs
[2023-05-21T19:45:54.547+0530] {logging_mixin.py:149} INFO - [2023-05-21T19:45:54.547+0530] {dag.py:3486} INFO - Setting next_dagrun for example_xcom to 2021-01-01T00:00:00+00:00, run_after=2021-01-01T00:00:00+00:00
[2023-05-21T19:45:54.627+0530] {processor.py:178} INFO - Processing /home/feuer/.local/lib/python3.10/site-packages/airflow/example_dags/example_xcom.py took 0.113 seconds
[2023-05-21T19:46:47.152+0530] {processor.py:156} INFO - Started process (PID=25212) to work on /home/feuer/.local/lib/python3.10/site-packages/airflow/example_dags/example_xcom.py
[2023-05-21T19:46:47.152+0530] {processor.py:799} INFO - Processing file /home/feuer/.local/lib/python3.10/site-packages/airflow/example_dags/example_xcom.py for tasks to queue
[2023-05-21T19:46:47.153+0530] {logging_mixin.py:149} INFO - [2023-05-21T19:46:47.153+0530] {dagbag.py:541} INFO - Filling up the DagBag from /home/feuer/.local/lib/python3.10/site-packages/airflow/example_dags/example_xcom.py
[2023-05-21T19:46:47.161+0530] {processor.py:809} INFO - DAG(s) dict_keys(['example_xcom']) retrieved from /home/feuer/.local/lib/python3.10/site-packages/airflow/example_dags/example_xcom.py
[2023-05-21T19:46:47.182+0530] {logging_mixin.py:149} INFO - [2023-05-21T19:46:47.182+0530] {dag.py:2726} INFO - Sync 1 DAGs
[2023-05-21T19:46:47.198+0530] {logging_mixin.py:149} INFO - [2023-05-21T19:46:47.198+0530] {dag.py:3486} INFO - Setting next_dagrun for example_xcom to 2021-01-01T00:00:00+00:00, run_after=2021-01-01T00:00:00+00:00
[2023-05-21T19:46:47.279+0530] {processor.py:178} INFO - Processing /home/feuer/.local/lib/python3.10/site-packages/airflow/example_dags/example_xcom.py took 0.130 seconds
[2023-05-21T19:47:40.132+0530] {processor.py:156} INFO - Started process (PID=25332) to work on /home/feuer/.local/lib/python3.10/site-packages/airflow/example_dags/example_xcom.py
[2023-05-21T19:47:40.133+0530] {processor.py:799} INFO - Processing file /home/feuer/.local/lib/python3.10/site-packages/airflow/example_dags/example_xcom.py for tasks to queue
[2023-05-21T19:47:40.133+0530] {logging_mixin.py:149} INFO - [2023-05-21T19:47:40.133+0530] {dagbag.py:541} INFO - Filling up the DagBag from /home/feuer/.local/lib/python3.10/site-packages/airflow/example_dags/example_xcom.py
[2023-05-21T19:47:40.139+0530] {processor.py:809} INFO - DAG(s) dict_keys(['example_xcom']) retrieved from /home/feuer/.local/lib/python3.10/site-packages/airflow/example_dags/example_xcom.py
[2023-05-21T19:47:40.151+0530] {logging_mixin.py:149} INFO - [2023-05-21T19:47:40.151+0530] {dag.py:2726} INFO - Sync 1 DAGs
[2023-05-21T19:47:40.161+0530] {logging_mixin.py:149} INFO - [2023-05-21T19:47:40.161+0530] {dag.py:3486} INFO - Setting next_dagrun for example_xcom to 2021-01-01T00:00:00+00:00, run_after=2021-01-01T00:00:00+00:00
[2023-05-21T19:47:40.262+0530] {processor.py:178} INFO - Processing /home/feuer/.local/lib/python3.10/site-packages/airflow/example_dags/example_xcom.py took 0.131 seconds
[2023-05-21T19:48:33.518+0530] {processor.py:156} INFO - Started process (PID=25438) to work on /home/feuer/.local/lib/python3.10/site-packages/airflow/example_dags/example_xcom.py
[2023-05-21T19:48:33.518+0530] {processor.py:799} INFO - Processing file /home/feuer/.local/lib/python3.10/site-packages/airflow/example_dags/example_xcom.py for tasks to queue
[2023-05-21T19:48:33.519+0530] {logging_mixin.py:149} INFO - [2023-05-21T19:48:33.519+0530] {dagbag.py:541} INFO - Filling up the DagBag from /home/feuer/.local/lib/python3.10/site-packages/airflow/example_dags/example_xcom.py
[2023-05-21T19:48:33.528+0530] {processor.py:809} INFO - DAG(s) dict_keys(['example_xcom']) retrieved from /home/feuer/.local/lib/python3.10/site-packages/airflow/example_dags/example_xcom.py
[2023-05-21T19:48:33.548+0530] {logging_mixin.py:149} INFO - [2023-05-21T19:48:33.548+0530] {dag.py:2726} INFO - Sync 1 DAGs
[2023-05-21T19:48:33.566+0530] {logging_mixin.py:149} INFO - [2023-05-21T19:48:33.566+0530] {dag.py:3486} INFO - Setting next_dagrun for example_xcom to 2021-01-01T00:00:00+00:00, run_after=2021-01-01T00:00:00+00:00
[2023-05-21T19:48:33.648+0530] {processor.py:178} INFO - Processing /home/feuer/.local/lib/python3.10/site-packages/airflow/example_dags/example_xcom.py took 0.133 seconds
[2023-05-21T19:49:26.021+0530] {processor.py:156} INFO - Started process (PID=25551) to work on /home/feuer/.local/lib/python3.10/site-packages/airflow/example_dags/example_xcom.py
[2023-05-21T19:49:26.037+0530] {processor.py:799} INFO - Processing file /home/feuer/.local/lib/python3.10/site-packages/airflow/example_dags/example_xcom.py for tasks to queue
[2023-05-21T19:49:26.038+0530] {logging_mixin.py:149} INFO - [2023-05-21T19:49:26.037+0530] {dagbag.py:541} INFO - Filling up the DagBag from /home/feuer/.local/lib/python3.10/site-packages/airflow/example_dags/example_xcom.py
[2023-05-21T19:49:26.046+0530] {processor.py:809} INFO - DAG(s) dict_keys(['example_xcom']) retrieved from /home/feuer/.local/lib/python3.10/site-packages/airflow/example_dags/example_xcom.py
[2023-05-21T19:49:26.067+0530] {logging_mixin.py:149} INFO - [2023-05-21T19:49:26.066+0530] {dag.py:2726} INFO - Sync 1 DAGs
[2023-05-21T19:49:26.086+0530] {logging_mixin.py:149} INFO - [2023-05-21T19:49:26.086+0530] {dag.py:3486} INFO - Setting next_dagrun for example_xcom to 2021-01-01T00:00:00+00:00, run_after=2021-01-01T00:00:00+00:00
[2023-05-21T19:49:26.241+0530] {processor.py:178} INFO - Processing /home/feuer/.local/lib/python3.10/site-packages/airflow/example_dags/example_xcom.py took 0.222 seconds
[2023-05-21T19:50:18.598+0530] {processor.py:156} INFO - Started process (PID=25713) to work on /home/feuer/.local/lib/python3.10/site-packages/airflow/example_dags/example_xcom.py
[2023-05-21T19:50:18.609+0530] {processor.py:799} INFO - Processing file /home/feuer/.local/lib/python3.10/site-packages/airflow/example_dags/example_xcom.py for tasks to queue
[2023-05-21T19:50:18.609+0530] {logging_mixin.py:149} INFO - [2023-05-21T19:50:18.609+0530] {dagbag.py:541} INFO - Filling up the DagBag from /home/feuer/.local/lib/python3.10/site-packages/airflow/example_dags/example_xcom.py
[2023-05-21T19:50:18.614+0530] {processor.py:809} INFO - DAG(s) dict_keys(['example_xcom']) retrieved from /home/feuer/.local/lib/python3.10/site-packages/airflow/example_dags/example_xcom.py
[2023-05-21T19:50:18.627+0530] {logging_mixin.py:149} INFO - [2023-05-21T19:50:18.627+0530] {dag.py:2726} INFO - Sync 1 DAGs
[2023-05-21T19:50:18.638+0530] {logging_mixin.py:149} INFO - [2023-05-21T19:50:18.638+0530] {dag.py:3486} INFO - Setting next_dagrun for example_xcom to 2021-01-01T00:00:00+00:00, run_after=2021-01-01T00:00:00+00:00
[2023-05-21T19:50:18.724+0530] {processor.py:178} INFO - Processing /home/feuer/.local/lib/python3.10/site-packages/airflow/example_dags/example_xcom.py took 0.129 seconds
[2023-05-21T19:51:10.280+0530] {processor.py:156} INFO - Started process (PID=25843) to work on /home/feuer/.local/lib/python3.10/site-packages/airflow/example_dags/example_xcom.py
[2023-05-21T19:51:10.281+0530] {processor.py:799} INFO - Processing file /home/feuer/.local/lib/python3.10/site-packages/airflow/example_dags/example_xcom.py for tasks to queue
[2023-05-21T19:51:10.281+0530] {logging_mixin.py:149} INFO - [2023-05-21T19:51:10.281+0530] {dagbag.py:541} INFO - Filling up the DagBag from /home/feuer/.local/lib/python3.10/site-packages/airflow/example_dags/example_xcom.py
[2023-05-21T19:51:10.290+0530] {processor.py:809} INFO - DAG(s) dict_keys(['example_xcom']) retrieved from /home/feuer/.local/lib/python3.10/site-packages/airflow/example_dags/example_xcom.py
[2023-05-21T19:51:10.310+0530] {logging_mixin.py:149} INFO - [2023-05-21T19:51:10.309+0530] {dag.py:2726} INFO - Sync 1 DAGs
[2023-05-21T19:51:10.326+0530] {logging_mixin.py:149} INFO - [2023-05-21T19:51:10.326+0530] {dag.py:3486} INFO - Setting next_dagrun for example_xcom to 2021-01-01T00:00:00+00:00, run_after=2021-01-01T00:00:00+00:00
[2023-05-21T19:51:10.410+0530] {processor.py:178} INFO - Processing /home/feuer/.local/lib/python3.10/site-packages/airflow/example_dags/example_xcom.py took 0.133 seconds
[2023-05-21T19:52:01.712+0530] {processor.py:156} INFO - Started process (PID=25952) to work on /home/feuer/.local/lib/python3.10/site-packages/airflow/example_dags/example_xcom.py
[2023-05-21T19:52:01.713+0530] {processor.py:799} INFO - Processing file /home/feuer/.local/lib/python3.10/site-packages/airflow/example_dags/example_xcom.py for tasks to queue
[2023-05-21T19:52:01.714+0530] {logging_mixin.py:149} INFO - [2023-05-21T19:52:01.713+0530] {dagbag.py:541} INFO - Filling up the DagBag from /home/feuer/.local/lib/python3.10/site-packages/airflow/example_dags/example_xcom.py
[2023-05-21T19:52:01.721+0530] {processor.py:809} INFO - DAG(s) dict_keys(['example_xcom']) retrieved from /home/feuer/.local/lib/python3.10/site-packages/airflow/example_dags/example_xcom.py
[2023-05-21T19:52:01.741+0530] {logging_mixin.py:149} INFO - [2023-05-21T19:52:01.741+0530] {dag.py:2726} INFO - Sync 1 DAGs
[2023-05-21T19:52:01.757+0530] {logging_mixin.py:149} INFO - [2023-05-21T19:52:01.757+0530] {dag.py:3486} INFO - Setting next_dagrun for example_xcom to 2021-01-01T00:00:00+00:00, run_after=2021-01-01T00:00:00+00:00
[2023-05-21T19:52:01.844+0530] {processor.py:178} INFO - Processing /home/feuer/.local/lib/python3.10/site-packages/airflow/example_dags/example_xcom.py took 0.135 seconds
[2023-05-21T19:52:51.193+0530] {processor.py:156} INFO - Started process (PID=26066) to work on /home/feuer/.local/lib/python3.10/site-packages/airflow/example_dags/example_xcom.py
[2023-05-21T19:52:51.200+0530] {processor.py:799} INFO - Processing file /home/feuer/.local/lib/python3.10/site-packages/airflow/example_dags/example_xcom.py for tasks to queue
[2023-05-21T19:52:51.200+0530] {logging_mixin.py:149} INFO - [2023-05-21T19:52:51.200+0530] {dagbag.py:541} INFO - Filling up the DagBag from /home/feuer/.local/lib/python3.10/site-packages/airflow/example_dags/example_xcom.py
[2023-05-21T19:52:51.206+0530] {processor.py:809} INFO - DAG(s) dict_keys(['example_xcom']) retrieved from /home/feuer/.local/lib/python3.10/site-packages/airflow/example_dags/example_xcom.py
[2023-05-21T19:52:51.219+0530] {logging_mixin.py:149} INFO - [2023-05-21T19:52:51.219+0530] {dag.py:2726} INFO - Sync 1 DAGs
[2023-05-21T19:52:51.230+0530] {logging_mixin.py:149} INFO - [2023-05-21T19:52:51.230+0530] {dag.py:3486} INFO - Setting next_dagrun for example_xcom to 2021-01-01T00:00:00+00:00, run_after=2021-01-01T00:00:00+00:00
[2023-05-21T19:52:51.331+0530] {processor.py:178} INFO - Processing /home/feuer/.local/lib/python3.10/site-packages/airflow/example_dags/example_xcom.py took 0.142 seconds
[2023-05-21T19:53:39.706+0530] {processor.py:156} INFO - Started process (PID=26203) to work on /home/feuer/.local/lib/python3.10/site-packages/airflow/example_dags/example_xcom.py
[2023-05-21T19:53:39.707+0530] {processor.py:799} INFO - Processing file /home/feuer/.local/lib/python3.10/site-packages/airflow/example_dags/example_xcom.py for tasks to queue
[2023-05-21T19:53:39.708+0530] {logging_mixin.py:149} INFO - [2023-05-21T19:53:39.708+0530] {dagbag.py:541} INFO - Filling up the DagBag from /home/feuer/.local/lib/python3.10/site-packages/airflow/example_dags/example_xcom.py
[2023-05-21T19:53:39.714+0530] {processor.py:809} INFO - DAG(s) dict_keys(['example_xcom']) retrieved from /home/feuer/.local/lib/python3.10/site-packages/airflow/example_dags/example_xcom.py
[2023-05-21T19:53:39.727+0530] {logging_mixin.py:149} INFO - [2023-05-21T19:53:39.727+0530] {dag.py:2726} INFO - Sync 1 DAGs
[2023-05-21T19:53:39.738+0530] {logging_mixin.py:149} INFO - [2023-05-21T19:53:39.738+0530] {dag.py:3486} INFO - Setting next_dagrun for example_xcom to 2021-01-01T00:00:00+00:00, run_after=2021-01-01T00:00:00+00:00
[2023-05-21T19:53:39.818+0530] {processor.py:178} INFO - Processing /home/feuer/.local/lib/python3.10/site-packages/airflow/example_dags/example_xcom.py took 0.115 seconds
[2023-05-21T19:54:32.178+0530] {processor.py:156} INFO - Started process (PID=26345) to work on /home/feuer/.local/lib/python3.10/site-packages/airflow/example_dags/example_xcom.py
[2023-05-21T19:54:32.188+0530] {processor.py:799} INFO - Processing file /home/feuer/.local/lib/python3.10/site-packages/airflow/example_dags/example_xcom.py for tasks to queue
[2023-05-21T19:54:32.189+0530] {logging_mixin.py:149} INFO - [2023-05-21T19:54:32.188+0530] {dagbag.py:541} INFO - Filling up the DagBag from /home/feuer/.local/lib/python3.10/site-packages/airflow/example_dags/example_xcom.py
[2023-05-21T19:54:32.197+0530] {processor.py:809} INFO - DAG(s) dict_keys(['example_xcom']) retrieved from /home/feuer/.local/lib/python3.10/site-packages/airflow/example_dags/example_xcom.py
[2023-05-21T19:54:32.217+0530] {logging_mixin.py:149} INFO - [2023-05-21T19:54:32.216+0530] {dag.py:2726} INFO - Sync 1 DAGs
[2023-05-21T19:54:32.235+0530] {logging_mixin.py:149} INFO - [2023-05-21T19:54:32.235+0530] {dag.py:3486} INFO - Setting next_dagrun for example_xcom to 2021-01-01T00:00:00+00:00, run_after=2021-01-01T00:00:00+00:00
[2023-05-21T19:54:32.320+0530] {processor.py:178} INFO - Processing /home/feuer/.local/lib/python3.10/site-packages/airflow/example_dags/example_xcom.py took 0.145 seconds
[2023-05-21T19:55:24.226+0530] {processor.py:156} INFO - Started process (PID=26474) to work on /home/feuer/.local/lib/python3.10/site-packages/airflow/example_dags/example_xcom.py
[2023-05-21T19:55:24.418+0530] {processor.py:799} INFO - Processing file /home/feuer/.local/lib/python3.10/site-packages/airflow/example_dags/example_xcom.py for tasks to queue
[2023-05-21T19:55:24.419+0530] {logging_mixin.py:149} INFO - [2023-05-21T19:55:24.419+0530] {dagbag.py:541} INFO - Filling up the DagBag from /home/feuer/.local/lib/python3.10/site-packages/airflow/example_dags/example_xcom.py
[2023-05-21T19:55:24.427+0530] {processor.py:809} INFO - DAG(s) dict_keys(['example_xcom']) retrieved from /home/feuer/.local/lib/python3.10/site-packages/airflow/example_dags/example_xcom.py
[2023-05-21T19:55:24.447+0530] {logging_mixin.py:149} INFO - [2023-05-21T19:55:24.447+0530] {dag.py:2726} INFO - Sync 1 DAGs
[2023-05-21T19:55:24.466+0530] {logging_mixin.py:149} INFO - [2023-05-21T19:55:24.466+0530] {dag.py:3486} INFO - Setting next_dagrun for example_xcom to 2021-01-01T00:00:00+00:00, run_after=2021-01-01T00:00:00+00:00
[2023-05-21T19:55:24.884+0530] {processor.py:178} INFO - Processing /home/feuer/.local/lib/python3.10/site-packages/airflow/example_dags/example_xcom.py took 0.661 seconds
[2023-05-21T19:56:25.152+0530] {processor.py:156} INFO - Started process (PID=26656) to work on /home/feuer/.local/lib/python3.10/site-packages/airflow/example_dags/example_xcom.py
[2023-05-21T19:56:25.153+0530] {processor.py:799} INFO - Processing file /home/feuer/.local/lib/python3.10/site-packages/airflow/example_dags/example_xcom.py for tasks to queue
[2023-05-21T19:56:25.153+0530] {logging_mixin.py:149} INFO - [2023-05-21T19:56:25.153+0530] {dagbag.py:541} INFO - Filling up the DagBag from /home/feuer/.local/lib/python3.10/site-packages/airflow/example_dags/example_xcom.py
[2023-05-21T19:56:25.161+0530] {processor.py:809} INFO - DAG(s) dict_keys(['example_xcom']) retrieved from /home/feuer/.local/lib/python3.10/site-packages/airflow/example_dags/example_xcom.py
[2023-05-21T19:56:25.181+0530] {logging_mixin.py:149} INFO - [2023-05-21T19:56:25.181+0530] {dag.py:2726} INFO - Sync 1 DAGs
[2023-05-21T19:56:25.197+0530] {logging_mixin.py:149} INFO - [2023-05-21T19:56:25.197+0530] {dag.py:3486} INFO - Setting next_dagrun for example_xcom to 2021-01-01T00:00:00+00:00, run_after=2021-01-01T00:00:00+00:00
[2023-05-21T19:56:25.340+0530] {processor.py:178} INFO - Processing /home/feuer/.local/lib/python3.10/site-packages/airflow/example_dags/example_xcom.py took 0.191 seconds
[2023-05-21T19:57:18.164+0530] {processor.py:156} INFO - Started process (PID=26778) to work on /home/feuer/.local/lib/python3.10/site-packages/airflow/example_dags/example_xcom.py
[2023-05-21T19:57:18.165+0530] {processor.py:799} INFO - Processing file /home/feuer/.local/lib/python3.10/site-packages/airflow/example_dags/example_xcom.py for tasks to queue
[2023-05-21T19:57:18.166+0530] {logging_mixin.py:149} INFO - [2023-05-21T19:57:18.166+0530] {dagbag.py:541} INFO - Filling up the DagBag from /home/feuer/.local/lib/python3.10/site-packages/airflow/example_dags/example_xcom.py
[2023-05-21T19:57:18.174+0530] {processor.py:809} INFO - DAG(s) dict_keys(['example_xcom']) retrieved from /home/feuer/.local/lib/python3.10/site-packages/airflow/example_dags/example_xcom.py
[2023-05-21T19:57:18.194+0530] {logging_mixin.py:149} INFO - [2023-05-21T19:57:18.194+0530] {dag.py:2726} INFO - Sync 1 DAGs
[2023-05-21T19:57:18.210+0530] {logging_mixin.py:149} INFO - [2023-05-21T19:57:18.210+0530] {dag.py:3486} INFO - Setting next_dagrun for example_xcom to 2021-01-01T00:00:00+00:00, run_after=2021-01-01T00:00:00+00:00
[2023-05-21T19:57:18.294+0530] {processor.py:178} INFO - Processing /home/feuer/.local/lib/python3.10/site-packages/airflow/example_dags/example_xcom.py took 0.133 seconds
[2023-05-21T19:58:09.257+0530] {processor.py:156} INFO - Started process (PID=26900) to work on /home/feuer/.local/lib/python3.10/site-packages/airflow/example_dags/example_xcom.py
[2023-05-21T19:58:09.258+0530] {processor.py:799} INFO - Processing file /home/feuer/.local/lib/python3.10/site-packages/airflow/example_dags/example_xcom.py for tasks to queue
[2023-05-21T19:58:09.258+0530] {logging_mixin.py:149} INFO - [2023-05-21T19:58:09.258+0530] {dagbag.py:541} INFO - Filling up the DagBag from /home/feuer/.local/lib/python3.10/site-packages/airflow/example_dags/example_xcom.py
[2023-05-21T19:58:09.266+0530] {processor.py:809} INFO - DAG(s) dict_keys(['example_xcom']) retrieved from /home/feuer/.local/lib/python3.10/site-packages/airflow/example_dags/example_xcom.py
[2023-05-21T19:58:09.286+0530] {logging_mixin.py:149} INFO - [2023-05-21T19:58:09.286+0530] {dag.py:2726} INFO - Sync 1 DAGs
[2023-05-21T19:58:09.303+0530] {logging_mixin.py:149} INFO - [2023-05-21T19:58:09.303+0530] {dag.py:3486} INFO - Setting next_dagrun for example_xcom to 2021-01-01T00:00:00+00:00, run_after=2021-01-01T00:00:00+00:00
[2023-05-21T19:58:09.384+0530] {processor.py:178} INFO - Processing /home/feuer/.local/lib/python3.10/site-packages/airflow/example_dags/example_xcom.py took 0.131 seconds
[2023-05-21T19:59:02.104+0530] {processor.py:156} INFO - Started process (PID=27076) to work on /home/feuer/.local/lib/python3.10/site-packages/airflow/example_dags/example_xcom.py
[2023-05-21T19:59:02.116+0530] {processor.py:799} INFO - Processing file /home/feuer/.local/lib/python3.10/site-packages/airflow/example_dags/example_xcom.py for tasks to queue
[2023-05-21T19:59:02.117+0530] {logging_mixin.py:149} INFO - [2023-05-21T19:59:02.117+0530] {dagbag.py:541} INFO - Filling up the DagBag from /home/feuer/.local/lib/python3.10/site-packages/airflow/example_dags/example_xcom.py
[2023-05-21T19:59:02.125+0530] {processor.py:809} INFO - DAG(s) dict_keys(['example_xcom']) retrieved from /home/feuer/.local/lib/python3.10/site-packages/airflow/example_dags/example_xcom.py
[2023-05-21T19:59:02.166+0530] {logging_mixin.py:149} INFO - [2023-05-21T19:59:02.166+0530] {dag.py:2726} INFO - Sync 1 DAGs
[2023-05-21T19:59:02.192+0530] {logging_mixin.py:149} INFO - [2023-05-21T19:59:02.192+0530] {dag.py:3486} INFO - Setting next_dagrun for example_xcom to 2021-01-01T00:00:00+00:00, run_after=2021-01-01T00:00:00+00:00
[2023-05-21T19:59:02.305+0530] {processor.py:178} INFO - Processing /home/feuer/.local/lib/python3.10/site-packages/airflow/example_dags/example_xcom.py took 0.204 seconds
[2023-05-21T20:00:01.377+0530] {processor.py:156} INFO - Started process (PID=27206) to work on /home/feuer/.local/lib/python3.10/site-packages/airflow/example_dags/example_xcom.py
[2023-05-21T20:00:01.377+0530] {processor.py:799} INFO - Processing file /home/feuer/.local/lib/python3.10/site-packages/airflow/example_dags/example_xcom.py for tasks to queue
[2023-05-21T20:00:01.378+0530] {logging_mixin.py:149} INFO - [2023-05-21T20:00:01.378+0530] {dagbag.py:541} INFO - Filling up the DagBag from /home/feuer/.local/lib/python3.10/site-packages/airflow/example_dags/example_xcom.py
[2023-05-21T20:00:01.386+0530] {processor.py:809} INFO - DAG(s) dict_keys(['example_xcom']) retrieved from /home/feuer/.local/lib/python3.10/site-packages/airflow/example_dags/example_xcom.py
[2023-05-21T20:00:01.407+0530] {logging_mixin.py:149} INFO - [2023-05-21T20:00:01.407+0530] {dag.py:2726} INFO - Sync 1 DAGs
[2023-05-21T20:00:01.423+0530] {logging_mixin.py:149} INFO - [2023-05-21T20:00:01.423+0530] {dag.py:3486} INFO - Setting next_dagrun for example_xcom to 2021-01-01T00:00:00+00:00, run_after=2021-01-01T00:00:00+00:00
[2023-05-21T20:00:01.506+0530] {processor.py:178} INFO - Processing /home/feuer/.local/lib/python3.10/site-packages/airflow/example_dags/example_xcom.py took 0.133 seconds
[2023-05-21T20:01:01.175+0530] {processor.py:156} INFO - Started process (PID=27360) to work on /home/feuer/.local/lib/python3.10/site-packages/airflow/example_dags/example_xcom.py
[2023-05-21T20:01:01.176+0530] {processor.py:799} INFO - Processing file /home/feuer/.local/lib/python3.10/site-packages/airflow/example_dags/example_xcom.py for tasks to queue
[2023-05-21T20:01:01.176+0530] {logging_mixin.py:149} INFO - [2023-05-21T20:01:01.176+0530] {dagbag.py:541} INFO - Filling up the DagBag from /home/feuer/.local/lib/python3.10/site-packages/airflow/example_dags/example_xcom.py
[2023-05-21T20:01:01.194+0530] {processor.py:809} INFO - DAG(s) dict_keys(['example_xcom']) retrieved from /home/feuer/.local/lib/python3.10/site-packages/airflow/example_dags/example_xcom.py
[2023-05-21T20:01:01.215+0530] {logging_mixin.py:149} INFO - [2023-05-21T20:01:01.215+0530] {dag.py:2726} INFO - Sync 1 DAGs
[2023-05-21T20:01:01.234+0530] {logging_mixin.py:149} INFO - [2023-05-21T20:01:01.234+0530] {dag.py:3486} INFO - Setting next_dagrun for example_xcom to 2021-01-01T00:00:00+00:00, run_after=2021-01-01T00:00:00+00:00
[2023-05-21T20:01:01.337+0530] {processor.py:178} INFO - Processing /home/feuer/.local/lib/python3.10/site-packages/airflow/example_dags/example_xcom.py took 0.166 seconds
[2023-05-21T20:02:18.969+0530] {processor.py:156} INFO - Started process (PID=27772) to work on /home/feuer/.local/lib/python3.10/site-packages/airflow/example_dags/example_xcom.py
[2023-05-21T20:02:18.991+0530] {processor.py:799} INFO - Processing file /home/feuer/.local/lib/python3.10/site-packages/airflow/example_dags/example_xcom.py for tasks to queue
[2023-05-21T20:02:18.992+0530] {logging_mixin.py:149} INFO - [2023-05-21T20:02:18.992+0530] {dagbag.py:541} INFO - Filling up the DagBag from /home/feuer/.local/lib/python3.10/site-packages/airflow/example_dags/example_xcom.py
[2023-05-21T20:02:19.013+0530] {processor.py:809} INFO - DAG(s) dict_keys(['example_xcom']) retrieved from /home/feuer/.local/lib/python3.10/site-packages/airflow/example_dags/example_xcom.py
[2023-05-21T20:02:19.032+0530] {logging_mixin.py:149} INFO - [2023-05-21T20:02:19.031+0530] {dag.py:2726} INFO - Sync 1 DAGs
[2023-05-21T20:02:19.045+0530] {logging_mixin.py:149} INFO - [2023-05-21T20:02:19.045+0530] {dag.py:3486} INFO - Setting next_dagrun for example_xcom to 2021-01-01T00:00:00+00:00, run_after=2021-01-01T00:00:00+00:00
[2023-05-21T20:02:19.200+0530] {processor.py:178} INFO - Processing /home/feuer/.local/lib/python3.10/site-packages/airflow/example_dags/example_xcom.py took 0.234 seconds
[2023-05-21T20:03:21.653+0530] {processor.py:156} INFO - Started process (PID=27966) to work on /home/feuer/.local/lib/python3.10/site-packages/airflow/example_dags/example_xcom.py
[2023-05-21T20:03:21.654+0530] {processor.py:799} INFO - Processing file /home/feuer/.local/lib/python3.10/site-packages/airflow/example_dags/example_xcom.py for tasks to queue
[2023-05-21T20:03:21.654+0530] {logging_mixin.py:149} INFO - [2023-05-21T20:03:21.654+0530] {dagbag.py:541} INFO - Filling up the DagBag from /home/feuer/.local/lib/python3.10/site-packages/airflow/example_dags/example_xcom.py
[2023-05-21T20:03:21.659+0530] {processor.py:809} INFO - DAG(s) dict_keys(['example_xcom']) retrieved from /home/feuer/.local/lib/python3.10/site-packages/airflow/example_dags/example_xcom.py
[2023-05-21T20:03:21.678+0530] {logging_mixin.py:149} INFO - [2023-05-21T20:03:21.678+0530] {dag.py:2726} INFO - Sync 1 DAGs
[2023-05-21T20:03:21.694+0530] {logging_mixin.py:149} INFO - [2023-05-21T20:03:21.694+0530] {dag.py:3486} INFO - Setting next_dagrun for example_xcom to 2021-01-01T00:00:00+00:00, run_after=2021-01-01T00:00:00+00:00
[2023-05-21T20:03:21.792+0530] {processor.py:178} INFO - Processing /home/feuer/.local/lib/python3.10/site-packages/airflow/example_dags/example_xcom.py took 0.140 seconds
[2023-05-21T20:04:21.726+0530] {processor.py:156} INFO - Started process (PID=28189) to work on /home/feuer/.local/lib/python3.10/site-packages/airflow/example_dags/example_xcom.py
[2023-05-21T20:04:21.726+0530] {processor.py:799} INFO - Processing file /home/feuer/.local/lib/python3.10/site-packages/airflow/example_dags/example_xcom.py for tasks to queue
[2023-05-21T20:04:21.727+0530] {logging_mixin.py:149} INFO - [2023-05-21T20:04:21.727+0530] {dagbag.py:541} INFO - Filling up the DagBag from /home/feuer/.local/lib/python3.10/site-packages/airflow/example_dags/example_xcom.py
[2023-05-21T20:04:21.735+0530] {processor.py:809} INFO - DAG(s) dict_keys(['example_xcom']) retrieved from /home/feuer/.local/lib/python3.10/site-packages/airflow/example_dags/example_xcom.py
[2023-05-21T20:04:21.755+0530] {logging_mixin.py:149} INFO - [2023-05-21T20:04:21.755+0530] {dag.py:2726} INFO - Sync 1 DAGs
[2023-05-21T20:04:21.771+0530] {logging_mixin.py:149} INFO - [2023-05-21T20:04:21.771+0530] {dag.py:3486} INFO - Setting next_dagrun for example_xcom to 2021-01-01T00:00:00+00:00, run_after=2021-01-01T00:00:00+00:00
[2023-05-21T20:04:21.851+0530] {processor.py:178} INFO - Processing /home/feuer/.local/lib/python3.10/site-packages/airflow/example_dags/example_xcom.py took 0.128 seconds
[2023-05-21T20:05:21.939+0530] {processor.py:156} INFO - Started process (PID=28358) to work on /home/feuer/.local/lib/python3.10/site-packages/airflow/example_dags/example_xcom.py
[2023-05-21T20:05:21.949+0530] {processor.py:799} INFO - Processing file /home/feuer/.local/lib/python3.10/site-packages/airflow/example_dags/example_xcom.py for tasks to queue
[2023-05-21T20:05:21.949+0530] {logging_mixin.py:149} INFO - [2023-05-21T20:05:21.949+0530] {dagbag.py:541} INFO - Filling up the DagBag from /home/feuer/.local/lib/python3.10/site-packages/airflow/example_dags/example_xcom.py
[2023-05-21T20:05:21.956+0530] {processor.py:809} INFO - DAG(s) dict_keys(['example_xcom']) retrieved from /home/feuer/.local/lib/python3.10/site-packages/airflow/example_dags/example_xcom.py
[2023-05-21T20:05:21.970+0530] {logging_mixin.py:149} INFO - [2023-05-21T20:05:21.970+0530] {dag.py:2726} INFO - Sync 1 DAGs
[2023-05-21T20:05:21.983+0530] {logging_mixin.py:149} INFO - [2023-05-21T20:05:21.983+0530] {dag.py:3486} INFO - Setting next_dagrun for example_xcom to 2021-01-01T00:00:00+00:00, run_after=2021-01-01T00:00:00+00:00
[2023-05-21T20:05:22.079+0530] {processor.py:178} INFO - Processing /home/feuer/.local/lib/python3.10/site-packages/airflow/example_dags/example_xcom.py took 0.143 seconds
[2023-05-21T20:06:19.549+0530] {processor.py:156} INFO - Started process (PID=28728) to work on /home/feuer/.local/lib/python3.10/site-packages/airflow/example_dags/example_xcom.py
[2023-05-21T20:06:19.554+0530] {processor.py:799} INFO - Processing file /home/feuer/.local/lib/python3.10/site-packages/airflow/example_dags/example_xcom.py for tasks to queue
[2023-05-21T20:06:19.555+0530] {logging_mixin.py:149} INFO - [2023-05-21T20:06:19.555+0530] {dagbag.py:541} INFO - Filling up the DagBag from /home/feuer/.local/lib/python3.10/site-packages/airflow/example_dags/example_xcom.py
[2023-05-21T20:06:19.562+0530] {processor.py:809} INFO - DAG(s) dict_keys(['example_xcom']) retrieved from /home/feuer/.local/lib/python3.10/site-packages/airflow/example_dags/example_xcom.py
[2023-05-21T20:06:19.584+0530] {logging_mixin.py:149} INFO - [2023-05-21T20:06:19.583+0530] {dag.py:2726} INFO - Sync 1 DAGs
[2023-05-21T20:06:19.602+0530] {logging_mixin.py:149} INFO - [2023-05-21T20:06:19.602+0530] {dag.py:3486} INFO - Setting next_dagrun for example_xcom to 2021-01-01T00:00:00+00:00, run_after=2021-01-01T00:00:00+00:00
[2023-05-21T20:06:19.675+0530] {processor.py:178} INFO - Processing /home/feuer/.local/lib/python3.10/site-packages/airflow/example_dags/example_xcom.py took 0.128 seconds
[2023-05-21T20:07:15.564+0530] {processor.py:156} INFO - Started process (PID=28885) to work on /home/feuer/.local/lib/python3.10/site-packages/airflow/example_dags/example_xcom.py
[2023-05-21T20:07:15.573+0530] {processor.py:799} INFO - Processing file /home/feuer/.local/lib/python3.10/site-packages/airflow/example_dags/example_xcom.py for tasks to queue
[2023-05-21T20:07:15.574+0530] {logging_mixin.py:149} INFO - [2023-05-21T20:07:15.574+0530] {dagbag.py:541} INFO - Filling up the DagBag from /home/feuer/.local/lib/python3.10/site-packages/airflow/example_dags/example_xcom.py
[2023-05-21T20:07:15.582+0530] {processor.py:809} INFO - DAG(s) dict_keys(['example_xcom']) retrieved from /home/feuer/.local/lib/python3.10/site-packages/airflow/example_dags/example_xcom.py
[2023-05-21T20:07:15.615+0530] {logging_mixin.py:149} INFO - [2023-05-21T20:07:15.614+0530] {dag.py:2726} INFO - Sync 1 DAGs
[2023-05-21T20:07:15.634+0530] {logging_mixin.py:149} INFO - [2023-05-21T20:07:15.634+0530] {dag.py:3486} INFO - Setting next_dagrun for example_xcom to 2021-01-01T00:00:00+00:00, run_after=2021-01-01T00:00:00+00:00
[2023-05-21T20:07:15.737+0530] {processor.py:178} INFO - Processing /home/feuer/.local/lib/python3.10/site-packages/airflow/example_dags/example_xcom.py took 0.177 seconds
[2023-05-21T20:08:09.952+0530] {processor.py:156} INFO - Started process (PID=29046) to work on /home/feuer/.local/lib/python3.10/site-packages/airflow/example_dags/example_xcom.py
[2023-05-21T20:08:09.962+0530] {processor.py:799} INFO - Processing file /home/feuer/.local/lib/python3.10/site-packages/airflow/example_dags/example_xcom.py for tasks to queue
[2023-05-21T20:08:09.962+0530] {logging_mixin.py:149} INFO - [2023-05-21T20:08:09.962+0530] {dagbag.py:541} INFO - Filling up the DagBag from /home/feuer/.local/lib/python3.10/site-packages/airflow/example_dags/example_xcom.py
[2023-05-21T20:08:09.968+0530] {processor.py:809} INFO - DAG(s) dict_keys(['example_xcom']) retrieved from /home/feuer/.local/lib/python3.10/site-packages/airflow/example_dags/example_xcom.py
[2023-05-21T20:08:09.981+0530] {logging_mixin.py:149} INFO - [2023-05-21T20:08:09.981+0530] {dag.py:2726} INFO - Sync 1 DAGs
[2023-05-21T20:08:09.993+0530] {logging_mixin.py:149} INFO - [2023-05-21T20:08:09.993+0530] {dag.py:3486} INFO - Setting next_dagrun for example_xcom to 2021-01-01T00:00:00+00:00, run_after=2021-01-01T00:00:00+00:00
[2023-05-21T20:08:10.098+0530] {processor.py:178} INFO - Processing /home/feuer/.local/lib/python3.10/site-packages/airflow/example_dags/example_xcom.py took 0.148 seconds
[2023-05-21T20:09:09.631+0530] {processor.py:156} INFO - Started process (PID=29186) to work on /home/feuer/.local/lib/python3.10/site-packages/airflow/example_dags/example_xcom.py
[2023-05-21T20:09:09.651+0530] {processor.py:799} INFO - Processing file /home/feuer/.local/lib/python3.10/site-packages/airflow/example_dags/example_xcom.py for tasks to queue
[2023-05-21T20:09:09.651+0530] {logging_mixin.py:149} INFO - [2023-05-21T20:09:09.651+0530] {dagbag.py:541} INFO - Filling up the DagBag from /home/feuer/.local/lib/python3.10/site-packages/airflow/example_dags/example_xcom.py
[2023-05-21T20:09:09.659+0530] {processor.py:809} INFO - DAG(s) dict_keys(['example_xcom']) retrieved from /home/feuer/.local/lib/python3.10/site-packages/airflow/example_dags/example_xcom.py
[2023-05-21T20:09:09.677+0530] {logging_mixin.py:149} INFO - [2023-05-21T20:09:09.677+0530] {dag.py:2726} INFO - Sync 1 DAGs
[2023-05-21T20:09:09.691+0530] {logging_mixin.py:149} INFO - [2023-05-21T20:09:09.691+0530] {dag.py:3486} INFO - Setting next_dagrun for example_xcom to 2021-01-01T00:00:00+00:00, run_after=2021-01-01T00:00:00+00:00
[2023-05-21T20:09:09.781+0530] {processor.py:178} INFO - Processing /home/feuer/.local/lib/python3.10/site-packages/airflow/example_dags/example_xcom.py took 0.152 seconds
[2023-05-21T20:10:06.607+0530] {processor.py:156} INFO - Started process (PID=29407) to work on /home/feuer/.local/lib/python3.10/site-packages/airflow/example_dags/example_xcom.py
[2023-05-21T20:10:06.625+0530] {processor.py:799} INFO - Processing file /home/feuer/.local/lib/python3.10/site-packages/airflow/example_dags/example_xcom.py for tasks to queue
[2023-05-21T20:10:06.626+0530] {logging_mixin.py:149} INFO - [2023-05-21T20:10:06.625+0530] {dagbag.py:541} INFO - Filling up the DagBag from /home/feuer/.local/lib/python3.10/site-packages/airflow/example_dags/example_xcom.py
[2023-05-21T20:10:06.634+0530] {processor.py:809} INFO - DAG(s) dict_keys(['example_xcom']) retrieved from /home/feuer/.local/lib/python3.10/site-packages/airflow/example_dags/example_xcom.py
[2023-05-21T20:10:06.655+0530] {logging_mixin.py:149} INFO - [2023-05-21T20:10:06.655+0530] {dag.py:2726} INFO - Sync 1 DAGs
[2023-05-21T20:10:06.675+0530] {logging_mixin.py:149} INFO - [2023-05-21T20:10:06.674+0530] {dag.py:3486} INFO - Setting next_dagrun for example_xcom to 2021-01-01T00:00:00+00:00, run_after=2021-01-01T00:00:00+00:00
[2023-05-21T20:10:06.766+0530] {processor.py:178} INFO - Processing /home/feuer/.local/lib/python3.10/site-packages/airflow/example_dags/example_xcom.py took 0.162 seconds
[2023-05-21T20:11:03.059+0530] {processor.py:156} INFO - Started process (PID=29537) to work on /home/feuer/.local/lib/python3.10/site-packages/airflow/example_dags/example_xcom.py
[2023-05-21T20:11:03.072+0530] {processor.py:799} INFO - Processing file /home/feuer/.local/lib/python3.10/site-packages/airflow/example_dags/example_xcom.py for tasks to queue
[2023-05-21T20:11:03.073+0530] {logging_mixin.py:149} INFO - [2023-05-21T20:11:03.073+0530] {dagbag.py:541} INFO - Filling up the DagBag from /home/feuer/.local/lib/python3.10/site-packages/airflow/example_dags/example_xcom.py
[2023-05-21T20:11:03.083+0530] {processor.py:809} INFO - DAG(s) dict_keys(['example_xcom']) retrieved from /home/feuer/.local/lib/python3.10/site-packages/airflow/example_dags/example_xcom.py
[2023-05-21T20:11:03.108+0530] {logging_mixin.py:149} INFO - [2023-05-21T20:11:03.108+0530] {dag.py:2726} INFO - Sync 1 DAGs
[2023-05-21T20:11:03.130+0530] {logging_mixin.py:149} INFO - [2023-05-21T20:11:03.130+0530] {dag.py:3486} INFO - Setting next_dagrun for example_xcom to 2021-01-01T00:00:00+00:00, run_after=2021-01-01T00:00:00+00:00
[2023-05-21T20:11:03.214+0530] {processor.py:178} INFO - Processing /home/feuer/.local/lib/python3.10/site-packages/airflow/example_dags/example_xcom.py took 0.158 seconds
[2023-05-21T20:12:02.587+0530] {processor.py:156} INFO - Started process (PID=29724) to work on /home/feuer/.local/lib/python3.10/site-packages/airflow/example_dags/example_xcom.py
[2023-05-21T20:12:02.588+0530] {processor.py:799} INFO - Processing file /home/feuer/.local/lib/python3.10/site-packages/airflow/example_dags/example_xcom.py for tasks to queue
[2023-05-21T20:12:02.588+0530] {logging_mixin.py:149} INFO - [2023-05-21T20:12:02.588+0530] {dagbag.py:541} INFO - Filling up the DagBag from /home/feuer/.local/lib/python3.10/site-packages/airflow/example_dags/example_xcom.py
[2023-05-21T20:12:02.596+0530] {processor.py:809} INFO - DAG(s) dict_keys(['example_xcom']) retrieved from /home/feuer/.local/lib/python3.10/site-packages/airflow/example_dags/example_xcom.py
[2023-05-21T20:12:02.617+0530] {logging_mixin.py:149} INFO - [2023-05-21T20:12:02.617+0530] {dag.py:2726} INFO - Sync 1 DAGs
[2023-05-21T20:12:02.634+0530] {logging_mixin.py:149} INFO - [2023-05-21T20:12:02.634+0530] {dag.py:3486} INFO - Setting next_dagrun for example_xcom to 2021-01-01T00:00:00+00:00, run_after=2021-01-01T00:00:00+00:00
[2023-05-21T20:12:02.723+0530] {processor.py:178} INFO - Processing /home/feuer/.local/lib/python3.10/site-packages/airflow/example_dags/example_xcom.py took 0.139 seconds
[2023-05-21T16:58:14.494+0530] {processor.py:156} INFO - Started process (PID=55862) to work on /home/feuer/.local/lib/python3.10/site-packages/airflow/example_dags/example_xcom.py
[2023-05-21T16:58:14.524+0530] {processor.py:799} INFO - Processing file /home/feuer/.local/lib/python3.10/site-packages/airflow/example_dags/example_xcom.py for tasks to queue
[2023-05-21T16:58:14.524+0530] {logging_mixin.py:149} INFO - [2023-05-21T16:58:14.524+0530] {dagbag.py:541} INFO - Filling up the DagBag from /home/feuer/.local/lib/python3.10/site-packages/airflow/example_dags/example_xcom.py
[2023-05-21T16:58:14.550+0530] {processor.py:809} INFO - DAG(s) dict_keys(['example_xcom']) retrieved from /home/feuer/.local/lib/python3.10/site-packages/airflow/example_dags/example_xcom.py
[2023-05-21T16:58:14.573+0530] {logging_mixin.py:149} INFO - [2023-05-21T16:58:14.572+0530] {dag.py:2726} INFO - Sync 1 DAGs
[2023-05-21T16:58:14.596+0530] {logging_mixin.py:149} INFO - [2023-05-21T16:58:14.595+0530] {dag.py:3486} INFO - Setting next_dagrun for example_xcom to 2021-01-01T00:00:00+00:00, run_after=2021-01-01T00:00:00+00:00
[2023-05-21T16:58:14.922+0530] {processor.py:178} INFO - Processing /home/feuer/.local/lib/python3.10/site-packages/airflow/example_dags/example_xcom.py took 0.432 seconds
[2023-05-21T16:59:38.481+0530] {processor.py:156} INFO - Started process (PID=56026) to work on /home/feuer/.local/lib/python3.10/site-packages/airflow/example_dags/example_xcom.py
[2023-05-21T16:59:38.524+0530] {processor.py:799} INFO - Processing file /home/feuer/.local/lib/python3.10/site-packages/airflow/example_dags/example_xcom.py for tasks to queue
[2023-05-21T16:59:38.525+0530] {logging_mixin.py:149} INFO - [2023-05-21T16:59:38.525+0530] {dagbag.py:541} INFO - Filling up the DagBag from /home/feuer/.local/lib/python3.10/site-packages/airflow/example_dags/example_xcom.py
[2023-05-21T16:59:38.532+0530] {processor.py:809} INFO - DAG(s) dict_keys(['example_xcom']) retrieved from /home/feuer/.local/lib/python3.10/site-packages/airflow/example_dags/example_xcom.py
[2023-05-21T16:59:38.552+0530] {logging_mixin.py:149} INFO - [2023-05-21T16:59:38.552+0530] {dag.py:2726} INFO - Sync 1 DAGs
[2023-05-21T16:59:38.572+0530] {logging_mixin.py:149} INFO - [2023-05-21T16:59:38.572+0530] {dag.py:3486} INFO - Setting next_dagrun for example_xcom to 2021-01-01T00:00:00+00:00, run_after=2021-01-01T00:00:00+00:00
[2023-05-21T16:59:39.396+0530] {processor.py:178} INFO - Processing /home/feuer/.local/lib/python3.10/site-packages/airflow/example_dags/example_xcom.py took 0.918 seconds
[2023-05-21T17:00:52.394+0530] {processor.py:156} INFO - Started process (PID=56262) to work on /home/feuer/.local/lib/python3.10/site-packages/airflow/example_dags/example_xcom.py
[2023-05-21T17:00:52.508+0530] {processor.py:799} INFO - Processing file /home/feuer/.local/lib/python3.10/site-packages/airflow/example_dags/example_xcom.py for tasks to queue
[2023-05-21T17:00:52.509+0530] {logging_mixin.py:149} INFO - [2023-05-21T17:00:52.509+0530] {dagbag.py:541} INFO - Filling up the DagBag from /home/feuer/.local/lib/python3.10/site-packages/airflow/example_dags/example_xcom.py
[2023-05-21T17:00:52.514+0530] {processor.py:809} INFO - DAG(s) dict_keys(['example_xcom']) retrieved from /home/feuer/.local/lib/python3.10/site-packages/airflow/example_dags/example_xcom.py
[2023-05-21T17:00:52.527+0530] {logging_mixin.py:149} INFO - [2023-05-21T17:00:52.527+0530] {dag.py:2726} INFO - Sync 1 DAGs
[2023-05-21T17:00:52.539+0530] {logging_mixin.py:149} INFO - [2023-05-21T17:00:52.538+0530] {dag.py:3486} INFO - Setting next_dagrun for example_xcom to 2021-01-01T00:00:00+00:00, run_after=2021-01-01T00:00:00+00:00
[2023-05-21T17:00:52.870+0530] {processor.py:178} INFO - Processing /home/feuer/.local/lib/python3.10/site-packages/airflow/example_dags/example_xcom.py took 0.478 seconds
[2023-05-21T17:02:28.299+0530] {processor.py:156} INFO - Started process (PID=56520) to work on /home/feuer/.local/lib/python3.10/site-packages/airflow/example_dags/example_xcom.py
[2023-05-21T17:02:28.324+0530] {processor.py:799} INFO - Processing file /home/feuer/.local/lib/python3.10/site-packages/airflow/example_dags/example_xcom.py for tasks to queue
[2023-05-21T17:02:28.325+0530] {logging_mixin.py:149} INFO - [2023-05-21T17:02:28.324+0530] {dagbag.py:541} INFO - Filling up the DagBag from /home/feuer/.local/lib/python3.10/site-packages/airflow/example_dags/example_xcom.py
[2023-05-21T17:02:28.329+0530] {processor.py:809} INFO - DAG(s) dict_keys(['example_xcom']) retrieved from /home/feuer/.local/lib/python3.10/site-packages/airflow/example_dags/example_xcom.py
[2023-05-21T17:02:28.340+0530] {logging_mixin.py:149} INFO - [2023-05-21T17:02:28.340+0530] {dag.py:2726} INFO - Sync 1 DAGs
[2023-05-21T17:02:28.351+0530] {logging_mixin.py:149} INFO - [2023-05-21T17:02:28.351+0530] {dag.py:3486} INFO - Setting next_dagrun for example_xcom to 2021-01-01T00:00:00+00:00, run_after=2021-01-01T00:00:00+00:00
[2023-05-21T17:02:28.858+0530] {processor.py:178} INFO - Processing /home/feuer/.local/lib/python3.10/site-packages/airflow/example_dags/example_xcom.py took 0.560 seconds
[2023-05-21T17:03:23.430+0530] {processor.py:156} INFO - Started process (PID=56672) to work on /home/feuer/.local/lib/python3.10/site-packages/airflow/example_dags/example_xcom.py
[2023-05-21T17:03:23.431+0530] {processor.py:799} INFO - Processing file /home/feuer/.local/lib/python3.10/site-packages/airflow/example_dags/example_xcom.py for tasks to queue
[2023-05-21T17:03:23.432+0530] {logging_mixin.py:149} INFO - [2023-05-21T17:03:23.432+0530] {dagbag.py:541} INFO - Filling up the DagBag from /home/feuer/.local/lib/python3.10/site-packages/airflow/example_dags/example_xcom.py
[2023-05-21T17:03:23.437+0530] {processor.py:809} INFO - DAG(s) dict_keys(['example_xcom']) retrieved from /home/feuer/.local/lib/python3.10/site-packages/airflow/example_dags/example_xcom.py
[2023-05-21T17:03:23.449+0530] {logging_mixin.py:149} INFO - [2023-05-21T17:03:23.449+0530] {dag.py:2726} INFO - Sync 1 DAGs
[2023-05-21T17:03:23.462+0530] {logging_mixin.py:149} INFO - [2023-05-21T17:03:23.462+0530] {dag.py:3486} INFO - Setting next_dagrun for example_xcom to 2021-01-01T00:00:00+00:00, run_after=2021-01-01T00:00:00+00:00
[2023-05-21T17:03:23.593+0530] {processor.py:178} INFO - Processing /home/feuer/.local/lib/python3.10/site-packages/airflow/example_dags/example_xcom.py took 0.164 seconds
[2023-05-21T17:04:11.312+0530] {processor.py:156} INFO - Started process (PID=56800) to work on /home/feuer/.local/lib/python3.10/site-packages/airflow/example_dags/example_xcom.py
[2023-05-21T17:04:11.312+0530] {processor.py:799} INFO - Processing file /home/feuer/.local/lib/python3.10/site-packages/airflow/example_dags/example_xcom.py for tasks to queue
[2023-05-21T17:04:11.313+0530] {logging_mixin.py:149} INFO - [2023-05-21T17:04:11.313+0530] {dagbag.py:541} INFO - Filling up the DagBag from /home/feuer/.local/lib/python3.10/site-packages/airflow/example_dags/example_xcom.py
[2023-05-21T17:04:11.319+0530] {processor.py:809} INFO - DAG(s) dict_keys(['example_xcom']) retrieved from /home/feuer/.local/lib/python3.10/site-packages/airflow/example_dags/example_xcom.py
[2023-05-21T17:04:11.332+0530] {logging_mixin.py:149} INFO - [2023-05-21T17:04:11.332+0530] {dag.py:2726} INFO - Sync 1 DAGs
[2023-05-21T17:04:11.342+0530] {logging_mixin.py:149} INFO - [2023-05-21T17:04:11.342+0530] {dag.py:3486} INFO - Setting next_dagrun for example_xcom to 2021-01-01T00:00:00+00:00, run_after=2021-01-01T00:00:00+00:00
[2023-05-21T17:04:11.427+0530] {processor.py:178} INFO - Processing /home/feuer/.local/lib/python3.10/site-packages/airflow/example_dags/example_xcom.py took 0.118 seconds
[2023-05-21T17:04:57.545+0530] {processor.py:156} INFO - Started process (PID=56914) to work on /home/feuer/.local/lib/python3.10/site-packages/airflow/example_dags/example_xcom.py
[2023-05-21T17:04:57.546+0530] {processor.py:799} INFO - Processing file /home/feuer/.local/lib/python3.10/site-packages/airflow/example_dags/example_xcom.py for tasks to queue
[2023-05-21T17:04:57.547+0530] {logging_mixin.py:149} INFO - [2023-05-21T17:04:57.547+0530] {dagbag.py:541} INFO - Filling up the DagBag from /home/feuer/.local/lib/python3.10/site-packages/airflow/example_dags/example_xcom.py
[2023-05-21T17:04:57.553+0530] {processor.py:809} INFO - DAG(s) dict_keys(['example_xcom']) retrieved from /home/feuer/.local/lib/python3.10/site-packages/airflow/example_dags/example_xcom.py
[2023-05-21T17:04:57.566+0530] {logging_mixin.py:149} INFO - [2023-05-21T17:04:57.566+0530] {dag.py:2726} INFO - Sync 1 DAGs
[2023-05-21T17:04:57.577+0530] {logging_mixin.py:149} INFO - [2023-05-21T17:04:57.577+0530] {dag.py:3486} INFO - Setting next_dagrun for example_xcom to 2021-01-01T00:00:00+00:00, run_after=2021-01-01T00:00:00+00:00
[2023-05-21T17:04:57.718+0530] {processor.py:178} INFO - Processing /home/feuer/.local/lib/python3.10/site-packages/airflow/example_dags/example_xcom.py took 0.176 seconds
[2023-05-21T17:05:43.187+0530] {processor.py:156} INFO - Started process (PID=57018) to work on /home/feuer/.local/lib/python3.10/site-packages/airflow/example_dags/example_xcom.py
[2023-05-21T17:05:43.188+0530] {processor.py:799} INFO - Processing file /home/feuer/.local/lib/python3.10/site-packages/airflow/example_dags/example_xcom.py for tasks to queue
[2023-05-21T17:05:43.188+0530] {logging_mixin.py:149} INFO - [2023-05-21T17:05:43.188+0530] {dagbag.py:541} INFO - Filling up the DagBag from /home/feuer/.local/lib/python3.10/site-packages/airflow/example_dags/example_xcom.py
[2023-05-21T17:05:43.193+0530] {processor.py:809} INFO - DAG(s) dict_keys(['example_xcom']) retrieved from /home/feuer/.local/lib/python3.10/site-packages/airflow/example_dags/example_xcom.py
[2023-05-21T17:05:43.204+0530] {logging_mixin.py:149} INFO - [2023-05-21T17:05:43.204+0530] {dag.py:2726} INFO - Sync 1 DAGs
[2023-05-21T17:05:43.215+0530] {logging_mixin.py:149} INFO - [2023-05-21T17:05:43.215+0530] {dag.py:3486} INFO - Setting next_dagrun for example_xcom to 2021-01-01T00:00:00+00:00, run_after=2021-01-01T00:00:00+00:00
[2023-05-21T17:05:43.292+0530] {processor.py:178} INFO - Processing /home/feuer/.local/lib/python3.10/site-packages/airflow/example_dags/example_xcom.py took 0.107 seconds
[2023-05-21T17:06:29.649+0530] {processor.py:156} INFO - Started process (PID=57123) to work on /home/feuer/.local/lib/python3.10/site-packages/airflow/example_dags/example_xcom.py
[2023-05-21T17:06:29.649+0530] {processor.py:799} INFO - Processing file /home/feuer/.local/lib/python3.10/site-packages/airflow/example_dags/example_xcom.py for tasks to queue
[2023-05-21T17:06:29.650+0530] {logging_mixin.py:149} INFO - [2023-05-21T17:06:29.650+0530] {dagbag.py:541} INFO - Filling up the DagBag from /home/feuer/.local/lib/python3.10/site-packages/airflow/example_dags/example_xcom.py
[2023-05-21T17:06:29.654+0530] {processor.py:809} INFO - DAG(s) dict_keys(['example_xcom']) retrieved from /home/feuer/.local/lib/python3.10/site-packages/airflow/example_dags/example_xcom.py
[2023-05-21T17:06:29.666+0530] {logging_mixin.py:149} INFO - [2023-05-21T17:06:29.666+0530] {dag.py:2726} INFO - Sync 1 DAGs
[2023-05-21T17:06:29.676+0530] {logging_mixin.py:149} INFO - [2023-05-21T17:06:29.676+0530] {dag.py:3486} INFO - Setting next_dagrun for example_xcom to 2021-01-01T00:00:00+00:00, run_after=2021-01-01T00:00:00+00:00
[2023-05-21T17:06:29.757+0530] {processor.py:178} INFO - Processing /home/feuer/.local/lib/python3.10/site-packages/airflow/example_dags/example_xcom.py took 0.110 seconds
[2023-05-21T17:07:12.804+0530] {processor.py:156} INFO - Started process (PID=57231) to work on /home/feuer/.local/lib/python3.10/site-packages/airflow/example_dags/example_xcom.py
[2023-05-21T17:07:12.819+0530] {processor.py:799} INFO - Processing file /home/feuer/.local/lib/python3.10/site-packages/airflow/example_dags/example_xcom.py for tasks to queue
[2023-05-21T17:07:12.820+0530] {logging_mixin.py:149} INFO - [2023-05-21T17:07:12.820+0530] {dagbag.py:541} INFO - Filling up the DagBag from /home/feuer/.local/lib/python3.10/site-packages/airflow/example_dags/example_xcom.py
[2023-05-21T17:07:12.824+0530] {processor.py:809} INFO - DAG(s) dict_keys(['example_xcom']) retrieved from /home/feuer/.local/lib/python3.10/site-packages/airflow/example_dags/example_xcom.py
[2023-05-21T17:07:12.836+0530] {logging_mixin.py:149} INFO - [2023-05-21T17:07:12.835+0530] {dag.py:2726} INFO - Sync 1 DAGs
[2023-05-21T17:07:12.846+0530] {logging_mixin.py:149} INFO - [2023-05-21T17:07:12.846+0530] {dag.py:3486} INFO - Setting next_dagrun for example_xcom to 2021-01-01T00:00:00+00:00, run_after=2021-01-01T00:00:00+00:00
[2023-05-21T17:07:12.929+0530] {processor.py:178} INFO - Processing /home/feuer/.local/lib/python3.10/site-packages/airflow/example_dags/example_xcom.py took 0.127 seconds
[2023-05-21T17:07:55.886+0530] {processor.py:156} INFO - Started process (PID=57346) to work on /home/feuer/.local/lib/python3.10/site-packages/airflow/example_dags/example_xcom.py
[2023-05-21T17:07:55.897+0530] {processor.py:799} INFO - Processing file /home/feuer/.local/lib/python3.10/site-packages/airflow/example_dags/example_xcom.py for tasks to queue
[2023-05-21T17:07:55.897+0530] {logging_mixin.py:149} INFO - [2023-05-21T17:07:55.897+0530] {dagbag.py:541} INFO - Filling up the DagBag from /home/feuer/.local/lib/python3.10/site-packages/airflow/example_dags/example_xcom.py
[2023-05-21T17:07:55.902+0530] {processor.py:809} INFO - DAG(s) dict_keys(['example_xcom']) retrieved from /home/feuer/.local/lib/python3.10/site-packages/airflow/example_dags/example_xcom.py
[2023-05-21T17:07:55.913+0530] {logging_mixin.py:149} INFO - [2023-05-21T17:07:55.913+0530] {dag.py:2726} INFO - Sync 1 DAGs
[2023-05-21T17:07:55.924+0530] {logging_mixin.py:149} INFO - [2023-05-21T17:07:55.924+0530] {dag.py:3486} INFO - Setting next_dagrun for example_xcom to 2021-01-01T00:00:00+00:00, run_after=2021-01-01T00:00:00+00:00
[2023-05-21T17:07:56.009+0530] {processor.py:178} INFO - Processing /home/feuer/.local/lib/python3.10/site-packages/airflow/example_dags/example_xcom.py took 0.125 seconds
[2023-05-21T17:08:41.349+0530] {processor.py:156} INFO - Started process (PID=57450) to work on /home/feuer/.local/lib/python3.10/site-packages/airflow/example_dags/example_xcom.py
[2023-05-21T17:08:41.361+0530] {processor.py:799} INFO - Processing file /home/feuer/.local/lib/python3.10/site-packages/airflow/example_dags/example_xcom.py for tasks to queue
[2023-05-21T17:08:41.361+0530] {logging_mixin.py:149} INFO - [2023-05-21T17:08:41.361+0530] {dagbag.py:541} INFO - Filling up the DagBag from /home/feuer/.local/lib/python3.10/site-packages/airflow/example_dags/example_xcom.py
[2023-05-21T17:08:41.365+0530] {processor.py:809} INFO - DAG(s) dict_keys(['example_xcom']) retrieved from /home/feuer/.local/lib/python3.10/site-packages/airflow/example_dags/example_xcom.py
[2023-05-21T17:08:41.377+0530] {logging_mixin.py:149} INFO - [2023-05-21T17:08:41.377+0530] {dag.py:2726} INFO - Sync 1 DAGs
[2023-05-21T17:08:41.387+0530] {logging_mixin.py:149} INFO - [2023-05-21T17:08:41.387+0530] {dag.py:3486} INFO - Setting next_dagrun for example_xcom to 2021-01-01T00:00:00+00:00, run_after=2021-01-01T00:00:00+00:00
[2023-05-21T17:08:41.469+0530] {processor.py:178} INFO - Processing /home/feuer/.local/lib/python3.10/site-packages/airflow/example_dags/example_xcom.py took 0.122 seconds
[2023-05-21T17:09:28.023+0530] {processor.py:156} INFO - Started process (PID=57593) to work on /home/feuer/.local/lib/python3.10/site-packages/airflow/example_dags/example_xcom.py
[2023-05-21T17:09:28.024+0530] {processor.py:799} INFO - Processing file /home/feuer/.local/lib/python3.10/site-packages/airflow/example_dags/example_xcom.py for tasks to queue
[2023-05-21T17:09:28.025+0530] {logging_mixin.py:149} INFO - [2023-05-21T17:09:28.025+0530] {dagbag.py:541} INFO - Filling up the DagBag from /home/feuer/.local/lib/python3.10/site-packages/airflow/example_dags/example_xcom.py
[2023-05-21T17:09:28.031+0530] {processor.py:809} INFO - DAG(s) dict_keys(['example_xcom']) retrieved from /home/feuer/.local/lib/python3.10/site-packages/airflow/example_dags/example_xcom.py
[2023-05-21T17:09:28.045+0530] {logging_mixin.py:149} INFO - [2023-05-21T17:09:28.045+0530] {dag.py:2726} INFO - Sync 1 DAGs
[2023-05-21T17:09:28.056+0530] {logging_mixin.py:149} INFO - [2023-05-21T17:09:28.056+0530] {dag.py:3486} INFO - Setting next_dagrun for example_xcom to 2021-01-01T00:00:00+00:00, run_after=2021-01-01T00:00:00+00:00
[2023-05-21T17:09:28.163+0530] {processor.py:178} INFO - Processing /home/feuer/.local/lib/python3.10/site-packages/airflow/example_dags/example_xcom.py took 0.142 seconds
[2023-05-21T17:10:12.713+0530] {processor.py:156} INFO - Started process (PID=57707) to work on /home/feuer/.local/lib/python3.10/site-packages/airflow/example_dags/example_xcom.py
[2023-05-21T17:10:12.724+0530] {processor.py:799} INFO - Processing file /home/feuer/.local/lib/python3.10/site-packages/airflow/example_dags/example_xcom.py for tasks to queue
[2023-05-21T17:10:12.724+0530] {logging_mixin.py:149} INFO - [2023-05-21T17:10:12.724+0530] {dagbag.py:541} INFO - Filling up the DagBag from /home/feuer/.local/lib/python3.10/site-packages/airflow/example_dags/example_xcom.py
[2023-05-21T17:10:12.729+0530] {processor.py:809} INFO - DAG(s) dict_keys(['example_xcom']) retrieved from /home/feuer/.local/lib/python3.10/site-packages/airflow/example_dags/example_xcom.py
[2023-05-21T17:10:12.741+0530] {logging_mixin.py:149} INFO - [2023-05-21T17:10:12.740+0530] {dag.py:2726} INFO - Sync 1 DAGs
[2023-05-21T17:10:12.751+0530] {logging_mixin.py:149} INFO - [2023-05-21T17:10:12.751+0530] {dag.py:3486} INFO - Setting next_dagrun for example_xcom to 2021-01-01T00:00:00+00:00, run_after=2021-01-01T00:00:00+00:00
[2023-05-21T17:10:12.838+0530] {processor.py:178} INFO - Processing /home/feuer/.local/lib/python3.10/site-packages/airflow/example_dags/example_xcom.py took 0.128 seconds
[2023-05-21T17:10:59.555+0530] {processor.py:156} INFO - Started process (PID=57812) to work on /home/feuer/.local/lib/python3.10/site-packages/airflow/example_dags/example_xcom.py
[2023-05-21T17:10:59.570+0530] {processor.py:799} INFO - Processing file /home/feuer/.local/lib/python3.10/site-packages/airflow/example_dags/example_xcom.py for tasks to queue
[2023-05-21T17:10:59.571+0530] {logging_mixin.py:149} INFO - [2023-05-21T17:10:59.571+0530] {dagbag.py:541} INFO - Filling up the DagBag from /home/feuer/.local/lib/python3.10/site-packages/airflow/example_dags/example_xcom.py
[2023-05-21T17:10:59.579+0530] {processor.py:809} INFO - DAG(s) dict_keys(['example_xcom']) retrieved from /home/feuer/.local/lib/python3.10/site-packages/airflow/example_dags/example_xcom.py
[2023-05-21T17:10:59.599+0530] {logging_mixin.py:149} INFO - [2023-05-21T17:10:59.599+0530] {dag.py:2726} INFO - Sync 1 DAGs
[2023-05-21T17:10:59.618+0530] {logging_mixin.py:149} INFO - [2023-05-21T17:10:59.618+0530] {dag.py:3486} INFO - Setting next_dagrun for example_xcom to 2021-01-01T00:00:00+00:00, run_after=2021-01-01T00:00:00+00:00
[2023-05-21T17:10:59.706+0530] {processor.py:178} INFO - Processing /home/feuer/.local/lib/python3.10/site-packages/airflow/example_dags/example_xcom.py took 0.154 seconds
[2023-05-21T17:11:46.441+0530] {processor.py:156} INFO - Started process (PID=57933) to work on /home/feuer/.local/lib/python3.10/site-packages/airflow/example_dags/example_xcom.py
[2023-05-21T17:11:46.451+0530] {processor.py:799} INFO - Processing file /home/feuer/.local/lib/python3.10/site-packages/airflow/example_dags/example_xcom.py for tasks to queue
[2023-05-21T17:11:46.451+0530] {logging_mixin.py:149} INFO - [2023-05-21T17:11:46.451+0530] {dagbag.py:541} INFO - Filling up the DagBag from /home/feuer/.local/lib/python3.10/site-packages/airflow/example_dags/example_xcom.py
[2023-05-21T17:11:46.459+0530] {processor.py:809} INFO - DAG(s) dict_keys(['example_xcom']) retrieved from /home/feuer/.local/lib/python3.10/site-packages/airflow/example_dags/example_xcom.py
[2023-05-21T17:11:46.479+0530] {logging_mixin.py:149} INFO - [2023-05-21T17:11:46.479+0530] {dag.py:2726} INFO - Sync 1 DAGs
[2023-05-21T17:11:46.499+0530] {logging_mixin.py:149} INFO - [2023-05-21T17:11:46.499+0530] {dag.py:3486} INFO - Setting next_dagrun for example_xcom to 2021-01-01T00:00:00+00:00, run_after=2021-01-01T00:00:00+00:00
[2023-05-21T17:11:46.574+0530] {processor.py:178} INFO - Processing /home/feuer/.local/lib/python3.10/site-packages/airflow/example_dags/example_xcom.py took 0.135 seconds
[2023-05-21T17:12:32.248+0530] {processor.py:156} INFO - Started process (PID=58043) to work on /home/feuer/.local/lib/python3.10/site-packages/airflow/example_dags/example_xcom.py
[2023-05-21T17:12:32.249+0530] {processor.py:799} INFO - Processing file /home/feuer/.local/lib/python3.10/site-packages/airflow/example_dags/example_xcom.py for tasks to queue
[2023-05-21T17:12:32.249+0530] {logging_mixin.py:149} INFO - [2023-05-21T17:12:32.249+0530] {dagbag.py:541} INFO - Filling up the DagBag from /home/feuer/.local/lib/python3.10/site-packages/airflow/example_dags/example_xcom.py
[2023-05-21T17:12:32.254+0530] {processor.py:809} INFO - DAG(s) dict_keys(['example_xcom']) retrieved from /home/feuer/.local/lib/python3.10/site-packages/airflow/example_dags/example_xcom.py
[2023-05-21T17:12:32.266+0530] {logging_mixin.py:149} INFO - [2023-05-21T17:12:32.266+0530] {dag.py:2726} INFO - Sync 1 DAGs
[2023-05-21T17:12:32.276+0530] {logging_mixin.py:149} INFO - [2023-05-21T17:12:32.276+0530] {dag.py:3486} INFO - Setting next_dagrun for example_xcom to 2021-01-01T00:00:00+00:00, run_after=2021-01-01T00:00:00+00:00
[2023-05-21T17:12:32.356+0530] {processor.py:178} INFO - Processing /home/feuer/.local/lib/python3.10/site-packages/airflow/example_dags/example_xcom.py took 0.110 seconds
[2023-05-21T17:13:17.514+0530] {processor.py:156} INFO - Started process (PID=58157) to work on /home/feuer/.local/lib/python3.10/site-packages/airflow/example_dags/example_xcom.py
[2023-05-21T17:13:17.531+0530] {processor.py:799} INFO - Processing file /home/feuer/.local/lib/python3.10/site-packages/airflow/example_dags/example_xcom.py for tasks to queue
[2023-05-21T17:13:17.531+0530] {logging_mixin.py:149} INFO - [2023-05-21T17:13:17.531+0530] {dagbag.py:541} INFO - Filling up the DagBag from /home/feuer/.local/lib/python3.10/site-packages/airflow/example_dags/example_xcom.py
[2023-05-21T17:13:17.536+0530] {processor.py:809} INFO - DAG(s) dict_keys(['example_xcom']) retrieved from /home/feuer/.local/lib/python3.10/site-packages/airflow/example_dags/example_xcom.py
[2023-05-21T17:13:17.547+0530] {logging_mixin.py:149} INFO - [2023-05-21T17:13:17.547+0530] {dag.py:2726} INFO - Sync 1 DAGs
[2023-05-21T17:13:17.558+0530] {logging_mixin.py:149} INFO - [2023-05-21T17:13:17.558+0530] {dag.py:3486} INFO - Setting next_dagrun for example_xcom to 2021-01-01T00:00:00+00:00, run_after=2021-01-01T00:00:00+00:00
[2023-05-21T17:13:17.642+0530] {processor.py:178} INFO - Processing /home/feuer/.local/lib/python3.10/site-packages/airflow/example_dags/example_xcom.py took 0.130 seconds
[2023-05-21T17:13:59.994+0530] {processor.py:156} INFO - Started process (PID=58264) to work on /home/feuer/.local/lib/python3.10/site-packages/airflow/example_dags/example_xcom.py
[2023-05-21T17:13:59.995+0530] {processor.py:799} INFO - Processing file /home/feuer/.local/lib/python3.10/site-packages/airflow/example_dags/example_xcom.py for tasks to queue
[2023-05-21T17:13:59.996+0530] {logging_mixin.py:149} INFO - [2023-05-21T17:13:59.996+0530] {dagbag.py:541} INFO - Filling up the DagBag from /home/feuer/.local/lib/python3.10/site-packages/airflow/example_dags/example_xcom.py
[2023-05-21T17:14:00.003+0530] {processor.py:809} INFO - DAG(s) dict_keys(['example_xcom']) retrieved from /home/feuer/.local/lib/python3.10/site-packages/airflow/example_dags/example_xcom.py
[2023-05-21T17:14:00.023+0530] {logging_mixin.py:149} INFO - [2023-05-21T17:14:00.023+0530] {dag.py:2726} INFO - Sync 1 DAGs
[2023-05-21T17:14:00.040+0530] {logging_mixin.py:149} INFO - [2023-05-21T17:14:00.040+0530] {dag.py:3486} INFO - Setting next_dagrun for example_xcom to 2021-01-01T00:00:00+00:00, run_after=2021-01-01T00:00:00+00:00
[2023-05-21T17:14:00.118+0530] {processor.py:178} INFO - Processing /home/feuer/.local/lib/python3.10/site-packages/airflow/example_dags/example_xcom.py took 0.127 seconds
[2023-05-21T17:14:46.637+0530] {processor.py:156} INFO - Started process (PID=58378) to work on /home/feuer/.local/lib/python3.10/site-packages/airflow/example_dags/example_xcom.py
[2023-05-21T17:14:46.638+0530] {processor.py:799} INFO - Processing file /home/feuer/.local/lib/python3.10/site-packages/airflow/example_dags/example_xcom.py for tasks to queue
[2023-05-21T17:14:46.638+0530] {logging_mixin.py:149} INFO - [2023-05-21T17:14:46.638+0530] {dagbag.py:541} INFO - Filling up the DagBag from /home/feuer/.local/lib/python3.10/site-packages/airflow/example_dags/example_xcom.py
[2023-05-21T17:14:46.646+0530] {processor.py:809} INFO - DAG(s) dict_keys(['example_xcom']) retrieved from /home/feuer/.local/lib/python3.10/site-packages/airflow/example_dags/example_xcom.py
[2023-05-21T17:14:46.666+0530] {logging_mixin.py:149} INFO - [2023-05-21T17:14:46.666+0530] {dag.py:2726} INFO - Sync 1 DAGs
[2023-05-21T17:14:46.683+0530] {logging_mixin.py:149} INFO - [2023-05-21T17:14:46.683+0530] {dag.py:3486} INFO - Setting next_dagrun for example_xcom to 2021-01-01T00:00:00+00:00, run_after=2021-01-01T00:00:00+00:00
[2023-05-21T17:14:46.765+0530] {processor.py:178} INFO - Processing /home/feuer/.local/lib/python3.10/site-packages/airflow/example_dags/example_xcom.py took 0.131 seconds
[2023-05-21T17:15:35.726+0530] {processor.py:156} INFO - Started process (PID=58503) to work on /home/feuer/.local/lib/python3.10/site-packages/airflow/example_dags/example_xcom.py
[2023-05-21T17:15:35.726+0530] {processor.py:799} INFO - Processing file /home/feuer/.local/lib/python3.10/site-packages/airflow/example_dags/example_xcom.py for tasks to queue
[2023-05-21T17:15:35.727+0530] {logging_mixin.py:149} INFO - [2023-05-21T17:15:35.727+0530] {dagbag.py:541} INFO - Filling up the DagBag from /home/feuer/.local/lib/python3.10/site-packages/airflow/example_dags/example_xcom.py
[2023-05-21T17:15:35.735+0530] {processor.py:809} INFO - DAG(s) dict_keys(['example_xcom']) retrieved from /home/feuer/.local/lib/python3.10/site-packages/airflow/example_dags/example_xcom.py
[2023-05-21T17:15:35.754+0530] {logging_mixin.py:149} INFO - [2023-05-21T17:15:35.754+0530] {dag.py:2726} INFO - Sync 1 DAGs
[2023-05-21T17:15:35.771+0530] {logging_mixin.py:149} INFO - [2023-05-21T17:15:35.771+0530] {dag.py:3486} INFO - Setting next_dagrun for example_xcom to 2021-01-01T00:00:00+00:00, run_after=2021-01-01T00:00:00+00:00
[2023-05-21T17:15:35.853+0530] {processor.py:178} INFO - Processing /home/feuer/.local/lib/python3.10/site-packages/airflow/example_dags/example_xcom.py took 0.130 seconds
[2023-05-21T17:16:23.700+0530] {processor.py:156} INFO - Started process (PID=58612) to work on /home/feuer/.local/lib/python3.10/site-packages/airflow/example_dags/example_xcom.py
[2023-05-21T17:16:23.712+0530] {processor.py:799} INFO - Processing file /home/feuer/.local/lib/python3.10/site-packages/airflow/example_dags/example_xcom.py for tasks to queue
[2023-05-21T17:16:23.713+0530] {logging_mixin.py:149} INFO - [2023-05-21T17:16:23.713+0530] {dagbag.py:541} INFO - Filling up the DagBag from /home/feuer/.local/lib/python3.10/site-packages/airflow/example_dags/example_xcom.py
[2023-05-21T17:16:23.720+0530] {processor.py:809} INFO - DAG(s) dict_keys(['example_xcom']) retrieved from /home/feuer/.local/lib/python3.10/site-packages/airflow/example_dags/example_xcom.py
[2023-05-21T17:16:23.740+0530] {logging_mixin.py:149} INFO - [2023-05-21T17:16:23.740+0530] {dag.py:2726} INFO - Sync 1 DAGs
[2023-05-21T17:16:23.758+0530] {logging_mixin.py:149} INFO - [2023-05-21T17:16:23.758+0530] {dag.py:3486} INFO - Setting next_dagrun for example_xcom to 2021-01-01T00:00:00+00:00, run_after=2021-01-01T00:00:00+00:00
[2023-05-21T17:16:23.842+0530] {processor.py:178} INFO - Processing /home/feuer/.local/lib/python3.10/site-packages/airflow/example_dags/example_xcom.py took 0.145 seconds
[2023-05-21T17:17:10.193+0530] {processor.py:156} INFO - Started process (PID=58718) to work on /home/feuer/.local/lib/python3.10/site-packages/airflow/example_dags/example_xcom.py
[2023-05-21T17:17:10.194+0530] {processor.py:799} INFO - Processing file /home/feuer/.local/lib/python3.10/site-packages/airflow/example_dags/example_xcom.py for tasks to queue
[2023-05-21T17:17:10.195+0530] {logging_mixin.py:149} INFO - [2023-05-21T17:17:10.194+0530] {dagbag.py:541} INFO - Filling up the DagBag from /home/feuer/.local/lib/python3.10/site-packages/airflow/example_dags/example_xcom.py
[2023-05-21T17:17:10.202+0530] {processor.py:809} INFO - DAG(s) dict_keys(['example_xcom']) retrieved from /home/feuer/.local/lib/python3.10/site-packages/airflow/example_dags/example_xcom.py
[2023-05-21T17:17:10.221+0530] {logging_mixin.py:149} INFO - [2023-05-21T17:17:10.221+0530] {dag.py:2726} INFO - Sync 1 DAGs
[2023-05-21T17:17:10.231+0530] {logging_mixin.py:149} INFO - [2023-05-21T17:17:10.231+0530] {dag.py:3486} INFO - Setting next_dagrun for example_xcom to 2021-01-01T00:00:00+00:00, run_after=2021-01-01T00:00:00+00:00
[2023-05-21T17:17:10.424+0530] {processor.py:178} INFO - Processing /home/feuer/.local/lib/python3.10/site-packages/airflow/example_dags/example_xcom.py took 0.234 seconds
[2023-05-21T17:17:56.927+0530] {processor.py:156} INFO - Started process (PID=58831) to work on /home/feuer/.local/lib/python3.10/site-packages/airflow/example_dags/example_xcom.py
[2023-05-21T17:17:56.927+0530] {processor.py:799} INFO - Processing file /home/feuer/.local/lib/python3.10/site-packages/airflow/example_dags/example_xcom.py for tasks to queue
[2023-05-21T17:17:56.928+0530] {logging_mixin.py:149} INFO - [2023-05-21T17:17:56.928+0530] {dagbag.py:541} INFO - Filling up the DagBag from /home/feuer/.local/lib/python3.10/site-packages/airflow/example_dags/example_xcom.py
[2023-05-21T17:17:56.935+0530] {processor.py:809} INFO - DAG(s) dict_keys(['example_xcom']) retrieved from /home/feuer/.local/lib/python3.10/site-packages/airflow/example_dags/example_xcom.py
[2023-05-21T17:17:56.955+0530] {logging_mixin.py:149} INFO - [2023-05-21T17:17:56.954+0530] {dag.py:2726} INFO - Sync 1 DAGs
[2023-05-21T17:17:56.972+0530] {logging_mixin.py:149} INFO - [2023-05-21T17:17:56.971+0530] {dag.py:3486} INFO - Setting next_dagrun for example_xcom to 2021-01-01T00:00:00+00:00, run_after=2021-01-01T00:00:00+00:00
[2023-05-21T17:17:57.086+0530] {processor.py:178} INFO - Processing /home/feuer/.local/lib/python3.10/site-packages/airflow/example_dags/example_xcom.py took 0.162 seconds
[2023-05-21T17:18:42.247+0530] {processor.py:156} INFO - Started process (PID=58945) to work on /home/feuer/.local/lib/python3.10/site-packages/airflow/example_dags/example_xcom.py
[2023-05-21T17:18:42.248+0530] {processor.py:799} INFO - Processing file /home/feuer/.local/lib/python3.10/site-packages/airflow/example_dags/example_xcom.py for tasks to queue
[2023-05-21T17:18:42.249+0530] {logging_mixin.py:149} INFO - [2023-05-21T17:18:42.248+0530] {dagbag.py:541} INFO - Filling up the DagBag from /home/feuer/.local/lib/python3.10/site-packages/airflow/example_dags/example_xcom.py
[2023-05-21T17:18:42.256+0530] {processor.py:809} INFO - DAG(s) dict_keys(['example_xcom']) retrieved from /home/feuer/.local/lib/python3.10/site-packages/airflow/example_dags/example_xcom.py
[2023-05-21T17:18:42.275+0530] {logging_mixin.py:149} INFO - [2023-05-21T17:18:42.275+0530] {dag.py:2726} INFO - Sync 1 DAGs
[2023-05-21T17:18:42.292+0530] {logging_mixin.py:149} INFO - [2023-05-21T17:18:42.292+0530] {dag.py:3486} INFO - Setting next_dagrun for example_xcom to 2021-01-01T00:00:00+00:00, run_after=2021-01-01T00:00:00+00:00
[2023-05-21T17:18:42.363+0530] {processor.py:178} INFO - Processing /home/feuer/.local/lib/python3.10/site-packages/airflow/example_dags/example_xcom.py took 0.119 seconds
[2023-05-21T17:19:28.860+0530] {processor.py:156} INFO - Started process (PID=59065) to work on /home/feuer/.local/lib/python3.10/site-packages/airflow/example_dags/example_xcom.py
[2023-05-21T17:19:28.877+0530] {processor.py:799} INFO - Processing file /home/feuer/.local/lib/python3.10/site-packages/airflow/example_dags/example_xcom.py for tasks to queue
[2023-05-21T17:19:28.878+0530] {logging_mixin.py:149} INFO - [2023-05-21T17:19:28.878+0530] {dagbag.py:541} INFO - Filling up the DagBag from /home/feuer/.local/lib/python3.10/site-packages/airflow/example_dags/example_xcom.py
[2023-05-21T17:19:28.885+0530] {processor.py:809} INFO - DAG(s) dict_keys(['example_xcom']) retrieved from /home/feuer/.local/lib/python3.10/site-packages/airflow/example_dags/example_xcom.py
[2023-05-21T17:19:28.904+0530] {logging_mixin.py:149} INFO - [2023-05-21T17:19:28.904+0530] {dag.py:2726} INFO - Sync 1 DAGs
[2023-05-21T17:19:28.923+0530] {logging_mixin.py:149} INFO - [2023-05-21T17:19:28.923+0530] {dag.py:3486} INFO - Setting next_dagrun for example_xcom to 2021-01-01T00:00:00+00:00, run_after=2021-01-01T00:00:00+00:00
[2023-05-21T17:19:29.009+0530] {processor.py:178} INFO - Processing /home/feuer/.local/lib/python3.10/site-packages/airflow/example_dags/example_xcom.py took 0.152 seconds
[2023-05-21T17:20:15.032+0530] {processor.py:156} INFO - Started process (PID=59179) to work on /home/feuer/.local/lib/python3.10/site-packages/airflow/example_dags/example_xcom.py
[2023-05-21T17:20:15.033+0530] {processor.py:799} INFO - Processing file /home/feuer/.local/lib/python3.10/site-packages/airflow/example_dags/example_xcom.py for tasks to queue
[2023-05-21T17:20:15.034+0530] {logging_mixin.py:149} INFO - [2023-05-21T17:20:15.033+0530] {dagbag.py:541} INFO - Filling up the DagBag from /home/feuer/.local/lib/python3.10/site-packages/airflow/example_dags/example_xcom.py
[2023-05-21T17:20:15.041+0530] {processor.py:809} INFO - DAG(s) dict_keys(['example_xcom']) retrieved from /home/feuer/.local/lib/python3.10/site-packages/airflow/example_dags/example_xcom.py
[2023-05-21T17:20:15.060+0530] {logging_mixin.py:149} INFO - [2023-05-21T17:20:15.060+0530] {dag.py:2726} INFO - Sync 1 DAGs
[2023-05-21T17:20:15.074+0530] {logging_mixin.py:149} INFO - [2023-05-21T17:20:15.074+0530] {dag.py:3486} INFO - Setting next_dagrun for example_xcom to 2021-01-01T00:00:00+00:00, run_after=2021-01-01T00:00:00+00:00
[2023-05-21T17:20:15.214+0530] {processor.py:178} INFO - Processing /home/feuer/.local/lib/python3.10/site-packages/airflow/example_dags/example_xcom.py took 0.185 seconds
[2023-05-21T17:21:39.747+0530] {processor.py:156} INFO - Started process (PID=59542) to work on /home/feuer/.local/lib/python3.10/site-packages/airflow/example_dags/example_xcom.py
[2023-05-21T17:21:39.803+0530] {processor.py:799} INFO - Processing file /home/feuer/.local/lib/python3.10/site-packages/airflow/example_dags/example_xcom.py for tasks to queue
[2023-05-21T17:21:39.803+0530] {logging_mixin.py:149} INFO - [2023-05-21T17:21:39.803+0530] {dagbag.py:541} INFO - Filling up the DagBag from /home/feuer/.local/lib/python3.10/site-packages/airflow/example_dags/example_xcom.py
[2023-05-21T17:21:39.810+0530] {processor.py:809} INFO - DAG(s) dict_keys(['example_xcom']) retrieved from /home/feuer/.local/lib/python3.10/site-packages/airflow/example_dags/example_xcom.py
[2023-05-21T17:21:39.830+0530] {logging_mixin.py:149} INFO - [2023-05-21T17:21:39.829+0530] {dag.py:2726} INFO - Sync 1 DAGs
[2023-05-21T17:21:39.848+0530] {logging_mixin.py:149} INFO - [2023-05-21T17:21:39.848+0530] {dag.py:3486} INFO - Setting next_dagrun for example_xcom to 2021-01-01T00:00:00+00:00, run_after=2021-01-01T00:00:00+00:00
[2023-05-21T17:21:40.719+0530] {processor.py:178} INFO - Processing /home/feuer/.local/lib/python3.10/site-packages/airflow/example_dags/example_xcom.py took 0.974 seconds
[2023-05-21T17:22:40.885+0530] {processor.py:156} INFO - Started process (PID=59713) to work on /home/feuer/.local/lib/python3.10/site-packages/airflow/example_dags/example_xcom.py
[2023-05-21T17:22:41.274+0530] {processor.py:799} INFO - Processing file /home/feuer/.local/lib/python3.10/site-packages/airflow/example_dags/example_xcom.py for tasks to queue
[2023-05-21T17:22:41.275+0530] {logging_mixin.py:149} INFO - [2023-05-21T17:22:41.275+0530] {dagbag.py:541} INFO - Filling up the DagBag from /home/feuer/.local/lib/python3.10/site-packages/airflow/example_dags/example_xcom.py
[2023-05-21T17:22:41.282+0530] {processor.py:809} INFO - DAG(s) dict_keys(['example_xcom']) retrieved from /home/feuer/.local/lib/python3.10/site-packages/airflow/example_dags/example_xcom.py
[2023-05-21T17:22:41.301+0530] {logging_mixin.py:149} INFO - [2023-05-21T17:22:41.301+0530] {dag.py:2726} INFO - Sync 1 DAGs
[2023-05-21T17:22:41.320+0530] {logging_mixin.py:149} INFO - [2023-05-21T17:22:41.320+0530] {dag.py:3486} INFO - Setting next_dagrun for example_xcom to 2021-01-01T00:00:00+00:00, run_after=2021-01-01T00:00:00+00:00
[2023-05-21T17:22:42.029+0530] {processor.py:178} INFO - Processing /home/feuer/.local/lib/python3.10/site-packages/airflow/example_dags/example_xcom.py took 1.147 seconds
