[2023-05-21T19:39:42.930+0530] {processor.py:156} INFO - Started process (PID=23809) to work on /home/feuer/.local/lib/python3.10/site-packages/airflow/example_dags/example_short_circuit_operator.py
[2023-05-21T19:39:42.931+0530] {processor.py:799} INFO - Processing file /home/feuer/.local/lib/python3.10/site-packages/airflow/example_dags/example_short_circuit_operator.py for tasks to queue
[2023-05-21T19:39:42.931+0530] {logging_mixin.py:149} INFO - [2023-05-21T19:39:42.931+0530] {dagbag.py:541} INFO - Filling up the DagBag from /home/feuer/.local/lib/python3.10/site-packages/airflow/example_dags/example_short_circuit_operator.py
[2023-05-21T19:39:42.938+0530] {processor.py:809} INFO - DAG(s) dict_keys(['example_short_circuit_operator']) retrieved from /home/feuer/.local/lib/python3.10/site-packages/airflow/example_dags/example_short_circuit_operator.py
[2023-05-21T19:39:42.963+0530] {logging_mixin.py:149} INFO - [2023-05-21T19:39:42.963+0530] {dag.py:2726} INFO - Sync 1 DAGs
[2023-05-21T19:39:42.979+0530] {logging_mixin.py:149} INFO - [2023-05-21T19:39:42.979+0530] {dag.py:3486} INFO - Setting next_dagrun for example_short_circuit_operator to 2023-05-20T14:09:42.979215+00:00, run_after=2023-05-21T14:09:42.979215+00:00
[2023-05-21T19:39:43.058+0530] {processor.py:178} INFO - Processing /home/feuer/.local/lib/python3.10/site-packages/airflow/example_dags/example_short_circuit_operator.py took 0.131 seconds
[2023-05-21T19:40:43.594+0530] {processor.py:156} INFO - Started process (PID=24043) to work on /home/feuer/.local/lib/python3.10/site-packages/airflow/example_dags/example_short_circuit_operator.py
[2023-05-21T19:40:43.629+0530] {processor.py:799} INFO - Processing file /home/feuer/.local/lib/python3.10/site-packages/airflow/example_dags/example_short_circuit_operator.py for tasks to queue
[2023-05-21T19:40:43.629+0530] {logging_mixin.py:149} INFO - [2023-05-21T19:40:43.629+0530] {dagbag.py:541} INFO - Filling up the DagBag from /home/feuer/.local/lib/python3.10/site-packages/airflow/example_dags/example_short_circuit_operator.py
[2023-05-21T19:40:43.652+0530] {processor.py:809} INFO - DAG(s) dict_keys(['example_short_circuit_operator']) retrieved from /home/feuer/.local/lib/python3.10/site-packages/airflow/example_dags/example_short_circuit_operator.py
[2023-05-21T19:40:43.987+0530] {logging_mixin.py:149} INFO - [2023-05-21T19:40:43.987+0530] {dag.py:2726} INFO - Sync 1 DAGs
[2023-05-21T19:40:44.074+0530] {logging_mixin.py:149} INFO - [2023-05-21T19:40:44.073+0530] {dag.py:3486} INFO - Setting next_dagrun for example_short_circuit_operator to 2023-05-20T14:10:44.073690+00:00, run_after=2023-05-21T14:10:44.073690+00:00
[2023-05-21T19:40:44.404+0530] {processor.py:178} INFO - Processing /home/feuer/.local/lib/python3.10/site-packages/airflow/example_dags/example_short_circuit_operator.py took 0.813 seconds
[2023-05-21T19:42:17.354+0530] {processor.py:156} INFO - Started process (PID=24489) to work on /home/feuer/.local/lib/python3.10/site-packages/airflow/example_dags/example_short_circuit_operator.py
[2023-05-21T19:42:17.355+0530] {processor.py:799} INFO - Processing file /home/feuer/.local/lib/python3.10/site-packages/airflow/example_dags/example_short_circuit_operator.py for tasks to queue
[2023-05-21T19:42:17.355+0530] {logging_mixin.py:149} INFO - [2023-05-21T19:42:17.355+0530] {dagbag.py:541} INFO - Filling up the DagBag from /home/feuer/.local/lib/python3.10/site-packages/airflow/example_dags/example_short_circuit_operator.py
[2023-05-21T19:42:17.373+0530] {processor.py:809} INFO - DAG(s) dict_keys(['example_short_circuit_operator']) retrieved from /home/feuer/.local/lib/python3.10/site-packages/airflow/example_dags/example_short_circuit_operator.py
[2023-05-21T19:42:17.389+0530] {logging_mixin.py:149} INFO - [2023-05-21T19:42:17.389+0530] {dag.py:2726} INFO - Sync 1 DAGs
[2023-05-21T19:42:17.406+0530] {logging_mixin.py:149} INFO - [2023-05-21T19:42:17.405+0530] {dag.py:3486} INFO - Setting next_dagrun for example_short_circuit_operator to 2023-05-20T14:12:17.405510+00:00, run_after=2023-05-21T14:12:17.405510+00:00
[2023-05-21T19:42:17.545+0530] {processor.py:178} INFO - Processing /home/feuer/.local/lib/python3.10/site-packages/airflow/example_dags/example_short_circuit_operator.py took 0.194 seconds
[2023-05-21T19:43:14.055+0530] {processor.py:156} INFO - Started process (PID=24712) to work on /home/feuer/.local/lib/python3.10/site-packages/airflow/example_dags/example_short_circuit_operator.py
[2023-05-21T19:43:14.055+0530] {processor.py:799} INFO - Processing file /home/feuer/.local/lib/python3.10/site-packages/airflow/example_dags/example_short_circuit_operator.py for tasks to queue
[2023-05-21T19:43:14.056+0530] {logging_mixin.py:149} INFO - [2023-05-21T19:43:14.056+0530] {dagbag.py:541} INFO - Filling up the DagBag from /home/feuer/.local/lib/python3.10/site-packages/airflow/example_dags/example_short_circuit_operator.py
[2023-05-21T19:43:14.060+0530] {processor.py:809} INFO - DAG(s) dict_keys(['example_short_circuit_operator']) retrieved from /home/feuer/.local/lib/python3.10/site-packages/airflow/example_dags/example_short_circuit_operator.py
[2023-05-21T19:43:14.075+0530] {logging_mixin.py:149} INFO - [2023-05-21T19:43:14.075+0530] {dag.py:2726} INFO - Sync 1 DAGs
[2023-05-21T19:43:14.086+0530] {logging_mixin.py:149} INFO - [2023-05-21T19:43:14.086+0530] {dag.py:3486} INFO - Setting next_dagrun for example_short_circuit_operator to 2023-05-20T14:13:14.086200+00:00, run_after=2023-05-21T14:13:14.086200+00:00
[2023-05-21T19:43:14.172+0530] {processor.py:178} INFO - Processing /home/feuer/.local/lib/python3.10/site-packages/airflow/example_dags/example_short_circuit_operator.py took 0.119 seconds
[2023-05-21T19:44:06.849+0530] {processor.py:156} INFO - Started process (PID=24848) to work on /home/feuer/.local/lib/python3.10/site-packages/airflow/example_dags/example_short_circuit_operator.py
[2023-05-21T19:44:06.862+0530] {processor.py:799} INFO - Processing file /home/feuer/.local/lib/python3.10/site-packages/airflow/example_dags/example_short_circuit_operator.py for tasks to queue
[2023-05-21T19:44:06.863+0530] {logging_mixin.py:149} INFO - [2023-05-21T19:44:06.863+0530] {dagbag.py:541} INFO - Filling up the DagBag from /home/feuer/.local/lib/python3.10/site-packages/airflow/example_dags/example_short_circuit_operator.py
[2023-05-21T19:44:06.870+0530] {processor.py:809} INFO - DAG(s) dict_keys(['example_short_circuit_operator']) retrieved from /home/feuer/.local/lib/python3.10/site-packages/airflow/example_dags/example_short_circuit_operator.py
[2023-05-21T19:44:06.895+0530] {logging_mixin.py:149} INFO - [2023-05-21T19:44:06.895+0530] {dag.py:2726} INFO - Sync 1 DAGs
[2023-05-21T19:44:06.916+0530] {logging_mixin.py:149} INFO - [2023-05-21T19:44:06.916+0530] {dag.py:3486} INFO - Setting next_dagrun for example_short_circuit_operator to 2023-05-20T14:14:06.915890+00:00, run_after=2023-05-21T14:14:06.915890+00:00
[2023-05-21T19:44:07.003+0530] {processor.py:178} INFO - Processing /home/feuer/.local/lib/python3.10/site-packages/airflow/example_dags/example_short_circuit_operator.py took 0.157 seconds
[2023-05-21T19:45:00.602+0530] {processor.py:156} INFO - Started process (PID=24990) to work on /home/feuer/.local/lib/python3.10/site-packages/airflow/example_dags/example_short_circuit_operator.py
[2023-05-21T19:45:00.618+0530] {processor.py:799} INFO - Processing file /home/feuer/.local/lib/python3.10/site-packages/airflow/example_dags/example_short_circuit_operator.py for tasks to queue
[2023-05-21T19:45:00.619+0530] {logging_mixin.py:149} INFO - [2023-05-21T19:45:00.619+0530] {dagbag.py:541} INFO - Filling up the DagBag from /home/feuer/.local/lib/python3.10/site-packages/airflow/example_dags/example_short_circuit_operator.py
[2023-05-21T19:45:00.627+0530] {processor.py:809} INFO - DAG(s) dict_keys(['example_short_circuit_operator']) retrieved from /home/feuer/.local/lib/python3.10/site-packages/airflow/example_dags/example_short_circuit_operator.py
[2023-05-21T19:45:00.656+0530] {logging_mixin.py:149} INFO - [2023-05-21T19:45:00.655+0530] {dag.py:2726} INFO - Sync 1 DAGs
[2023-05-21T19:45:00.676+0530] {logging_mixin.py:149} INFO - [2023-05-21T19:45:00.676+0530] {dag.py:3486} INFO - Setting next_dagrun for example_short_circuit_operator to 2023-05-20T14:15:00.676342+00:00, run_after=2023-05-21T14:15:00.676342+00:00
[2023-05-21T19:45:00.759+0530] {processor.py:178} INFO - Processing /home/feuer/.local/lib/python3.10/site-packages/airflow/example_dags/example_short_circuit_operator.py took 0.160 seconds
[2023-05-21T19:45:55.759+0530] {processor.py:156} INFO - Started process (PID=25105) to work on /home/feuer/.local/lib/python3.10/site-packages/airflow/example_dags/example_short_circuit_operator.py
[2023-05-21T19:45:55.762+0530] {processor.py:799} INFO - Processing file /home/feuer/.local/lib/python3.10/site-packages/airflow/example_dags/example_short_circuit_operator.py for tasks to queue
[2023-05-21T19:45:55.763+0530] {logging_mixin.py:149} INFO - [2023-05-21T19:45:55.763+0530] {dagbag.py:541} INFO - Filling up the DagBag from /home/feuer/.local/lib/python3.10/site-packages/airflow/example_dags/example_short_circuit_operator.py
[2023-05-21T19:45:55.770+0530] {processor.py:809} INFO - DAG(s) dict_keys(['example_short_circuit_operator']) retrieved from /home/feuer/.local/lib/python3.10/site-packages/airflow/example_dags/example_short_circuit_operator.py
[2023-05-21T19:45:55.792+0530] {logging_mixin.py:149} INFO - [2023-05-21T19:45:55.791+0530] {dag.py:2726} INFO - Sync 1 DAGs
[2023-05-21T19:45:55.802+0530] {logging_mixin.py:149} INFO - [2023-05-21T19:45:55.802+0530] {dag.py:3486} INFO - Setting next_dagrun for example_short_circuit_operator to 2023-05-20T14:15:55.802599+00:00, run_after=2023-05-21T14:15:55.802599+00:00
[2023-05-21T19:45:55.881+0530] {processor.py:178} INFO - Processing /home/feuer/.local/lib/python3.10/site-packages/airflow/example_dags/example_short_circuit_operator.py took 0.125 seconds
[2023-05-21T19:46:48.392+0530] {processor.py:156} INFO - Started process (PID=25213) to work on /home/feuer/.local/lib/python3.10/site-packages/airflow/example_dags/example_short_circuit_operator.py
[2023-05-21T19:46:48.418+0530] {processor.py:799} INFO - Processing file /home/feuer/.local/lib/python3.10/site-packages/airflow/example_dags/example_short_circuit_operator.py for tasks to queue
[2023-05-21T19:46:48.419+0530] {logging_mixin.py:149} INFO - [2023-05-21T19:46:48.419+0530] {dagbag.py:541} INFO - Filling up the DagBag from /home/feuer/.local/lib/python3.10/site-packages/airflow/example_dags/example_short_circuit_operator.py
[2023-05-21T19:46:48.427+0530] {processor.py:809} INFO - DAG(s) dict_keys(['example_short_circuit_operator']) retrieved from /home/feuer/.local/lib/python3.10/site-packages/airflow/example_dags/example_short_circuit_operator.py
[2023-05-21T19:46:48.452+0530] {logging_mixin.py:149} INFO - [2023-05-21T19:46:48.452+0530] {dag.py:2726} INFO - Sync 1 DAGs
[2023-05-21T19:46:48.472+0530] {logging_mixin.py:149} INFO - [2023-05-21T19:46:48.472+0530] {dag.py:3486} INFO - Setting next_dagrun for example_short_circuit_operator to 2023-05-20T14:16:48.472338+00:00, run_after=2023-05-21T14:16:48.472338+00:00
[2023-05-21T19:46:48.553+0530] {processor.py:178} INFO - Processing /home/feuer/.local/lib/python3.10/site-packages/airflow/example_dags/example_short_circuit_operator.py took 0.164 seconds
[2023-05-21T19:47:41.375+0530] {processor.py:156} INFO - Started process (PID=25333) to work on /home/feuer/.local/lib/python3.10/site-packages/airflow/example_dags/example_short_circuit_operator.py
[2023-05-21T19:47:41.375+0530] {processor.py:799} INFO - Processing file /home/feuer/.local/lib/python3.10/site-packages/airflow/example_dags/example_short_circuit_operator.py for tasks to queue
[2023-05-21T19:47:41.376+0530] {logging_mixin.py:149} INFO - [2023-05-21T19:47:41.376+0530] {dagbag.py:541} INFO - Filling up the DagBag from /home/feuer/.local/lib/python3.10/site-packages/airflow/example_dags/example_short_circuit_operator.py
[2023-05-21T19:47:41.382+0530] {processor.py:809} INFO - DAG(s) dict_keys(['example_short_circuit_operator']) retrieved from /home/feuer/.local/lib/python3.10/site-packages/airflow/example_dags/example_short_circuit_operator.py
[2023-05-21T19:47:41.398+0530] {logging_mixin.py:149} INFO - [2023-05-21T19:47:41.398+0530] {dag.py:2726} INFO - Sync 1 DAGs
[2023-05-21T19:47:41.412+0530] {logging_mixin.py:149} INFO - [2023-05-21T19:47:41.411+0530] {dag.py:3486} INFO - Setting next_dagrun for example_short_circuit_operator to 2023-05-20T14:17:41.411643+00:00, run_after=2023-05-21T14:17:41.411643+00:00
[2023-05-21T19:47:41.569+0530] {processor.py:178} INFO - Processing /home/feuer/.local/lib/python3.10/site-packages/airflow/example_dags/example_short_circuit_operator.py took 0.196 seconds
[2023-05-21T19:48:33.940+0530] {processor.py:156} INFO - Started process (PID=25439) to work on /home/feuer/.local/lib/python3.10/site-packages/airflow/example_dags/example_short_circuit_operator.py
[2023-05-21T19:48:33.941+0530] {processor.py:799} INFO - Processing file /home/feuer/.local/lib/python3.10/site-packages/airflow/example_dags/example_short_circuit_operator.py for tasks to queue
[2023-05-21T19:48:33.942+0530] {logging_mixin.py:149} INFO - [2023-05-21T19:48:33.941+0530] {dagbag.py:541} INFO - Filling up the DagBag from /home/feuer/.local/lib/python3.10/site-packages/airflow/example_dags/example_short_circuit_operator.py
[2023-05-21T19:48:33.946+0530] {processor.py:809} INFO - DAG(s) dict_keys(['example_short_circuit_operator']) retrieved from /home/feuer/.local/lib/python3.10/site-packages/airflow/example_dags/example_short_circuit_operator.py
[2023-05-21T19:48:33.961+0530] {logging_mixin.py:149} INFO - [2023-05-21T19:48:33.960+0530] {dag.py:2726} INFO - Sync 1 DAGs
[2023-05-21T19:48:33.972+0530] {logging_mixin.py:149} INFO - [2023-05-21T19:48:33.972+0530] {dag.py:3486} INFO - Setting next_dagrun for example_short_circuit_operator to 2023-05-20T14:18:33.971959+00:00, run_after=2023-05-21T14:18:33.971959+00:00
[2023-05-21T19:48:34.065+0530] {processor.py:178} INFO - Processing /home/feuer/.local/lib/python3.10/site-packages/airflow/example_dags/example_short_circuit_operator.py took 0.127 seconds
[2023-05-21T19:49:26.763+0530] {processor.py:156} INFO - Started process (PID=25556) to work on /home/feuer/.local/lib/python3.10/site-packages/airflow/example_dags/example_short_circuit_operator.py
[2023-05-21T19:49:26.764+0530] {processor.py:799} INFO - Processing file /home/feuer/.local/lib/python3.10/site-packages/airflow/example_dags/example_short_circuit_operator.py for tasks to queue
[2023-05-21T19:49:26.764+0530] {logging_mixin.py:149} INFO - [2023-05-21T19:49:26.764+0530] {dagbag.py:541} INFO - Filling up the DagBag from /home/feuer/.local/lib/python3.10/site-packages/airflow/example_dags/example_short_circuit_operator.py
[2023-05-21T19:49:26.772+0530] {processor.py:809} INFO - DAG(s) dict_keys(['example_short_circuit_operator']) retrieved from /home/feuer/.local/lib/python3.10/site-packages/airflow/example_dags/example_short_circuit_operator.py
[2023-05-21T19:49:26.797+0530] {logging_mixin.py:149} INFO - [2023-05-21T19:49:26.797+0530] {dag.py:2726} INFO - Sync 1 DAGs
[2023-05-21T19:49:26.813+0530] {logging_mixin.py:149} INFO - [2023-05-21T19:49:26.813+0530] {dag.py:3486} INFO - Setting next_dagrun for example_short_circuit_operator to 2023-05-20T14:19:26.812833+00:00, run_after=2023-05-21T14:19:26.812833+00:00
[2023-05-21T19:49:26.893+0530] {processor.py:178} INFO - Processing /home/feuer/.local/lib/python3.10/site-packages/airflow/example_dags/example_short_circuit_operator.py took 0.133 seconds
[2023-05-21T19:50:18.921+0530] {processor.py:156} INFO - Started process (PID=25714) to work on /home/feuer/.local/lib/python3.10/site-packages/airflow/example_dags/example_short_circuit_operator.py
[2023-05-21T19:50:18.937+0530] {processor.py:799} INFO - Processing file /home/feuer/.local/lib/python3.10/site-packages/airflow/example_dags/example_short_circuit_operator.py for tasks to queue
[2023-05-21T19:50:18.937+0530] {logging_mixin.py:149} INFO - [2023-05-21T19:50:18.937+0530] {dagbag.py:541} INFO - Filling up the DagBag from /home/feuer/.local/lib/python3.10/site-packages/airflow/example_dags/example_short_circuit_operator.py
[2023-05-21T19:50:18.942+0530] {processor.py:809} INFO - DAG(s) dict_keys(['example_short_circuit_operator']) retrieved from /home/feuer/.local/lib/python3.10/site-packages/airflow/example_dags/example_short_circuit_operator.py
[2023-05-21T19:50:18.957+0530] {logging_mixin.py:149} INFO - [2023-05-21T19:50:18.957+0530] {dag.py:2726} INFO - Sync 1 DAGs
[2023-05-21T19:50:18.969+0530] {logging_mixin.py:149} INFO - [2023-05-21T19:50:18.969+0530] {dag.py:3486} INFO - Setting next_dagrun for example_short_circuit_operator to 2023-05-20T14:20:18.968900+00:00, run_after=2023-05-21T14:20:18.968900+00:00
[2023-05-21T19:50:19.049+0530] {processor.py:178} INFO - Processing /home/feuer/.local/lib/python3.10/site-packages/airflow/example_dags/example_short_circuit_operator.py took 0.131 seconds
[2023-05-21T19:51:11.521+0530] {processor.py:156} INFO - Started process (PID=25844) to work on /home/feuer/.local/lib/python3.10/site-packages/airflow/example_dags/example_short_circuit_operator.py
[2023-05-21T19:51:11.521+0530] {processor.py:799} INFO - Processing file /home/feuer/.local/lib/python3.10/site-packages/airflow/example_dags/example_short_circuit_operator.py for tasks to queue
[2023-05-21T19:51:11.522+0530] {logging_mixin.py:149} INFO - [2023-05-21T19:51:11.522+0530] {dagbag.py:541} INFO - Filling up the DagBag from /home/feuer/.local/lib/python3.10/site-packages/airflow/example_dags/example_short_circuit_operator.py
[2023-05-21T19:51:11.529+0530] {processor.py:809} INFO - DAG(s) dict_keys(['example_short_circuit_operator']) retrieved from /home/feuer/.local/lib/python3.10/site-packages/airflow/example_dags/example_short_circuit_operator.py
[2023-05-21T19:51:11.553+0530] {logging_mixin.py:149} INFO - [2023-05-21T19:51:11.553+0530] {dag.py:2726} INFO - Sync 1 DAGs
[2023-05-21T19:51:11.568+0530] {logging_mixin.py:149} INFO - [2023-05-21T19:51:11.568+0530] {dag.py:3486} INFO - Setting next_dagrun for example_short_circuit_operator to 2023-05-20T14:21:11.568339+00:00, run_after=2023-05-21T14:21:11.568339+00:00
[2023-05-21T19:51:11.639+0530] {processor.py:178} INFO - Processing /home/feuer/.local/lib/python3.10/site-packages/airflow/example_dags/example_short_circuit_operator.py took 0.121 seconds
[2023-05-21T19:52:02.953+0530] {processor.py:156} INFO - Started process (PID=25953) to work on /home/feuer/.local/lib/python3.10/site-packages/airflow/example_dags/example_short_circuit_operator.py
[2023-05-21T19:52:02.954+0530] {processor.py:799} INFO - Processing file /home/feuer/.local/lib/python3.10/site-packages/airflow/example_dags/example_short_circuit_operator.py for tasks to queue
[2023-05-21T19:52:02.954+0530] {logging_mixin.py:149} INFO - [2023-05-21T19:52:02.954+0530] {dagbag.py:541} INFO - Filling up the DagBag from /home/feuer/.local/lib/python3.10/site-packages/airflow/example_dags/example_short_circuit_operator.py
[2023-05-21T19:52:02.961+0530] {processor.py:809} INFO - DAG(s) dict_keys(['example_short_circuit_operator']) retrieved from /home/feuer/.local/lib/python3.10/site-packages/airflow/example_dags/example_short_circuit_operator.py
[2023-05-21T19:52:02.985+0530] {logging_mixin.py:149} INFO - [2023-05-21T19:52:02.985+0530] {dag.py:2726} INFO - Sync 1 DAGs
[2023-05-21T19:52:03.001+0530] {logging_mixin.py:149} INFO - [2023-05-21T19:52:03.001+0530] {dag.py:3486} INFO - Setting next_dagrun for example_short_circuit_operator to 2023-05-20T14:22:03.001135+00:00, run_after=2023-05-21T14:22:03.001135+00:00
[2023-05-21T19:52:03.087+0530] {processor.py:178} INFO - Processing /home/feuer/.local/lib/python3.10/site-packages/airflow/example_dags/example_short_circuit_operator.py took 0.137 seconds
[2023-05-21T19:52:51.583+0530] {processor.py:156} INFO - Started process (PID=26067) to work on /home/feuer/.local/lib/python3.10/site-packages/airflow/example_dags/example_short_circuit_operator.py
[2023-05-21T19:52:51.584+0530] {processor.py:799} INFO - Processing file /home/feuer/.local/lib/python3.10/site-packages/airflow/example_dags/example_short_circuit_operator.py for tasks to queue
[2023-05-21T19:52:51.585+0530] {logging_mixin.py:149} INFO - [2023-05-21T19:52:51.584+0530] {dagbag.py:541} INFO - Filling up the DagBag from /home/feuer/.local/lib/python3.10/site-packages/airflow/example_dags/example_short_circuit_operator.py
[2023-05-21T19:52:51.590+0530] {processor.py:809} INFO - DAG(s) dict_keys(['example_short_circuit_operator']) retrieved from /home/feuer/.local/lib/python3.10/site-packages/airflow/example_dags/example_short_circuit_operator.py
[2023-05-21T19:52:51.606+0530] {logging_mixin.py:149} INFO - [2023-05-21T19:52:51.605+0530] {dag.py:2726} INFO - Sync 1 DAGs
[2023-05-21T19:52:51.616+0530] {logging_mixin.py:149} INFO - [2023-05-21T19:52:51.616+0530] {dag.py:3486} INFO - Setting next_dagrun for example_short_circuit_operator to 2023-05-20T14:22:51.616694+00:00, run_after=2023-05-21T14:22:51.616694+00:00
[2023-05-21T19:52:51.700+0530] {processor.py:178} INFO - Processing /home/feuer/.local/lib/python3.10/site-packages/airflow/example_dags/example_short_circuit_operator.py took 0.119 seconds
[2023-05-21T19:53:40.786+0530] {processor.py:156} INFO - Started process (PID=26206) to work on /home/feuer/.local/lib/python3.10/site-packages/airflow/example_dags/example_short_circuit_operator.py
[2023-05-21T19:53:40.791+0530] {processor.py:799} INFO - Processing file /home/feuer/.local/lib/python3.10/site-packages/airflow/example_dags/example_short_circuit_operator.py for tasks to queue
[2023-05-21T19:53:40.791+0530] {logging_mixin.py:149} INFO - [2023-05-21T19:53:40.791+0530] {dagbag.py:541} INFO - Filling up the DagBag from /home/feuer/.local/lib/python3.10/site-packages/airflow/example_dags/example_short_circuit_operator.py
[2023-05-21T19:53:40.797+0530] {processor.py:809} INFO - DAG(s) dict_keys(['example_short_circuit_operator']) retrieved from /home/feuer/.local/lib/python3.10/site-packages/airflow/example_dags/example_short_circuit_operator.py
[2023-05-21T19:53:40.815+0530] {logging_mixin.py:149} INFO - [2023-05-21T19:53:40.814+0530] {dag.py:2726} INFO - Sync 1 DAGs
[2023-05-21T19:53:40.827+0530] {logging_mixin.py:149} INFO - [2023-05-21T19:53:40.827+0530] {dag.py:3486} INFO - Setting next_dagrun for example_short_circuit_operator to 2023-05-20T14:23:40.827311+00:00, run_after=2023-05-21T14:23:40.827311+00:00
[2023-05-21T19:53:41.070+0530] {processor.py:178} INFO - Processing /home/feuer/.local/lib/python3.10/site-packages/airflow/example_dags/example_short_circuit_operator.py took 0.287 seconds
[2023-05-21T19:54:32.805+0530] {processor.py:156} INFO - Started process (PID=26346) to work on /home/feuer/.local/lib/python3.10/site-packages/airflow/example_dags/example_short_circuit_operator.py
[2023-05-21T19:54:32.821+0530] {processor.py:799} INFO - Processing file /home/feuer/.local/lib/python3.10/site-packages/airflow/example_dags/example_short_circuit_operator.py for tasks to queue
[2023-05-21T19:54:32.822+0530] {logging_mixin.py:149} INFO - [2023-05-21T19:54:32.822+0530] {dagbag.py:541} INFO - Filling up the DagBag from /home/feuer/.local/lib/python3.10/site-packages/airflow/example_dags/example_short_circuit_operator.py
[2023-05-21T19:54:32.829+0530] {processor.py:809} INFO - DAG(s) dict_keys(['example_short_circuit_operator']) retrieved from /home/feuer/.local/lib/python3.10/site-packages/airflow/example_dags/example_short_circuit_operator.py
[2023-05-21T19:54:32.853+0530] {logging_mixin.py:149} INFO - [2023-05-21T19:54:32.853+0530] {dag.py:2726} INFO - Sync 1 DAGs
[2023-05-21T19:54:32.872+0530] {logging_mixin.py:149} INFO - [2023-05-21T19:54:32.872+0530] {dag.py:3486} INFO - Setting next_dagrun for example_short_circuit_operator to 2023-05-20T14:24:32.872104+00:00, run_after=2023-05-21T14:24:32.872104+00:00
[2023-05-21T19:54:32.958+0530] {processor.py:178} INFO - Processing /home/feuer/.local/lib/python3.10/site-packages/airflow/example_dags/example_short_circuit_operator.py took 0.157 seconds
[2023-05-21T19:55:25.838+0530] {processor.py:156} INFO - Started process (PID=26475) to work on /home/feuer/.local/lib/python3.10/site-packages/airflow/example_dags/example_short_circuit_operator.py
[2023-05-21T19:55:25.852+0530] {processor.py:799} INFO - Processing file /home/feuer/.local/lib/python3.10/site-packages/airflow/example_dags/example_short_circuit_operator.py for tasks to queue
[2023-05-21T19:55:25.852+0530] {logging_mixin.py:149} INFO - [2023-05-21T19:55:25.852+0530] {dagbag.py:541} INFO - Filling up the DagBag from /home/feuer/.local/lib/python3.10/site-packages/airflow/example_dags/example_short_circuit_operator.py
[2023-05-21T19:55:25.860+0530] {processor.py:809} INFO - DAG(s) dict_keys(['example_short_circuit_operator']) retrieved from /home/feuer/.local/lib/python3.10/site-packages/airflow/example_dags/example_short_circuit_operator.py
[2023-05-21T19:55:25.883+0530] {logging_mixin.py:149} INFO - [2023-05-21T19:55:25.883+0530] {dag.py:2726} INFO - Sync 1 DAGs
[2023-05-21T19:55:25.903+0530] {logging_mixin.py:149} INFO - [2023-05-21T19:55:25.903+0530] {dag.py:3486} INFO - Setting next_dagrun for example_short_circuit_operator to 2023-05-20T14:25:25.902864+00:00, run_after=2023-05-21T14:25:25.902864+00:00
[2023-05-21T19:55:25.983+0530] {processor.py:178} INFO - Processing /home/feuer/.local/lib/python3.10/site-packages/airflow/example_dags/example_short_circuit_operator.py took 0.148 seconds
[2023-05-21T19:56:25.863+0530] {processor.py:156} INFO - Started process (PID=26657) to work on /home/feuer/.local/lib/python3.10/site-packages/airflow/example_dags/example_short_circuit_operator.py
[2023-05-21T19:56:25.864+0530] {processor.py:799} INFO - Processing file /home/feuer/.local/lib/python3.10/site-packages/airflow/example_dags/example_short_circuit_operator.py for tasks to queue
[2023-05-21T19:56:25.864+0530] {logging_mixin.py:149} INFO - [2023-05-21T19:56:25.864+0530] {dagbag.py:541} INFO - Filling up the DagBag from /home/feuer/.local/lib/python3.10/site-packages/airflow/example_dags/example_short_circuit_operator.py
[2023-05-21T19:56:25.872+0530] {processor.py:809} INFO - DAG(s) dict_keys(['example_short_circuit_operator']) retrieved from /home/feuer/.local/lib/python3.10/site-packages/airflow/example_dags/example_short_circuit_operator.py
[2023-05-21T19:56:25.896+0530] {logging_mixin.py:149} INFO - [2023-05-21T19:56:25.896+0530] {dag.py:2726} INFO - Sync 1 DAGs
[2023-05-21T19:56:25.913+0530] {logging_mixin.py:149} INFO - [2023-05-21T19:56:25.912+0530] {dag.py:3486} INFO - Setting next_dagrun for example_short_circuit_operator to 2023-05-20T14:26:25.912627+00:00, run_after=2023-05-21T14:26:25.912627+00:00
[2023-05-21T19:56:25.990+0530] {processor.py:178} INFO - Processing /home/feuer/.local/lib/python3.10/site-packages/airflow/example_dags/example_short_circuit_operator.py took 0.130 seconds
[2023-05-21T19:57:19.404+0530] {processor.py:156} INFO - Started process (PID=26780) to work on /home/feuer/.local/lib/python3.10/site-packages/airflow/example_dags/example_short_circuit_operator.py
[2023-05-21T19:57:19.405+0530] {processor.py:799} INFO - Processing file /home/feuer/.local/lib/python3.10/site-packages/airflow/example_dags/example_short_circuit_operator.py for tasks to queue
[2023-05-21T19:57:19.405+0530] {logging_mixin.py:149} INFO - [2023-05-21T19:57:19.405+0530] {dagbag.py:541} INFO - Filling up the DagBag from /home/feuer/.local/lib/python3.10/site-packages/airflow/example_dags/example_short_circuit_operator.py
[2023-05-21T19:57:19.412+0530] {processor.py:809} INFO - DAG(s) dict_keys(['example_short_circuit_operator']) retrieved from /home/feuer/.local/lib/python3.10/site-packages/airflow/example_dags/example_short_circuit_operator.py
[2023-05-21T19:57:19.434+0530] {logging_mixin.py:149} INFO - [2023-05-21T19:57:19.434+0530] {dag.py:2726} INFO - Sync 1 DAGs
[2023-05-21T19:57:19.445+0530] {logging_mixin.py:149} INFO - [2023-05-21T19:57:19.444+0530] {dag.py:3486} INFO - Setting next_dagrun for example_short_circuit_operator to 2023-05-20T14:27:19.444815+00:00, run_after=2023-05-21T14:27:19.444815+00:00
[2023-05-21T19:57:19.526+0530] {processor.py:178} INFO - Processing /home/feuer/.local/lib/python3.10/site-packages/airflow/example_dags/example_short_circuit_operator.py took 0.125 seconds
[2023-05-21T19:58:10.585+0530] {processor.py:156} INFO - Started process (PID=26901) to work on /home/feuer/.local/lib/python3.10/site-packages/airflow/example_dags/example_short_circuit_operator.py
[2023-05-21T19:58:10.596+0530] {processor.py:799} INFO - Processing file /home/feuer/.local/lib/python3.10/site-packages/airflow/example_dags/example_short_circuit_operator.py for tasks to queue
[2023-05-21T19:58:10.597+0530] {logging_mixin.py:149} INFO - [2023-05-21T19:58:10.596+0530] {dagbag.py:541} INFO - Filling up the DagBag from /home/feuer/.local/lib/python3.10/site-packages/airflow/example_dags/example_short_circuit_operator.py
[2023-05-21T19:58:10.604+0530] {processor.py:809} INFO - DAG(s) dict_keys(['example_short_circuit_operator']) retrieved from /home/feuer/.local/lib/python3.10/site-packages/airflow/example_dags/example_short_circuit_operator.py
[2023-05-21T19:58:10.629+0530] {logging_mixin.py:149} INFO - [2023-05-21T19:58:10.629+0530] {dag.py:2726} INFO - Sync 1 DAGs
[2023-05-21T19:58:10.649+0530] {logging_mixin.py:149} INFO - [2023-05-21T19:58:10.649+0530] {dag.py:3486} INFO - Setting next_dagrun for example_short_circuit_operator to 2023-05-20T14:28:10.648899+00:00, run_after=2023-05-21T14:28:10.648899+00:00
[2023-05-21T19:58:10.726+0530] {processor.py:178} INFO - Processing /home/feuer/.local/lib/python3.10/site-packages/airflow/example_dags/example_short_circuit_operator.py took 0.144 seconds
[2023-05-21T19:59:03.511+0530] {processor.py:156} INFO - Started process (PID=27077) to work on /home/feuer/.local/lib/python3.10/site-packages/airflow/example_dags/example_short_circuit_operator.py
[2023-05-21T19:59:03.524+0530] {processor.py:799} INFO - Processing file /home/feuer/.local/lib/python3.10/site-packages/airflow/example_dags/example_short_circuit_operator.py for tasks to queue
[2023-05-21T19:59:03.525+0530] {logging_mixin.py:149} INFO - [2023-05-21T19:59:03.525+0530] {dagbag.py:541} INFO - Filling up the DagBag from /home/feuer/.local/lib/python3.10/site-packages/airflow/example_dags/example_short_circuit_operator.py
[2023-05-21T19:59:03.534+0530] {processor.py:809} INFO - DAG(s) dict_keys(['example_short_circuit_operator']) retrieved from /home/feuer/.local/lib/python3.10/site-packages/airflow/example_dags/example_short_circuit_operator.py
[2023-05-21T19:59:03.564+0530] {logging_mixin.py:149} INFO - [2023-05-21T19:59:03.563+0530] {dag.py:2726} INFO - Sync 1 DAGs
[2023-05-21T19:59:03.586+0530] {logging_mixin.py:149} INFO - [2023-05-21T19:59:03.586+0530] {dag.py:3486} INFO - Setting next_dagrun for example_short_circuit_operator to 2023-05-20T14:29:03.585932+00:00, run_after=2023-05-21T14:29:03.585932+00:00
[2023-05-21T19:59:03.672+0530] {processor.py:178} INFO - Processing /home/feuer/.local/lib/python3.10/site-packages/airflow/example_dags/example_short_circuit_operator.py took 0.165 seconds
[2023-05-21T20:00:02.614+0530] {processor.py:156} INFO - Started process (PID=27207) to work on /home/feuer/.local/lib/python3.10/site-packages/airflow/example_dags/example_short_circuit_operator.py
[2023-05-21T20:00:02.615+0530] {processor.py:799} INFO - Processing file /home/feuer/.local/lib/python3.10/site-packages/airflow/example_dags/example_short_circuit_operator.py for tasks to queue
[2023-05-21T20:00:02.615+0530] {logging_mixin.py:149} INFO - [2023-05-21T20:00:02.615+0530] {dagbag.py:541} INFO - Filling up the DagBag from /home/feuer/.local/lib/python3.10/site-packages/airflow/example_dags/example_short_circuit_operator.py
[2023-05-21T20:00:02.620+0530] {processor.py:809} INFO - DAG(s) dict_keys(['example_short_circuit_operator']) retrieved from /home/feuer/.local/lib/python3.10/site-packages/airflow/example_dags/example_short_circuit_operator.py
[2023-05-21T20:00:02.634+0530] {logging_mixin.py:149} INFO - [2023-05-21T20:00:02.634+0530] {dag.py:2726} INFO - Sync 1 DAGs
[2023-05-21T20:00:02.645+0530] {logging_mixin.py:149} INFO - [2023-05-21T20:00:02.645+0530] {dag.py:3486} INFO - Setting next_dagrun for example_short_circuit_operator to 2023-05-20T14:30:02.645635+00:00, run_after=2023-05-21T14:30:02.645635+00:00
[2023-05-21T20:00:02.728+0530] {processor.py:178} INFO - Processing /home/feuer/.local/lib/python3.10/site-packages/airflow/example_dags/example_short_circuit_operator.py took 0.115 seconds
[2023-05-21T20:01:02.480+0530] {processor.py:156} INFO - Started process (PID=27370) to work on /home/feuer/.local/lib/python3.10/site-packages/airflow/example_dags/example_short_circuit_operator.py
[2023-05-21T20:01:02.481+0530] {processor.py:799} INFO - Processing file /home/feuer/.local/lib/python3.10/site-packages/airflow/example_dags/example_short_circuit_operator.py for tasks to queue
[2023-05-21T20:01:02.481+0530] {logging_mixin.py:149} INFO - [2023-05-21T20:01:02.481+0530] {dagbag.py:541} INFO - Filling up the DagBag from /home/feuer/.local/lib/python3.10/site-packages/airflow/example_dags/example_short_circuit_operator.py
[2023-05-21T20:01:02.488+0530] {processor.py:809} INFO - DAG(s) dict_keys(['example_short_circuit_operator']) retrieved from /home/feuer/.local/lib/python3.10/site-packages/airflow/example_dags/example_short_circuit_operator.py
[2023-05-21T20:01:02.512+0530] {logging_mixin.py:149} INFO - [2023-05-21T20:01:02.512+0530] {dag.py:2726} INFO - Sync 1 DAGs
[2023-05-21T20:01:02.528+0530] {logging_mixin.py:149} INFO - [2023-05-21T20:01:02.528+0530] {dag.py:3486} INFO - Setting next_dagrun for example_short_circuit_operator to 2023-05-20T14:31:02.528388+00:00, run_after=2023-05-21T14:31:02.528388+00:00
[2023-05-21T20:01:02.618+0530] {processor.py:178} INFO - Processing /home/feuer/.local/lib/python3.10/site-packages/airflow/example_dags/example_short_circuit_operator.py took 0.141 seconds
[2023-05-21T20:02:19.391+0530] {processor.py:156} INFO - Started process (PID=27773) to work on /home/feuer/.local/lib/python3.10/site-packages/airflow/example_dags/example_short_circuit_operator.py
[2023-05-21T20:02:19.392+0530] {processor.py:799} INFO - Processing file /home/feuer/.local/lib/python3.10/site-packages/airflow/example_dags/example_short_circuit_operator.py for tasks to queue
[2023-05-21T20:02:19.392+0530] {logging_mixin.py:149} INFO - [2023-05-21T20:02:19.392+0530] {dagbag.py:541} INFO - Filling up the DagBag from /home/feuer/.local/lib/python3.10/site-packages/airflow/example_dags/example_short_circuit_operator.py
[2023-05-21T20:02:19.400+0530] {processor.py:809} INFO - DAG(s) dict_keys(['example_short_circuit_operator']) retrieved from /home/feuer/.local/lib/python3.10/site-packages/airflow/example_dags/example_short_circuit_operator.py
[2023-05-21T20:02:19.428+0530] {logging_mixin.py:149} INFO - [2023-05-21T20:02:19.428+0530] {dag.py:2726} INFO - Sync 1 DAGs
[2023-05-21T20:02:19.442+0530] {logging_mixin.py:149} INFO - [2023-05-21T20:02:19.442+0530] {dag.py:3486} INFO - Setting next_dagrun for example_short_circuit_operator to 2023-05-20T14:32:19.442494+00:00, run_after=2023-05-21T14:32:19.442494+00:00
[2023-05-21T20:02:19.530+0530] {processor.py:178} INFO - Processing /home/feuer/.local/lib/python3.10/site-packages/airflow/example_dags/example_short_circuit_operator.py took 0.142 seconds
[2023-05-21T20:03:22.901+0530] {processor.py:156} INFO - Started process (PID=27968) to work on /home/feuer/.local/lib/python3.10/site-packages/airflow/example_dags/example_short_circuit_operator.py
[2023-05-21T20:03:22.909+0530] {processor.py:799} INFO - Processing file /home/feuer/.local/lib/python3.10/site-packages/airflow/example_dags/example_short_circuit_operator.py for tasks to queue
[2023-05-21T20:03:22.910+0530] {logging_mixin.py:149} INFO - [2023-05-21T20:03:22.910+0530] {dagbag.py:541} INFO - Filling up the DagBag from /home/feuer/.local/lib/python3.10/site-packages/airflow/example_dags/example_short_circuit_operator.py
[2023-05-21T20:03:22.917+0530] {processor.py:809} INFO - DAG(s) dict_keys(['example_short_circuit_operator']) retrieved from /home/feuer/.local/lib/python3.10/site-packages/airflow/example_dags/example_short_circuit_operator.py
[2023-05-21T20:03:22.943+0530] {logging_mixin.py:149} INFO - [2023-05-21T20:03:22.943+0530] {dag.py:2726} INFO - Sync 1 DAGs
[2023-05-21T20:03:22.962+0530] {logging_mixin.py:149} INFO - [2023-05-21T20:03:22.962+0530] {dag.py:3486} INFO - Setting next_dagrun for example_short_circuit_operator to 2023-05-20T14:33:22.961883+00:00, run_after=2023-05-21T14:33:22.961883+00:00
[2023-05-21T20:03:23.043+0530] {processor.py:178} INFO - Processing /home/feuer/.local/lib/python3.10/site-packages/airflow/example_dags/example_short_circuit_operator.py took 0.145 seconds
[2023-05-21T20:04:23.035+0530] {processor.py:156} INFO - Started process (PID=28192) to work on /home/feuer/.local/lib/python3.10/site-packages/airflow/example_dags/example_short_circuit_operator.py
[2023-05-21T20:04:23.046+0530] {processor.py:799} INFO - Processing file /home/feuer/.local/lib/python3.10/site-packages/airflow/example_dags/example_short_circuit_operator.py for tasks to queue
[2023-05-21T20:04:23.047+0530] {logging_mixin.py:149} INFO - [2023-05-21T20:04:23.047+0530] {dagbag.py:541} INFO - Filling up the DagBag from /home/feuer/.local/lib/python3.10/site-packages/airflow/example_dags/example_short_circuit_operator.py
[2023-05-21T20:04:23.077+0530] {processor.py:809} INFO - DAG(s) dict_keys(['example_short_circuit_operator']) retrieved from /home/feuer/.local/lib/python3.10/site-packages/airflow/example_dags/example_short_circuit_operator.py
[2023-05-21T20:04:23.103+0530] {logging_mixin.py:149} INFO - [2023-05-21T20:04:23.103+0530] {dag.py:2726} INFO - Sync 1 DAGs
[2023-05-21T20:04:23.122+0530] {logging_mixin.py:149} INFO - [2023-05-21T20:04:23.122+0530] {dag.py:3486} INFO - Setting next_dagrun for example_short_circuit_operator to 2023-05-20T14:34:23.122243+00:00, run_after=2023-05-21T14:34:23.122243+00:00
[2023-05-21T20:04:23.284+0530] {processor.py:178} INFO - Processing /home/feuer/.local/lib/python3.10/site-packages/airflow/example_dags/example_short_circuit_operator.py took 0.252 seconds
[2023-05-21T20:05:23.242+0530] {processor.py:156} INFO - Started process (PID=28361) to work on /home/feuer/.local/lib/python3.10/site-packages/airflow/example_dags/example_short_circuit_operator.py
[2023-05-21T20:05:23.256+0530] {processor.py:799} INFO - Processing file /home/feuer/.local/lib/python3.10/site-packages/airflow/example_dags/example_short_circuit_operator.py for tasks to queue
[2023-05-21T20:05:23.256+0530] {logging_mixin.py:149} INFO - [2023-05-21T20:05:23.256+0530] {dagbag.py:541} INFO - Filling up the DagBag from /home/feuer/.local/lib/python3.10/site-packages/airflow/example_dags/example_short_circuit_operator.py
[2023-05-21T20:05:23.263+0530] {processor.py:809} INFO - DAG(s) dict_keys(['example_short_circuit_operator']) retrieved from /home/feuer/.local/lib/python3.10/site-packages/airflow/example_dags/example_short_circuit_operator.py
[2023-05-21T20:05:23.288+0530] {logging_mixin.py:149} INFO - [2023-05-21T20:05:23.288+0530] {dag.py:2726} INFO - Sync 1 DAGs
[2023-05-21T20:05:23.307+0530] {logging_mixin.py:149} INFO - [2023-05-21T20:05:23.307+0530] {dag.py:3486} INFO - Setting next_dagrun for example_short_circuit_operator to 2023-05-20T14:35:23.307394+00:00, run_after=2023-05-21T14:35:23.307394+00:00
[2023-05-21T20:05:23.393+0530] {processor.py:178} INFO - Processing /home/feuer/.local/lib/python3.10/site-packages/airflow/example_dags/example_short_circuit_operator.py took 0.155 seconds
[2023-05-21T20:06:20.170+0530] {processor.py:156} INFO - Started process (PID=28729) to work on /home/feuer/.local/lib/python3.10/site-packages/airflow/example_dags/example_short_circuit_operator.py
[2023-05-21T20:06:20.178+0530] {processor.py:799} INFO - Processing file /home/feuer/.local/lib/python3.10/site-packages/airflow/example_dags/example_short_circuit_operator.py for tasks to queue
[2023-05-21T20:06:20.178+0530] {logging_mixin.py:149} INFO - [2023-05-21T20:06:20.178+0530] {dagbag.py:541} INFO - Filling up the DagBag from /home/feuer/.local/lib/python3.10/site-packages/airflow/example_dags/example_short_circuit_operator.py
[2023-05-21T20:06:20.186+0530] {processor.py:809} INFO - DAG(s) dict_keys(['example_short_circuit_operator']) retrieved from /home/feuer/.local/lib/python3.10/site-packages/airflow/example_dags/example_short_circuit_operator.py
[2023-05-21T20:06:20.210+0530] {logging_mixin.py:149} INFO - [2023-05-21T20:06:20.210+0530] {dag.py:2726} INFO - Sync 1 DAGs
[2023-05-21T20:06:20.229+0530] {logging_mixin.py:149} INFO - [2023-05-21T20:06:20.228+0530] {dag.py:3486} INFO - Setting next_dagrun for example_short_circuit_operator to 2023-05-20T14:36:20.228698+00:00, run_after=2023-05-21T14:36:20.228698+00:00
[2023-05-21T20:06:20.308+0530] {processor.py:178} INFO - Processing /home/feuer/.local/lib/python3.10/site-packages/airflow/example_dags/example_short_circuit_operator.py took 0.141 seconds
[2023-05-21T20:07:16.108+0530] {processor.py:156} INFO - Started process (PID=28894) to work on /home/feuer/.local/lib/python3.10/site-packages/airflow/example_dags/example_short_circuit_operator.py
[2023-05-21T20:07:16.109+0530] {processor.py:799} INFO - Processing file /home/feuer/.local/lib/python3.10/site-packages/airflow/example_dags/example_short_circuit_operator.py for tasks to queue
[2023-05-21T20:07:16.109+0530] {logging_mixin.py:149} INFO - [2023-05-21T20:07:16.109+0530] {dagbag.py:541} INFO - Filling up the DagBag from /home/feuer/.local/lib/python3.10/site-packages/airflow/example_dags/example_short_circuit_operator.py
[2023-05-21T20:07:16.116+0530] {processor.py:809} INFO - DAG(s) dict_keys(['example_short_circuit_operator']) retrieved from /home/feuer/.local/lib/python3.10/site-packages/airflow/example_dags/example_short_circuit_operator.py
[2023-05-21T20:07:16.136+0530] {logging_mixin.py:149} INFO - [2023-05-21T20:07:16.136+0530] {dag.py:2726} INFO - Sync 1 DAGs
[2023-05-21T20:07:16.149+0530] {logging_mixin.py:149} INFO - [2023-05-21T20:07:16.149+0530] {dag.py:3486} INFO - Setting next_dagrun for example_short_circuit_operator to 2023-05-20T14:37:16.149007+00:00, run_after=2023-05-21T14:37:16.149007+00:00
[2023-05-21T20:07:16.237+0530] {processor.py:178} INFO - Processing /home/feuer/.local/lib/python3.10/site-packages/airflow/example_dags/example_short_circuit_operator.py took 0.132 seconds
[2023-05-21T20:08:10.644+0530] {processor.py:156} INFO - Started process (PID=29055) to work on /home/feuer/.local/lib/python3.10/site-packages/airflow/example_dags/example_short_circuit_operator.py
[2023-05-21T20:08:10.645+0530] {processor.py:799} INFO - Processing file /home/feuer/.local/lib/python3.10/site-packages/airflow/example_dags/example_short_circuit_operator.py for tasks to queue
[2023-05-21T20:08:10.646+0530] {logging_mixin.py:149} INFO - [2023-05-21T20:08:10.646+0530] {dagbag.py:541} INFO - Filling up the DagBag from /home/feuer/.local/lib/python3.10/site-packages/airflow/example_dags/example_short_circuit_operator.py
[2023-05-21T20:08:10.653+0530] {processor.py:809} INFO - DAG(s) dict_keys(['example_short_circuit_operator']) retrieved from /home/feuer/.local/lib/python3.10/site-packages/airflow/example_dags/example_short_circuit_operator.py
[2023-05-21T20:08:10.677+0530] {logging_mixin.py:149} INFO - [2023-05-21T20:08:10.677+0530] {dag.py:2726} INFO - Sync 1 DAGs
[2023-05-21T20:08:10.693+0530] {logging_mixin.py:149} INFO - [2023-05-21T20:08:10.693+0530] {dag.py:3486} INFO - Setting next_dagrun for example_short_circuit_operator to 2023-05-20T14:38:10.692925+00:00, run_after=2023-05-21T14:38:10.692925+00:00
[2023-05-21T20:08:10.776+0530] {processor.py:178} INFO - Processing /home/feuer/.local/lib/python3.10/site-packages/airflow/example_dags/example_short_circuit_operator.py took 0.134 seconds
[2023-05-21T20:09:10.669+0530] {processor.py:156} INFO - Started process (PID=29187) to work on /home/feuer/.local/lib/python3.10/site-packages/airflow/example_dags/example_short_circuit_operator.py
[2023-05-21T20:09:10.674+0530] {processor.py:799} INFO - Processing file /home/feuer/.local/lib/python3.10/site-packages/airflow/example_dags/example_short_circuit_operator.py for tasks to queue
[2023-05-21T20:09:10.675+0530] {logging_mixin.py:149} INFO - [2023-05-21T20:09:10.675+0530] {dagbag.py:541} INFO - Filling up the DagBag from /home/feuer/.local/lib/python3.10/site-packages/airflow/example_dags/example_short_circuit_operator.py
[2023-05-21T20:09:10.682+0530] {processor.py:809} INFO - DAG(s) dict_keys(['example_short_circuit_operator']) retrieved from /home/feuer/.local/lib/python3.10/site-packages/airflow/example_dags/example_short_circuit_operator.py
[2023-05-21T20:09:10.707+0530] {logging_mixin.py:149} INFO - [2023-05-21T20:09:10.707+0530] {dag.py:2726} INFO - Sync 1 DAGs
[2023-05-21T20:09:10.720+0530] {logging_mixin.py:149} INFO - [2023-05-21T20:09:10.720+0530] {dag.py:3486} INFO - Setting next_dagrun for example_short_circuit_operator to 2023-05-20T14:39:10.720502+00:00, run_after=2023-05-21T14:39:10.720502+00:00
[2023-05-21T20:09:10.887+0530] {processor.py:178} INFO - Processing /home/feuer/.local/lib/python3.10/site-packages/airflow/example_dags/example_short_circuit_operator.py took 0.221 seconds
[2023-05-21T20:10:06.948+0530] {processor.py:156} INFO - Started process (PID=29408) to work on /home/feuer/.local/lib/python3.10/site-packages/airflow/example_dags/example_short_circuit_operator.py
[2023-05-21T20:10:06.949+0530] {processor.py:799} INFO - Processing file /home/feuer/.local/lib/python3.10/site-packages/airflow/example_dags/example_short_circuit_operator.py for tasks to queue
[2023-05-21T20:10:06.949+0530] {logging_mixin.py:149} INFO - [2023-05-21T20:10:06.949+0530] {dagbag.py:541} INFO - Filling up the DagBag from /home/feuer/.local/lib/python3.10/site-packages/airflow/example_dags/example_short_circuit_operator.py
[2023-05-21T20:10:06.957+0530] {processor.py:809} INFO - DAG(s) dict_keys(['example_short_circuit_operator']) retrieved from /home/feuer/.local/lib/python3.10/site-packages/airflow/example_dags/example_short_circuit_operator.py
[2023-05-21T20:10:06.984+0530] {logging_mixin.py:149} INFO - [2023-05-21T20:10:06.984+0530] {dag.py:2726} INFO - Sync 1 DAGs
[2023-05-21T20:10:07.002+0530] {logging_mixin.py:149} INFO - [2023-05-21T20:10:07.002+0530] {dag.py:3486} INFO - Setting next_dagrun for example_short_circuit_operator to 2023-05-20T14:40:07.001874+00:00, run_after=2023-05-21T14:40:07.001874+00:00
[2023-05-21T20:10:07.088+0530] {processor.py:178} INFO - Processing /home/feuer/.local/lib/python3.10/site-packages/airflow/example_dags/example_short_circuit_operator.py took 0.143 seconds
[2023-05-21T20:11:04.302+0530] {processor.py:156} INFO - Started process (PID=29539) to work on /home/feuer/.local/lib/python3.10/site-packages/airflow/example_dags/example_short_circuit_operator.py
[2023-05-21T20:11:04.303+0530] {processor.py:799} INFO - Processing file /home/feuer/.local/lib/python3.10/site-packages/airflow/example_dags/example_short_circuit_operator.py for tasks to queue
[2023-05-21T20:11:04.303+0530] {logging_mixin.py:149} INFO - [2023-05-21T20:11:04.303+0530] {dagbag.py:541} INFO - Filling up the DagBag from /home/feuer/.local/lib/python3.10/site-packages/airflow/example_dags/example_short_circuit_operator.py
[2023-05-21T20:11:04.339+0530] {processor.py:809} INFO - DAG(s) dict_keys(['example_short_circuit_operator']) retrieved from /home/feuer/.local/lib/python3.10/site-packages/airflow/example_dags/example_short_circuit_operator.py
[2023-05-21T20:11:04.389+0530] {logging_mixin.py:149} INFO - [2023-05-21T20:11:04.389+0530] {dag.py:2726} INFO - Sync 1 DAGs
[2023-05-21T20:11:04.408+0530] {logging_mixin.py:149} INFO - [2023-05-21T20:11:04.408+0530] {dag.py:3486} INFO - Setting next_dagrun for example_short_circuit_operator to 2023-05-20T14:41:04.407983+00:00, run_after=2023-05-21T14:41:04.407983+00:00
[2023-05-21T20:11:04.502+0530] {processor.py:178} INFO - Processing /home/feuer/.local/lib/python3.10/site-packages/airflow/example_dags/example_short_circuit_operator.py took 0.204 seconds
[2023-05-21T20:12:03.915+0530] {processor.py:156} INFO - Started process (PID=29726) to work on /home/feuer/.local/lib/python3.10/site-packages/airflow/example_dags/example_short_circuit_operator.py
[2023-05-21T20:12:03.936+0530] {processor.py:799} INFO - Processing file /home/feuer/.local/lib/python3.10/site-packages/airflow/example_dags/example_short_circuit_operator.py for tasks to queue
[2023-05-21T20:12:03.937+0530] {logging_mixin.py:149} INFO - [2023-05-21T20:12:03.937+0530] {dagbag.py:541} INFO - Filling up the DagBag from /home/feuer/.local/lib/python3.10/site-packages/airflow/example_dags/example_short_circuit_operator.py
[2023-05-21T20:12:03.944+0530] {processor.py:809} INFO - DAG(s) dict_keys(['example_short_circuit_operator']) retrieved from /home/feuer/.local/lib/python3.10/site-packages/airflow/example_dags/example_short_circuit_operator.py
[2023-05-21T20:12:03.964+0530] {logging_mixin.py:149} INFO - [2023-05-21T20:12:03.964+0530] {dag.py:2726} INFO - Sync 1 DAGs
[2023-05-21T20:12:03.975+0530] {logging_mixin.py:149} INFO - [2023-05-21T20:12:03.975+0530] {dag.py:3486} INFO - Setting next_dagrun for example_short_circuit_operator to 2023-05-20T14:42:03.975031+00:00, run_after=2023-05-21T14:42:03.975031+00:00
[2023-05-21T20:12:04.178+0530] {processor.py:178} INFO - Processing /home/feuer/.local/lib/python3.10/site-packages/airflow/example_dags/example_short_circuit_operator.py took 0.266 seconds
[2023-05-21T16:58:15.999+0530] {processor.py:156} INFO - Started process (PID=55867) to work on /home/feuer/.local/lib/python3.10/site-packages/airflow/example_dags/example_short_circuit_operator.py
[2023-05-21T16:58:16.040+0530] {processor.py:799} INFO - Processing file /home/feuer/.local/lib/python3.10/site-packages/airflow/example_dags/example_short_circuit_operator.py for tasks to queue
[2023-05-21T16:58:16.041+0530] {logging_mixin.py:149} INFO - [2023-05-21T16:58:16.041+0530] {dagbag.py:541} INFO - Filling up the DagBag from /home/feuer/.local/lib/python3.10/site-packages/airflow/example_dags/example_short_circuit_operator.py
[2023-05-21T16:58:16.083+0530] {processor.py:809} INFO - DAG(s) dict_keys(['example_short_circuit_operator']) retrieved from /home/feuer/.local/lib/python3.10/site-packages/airflow/example_dags/example_short_circuit_operator.py
[2023-05-21T16:58:16.109+0530] {logging_mixin.py:149} INFO - [2023-05-21T16:58:16.109+0530] {dag.py:2726} INFO - Sync 1 DAGs
[2023-05-21T16:58:16.130+0530] {logging_mixin.py:149} INFO - [2023-05-21T16:58:16.130+0530] {dag.py:3486} INFO - Setting next_dagrun for example_short_circuit_operator to 2023-05-20T11:28:16.129732+00:00, run_after=2023-05-21T11:28:16.129732+00:00
[2023-05-21T16:58:16.556+0530] {processor.py:178} INFO - Processing /home/feuer/.local/lib/python3.10/site-packages/airflow/example_dags/example_short_circuit_operator.py took 0.560 seconds
[2023-05-21T16:59:39.594+0530] {processor.py:156} INFO - Started process (PID=56027) to work on /home/feuer/.local/lib/python3.10/site-packages/airflow/example_dags/example_short_circuit_operator.py
[2023-05-21T16:59:39.691+0530] {processor.py:799} INFO - Processing file /home/feuer/.local/lib/python3.10/site-packages/airflow/example_dags/example_short_circuit_operator.py for tasks to queue
[2023-05-21T16:59:39.691+0530] {logging_mixin.py:149} INFO - [2023-05-21T16:59:39.691+0530] {dagbag.py:541} INFO - Filling up the DagBag from /home/feuer/.local/lib/python3.10/site-packages/airflow/example_dags/example_short_circuit_operator.py
[2023-05-21T16:59:39.697+0530] {processor.py:809} INFO - DAG(s) dict_keys(['example_short_circuit_operator']) retrieved from /home/feuer/.local/lib/python3.10/site-packages/airflow/example_dags/example_short_circuit_operator.py
[2023-05-21T16:59:39.712+0530] {logging_mixin.py:149} INFO - [2023-05-21T16:59:39.712+0530] {dag.py:2726} INFO - Sync 1 DAGs
[2023-05-21T16:59:39.728+0530] {logging_mixin.py:149} INFO - [2023-05-21T16:59:39.728+0530] {dag.py:3486} INFO - Setting next_dagrun for example_short_circuit_operator to 2023-05-20T11:29:39.727920+00:00, run_after=2023-05-21T11:29:39.727920+00:00
[2023-05-21T16:59:40.057+0530] {processor.py:178} INFO - Processing /home/feuer/.local/lib/python3.10/site-packages/airflow/example_dags/example_short_circuit_operator.py took 0.464 seconds
[2023-05-21T17:00:53.943+0530] {processor.py:156} INFO - Started process (PID=56263) to work on /home/feuer/.local/lib/python3.10/site-packages/airflow/example_dags/example_short_circuit_operator.py
[2023-05-21T17:00:53.966+0530] {processor.py:799} INFO - Processing file /home/feuer/.local/lib/python3.10/site-packages/airflow/example_dags/example_short_circuit_operator.py for tasks to queue
[2023-05-21T17:00:53.967+0530] {logging_mixin.py:149} INFO - [2023-05-21T17:00:53.967+0530] {dagbag.py:541} INFO - Filling up the DagBag from /home/feuer/.local/lib/python3.10/site-packages/airflow/example_dags/example_short_circuit_operator.py
[2023-05-21T17:00:53.972+0530] {processor.py:809} INFO - DAG(s) dict_keys(['example_short_circuit_operator']) retrieved from /home/feuer/.local/lib/python3.10/site-packages/airflow/example_dags/example_short_circuit_operator.py
[2023-05-21T17:00:53.991+0530] {logging_mixin.py:149} INFO - [2023-05-21T17:00:53.991+0530] {dag.py:2726} INFO - Sync 1 DAGs
[2023-05-21T17:00:54.006+0530] {logging_mixin.py:149} INFO - [2023-05-21T17:00:54.006+0530] {dag.py:3486} INFO - Setting next_dagrun for example_short_circuit_operator to 2023-05-20T11:30:54.006263+00:00, run_after=2023-05-21T11:30:54.006263+00:00
[2023-05-21T17:00:54.534+0530] {processor.py:178} INFO - Processing /home/feuer/.local/lib/python3.10/site-packages/airflow/example_dags/example_short_circuit_operator.py took 0.593 seconds
[2023-05-21T17:02:29.944+0530] {processor.py:156} INFO - Started process (PID=56523) to work on /home/feuer/.local/lib/python3.10/site-packages/airflow/example_dags/example_short_circuit_operator.py
[2023-05-21T17:02:29.959+0530] {processor.py:799} INFO - Processing file /home/feuer/.local/lib/python3.10/site-packages/airflow/example_dags/example_short_circuit_operator.py for tasks to queue
[2023-05-21T17:02:29.960+0530] {logging_mixin.py:149} INFO - [2023-05-21T17:02:29.960+0530] {dagbag.py:541} INFO - Filling up the DagBag from /home/feuer/.local/lib/python3.10/site-packages/airflow/example_dags/example_short_circuit_operator.py
[2023-05-21T17:02:29.964+0530] {processor.py:809} INFO - DAG(s) dict_keys(['example_short_circuit_operator']) retrieved from /home/feuer/.local/lib/python3.10/site-packages/airflow/example_dags/example_short_circuit_operator.py
[2023-05-21T17:02:29.982+0530] {logging_mixin.py:149} INFO - [2023-05-21T17:02:29.982+0530] {dag.py:2726} INFO - Sync 1 DAGs
[2023-05-21T17:02:29.995+0530] {logging_mixin.py:149} INFO - [2023-05-21T17:02:29.995+0530] {dag.py:3486} INFO - Setting next_dagrun for example_short_circuit_operator to 2023-05-20T11:32:29.995503+00:00, run_after=2023-05-21T11:32:29.995503+00:00
[2023-05-21T17:02:30.116+0530] {processor.py:178} INFO - Processing /home/feuer/.local/lib/python3.10/site-packages/airflow/example_dags/example_short_circuit_operator.py took 0.174 seconds
[2023-05-21T17:03:24.672+0530] {processor.py:156} INFO - Started process (PID=56673) to work on /home/feuer/.local/lib/python3.10/site-packages/airflow/example_dags/example_short_circuit_operator.py
[2023-05-21T17:03:24.679+0530] {processor.py:799} INFO - Processing file /home/feuer/.local/lib/python3.10/site-packages/airflow/example_dags/example_short_circuit_operator.py for tasks to queue
[2023-05-21T17:03:24.680+0530] {logging_mixin.py:149} INFO - [2023-05-21T17:03:24.680+0530] {dagbag.py:541} INFO - Filling up the DagBag from /home/feuer/.local/lib/python3.10/site-packages/airflow/example_dags/example_short_circuit_operator.py
[2023-05-21T17:03:24.684+0530] {processor.py:809} INFO - DAG(s) dict_keys(['example_short_circuit_operator']) retrieved from /home/feuer/.local/lib/python3.10/site-packages/airflow/example_dags/example_short_circuit_operator.py
[2023-05-21T17:03:24.697+0530] {logging_mixin.py:149} INFO - [2023-05-21T17:03:24.697+0530] {dag.py:2726} INFO - Sync 1 DAGs
[2023-05-21T17:03:24.708+0530] {logging_mixin.py:149} INFO - [2023-05-21T17:03:24.708+0530] {dag.py:3486} INFO - Setting next_dagrun for example_short_circuit_operator to 2023-05-20T11:33:24.708172+00:00, run_after=2023-05-21T11:33:24.708172+00:00
[2023-05-21T17:03:24.782+0530] {processor.py:178} INFO - Processing /home/feuer/.local/lib/python3.10/site-packages/airflow/example_dags/example_short_circuit_operator.py took 0.112 seconds
[2023-05-21T17:04:12.555+0530] {processor.py:156} INFO - Started process (PID=56801) to work on /home/feuer/.local/lib/python3.10/site-packages/airflow/example_dags/example_short_circuit_operator.py
[2023-05-21T17:04:12.556+0530] {processor.py:799} INFO - Processing file /home/feuer/.local/lib/python3.10/site-packages/airflow/example_dags/example_short_circuit_operator.py for tasks to queue
[2023-05-21T17:04:12.556+0530] {logging_mixin.py:149} INFO - [2023-05-21T17:04:12.556+0530] {dagbag.py:541} INFO - Filling up the DagBag from /home/feuer/.local/lib/python3.10/site-packages/airflow/example_dags/example_short_circuit_operator.py
[2023-05-21T17:04:12.562+0530] {processor.py:809} INFO - DAG(s) dict_keys(['example_short_circuit_operator']) retrieved from /home/feuer/.local/lib/python3.10/site-packages/airflow/example_dags/example_short_circuit_operator.py
[2023-05-21T17:04:12.577+0530] {logging_mixin.py:149} INFO - [2023-05-21T17:04:12.577+0530] {dag.py:2726} INFO - Sync 1 DAGs
[2023-05-21T17:04:12.588+0530] {logging_mixin.py:149} INFO - [2023-05-21T17:04:12.588+0530] {dag.py:3486} INFO - Setting next_dagrun for example_short_circuit_operator to 2023-05-20T11:34:12.587897+00:00, run_after=2023-05-21T11:34:12.587897+00:00
[2023-05-21T17:04:12.668+0530] {processor.py:178} INFO - Processing /home/feuer/.local/lib/python3.10/site-packages/airflow/example_dags/example_short_circuit_operator.py took 0.116 seconds
[2023-05-21T17:04:58.786+0530] {processor.py:156} INFO - Started process (PID=56915) to work on /home/feuer/.local/lib/python3.10/site-packages/airflow/example_dags/example_short_circuit_operator.py
[2023-05-21T17:04:58.786+0530] {processor.py:799} INFO - Processing file /home/feuer/.local/lib/python3.10/site-packages/airflow/example_dags/example_short_circuit_operator.py for tasks to queue
[2023-05-21T17:04:58.787+0530] {logging_mixin.py:149} INFO - [2023-05-21T17:04:58.787+0530] {dagbag.py:541} INFO - Filling up the DagBag from /home/feuer/.local/lib/python3.10/site-packages/airflow/example_dags/example_short_circuit_operator.py
[2023-05-21T17:04:58.791+0530] {processor.py:809} INFO - DAG(s) dict_keys(['example_short_circuit_operator']) retrieved from /home/feuer/.local/lib/python3.10/site-packages/airflow/example_dags/example_short_circuit_operator.py
[2023-05-21T17:04:58.805+0530] {logging_mixin.py:149} INFO - [2023-05-21T17:04:58.805+0530] {dag.py:2726} INFO - Sync 1 DAGs
[2023-05-21T17:04:58.815+0530] {logging_mixin.py:149} INFO - [2023-05-21T17:04:58.815+0530] {dag.py:3486} INFO - Setting next_dagrun for example_short_circuit_operator to 2023-05-20T11:34:58.815428+00:00, run_after=2023-05-21T11:34:58.815428+00:00
[2023-05-21T17:04:58.890+0530] {processor.py:178} INFO - Processing /home/feuer/.local/lib/python3.10/site-packages/airflow/example_dags/example_short_circuit_operator.py took 0.106 seconds
[2023-05-21T17:05:43.466+0530] {processor.py:156} INFO - Started process (PID=57019) to work on /home/feuer/.local/lib/python3.10/site-packages/airflow/example_dags/example_short_circuit_operator.py
[2023-05-21T17:05:43.466+0530] {processor.py:799} INFO - Processing file /home/feuer/.local/lib/python3.10/site-packages/airflow/example_dags/example_short_circuit_operator.py for tasks to queue
[2023-05-21T17:05:43.467+0530] {logging_mixin.py:149} INFO - [2023-05-21T17:05:43.467+0530] {dagbag.py:541} INFO - Filling up the DagBag from /home/feuer/.local/lib/python3.10/site-packages/airflow/example_dags/example_short_circuit_operator.py
[2023-05-21T17:05:43.475+0530] {processor.py:809} INFO - DAG(s) dict_keys(['example_short_circuit_operator']) retrieved from /home/feuer/.local/lib/python3.10/site-packages/airflow/example_dags/example_short_circuit_operator.py
[2023-05-21T17:05:43.496+0530] {logging_mixin.py:149} INFO - [2023-05-21T17:05:43.495+0530] {dag.py:2726} INFO - Sync 1 DAGs
[2023-05-21T17:05:43.506+0530] {logging_mixin.py:149} INFO - [2023-05-21T17:05:43.506+0530] {dag.py:3486} INFO - Setting next_dagrun for example_short_circuit_operator to 2023-05-20T11:35:43.506550+00:00, run_after=2023-05-21T11:35:43.506550+00:00
[2023-05-21T17:05:43.596+0530] {processor.py:178} INFO - Processing /home/feuer/.local/lib/python3.10/site-packages/airflow/example_dags/example_short_circuit_operator.py took 0.133 seconds
[2023-05-21T17:06:29.919+0530] {processor.py:156} INFO - Started process (PID=57124) to work on /home/feuer/.local/lib/python3.10/site-packages/airflow/example_dags/example_short_circuit_operator.py
[2023-05-21T17:06:29.919+0530] {processor.py:799} INFO - Processing file /home/feuer/.local/lib/python3.10/site-packages/airflow/example_dags/example_short_circuit_operator.py for tasks to queue
[2023-05-21T17:06:29.920+0530] {logging_mixin.py:149} INFO - [2023-05-21T17:06:29.920+0530] {dagbag.py:541} INFO - Filling up the DagBag from /home/feuer/.local/lib/python3.10/site-packages/airflow/example_dags/example_short_circuit_operator.py
[2023-05-21T17:06:29.924+0530] {processor.py:809} INFO - DAG(s) dict_keys(['example_short_circuit_operator']) retrieved from /home/feuer/.local/lib/python3.10/site-packages/airflow/example_dags/example_short_circuit_operator.py
[2023-05-21T17:06:29.938+0530] {logging_mixin.py:149} INFO - [2023-05-21T17:06:29.938+0530] {dag.py:2726} INFO - Sync 1 DAGs
[2023-05-21T17:06:29.949+0530] {logging_mixin.py:149} INFO - [2023-05-21T17:06:29.948+0530] {dag.py:3486} INFO - Setting next_dagrun for example_short_circuit_operator to 2023-05-20T11:36:29.948777+00:00, run_after=2023-05-21T11:36:29.948777+00:00
[2023-05-21T17:06:30.030+0530] {processor.py:178} INFO - Processing /home/feuer/.local/lib/python3.10/site-packages/airflow/example_dags/example_short_circuit_operator.py took 0.114 seconds
[2023-05-21T17:07:14.045+0530] {processor.py:156} INFO - Started process (PID=57232) to work on /home/feuer/.local/lib/python3.10/site-packages/airflow/example_dags/example_short_circuit_operator.py
[2023-05-21T17:07:14.054+0530] {processor.py:799} INFO - Processing file /home/feuer/.local/lib/python3.10/site-packages/airflow/example_dags/example_short_circuit_operator.py for tasks to queue
[2023-05-21T17:07:14.055+0530] {logging_mixin.py:149} INFO - [2023-05-21T17:07:14.055+0530] {dagbag.py:541} INFO - Filling up the DagBag from /home/feuer/.local/lib/python3.10/site-packages/airflow/example_dags/example_short_circuit_operator.py
[2023-05-21T17:07:14.059+0530] {processor.py:809} INFO - DAG(s) dict_keys(['example_short_circuit_operator']) retrieved from /home/feuer/.local/lib/python3.10/site-packages/airflow/example_dags/example_short_circuit_operator.py
[2023-05-21T17:07:14.074+0530] {logging_mixin.py:149} INFO - [2023-05-21T17:07:14.073+0530] {dag.py:2726} INFO - Sync 1 DAGs
[2023-05-21T17:07:14.084+0530] {logging_mixin.py:149} INFO - [2023-05-21T17:07:14.084+0530] {dag.py:3486} INFO - Setting next_dagrun for example_short_circuit_operator to 2023-05-20T11:37:14.084328+00:00, run_after=2023-05-21T11:37:14.084328+00:00
[2023-05-21T17:07:14.163+0530] {processor.py:178} INFO - Processing /home/feuer/.local/lib/python3.10/site-packages/airflow/example_dags/example_short_circuit_operator.py took 0.119 seconds
[2023-05-21T17:07:57.126+0530] {processor.py:156} INFO - Started process (PID=57347) to work on /home/feuer/.local/lib/python3.10/site-packages/airflow/example_dags/example_short_circuit_operator.py
[2023-05-21T17:07:57.127+0530] {processor.py:799} INFO - Processing file /home/feuer/.local/lib/python3.10/site-packages/airflow/example_dags/example_short_circuit_operator.py for tasks to queue
[2023-05-21T17:07:57.127+0530] {logging_mixin.py:149} INFO - [2023-05-21T17:07:57.127+0530] {dagbag.py:541} INFO - Filling up the DagBag from /home/feuer/.local/lib/python3.10/site-packages/airflow/example_dags/example_short_circuit_operator.py
[2023-05-21T17:07:57.132+0530] {processor.py:809} INFO - DAG(s) dict_keys(['example_short_circuit_operator']) retrieved from /home/feuer/.local/lib/python3.10/site-packages/airflow/example_dags/example_short_circuit_operator.py
[2023-05-21T17:07:57.146+0530] {logging_mixin.py:149} INFO - [2023-05-21T17:07:57.145+0530] {dag.py:2726} INFO - Sync 1 DAGs
[2023-05-21T17:07:57.157+0530] {logging_mixin.py:149} INFO - [2023-05-21T17:07:57.156+0530] {dag.py:3486} INFO - Setting next_dagrun for example_short_circuit_operator to 2023-05-20T11:37:57.156783+00:00, run_after=2023-05-21T11:37:57.156783+00:00
[2023-05-21T17:07:57.291+0530] {processor.py:178} INFO - Processing /home/feuer/.local/lib/python3.10/site-packages/airflow/example_dags/example_short_circuit_operator.py took 0.167 seconds
[2023-05-21T17:08:42.590+0530] {processor.py:156} INFO - Started process (PID=57451) to work on /home/feuer/.local/lib/python3.10/site-packages/airflow/example_dags/example_short_circuit_operator.py
[2023-05-21T17:08:42.606+0530] {processor.py:799} INFO - Processing file /home/feuer/.local/lib/python3.10/site-packages/airflow/example_dags/example_short_circuit_operator.py for tasks to queue
[2023-05-21T17:08:42.606+0530] {logging_mixin.py:149} INFO - [2023-05-21T17:08:42.606+0530] {dagbag.py:541} INFO - Filling up the DagBag from /home/feuer/.local/lib/python3.10/site-packages/airflow/example_dags/example_short_circuit_operator.py
[2023-05-21T17:08:42.611+0530] {processor.py:809} INFO - DAG(s) dict_keys(['example_short_circuit_operator']) retrieved from /home/feuer/.local/lib/python3.10/site-packages/airflow/example_dags/example_short_circuit_operator.py
[2023-05-21T17:08:42.624+0530] {logging_mixin.py:149} INFO - [2023-05-21T17:08:42.624+0530] {dag.py:2726} INFO - Sync 1 DAGs
[2023-05-21T17:08:42.635+0530] {logging_mixin.py:149} INFO - [2023-05-21T17:08:42.635+0530] {dag.py:3486} INFO - Setting next_dagrun for example_short_circuit_operator to 2023-05-20T11:38:42.635327+00:00, run_after=2023-05-21T11:38:42.635327+00:00
[2023-05-21T17:08:42.712+0530] {processor.py:178} INFO - Processing /home/feuer/.local/lib/python3.10/site-packages/airflow/example_dags/example_short_circuit_operator.py took 0.125 seconds
[2023-05-21T17:09:28.296+0530] {processor.py:156} INFO - Started process (PID=57596) to work on /home/feuer/.local/lib/python3.10/site-packages/airflow/example_dags/example_short_circuit_operator.py
[2023-05-21T17:09:28.311+0530] {processor.py:799} INFO - Processing file /home/feuer/.local/lib/python3.10/site-packages/airflow/example_dags/example_short_circuit_operator.py for tasks to queue
[2023-05-21T17:09:28.311+0530] {logging_mixin.py:149} INFO - [2023-05-21T17:09:28.311+0530] {dagbag.py:541} INFO - Filling up the DagBag from /home/feuer/.local/lib/python3.10/site-packages/airflow/example_dags/example_short_circuit_operator.py
[2023-05-21T17:09:28.315+0530] {processor.py:809} INFO - DAG(s) dict_keys(['example_short_circuit_operator']) retrieved from /home/feuer/.local/lib/python3.10/site-packages/airflow/example_dags/example_short_circuit_operator.py
[2023-05-21T17:09:28.330+0530] {logging_mixin.py:149} INFO - [2023-05-21T17:09:28.329+0530] {dag.py:2726} INFO - Sync 1 DAGs
[2023-05-21T17:09:28.340+0530] {logging_mixin.py:149} INFO - [2023-05-21T17:09:28.340+0530] {dag.py:3486} INFO - Setting next_dagrun for example_short_circuit_operator to 2023-05-20T11:39:28.340540+00:00, run_after=2023-05-21T11:39:28.340540+00:00
[2023-05-21T17:09:28.419+0530] {processor.py:178} INFO - Processing /home/feuer/.local/lib/python3.10/site-packages/airflow/example_dags/example_short_circuit_operator.py took 0.125 seconds
[2023-05-21T17:10:13.955+0530] {processor.py:156} INFO - Started process (PID=57708) to work on /home/feuer/.local/lib/python3.10/site-packages/airflow/example_dags/example_short_circuit_operator.py
[2023-05-21T17:10:13.956+0530] {processor.py:799} INFO - Processing file /home/feuer/.local/lib/python3.10/site-packages/airflow/example_dags/example_short_circuit_operator.py for tasks to queue
[2023-05-21T17:10:13.957+0530] {logging_mixin.py:149} INFO - [2023-05-21T17:10:13.956+0530] {dagbag.py:541} INFO - Filling up the DagBag from /home/feuer/.local/lib/python3.10/site-packages/airflow/example_dags/example_short_circuit_operator.py
[2023-05-21T17:10:13.964+0530] {processor.py:809} INFO - DAG(s) dict_keys(['example_short_circuit_operator']) retrieved from /home/feuer/.local/lib/python3.10/site-packages/airflow/example_dags/example_short_circuit_operator.py
[2023-05-21T17:10:13.988+0530] {logging_mixin.py:149} INFO - [2023-05-21T17:10:13.987+0530] {dag.py:2726} INFO - Sync 1 DAGs
[2023-05-21T17:10:14.003+0530] {logging_mixin.py:149} INFO - [2023-05-21T17:10:14.003+0530] {dag.py:3486} INFO - Setting next_dagrun for example_short_circuit_operator to 2023-05-20T11:40:14.002860+00:00, run_after=2023-05-21T11:40:14.002860+00:00
[2023-05-21T17:10:14.087+0530] {processor.py:178} INFO - Processing /home/feuer/.local/lib/python3.10/site-packages/airflow/example_dags/example_short_circuit_operator.py took 0.135 seconds
[2023-05-21T17:11:00.726+0530] {processor.py:156} INFO - Started process (PID=57813) to work on /home/feuer/.local/lib/python3.10/site-packages/airflow/example_dags/example_short_circuit_operator.py
[2023-05-21T17:11:00.727+0530] {processor.py:799} INFO - Processing file /home/feuer/.local/lib/python3.10/site-packages/airflow/example_dags/example_short_circuit_operator.py for tasks to queue
[2023-05-21T17:11:00.727+0530] {logging_mixin.py:149} INFO - [2023-05-21T17:11:00.727+0530] {dagbag.py:541} INFO - Filling up the DagBag from /home/feuer/.local/lib/python3.10/site-packages/airflow/example_dags/example_short_circuit_operator.py
[2023-05-21T17:11:00.733+0530] {processor.py:809} INFO - DAG(s) dict_keys(['example_short_circuit_operator']) retrieved from /home/feuer/.local/lib/python3.10/site-packages/airflow/example_dags/example_short_circuit_operator.py
[2023-05-21T17:11:00.746+0530] {logging_mixin.py:149} INFO - [2023-05-21T17:11:00.746+0530] {dag.py:2726} INFO - Sync 1 DAGs
[2023-05-21T17:11:00.757+0530] {logging_mixin.py:149} INFO - [2023-05-21T17:11:00.756+0530] {dag.py:3486} INFO - Setting next_dagrun for example_short_circuit_operator to 2023-05-20T11:41:00.756812+00:00, run_after=2023-05-21T11:41:00.756812+00:00
[2023-05-21T17:11:00.836+0530] {processor.py:178} INFO - Processing /home/feuer/.local/lib/python3.10/site-packages/airflow/example_dags/example_short_circuit_operator.py took 0.112 seconds
[2023-05-21T17:11:47.681+0530] {processor.py:156} INFO - Started process (PID=57934) to work on /home/feuer/.local/lib/python3.10/site-packages/airflow/example_dags/example_short_circuit_operator.py
[2023-05-21T17:11:47.682+0530] {processor.py:799} INFO - Processing file /home/feuer/.local/lib/python3.10/site-packages/airflow/example_dags/example_short_circuit_operator.py for tasks to queue
[2023-05-21T17:11:47.682+0530] {logging_mixin.py:149} INFO - [2023-05-21T17:11:47.682+0530] {dagbag.py:541} INFO - Filling up the DagBag from /home/feuer/.local/lib/python3.10/site-packages/airflow/example_dags/example_short_circuit_operator.py
[2023-05-21T17:11:47.687+0530] {processor.py:809} INFO - DAG(s) dict_keys(['example_short_circuit_operator']) retrieved from /home/feuer/.local/lib/python3.10/site-packages/airflow/example_dags/example_short_circuit_operator.py
[2023-05-21T17:11:47.703+0530] {logging_mixin.py:149} INFO - [2023-05-21T17:11:47.703+0530] {dag.py:2726} INFO - Sync 1 DAGs
[2023-05-21T17:11:47.717+0530] {logging_mixin.py:149} INFO - [2023-05-21T17:11:47.717+0530] {dag.py:3486} INFO - Setting next_dagrun for example_short_circuit_operator to 2023-05-20T11:41:47.716906+00:00, run_after=2023-05-21T11:41:47.716906+00:00
[2023-05-21T17:11:47.790+0530] {processor.py:178} INFO - Processing /home/feuer/.local/lib/python3.10/site-packages/airflow/example_dags/example_short_circuit_operator.py took 0.111 seconds
[2023-05-21T17:12:33.275+0530] {processor.py:156} INFO - Started process (PID=58044) to work on /home/feuer/.local/lib/python3.10/site-packages/airflow/example_dags/example_short_circuit_operator.py
[2023-05-21T17:12:33.276+0530] {processor.py:799} INFO - Processing file /home/feuer/.local/lib/python3.10/site-packages/airflow/example_dags/example_short_circuit_operator.py for tasks to queue
[2023-05-21T17:12:33.277+0530] {logging_mixin.py:149} INFO - [2023-05-21T17:12:33.277+0530] {dagbag.py:541} INFO - Filling up the DagBag from /home/feuer/.local/lib/python3.10/site-packages/airflow/example_dags/example_short_circuit_operator.py
[2023-05-21T17:12:33.282+0530] {processor.py:809} INFO - DAG(s) dict_keys(['example_short_circuit_operator']) retrieved from /home/feuer/.local/lib/python3.10/site-packages/airflow/example_dags/example_short_circuit_operator.py
[2023-05-21T17:12:33.297+0530] {logging_mixin.py:149} INFO - [2023-05-21T17:12:33.297+0530] {dag.py:2726} INFO - Sync 1 DAGs
[2023-05-21T17:12:33.308+0530] {logging_mixin.py:149} INFO - [2023-05-21T17:12:33.308+0530] {dag.py:3486} INFO - Setting next_dagrun for example_short_circuit_operator to 2023-05-20T11:42:33.308131+00:00, run_after=2023-05-21T11:42:33.308131+00:00
[2023-05-21T17:12:33.389+0530] {processor.py:178} INFO - Processing /home/feuer/.local/lib/python3.10/site-packages/airflow/example_dags/example_short_circuit_operator.py took 0.117 seconds
[2023-05-21T17:13:17.888+0530] {processor.py:156} INFO - Started process (PID=58158) to work on /home/feuer/.local/lib/python3.10/site-packages/airflow/example_dags/example_short_circuit_operator.py
[2023-05-21T17:13:17.889+0530] {processor.py:799} INFO - Processing file /home/feuer/.local/lib/python3.10/site-packages/airflow/example_dags/example_short_circuit_operator.py for tasks to queue
[2023-05-21T17:13:17.890+0530] {logging_mixin.py:149} INFO - [2023-05-21T17:13:17.890+0530] {dagbag.py:541} INFO - Filling up the DagBag from /home/feuer/.local/lib/python3.10/site-packages/airflow/example_dags/example_short_circuit_operator.py
[2023-05-21T17:13:17.896+0530] {processor.py:809} INFO - DAG(s) dict_keys(['example_short_circuit_operator']) retrieved from /home/feuer/.local/lib/python3.10/site-packages/airflow/example_dags/example_short_circuit_operator.py
[2023-05-21T17:13:17.912+0530] {logging_mixin.py:149} INFO - [2023-05-21T17:13:17.912+0530] {dag.py:2726} INFO - Sync 1 DAGs
[2023-05-21T17:13:17.923+0530] {logging_mixin.py:149} INFO - [2023-05-21T17:13:17.923+0530] {dag.py:3486} INFO - Setting next_dagrun for example_short_circuit_operator to 2023-05-20T11:43:17.923081+00:00, run_after=2023-05-21T11:43:17.923081+00:00
[2023-05-21T17:13:18.002+0530] {processor.py:178} INFO - Processing /home/feuer/.local/lib/python3.10/site-packages/airflow/example_dags/example_short_circuit_operator.py took 0.116 seconds
[2023-05-21T17:14:01.235+0530] {processor.py:156} INFO - Started process (PID=58265) to work on /home/feuer/.local/lib/python3.10/site-packages/airflow/example_dags/example_short_circuit_operator.py
[2023-05-21T17:14:01.235+0530] {processor.py:799} INFO - Processing file /home/feuer/.local/lib/python3.10/site-packages/airflow/example_dags/example_short_circuit_operator.py for tasks to queue
[2023-05-21T17:14:01.236+0530] {logging_mixin.py:149} INFO - [2023-05-21T17:14:01.236+0530] {dagbag.py:541} INFO - Filling up the DagBag from /home/feuer/.local/lib/python3.10/site-packages/airflow/example_dags/example_short_circuit_operator.py
[2023-05-21T17:14:01.240+0530] {processor.py:809} INFO - DAG(s) dict_keys(['example_short_circuit_operator']) retrieved from /home/feuer/.local/lib/python3.10/site-packages/airflow/example_dags/example_short_circuit_operator.py
[2023-05-21T17:14:01.255+0530] {logging_mixin.py:149} INFO - [2023-05-21T17:14:01.254+0530] {dag.py:2726} INFO - Sync 1 DAGs
[2023-05-21T17:14:01.265+0530] {logging_mixin.py:149} INFO - [2023-05-21T17:14:01.265+0530] {dag.py:3486} INFO - Setting next_dagrun for example_short_circuit_operator to 2023-05-20T11:44:01.265417+00:00, run_after=2023-05-21T11:44:01.265417+00:00
[2023-05-21T17:14:01.343+0530] {processor.py:178} INFO - Processing /home/feuer/.local/lib/python3.10/site-packages/airflow/example_dags/example_short_circuit_operator.py took 0.110 seconds
[2023-05-21T17:14:47.251+0530] {processor.py:156} INFO - Started process (PID=58379) to work on /home/feuer/.local/lib/python3.10/site-packages/airflow/example_dags/example_short_circuit_operator.py
[2023-05-21T17:14:47.252+0530] {processor.py:799} INFO - Processing file /home/feuer/.local/lib/python3.10/site-packages/airflow/example_dags/example_short_circuit_operator.py for tasks to queue
[2023-05-21T17:14:47.253+0530] {logging_mixin.py:149} INFO - [2023-05-21T17:14:47.253+0530] {dagbag.py:541} INFO - Filling up the DagBag from /home/feuer/.local/lib/python3.10/site-packages/airflow/example_dags/example_short_circuit_operator.py
[2023-05-21T17:14:47.258+0530] {processor.py:809} INFO - DAG(s) dict_keys(['example_short_circuit_operator']) retrieved from /home/feuer/.local/lib/python3.10/site-packages/airflow/example_dags/example_short_circuit_operator.py
[2023-05-21T17:14:47.272+0530] {logging_mixin.py:149} INFO - [2023-05-21T17:14:47.272+0530] {dag.py:2726} INFO - Sync 1 DAGs
[2023-05-21T17:14:47.283+0530] {logging_mixin.py:149} INFO - [2023-05-21T17:14:47.283+0530] {dag.py:3486} INFO - Setting next_dagrun for example_short_circuit_operator to 2023-05-20T11:44:47.283292+00:00, run_after=2023-05-21T11:44:47.283292+00:00
[2023-05-21T17:14:47.364+0530] {processor.py:178} INFO - Processing /home/feuer/.local/lib/python3.10/site-packages/airflow/example_dags/example_short_circuit_operator.py took 0.116 seconds
[2023-05-21T17:15:36.965+0530] {processor.py:156} INFO - Started process (PID=58504) to work on /home/feuer/.local/lib/python3.10/site-packages/airflow/example_dags/example_short_circuit_operator.py
[2023-05-21T17:15:36.966+0530] {processor.py:799} INFO - Processing file /home/feuer/.local/lib/python3.10/site-packages/airflow/example_dags/example_short_circuit_operator.py for tasks to queue
[2023-05-21T17:15:36.967+0530] {logging_mixin.py:149} INFO - [2023-05-21T17:15:36.967+0530] {dagbag.py:541} INFO - Filling up the DagBag from /home/feuer/.local/lib/python3.10/site-packages/airflow/example_dags/example_short_circuit_operator.py
[2023-05-21T17:15:36.974+0530] {processor.py:809} INFO - DAG(s) dict_keys(['example_short_circuit_operator']) retrieved from /home/feuer/.local/lib/python3.10/site-packages/airflow/example_dags/example_short_circuit_operator.py
[2023-05-21T17:15:36.997+0530] {logging_mixin.py:149} INFO - [2023-05-21T17:15:36.997+0530] {dag.py:2726} INFO - Sync 1 DAGs
[2023-05-21T17:15:37.012+0530] {logging_mixin.py:149} INFO - [2023-05-21T17:15:37.012+0530] {dag.py:3486} INFO - Setting next_dagrun for example_short_circuit_operator to 2023-05-20T11:45:37.012380+00:00, run_after=2023-05-21T11:45:37.012380+00:00
[2023-05-21T17:15:37.102+0530] {processor.py:178} INFO - Processing /home/feuer/.local/lib/python3.10/site-packages/airflow/example_dags/example_short_circuit_operator.py took 0.139 seconds
[2023-05-21T17:16:24.630+0530] {processor.py:156} INFO - Started process (PID=58613) to work on /home/feuer/.local/lib/python3.10/site-packages/airflow/example_dags/example_short_circuit_operator.py
[2023-05-21T17:16:24.631+0530] {processor.py:799} INFO - Processing file /home/feuer/.local/lib/python3.10/site-packages/airflow/example_dags/example_short_circuit_operator.py for tasks to queue
[2023-05-21T17:16:24.631+0530] {logging_mixin.py:149} INFO - [2023-05-21T17:16:24.631+0530] {dagbag.py:541} INFO - Filling up the DagBag from /home/feuer/.local/lib/python3.10/site-packages/airflow/example_dags/example_short_circuit_operator.py
[2023-05-21T17:16:24.638+0530] {processor.py:809} INFO - DAG(s) dict_keys(['example_short_circuit_operator']) retrieved from /home/feuer/.local/lib/python3.10/site-packages/airflow/example_dags/example_short_circuit_operator.py
[2023-05-21T17:16:24.661+0530] {logging_mixin.py:149} INFO - [2023-05-21T17:16:24.661+0530] {dag.py:2726} INFO - Sync 1 DAGs
[2023-05-21T17:16:24.678+0530] {logging_mixin.py:149} INFO - [2023-05-21T17:16:24.677+0530] {dag.py:3486} INFO - Setting next_dagrun for example_short_circuit_operator to 2023-05-20T11:46:24.677768+00:00, run_after=2023-05-21T11:46:24.677768+00:00
[2023-05-21T17:16:24.759+0530] {processor.py:178} INFO - Processing /home/feuer/.local/lib/python3.10/site-packages/airflow/example_dags/example_short_circuit_operator.py took 0.132 seconds
[2023-05-21T17:17:10.844+0530] {processor.py:156} INFO - Started process (PID=58719) to work on /home/feuer/.local/lib/python3.10/site-packages/airflow/example_dags/example_short_circuit_operator.py
[2023-05-21T17:17:10.845+0530] {processor.py:799} INFO - Processing file /home/feuer/.local/lib/python3.10/site-packages/airflow/example_dags/example_short_circuit_operator.py for tasks to queue
[2023-05-21T17:17:10.845+0530] {logging_mixin.py:149} INFO - [2023-05-21T17:17:10.845+0530] {dagbag.py:541} INFO - Filling up the DagBag from /home/feuer/.local/lib/python3.10/site-packages/airflow/example_dags/example_short_circuit_operator.py
[2023-05-21T17:17:10.852+0530] {processor.py:809} INFO - DAG(s) dict_keys(['example_short_circuit_operator']) retrieved from /home/feuer/.local/lib/python3.10/site-packages/airflow/example_dags/example_short_circuit_operator.py
[2023-05-21T17:17:10.876+0530] {logging_mixin.py:149} INFO - [2023-05-21T17:17:10.875+0530] {dag.py:2726} INFO - Sync 1 DAGs
[2023-05-21T17:17:10.891+0530] {logging_mixin.py:149} INFO - [2023-05-21T17:17:10.891+0530] {dag.py:3486} INFO - Setting next_dagrun for example_short_circuit_operator to 2023-05-20T11:47:10.891679+00:00, run_after=2023-05-21T11:47:10.891679+00:00
[2023-05-21T17:17:10.962+0530] {processor.py:178} INFO - Processing /home/feuer/.local/lib/python3.10/site-packages/airflow/example_dags/example_short_circuit_operator.py took 0.121 seconds
[2023-05-21T17:17:57.773+0530] {processor.py:156} INFO - Started process (PID=58833) to work on /home/feuer/.local/lib/python3.10/site-packages/airflow/example_dags/example_short_circuit_operator.py
[2023-05-21T17:17:57.774+0530] {processor.py:799} INFO - Processing file /home/feuer/.local/lib/python3.10/site-packages/airflow/example_dags/example_short_circuit_operator.py for tasks to queue
[2023-05-21T17:17:57.774+0530] {logging_mixin.py:149} INFO - [2023-05-21T17:17:57.774+0530] {dagbag.py:541} INFO - Filling up the DagBag from /home/feuer/.local/lib/python3.10/site-packages/airflow/example_dags/example_short_circuit_operator.py
[2023-05-21T17:17:57.781+0530] {processor.py:809} INFO - DAG(s) dict_keys(['example_short_circuit_operator']) retrieved from /home/feuer/.local/lib/python3.10/site-packages/airflow/example_dags/example_short_circuit_operator.py
[2023-05-21T17:17:57.804+0530] {logging_mixin.py:149} INFO - [2023-05-21T17:17:57.804+0530] {dag.py:2726} INFO - Sync 1 DAGs
[2023-05-21T17:17:57.820+0530] {logging_mixin.py:149} INFO - [2023-05-21T17:17:57.820+0530] {dag.py:3486} INFO - Setting next_dagrun for example_short_circuit_operator to 2023-05-20T11:47:57.820609+00:00, run_after=2023-05-21T11:47:57.820609+00:00
[2023-05-21T17:17:57.915+0530] {processor.py:178} INFO - Processing /home/feuer/.local/lib/python3.10/site-packages/airflow/example_dags/example_short_circuit_operator.py took 0.144 seconds
[2023-05-21T17:18:42.811+0530] {processor.py:156} INFO - Started process (PID=58946) to work on /home/feuer/.local/lib/python3.10/site-packages/airflow/example_dags/example_short_circuit_operator.py
[2023-05-21T17:18:42.812+0530] {processor.py:799} INFO - Processing file /home/feuer/.local/lib/python3.10/site-packages/airflow/example_dags/example_short_circuit_operator.py for tasks to queue
[2023-05-21T17:18:42.812+0530] {logging_mixin.py:149} INFO - [2023-05-21T17:18:42.812+0530] {dagbag.py:541} INFO - Filling up the DagBag from /home/feuer/.local/lib/python3.10/site-packages/airflow/example_dags/example_short_circuit_operator.py
[2023-05-21T17:18:42.819+0530] {processor.py:809} INFO - DAG(s) dict_keys(['example_short_circuit_operator']) retrieved from /home/feuer/.local/lib/python3.10/site-packages/airflow/example_dags/example_short_circuit_operator.py
[2023-05-21T17:18:42.842+0530] {logging_mixin.py:149} INFO - [2023-05-21T17:18:42.842+0530] {dag.py:2726} INFO - Sync 1 DAGs
[2023-05-21T17:18:42.858+0530] {logging_mixin.py:149} INFO - [2023-05-21T17:18:42.858+0530] {dag.py:3486} INFO - Setting next_dagrun for example_short_circuit_operator to 2023-05-20T11:48:42.857972+00:00, run_after=2023-05-21T11:48:42.857972+00:00
[2023-05-21T17:18:42.940+0530] {processor.py:178} INFO - Processing /home/feuer/.local/lib/python3.10/site-packages/airflow/example_dags/example_short_circuit_operator.py took 0.132 seconds
[2023-05-21T17:19:30.098+0530] {processor.py:156} INFO - Started process (PID=59066) to work on /home/feuer/.local/lib/python3.10/site-packages/airflow/example_dags/example_short_circuit_operator.py
[2023-05-21T17:19:30.107+0530] {processor.py:799} INFO - Processing file /home/feuer/.local/lib/python3.10/site-packages/airflow/example_dags/example_short_circuit_operator.py for tasks to queue
[2023-05-21T17:19:30.107+0530] {logging_mixin.py:149} INFO - [2023-05-21T17:19:30.107+0530] {dagbag.py:541} INFO - Filling up the DagBag from /home/feuer/.local/lib/python3.10/site-packages/airflow/example_dags/example_short_circuit_operator.py
[2023-05-21T17:19:30.114+0530] {processor.py:809} INFO - DAG(s) dict_keys(['example_short_circuit_operator']) retrieved from /home/feuer/.local/lib/python3.10/site-packages/airflow/example_dags/example_short_circuit_operator.py
[2023-05-21T17:19:30.137+0530] {logging_mixin.py:149} INFO - [2023-05-21T17:19:30.137+0530] {dag.py:2726} INFO - Sync 1 DAGs
[2023-05-21T17:19:30.156+0530] {logging_mixin.py:149} INFO - [2023-05-21T17:19:30.156+0530] {dag.py:3486} INFO - Setting next_dagrun for example_short_circuit_operator to 2023-05-20T11:49:30.156659+00:00, run_after=2023-05-21T11:49:30.156659+00:00
[2023-05-21T17:19:30.227+0530] {processor.py:178} INFO - Processing /home/feuer/.local/lib/python3.10/site-packages/airflow/example_dags/example_short_circuit_operator.py took 0.132 seconds
[2023-05-21T17:20:16.278+0530] {processor.py:156} INFO - Started process (PID=59181) to work on /home/feuer/.local/lib/python3.10/site-packages/airflow/example_dags/example_short_circuit_operator.py
[2023-05-21T17:20:16.279+0530] {processor.py:799} INFO - Processing file /home/feuer/.local/lib/python3.10/site-packages/airflow/example_dags/example_short_circuit_operator.py for tasks to queue
[2023-05-21T17:20:16.280+0530] {logging_mixin.py:149} INFO - [2023-05-21T17:20:16.280+0530] {dagbag.py:541} INFO - Filling up the DagBag from /home/feuer/.local/lib/python3.10/site-packages/airflow/example_dags/example_short_circuit_operator.py
[2023-05-21T17:20:16.288+0530] {processor.py:809} INFO - DAG(s) dict_keys(['example_short_circuit_operator']) retrieved from /home/feuer/.local/lib/python3.10/site-packages/airflow/example_dags/example_short_circuit_operator.py
[2023-05-21T17:20:16.314+0530] {logging_mixin.py:149} INFO - [2023-05-21T17:20:16.313+0530] {dag.py:2726} INFO - Sync 1 DAGs
[2023-05-21T17:20:16.329+0530] {logging_mixin.py:149} INFO - [2023-05-21T17:20:16.328+0530] {dag.py:3486} INFO - Setting next_dagrun for example_short_circuit_operator to 2023-05-20T11:50:16.328698+00:00, run_after=2023-05-21T11:50:16.328698+00:00
[2023-05-21T17:20:16.404+0530] {processor.py:178} INFO - Processing /home/feuer/.local/lib/python3.10/site-packages/airflow/example_dags/example_short_circuit_operator.py took 0.129 seconds
[2023-05-21T17:21:41.813+0530] {processor.py:156} INFO - Started process (PID=59545) to work on /home/feuer/.local/lib/python3.10/site-packages/airflow/example_dags/example_short_circuit_operator.py
[2023-05-21T17:21:41.887+0530] {processor.py:799} INFO - Processing file /home/feuer/.local/lib/python3.10/site-packages/airflow/example_dags/example_short_circuit_operator.py for tasks to queue
[2023-05-21T17:21:41.887+0530] {logging_mixin.py:149} INFO - [2023-05-21T17:21:41.887+0530] {dagbag.py:541} INFO - Filling up the DagBag from /home/feuer/.local/lib/python3.10/site-packages/airflow/example_dags/example_short_circuit_operator.py
[2023-05-21T17:21:41.893+0530] {processor.py:809} INFO - DAG(s) dict_keys(['example_short_circuit_operator']) retrieved from /home/feuer/.local/lib/python3.10/site-packages/airflow/example_dags/example_short_circuit_operator.py
[2023-05-21T17:21:41.917+0530] {logging_mixin.py:149} INFO - [2023-05-21T17:21:41.917+0530] {dag.py:2726} INFO - Sync 1 DAGs
[2023-05-21T17:21:41.935+0530] {logging_mixin.py:149} INFO - [2023-05-21T17:21:41.935+0530] {dag.py:3486} INFO - Setting next_dagrun for example_short_circuit_operator to 2023-05-20T11:51:41.935236+00:00, run_after=2023-05-21T11:51:41.935236+00:00
[2023-05-21T17:21:42.218+0530] {processor.py:178} INFO - Processing /home/feuer/.local/lib/python3.10/site-packages/airflow/example_dags/example_short_circuit_operator.py took 0.408 seconds
