[2023-05-21T19:40:06.329+0530] {processor.py:156} INFO - Started process (PID=23854) to work on /home/feuer/.local/lib/python3.10/site-packages/airflow/example_dags/example_params_trigger_ui.py
[2023-05-21T19:40:06.330+0530] {processor.py:799} INFO - Processing file /home/feuer/.local/lib/python3.10/site-packages/airflow/example_dags/example_params_trigger_ui.py for tasks to queue
[2023-05-21T19:40:06.331+0530] {logging_mixin.py:149} INFO - [2023-05-21T19:40:06.331+0530] {dagbag.py:541} INFO - Filling up the DagBag from /home/feuer/.local/lib/python3.10/site-packages/airflow/example_dags/example_params_trigger_ui.py
[2023-05-21T19:40:06.355+0530] {processor.py:809} INFO - DAG(s) dict_keys(['example_params_trigger_ui']) retrieved from /home/feuer/.local/lib/python3.10/site-packages/airflow/example_dags/example_params_trigger_ui.py
[2023-05-21T19:40:06.414+0530] {logging_mixin.py:149} INFO - [2023-05-21T19:40:06.414+0530] {dag.py:2726} INFO - Sync 1 DAGs
[2023-05-21T19:40:06.426+0530] {logging_mixin.py:149} INFO - [2023-05-21T19:40:06.426+0530] {dag.py:3486} INFO - Setting next_dagrun for example_params_trigger_ui to None, run_after=None
[2023-05-21T19:40:06.505+0530] {processor.py:178} INFO - Processing /home/feuer/.local/lib/python3.10/site-packages/airflow/example_dags/example_params_trigger_ui.py took 0.179 seconds
[2023-05-21T19:41:38.306+0530] {processor.py:156} INFO - Started process (PID=24376) to work on /home/feuer/.local/lib/python3.10/site-packages/airflow/example_dags/example_params_trigger_ui.py
[2023-05-21T19:41:38.318+0530] {processor.py:799} INFO - Processing file /home/feuer/.local/lib/python3.10/site-packages/airflow/example_dags/example_params_trigger_ui.py for tasks to queue
[2023-05-21T19:41:38.319+0530] {logging_mixin.py:149} INFO - [2023-05-21T19:41:38.319+0530] {dagbag.py:541} INFO - Filling up the DagBag from /home/feuer/.local/lib/python3.10/site-packages/airflow/example_dags/example_params_trigger_ui.py
[2023-05-21T19:41:38.417+0530] {processor.py:809} INFO - DAG(s) dict_keys(['example_params_trigger_ui']) retrieved from /home/feuer/.local/lib/python3.10/site-packages/airflow/example_dags/example_params_trigger_ui.py
[2023-05-21T19:41:38.510+0530] {logging_mixin.py:149} INFO - [2023-05-21T19:41:38.510+0530] {dag.py:2726} INFO - Sync 1 DAGs
[2023-05-21T19:41:38.529+0530] {logging_mixin.py:149} INFO - [2023-05-21T19:41:38.529+0530] {dag.py:3486} INFO - Setting next_dagrun for example_params_trigger_ui to None, run_after=None
[2023-05-21T19:41:38.673+0530] {processor.py:178} INFO - Processing /home/feuer/.local/lib/python3.10/site-packages/airflow/example_dags/example_params_trigger_ui.py took 0.372 seconds
[2023-05-21T19:42:56.319+0530] {processor.py:156} INFO - Started process (PID=24694) to work on /home/feuer/.local/lib/python3.10/site-packages/airflow/example_dags/example_params_trigger_ui.py
[2023-05-21T19:42:56.320+0530] {processor.py:799} INFO - Processing file /home/feuer/.local/lib/python3.10/site-packages/airflow/example_dags/example_params_trigger_ui.py for tasks to queue
[2023-05-21T19:42:56.320+0530] {logging_mixin.py:149} INFO - [2023-05-21T19:42:56.320+0530] {dagbag.py:541} INFO - Filling up the DagBag from /home/feuer/.local/lib/python3.10/site-packages/airflow/example_dags/example_params_trigger_ui.py
[2023-05-21T19:42:56.344+0530] {processor.py:809} INFO - DAG(s) dict_keys(['example_params_trigger_ui']) retrieved from /home/feuer/.local/lib/python3.10/site-packages/airflow/example_dags/example_params_trigger_ui.py
[2023-05-21T19:42:56.405+0530] {logging_mixin.py:149} INFO - [2023-05-21T19:42:56.405+0530] {dag.py:2726} INFO - Sync 1 DAGs
[2023-05-21T19:42:56.415+0530] {logging_mixin.py:149} INFO - [2023-05-21T19:42:56.415+0530] {dag.py:3486} INFO - Setting next_dagrun for example_params_trigger_ui to None, run_after=None
[2023-05-21T19:42:56.480+0530] {processor.py:178} INFO - Processing /home/feuer/.local/lib/python3.10/site-packages/airflow/example_dags/example_params_trigger_ui.py took 0.164 seconds
[2023-05-21T19:43:49.304+0530] {processor.py:156} INFO - Started process (PID=24810) to work on /home/feuer/.local/lib/python3.10/site-packages/airflow/example_dags/example_params_trigger_ui.py
[2023-05-21T19:43:49.305+0530] {processor.py:799} INFO - Processing file /home/feuer/.local/lib/python3.10/site-packages/airflow/example_dags/example_params_trigger_ui.py for tasks to queue
[2023-05-21T19:43:49.306+0530] {logging_mixin.py:149} INFO - [2023-05-21T19:43:49.306+0530] {dagbag.py:541} INFO - Filling up the DagBag from /home/feuer/.local/lib/python3.10/site-packages/airflow/example_dags/example_params_trigger_ui.py
[2023-05-21T19:43:49.330+0530] {processor.py:809} INFO - DAG(s) dict_keys(['example_params_trigger_ui']) retrieved from /home/feuer/.local/lib/python3.10/site-packages/airflow/example_dags/example_params_trigger_ui.py
[2023-05-21T19:43:49.392+0530] {logging_mixin.py:149} INFO - [2023-05-21T19:43:49.392+0530] {dag.py:2726} INFO - Sync 1 DAGs
[2023-05-21T19:43:49.403+0530] {logging_mixin.py:149} INFO - [2023-05-21T19:43:49.402+0530] {dag.py:3486} INFO - Setting next_dagrun for example_params_trigger_ui to None, run_after=None
[2023-05-21T19:43:49.469+0530] {processor.py:178} INFO - Processing /home/feuer/.local/lib/python3.10/site-packages/airflow/example_dags/example_params_trigger_ui.py took 0.168 seconds
[2023-05-21T19:44:45.508+0530] {processor.py:156} INFO - Started process (PID=24959) to work on /home/feuer/.local/lib/python3.10/site-packages/airflow/example_dags/example_params_trigger_ui.py
[2023-05-21T19:44:45.509+0530] {processor.py:799} INFO - Processing file /home/feuer/.local/lib/python3.10/site-packages/airflow/example_dags/example_params_trigger_ui.py for tasks to queue
[2023-05-21T19:44:45.509+0530] {logging_mixin.py:149} INFO - [2023-05-21T19:44:45.509+0530] {dagbag.py:541} INFO - Filling up the DagBag from /home/feuer/.local/lib/python3.10/site-packages/airflow/example_dags/example_params_trigger_ui.py
[2023-05-21T19:44:45.523+0530] {processor.py:809} INFO - DAG(s) dict_keys(['example_params_trigger_ui']) retrieved from /home/feuer/.local/lib/python3.10/site-packages/airflow/example_dags/example_params_trigger_ui.py
[2023-05-21T19:44:45.574+0530] {logging_mixin.py:149} INFO - [2023-05-21T19:44:45.574+0530] {dag.py:2726} INFO - Sync 1 DAGs
[2023-05-21T19:44:45.585+0530] {logging_mixin.py:149} INFO - [2023-05-21T19:44:45.584+0530] {dag.py:3486} INFO - Setting next_dagrun for example_params_trigger_ui to None, run_after=None
[2023-05-21T19:44:45.701+0530] {processor.py:178} INFO - Processing /home/feuer/.local/lib/python3.10/site-packages/airflow/example_dags/example_params_trigger_ui.py took 0.195 seconds
[2023-05-21T19:45:40.838+0530] {processor.py:156} INFO - Started process (PID=25092) to work on /home/feuer/.local/lib/python3.10/site-packages/airflow/example_dags/example_params_trigger_ui.py
[2023-05-21T19:45:40.851+0530] {processor.py:799} INFO - Processing file /home/feuer/.local/lib/python3.10/site-packages/airflow/example_dags/example_params_trigger_ui.py for tasks to queue
[2023-05-21T19:45:40.851+0530] {logging_mixin.py:149} INFO - [2023-05-21T19:45:40.851+0530] {dagbag.py:541} INFO - Filling up the DagBag from /home/feuer/.local/lib/python3.10/site-packages/airflow/example_dags/example_params_trigger_ui.py
[2023-05-21T19:45:40.867+0530] {processor.py:809} INFO - DAG(s) dict_keys(['example_params_trigger_ui']) retrieved from /home/feuer/.local/lib/python3.10/site-packages/airflow/example_dags/example_params_trigger_ui.py
[2023-05-21T19:45:40.930+0530] {logging_mixin.py:149} INFO - [2023-05-21T19:45:40.930+0530] {dag.py:2726} INFO - Sync 1 DAGs
[2023-05-21T19:45:40.940+0530] {logging_mixin.py:149} INFO - [2023-05-21T19:45:40.940+0530] {dag.py:3486} INFO - Setting next_dagrun for example_params_trigger_ui to None, run_after=None
[2023-05-21T19:45:41.022+0530] {processor.py:178} INFO - Processing /home/feuer/.local/lib/python3.10/site-packages/airflow/example_dags/example_params_trigger_ui.py took 0.186 seconds
[2023-05-21T19:46:34.847+0530] {processor.py:156} INFO - Started process (PID=25201) to work on /home/feuer/.local/lib/python3.10/site-packages/airflow/example_dags/example_params_trigger_ui.py
[2023-05-21T19:46:34.865+0530] {processor.py:799} INFO - Processing file /home/feuer/.local/lib/python3.10/site-packages/airflow/example_dags/example_params_trigger_ui.py for tasks to queue
[2023-05-21T19:46:34.865+0530] {logging_mixin.py:149} INFO - [2023-05-21T19:46:34.865+0530] {dagbag.py:541} INFO - Filling up the DagBag from /home/feuer/.local/lib/python3.10/site-packages/airflow/example_dags/example_params_trigger_ui.py
[2023-05-21T19:46:34.879+0530] {processor.py:809} INFO - DAG(s) dict_keys(['example_params_trigger_ui']) retrieved from /home/feuer/.local/lib/python3.10/site-packages/airflow/example_dags/example_params_trigger_ui.py
[2023-05-21T19:46:34.930+0530] {logging_mixin.py:149} INFO - [2023-05-21T19:46:34.929+0530] {dag.py:2726} INFO - Sync 1 DAGs
[2023-05-21T19:46:34.940+0530] {logging_mixin.py:149} INFO - [2023-05-21T19:46:34.940+0530] {dag.py:3486} INFO - Setting next_dagrun for example_params_trigger_ui to None, run_after=None
[2023-05-21T19:46:35.011+0530] {processor.py:178} INFO - Processing /home/feuer/.local/lib/python3.10/site-packages/airflow/example_dags/example_params_trigger_ui.py took 0.166 seconds
[2023-05-21T19:47:54.162+0530] {processor.py:156} INFO - Started process (PID=25345) to work on /home/feuer/.local/lib/python3.10/site-packages/airflow/example_dags/example_params_trigger_ui.py
[2023-05-21T19:47:54.177+0530] {processor.py:799} INFO - Processing file /home/feuer/.local/lib/python3.10/site-packages/airflow/example_dags/example_params_trigger_ui.py for tasks to queue
[2023-05-21T19:47:54.178+0530] {logging_mixin.py:149} INFO - [2023-05-21T19:47:54.178+0530] {dagbag.py:541} INFO - Filling up the DagBag from /home/feuer/.local/lib/python3.10/site-packages/airflow/example_dags/example_params_trigger_ui.py
[2023-05-21T19:47:54.191+0530] {processor.py:809} INFO - DAG(s) dict_keys(['example_params_trigger_ui']) retrieved from /home/feuer/.local/lib/python3.10/site-packages/airflow/example_dags/example_params_trigger_ui.py
[2023-05-21T19:47:54.241+0530] {logging_mixin.py:149} INFO - [2023-05-21T19:47:54.241+0530] {dag.py:2726} INFO - Sync 1 DAGs
[2023-05-21T19:47:54.253+0530] {logging_mixin.py:149} INFO - [2023-05-21T19:47:54.253+0530] {dag.py:3486} INFO - Setting next_dagrun for example_params_trigger_ui to None, run_after=None
[2023-05-21T19:47:54.332+0530] {processor.py:178} INFO - Processing /home/feuer/.local/lib/python3.10/site-packages/airflow/example_dags/example_params_trigger_ui.py took 0.172 seconds
[2023-05-21T19:48:46.246+0530] {processor.py:156} INFO - Started process (PID=25454) to work on /home/feuer/.local/lib/python3.10/site-packages/airflow/example_dags/example_params_trigger_ui.py
[2023-05-21T19:48:46.258+0530] {processor.py:799} INFO - Processing file /home/feuer/.local/lib/python3.10/site-packages/airflow/example_dags/example_params_trigger_ui.py for tasks to queue
[2023-05-21T19:48:46.258+0530] {logging_mixin.py:149} INFO - [2023-05-21T19:48:46.258+0530] {dagbag.py:541} INFO - Filling up the DagBag from /home/feuer/.local/lib/python3.10/site-packages/airflow/example_dags/example_params_trigger_ui.py
[2023-05-21T19:48:46.272+0530] {processor.py:809} INFO - DAG(s) dict_keys(['example_params_trigger_ui']) retrieved from /home/feuer/.local/lib/python3.10/site-packages/airflow/example_dags/example_params_trigger_ui.py
[2023-05-21T19:48:46.323+0530] {logging_mixin.py:149} INFO - [2023-05-21T19:48:46.323+0530] {dag.py:2726} INFO - Sync 1 DAGs
[2023-05-21T19:48:46.334+0530] {logging_mixin.py:149} INFO - [2023-05-21T19:48:46.334+0530] {dag.py:3486} INFO - Setting next_dagrun for example_params_trigger_ui to None, run_after=None
[2023-05-21T19:48:46.412+0530] {processor.py:178} INFO - Processing /home/feuer/.local/lib/python3.10/site-packages/airflow/example_dags/example_params_trigger_ui.py took 0.168 seconds
[2023-05-21T19:49:39.705+0530] {processor.py:156} INFO - Started process (PID=25572) to work on /home/feuer/.local/lib/python3.10/site-packages/airflow/example_dags/example_params_trigger_ui.py
[2023-05-21T19:49:39.706+0530] {processor.py:799} INFO - Processing file /home/feuer/.local/lib/python3.10/site-packages/airflow/example_dags/example_params_trigger_ui.py for tasks to queue
[2023-05-21T19:49:39.706+0530] {logging_mixin.py:149} INFO - [2023-05-21T19:49:39.706+0530] {dagbag.py:541} INFO - Filling up the DagBag from /home/feuer/.local/lib/python3.10/site-packages/airflow/example_dags/example_params_trigger_ui.py
[2023-05-21T19:49:39.731+0530] {processor.py:809} INFO - DAG(s) dict_keys(['example_params_trigger_ui']) retrieved from /home/feuer/.local/lib/python3.10/site-packages/airflow/example_dags/example_params_trigger_ui.py
[2023-05-21T19:49:39.788+0530] {logging_mixin.py:149} INFO - [2023-05-21T19:49:39.788+0530] {dag.py:2726} INFO - Sync 1 DAGs
[2023-05-21T19:49:39.799+0530] {logging_mixin.py:149} INFO - [2023-05-21T19:49:39.799+0530] {dag.py:3486} INFO - Setting next_dagrun for example_params_trigger_ui to None, run_after=None
[2023-05-21T19:49:39.876+0530] {processor.py:178} INFO - Processing /home/feuer/.local/lib/python3.10/site-packages/airflow/example_dags/example_params_trigger_ui.py took 0.174 seconds
[2023-05-21T19:50:58.505+0530] {processor.py:156} INFO - Started process (PID=25832) to work on /home/feuer/.local/lib/python3.10/site-packages/airflow/example_dags/example_params_trigger_ui.py
[2023-05-21T19:50:58.522+0530] {processor.py:799} INFO - Processing file /home/feuer/.local/lib/python3.10/site-packages/airflow/example_dags/example_params_trigger_ui.py for tasks to queue
[2023-05-21T19:50:58.523+0530] {logging_mixin.py:149} INFO - [2023-05-21T19:50:58.523+0530] {dagbag.py:541} INFO - Filling up the DagBag from /home/feuer/.local/lib/python3.10/site-packages/airflow/example_dags/example_params_trigger_ui.py
[2023-05-21T19:50:58.547+0530] {processor.py:809} INFO - DAG(s) dict_keys(['example_params_trigger_ui']) retrieved from /home/feuer/.local/lib/python3.10/site-packages/airflow/example_dags/example_params_trigger_ui.py
[2023-05-21T19:50:58.612+0530] {logging_mixin.py:149} INFO - [2023-05-21T19:50:58.612+0530] {dag.py:2726} INFO - Sync 1 DAGs
[2023-05-21T19:50:58.623+0530] {logging_mixin.py:149} INFO - [2023-05-21T19:50:58.623+0530] {dag.py:3486} INFO - Setting next_dagrun for example_params_trigger_ui to None, run_after=None
[2023-05-21T19:50:58.697+0530] {processor.py:178} INFO - Processing /home/feuer/.local/lib/python3.10/site-packages/airflow/example_dags/example_params_trigger_ui.py took 0.195 seconds
[2023-05-21T19:52:14.836+0530] {processor.py:156} INFO - Started process (PID=25974) to work on /home/feuer/.local/lib/python3.10/site-packages/airflow/example_dags/example_params_trigger_ui.py
[2023-05-21T19:52:14.852+0530] {processor.py:799} INFO - Processing file /home/feuer/.local/lib/python3.10/site-packages/airflow/example_dags/example_params_trigger_ui.py for tasks to queue
[2023-05-21T19:52:14.853+0530] {logging_mixin.py:149} INFO - [2023-05-21T19:52:14.852+0530] {dagbag.py:541} INFO - Filling up the DagBag from /home/feuer/.local/lib/python3.10/site-packages/airflow/example_dags/example_params_trigger_ui.py
[2023-05-21T19:52:14.877+0530] {processor.py:809} INFO - DAG(s) dict_keys(['example_params_trigger_ui']) retrieved from /home/feuer/.local/lib/python3.10/site-packages/airflow/example_dags/example_params_trigger_ui.py
[2023-05-21T19:52:14.941+0530] {logging_mixin.py:149} INFO - [2023-05-21T19:52:14.941+0530] {dag.py:2726} INFO - Sync 1 DAGs
[2023-05-21T19:52:14.952+0530] {logging_mixin.py:149} INFO - [2023-05-21T19:52:14.952+0530] {dag.py:3486} INFO - Setting next_dagrun for example_params_trigger_ui to None, run_after=None
[2023-05-21T19:52:15.027+0530] {processor.py:178} INFO - Processing /home/feuer/.local/lib/python3.10/site-packages/airflow/example_dags/example_params_trigger_ui.py took 0.193 seconds
[2023-05-21T19:53:27.409+0530] {processor.py:156} INFO - Started process (PID=26183) to work on /home/feuer/.local/lib/python3.10/site-packages/airflow/example_dags/example_params_trigger_ui.py
[2023-05-21T19:53:27.410+0530] {processor.py:799} INFO - Processing file /home/feuer/.local/lib/python3.10/site-packages/airflow/example_dags/example_params_trigger_ui.py for tasks to queue
[2023-05-21T19:53:27.411+0530] {logging_mixin.py:149} INFO - [2023-05-21T19:53:27.411+0530] {dagbag.py:541} INFO - Filling up the DagBag from /home/feuer/.local/lib/python3.10/site-packages/airflow/example_dags/example_params_trigger_ui.py
[2023-05-21T19:53:27.427+0530] {processor.py:809} INFO - DAG(s) dict_keys(['example_params_trigger_ui']) retrieved from /home/feuer/.local/lib/python3.10/site-packages/airflow/example_dags/example_params_trigger_ui.py
[2023-05-21T19:53:27.477+0530] {logging_mixin.py:149} INFO - [2023-05-21T19:53:27.477+0530] {dag.py:2726} INFO - Sync 1 DAGs
[2023-05-21T19:53:27.489+0530] {logging_mixin.py:149} INFO - [2023-05-21T19:53:27.489+0530] {dag.py:3486} INFO - Setting next_dagrun for example_params_trigger_ui to None, run_after=None
[2023-05-21T19:53:27.666+0530] {processor.py:178} INFO - Processing /home/feuer/.local/lib/python3.10/site-packages/airflow/example_dags/example_params_trigger_ui.py took 0.259 seconds
[2023-05-21T19:54:45.153+0530] {processor.py:156} INFO - Started process (PID=26359) to work on /home/feuer/.local/lib/python3.10/site-packages/airflow/example_dags/example_params_trigger_ui.py
[2023-05-21T19:54:45.154+0530] {processor.py:799} INFO - Processing file /home/feuer/.local/lib/python3.10/site-packages/airflow/example_dags/example_params_trigger_ui.py for tasks to queue
[2023-05-21T19:54:45.155+0530] {logging_mixin.py:149} INFO - [2023-05-21T19:54:45.154+0530] {dagbag.py:541} INFO - Filling up the DagBag from /home/feuer/.local/lib/python3.10/site-packages/airflow/example_dags/example_params_trigger_ui.py
[2023-05-21T19:54:45.178+0530] {processor.py:809} INFO - DAG(s) dict_keys(['example_params_trigger_ui']) retrieved from /home/feuer/.local/lib/python3.10/site-packages/airflow/example_dags/example_params_trigger_ui.py
[2023-05-21T19:54:45.236+0530] {logging_mixin.py:149} INFO - [2023-05-21T19:54:45.236+0530] {dag.py:2726} INFO - Sync 1 DAGs
[2023-05-21T19:54:45.248+0530] {logging_mixin.py:149} INFO - [2023-05-21T19:54:45.248+0530] {dag.py:3486} INFO - Setting next_dagrun for example_params_trigger_ui to None, run_after=None
[2023-05-21T19:54:45.314+0530] {processor.py:178} INFO - Processing /home/feuer/.local/lib/python3.10/site-packages/airflow/example_dags/example_params_trigger_ui.py took 0.164 seconds
[2023-05-21T19:56:07.595+0530] {processor.py:156} INFO - Started process (PID=26606) to work on /home/feuer/.local/lib/python3.10/site-packages/airflow/example_dags/example_params_trigger_ui.py
[2023-05-21T19:56:07.608+0530] {processor.py:799} INFO - Processing file /home/feuer/.local/lib/python3.10/site-packages/airflow/example_dags/example_params_trigger_ui.py for tasks to queue
[2023-05-21T19:56:07.609+0530] {logging_mixin.py:149} INFO - [2023-05-21T19:56:07.609+0530] {dagbag.py:541} INFO - Filling up the DagBag from /home/feuer/.local/lib/python3.10/site-packages/airflow/example_dags/example_params_trigger_ui.py
[2023-05-21T19:56:07.632+0530] {processor.py:809} INFO - DAG(s) dict_keys(['example_params_trigger_ui']) retrieved from /home/feuer/.local/lib/python3.10/site-packages/airflow/example_dags/example_params_trigger_ui.py
[2023-05-21T19:56:07.777+0530] {logging_mixin.py:149} INFO - [2023-05-21T19:56:07.777+0530] {dag.py:2726} INFO - Sync 1 DAGs
[2023-05-21T19:56:07.789+0530] {logging_mixin.py:149} INFO - [2023-05-21T19:56:07.789+0530] {dag.py:3486} INFO - Setting next_dagrun for example_params_trigger_ui to None, run_after=None
[2023-05-21T19:56:08.097+0530] {processor.py:178} INFO - Processing /home/feuer/.local/lib/python3.10/site-packages/airflow/example_dags/example_params_trigger_ui.py took 0.505 seconds
[2023-05-21T19:57:04.773+0530] {processor.py:156} INFO - Started process (PID=26762) to work on /home/feuer/.local/lib/python3.10/site-packages/airflow/example_dags/example_params_trigger_ui.py
[2023-05-21T19:57:04.774+0530] {processor.py:799} INFO - Processing file /home/feuer/.local/lib/python3.10/site-packages/airflow/example_dags/example_params_trigger_ui.py for tasks to queue
[2023-05-21T19:57:04.775+0530] {logging_mixin.py:149} INFO - [2023-05-21T19:57:04.774+0530] {dagbag.py:541} INFO - Filling up the DagBag from /home/feuer/.local/lib/python3.10/site-packages/airflow/example_dags/example_params_trigger_ui.py
[2023-05-21T19:57:04.796+0530] {processor.py:809} INFO - DAG(s) dict_keys(['example_params_trigger_ui']) retrieved from /home/feuer/.local/lib/python3.10/site-packages/airflow/example_dags/example_params_trigger_ui.py
[2023-05-21T19:57:04.852+0530] {logging_mixin.py:149} INFO - [2023-05-21T19:57:04.852+0530] {dag.py:2726} INFO - Sync 1 DAGs
[2023-05-21T19:57:04.863+0530] {logging_mixin.py:149} INFO - [2023-05-21T19:57:04.863+0530] {dag.py:3486} INFO - Setting next_dagrun for example_params_trigger_ui to None, run_after=None
[2023-05-21T19:57:04.939+0530] {processor.py:178} INFO - Processing /home/feuer/.local/lib/python3.10/site-packages/airflow/example_dags/example_params_trigger_ui.py took 0.169 seconds
[2023-05-21T19:58:19.886+0530] {processor.py:156} INFO - Started process (PID=26929) to work on /home/feuer/.local/lib/python3.10/site-packages/airflow/example_dags/example_params_trigger_ui.py
[2023-05-21T19:58:19.887+0530] {processor.py:799} INFO - Processing file /home/feuer/.local/lib/python3.10/site-packages/airflow/example_dags/example_params_trigger_ui.py for tasks to queue
[2023-05-21T19:58:19.887+0530] {logging_mixin.py:149} INFO - [2023-05-21T19:58:19.887+0530] {dagbag.py:541} INFO - Filling up the DagBag from /home/feuer/.local/lib/python3.10/site-packages/airflow/example_dags/example_params_trigger_ui.py
[2023-05-21T19:58:19.911+0530] {processor.py:809} INFO - DAG(s) dict_keys(['example_params_trigger_ui']) retrieved from /home/feuer/.local/lib/python3.10/site-packages/airflow/example_dags/example_params_trigger_ui.py
[2023-05-21T19:58:19.969+0530] {logging_mixin.py:149} INFO - [2023-05-21T19:58:19.969+0530] {dag.py:2726} INFO - Sync 1 DAGs
[2023-05-21T19:58:19.979+0530] {logging_mixin.py:149} INFO - [2023-05-21T19:58:19.979+0530] {dag.py:3486} INFO - Setting next_dagrun for example_params_trigger_ui to None, run_after=None
[2023-05-21T19:58:20.105+0530] {processor.py:178} INFO - Processing /home/feuer/.local/lib/python3.10/site-packages/airflow/example_dags/example_params_trigger_ui.py took 0.222 seconds
[2023-05-21T19:59:12.818+0530] {processor.py:156} INFO - Started process (PID=27090) to work on /home/feuer/.local/lib/python3.10/site-packages/airflow/example_dags/example_params_trigger_ui.py
[2023-05-21T19:59:12.819+0530] {processor.py:799} INFO - Processing file /home/feuer/.local/lib/python3.10/site-packages/airflow/example_dags/example_params_trigger_ui.py for tasks to queue
[2023-05-21T19:59:12.820+0530] {logging_mixin.py:149} INFO - [2023-05-21T19:59:12.820+0530] {dagbag.py:541} INFO - Filling up the DagBag from /home/feuer/.local/lib/python3.10/site-packages/airflow/example_dags/example_params_trigger_ui.py
[2023-05-21T19:59:12.844+0530] {processor.py:809} INFO - DAG(s) dict_keys(['example_params_trigger_ui']) retrieved from /home/feuer/.local/lib/python3.10/site-packages/airflow/example_dags/example_params_trigger_ui.py
[2023-05-21T19:59:12.898+0530] {logging_mixin.py:149} INFO - [2023-05-21T19:59:12.898+0530] {dag.py:2726} INFO - Sync 1 DAGs
[2023-05-21T19:59:12.910+0530] {logging_mixin.py:149} INFO - [2023-05-21T19:59:12.909+0530] {dag.py:3486} INFO - Setting next_dagrun for example_params_trigger_ui to None, run_after=None
[2023-05-21T19:59:12.987+0530] {processor.py:178} INFO - Processing /home/feuer/.local/lib/python3.10/site-packages/airflow/example_dags/example_params_trigger_ui.py took 0.172 seconds
[2023-05-21T20:00:12.473+0530] {processor.py:156} INFO - Started process (PID=27223) to work on /home/feuer/.local/lib/python3.10/site-packages/airflow/example_dags/example_params_trigger_ui.py
[2023-05-21T20:00:12.474+0530] {processor.py:799} INFO - Processing file /home/feuer/.local/lib/python3.10/site-packages/airflow/example_dags/example_params_trigger_ui.py for tasks to queue
[2023-05-21T20:00:12.475+0530] {logging_mixin.py:149} INFO - [2023-05-21T20:00:12.475+0530] {dagbag.py:541} INFO - Filling up the DagBag from /home/feuer/.local/lib/python3.10/site-packages/airflow/example_dags/example_params_trigger_ui.py
[2023-05-21T20:00:12.500+0530] {processor.py:809} INFO - DAG(s) dict_keys(['example_params_trigger_ui']) retrieved from /home/feuer/.local/lib/python3.10/site-packages/airflow/example_dags/example_params_trigger_ui.py
[2023-05-21T20:00:12.555+0530] {logging_mixin.py:149} INFO - [2023-05-21T20:00:12.555+0530] {dag.py:2726} INFO - Sync 1 DAGs
[2023-05-21T20:00:12.566+0530] {logging_mixin.py:149} INFO - [2023-05-21T20:00:12.566+0530] {dag.py:3486} INFO - Setting next_dagrun for example_params_trigger_ui to None, run_after=None
[2023-05-21T20:00:12.661+0530] {processor.py:178} INFO - Processing /home/feuer/.local/lib/python3.10/site-packages/airflow/example_dags/example_params_trigger_ui.py took 0.190 seconds
[2023-05-21T20:01:11.778+0530] {processor.py:156} INFO - Started process (PID=27435) to work on /home/feuer/.local/lib/python3.10/site-packages/airflow/example_dags/example_params_trigger_ui.py
[2023-05-21T20:01:11.784+0530] {processor.py:799} INFO - Processing file /home/feuer/.local/lib/python3.10/site-packages/airflow/example_dags/example_params_trigger_ui.py for tasks to queue
[2023-05-21T20:01:11.784+0530] {logging_mixin.py:149} INFO - [2023-05-21T20:01:11.784+0530] {dagbag.py:541} INFO - Filling up the DagBag from /home/feuer/.local/lib/python3.10/site-packages/airflow/example_dags/example_params_trigger_ui.py
[2023-05-21T20:01:11.810+0530] {processor.py:809} INFO - DAG(s) dict_keys(['example_params_trigger_ui']) retrieved from /home/feuer/.local/lib/python3.10/site-packages/airflow/example_dags/example_params_trigger_ui.py
[2023-05-21T20:01:11.873+0530] {logging_mixin.py:149} INFO - [2023-05-21T20:01:11.872+0530] {dag.py:2726} INFO - Sync 1 DAGs
[2023-05-21T20:01:11.884+0530] {logging_mixin.py:149} INFO - [2023-05-21T20:01:11.884+0530] {dag.py:3486} INFO - Setting next_dagrun for example_params_trigger_ui to None, run_after=None
[2023-05-21T20:01:11.957+0530] {processor.py:178} INFO - Processing /home/feuer/.local/lib/python3.10/site-packages/airflow/example_dags/example_params_trigger_ui.py took 0.182 seconds
[2023-05-21T20:02:29.559+0530] {processor.py:156} INFO - Started process (PID=27795) to work on /home/feuer/.local/lib/python3.10/site-packages/airflow/example_dags/example_params_trigger_ui.py
[2023-05-21T20:02:29.561+0530] {processor.py:799} INFO - Processing file /home/feuer/.local/lib/python3.10/site-packages/airflow/example_dags/example_params_trigger_ui.py for tasks to queue
[2023-05-21T20:02:29.562+0530] {logging_mixin.py:149} INFO - [2023-05-21T20:02:29.562+0530] {dagbag.py:541} INFO - Filling up the DagBag from /home/feuer/.local/lib/python3.10/site-packages/airflow/example_dags/example_params_trigger_ui.py
[2023-05-21T20:02:29.586+0530] {processor.py:809} INFO - DAG(s) dict_keys(['example_params_trigger_ui']) retrieved from /home/feuer/.local/lib/python3.10/site-packages/airflow/example_dags/example_params_trigger_ui.py
[2023-05-21T20:02:29.652+0530] {logging_mixin.py:149} INFO - [2023-05-21T20:02:29.651+0530] {dag.py:2726} INFO - Sync 1 DAGs
[2023-05-21T20:02:29.667+0530] {logging_mixin.py:149} INFO - [2023-05-21T20:02:29.667+0530] {dag.py:3486} INFO - Setting next_dagrun for example_params_trigger_ui to None, run_after=None
[2023-05-21T20:02:29.743+0530] {processor.py:178} INFO - Processing /home/feuer/.local/lib/python3.10/site-packages/airflow/example_dags/example_params_trigger_ui.py took 0.186 seconds
[2023-05-21T20:03:33.353+0530] {processor.py:156} INFO - Started process (PID=27979) to work on /home/feuer/.local/lib/python3.10/site-packages/airflow/example_dags/example_params_trigger_ui.py
[2023-05-21T20:03:33.362+0530] {processor.py:799} INFO - Processing file /home/feuer/.local/lib/python3.10/site-packages/airflow/example_dags/example_params_trigger_ui.py for tasks to queue
[2023-05-21T20:03:33.363+0530] {logging_mixin.py:149} INFO - [2023-05-21T20:03:33.363+0530] {dagbag.py:541} INFO - Filling up the DagBag from /home/feuer/.local/lib/python3.10/site-packages/airflow/example_dags/example_params_trigger_ui.py
[2023-05-21T20:03:33.379+0530] {processor.py:809} INFO - DAG(s) dict_keys(['example_params_trigger_ui']) retrieved from /home/feuer/.local/lib/python3.10/site-packages/airflow/example_dags/example_params_trigger_ui.py
[2023-05-21T20:03:33.439+0530] {logging_mixin.py:149} INFO - [2023-05-21T20:03:33.439+0530] {dag.py:2726} INFO - Sync 1 DAGs
[2023-05-21T20:03:33.450+0530] {logging_mixin.py:149} INFO - [2023-05-21T20:03:33.450+0530] {dag.py:3486} INFO - Setting next_dagrun for example_params_trigger_ui to None, run_after=None
[2023-05-21T20:03:33.534+0530] {processor.py:178} INFO - Processing /home/feuer/.local/lib/python3.10/site-packages/airflow/example_dags/example_params_trigger_ui.py took 0.183 seconds
[2023-05-21T20:04:33.458+0530] {processor.py:156} INFO - Started process (PID=28204) to work on /home/feuer/.local/lib/python3.10/site-packages/airflow/example_dags/example_params_trigger_ui.py
[2023-05-21T20:04:33.459+0530] {processor.py:799} INFO - Processing file /home/feuer/.local/lib/python3.10/site-packages/airflow/example_dags/example_params_trigger_ui.py for tasks to queue
[2023-05-21T20:04:33.459+0530] {logging_mixin.py:149} INFO - [2023-05-21T20:04:33.459+0530] {dagbag.py:541} INFO - Filling up the DagBag from /home/feuer/.local/lib/python3.10/site-packages/airflow/example_dags/example_params_trigger_ui.py
[2023-05-21T20:04:33.475+0530] {processor.py:809} INFO - DAG(s) dict_keys(['example_params_trigger_ui']) retrieved from /home/feuer/.local/lib/python3.10/site-packages/airflow/example_dags/example_params_trigger_ui.py
[2023-05-21T20:04:33.538+0530] {logging_mixin.py:149} INFO - [2023-05-21T20:04:33.538+0530] {dag.py:2726} INFO - Sync 1 DAGs
[2023-05-21T20:04:33.551+0530] {logging_mixin.py:149} INFO - [2023-05-21T20:04:33.551+0530] {dag.py:3486} INFO - Setting next_dagrun for example_params_trigger_ui to None, run_after=None
[2023-05-21T20:04:33.629+0530] {processor.py:178} INFO - Processing /home/feuer/.local/lib/python3.10/site-packages/airflow/example_dags/example_params_trigger_ui.py took 0.174 seconds
[2023-05-21T20:05:32.520+0530] {processor.py:156} INFO - Started process (PID=28410) to work on /home/feuer/.local/lib/python3.10/site-packages/airflow/example_dags/example_params_trigger_ui.py
[2023-05-21T20:05:32.521+0530] {processor.py:799} INFO - Processing file /home/feuer/.local/lib/python3.10/site-packages/airflow/example_dags/example_params_trigger_ui.py for tasks to queue
[2023-05-21T20:05:32.521+0530] {logging_mixin.py:149} INFO - [2023-05-21T20:05:32.521+0530] {dagbag.py:541} INFO - Filling up the DagBag from /home/feuer/.local/lib/python3.10/site-packages/airflow/example_dags/example_params_trigger_ui.py
[2023-05-21T20:05:32.545+0530] {processor.py:809} INFO - DAG(s) dict_keys(['example_params_trigger_ui']) retrieved from /home/feuer/.local/lib/python3.10/site-packages/airflow/example_dags/example_params_trigger_ui.py
[2023-05-21T20:05:32.607+0530] {logging_mixin.py:149} INFO - [2023-05-21T20:05:32.607+0530] {dag.py:2726} INFO - Sync 1 DAGs
[2023-05-21T20:05:32.619+0530] {logging_mixin.py:149} INFO - [2023-05-21T20:05:32.619+0530] {dag.py:3486} INFO - Setting next_dagrun for example_params_trigger_ui to None, run_after=None
[2023-05-21T20:05:32.701+0530] {processor.py:178} INFO - Processing /home/feuer/.local/lib/python3.10/site-packages/airflow/example_dags/example_params_trigger_ui.py took 0.184 seconds
[2023-05-21T20:06:29.797+0530] {processor.py:156} INFO - Started process (PID=28748) to work on /home/feuer/.local/lib/python3.10/site-packages/airflow/example_dags/example_params_trigger_ui.py
[2023-05-21T20:06:29.797+0530] {processor.py:799} INFO - Processing file /home/feuer/.local/lib/python3.10/site-packages/airflow/example_dags/example_params_trigger_ui.py for tasks to queue
[2023-05-21T20:06:29.798+0530] {logging_mixin.py:149} INFO - [2023-05-21T20:06:29.798+0530] {dagbag.py:541} INFO - Filling up the DagBag from /home/feuer/.local/lib/python3.10/site-packages/airflow/example_dags/example_params_trigger_ui.py
[2023-05-21T20:06:29.816+0530] {processor.py:809} INFO - DAG(s) dict_keys(['example_params_trigger_ui']) retrieved from /home/feuer/.local/lib/python3.10/site-packages/airflow/example_dags/example_params_trigger_ui.py
[2023-05-21T20:06:29.869+0530] {logging_mixin.py:149} INFO - [2023-05-21T20:06:29.869+0530] {dag.py:2726} INFO - Sync 1 DAGs
[2023-05-21T20:06:29.880+0530] {logging_mixin.py:149} INFO - [2023-05-21T20:06:29.880+0530] {dag.py:3486} INFO - Setting next_dagrun for example_params_trigger_ui to None, run_after=None
[2023-05-21T20:06:29.956+0530] {processor.py:178} INFO - Processing /home/feuer/.local/lib/python3.10/site-packages/airflow/example_dags/example_params_trigger_ui.py took 0.162 seconds
[2023-05-21T20:07:25.473+0530] {processor.py:156} INFO - Started process (PID=28905) to work on /home/feuer/.local/lib/python3.10/site-packages/airflow/example_dags/example_params_trigger_ui.py
[2023-05-21T20:07:25.474+0530] {processor.py:799} INFO - Processing file /home/feuer/.local/lib/python3.10/site-packages/airflow/example_dags/example_params_trigger_ui.py for tasks to queue
[2023-05-21T20:07:25.475+0530] {logging_mixin.py:149} INFO - [2023-05-21T20:07:25.475+0530] {dagbag.py:541} INFO - Filling up the DagBag from /home/feuer/.local/lib/python3.10/site-packages/airflow/example_dags/example_params_trigger_ui.py
[2023-05-21T20:07:25.503+0530] {processor.py:809} INFO - DAG(s) dict_keys(['example_params_trigger_ui']) retrieved from /home/feuer/.local/lib/python3.10/site-packages/airflow/example_dags/example_params_trigger_ui.py
[2023-05-21T20:07:25.570+0530] {logging_mixin.py:149} INFO - [2023-05-21T20:07:25.569+0530] {dag.py:2726} INFO - Sync 1 DAGs
[2023-05-21T20:07:25.580+0530] {logging_mixin.py:149} INFO - [2023-05-21T20:07:25.580+0530] {dag.py:3486} INFO - Setting next_dagrun for example_params_trigger_ui to None, run_after=None
[2023-05-21T20:07:25.653+0530] {processor.py:178} INFO - Processing /home/feuer/.local/lib/python3.10/site-packages/airflow/example_dags/example_params_trigger_ui.py took 0.184 seconds
[2023-05-21T20:08:20.879+0530] {processor.py:156} INFO - Started process (PID=29066) to work on /home/feuer/.local/lib/python3.10/site-packages/airflow/example_dags/example_params_trigger_ui.py
[2023-05-21T20:08:20.888+0530] {processor.py:799} INFO - Processing file /home/feuer/.local/lib/python3.10/site-packages/airflow/example_dags/example_params_trigger_ui.py for tasks to queue
[2023-05-21T20:08:20.889+0530] {logging_mixin.py:149} INFO - [2023-05-21T20:08:20.889+0530] {dagbag.py:541} INFO - Filling up the DagBag from /home/feuer/.local/lib/python3.10/site-packages/airflow/example_dags/example_params_trigger_ui.py
[2023-05-21T20:08:20.903+0530] {processor.py:809} INFO - DAG(s) dict_keys(['example_params_trigger_ui']) retrieved from /home/feuer/.local/lib/python3.10/site-packages/airflow/example_dags/example_params_trigger_ui.py
[2023-05-21T20:08:20.954+0530] {logging_mixin.py:149} INFO - [2023-05-21T20:08:20.954+0530] {dag.py:2726} INFO - Sync 1 DAGs
[2023-05-21T20:08:20.965+0530] {logging_mixin.py:149} INFO - [2023-05-21T20:08:20.965+0530] {dag.py:3486} INFO - Setting next_dagrun for example_params_trigger_ui to None, run_after=None
[2023-05-21T20:08:21.033+0530] {processor.py:178} INFO - Processing /home/feuer/.local/lib/python3.10/site-packages/airflow/example_dags/example_params_trigger_ui.py took 0.156 seconds
[2023-05-21T20:09:20.082+0530] {processor.py:156} INFO - Started process (PID=29234) to work on /home/feuer/.local/lib/python3.10/site-packages/airflow/example_dags/example_params_trigger_ui.py
[2023-05-21T20:09:20.094+0530] {processor.py:799} INFO - Processing file /home/feuer/.local/lib/python3.10/site-packages/airflow/example_dags/example_params_trigger_ui.py for tasks to queue
[2023-05-21T20:09:20.094+0530] {logging_mixin.py:149} INFO - [2023-05-21T20:09:20.094+0530] {dagbag.py:541} INFO - Filling up the DagBag from /home/feuer/.local/lib/python3.10/site-packages/airflow/example_dags/example_params_trigger_ui.py
[2023-05-21T20:09:20.108+0530] {processor.py:809} INFO - DAG(s) dict_keys(['example_params_trigger_ui']) retrieved from /home/feuer/.local/lib/python3.10/site-packages/airflow/example_dags/example_params_trigger_ui.py
[2023-05-21T20:09:20.159+0530] {logging_mixin.py:149} INFO - [2023-05-21T20:09:20.158+0530] {dag.py:2726} INFO - Sync 1 DAGs
[2023-05-21T20:09:20.169+0530] {logging_mixin.py:149} INFO - [2023-05-21T20:09:20.169+0530] {dag.py:3486} INFO - Setting next_dagrun for example_params_trigger_ui to None, run_after=None
[2023-05-21T20:09:20.248+0530] {processor.py:178} INFO - Processing /home/feuer/.local/lib/python3.10/site-packages/airflow/example_dags/example_params_trigger_ui.py took 0.168 seconds
[2023-05-21T20:10:17.267+0530] {processor.py:156} INFO - Started process (PID=29419) to work on /home/feuer/.local/lib/python3.10/site-packages/airflow/example_dags/example_params_trigger_ui.py
[2023-05-21T20:10:17.268+0530] {processor.py:799} INFO - Processing file /home/feuer/.local/lib/python3.10/site-packages/airflow/example_dags/example_params_trigger_ui.py for tasks to queue
[2023-05-21T20:10:17.269+0530] {logging_mixin.py:149} INFO - [2023-05-21T20:10:17.269+0530] {dagbag.py:541} INFO - Filling up the DagBag from /home/feuer/.local/lib/python3.10/site-packages/airflow/example_dags/example_params_trigger_ui.py
[2023-05-21T20:10:17.293+0530] {processor.py:809} INFO - DAG(s) dict_keys(['example_params_trigger_ui']) retrieved from /home/feuer/.local/lib/python3.10/site-packages/airflow/example_dags/example_params_trigger_ui.py
[2023-05-21T20:10:17.353+0530] {logging_mixin.py:149} INFO - [2023-05-21T20:10:17.353+0530] {dag.py:2726} INFO - Sync 1 DAGs
[2023-05-21T20:10:17.364+0530] {logging_mixin.py:149} INFO - [2023-05-21T20:10:17.364+0530] {dag.py:3486} INFO - Setting next_dagrun for example_params_trigger_ui to None, run_after=None
[2023-05-21T20:10:17.440+0530] {processor.py:178} INFO - Processing /home/feuer/.local/lib/python3.10/site-packages/airflow/example_dags/example_params_trigger_ui.py took 0.176 seconds
[2023-05-21T20:11:14.705+0530] {processor.py:156} INFO - Started process (PID=29561) to work on /home/feuer/.local/lib/python3.10/site-packages/airflow/example_dags/example_params_trigger_ui.py
[2023-05-21T20:11:14.714+0530] {processor.py:799} INFO - Processing file /home/feuer/.local/lib/python3.10/site-packages/airflow/example_dags/example_params_trigger_ui.py for tasks to queue
[2023-05-21T20:11:14.715+0530] {logging_mixin.py:149} INFO - [2023-05-21T20:11:14.714+0530] {dagbag.py:541} INFO - Filling up the DagBag from /home/feuer/.local/lib/python3.10/site-packages/airflow/example_dags/example_params_trigger_ui.py
[2023-05-21T20:11:14.738+0530] {processor.py:809} INFO - DAG(s) dict_keys(['example_params_trigger_ui']) retrieved from /home/feuer/.local/lib/python3.10/site-packages/airflow/example_dags/example_params_trigger_ui.py
[2023-05-21T20:11:14.800+0530] {logging_mixin.py:149} INFO - [2023-05-21T20:11:14.800+0530] {dag.py:2726} INFO - Sync 1 DAGs
[2023-05-21T20:11:14.811+0530] {logging_mixin.py:149} INFO - [2023-05-21T20:11:14.811+0530] {dag.py:3486} INFO - Setting next_dagrun for example_params_trigger_ui to None, run_after=None
[2023-05-21T20:11:14.895+0530] {processor.py:178} INFO - Processing /home/feuer/.local/lib/python3.10/site-packages/airflow/example_dags/example_params_trigger_ui.py took 0.193 seconds
[2023-05-21T20:12:13.193+0530] {processor.py:156} INFO - Started process (PID=29749) to work on /home/feuer/.local/lib/python3.10/site-packages/airflow/example_dags/example_params_trigger_ui.py
[2023-05-21T20:12:13.202+0530] {processor.py:799} INFO - Processing file /home/feuer/.local/lib/python3.10/site-packages/airflow/example_dags/example_params_trigger_ui.py for tasks to queue
[2023-05-21T20:12:13.203+0530] {logging_mixin.py:149} INFO - [2023-05-21T20:12:13.203+0530] {dagbag.py:541} INFO - Filling up the DagBag from /home/feuer/.local/lib/python3.10/site-packages/airflow/example_dags/example_params_trigger_ui.py
[2023-05-21T20:12:13.228+0530] {processor.py:809} INFO - DAG(s) dict_keys(['example_params_trigger_ui']) retrieved from /home/feuer/.local/lib/python3.10/site-packages/airflow/example_dags/example_params_trigger_ui.py
[2023-05-21T20:12:13.289+0530] {logging_mixin.py:149} INFO - [2023-05-21T20:12:13.289+0530] {dag.py:2726} INFO - Sync 1 DAGs
[2023-05-21T20:12:13.300+0530] {logging_mixin.py:149} INFO - [2023-05-21T20:12:13.300+0530] {dag.py:3486} INFO - Setting next_dagrun for example_params_trigger_ui to None, run_after=None
[2023-05-21T20:12:13.381+0530] {processor.py:178} INFO - Processing /home/feuer/.local/lib/python3.10/site-packages/airflow/example_dags/example_params_trigger_ui.py took 0.191 seconds
[2023-05-21T16:58:45.842+0530] {processor.py:156} INFO - Started process (PID=55919) to work on /home/feuer/.local/lib/python3.10/site-packages/airflow/example_dags/example_params_trigger_ui.py
[2023-05-21T16:58:45.862+0530] {processor.py:799} INFO - Processing file /home/feuer/.local/lib/python3.10/site-packages/airflow/example_dags/example_params_trigger_ui.py for tasks to queue
[2023-05-21T16:58:45.863+0530] {logging_mixin.py:149} INFO - [2023-05-21T16:58:45.863+0530] {dagbag.py:541} INFO - Filling up the DagBag from /home/feuer/.local/lib/python3.10/site-packages/airflow/example_dags/example_params_trigger_ui.py
[2023-05-21T16:58:46.056+0530] {processor.py:809} INFO - DAG(s) dict_keys(['example_params_trigger_ui']) retrieved from /home/feuer/.local/lib/python3.10/site-packages/airflow/example_dags/example_params_trigger_ui.py
[2023-05-21T16:58:46.108+0530] {logging_mixin.py:149} INFO - [2023-05-21T16:58:46.108+0530] {dag.py:2726} INFO - Sync 1 DAGs
[2023-05-21T16:58:46.117+0530] {logging_mixin.py:149} INFO - [2023-05-21T16:58:46.117+0530] {dag.py:3486} INFO - Setting next_dagrun for example_params_trigger_ui to None, run_after=None
[2023-05-21T16:58:46.353+0530] {processor.py:178} INFO - Processing /home/feuer/.local/lib/python3.10/site-packages/airflow/example_dags/example_params_trigger_ui.py took 0.514 seconds
[2023-05-21T17:00:21.061+0530] {processor.py:156} INFO - Started process (PID=56127) to work on /home/feuer/.local/lib/python3.10/site-packages/airflow/example_dags/example_params_trigger_ui.py
[2023-05-21T17:00:21.086+0530] {processor.py:799} INFO - Processing file /home/feuer/.local/lib/python3.10/site-packages/airflow/example_dags/example_params_trigger_ui.py for tasks to queue
[2023-05-21T17:00:21.086+0530] {logging_mixin.py:149} INFO - [2023-05-21T17:00:21.086+0530] {dagbag.py:541} INFO - Filling up the DagBag from /home/feuer/.local/lib/python3.10/site-packages/airflow/example_dags/example_params_trigger_ui.py
[2023-05-21T17:00:21.110+0530] {processor.py:809} INFO - DAG(s) dict_keys(['example_params_trigger_ui']) retrieved from /home/feuer/.local/lib/python3.10/site-packages/airflow/example_dags/example_params_trigger_ui.py
[2023-05-21T17:00:21.181+0530] {logging_mixin.py:149} INFO - [2023-05-21T17:00:21.180+0530] {dag.py:2726} INFO - Sync 1 DAGs
[2023-05-21T17:00:21.193+0530] {logging_mixin.py:149} INFO - [2023-05-21T17:00:21.193+0530] {dag.py:3486} INFO - Setting next_dagrun for example_params_trigger_ui to None, run_after=None
[2023-05-21T17:00:21.404+0530] {processor.py:178} INFO - Processing /home/feuer/.local/lib/python3.10/site-packages/airflow/example_dags/example_params_trigger_ui.py took 0.346 seconds
[2023-05-21T17:01:48.815+0530] {processor.py:156} INFO - Started process (PID=56397) to work on /home/feuer/.local/lib/python3.10/site-packages/airflow/example_dags/example_params_trigger_ui.py
[2023-05-21T17:01:48.835+0530] {processor.py:799} INFO - Processing file /home/feuer/.local/lib/python3.10/site-packages/airflow/example_dags/example_params_trigger_ui.py for tasks to queue
[2023-05-21T17:01:48.836+0530] {logging_mixin.py:149} INFO - [2023-05-21T17:01:48.836+0530] {dagbag.py:541} INFO - Filling up the DagBag from /home/feuer/.local/lib/python3.10/site-packages/airflow/example_dags/example_params_trigger_ui.py
[2023-05-21T17:01:48.859+0530] {processor.py:809} INFO - DAG(s) dict_keys(['example_params_trigger_ui']) retrieved from /home/feuer/.local/lib/python3.10/site-packages/airflow/example_dags/example_params_trigger_ui.py
[2023-05-21T17:01:48.932+0530] {logging_mixin.py:149} INFO - [2023-05-21T17:01:48.931+0530] {dag.py:2726} INFO - Sync 1 DAGs
[2023-05-21T17:01:48.943+0530] {logging_mixin.py:149} INFO - [2023-05-21T17:01:48.943+0530] {dag.py:3486} INFO - Setting next_dagrun for example_params_trigger_ui to None, run_after=None
[2023-05-21T17:01:49.621+0530] {processor.py:178} INFO - Processing /home/feuer/.local/lib/python3.10/site-packages/airflow/example_dags/example_params_trigger_ui.py took 0.810 seconds
[2023-05-21T17:03:03.698+0530] {processor.py:156} INFO - Started process (PID=56640) to work on /home/feuer/.local/lib/python3.10/site-packages/airflow/example_dags/example_params_trigger_ui.py
[2023-05-21T17:03:03.706+0530] {processor.py:799} INFO - Processing file /home/feuer/.local/lib/python3.10/site-packages/airflow/example_dags/example_params_trigger_ui.py for tasks to queue
[2023-05-21T17:03:03.706+0530] {logging_mixin.py:149} INFO - [2023-05-21T17:03:03.706+0530] {dagbag.py:541} INFO - Filling up the DagBag from /home/feuer/.local/lib/python3.10/site-packages/airflow/example_dags/example_params_trigger_ui.py
[2023-05-21T17:03:03.719+0530] {processor.py:809} INFO - DAG(s) dict_keys(['example_params_trigger_ui']) retrieved from /home/feuer/.local/lib/python3.10/site-packages/airflow/example_dags/example_params_trigger_ui.py
[2023-05-21T17:03:03.770+0530] {logging_mixin.py:149} INFO - [2023-05-21T17:03:03.770+0530] {dag.py:2726} INFO - Sync 1 DAGs
[2023-05-21T17:03:03.781+0530] {logging_mixin.py:149} INFO - [2023-05-21T17:03:03.781+0530] {dag.py:3486} INFO - Setting next_dagrun for example_params_trigger_ui to None, run_after=None
[2023-05-21T17:03:03.878+0530] {processor.py:178} INFO - Processing /home/feuer/.local/lib/python3.10/site-packages/airflow/example_dags/example_params_trigger_ui.py took 0.183 seconds
[2023-05-21T17:03:57.370+0530] {processor.py:156} INFO - Started process (PID=56765) to work on /home/feuer/.local/lib/python3.10/site-packages/airflow/example_dags/example_params_trigger_ui.py
[2023-05-21T17:03:57.384+0530] {processor.py:799} INFO - Processing file /home/feuer/.local/lib/python3.10/site-packages/airflow/example_dags/example_params_trigger_ui.py for tasks to queue
[2023-05-21T17:03:57.385+0530] {logging_mixin.py:149} INFO - [2023-05-21T17:03:57.384+0530] {dagbag.py:541} INFO - Filling up the DagBag from /home/feuer/.local/lib/python3.10/site-packages/airflow/example_dags/example_params_trigger_ui.py
[2023-05-21T17:03:57.398+0530] {processor.py:809} INFO - DAG(s) dict_keys(['example_params_trigger_ui']) retrieved from /home/feuer/.local/lib/python3.10/site-packages/airflow/example_dags/example_params_trigger_ui.py
[2023-05-21T17:03:57.450+0530] {logging_mixin.py:149} INFO - [2023-05-21T17:03:57.450+0530] {dag.py:2726} INFO - Sync 1 DAGs
[2023-05-21T17:03:57.461+0530] {logging_mixin.py:149} INFO - [2023-05-21T17:03:57.460+0530] {dag.py:3486} INFO - Setting next_dagrun for example_params_trigger_ui to None, run_after=None
[2023-05-21T17:03:57.529+0530] {processor.py:178} INFO - Processing /home/feuer/.local/lib/python3.10/site-packages/airflow/example_dags/example_params_trigger_ui.py took 0.162 seconds
[2023-05-21T17:05:05.547+0530] {processor.py:156} INFO - Started process (PID=56922) to work on /home/feuer/.local/lib/python3.10/site-packages/airflow/example_dags/example_params_trigger_ui.py
[2023-05-21T17:05:05.548+0530] {processor.py:799} INFO - Processing file /home/feuer/.local/lib/python3.10/site-packages/airflow/example_dags/example_params_trigger_ui.py for tasks to queue
[2023-05-21T17:05:05.549+0530] {logging_mixin.py:149} INFO - [2023-05-21T17:05:05.548+0530] {dagbag.py:541} INFO - Filling up the DagBag from /home/feuer/.local/lib/python3.10/site-packages/airflow/example_dags/example_params_trigger_ui.py
[2023-05-21T17:05:05.571+0530] {processor.py:809} INFO - DAG(s) dict_keys(['example_params_trigger_ui']) retrieved from /home/feuer/.local/lib/python3.10/site-packages/airflow/example_dags/example_params_trigger_ui.py
[2023-05-21T17:05:05.630+0530] {logging_mixin.py:149} INFO - [2023-05-21T17:05:05.630+0530] {dag.py:2726} INFO - Sync 1 DAGs
[2023-05-21T17:05:05.641+0530] {logging_mixin.py:149} INFO - [2023-05-21T17:05:05.641+0530] {dag.py:3486} INFO - Setting next_dagrun for example_params_trigger_ui to None, run_after=None
[2023-05-21T17:05:05.705+0530] {processor.py:178} INFO - Processing /home/feuer/.local/lib/python3.10/site-packages/airflow/example_dags/example_params_trigger_ui.py took 0.160 seconds
[2023-05-21T17:06:14.288+0530] {processor.py:156} INFO - Started process (PID=57095) to work on /home/feuer/.local/lib/python3.10/site-packages/airflow/example_dags/example_params_trigger_ui.py
[2023-05-21T17:06:14.289+0530] {processor.py:799} INFO - Processing file /home/feuer/.local/lib/python3.10/site-packages/airflow/example_dags/example_params_trigger_ui.py for tasks to queue
[2023-05-21T17:06:14.289+0530] {logging_mixin.py:149} INFO - [2023-05-21T17:06:14.289+0530] {dagbag.py:541} INFO - Filling up the DagBag from /home/feuer/.local/lib/python3.10/site-packages/airflow/example_dags/example_params_trigger_ui.py
[2023-05-21T17:06:14.303+0530] {processor.py:809} INFO - DAG(s) dict_keys(['example_params_trigger_ui']) retrieved from /home/feuer/.local/lib/python3.10/site-packages/airflow/example_dags/example_params_trigger_ui.py
[2023-05-21T17:06:14.355+0530] {logging_mixin.py:149} INFO - [2023-05-21T17:06:14.355+0530] {dag.py:2726} INFO - Sync 1 DAGs
[2023-05-21T17:06:14.365+0530] {logging_mixin.py:149} INFO - [2023-05-21T17:06:14.365+0530] {dag.py:3486} INFO - Setting next_dagrun for example_params_trigger_ui to None, run_after=None
[2023-05-21T17:06:14.484+0530] {processor.py:178} INFO - Processing /home/feuer/.local/lib/python3.10/site-packages/airflow/example_dags/example_params_trigger_ui.py took 0.197 seconds
[2023-05-21T17:07:19.624+0530] {processor.py:156} INFO - Started process (PID=57238) to work on /home/feuer/.local/lib/python3.10/site-packages/airflow/example_dags/example_params_trigger_ui.py
[2023-05-21T17:07:19.635+0530] {processor.py:799} INFO - Processing file /home/feuer/.local/lib/python3.10/site-packages/airflow/example_dags/example_params_trigger_ui.py for tasks to queue
[2023-05-21T17:07:19.635+0530] {logging_mixin.py:149} INFO - [2023-05-21T17:07:19.635+0530] {dagbag.py:541} INFO - Filling up the DagBag from /home/feuer/.local/lib/python3.10/site-packages/airflow/example_dags/example_params_trigger_ui.py
[2023-05-21T17:07:19.648+0530] {processor.py:809} INFO - DAG(s) dict_keys(['example_params_trigger_ui']) retrieved from /home/feuer/.local/lib/python3.10/site-packages/airflow/example_dags/example_params_trigger_ui.py
[2023-05-21T17:07:19.698+0530] {logging_mixin.py:149} INFO - [2023-05-21T17:07:19.698+0530] {dag.py:2726} INFO - Sync 1 DAGs
[2023-05-21T17:07:19.709+0530] {logging_mixin.py:149} INFO - [2023-05-21T17:07:19.709+0530] {dag.py:3486} INFO - Setting next_dagrun for example_params_trigger_ui to None, run_after=None
[2023-05-21T17:07:19.787+0530] {processor.py:178} INFO - Processing /home/feuer/.local/lib/python3.10/site-packages/airflow/example_dags/example_params_trigger_ui.py took 0.165 seconds
[2023-05-21T17:08:26.963+0530] {processor.py:156} INFO - Started process (PID=57422) to work on /home/feuer/.local/lib/python3.10/site-packages/airflow/example_dags/example_params_trigger_ui.py
[2023-05-21T17:08:26.964+0530] {processor.py:799} INFO - Processing file /home/feuer/.local/lib/python3.10/site-packages/airflow/example_dags/example_params_trigger_ui.py for tasks to queue
[2023-05-21T17:08:26.965+0530] {logging_mixin.py:149} INFO - [2023-05-21T17:08:26.965+0530] {dagbag.py:541} INFO - Filling up the DagBag from /home/feuer/.local/lib/python3.10/site-packages/airflow/example_dags/example_params_trigger_ui.py
[2023-05-21T17:08:26.980+0530] {processor.py:809} INFO - DAG(s) dict_keys(['example_params_trigger_ui']) retrieved from /home/feuer/.local/lib/python3.10/site-packages/airflow/example_dags/example_params_trigger_ui.py
[2023-05-21T17:08:27.030+0530] {logging_mixin.py:149} INFO - [2023-05-21T17:08:27.030+0530] {dag.py:2726} INFO - Sync 1 DAGs
[2023-05-21T17:08:27.041+0530] {logging_mixin.py:149} INFO - [2023-05-21T17:08:27.041+0530] {dag.py:3486} INFO - Setting next_dagrun for example_params_trigger_ui to None, run_after=None
[2023-05-21T17:08:27.098+0530] {processor.py:178} INFO - Processing /home/feuer/.local/lib/python3.10/site-packages/airflow/example_dags/example_params_trigger_ui.py took 0.137 seconds
[2023-05-21T17:09:36.591+0530] {processor.py:156} INFO - Started process (PID=57604) to work on /home/feuer/.local/lib/python3.10/site-packages/airflow/example_dags/example_params_trigger_ui.py
[2023-05-21T17:09:36.611+0530] {processor.py:799} INFO - Processing file /home/feuer/.local/lib/python3.10/site-packages/airflow/example_dags/example_params_trigger_ui.py for tasks to queue
[2023-05-21T17:09:36.612+0530] {logging_mixin.py:149} INFO - [2023-05-21T17:09:36.611+0530] {dagbag.py:541} INFO - Filling up the DagBag from /home/feuer/.local/lib/python3.10/site-packages/airflow/example_dags/example_params_trigger_ui.py
[2023-05-21T17:09:36.635+0530] {processor.py:809} INFO - DAG(s) dict_keys(['example_params_trigger_ui']) retrieved from /home/feuer/.local/lib/python3.10/site-packages/airflow/example_dags/example_params_trigger_ui.py
[2023-05-21T17:09:36.709+0530] {logging_mixin.py:149} INFO - [2023-05-21T17:09:36.709+0530] {dag.py:2726} INFO - Sync 1 DAGs
[2023-05-21T17:09:36.721+0530] {logging_mixin.py:149} INFO - [2023-05-21T17:09:36.721+0530] {dag.py:3486} INFO - Setting next_dagrun for example_params_trigger_ui to None, run_after=None
[2023-05-21T17:09:36.793+0530] {processor.py:178} INFO - Processing /home/feuer/.local/lib/python3.10/site-packages/airflow/example_dags/example_params_trigger_ui.py took 0.205 seconds
[2023-05-21T17:10:44.363+0530] {processor.py:156} INFO - Started process (PID=57786) to work on /home/feuer/.local/lib/python3.10/site-packages/airflow/example_dags/example_params_trigger_ui.py
[2023-05-21T17:10:44.363+0530] {processor.py:799} INFO - Processing file /home/feuer/.local/lib/python3.10/site-packages/airflow/example_dags/example_params_trigger_ui.py for tasks to queue
[2023-05-21T17:10:44.364+0530] {logging_mixin.py:149} INFO - [2023-05-21T17:10:44.364+0530] {dagbag.py:541} INFO - Filling up the DagBag from /home/feuer/.local/lib/python3.10/site-packages/airflow/example_dags/example_params_trigger_ui.py
[2023-05-21T17:10:44.378+0530] {processor.py:809} INFO - DAG(s) dict_keys(['example_params_trigger_ui']) retrieved from /home/feuer/.local/lib/python3.10/site-packages/airflow/example_dags/example_params_trigger_ui.py
[2023-05-21T17:10:44.428+0530] {logging_mixin.py:149} INFO - [2023-05-21T17:10:44.428+0530] {dag.py:2726} INFO - Sync 1 DAGs
[2023-05-21T17:10:44.439+0530] {logging_mixin.py:149} INFO - [2023-05-21T17:10:44.439+0530] {dag.py:3486} INFO - Setting next_dagrun for example_params_trigger_ui to None, run_after=None
[2023-05-21T17:10:44.513+0530] {processor.py:178} INFO - Processing /home/feuer/.local/lib/python3.10/site-packages/airflow/example_dags/example_params_trigger_ui.py took 0.153 seconds
[2023-05-21T17:11:55.572+0530] {processor.py:156} INFO - Started process (PID=57942) to work on /home/feuer/.local/lib/python3.10/site-packages/airflow/example_dags/example_params_trigger_ui.py
[2023-05-21T17:11:55.573+0530] {processor.py:799} INFO - Processing file /home/feuer/.local/lib/python3.10/site-packages/airflow/example_dags/example_params_trigger_ui.py for tasks to queue
[2023-05-21T17:11:55.573+0530] {logging_mixin.py:149} INFO - [2023-05-21T17:11:55.573+0530] {dagbag.py:541} INFO - Filling up the DagBag from /home/feuer/.local/lib/python3.10/site-packages/airflow/example_dags/example_params_trigger_ui.py
[2023-05-21T17:11:55.596+0530] {processor.py:809} INFO - DAG(s) dict_keys(['example_params_trigger_ui']) retrieved from /home/feuer/.local/lib/python3.10/site-packages/airflow/example_dags/example_params_trigger_ui.py
[2023-05-21T17:11:55.655+0530] {logging_mixin.py:149} INFO - [2023-05-21T17:11:55.655+0530] {dag.py:2726} INFO - Sync 1 DAGs
[2023-05-21T17:11:55.665+0530] {logging_mixin.py:149} INFO - [2023-05-21T17:11:55.665+0530] {dag.py:3486} INFO - Setting next_dagrun for example_params_trigger_ui to None, run_after=None
[2023-05-21T17:11:55.747+0530] {processor.py:178} INFO - Processing /home/feuer/.local/lib/python3.10/site-packages/airflow/example_dags/example_params_trigger_ui.py took 0.177 seconds
[2023-05-21T17:13:03.507+0530] {processor.py:156} INFO - Started process (PID=58131) to work on /home/feuer/.local/lib/python3.10/site-packages/airflow/example_dags/example_params_trigger_ui.py
[2023-05-21T17:13:03.508+0530] {processor.py:799} INFO - Processing file /home/feuer/.local/lib/python3.10/site-packages/airflow/example_dags/example_params_trigger_ui.py for tasks to queue
[2023-05-21T17:13:03.509+0530] {logging_mixin.py:149} INFO - [2023-05-21T17:13:03.508+0530] {dagbag.py:541} INFO - Filling up the DagBag from /home/feuer/.local/lib/python3.10/site-packages/airflow/example_dags/example_params_trigger_ui.py
[2023-05-21T17:13:03.532+0530] {processor.py:809} INFO - DAG(s) dict_keys(['example_params_trigger_ui']) retrieved from /home/feuer/.local/lib/python3.10/site-packages/airflow/example_dags/example_params_trigger_ui.py
[2023-05-21T17:13:03.591+0530] {logging_mixin.py:149} INFO - [2023-05-21T17:13:03.591+0530] {dag.py:2726} INFO - Sync 1 DAGs
[2023-05-21T17:13:03.602+0530] {logging_mixin.py:149} INFO - [2023-05-21T17:13:03.602+0530] {dag.py:3486} INFO - Setting next_dagrun for example_params_trigger_ui to None, run_after=None
[2023-05-21T17:13:03.670+0530] {processor.py:178} INFO - Processing /home/feuer/.local/lib/python3.10/site-packages/airflow/example_dags/example_params_trigger_ui.py took 0.166 seconds
[2023-05-21T17:14:08.759+0530] {processor.py:156} INFO - Started process (PID=58272) to work on /home/feuer/.local/lib/python3.10/site-packages/airflow/example_dags/example_params_trigger_ui.py
[2023-05-21T17:14:08.773+0530] {processor.py:799} INFO - Processing file /home/feuer/.local/lib/python3.10/site-packages/airflow/example_dags/example_params_trigger_ui.py for tasks to queue
[2023-05-21T17:14:08.774+0530] {logging_mixin.py:149} INFO - [2023-05-21T17:14:08.774+0530] {dagbag.py:541} INFO - Filling up the DagBag from /home/feuer/.local/lib/python3.10/site-packages/airflow/example_dags/example_params_trigger_ui.py
[2023-05-21T17:14:08.786+0530] {processor.py:809} INFO - DAG(s) dict_keys(['example_params_trigger_ui']) retrieved from /home/feuer/.local/lib/python3.10/site-packages/airflow/example_dags/example_params_trigger_ui.py
[2023-05-21T17:14:08.837+0530] {logging_mixin.py:149} INFO - [2023-05-21T17:14:08.837+0530] {dag.py:2726} INFO - Sync 1 DAGs
[2023-05-21T17:14:08.848+0530] {logging_mixin.py:149} INFO - [2023-05-21T17:14:08.848+0530] {dag.py:3486} INFO - Setting next_dagrun for example_params_trigger_ui to None, run_after=None
[2023-05-21T17:14:08.933+0530] {processor.py:178} INFO - Processing /home/feuer/.local/lib/python3.10/site-packages/airflow/example_dags/example_params_trigger_ui.py took 0.176 seconds
[2023-05-21T17:15:21.151+0530] {processor.py:156} INFO - Started process (PID=58477) to work on /home/feuer/.local/lib/python3.10/site-packages/airflow/example_dags/example_params_trigger_ui.py
[2023-05-21T17:15:21.160+0530] {processor.py:799} INFO - Processing file /home/feuer/.local/lib/python3.10/site-packages/airflow/example_dags/example_params_trigger_ui.py for tasks to queue
[2023-05-21T17:15:21.161+0530] {logging_mixin.py:149} INFO - [2023-05-21T17:15:21.161+0530] {dagbag.py:541} INFO - Filling up the DagBag from /home/feuer/.local/lib/python3.10/site-packages/airflow/example_dags/example_params_trigger_ui.py
[2023-05-21T17:15:21.173+0530] {processor.py:809} INFO - DAG(s) dict_keys(['example_params_trigger_ui']) retrieved from /home/feuer/.local/lib/python3.10/site-packages/airflow/example_dags/example_params_trigger_ui.py
[2023-05-21T17:15:21.225+0530] {logging_mixin.py:149} INFO - [2023-05-21T17:15:21.225+0530] {dag.py:2726} INFO - Sync 1 DAGs
[2023-05-21T17:15:21.235+0530] {logging_mixin.py:149} INFO - [2023-05-21T17:15:21.235+0530] {dag.py:3486} INFO - Setting next_dagrun for example_params_trigger_ui to None, run_after=None
[2023-05-21T17:15:21.312+0530] {processor.py:178} INFO - Processing /home/feuer/.local/lib/python3.10/site-packages/airflow/example_dags/example_params_trigger_ui.py took 0.164 seconds
[2023-05-21T17:16:31.335+0530] {processor.py:156} INFO - Started process (PID=58619) to work on /home/feuer/.local/lib/python3.10/site-packages/airflow/example_dags/example_params_trigger_ui.py
[2023-05-21T17:16:31.348+0530] {processor.py:799} INFO - Processing file /home/feuer/.local/lib/python3.10/site-packages/airflow/example_dags/example_params_trigger_ui.py for tasks to queue
[2023-05-21T17:16:31.348+0530] {logging_mixin.py:149} INFO - [2023-05-21T17:16:31.348+0530] {dagbag.py:541} INFO - Filling up the DagBag from /home/feuer/.local/lib/python3.10/site-packages/airflow/example_dags/example_params_trigger_ui.py
[2023-05-21T17:16:31.370+0530] {processor.py:809} INFO - DAG(s) dict_keys(['example_params_trigger_ui']) retrieved from /home/feuer/.local/lib/python3.10/site-packages/airflow/example_dags/example_params_trigger_ui.py
[2023-05-21T17:16:31.435+0530] {logging_mixin.py:149} INFO - [2023-05-21T17:16:31.435+0530] {dag.py:2726} INFO - Sync 1 DAGs
[2023-05-21T17:16:31.445+0530] {logging_mixin.py:149} INFO - [2023-05-21T17:16:31.445+0530] {dag.py:3486} INFO - Setting next_dagrun for example_params_trigger_ui to None, run_after=None
[2023-05-21T17:16:31.541+0530] {processor.py:178} INFO - Processing /home/feuer/.local/lib/python3.10/site-packages/airflow/example_dags/example_params_trigger_ui.py took 0.209 seconds
[2023-05-21T17:17:42.154+0530] {processor.py:156} INFO - Started process (PID=58804) to work on /home/feuer/.local/lib/python3.10/site-packages/airflow/example_dags/example_params_trigger_ui.py
[2023-05-21T17:17:42.155+0530] {processor.py:799} INFO - Processing file /home/feuer/.local/lib/python3.10/site-packages/airflow/example_dags/example_params_trigger_ui.py for tasks to queue
[2023-05-21T17:17:42.155+0530] {logging_mixin.py:149} INFO - [2023-05-21T17:17:42.155+0530] {dagbag.py:541} INFO - Filling up the DagBag from /home/feuer/.local/lib/python3.10/site-packages/airflow/example_dags/example_params_trigger_ui.py
[2023-05-21T17:17:42.178+0530] {processor.py:809} INFO - DAG(s) dict_keys(['example_params_trigger_ui']) retrieved from /home/feuer/.local/lib/python3.10/site-packages/airflow/example_dags/example_params_trigger_ui.py
[2023-05-21T17:17:42.237+0530] {logging_mixin.py:149} INFO - [2023-05-21T17:17:42.237+0530] {dag.py:2726} INFO - Sync 1 DAGs
[2023-05-21T17:17:42.248+0530] {logging_mixin.py:149} INFO - [2023-05-21T17:17:42.247+0530] {dag.py:3486} INFO - Setting next_dagrun for example_params_trigger_ui to None, run_after=None
[2023-05-21T17:17:42.333+0530] {processor.py:178} INFO - Processing /home/feuer/.local/lib/python3.10/site-packages/airflow/example_dags/example_params_trigger_ui.py took 0.182 seconds
[2023-05-21T17:18:51.378+0530] {processor.py:156} INFO - Started process (PID=58957) to work on /home/feuer/.local/lib/python3.10/site-packages/airflow/example_dags/example_params_trigger_ui.py
[2023-05-21T17:18:51.379+0530] {processor.py:799} INFO - Processing file /home/feuer/.local/lib/python3.10/site-packages/airflow/example_dags/example_params_trigger_ui.py for tasks to queue
[2023-05-21T17:18:51.380+0530] {logging_mixin.py:149} INFO - [2023-05-21T17:18:51.380+0530] {dagbag.py:541} INFO - Filling up the DagBag from /home/feuer/.local/lib/python3.10/site-packages/airflow/example_dags/example_params_trigger_ui.py
[2023-05-21T17:18:51.402+0530] {processor.py:809} INFO - DAG(s) dict_keys(['example_params_trigger_ui']) retrieved from /home/feuer/.local/lib/python3.10/site-packages/airflow/example_dags/example_params_trigger_ui.py
[2023-05-21T17:18:51.460+0530] {logging_mixin.py:149} INFO - [2023-05-21T17:18:51.460+0530] {dag.py:2726} INFO - Sync 1 DAGs
[2023-05-21T17:18:51.471+0530] {logging_mixin.py:149} INFO - [2023-05-21T17:18:51.471+0530] {dag.py:3486} INFO - Setting next_dagrun for example_params_trigger_ui to None, run_after=None
[2023-05-21T17:18:51.550+0530] {processor.py:178} INFO - Processing /home/feuer/.local/lib/python3.10/site-packages/airflow/example_dags/example_params_trigger_ui.py took 0.174 seconds
[2023-05-21T17:20:00.694+0530] {processor.py:156} INFO - Started process (PID=59153) to work on /home/feuer/.local/lib/python3.10/site-packages/airflow/example_dags/example_params_trigger_ui.py
[2023-05-21T17:20:00.708+0530] {processor.py:799} INFO - Processing file /home/feuer/.local/lib/python3.10/site-packages/airflow/example_dags/example_params_trigger_ui.py for tasks to queue
[2023-05-21T17:20:00.708+0530] {logging_mixin.py:149} INFO - [2023-05-21T17:20:00.708+0530] {dagbag.py:541} INFO - Filling up the DagBag from /home/feuer/.local/lib/python3.10/site-packages/airflow/example_dags/example_params_trigger_ui.py
[2023-05-21T17:20:00.730+0530] {processor.py:809} INFO - DAG(s) dict_keys(['example_params_trigger_ui']) retrieved from /home/feuer/.local/lib/python3.10/site-packages/airflow/example_dags/example_params_trigger_ui.py
[2023-05-21T17:20:00.796+0530] {logging_mixin.py:149} INFO - [2023-05-21T17:20:00.796+0530] {dag.py:2726} INFO - Sync 1 DAGs
[2023-05-21T17:20:00.807+0530] {logging_mixin.py:149} INFO - [2023-05-21T17:20:00.807+0530] {dag.py:3486} INFO - Setting next_dagrun for example_params_trigger_ui to None, run_after=None
[2023-05-21T17:20:00.868+0530] {processor.py:178} INFO - Processing /home/feuer/.local/lib/python3.10/site-packages/airflow/example_dags/example_params_trigger_ui.py took 0.177 seconds
[2023-05-21T17:21:55.237+0530] {processor.py:156} INFO - Started process (PID=59557) to work on /home/feuer/.local/lib/python3.10/site-packages/airflow/example_dags/example_params_trigger_ui.py
[2023-05-21T17:21:55.259+0530] {processor.py:799} INFO - Processing file /home/feuer/.local/lib/python3.10/site-packages/airflow/example_dags/example_params_trigger_ui.py for tasks to queue
[2023-05-21T17:21:55.260+0530] {logging_mixin.py:149} INFO - [2023-05-21T17:21:55.259+0530] {dagbag.py:541} INFO - Filling up the DagBag from /home/feuer/.local/lib/python3.10/site-packages/airflow/example_dags/example_params_trigger_ui.py
[2023-05-21T17:21:55.282+0530] {processor.py:809} INFO - DAG(s) dict_keys(['example_params_trigger_ui']) retrieved from /home/feuer/.local/lib/python3.10/site-packages/airflow/example_dags/example_params_trigger_ui.py
[2023-05-21T17:21:55.350+0530] {logging_mixin.py:149} INFO - [2023-05-21T17:21:55.350+0530] {dag.py:2726} INFO - Sync 1 DAGs
[2023-05-21T17:21:55.361+0530] {logging_mixin.py:149} INFO - [2023-05-21T17:21:55.361+0530] {dag.py:3486} INFO - Setting next_dagrun for example_params_trigger_ui to None, run_after=None
[2023-05-21T17:21:55.901+0530] {processor.py:178} INFO - Processing /home/feuer/.local/lib/python3.10/site-packages/airflow/example_dags/example_params_trigger_ui.py took 0.667 seconds
