[2023-05-21T19:40:00.843+0530] {processor.py:156} INFO - Started process (PID=23845) to work on /home/feuer/.local/lib/python3.10/site-packages/airflow/example_dags/example_branch_labels.py
[2023-05-21T19:40:00.843+0530] {processor.py:799} INFO - Processing file /home/feuer/.local/lib/python3.10/site-packages/airflow/example_dags/example_branch_labels.py for tasks to queue
[2023-05-21T19:40:00.844+0530] {logging_mixin.py:149} INFO - [2023-05-21T19:40:00.844+0530] {dagbag.py:541} INFO - Filling up the DagBag from /home/feuer/.local/lib/python3.10/site-packages/airflow/example_dags/example_branch_labels.py
[2023-05-21T19:40:00.849+0530] {processor.py:809} INFO - DAG(s) dict_keys(['example_branch_labels']) retrieved from /home/feuer/.local/lib/python3.10/site-packages/airflow/example_dags/example_branch_labels.py
[2023-05-21T19:40:00.866+0530] {logging_mixin.py:149} INFO - [2023-05-21T19:40:00.866+0530] {dag.py:2726} INFO - Sync 1 DAGs
[2023-05-21T19:40:00.886+0530] {logging_mixin.py:149} INFO - [2023-05-21T19:40:00.886+0530] {dag.py:3486} INFO - Setting next_dagrun for example_branch_labels to 2023-05-20T00:00:00+00:00, run_after=2023-05-21T00:00:00+00:00
[2023-05-21T19:40:01.036+0530] {processor.py:178} INFO - Processing /home/feuer/.local/lib/python3.10/site-packages/airflow/example_dags/example_branch_labels.py took 0.196 seconds
[2023-05-21T19:41:21.531+0530] {processor.py:156} INFO - Started process (PID=24231) to work on /home/feuer/.local/lib/python3.10/site-packages/airflow/example_dags/example_branch_labels.py
[2023-05-21T19:41:21.837+0530] {processor.py:799} INFO - Processing file /home/feuer/.local/lib/python3.10/site-packages/airflow/example_dags/example_branch_labels.py for tasks to queue
[2023-05-21T19:41:21.838+0530] {logging_mixin.py:149} INFO - [2023-05-21T19:41:21.838+0530] {dagbag.py:541} INFO - Filling up the DagBag from /home/feuer/.local/lib/python3.10/site-packages/airflow/example_dags/example_branch_labels.py
[2023-05-21T19:41:22.000+0530] {processor.py:809} INFO - DAG(s) dict_keys(['example_branch_labels']) retrieved from /home/feuer/.local/lib/python3.10/site-packages/airflow/example_dags/example_branch_labels.py
[2023-05-21T19:41:22.376+0530] {logging_mixin.py:149} INFO - [2023-05-21T19:41:22.376+0530] {dag.py:2726} INFO - Sync 1 DAGs
[2023-05-21T19:41:22.389+0530] {logging_mixin.py:149} INFO - [2023-05-21T19:41:22.389+0530] {dag.py:3486} INFO - Setting next_dagrun for example_branch_labels to 2023-05-20T00:00:00+00:00, run_after=2023-05-21T00:00:00+00:00
[2023-05-21T19:41:22.811+0530] {processor.py:178} INFO - Processing /home/feuer/.local/lib/python3.10/site-packages/airflow/example_dags/example_branch_labels.py took 1.283 seconds
[2023-05-21T19:42:49.795+0530] {processor.py:156} INFO - Started process (PID=24688) to work on /home/feuer/.local/lib/python3.10/site-packages/airflow/example_dags/example_branch_labels.py
[2023-05-21T19:42:49.795+0530] {processor.py:799} INFO - Processing file /home/feuer/.local/lib/python3.10/site-packages/airflow/example_dags/example_branch_labels.py for tasks to queue
[2023-05-21T19:42:49.796+0530] {logging_mixin.py:149} INFO - [2023-05-21T19:42:49.796+0530] {dagbag.py:541} INFO - Filling up the DagBag from /home/feuer/.local/lib/python3.10/site-packages/airflow/example_dags/example_branch_labels.py
[2023-05-21T19:42:49.818+0530] {processor.py:809} INFO - DAG(s) dict_keys(['example_branch_labels']) retrieved from /home/feuer/.local/lib/python3.10/site-packages/airflow/example_dags/example_branch_labels.py
[2023-05-21T19:42:49.836+0530] {logging_mixin.py:149} INFO - [2023-05-21T19:42:49.836+0530] {dag.py:2726} INFO - Sync 1 DAGs
[2023-05-21T19:42:49.850+0530] {logging_mixin.py:149} INFO - [2023-05-21T19:42:49.850+0530] {dag.py:3486} INFO - Setting next_dagrun for example_branch_labels to 2023-05-20T00:00:00+00:00, run_after=2023-05-21T00:00:00+00:00
[2023-05-21T19:42:49.914+0530] {processor.py:178} INFO - Processing /home/feuer/.local/lib/python3.10/site-packages/airflow/example_dags/example_branch_labels.py took 0.121 seconds
[2023-05-21T19:43:43.140+0530] {processor.py:156} INFO - Started process (PID=24803) to work on /home/feuer/.local/lib/python3.10/site-packages/airflow/example_dags/example_branch_labels.py
[2023-05-21T19:43:43.141+0530] {processor.py:799} INFO - Processing file /home/feuer/.local/lib/python3.10/site-packages/airflow/example_dags/example_branch_labels.py for tasks to queue
[2023-05-21T19:43:43.141+0530] {logging_mixin.py:149} INFO - [2023-05-21T19:43:43.141+0530] {dagbag.py:541} INFO - Filling up the DagBag from /home/feuer/.local/lib/python3.10/site-packages/airflow/example_dags/example_branch_labels.py
[2023-05-21T19:43:43.147+0530] {processor.py:809} INFO - DAG(s) dict_keys(['example_branch_labels']) retrieved from /home/feuer/.local/lib/python3.10/site-packages/airflow/example_dags/example_branch_labels.py
[2023-05-21T19:43:43.163+0530] {logging_mixin.py:149} INFO - [2023-05-21T19:43:43.163+0530] {dag.py:2726} INFO - Sync 1 DAGs
[2023-05-21T19:43:43.176+0530] {logging_mixin.py:149} INFO - [2023-05-21T19:43:43.176+0530] {dag.py:3486} INFO - Setting next_dagrun for example_branch_labels to 2023-05-20T00:00:00+00:00, run_after=2023-05-21T00:00:00+00:00
[2023-05-21T19:43:43.253+0530] {processor.py:178} INFO - Processing /home/feuer/.local/lib/python3.10/site-packages/airflow/example_dags/example_branch_labels.py took 0.115 seconds
[2023-05-21T19:44:38.112+0530] {processor.py:156} INFO - Started process (PID=24951) to work on /home/feuer/.local/lib/python3.10/site-packages/airflow/example_dags/example_branch_labels.py
[2023-05-21T19:44:38.113+0530] {processor.py:799} INFO - Processing file /home/feuer/.local/lib/python3.10/site-packages/airflow/example_dags/example_branch_labels.py for tasks to queue
[2023-05-21T19:44:38.114+0530] {logging_mixin.py:149} INFO - [2023-05-21T19:44:38.114+0530] {dagbag.py:541} INFO - Filling up the DagBag from /home/feuer/.local/lib/python3.10/site-packages/airflow/example_dags/example_branch_labels.py
[2023-05-21T19:44:38.121+0530] {processor.py:809} INFO - DAG(s) dict_keys(['example_branch_labels']) retrieved from /home/feuer/.local/lib/python3.10/site-packages/airflow/example_dags/example_branch_labels.py
[2023-05-21T19:44:38.141+0530] {logging_mixin.py:149} INFO - [2023-05-21T19:44:38.141+0530] {dag.py:2726} INFO - Sync 1 DAGs
[2023-05-21T19:44:38.160+0530] {logging_mixin.py:149} INFO - [2023-05-21T19:44:38.160+0530] {dag.py:3486} INFO - Setting next_dagrun for example_branch_labels to 2023-05-20T00:00:00+00:00, run_after=2023-05-21T00:00:00+00:00
[2023-05-21T19:44:38.234+0530] {processor.py:178} INFO - Processing /home/feuer/.local/lib/python3.10/site-packages/airflow/example_dags/example_branch_labels.py took 0.125 seconds
[2023-05-21T19:45:32.788+0530] {processor.py:156} INFO - Started process (PID=25085) to work on /home/feuer/.local/lib/python3.10/site-packages/airflow/example_dags/example_branch_labels.py
[2023-05-21T19:45:32.789+0530] {processor.py:799} INFO - Processing file /home/feuer/.local/lib/python3.10/site-packages/airflow/example_dags/example_branch_labels.py for tasks to queue
[2023-05-21T19:45:32.789+0530] {logging_mixin.py:149} INFO - [2023-05-21T19:45:32.789+0530] {dagbag.py:541} INFO - Filling up the DagBag from /home/feuer/.local/lib/python3.10/site-packages/airflow/example_dags/example_branch_labels.py
[2023-05-21T19:45:32.794+0530] {processor.py:809} INFO - DAG(s) dict_keys(['example_branch_labels']) retrieved from /home/feuer/.local/lib/python3.10/site-packages/airflow/example_dags/example_branch_labels.py
[2023-05-21T19:45:32.806+0530] {logging_mixin.py:149} INFO - [2023-05-21T19:45:32.806+0530] {dag.py:2726} INFO - Sync 1 DAGs
[2023-05-21T19:45:32.819+0530] {logging_mixin.py:149} INFO - [2023-05-21T19:45:32.818+0530] {dag.py:3486} INFO - Setting next_dagrun for example_branch_labels to 2023-05-20T00:00:00+00:00, run_after=2023-05-21T00:00:00+00:00
[2023-05-21T19:45:32.889+0530] {processor.py:178} INFO - Processing /home/feuer/.local/lib/python3.10/site-packages/airflow/example_dags/example_branch_labels.py took 0.103 seconds
[2023-05-21T19:46:27.507+0530] {processor.py:156} INFO - Started process (PID=25194) to work on /home/feuer/.local/lib/python3.10/site-packages/airflow/example_dags/example_branch_labels.py
[2023-05-21T19:46:27.508+0530] {processor.py:799} INFO - Processing file /home/feuer/.local/lib/python3.10/site-packages/airflow/example_dags/example_branch_labels.py for tasks to queue
[2023-05-21T19:46:27.509+0530] {logging_mixin.py:149} INFO - [2023-05-21T19:46:27.509+0530] {dagbag.py:541} INFO - Filling up the DagBag from /home/feuer/.local/lib/python3.10/site-packages/airflow/example_dags/example_branch_labels.py
[2023-05-21T19:46:27.516+0530] {processor.py:809} INFO - DAG(s) dict_keys(['example_branch_labels']) retrieved from /home/feuer/.local/lib/python3.10/site-packages/airflow/example_dags/example_branch_labels.py
[2023-05-21T19:46:27.530+0530] {logging_mixin.py:149} INFO - [2023-05-21T19:46:27.530+0530] {dag.py:2726} INFO - Sync 1 DAGs
[2023-05-21T19:46:27.542+0530] {logging_mixin.py:149} INFO - [2023-05-21T19:46:27.541+0530] {dag.py:3486} INFO - Setting next_dagrun for example_branch_labels to 2023-05-20T00:00:00+00:00, run_after=2023-05-21T00:00:00+00:00
[2023-05-21T19:46:27.609+0530] {processor.py:178} INFO - Processing /home/feuer/.local/lib/python3.10/site-packages/airflow/example_dags/example_branch_labels.py took 0.104 seconds
[2023-05-21T19:47:20.025+0530] {processor.py:156} INFO - Started process (PID=25304) to work on /home/feuer/.local/lib/python3.10/site-packages/airflow/example_dags/example_branch_labels.py
[2023-05-21T19:47:20.042+0530] {processor.py:799} INFO - Processing file /home/feuer/.local/lib/python3.10/site-packages/airflow/example_dags/example_branch_labels.py for tasks to queue
[2023-05-21T19:47:20.043+0530] {logging_mixin.py:149} INFO - [2023-05-21T19:47:20.043+0530] {dagbag.py:541} INFO - Filling up the DagBag from /home/feuer/.local/lib/python3.10/site-packages/airflow/example_dags/example_branch_labels.py
[2023-05-21T19:47:20.050+0530] {processor.py:809} INFO - DAG(s) dict_keys(['example_branch_labels']) retrieved from /home/feuer/.local/lib/python3.10/site-packages/airflow/example_dags/example_branch_labels.py
[2023-05-21T19:47:20.075+0530] {logging_mixin.py:149} INFO - [2023-05-21T19:47:20.075+0530] {dag.py:2726} INFO - Sync 1 DAGs
[2023-05-21T19:47:20.098+0530] {logging_mixin.py:149} INFO - [2023-05-21T19:47:20.097+0530] {dag.py:3486} INFO - Setting next_dagrun for example_branch_labels to 2023-05-20T00:00:00+00:00, run_after=2023-05-21T00:00:00+00:00
[2023-05-21T19:47:20.168+0530] {processor.py:178} INFO - Processing /home/feuer/.local/lib/python3.10/site-packages/airflow/example_dags/example_branch_labels.py took 0.146 seconds
[2023-05-21T19:48:12.899+0530] {processor.py:156} INFO - Started process (PID=25420) to work on /home/feuer/.local/lib/python3.10/site-packages/airflow/example_dags/example_branch_labels.py
[2023-05-21T19:48:12.900+0530] {processor.py:799} INFO - Processing file /home/feuer/.local/lib/python3.10/site-packages/airflow/example_dags/example_branch_labels.py for tasks to queue
[2023-05-21T19:48:12.901+0530] {logging_mixin.py:149} INFO - [2023-05-21T19:48:12.900+0530] {dagbag.py:541} INFO - Filling up the DagBag from /home/feuer/.local/lib/python3.10/site-packages/airflow/example_dags/example_branch_labels.py
[2023-05-21T19:48:12.906+0530] {processor.py:809} INFO - DAG(s) dict_keys(['example_branch_labels']) retrieved from /home/feuer/.local/lib/python3.10/site-packages/airflow/example_dags/example_branch_labels.py
[2023-05-21T19:48:12.918+0530] {logging_mixin.py:149} INFO - [2023-05-21T19:48:12.918+0530] {dag.py:2726} INFO - Sync 1 DAGs
[2023-05-21T19:48:12.931+0530] {logging_mixin.py:149} INFO - [2023-05-21T19:48:12.931+0530] {dag.py:3486} INFO - Setting next_dagrun for example_branch_labels to 2023-05-20T00:00:00+00:00, run_after=2023-05-21T00:00:00+00:00
[2023-05-21T19:48:13.005+0530] {processor.py:178} INFO - Processing /home/feuer/.local/lib/python3.10/site-packages/airflow/example_dags/example_branch_labels.py took 0.108 seconds
[2023-05-21T19:49:05.854+0530] {processor.py:156} INFO - Started process (PID=25530) to work on /home/feuer/.local/lib/python3.10/site-packages/airflow/example_dags/example_branch_labels.py
[2023-05-21T19:49:05.855+0530] {processor.py:799} INFO - Processing file /home/feuer/.local/lib/python3.10/site-packages/airflow/example_dags/example_branch_labels.py for tasks to queue
[2023-05-21T19:49:05.856+0530] {logging_mixin.py:149} INFO - [2023-05-21T19:49:05.855+0530] {dagbag.py:541} INFO - Filling up the DagBag from /home/feuer/.local/lib/python3.10/site-packages/airflow/example_dags/example_branch_labels.py
[2023-05-21T19:49:05.861+0530] {processor.py:809} INFO - DAG(s) dict_keys(['example_branch_labels']) retrieved from /home/feuer/.local/lib/python3.10/site-packages/airflow/example_dags/example_branch_labels.py
[2023-05-21T19:49:05.873+0530] {logging_mixin.py:149} INFO - [2023-05-21T19:49:05.873+0530] {dag.py:2726} INFO - Sync 1 DAGs
[2023-05-21T19:49:05.885+0530] {logging_mixin.py:149} INFO - [2023-05-21T19:49:05.885+0530] {dag.py:3486} INFO - Setting next_dagrun for example_branch_labels to 2023-05-20T00:00:00+00:00, run_after=2023-05-21T00:00:00+00:00
[2023-05-21T19:49:05.959+0530] {processor.py:178} INFO - Processing /home/feuer/.local/lib/python3.10/site-packages/airflow/example_dags/example_branch_labels.py took 0.107 seconds
[2023-05-21T19:49:58.245+0530] {processor.py:156} INFO - Started process (PID=25647) to work on /home/feuer/.local/lib/python3.10/site-packages/airflow/example_dags/example_branch_labels.py
[2023-05-21T19:49:58.246+0530] {processor.py:799} INFO - Processing file /home/feuer/.local/lib/python3.10/site-packages/airflow/example_dags/example_branch_labels.py for tasks to queue
[2023-05-21T19:49:58.246+0530] {logging_mixin.py:149} INFO - [2023-05-21T19:49:58.246+0530] {dagbag.py:541} INFO - Filling up the DagBag from /home/feuer/.local/lib/python3.10/site-packages/airflow/example_dags/example_branch_labels.py
[2023-05-21T19:49:58.252+0530] {processor.py:809} INFO - DAG(s) dict_keys(['example_branch_labels']) retrieved from /home/feuer/.local/lib/python3.10/site-packages/airflow/example_dags/example_branch_labels.py
[2023-05-21T19:49:58.266+0530] {logging_mixin.py:149} INFO - [2023-05-21T19:49:58.266+0530] {dag.py:2726} INFO - Sync 1 DAGs
[2023-05-21T19:49:58.278+0530] {logging_mixin.py:149} INFO - [2023-05-21T19:49:58.278+0530] {dag.py:3486} INFO - Setting next_dagrun for example_branch_labels to 2023-05-20T00:00:00+00:00, run_after=2023-05-21T00:00:00+00:00
[2023-05-21T19:49:58.360+0530] {processor.py:178} INFO - Processing /home/feuer/.local/lib/python3.10/site-packages/airflow/example_dags/example_branch_labels.py took 0.119 seconds
[2023-05-21T19:50:53.249+0530] {processor.py:156} INFO - Started process (PID=25827) to work on /home/feuer/.local/lib/python3.10/site-packages/airflow/example_dags/example_branch_labels.py
[2023-05-21T19:50:53.250+0530] {processor.py:799} INFO - Processing file /home/feuer/.local/lib/python3.10/site-packages/airflow/example_dags/example_branch_labels.py for tasks to queue
[2023-05-21T19:50:53.250+0530] {logging_mixin.py:149} INFO - [2023-05-21T19:50:53.250+0530] {dagbag.py:541} INFO - Filling up the DagBag from /home/feuer/.local/lib/python3.10/site-packages/airflow/example_dags/example_branch_labels.py
[2023-05-21T19:50:53.257+0530] {processor.py:809} INFO - DAG(s) dict_keys(['example_branch_labels']) retrieved from /home/feuer/.local/lib/python3.10/site-packages/airflow/example_dags/example_branch_labels.py
[2023-05-21T19:50:53.278+0530] {logging_mixin.py:149} INFO - [2023-05-21T19:50:53.278+0530] {dag.py:2726} INFO - Sync 1 DAGs
[2023-05-21T19:50:53.296+0530] {logging_mixin.py:149} INFO - [2023-05-21T19:50:53.296+0530] {dag.py:3486} INFO - Setting next_dagrun for example_branch_labels to 2023-05-20T00:00:00+00:00, run_after=2023-05-21T00:00:00+00:00
[2023-05-21T19:50:53.373+0530] {processor.py:178} INFO - Processing /home/feuer/.local/lib/python3.10/site-packages/airflow/example_dags/example_branch_labels.py took 0.127 seconds
[2023-05-21T19:51:43.712+0530] {processor.py:156} INFO - Started process (PID=25934) to work on /home/feuer/.local/lib/python3.10/site-packages/airflow/example_dags/example_branch_labels.py
[2023-05-21T19:51:43.724+0530] {processor.py:799} INFO - Processing file /home/feuer/.local/lib/python3.10/site-packages/airflow/example_dags/example_branch_labels.py for tasks to queue
[2023-05-21T19:51:43.725+0530] {logging_mixin.py:149} INFO - [2023-05-21T19:51:43.724+0530] {dagbag.py:541} INFO - Filling up the DagBag from /home/feuer/.local/lib/python3.10/site-packages/airflow/example_dags/example_branch_labels.py
[2023-05-21T19:51:43.732+0530] {processor.py:809} INFO - DAG(s) dict_keys(['example_branch_labels']) retrieved from /home/feuer/.local/lib/python3.10/site-packages/airflow/example_dags/example_branch_labels.py
[2023-05-21T19:51:43.753+0530] {logging_mixin.py:149} INFO - [2023-05-21T19:51:43.753+0530] {dag.py:2726} INFO - Sync 1 DAGs
[2023-05-21T19:51:43.775+0530] {logging_mixin.py:149} INFO - [2023-05-21T19:51:43.775+0530] {dag.py:3486} INFO - Setting next_dagrun for example_branch_labels to 2023-05-20T00:00:00+00:00, run_after=2023-05-21T00:00:00+00:00
[2023-05-21T19:51:43.849+0530] {processor.py:178} INFO - Processing /home/feuer/.local/lib/python3.10/site-packages/airflow/example_dags/example_branch_labels.py took 0.139 seconds
[2023-05-21T19:52:33.875+0530] {processor.py:156} INFO - Started process (PID=26050) to work on /home/feuer/.local/lib/python3.10/site-packages/airflow/example_dags/example_branch_labels.py
[2023-05-21T19:52:33.878+0530] {processor.py:799} INFO - Processing file /home/feuer/.local/lib/python3.10/site-packages/airflow/example_dags/example_branch_labels.py for tasks to queue
[2023-05-21T19:52:33.879+0530] {logging_mixin.py:149} INFO - [2023-05-21T19:52:33.879+0530] {dagbag.py:541} INFO - Filling up the DagBag from /home/feuer/.local/lib/python3.10/site-packages/airflow/example_dags/example_branch_labels.py
[2023-05-21T19:52:33.886+0530] {processor.py:809} INFO - DAG(s) dict_keys(['example_branch_labels']) retrieved from /home/feuer/.local/lib/python3.10/site-packages/airflow/example_dags/example_branch_labels.py
[2023-05-21T19:52:33.908+0530] {logging_mixin.py:149} INFO - [2023-05-21T19:52:33.907+0530] {dag.py:2726} INFO - Sync 1 DAGs
[2023-05-21T19:52:33.924+0530] {logging_mixin.py:149} INFO - [2023-05-21T19:52:33.924+0530] {dag.py:3486} INFO - Setting next_dagrun for example_branch_labels to 2023-05-20T00:00:00+00:00, run_after=2023-05-21T00:00:00+00:00
[2023-05-21T19:52:34.000+0530] {processor.py:178} INFO - Processing /home/feuer/.local/lib/python3.10/site-packages/airflow/example_dags/example_branch_labels.py took 0.128 seconds
[2023-05-21T19:53:23.714+0530] {processor.py:156} INFO - Started process (PID=26180) to work on /home/feuer/.local/lib/python3.10/site-packages/airflow/example_dags/example_branch_labels.py
[2023-05-21T19:53:23.715+0530] {processor.py:799} INFO - Processing file /home/feuer/.local/lib/python3.10/site-packages/airflow/example_dags/example_branch_labels.py for tasks to queue
[2023-05-21T19:53:23.715+0530] {logging_mixin.py:149} INFO - [2023-05-21T19:53:23.715+0530] {dagbag.py:541} INFO - Filling up the DagBag from /home/feuer/.local/lib/python3.10/site-packages/airflow/example_dags/example_branch_labels.py
[2023-05-21T19:53:23.721+0530] {processor.py:809} INFO - DAG(s) dict_keys(['example_branch_labels']) retrieved from /home/feuer/.local/lib/python3.10/site-packages/airflow/example_dags/example_branch_labels.py
[2023-05-21T19:53:23.734+0530] {logging_mixin.py:149} INFO - [2023-05-21T19:53:23.734+0530] {dag.py:2726} INFO - Sync 1 DAGs
[2023-05-21T19:53:23.747+0530] {logging_mixin.py:149} INFO - [2023-05-21T19:53:23.747+0530] {dag.py:3486} INFO - Setting next_dagrun for example_branch_labels to 2023-05-20T00:00:00+00:00, run_after=2023-05-21T00:00:00+00:00
[2023-05-21T19:53:23.815+0530] {processor.py:178} INFO - Processing /home/feuer/.local/lib/python3.10/site-packages/airflow/example_dags/example_branch_labels.py took 0.103 seconds
[2023-05-21T19:54:14.584+0530] {processor.py:156} INFO - Started process (PID=26319) to work on /home/feuer/.local/lib/python3.10/site-packages/airflow/example_dags/example_branch_labels.py
[2023-05-21T19:54:14.598+0530] {processor.py:799} INFO - Processing file /home/feuer/.local/lib/python3.10/site-packages/airflow/example_dags/example_branch_labels.py for tasks to queue
[2023-05-21T19:54:14.599+0530] {logging_mixin.py:149} INFO - [2023-05-21T19:54:14.598+0530] {dagbag.py:541} INFO - Filling up the DagBag from /home/feuer/.local/lib/python3.10/site-packages/airflow/example_dags/example_branch_labels.py
[2023-05-21T19:54:14.606+0530] {processor.py:809} INFO - DAG(s) dict_keys(['example_branch_labels']) retrieved from /home/feuer/.local/lib/python3.10/site-packages/airflow/example_dags/example_branch_labels.py
[2023-05-21T19:54:14.627+0530] {logging_mixin.py:149} INFO - [2023-05-21T19:54:14.627+0530] {dag.py:2726} INFO - Sync 1 DAGs
[2023-05-21T19:54:14.648+0530] {logging_mixin.py:149} INFO - [2023-05-21T19:54:14.648+0530] {dag.py:3486} INFO - Setting next_dagrun for example_branch_labels to 2023-05-20T00:00:00+00:00, run_after=2023-05-21T00:00:00+00:00
[2023-05-21T19:54:14.733+0530] {processor.py:178} INFO - Processing /home/feuer/.local/lib/python3.10/site-packages/airflow/example_dags/example_branch_labels.py took 0.151 seconds
[2023-05-21T19:55:06.640+0530] {processor.py:156} INFO - Started process (PID=26437) to work on /home/feuer/.local/lib/python3.10/site-packages/airflow/example_dags/example_branch_labels.py
[2023-05-21T19:55:06.655+0530] {processor.py:799} INFO - Processing file /home/feuer/.local/lib/python3.10/site-packages/airflow/example_dags/example_branch_labels.py for tasks to queue
[2023-05-21T19:55:06.656+0530] {logging_mixin.py:149} INFO - [2023-05-21T19:55:06.656+0530] {dagbag.py:541} INFO - Filling up the DagBag from /home/feuer/.local/lib/python3.10/site-packages/airflow/example_dags/example_branch_labels.py
[2023-05-21T19:55:06.663+0530] {processor.py:809} INFO - DAG(s) dict_keys(['example_branch_labels']) retrieved from /home/feuer/.local/lib/python3.10/site-packages/airflow/example_dags/example_branch_labels.py
[2023-05-21T19:55:06.684+0530] {logging_mixin.py:149} INFO - [2023-05-21T19:55:06.684+0530] {dag.py:2726} INFO - Sync 1 DAGs
[2023-05-21T19:55:06.705+0530] {logging_mixin.py:149} INFO - [2023-05-21T19:55:06.705+0530] {dag.py:3486} INFO - Setting next_dagrun for example_branch_labels to 2023-05-20T00:00:00+00:00, run_after=2023-05-21T00:00:00+00:00
[2023-05-21T19:55:06.820+0530] {processor.py:178} INFO - Processing /home/feuer/.local/lib/python3.10/site-packages/airflow/example_dags/example_branch_labels.py took 0.183 seconds
[2023-05-21T19:56:01.580+0530] {processor.py:156} INFO - Started process (PID=26572) to work on /home/feuer/.local/lib/python3.10/site-packages/airflow/example_dags/example_branch_labels.py
[2023-05-21T19:56:01.581+0530] {processor.py:799} INFO - Processing file /home/feuer/.local/lib/python3.10/site-packages/airflow/example_dags/example_branch_labels.py for tasks to queue
[2023-05-21T19:56:01.582+0530] {logging_mixin.py:149} INFO - [2023-05-21T19:56:01.581+0530] {dagbag.py:541} INFO - Filling up the DagBag from /home/feuer/.local/lib/python3.10/site-packages/airflow/example_dags/example_branch_labels.py
[2023-05-21T19:56:01.589+0530] {processor.py:809} INFO - DAG(s) dict_keys(['example_branch_labels']) retrieved from /home/feuer/.local/lib/python3.10/site-packages/airflow/example_dags/example_branch_labels.py
[2023-05-21T19:56:01.620+0530] {logging_mixin.py:149} INFO - [2023-05-21T19:56:01.620+0530] {dag.py:2726} INFO - Sync 1 DAGs
[2023-05-21T19:56:01.641+0530] {logging_mixin.py:149} INFO - [2023-05-21T19:56:01.641+0530] {dag.py:3486} INFO - Setting next_dagrun for example_branch_labels to 2023-05-20T00:00:00+00:00, run_after=2023-05-21T00:00:00+00:00
[2023-05-21T19:56:01.721+0530] {processor.py:178} INFO - Processing /home/feuer/.local/lib/python3.10/site-packages/airflow/example_dags/example_branch_labels.py took 0.144 seconds
[2023-05-21T19:56:59.135+0530] {processor.py:156} INFO - Started process (PID=26757) to work on /home/feuer/.local/lib/python3.10/site-packages/airflow/example_dags/example_branch_labels.py
[2023-05-21T19:56:59.136+0530] {processor.py:799} INFO - Processing file /home/feuer/.local/lib/python3.10/site-packages/airflow/example_dags/example_branch_labels.py for tasks to queue
[2023-05-21T19:56:59.137+0530] {logging_mixin.py:149} INFO - [2023-05-21T19:56:59.136+0530] {dagbag.py:541} INFO - Filling up the DagBag from /home/feuer/.local/lib/python3.10/site-packages/airflow/example_dags/example_branch_labels.py
[2023-05-21T19:56:59.144+0530] {processor.py:809} INFO - DAG(s) dict_keys(['example_branch_labels']) retrieved from /home/feuer/.local/lib/python3.10/site-packages/airflow/example_dags/example_branch_labels.py
[2023-05-21T19:56:59.164+0530] {logging_mixin.py:149} INFO - [2023-05-21T19:56:59.164+0530] {dag.py:2726} INFO - Sync 1 DAGs
[2023-05-21T19:56:59.181+0530] {logging_mixin.py:149} INFO - [2023-05-21T19:56:59.181+0530] {dag.py:3486} INFO - Setting next_dagrun for example_branch_labels to 2023-05-20T00:00:00+00:00, run_after=2023-05-21T00:00:00+00:00
[2023-05-21T19:56:59.365+0530] {processor.py:178} INFO - Processing /home/feuer/.local/lib/python3.10/site-packages/airflow/example_dags/example_branch_labels.py took 0.233 seconds
[2023-05-21T19:57:49.722+0530] {processor.py:156} INFO - Started process (PID=26882) to work on /home/feuer/.local/lib/python3.10/site-packages/airflow/example_dags/example_branch_labels.py
[2023-05-21T19:57:49.736+0530] {processor.py:799} INFO - Processing file /home/feuer/.local/lib/python3.10/site-packages/airflow/example_dags/example_branch_labels.py for tasks to queue
[2023-05-21T19:57:49.737+0530] {logging_mixin.py:149} INFO - [2023-05-21T19:57:49.737+0530] {dagbag.py:541} INFO - Filling up the DagBag from /home/feuer/.local/lib/python3.10/site-packages/airflow/example_dags/example_branch_labels.py
[2023-05-21T19:57:49.744+0530] {processor.py:809} INFO - DAG(s) dict_keys(['example_branch_labels']) retrieved from /home/feuer/.local/lib/python3.10/site-packages/airflow/example_dags/example_branch_labels.py
[2023-05-21T19:57:49.765+0530] {logging_mixin.py:149} INFO - [2023-05-21T19:57:49.765+0530] {dag.py:2726} INFO - Sync 1 DAGs
[2023-05-21T19:57:49.786+0530] {logging_mixin.py:149} INFO - [2023-05-21T19:57:49.786+0530] {dag.py:3486} INFO - Setting next_dagrun for example_branch_labels to 2023-05-20T00:00:00+00:00, run_after=2023-05-21T00:00:00+00:00
[2023-05-21T19:57:49.867+0530] {processor.py:178} INFO - Processing /home/feuer/.local/lib/python3.10/site-packages/airflow/example_dags/example_branch_labels.py took 0.148 seconds
[2023-05-21T19:58:41.111+0530] {processor.py:156} INFO - Started process (PID=27030) to work on /home/feuer/.local/lib/python3.10/site-packages/airflow/example_dags/example_branch_labels.py
[2023-05-21T19:58:41.125+0530] {processor.py:799} INFO - Processing file /home/feuer/.local/lib/python3.10/site-packages/airflow/example_dags/example_branch_labels.py for tasks to queue
[2023-05-21T19:58:41.126+0530] {logging_mixin.py:149} INFO - [2023-05-21T19:58:41.126+0530] {dagbag.py:541} INFO - Filling up the DagBag from /home/feuer/.local/lib/python3.10/site-packages/airflow/example_dags/example_branch_labels.py
[2023-05-21T19:58:41.133+0530] {processor.py:809} INFO - DAG(s) dict_keys(['example_branch_labels']) retrieved from /home/feuer/.local/lib/python3.10/site-packages/airflow/example_dags/example_branch_labels.py
[2023-05-21T19:58:41.154+0530] {logging_mixin.py:149} INFO - [2023-05-21T19:58:41.154+0530] {dag.py:2726} INFO - Sync 1 DAGs
[2023-05-21T19:58:41.174+0530] {logging_mixin.py:149} INFO - [2023-05-21T19:58:41.174+0530] {dag.py:3486} INFO - Setting next_dagrun for example_branch_labels to 2023-05-20T00:00:00+00:00, run_after=2023-05-21T00:00:00+00:00
[2023-05-21T19:58:41.257+0530] {processor.py:178} INFO - Processing /home/feuer/.local/lib/python3.10/site-packages/airflow/example_dags/example_branch_labels.py took 0.149 seconds
[2023-05-21T19:59:41.187+0530] {processor.py:156} INFO - Started process (PID=27180) to work on /home/feuer/.local/lib/python3.10/site-packages/airflow/example_dags/example_branch_labels.py
[2023-05-21T19:59:41.197+0530] {processor.py:799} INFO - Processing file /home/feuer/.local/lib/python3.10/site-packages/airflow/example_dags/example_branch_labels.py for tasks to queue
[2023-05-21T19:59:41.198+0530] {logging_mixin.py:149} INFO - [2023-05-21T19:59:41.198+0530] {dagbag.py:541} INFO - Filling up the DagBag from /home/feuer/.local/lib/python3.10/site-packages/airflow/example_dags/example_branch_labels.py
[2023-05-21T19:59:41.207+0530] {processor.py:809} INFO - DAG(s) dict_keys(['example_branch_labels']) retrieved from /home/feuer/.local/lib/python3.10/site-packages/airflow/example_dags/example_branch_labels.py
[2023-05-21T19:59:41.231+0530] {logging_mixin.py:149} INFO - [2023-05-21T19:59:41.231+0530] {dag.py:2726} INFO - Sync 1 DAGs
[2023-05-21T19:59:41.253+0530] {logging_mixin.py:149} INFO - [2023-05-21T19:59:41.253+0530] {dag.py:3486} INFO - Setting next_dagrun for example_branch_labels to 2023-05-20T00:00:00+00:00, run_after=2023-05-21T00:00:00+00:00
[2023-05-21T19:59:41.328+0530] {processor.py:178} INFO - Processing /home/feuer/.local/lib/python3.10/site-packages/airflow/example_dags/example_branch_labels.py took 0.144 seconds
[2023-05-21T20:00:41.418+0530] {processor.py:156} INFO - Started process (PID=27335) to work on /home/feuer/.local/lib/python3.10/site-packages/airflow/example_dags/example_branch_labels.py
[2023-05-21T20:00:41.418+0530] {processor.py:799} INFO - Processing file /home/feuer/.local/lib/python3.10/site-packages/airflow/example_dags/example_branch_labels.py for tasks to queue
[2023-05-21T20:00:41.419+0530] {logging_mixin.py:149} INFO - [2023-05-21T20:00:41.419+0530] {dagbag.py:541} INFO - Filling up the DagBag from /home/feuer/.local/lib/python3.10/site-packages/airflow/example_dags/example_branch_labels.py
[2023-05-21T20:00:41.426+0530] {processor.py:809} INFO - DAG(s) dict_keys(['example_branch_labels']) retrieved from /home/feuer/.local/lib/python3.10/site-packages/airflow/example_dags/example_branch_labels.py
[2023-05-21T20:00:41.447+0530] {logging_mixin.py:149} INFO - [2023-05-21T20:00:41.446+0530] {dag.py:2726} INFO - Sync 1 DAGs
[2023-05-21T20:00:41.464+0530] {logging_mixin.py:149} INFO - [2023-05-21T20:00:41.464+0530] {dag.py:3486} INFO - Setting next_dagrun for example_branch_labels to 2023-05-20T00:00:00+00:00, run_after=2023-05-21T00:00:00+00:00
[2023-05-21T20:00:41.534+0530] {processor.py:178} INFO - Processing /home/feuer/.local/lib/python3.10/site-packages/airflow/example_dags/example_branch_labels.py took 0.119 seconds
[2023-05-21T20:01:52.117+0530] {processor.py:156} INFO - Started process (PID=27662) to work on /home/feuer/.local/lib/python3.10/site-packages/airflow/example_dags/example_branch_labels.py
[2023-05-21T20:01:52.126+0530] {processor.py:799} INFO - Processing file /home/feuer/.local/lib/python3.10/site-packages/airflow/example_dags/example_branch_labels.py for tasks to queue
[2023-05-21T20:01:52.126+0530] {logging_mixin.py:149} INFO - [2023-05-21T20:01:52.126+0530] {dagbag.py:541} INFO - Filling up the DagBag from /home/feuer/.local/lib/python3.10/site-packages/airflow/example_dags/example_branch_labels.py
[2023-05-21T20:01:52.185+0530] {processor.py:809} INFO - DAG(s) dict_keys(['example_branch_labels']) retrieved from /home/feuer/.local/lib/python3.10/site-packages/airflow/example_dags/example_branch_labels.py
[2023-05-21T20:01:52.235+0530] {logging_mixin.py:149} INFO - [2023-05-21T20:01:52.235+0530] {dag.py:2726} INFO - Sync 1 DAGs
[2023-05-21T20:01:52.264+0530] {logging_mixin.py:149} INFO - [2023-05-21T20:01:52.263+0530] {dag.py:3486} INFO - Setting next_dagrun for example_branch_labels to 2023-05-20T00:00:00+00:00, run_after=2023-05-21T00:00:00+00:00
[2023-05-21T20:01:52.374+0530] {processor.py:178} INFO - Processing /home/feuer/.local/lib/python3.10/site-packages/airflow/example_dags/example_branch_labels.py took 0.261 seconds
[2023-05-21T20:02:55.932+0530] {processor.py:156} INFO - Started process (PID=27896) to work on /home/feuer/.local/lib/python3.10/site-packages/airflow/example_dags/example_branch_labels.py
[2023-05-21T20:02:55.933+0530] {processor.py:799} INFO - Processing file /home/feuer/.local/lib/python3.10/site-packages/airflow/example_dags/example_branch_labels.py for tasks to queue
[2023-05-21T20:02:55.934+0530] {logging_mixin.py:149} INFO - [2023-05-21T20:02:55.934+0530] {dagbag.py:541} INFO - Filling up the DagBag from /home/feuer/.local/lib/python3.10/site-packages/airflow/example_dags/example_branch_labels.py
[2023-05-21T20:02:55.942+0530] {processor.py:809} INFO - DAG(s) dict_keys(['example_branch_labels']) retrieved from /home/feuer/.local/lib/python3.10/site-packages/airflow/example_dags/example_branch_labels.py
[2023-05-21T20:02:55.969+0530] {logging_mixin.py:149} INFO - [2023-05-21T20:02:55.969+0530] {dag.py:2726} INFO - Sync 1 DAGs
[2023-05-21T20:02:55.986+0530] {logging_mixin.py:149} INFO - [2023-05-21T20:02:55.985+0530] {dag.py:3486} INFO - Setting next_dagrun for example_branch_labels to 2023-05-20T00:00:00+00:00, run_after=2023-05-21T00:00:00+00:00
[2023-05-21T20:02:56.115+0530] {processor.py:178} INFO - Processing /home/feuer/.local/lib/python3.10/site-packages/airflow/example_dags/example_branch_labels.py took 0.186 seconds
[2023-05-21T20:03:57.426+0530] {processor.py:156} INFO - Started process (PID=28045) to work on /home/feuer/.local/lib/python3.10/site-packages/airflow/example_dags/example_branch_labels.py
[2023-05-21T20:03:57.440+0530] {processor.py:799} INFO - Processing file /home/feuer/.local/lib/python3.10/site-packages/airflow/example_dags/example_branch_labels.py for tasks to queue
[2023-05-21T20:03:57.440+0530] {logging_mixin.py:149} INFO - [2023-05-21T20:03:57.440+0530] {dagbag.py:541} INFO - Filling up the DagBag from /home/feuer/.local/lib/python3.10/site-packages/airflow/example_dags/example_branch_labels.py
[2023-05-21T20:03:57.448+0530] {processor.py:809} INFO - DAG(s) dict_keys(['example_branch_labels']) retrieved from /home/feuer/.local/lib/python3.10/site-packages/airflow/example_dags/example_branch_labels.py
[2023-05-21T20:03:57.469+0530] {logging_mixin.py:149} INFO - [2023-05-21T20:03:57.469+0530] {dag.py:2726} INFO - Sync 1 DAGs
[2023-05-21T20:03:57.491+0530] {logging_mixin.py:149} INFO - [2023-05-21T20:03:57.491+0530] {dag.py:3486} INFO - Setting next_dagrun for example_branch_labels to 2023-05-20T00:00:00+00:00, run_after=2023-05-21T00:00:00+00:00
[2023-05-21T20:03:57.567+0530] {processor.py:178} INFO - Processing /home/feuer/.local/lib/python3.10/site-packages/airflow/example_dags/example_branch_labels.py took 0.144 seconds
[2023-05-21T20:04:57.724+0530] {processor.py:156} INFO - Started process (PID=28269) to work on /home/feuer/.local/lib/python3.10/site-packages/airflow/example_dags/example_branch_labels.py
[2023-05-21T20:04:57.728+0530] {processor.py:799} INFO - Processing file /home/feuer/.local/lib/python3.10/site-packages/airflow/example_dags/example_branch_labels.py for tasks to queue
[2023-05-21T20:04:57.729+0530] {logging_mixin.py:149} INFO - [2023-05-21T20:04:57.729+0530] {dagbag.py:541} INFO - Filling up the DagBag from /home/feuer/.local/lib/python3.10/site-packages/airflow/example_dags/example_branch_labels.py
[2023-05-21T20:04:57.737+0530] {processor.py:809} INFO - DAG(s) dict_keys(['example_branch_labels']) retrieved from /home/feuer/.local/lib/python3.10/site-packages/airflow/example_dags/example_branch_labels.py
[2023-05-21T20:04:57.760+0530] {logging_mixin.py:149} INFO - [2023-05-21T20:04:57.759+0530] {dag.py:2726} INFO - Sync 1 DAGs
[2023-05-21T20:04:57.780+0530] {logging_mixin.py:149} INFO - [2023-05-21T20:04:57.780+0530] {dag.py:3486} INFO - Setting next_dagrun for example_branch_labels to 2023-05-20T00:00:00+00:00, run_after=2023-05-21T00:00:00+00:00
[2023-05-21T20:04:57.855+0530] {processor.py:178} INFO - Processing /home/feuer/.local/lib/python3.10/site-packages/airflow/example_dags/example_branch_labels.py took 0.133 seconds
[2023-05-21T20:05:56.074+0530] {processor.py:156} INFO - Started process (PID=28506) to work on /home/feuer/.local/lib/python3.10/site-packages/airflow/example_dags/example_branch_labels.py
[2023-05-21T20:05:56.075+0530] {processor.py:799} INFO - Processing file /home/feuer/.local/lib/python3.10/site-packages/airflow/example_dags/example_branch_labels.py for tasks to queue
[2023-05-21T20:05:56.075+0530] {logging_mixin.py:149} INFO - [2023-05-21T20:05:56.075+0530] {dagbag.py:541} INFO - Filling up the DagBag from /home/feuer/.local/lib/python3.10/site-packages/airflow/example_dags/example_branch_labels.py
[2023-05-21T20:05:56.080+0530] {processor.py:809} INFO - DAG(s) dict_keys(['example_branch_labels']) retrieved from /home/feuer/.local/lib/python3.10/site-packages/airflow/example_dags/example_branch_labels.py
[2023-05-21T20:05:56.094+0530] {logging_mixin.py:149} INFO - [2023-05-21T20:05:56.094+0530] {dag.py:2726} INFO - Sync 1 DAGs
[2023-05-21T20:05:56.107+0530] {logging_mixin.py:149} INFO - [2023-05-21T20:05:56.107+0530] {dag.py:3486} INFO - Setting next_dagrun for example_branch_labels to 2023-05-20T00:00:00+00:00, run_after=2023-05-21T00:00:00+00:00
[2023-05-21T20:05:56.183+0530] {processor.py:178} INFO - Processing /home/feuer/.local/lib/python3.10/site-packages/airflow/example_dags/example_branch_labels.py took 0.112 seconds
[2023-05-21T20:06:51.521+0530] {processor.py:156} INFO - Started process (PID=28823) to work on /home/feuer/.local/lib/python3.10/site-packages/airflow/example_dags/example_branch_labels.py
[2023-05-21T20:06:51.541+0530] {processor.py:799} INFO - Processing file /home/feuer/.local/lib/python3.10/site-packages/airflow/example_dags/example_branch_labels.py for tasks to queue
[2023-05-21T20:06:51.542+0530] {logging_mixin.py:149} INFO - [2023-05-21T20:06:51.542+0530] {dagbag.py:541} INFO - Filling up the DagBag from /home/feuer/.local/lib/python3.10/site-packages/airflow/example_dags/example_branch_labels.py
[2023-05-21T20:06:51.550+0530] {processor.py:809} INFO - DAG(s) dict_keys(['example_branch_labels']) retrieved from /home/feuer/.local/lib/python3.10/site-packages/airflow/example_dags/example_branch_labels.py
[2023-05-21T20:06:51.571+0530] {logging_mixin.py:149} INFO - [2023-05-21T20:06:51.571+0530] {dag.py:2726} INFO - Sync 1 DAGs
[2023-05-21T20:06:51.592+0530] {logging_mixin.py:149} INFO - [2023-05-21T20:06:51.592+0530] {dag.py:3486} INFO - Setting next_dagrun for example_branch_labels to 2023-05-20T00:00:00+00:00, run_after=2023-05-21T00:00:00+00:00
[2023-05-21T20:06:51.776+0530] {processor.py:178} INFO - Processing /home/feuer/.local/lib/python3.10/site-packages/airflow/example_dags/example_branch_labels.py took 0.259 seconds
[2023-05-21T20:07:47.747+0530] {processor.py:156} INFO - Started process (PID=28983) to work on /home/feuer/.local/lib/python3.10/site-packages/airflow/example_dags/example_branch_labels.py
[2023-05-21T20:07:47.764+0530] {processor.py:799} INFO - Processing file /home/feuer/.local/lib/python3.10/site-packages/airflow/example_dags/example_branch_labels.py for tasks to queue
[2023-05-21T20:07:47.764+0530] {logging_mixin.py:149} INFO - [2023-05-21T20:07:47.764+0530] {dagbag.py:541} INFO - Filling up the DagBag from /home/feuer/.local/lib/python3.10/site-packages/airflow/example_dags/example_branch_labels.py
[2023-05-21T20:07:47.772+0530] {processor.py:809} INFO - DAG(s) dict_keys(['example_branch_labels']) retrieved from /home/feuer/.local/lib/python3.10/site-packages/airflow/example_dags/example_branch_labels.py
[2023-05-21T20:07:47.793+0530] {logging_mixin.py:149} INFO - [2023-05-21T20:07:47.793+0530] {dag.py:2726} INFO - Sync 1 DAGs
[2023-05-21T20:07:47.815+0530] {logging_mixin.py:149} INFO - [2023-05-21T20:07:47.815+0530] {dag.py:3486} INFO - Setting next_dagrun for example_branch_labels to 2023-05-20T00:00:00+00:00, run_after=2023-05-21T00:00:00+00:00
[2023-05-21T20:07:47.898+0530] {processor.py:178} INFO - Processing /home/feuer/.local/lib/python3.10/site-packages/airflow/example_dags/example_branch_labels.py took 0.154 seconds
[2023-05-21T20:08:45.168+0530] {processor.py:156} INFO - Started process (PID=29130) to work on /home/feuer/.local/lib/python3.10/site-packages/airflow/example_dags/example_branch_labels.py
[2023-05-21T20:08:45.177+0530] {processor.py:799} INFO - Processing file /home/feuer/.local/lib/python3.10/site-packages/airflow/example_dags/example_branch_labels.py for tasks to queue
[2023-05-21T20:08:45.178+0530] {logging_mixin.py:149} INFO - [2023-05-21T20:08:45.177+0530] {dagbag.py:541} INFO - Filling up the DagBag from /home/feuer/.local/lib/python3.10/site-packages/airflow/example_dags/example_branch_labels.py
[2023-05-21T20:08:45.183+0530] {processor.py:809} INFO - DAG(s) dict_keys(['example_branch_labels']) retrieved from /home/feuer/.local/lib/python3.10/site-packages/airflow/example_dags/example_branch_labels.py
[2023-05-21T20:08:45.195+0530] {logging_mixin.py:149} INFO - [2023-05-21T20:08:45.195+0530] {dag.py:2726} INFO - Sync 1 DAGs
[2023-05-21T20:08:45.208+0530] {logging_mixin.py:149} INFO - [2023-05-21T20:08:45.208+0530] {dag.py:3486} INFO - Setting next_dagrun for example_branch_labels to 2023-05-20T00:00:00+00:00, run_after=2023-05-21T00:00:00+00:00
[2023-05-21T20:08:45.334+0530] {processor.py:178} INFO - Processing /home/feuer/.local/lib/python3.10/site-packages/airflow/example_dags/example_branch_labels.py took 0.169 seconds
[2023-05-21T20:09:41.617+0530] {processor.py:156} INFO - Started process (PID=29326) to work on /home/feuer/.local/lib/python3.10/site-packages/airflow/example_dags/example_branch_labels.py
[2023-05-21T20:09:41.618+0530] {processor.py:799} INFO - Processing file /home/feuer/.local/lib/python3.10/site-packages/airflow/example_dags/example_branch_labels.py for tasks to queue
[2023-05-21T20:09:41.619+0530] {logging_mixin.py:149} INFO - [2023-05-21T20:09:41.619+0530] {dagbag.py:541} INFO - Filling up the DagBag from /home/feuer/.local/lib/python3.10/site-packages/airflow/example_dags/example_branch_labels.py
[2023-05-21T20:09:41.626+0530] {processor.py:809} INFO - DAG(s) dict_keys(['example_branch_labels']) retrieved from /home/feuer/.local/lib/python3.10/site-packages/airflow/example_dags/example_branch_labels.py
[2023-05-21T20:09:41.647+0530] {logging_mixin.py:149} INFO - [2023-05-21T20:09:41.647+0530] {dag.py:2726} INFO - Sync 1 DAGs
[2023-05-21T20:09:41.664+0530] {logging_mixin.py:149} INFO - [2023-05-21T20:09:41.664+0530] {dag.py:3486} INFO - Setting next_dagrun for example_branch_labels to 2023-05-20T00:00:00+00:00, run_after=2023-05-21T00:00:00+00:00
[2023-05-21T20:09:41.736+0530] {processor.py:178} INFO - Processing /home/feuer/.local/lib/python3.10/site-packages/airflow/example_dags/example_branch_labels.py took 0.122 seconds
[2023-05-21T20:10:37.639+0530] {processor.py:156} INFO - Started process (PID=29488) to work on /home/feuer/.local/lib/python3.10/site-packages/airflow/example_dags/example_branch_labels.py
[2023-05-21T20:10:37.652+0530] {processor.py:799} INFO - Processing file /home/feuer/.local/lib/python3.10/site-packages/airflow/example_dags/example_branch_labels.py for tasks to queue
[2023-05-21T20:10:37.652+0530] {logging_mixin.py:149} INFO - [2023-05-21T20:10:37.652+0530] {dagbag.py:541} INFO - Filling up the DagBag from /home/feuer/.local/lib/python3.10/site-packages/airflow/example_dags/example_branch_labels.py
[2023-05-21T20:10:37.660+0530] {processor.py:809} INFO - DAG(s) dict_keys(['example_branch_labels']) retrieved from /home/feuer/.local/lib/python3.10/site-packages/airflow/example_dags/example_branch_labels.py
[2023-05-21T20:10:37.680+0530] {logging_mixin.py:149} INFO - [2023-05-21T20:10:37.680+0530] {dag.py:2726} INFO - Sync 1 DAGs
[2023-05-21T20:10:37.701+0530] {logging_mixin.py:149} INFO - [2023-05-21T20:10:37.701+0530] {dag.py:3486} INFO - Setting next_dagrun for example_branch_labels to 2023-05-20T00:00:00+00:00, run_after=2023-05-21T00:00:00+00:00
[2023-05-21T20:10:37.794+0530] {processor.py:178} INFO - Processing /home/feuer/.local/lib/python3.10/site-packages/airflow/example_dags/example_branch_labels.py took 0.158 seconds
[2023-05-21T20:11:34.178+0530] {processor.py:156} INFO - Started process (PID=29645) to work on /home/feuer/.local/lib/python3.10/site-packages/airflow/example_dags/example_branch_labels.py
[2023-05-21T20:11:34.190+0530] {processor.py:799} INFO - Processing file /home/feuer/.local/lib/python3.10/site-packages/airflow/example_dags/example_branch_labels.py for tasks to queue
[2023-05-21T20:11:34.191+0530] {logging_mixin.py:149} INFO - [2023-05-21T20:11:34.191+0530] {dagbag.py:541} INFO - Filling up the DagBag from /home/feuer/.local/lib/python3.10/site-packages/airflow/example_dags/example_branch_labels.py
[2023-05-21T20:11:34.199+0530] {processor.py:809} INFO - DAG(s) dict_keys(['example_branch_labels']) retrieved from /home/feuer/.local/lib/python3.10/site-packages/airflow/example_dags/example_branch_labels.py
[2023-05-21T20:11:34.220+0530] {logging_mixin.py:149} INFO - [2023-05-21T20:11:34.219+0530] {dag.py:2726} INFO - Sync 1 DAGs
[2023-05-21T20:11:34.241+0530] {logging_mixin.py:149} INFO - [2023-05-21T20:11:34.241+0530] {dag.py:3486} INFO - Setting next_dagrun for example_branch_labels to 2023-05-20T00:00:00+00:00, run_after=2023-05-21T00:00:00+00:00
[2023-05-21T20:11:34.316+0530] {processor.py:178} INFO - Processing /home/feuer/.local/lib/python3.10/site-packages/airflow/example_dags/example_branch_labels.py took 0.141 seconds
[2023-05-21T20:12:30.454+0530] {processor.py:156} INFO - Started process (PID=29827) to work on /home/feuer/.local/lib/python3.10/site-packages/airflow/example_dags/example_branch_labels.py
[2023-05-21T20:12:30.464+0530] {processor.py:799} INFO - Processing file /home/feuer/.local/lib/python3.10/site-packages/airflow/example_dags/example_branch_labels.py for tasks to queue
[2023-05-21T20:12:30.465+0530] {logging_mixin.py:149} INFO - [2023-05-21T20:12:30.465+0530] {dagbag.py:541} INFO - Filling up the DagBag from /home/feuer/.local/lib/python3.10/site-packages/airflow/example_dags/example_branch_labels.py
[2023-05-21T20:12:30.472+0530] {processor.py:809} INFO - DAG(s) dict_keys(['example_branch_labels']) retrieved from /home/feuer/.local/lib/python3.10/site-packages/airflow/example_dags/example_branch_labels.py
[2023-05-21T20:12:30.493+0530] {logging_mixin.py:149} INFO - [2023-05-21T20:12:30.493+0530] {dag.py:2726} INFO - Sync 1 DAGs
[2023-05-21T20:12:30.515+0530] {logging_mixin.py:149} INFO - [2023-05-21T20:12:30.515+0530] {dag.py:3486} INFO - Setting next_dagrun for example_branch_labels to 2023-05-20T00:00:00+00:00, run_after=2023-05-21T00:00:00+00:00
[2023-05-21T20:12:30.587+0530] {processor.py:178} INFO - Processing /home/feuer/.local/lib/python3.10/site-packages/airflow/example_dags/example_branch_labels.py took 0.136 seconds
[2023-05-21T16:58:36.356+0530] {processor.py:156} INFO - Started process (PID=55900) to work on /home/feuer/.local/lib/python3.10/site-packages/airflow/example_dags/example_branch_labels.py
[2023-05-21T16:58:36.395+0530] {processor.py:799} INFO - Processing file /home/feuer/.local/lib/python3.10/site-packages/airflow/example_dags/example_branch_labels.py for tasks to queue
[2023-05-21T16:58:36.396+0530] {logging_mixin.py:149} INFO - [2023-05-21T16:58:36.396+0530] {dagbag.py:541} INFO - Filling up the DagBag from /home/feuer/.local/lib/python3.10/site-packages/airflow/example_dags/example_branch_labels.py
[2023-05-21T16:58:36.432+0530] {processor.py:809} INFO - DAG(s) dict_keys(['example_branch_labels']) retrieved from /home/feuer/.local/lib/python3.10/site-packages/airflow/example_dags/example_branch_labels.py
[2023-05-21T16:58:36.578+0530] {logging_mixin.py:149} INFO - [2023-05-21T16:58:36.578+0530] {dag.py:2726} INFO - Sync 1 DAGs
[2023-05-21T16:58:36.589+0530] {logging_mixin.py:149} INFO - [2023-05-21T16:58:36.589+0530] {dag.py:3486} INFO - Setting next_dagrun for example_branch_labels to 2023-05-20T00:00:00+00:00, run_after=2023-05-21T00:00:00+00:00
[2023-05-21T16:58:36.846+0530] {processor.py:178} INFO - Processing /home/feuer/.local/lib/python3.10/site-packages/airflow/example_dags/example_branch_labels.py took 0.493 seconds
[2023-05-21T17:00:13.499+0530] {processor.py:156} INFO - Started process (PID=56120) to work on /home/feuer/.local/lib/python3.10/site-packages/airflow/example_dags/example_branch_labels.py
[2023-05-21T17:00:13.526+0530] {processor.py:799} INFO - Processing file /home/feuer/.local/lib/python3.10/site-packages/airflow/example_dags/example_branch_labels.py for tasks to queue
[2023-05-21T17:00:13.527+0530] {logging_mixin.py:149} INFO - [2023-05-21T17:00:13.527+0530] {dagbag.py:541} INFO - Filling up the DagBag from /home/feuer/.local/lib/python3.10/site-packages/airflow/example_dags/example_branch_labels.py
[2023-05-21T17:00:13.531+0530] {processor.py:809} INFO - DAG(s) dict_keys(['example_branch_labels']) retrieved from /home/feuer/.local/lib/python3.10/site-packages/airflow/example_dags/example_branch_labels.py
[2023-05-21T17:00:13.547+0530] {logging_mixin.py:149} INFO - [2023-05-21T17:00:13.547+0530] {dag.py:2726} INFO - Sync 1 DAGs
[2023-05-21T17:00:13.560+0530] {logging_mixin.py:149} INFO - [2023-05-21T17:00:13.560+0530] {dag.py:3486} INFO - Setting next_dagrun for example_branch_labels to 2023-05-20T00:00:00+00:00, run_after=2023-05-21T00:00:00+00:00
[2023-05-21T17:00:13.804+0530] {processor.py:178} INFO - Processing /home/feuer/.local/lib/python3.10/site-packages/airflow/example_dags/example_branch_labels.py took 0.307 seconds
[2023-05-21T17:01:37.653+0530] {processor.py:156} INFO - Started process (PID=56377) to work on /home/feuer/.local/lib/python3.10/site-packages/airflow/example_dags/example_branch_labels.py
[2023-05-21T17:01:38.113+0530] {processor.py:799} INFO - Processing file /home/feuer/.local/lib/python3.10/site-packages/airflow/example_dags/example_branch_labels.py for tasks to queue
[2023-05-21T17:01:38.113+0530] {logging_mixin.py:149} INFO - [2023-05-21T17:01:38.113+0530] {dagbag.py:541} INFO - Filling up the DagBag from /home/feuer/.local/lib/python3.10/site-packages/airflow/example_dags/example_branch_labels.py
[2023-05-21T17:01:38.120+0530] {processor.py:809} INFO - DAG(s) dict_keys(['example_branch_labels']) retrieved from /home/feuer/.local/lib/python3.10/site-packages/airflow/example_dags/example_branch_labels.py
[2023-05-21T17:01:38.134+0530] {logging_mixin.py:149} INFO - [2023-05-21T17:01:38.134+0530] {dag.py:2726} INFO - Sync 1 DAGs
[2023-05-21T17:01:38.148+0530] {logging_mixin.py:149} INFO - [2023-05-21T17:01:38.148+0530] {dag.py:3486} INFO - Setting next_dagrun for example_branch_labels to 2023-05-20T00:00:00+00:00, run_after=2023-05-21T00:00:00+00:00
[2023-05-21T17:01:38.512+0530] {processor.py:178} INFO - Processing /home/feuer/.local/lib/python3.10/site-packages/airflow/example_dags/example_branch_labels.py took 0.861 seconds
[2023-05-21T17:02:55.973+0530] {processor.py:156} INFO - Started process (PID=56633) to work on /home/feuer/.local/lib/python3.10/site-packages/airflow/example_dags/example_branch_labels.py
[2023-05-21T17:02:55.980+0530] {processor.py:799} INFO - Processing file /home/feuer/.local/lib/python3.10/site-packages/airflow/example_dags/example_branch_labels.py for tasks to queue
[2023-05-21T17:02:55.981+0530] {logging_mixin.py:149} INFO - [2023-05-21T17:02:55.981+0530] {dagbag.py:541} INFO - Filling up the DagBag from /home/feuer/.local/lib/python3.10/site-packages/airflow/example_dags/example_branch_labels.py
[2023-05-21T17:02:55.988+0530] {processor.py:809} INFO - DAG(s) dict_keys(['example_branch_labels']) retrieved from /home/feuer/.local/lib/python3.10/site-packages/airflow/example_dags/example_branch_labels.py
[2023-05-21T17:02:56.008+0530] {logging_mixin.py:149} INFO - [2023-05-21T17:02:56.008+0530] {dag.py:2726} INFO - Sync 1 DAGs
[2023-05-21T17:02:56.029+0530] {logging_mixin.py:149} INFO - [2023-05-21T17:02:56.029+0530] {dag.py:3486} INFO - Setting next_dagrun for example_branch_labels to 2023-05-20T00:00:00+00:00, run_after=2023-05-21T00:00:00+00:00
[2023-05-21T17:02:56.111+0530] {processor.py:178} INFO - Processing /home/feuer/.local/lib/python3.10/site-packages/airflow/example_dags/example_branch_labels.py took 0.141 seconds
[2023-05-21T17:03:49.611+0530] {processor.py:156} INFO - Started process (PID=56748) to work on /home/feuer/.local/lib/python3.10/site-packages/airflow/example_dags/example_branch_labels.py
[2023-05-21T17:03:49.626+0530] {processor.py:799} INFO - Processing file /home/feuer/.local/lib/python3.10/site-packages/airflow/example_dags/example_branch_labels.py for tasks to queue
[2023-05-21T17:03:49.626+0530] {logging_mixin.py:149} INFO - [2023-05-21T17:03:49.626+0530] {dagbag.py:541} INFO - Filling up the DagBag from /home/feuer/.local/lib/python3.10/site-packages/airflow/example_dags/example_branch_labels.py
[2023-05-21T17:03:49.630+0530] {processor.py:809} INFO - DAG(s) dict_keys(['example_branch_labels']) retrieved from /home/feuer/.local/lib/python3.10/site-packages/airflow/example_dags/example_branch_labels.py
[2023-05-21T17:03:49.642+0530] {logging_mixin.py:149} INFO - [2023-05-21T17:03:49.642+0530] {dag.py:2726} INFO - Sync 1 DAGs
[2023-05-21T17:03:49.653+0530] {logging_mixin.py:149} INFO - [2023-05-21T17:03:49.653+0530] {dag.py:3486} INFO - Setting next_dagrun for example_branch_labels to 2023-05-20T00:00:00+00:00, run_after=2023-05-21T00:00:00+00:00
[2023-05-21T17:03:49.720+0530] {processor.py:178} INFO - Processing /home/feuer/.local/lib/python3.10/site-packages/airflow/example_dags/example_branch_labels.py took 0.111 seconds
[2023-05-21T17:04:41.940+0530] {processor.py:156} INFO - Started process (PID=56887) to work on /home/feuer/.local/lib/python3.10/site-packages/airflow/example_dags/example_branch_labels.py
[2023-05-21T17:04:41.941+0530] {processor.py:799} INFO - Processing file /home/feuer/.local/lib/python3.10/site-packages/airflow/example_dags/example_branch_labels.py for tasks to queue
[2023-05-21T17:04:41.942+0530] {logging_mixin.py:149} INFO - [2023-05-21T17:04:41.942+0530] {dagbag.py:541} INFO - Filling up the DagBag from /home/feuer/.local/lib/python3.10/site-packages/airflow/example_dags/example_branch_labels.py
[2023-05-21T17:04:41.947+0530] {processor.py:809} INFO - DAG(s) dict_keys(['example_branch_labels']) retrieved from /home/feuer/.local/lib/python3.10/site-packages/airflow/example_dags/example_branch_labels.py
[2023-05-21T17:04:41.960+0530] {logging_mixin.py:149} INFO - [2023-05-21T17:04:41.960+0530] {dag.py:2726} INFO - Sync 1 DAGs
[2023-05-21T17:04:41.972+0530] {logging_mixin.py:149} INFO - [2023-05-21T17:04:41.972+0530] {dag.py:3486} INFO - Setting next_dagrun for example_branch_labels to 2023-05-20T00:00:00+00:00, run_after=2023-05-21T00:00:00+00:00
[2023-05-21T17:04:42.050+0530] {processor.py:178} INFO - Processing /home/feuer/.local/lib/python3.10/site-packages/airflow/example_dags/example_branch_labels.py took 0.112 seconds
[2023-05-21T17:05:50.097+0530] {processor.py:156} INFO - Started process (PID=57026) to work on /home/feuer/.local/lib/python3.10/site-packages/airflow/example_dags/example_branch_labels.py
[2023-05-21T17:05:50.098+0530] {processor.py:799} INFO - Processing file /home/feuer/.local/lib/python3.10/site-packages/airflow/example_dags/example_branch_labels.py for tasks to queue
[2023-05-21T17:05:50.098+0530] {logging_mixin.py:149} INFO - [2023-05-21T17:05:50.098+0530] {dagbag.py:541} INFO - Filling up the DagBag from /home/feuer/.local/lib/python3.10/site-packages/airflow/example_dags/example_branch_labels.py
[2023-05-21T17:05:50.103+0530] {processor.py:809} INFO - DAG(s) dict_keys(['example_branch_labels']) retrieved from /home/feuer/.local/lib/python3.10/site-packages/airflow/example_dags/example_branch_labels.py
[2023-05-21T17:05:50.115+0530] {logging_mixin.py:149} INFO - [2023-05-21T17:05:50.115+0530] {dag.py:2726} INFO - Sync 1 DAGs
[2023-05-21T17:05:50.127+0530] {logging_mixin.py:149} INFO - [2023-05-21T17:05:50.127+0530] {dag.py:3486} INFO - Setting next_dagrun for example_branch_labels to 2023-05-20T00:00:00+00:00, run_after=2023-05-21T00:00:00+00:00
[2023-05-21T17:05:50.202+0530] {processor.py:178} INFO - Processing /home/feuer/.local/lib/python3.10/site-packages/airflow/example_dags/example_branch_labels.py took 0.106 seconds
[2023-05-21T17:06:57.076+0530] {processor.py:156} INFO - Started process (PID=57199) to work on /home/feuer/.local/lib/python3.10/site-packages/airflow/example_dags/example_branch_labels.py
[2023-05-21T17:06:57.077+0530] {processor.py:799} INFO - Processing file /home/feuer/.local/lib/python3.10/site-packages/airflow/example_dags/example_branch_labels.py for tasks to queue
[2023-05-21T17:06:57.077+0530] {logging_mixin.py:149} INFO - [2023-05-21T17:06:57.077+0530] {dagbag.py:541} INFO - Filling up the DagBag from /home/feuer/.local/lib/python3.10/site-packages/airflow/example_dags/example_branch_labels.py
[2023-05-21T17:06:57.081+0530] {processor.py:809} INFO - DAG(s) dict_keys(['example_branch_labels']) retrieved from /home/feuer/.local/lib/python3.10/site-packages/airflow/example_dags/example_branch_labels.py
[2023-05-21T17:06:57.093+0530] {logging_mixin.py:149} INFO - [2023-05-21T17:06:57.093+0530] {dag.py:2726} INFO - Sync 1 DAGs
[2023-05-21T17:06:57.105+0530] {logging_mixin.py:149} INFO - [2023-05-21T17:06:57.105+0530] {dag.py:3486} INFO - Setting next_dagrun for example_branch_labels to 2023-05-20T00:00:00+00:00, run_after=2023-05-21T00:00:00+00:00
[2023-05-21T17:06:57.251+0530] {processor.py:178} INFO - Processing /home/feuer/.local/lib/python3.10/site-packages/airflow/example_dags/example_branch_labels.py took 0.176 seconds
[2023-05-21T17:08:02.749+0530] {processor.py:156} INFO - Started process (PID=57353) to work on /home/feuer/.local/lib/python3.10/site-packages/airflow/example_dags/example_branch_labels.py
[2023-05-21T17:08:02.750+0530] {processor.py:799} INFO - Processing file /home/feuer/.local/lib/python3.10/site-packages/airflow/example_dags/example_branch_labels.py for tasks to queue
[2023-05-21T17:08:02.750+0530] {logging_mixin.py:149} INFO - [2023-05-21T17:08:02.750+0530] {dagbag.py:541} INFO - Filling up the DagBag from /home/feuer/.local/lib/python3.10/site-packages/airflow/example_dags/example_branch_labels.py
[2023-05-21T17:08:02.755+0530] {processor.py:809} INFO - DAG(s) dict_keys(['example_branch_labels']) retrieved from /home/feuer/.local/lib/python3.10/site-packages/airflow/example_dags/example_branch_labels.py
[2023-05-21T17:08:02.767+0530] {logging_mixin.py:149} INFO - [2023-05-21T17:08:02.767+0530] {dag.py:2726} INFO - Sync 1 DAGs
[2023-05-21T17:08:02.779+0530] {logging_mixin.py:149} INFO - [2023-05-21T17:08:02.779+0530] {dag.py:3486} INFO - Setting next_dagrun for example_branch_labels to 2023-05-20T00:00:00+00:00, run_after=2023-05-21T00:00:00+00:00
[2023-05-21T17:08:02.935+0530] {processor.py:178} INFO - Processing /home/feuer/.local/lib/python3.10/site-packages/airflow/example_dags/example_branch_labels.py took 0.188 seconds
[2023-05-21T17:09:12.474+0530] {processor.py:156} INFO - Started process (PID=57566) to work on /home/feuer/.local/lib/python3.10/site-packages/airflow/example_dags/example_branch_labels.py
[2023-05-21T17:09:12.475+0530] {processor.py:799} INFO - Processing file /home/feuer/.local/lib/python3.10/site-packages/airflow/example_dags/example_branch_labels.py for tasks to queue
[2023-05-21T17:09:12.476+0530] {logging_mixin.py:149} INFO - [2023-05-21T17:09:12.475+0530] {dagbag.py:541} INFO - Filling up the DagBag from /home/feuer/.local/lib/python3.10/site-packages/airflow/example_dags/example_branch_labels.py
[2023-05-21T17:09:12.482+0530] {processor.py:809} INFO - DAG(s) dict_keys(['example_branch_labels']) retrieved from /home/feuer/.local/lib/python3.10/site-packages/airflow/example_dags/example_branch_labels.py
[2023-05-21T17:09:12.495+0530] {logging_mixin.py:149} INFO - [2023-05-21T17:09:12.495+0530] {dag.py:2726} INFO - Sync 1 DAGs
[2023-05-21T17:09:12.507+0530] {logging_mixin.py:149} INFO - [2023-05-21T17:09:12.507+0530] {dag.py:3486} INFO - Setting next_dagrun for example_branch_labels to 2023-05-20T00:00:00+00:00, run_after=2023-05-21T00:00:00+00:00
[2023-05-21T17:09:12.581+0530] {processor.py:178} INFO - Processing /home/feuer/.local/lib/python3.10/site-packages/airflow/example_dags/example_branch_labels.py took 0.109 seconds
[2023-05-21T17:10:19.648+0530] {processor.py:156} INFO - Started process (PID=57714) to work on /home/feuer/.local/lib/python3.10/site-packages/airflow/example_dags/example_branch_labels.py
[2023-05-21T17:10:19.648+0530] {processor.py:799} INFO - Processing file /home/feuer/.local/lib/python3.10/site-packages/airflow/example_dags/example_branch_labels.py for tasks to queue
[2023-05-21T17:10:19.649+0530] {logging_mixin.py:149} INFO - [2023-05-21T17:10:19.649+0530] {dagbag.py:541} INFO - Filling up the DagBag from /home/feuer/.local/lib/python3.10/site-packages/airflow/example_dags/example_branch_labels.py
[2023-05-21T17:10:19.654+0530] {processor.py:809} INFO - DAG(s) dict_keys(['example_branch_labels']) retrieved from /home/feuer/.local/lib/python3.10/site-packages/airflow/example_dags/example_branch_labels.py
[2023-05-21T17:10:19.666+0530] {logging_mixin.py:149} INFO - [2023-05-21T17:10:19.666+0530] {dag.py:2726} INFO - Sync 1 DAGs
[2023-05-21T17:10:19.678+0530] {logging_mixin.py:149} INFO - [2023-05-21T17:10:19.677+0530] {dag.py:3486} INFO - Setting next_dagrun for example_branch_labels to 2023-05-20T00:00:00+00:00, run_after=2023-05-21T00:00:00+00:00
[2023-05-21T17:10:19.758+0530] {processor.py:178} INFO - Processing /home/feuer/.local/lib/python3.10/site-packages/airflow/example_dags/example_branch_labels.py took 0.112 seconds
[2023-05-21T17:11:30.704+0530] {processor.py:156} INFO - Started process (PID=57894) to work on /home/feuer/.local/lib/python3.10/site-packages/airflow/example_dags/example_branch_labels.py
[2023-05-21T17:11:30.717+0530] {processor.py:799} INFO - Processing file /home/feuer/.local/lib/python3.10/site-packages/airflow/example_dags/example_branch_labels.py for tasks to queue
[2023-05-21T17:11:30.717+0530] {logging_mixin.py:149} INFO - [2023-05-21T17:11:30.717+0530] {dagbag.py:541} INFO - Filling up the DagBag from /home/feuer/.local/lib/python3.10/site-packages/airflow/example_dags/example_branch_labels.py
[2023-05-21T17:11:30.721+0530] {processor.py:809} INFO - DAG(s) dict_keys(['example_branch_labels']) retrieved from /home/feuer/.local/lib/python3.10/site-packages/airflow/example_dags/example_branch_labels.py
[2023-05-21T17:11:30.736+0530] {logging_mixin.py:149} INFO - [2023-05-21T17:11:30.736+0530] {dag.py:2726} INFO - Sync 1 DAGs
[2023-05-21T17:11:30.748+0530] {logging_mixin.py:149} INFO - [2023-05-21T17:11:30.748+0530] {dag.py:3486} INFO - Setting next_dagrun for example_branch_labels to 2023-05-20T00:00:00+00:00, run_after=2023-05-21T00:00:00+00:00
[2023-05-21T17:11:30.818+0530] {processor.py:178} INFO - Processing /home/feuer/.local/lib/python3.10/site-packages/airflow/example_dags/example_branch_labels.py took 0.116 seconds
[2023-05-21T17:12:41.216+0530] {processor.py:156} INFO - Started process (PID=58052) to work on /home/feuer/.local/lib/python3.10/site-packages/airflow/example_dags/example_branch_labels.py
[2023-05-21T17:12:41.229+0530] {processor.py:799} INFO - Processing file /home/feuer/.local/lib/python3.10/site-packages/airflow/example_dags/example_branch_labels.py for tasks to queue
[2023-05-21T17:12:41.229+0530] {logging_mixin.py:149} INFO - [2023-05-21T17:12:41.229+0530] {dagbag.py:541} INFO - Filling up the DagBag from /home/feuer/.local/lib/python3.10/site-packages/airflow/example_dags/example_branch_labels.py
[2023-05-21T17:12:41.234+0530] {processor.py:809} INFO - DAG(s) dict_keys(['example_branch_labels']) retrieved from /home/feuer/.local/lib/python3.10/site-packages/airflow/example_dags/example_branch_labels.py
[2023-05-21T17:12:41.247+0530] {logging_mixin.py:149} INFO - [2023-05-21T17:12:41.247+0530] {dag.py:2726} INFO - Sync 1 DAGs
[2023-05-21T17:12:41.259+0530] {logging_mixin.py:149} INFO - [2023-05-21T17:12:41.259+0530] {dag.py:3486} INFO - Setting next_dagrun for example_branch_labels to 2023-05-20T00:00:00+00:00, run_after=2023-05-21T00:00:00+00:00
[2023-05-21T17:12:41.339+0530] {processor.py:178} INFO - Processing /home/feuer/.local/lib/python3.10/site-packages/airflow/example_dags/example_branch_labels.py took 0.125 seconds
[2023-05-21T17:13:44.186+0530] {processor.py:156} INFO - Started process (PID=58235) to work on /home/feuer/.local/lib/python3.10/site-packages/airflow/example_dags/example_branch_labels.py
[2023-05-21T17:13:44.187+0530] {processor.py:799} INFO - Processing file /home/feuer/.local/lib/python3.10/site-packages/airflow/example_dags/example_branch_labels.py for tasks to queue
[2023-05-21T17:13:44.187+0530] {logging_mixin.py:149} INFO - [2023-05-21T17:13:44.187+0530] {dagbag.py:541} INFO - Filling up the DagBag from /home/feuer/.local/lib/python3.10/site-packages/airflow/example_dags/example_branch_labels.py
[2023-05-21T17:13:44.194+0530] {processor.py:809} INFO - DAG(s) dict_keys(['example_branch_labels']) retrieved from /home/feuer/.local/lib/python3.10/site-packages/airflow/example_dags/example_branch_labels.py
[2023-05-21T17:13:44.215+0530] {logging_mixin.py:149} INFO - [2023-05-21T17:13:44.215+0530] {dag.py:2726} INFO - Sync 1 DAGs
[2023-05-21T17:13:44.234+0530] {logging_mixin.py:149} INFO - [2023-05-21T17:13:44.233+0530] {dag.py:3486} INFO - Setting next_dagrun for example_branch_labels to 2023-05-20T00:00:00+00:00, run_after=2023-05-21T00:00:00+00:00
[2023-05-21T17:13:44.302+0530] {processor.py:178} INFO - Processing /home/feuer/.local/lib/python3.10/site-packages/airflow/example_dags/example_branch_labels.py took 0.118 seconds
[2023-05-21T17:14:54.393+0530] {processor.py:156} INFO - Started process (PID=58396) to work on /home/feuer/.local/lib/python3.10/site-packages/airflow/example_dags/example_branch_labels.py
[2023-05-21T17:14:54.394+0530] {processor.py:799} INFO - Processing file /home/feuer/.local/lib/python3.10/site-packages/airflow/example_dags/example_branch_labels.py for tasks to queue
[2023-05-21T17:14:54.394+0530] {logging_mixin.py:149} INFO - [2023-05-21T17:14:54.394+0530] {dagbag.py:541} INFO - Filling up the DagBag from /home/feuer/.local/lib/python3.10/site-packages/airflow/example_dags/example_branch_labels.py
[2023-05-21T17:14:54.398+0530] {processor.py:809} INFO - DAG(s) dict_keys(['example_branch_labels']) retrieved from /home/feuer/.local/lib/python3.10/site-packages/airflow/example_dags/example_branch_labels.py
[2023-05-21T17:14:54.410+0530] {logging_mixin.py:149} INFO - [2023-05-21T17:14:54.410+0530] {dag.py:2726} INFO - Sync 1 DAGs
[2023-05-21T17:14:54.424+0530] {logging_mixin.py:149} INFO - [2023-05-21T17:14:54.423+0530] {dag.py:3486} INFO - Setting next_dagrun for example_branch_labels to 2023-05-20T00:00:00+00:00, run_after=2023-05-21T00:00:00+00:00
[2023-05-21T17:14:54.518+0530] {processor.py:178} INFO - Processing /home/feuer/.local/lib/python3.10/site-packages/airflow/example_dags/example_branch_labels.py took 0.127 seconds
[2023-05-21T17:15:44.594+0530] {processor.py:156} INFO - Started process (PID=58512) to work on /home/feuer/.local/lib/python3.10/site-packages/airflow/example_dags/example_branch_labels.py
[2023-05-21T17:15:44.610+0530] {processor.py:799} INFO - Processing file /home/feuer/.local/lib/python3.10/site-packages/airflow/example_dags/example_branch_labels.py for tasks to queue
[2023-05-21T17:15:44.611+0530] {logging_mixin.py:149} INFO - [2023-05-21T17:15:44.611+0530] {dagbag.py:541} INFO - Filling up the DagBag from /home/feuer/.local/lib/python3.10/site-packages/airflow/example_dags/example_branch_labels.py
[2023-05-21T17:15:44.617+0530] {processor.py:809} INFO - DAG(s) dict_keys(['example_branch_labels']) retrieved from /home/feuer/.local/lib/python3.10/site-packages/airflow/example_dags/example_branch_labels.py
[2023-05-21T17:15:44.638+0530] {logging_mixin.py:149} INFO - [2023-05-21T17:15:44.638+0530] {dag.py:2726} INFO - Sync 1 DAGs
[2023-05-21T17:15:44.660+0530] {logging_mixin.py:149} INFO - [2023-05-21T17:15:44.660+0530] {dag.py:3486} INFO - Setting next_dagrun for example_branch_labels to 2023-05-20T00:00:00+00:00, run_after=2023-05-21T00:00:00+00:00
[2023-05-21T17:15:44.738+0530] {processor.py:178} INFO - Processing /home/feuer/.local/lib/python3.10/site-packages/airflow/example_dags/example_branch_labels.py took 0.147 seconds
[2023-05-21T17:16:53.552+0530] {processor.py:156} INFO - Started process (PID=58687) to work on /home/feuer/.local/lib/python3.10/site-packages/airflow/example_dags/example_branch_labels.py
[2023-05-21T17:16:53.564+0530] {processor.py:799} INFO - Processing file /home/feuer/.local/lib/python3.10/site-packages/airflow/example_dags/example_branch_labels.py for tasks to queue
[2023-05-21T17:16:53.565+0530] {logging_mixin.py:149} INFO - [2023-05-21T17:16:53.564+0530] {dagbag.py:541} INFO - Filling up the DagBag from /home/feuer/.local/lib/python3.10/site-packages/airflow/example_dags/example_branch_labels.py
[2023-05-21T17:16:53.571+0530] {processor.py:809} INFO - DAG(s) dict_keys(['example_branch_labels']) retrieved from /home/feuer/.local/lib/python3.10/site-packages/airflow/example_dags/example_branch_labels.py
[2023-05-21T17:16:53.591+0530] {logging_mixin.py:149} INFO - [2023-05-21T17:16:53.591+0530] {dag.py:2726} INFO - Sync 1 DAGs
[2023-05-21T17:16:53.612+0530] {logging_mixin.py:149} INFO - [2023-05-21T17:16:53.612+0530] {dag.py:3486} INFO - Setting next_dagrun for example_branch_labels to 2023-05-20T00:00:00+00:00, run_after=2023-05-21T00:00:00+00:00
[2023-05-21T17:16:53.699+0530] {processor.py:178} INFO - Processing /home/feuer/.local/lib/python3.10/site-packages/airflow/example_dags/example_branch_labels.py took 0.149 seconds
[2023-05-21T17:17:41.684+0530] {processor.py:156} INFO - Started process (PID=58803) to work on /home/feuer/.local/lib/python3.10/site-packages/airflow/example_dags/example_branch_labels.py
[2023-05-21T17:17:41.698+0530] {processor.py:799} INFO - Processing file /home/feuer/.local/lib/python3.10/site-packages/airflow/example_dags/example_branch_labels.py for tasks to queue
[2023-05-21T17:17:41.698+0530] {logging_mixin.py:149} INFO - [2023-05-21T17:17:41.698+0530] {dagbag.py:541} INFO - Filling up the DagBag from /home/feuer/.local/lib/python3.10/site-packages/airflow/example_dags/example_branch_labels.py
[2023-05-21T17:17:41.705+0530] {processor.py:809} INFO - DAG(s) dict_keys(['example_branch_labels']) retrieved from /home/feuer/.local/lib/python3.10/site-packages/airflow/example_dags/example_branch_labels.py
[2023-05-21T17:17:41.725+0530] {logging_mixin.py:149} INFO - [2023-05-21T17:17:41.725+0530] {dag.py:2726} INFO - Sync 1 DAGs
[2023-05-21T17:17:41.745+0530] {logging_mixin.py:149} INFO - [2023-05-21T17:17:41.745+0530] {dag.py:3486} INFO - Setting next_dagrun for example_branch_labels to 2023-05-20T00:00:00+00:00, run_after=2023-05-21T00:00:00+00:00
[2023-05-21T17:17:41.830+0530] {processor.py:178} INFO - Processing /home/feuer/.local/lib/python3.10/site-packages/airflow/example_dags/example_branch_labels.py took 0.148 seconds
[2023-05-21T17:18:50.143+0530] {processor.py:156} INFO - Started process (PID=58956) to work on /home/feuer/.local/lib/python3.10/site-packages/airflow/example_dags/example_branch_labels.py
[2023-05-21T17:18:50.160+0530] {processor.py:799} INFO - Processing file /home/feuer/.local/lib/python3.10/site-packages/airflow/example_dags/example_branch_labels.py for tasks to queue
[2023-05-21T17:18:50.161+0530] {logging_mixin.py:149} INFO - [2023-05-21T17:18:50.161+0530] {dagbag.py:541} INFO - Filling up the DagBag from /home/feuer/.local/lib/python3.10/site-packages/airflow/example_dags/example_branch_labels.py
[2023-05-21T17:18:50.167+0530] {processor.py:809} INFO - DAG(s) dict_keys(['example_branch_labels']) retrieved from /home/feuer/.local/lib/python3.10/site-packages/airflow/example_dags/example_branch_labels.py
[2023-05-21T17:18:50.187+0530] {logging_mixin.py:149} INFO - [2023-05-21T17:18:50.187+0530] {dag.py:2726} INFO - Sync 1 DAGs
[2023-05-21T17:18:50.207+0530] {logging_mixin.py:149} INFO - [2023-05-21T17:18:50.207+0530] {dag.py:3486} INFO - Setting next_dagrun for example_branch_labels to 2023-05-20T00:00:00+00:00, run_after=2023-05-21T00:00:00+00:00
[2023-05-21T17:18:50.295+0530] {processor.py:178} INFO - Processing /home/feuer/.local/lib/python3.10/site-packages/airflow/example_dags/example_branch_labels.py took 0.155 seconds
[2023-05-21T17:19:59.455+0530] {processor.py:156} INFO - Started process (PID=59152) to work on /home/feuer/.local/lib/python3.10/site-packages/airflow/example_dags/example_branch_labels.py
[2023-05-21T17:19:59.456+0530] {processor.py:799} INFO - Processing file /home/feuer/.local/lib/python3.10/site-packages/airflow/example_dags/example_branch_labels.py for tasks to queue
[2023-05-21T17:19:59.456+0530] {logging_mixin.py:149} INFO - [2023-05-21T17:19:59.456+0530] {dagbag.py:541} INFO - Filling up the DagBag from /home/feuer/.local/lib/python3.10/site-packages/airflow/example_dags/example_branch_labels.py
[2023-05-21T17:19:59.463+0530] {processor.py:809} INFO - DAG(s) dict_keys(['example_branch_labels']) retrieved from /home/feuer/.local/lib/python3.10/site-packages/airflow/example_dags/example_branch_labels.py
[2023-05-21T17:19:59.482+0530] {logging_mixin.py:149} INFO - [2023-05-21T17:19:59.482+0530] {dag.py:2726} INFO - Sync 1 DAGs
[2023-05-21T17:19:59.500+0530] {logging_mixin.py:149} INFO - [2023-05-21T17:19:59.500+0530] {dag.py:3486} INFO - Setting next_dagrun for example_branch_labels to 2023-05-20T00:00:00+00:00, run_after=2023-05-21T00:00:00+00:00
[2023-05-21T17:19:59.579+0530] {processor.py:178} INFO - Processing /home/feuer/.local/lib/python3.10/site-packages/airflow/example_dags/example_branch_labels.py took 0.127 seconds
[2023-05-21T17:21:53.794+0530] {processor.py:156} INFO - Started process (PID=59555) to work on /home/feuer/.local/lib/python3.10/site-packages/airflow/example_dags/example_branch_labels.py
[2023-05-21T17:21:53.822+0530] {processor.py:799} INFO - Processing file /home/feuer/.local/lib/python3.10/site-packages/airflow/example_dags/example_branch_labels.py for tasks to queue
[2023-05-21T17:21:53.823+0530] {logging_mixin.py:149} INFO - [2023-05-21T17:21:53.823+0530] {dagbag.py:541} INFO - Filling up the DagBag from /home/feuer/.local/lib/python3.10/site-packages/airflow/example_dags/example_branch_labels.py
[2023-05-21T17:21:53.829+0530] {processor.py:809} INFO - DAG(s) dict_keys(['example_branch_labels']) retrieved from /home/feuer/.local/lib/python3.10/site-packages/airflow/example_dags/example_branch_labels.py
[2023-05-21T17:21:53.849+0530] {logging_mixin.py:149} INFO - [2023-05-21T17:21:53.849+0530] {dag.py:2726} INFO - Sync 1 DAGs
[2023-05-21T17:21:53.869+0530] {logging_mixin.py:149} INFO - [2023-05-21T17:21:53.869+0530] {dag.py:3486} INFO - Setting next_dagrun for example_branch_labels to 2023-05-20T00:00:00+00:00, run_after=2023-05-21T00:00:00+00:00
[2023-05-21T17:21:54.100+0530] {processor.py:178} INFO - Processing /home/feuer/.local/lib/python3.10/site-packages/airflow/example_dags/example_branch_labels.py took 0.309 seconds
