[2023-05-21T19:39:38.750+0530] {processor.py:156} INFO - Started process (PID=23805) to work on /home/feuer/.local/lib/python3.10/site-packages/airflow/example_dags/tutorial.py
[2023-05-21T19:39:38.751+0530] {processor.py:799} INFO - Processing file /home/feuer/.local/lib/python3.10/site-packages/airflow/example_dags/tutorial.py for tasks to queue
[2023-05-21T19:39:38.751+0530] {logging_mixin.py:149} INFO - [2023-05-21T19:39:38.751+0530] {dagbag.py:541} INFO - Filling up the DagBag from /home/feuer/.local/lib/python3.10/site-packages/airflow/example_dags/tutorial.py
[2023-05-21T19:39:38.756+0530] {processor.py:809} INFO - DAG(s) dict_keys(['tutorial']) retrieved from /home/feuer/.local/lib/python3.10/site-packages/airflow/example_dags/tutorial.py
[2023-05-21T19:39:38.788+0530] {logging_mixin.py:149} INFO - [2023-05-21T19:39:38.787+0530] {dag.py:2726} INFO - Sync 1 DAGs
[2023-05-21T19:39:38.799+0530] {logging_mixin.py:149} INFO - [2023-05-21T19:39:38.799+0530] {dag.py:3486} INFO - Setting next_dagrun for tutorial to 2023-05-20T14:09:38.799294+00:00, run_after=2023-05-21T14:09:38.799294+00:00
[2023-05-21T19:39:39.335+0530] {processor.py:178} INFO - Processing /home/feuer/.local/lib/python3.10/site-packages/airflow/example_dags/tutorial.py took 0.586 seconds
[2023-05-21T19:40:38.229+0530] {processor.py:156} INFO - Started process (PID=23972) to work on /home/feuer/.local/lib/python3.10/site-packages/airflow/example_dags/tutorial.py
[2023-05-21T19:40:38.236+0530] {processor.py:799} INFO - Processing file /home/feuer/.local/lib/python3.10/site-packages/airflow/example_dags/tutorial.py for tasks to queue
[2023-05-21T19:40:38.237+0530] {logging_mixin.py:149} INFO - [2023-05-21T19:40:38.237+0530] {dagbag.py:541} INFO - Filling up the DagBag from /home/feuer/.local/lib/python3.10/site-packages/airflow/example_dags/tutorial.py
[2023-05-21T19:40:38.281+0530] {processor.py:809} INFO - DAG(s) dict_keys(['tutorial']) retrieved from /home/feuer/.local/lib/python3.10/site-packages/airflow/example_dags/tutorial.py
[2023-05-21T19:40:38.340+0530] {logging_mixin.py:149} INFO - [2023-05-21T19:40:38.340+0530] {dag.py:2726} INFO - Sync 1 DAGs
[2023-05-21T19:40:38.421+0530] {logging_mixin.py:149} INFO - [2023-05-21T19:40:38.420+0530] {dag.py:3486} INFO - Setting next_dagrun for tutorial to 2023-05-20T14:10:38.420686+00:00, run_after=2023-05-21T14:10:38.420686+00:00
[2023-05-21T19:40:38.668+0530] {processor.py:178} INFO - Processing /home/feuer/.local/lib/python3.10/site-packages/airflow/example_dags/tutorial.py took 0.442 seconds
[2023-05-21T19:42:13.653+0530] {processor.py:156} INFO - Started process (PID=24486) to work on /home/feuer/.local/lib/python3.10/site-packages/airflow/example_dags/tutorial.py
[2023-05-21T19:42:13.662+0530] {processor.py:799} INFO - Processing file /home/feuer/.local/lib/python3.10/site-packages/airflow/example_dags/tutorial.py for tasks to queue
[2023-05-21T19:42:13.662+0530] {logging_mixin.py:149} INFO - [2023-05-21T19:42:13.662+0530] {dagbag.py:541} INFO - Filling up the DagBag from /home/feuer/.local/lib/python3.10/site-packages/airflow/example_dags/tutorial.py
[2023-05-21T19:42:13.668+0530] {processor.py:809} INFO - DAG(s) dict_keys(['tutorial']) retrieved from /home/feuer/.local/lib/python3.10/site-packages/airflow/example_dags/tutorial.py
[2023-05-21T19:42:13.697+0530] {logging_mixin.py:149} INFO - [2023-05-21T19:42:13.697+0530] {dag.py:2726} INFO - Sync 1 DAGs
[2023-05-21T19:42:13.709+0530] {logging_mixin.py:149} INFO - [2023-05-21T19:42:13.709+0530] {dag.py:3486} INFO - Setting next_dagrun for tutorial to 2023-05-20T14:12:13.709328+00:00, run_after=2023-05-21T14:12:13.709328+00:00
[2023-05-21T19:42:13.791+0530] {processor.py:178} INFO - Processing /home/feuer/.local/lib/python3.10/site-packages/airflow/example_dags/tutorial.py took 0.140 seconds
[2023-05-21T19:43:10.642+0530] {processor.py:156} INFO - Started process (PID=24709) to work on /home/feuer/.local/lib/python3.10/site-packages/airflow/example_dags/tutorial.py
[2023-05-21T19:43:10.643+0530] {processor.py:799} INFO - Processing file /home/feuer/.local/lib/python3.10/site-packages/airflow/example_dags/tutorial.py for tasks to queue
[2023-05-21T19:43:10.644+0530] {logging_mixin.py:149} INFO - [2023-05-21T19:43:10.644+0530] {dagbag.py:541} INFO - Filling up the DagBag from /home/feuer/.local/lib/python3.10/site-packages/airflow/example_dags/tutorial.py
[2023-05-21T19:43:10.651+0530] {processor.py:809} INFO - DAG(s) dict_keys(['tutorial']) retrieved from /home/feuer/.local/lib/python3.10/site-packages/airflow/example_dags/tutorial.py
[2023-05-21T19:43:10.671+0530] {logging_mixin.py:149} INFO - [2023-05-21T19:43:10.670+0530] {dag.py:2726} INFO - Sync 1 DAGs
[2023-05-21T19:43:10.686+0530] {logging_mixin.py:149} INFO - [2023-05-21T19:43:10.686+0530] {dag.py:3486} INFO - Setting next_dagrun for tutorial to 2023-05-20T14:13:10.686458+00:00, run_after=2023-05-21T14:13:10.686458+00:00
[2023-05-21T19:43:10.771+0530] {processor.py:178} INFO - Processing /home/feuer/.local/lib/python3.10/site-packages/airflow/example_dags/tutorial.py took 0.132 seconds
[2023-05-21T19:44:03.059+0530] {processor.py:156} INFO - Started process (PID=24840) to work on /home/feuer/.local/lib/python3.10/site-packages/airflow/example_dags/tutorial.py
[2023-05-21T19:44:03.060+0530] {processor.py:799} INFO - Processing file /home/feuer/.local/lib/python3.10/site-packages/airflow/example_dags/tutorial.py for tasks to queue
[2023-05-21T19:44:03.061+0530] {logging_mixin.py:149} INFO - [2023-05-21T19:44:03.061+0530] {dagbag.py:541} INFO - Filling up the DagBag from /home/feuer/.local/lib/python3.10/site-packages/airflow/example_dags/tutorial.py
[2023-05-21T19:44:03.069+0530] {processor.py:809} INFO - DAG(s) dict_keys(['tutorial']) retrieved from /home/feuer/.local/lib/python3.10/site-packages/airflow/example_dags/tutorial.py
[2023-05-21T19:44:03.089+0530] {logging_mixin.py:149} INFO - [2023-05-21T19:44:03.089+0530] {dag.py:2726} INFO - Sync 1 DAGs
[2023-05-21T19:44:03.106+0530] {logging_mixin.py:149} INFO - [2023-05-21T19:44:03.106+0530] {dag.py:3486} INFO - Setting next_dagrun for tutorial to 2023-05-20T14:14:03.106004+00:00, run_after=2023-05-21T14:14:03.106004+00:00
[2023-05-21T19:44:03.182+0530] {processor.py:178} INFO - Processing /home/feuer/.local/lib/python3.10/site-packages/airflow/example_dags/tutorial.py took 0.127 seconds
[2023-05-21T19:44:56.520+0530] {processor.py:156} INFO - Started process (PID=24982) to work on /home/feuer/.local/lib/python3.10/site-packages/airflow/example_dags/tutorial.py
[2023-05-21T19:44:56.521+0530] {processor.py:799} INFO - Processing file /home/feuer/.local/lib/python3.10/site-packages/airflow/example_dags/tutorial.py for tasks to queue
[2023-05-21T19:44:56.522+0530] {logging_mixin.py:149} INFO - [2023-05-21T19:44:56.521+0530] {dagbag.py:541} INFO - Filling up the DagBag from /home/feuer/.local/lib/python3.10/site-packages/airflow/example_dags/tutorial.py
[2023-05-21T19:44:56.529+0530] {processor.py:809} INFO - DAG(s) dict_keys(['tutorial']) retrieved from /home/feuer/.local/lib/python3.10/site-packages/airflow/example_dags/tutorial.py
[2023-05-21T19:44:56.548+0530] {logging_mixin.py:149} INFO - [2023-05-21T19:44:56.548+0530] {dag.py:2726} INFO - Sync 1 DAGs
[2023-05-21T19:44:56.566+0530] {logging_mixin.py:149} INFO - [2023-05-21T19:44:56.566+0530] {dag.py:3486} INFO - Setting next_dagrun for tutorial to 2023-05-20T14:14:56.566247+00:00, run_after=2023-05-21T14:14:56.566247+00:00
[2023-05-21T19:44:56.642+0530] {processor.py:178} INFO - Processing /home/feuer/.local/lib/python3.10/site-packages/airflow/example_dags/tutorial.py took 0.125 seconds
[2023-05-21T19:45:51.932+0530] {processor.py:156} INFO - Started process (PID=25102) to work on /home/feuer/.local/lib/python3.10/site-packages/airflow/example_dags/tutorial.py
[2023-05-21T19:45:51.933+0530] {processor.py:799} INFO - Processing file /home/feuer/.local/lib/python3.10/site-packages/airflow/example_dags/tutorial.py for tasks to queue
[2023-05-21T19:45:51.933+0530] {logging_mixin.py:149} INFO - [2023-05-21T19:45:51.933+0530] {dagbag.py:541} INFO - Filling up the DagBag from /home/feuer/.local/lib/python3.10/site-packages/airflow/example_dags/tutorial.py
[2023-05-21T19:45:51.939+0530] {processor.py:809} INFO - DAG(s) dict_keys(['tutorial']) retrieved from /home/feuer/.local/lib/python3.10/site-packages/airflow/example_dags/tutorial.py
[2023-05-21T19:45:51.952+0530] {logging_mixin.py:149} INFO - [2023-05-21T19:45:51.952+0530] {dag.py:2726} INFO - Sync 1 DAGs
[2023-05-21T19:45:51.963+0530] {logging_mixin.py:149} INFO - [2023-05-21T19:45:51.963+0530] {dag.py:3486} INFO - Setting next_dagrun for tutorial to 2023-05-20T14:15:51.963125+00:00, run_after=2023-05-21T14:15:51.963125+00:00
[2023-05-21T19:45:52.045+0530] {processor.py:178} INFO - Processing /home/feuer/.local/lib/python3.10/site-packages/airflow/example_dags/tutorial.py took 0.116 seconds
[2023-05-21T19:46:45.155+0530] {processor.py:156} INFO - Started process (PID=25210) to work on /home/feuer/.local/lib/python3.10/site-packages/airflow/example_dags/tutorial.py
[2023-05-21T19:46:45.156+0530] {processor.py:799} INFO - Processing file /home/feuer/.local/lib/python3.10/site-packages/airflow/example_dags/tutorial.py for tasks to queue
[2023-05-21T19:46:45.157+0530] {logging_mixin.py:149} INFO - [2023-05-21T19:46:45.157+0530] {dagbag.py:541} INFO - Filling up the DagBag from /home/feuer/.local/lib/python3.10/site-packages/airflow/example_dags/tutorial.py
[2023-05-21T19:46:45.164+0530] {processor.py:809} INFO - DAG(s) dict_keys(['tutorial']) retrieved from /home/feuer/.local/lib/python3.10/site-packages/airflow/example_dags/tutorial.py
[2023-05-21T19:46:45.177+0530] {logging_mixin.py:149} INFO - [2023-05-21T19:46:45.177+0530] {dag.py:2726} INFO - Sync 1 DAGs
[2023-05-21T19:46:45.188+0530] {logging_mixin.py:149} INFO - [2023-05-21T19:46:45.188+0530] {dag.py:3486} INFO - Setting next_dagrun for tutorial to 2023-05-20T14:16:45.188162+00:00, run_after=2023-05-21T14:16:45.188162+00:00
[2023-05-21T19:46:45.259+0530] {processor.py:178} INFO - Processing /home/feuer/.local/lib/python3.10/site-packages/airflow/example_dags/tutorial.py took 0.107 seconds
[2023-05-21T19:47:37.651+0530] {processor.py:156} INFO - Started process (PID=25330) to work on /home/feuer/.local/lib/python3.10/site-packages/airflow/example_dags/tutorial.py
[2023-05-21T19:47:37.652+0530] {processor.py:799} INFO - Processing file /home/feuer/.local/lib/python3.10/site-packages/airflow/example_dags/tutorial.py for tasks to queue
[2023-05-21T19:47:37.652+0530] {logging_mixin.py:149} INFO - [2023-05-21T19:47:37.652+0530] {dagbag.py:541} INFO - Filling up the DagBag from /home/feuer/.local/lib/python3.10/site-packages/airflow/example_dags/tutorial.py
[2023-05-21T19:47:37.658+0530] {processor.py:809} INFO - DAG(s) dict_keys(['tutorial']) retrieved from /home/feuer/.local/lib/python3.10/site-packages/airflow/example_dags/tutorial.py
[2023-05-21T19:47:37.669+0530] {logging_mixin.py:149} INFO - [2023-05-21T19:47:37.669+0530] {dag.py:2726} INFO - Sync 1 DAGs
[2023-05-21T19:47:37.680+0530] {logging_mixin.py:149} INFO - [2023-05-21T19:47:37.680+0530] {dag.py:3486} INFO - Setting next_dagrun for tutorial to 2023-05-20T14:17:37.679984+00:00, run_after=2023-05-21T14:17:37.679984+00:00
[2023-05-21T19:47:37.758+0530] {processor.py:178} INFO - Processing /home/feuer/.local/lib/python3.10/site-packages/airflow/example_dags/tutorial.py took 0.108 seconds
[2023-05-21T19:48:31.145+0530] {processor.py:156} INFO - Started process (PID=25436) to work on /home/feuer/.local/lib/python3.10/site-packages/airflow/example_dags/tutorial.py
[2023-05-21T19:48:31.146+0530] {processor.py:799} INFO - Processing file /home/feuer/.local/lib/python3.10/site-packages/airflow/example_dags/tutorial.py for tasks to queue
[2023-05-21T19:48:31.147+0530] {logging_mixin.py:149} INFO - [2023-05-21T19:48:31.147+0530] {dagbag.py:541} INFO - Filling up the DagBag from /home/feuer/.local/lib/python3.10/site-packages/airflow/example_dags/tutorial.py
[2023-05-21T19:48:31.153+0530] {processor.py:809} INFO - DAG(s) dict_keys(['tutorial']) retrieved from /home/feuer/.local/lib/python3.10/site-packages/airflow/example_dags/tutorial.py
[2023-05-21T19:48:31.170+0530] {logging_mixin.py:149} INFO - [2023-05-21T19:48:31.170+0530] {dag.py:2726} INFO - Sync 1 DAGs
[2023-05-21T19:48:31.183+0530] {logging_mixin.py:149} INFO - [2023-05-21T19:48:31.183+0530] {dag.py:3486} INFO - Setting next_dagrun for tutorial to 2023-05-20T14:18:31.183226+00:00, run_after=2023-05-21T14:18:31.183226+00:00
[2023-05-21T19:48:31.324+0530] {processor.py:178} INFO - Processing /home/feuer/.local/lib/python3.10/site-packages/airflow/example_dags/tutorial.py took 0.181 seconds
[2023-05-21T19:49:24.004+0530] {processor.py:156} INFO - Started process (PID=25547) to work on /home/feuer/.local/lib/python3.10/site-packages/airflow/example_dags/tutorial.py
[2023-05-21T19:49:24.005+0530] {processor.py:799} INFO - Processing file /home/feuer/.local/lib/python3.10/site-packages/airflow/example_dags/tutorial.py for tasks to queue
[2023-05-21T19:49:24.006+0530] {logging_mixin.py:149} INFO - [2023-05-21T19:49:24.005+0530] {dagbag.py:541} INFO - Filling up the DagBag from /home/feuer/.local/lib/python3.10/site-packages/airflow/example_dags/tutorial.py
[2023-05-21T19:49:24.012+0530] {processor.py:809} INFO - DAG(s) dict_keys(['tutorial']) retrieved from /home/feuer/.local/lib/python3.10/site-packages/airflow/example_dags/tutorial.py
[2023-05-21T19:49:24.024+0530] {logging_mixin.py:149} INFO - [2023-05-21T19:49:24.024+0530] {dag.py:2726} INFO - Sync 1 DAGs
[2023-05-21T19:49:24.036+0530] {logging_mixin.py:149} INFO - [2023-05-21T19:49:24.036+0530] {dag.py:3486} INFO - Setting next_dagrun for tutorial to 2023-05-20T14:19:24.035821+00:00, run_after=2023-05-21T14:19:24.035821+00:00
[2023-05-21T19:49:24.118+0530] {processor.py:178} INFO - Processing /home/feuer/.local/lib/python3.10/site-packages/airflow/example_dags/tutorial.py took 0.116 seconds
[2023-05-21T19:50:16.185+0530] {processor.py:156} INFO - Started process (PID=25703) to work on /home/feuer/.local/lib/python3.10/site-packages/airflow/example_dags/tutorial.py
[2023-05-21T19:50:16.185+0530] {processor.py:799} INFO - Processing file /home/feuer/.local/lib/python3.10/site-packages/airflow/example_dags/tutorial.py for tasks to queue
[2023-05-21T19:50:16.186+0530] {logging_mixin.py:149} INFO - [2023-05-21T19:50:16.186+0530] {dagbag.py:541} INFO - Filling up the DagBag from /home/feuer/.local/lib/python3.10/site-packages/airflow/example_dags/tutorial.py
[2023-05-21T19:50:16.192+0530] {processor.py:809} INFO - DAG(s) dict_keys(['tutorial']) retrieved from /home/feuer/.local/lib/python3.10/site-packages/airflow/example_dags/tutorial.py
[2023-05-21T19:50:16.206+0530] {logging_mixin.py:149} INFO - [2023-05-21T19:50:16.205+0530] {dag.py:2726} INFO - Sync 1 DAGs
[2023-05-21T19:50:16.219+0530] {logging_mixin.py:149} INFO - [2023-05-21T19:50:16.219+0530] {dag.py:3486} INFO - Setting next_dagrun for tutorial to 2023-05-20T14:20:16.219371+00:00, run_after=2023-05-21T14:20:16.219371+00:00
[2023-05-21T19:50:16.442+0530] {processor.py:178} INFO - Processing /home/feuer/.local/lib/python3.10/site-packages/airflow/example_dags/tutorial.py took 0.284 seconds
[2023-05-21T19:51:07.867+0530] {processor.py:156} INFO - Started process (PID=25841) to work on /home/feuer/.local/lib/python3.10/site-packages/airflow/example_dags/tutorial.py
[2023-05-21T19:51:07.868+0530] {processor.py:799} INFO - Processing file /home/feuer/.local/lib/python3.10/site-packages/airflow/example_dags/tutorial.py for tasks to queue
[2023-05-21T19:51:07.869+0530] {logging_mixin.py:149} INFO - [2023-05-21T19:51:07.869+0530] {dagbag.py:541} INFO - Filling up the DagBag from /home/feuer/.local/lib/python3.10/site-packages/airflow/example_dags/tutorial.py
[2023-05-21T19:51:07.876+0530] {processor.py:809} INFO - DAG(s) dict_keys(['tutorial']) retrieved from /home/feuer/.local/lib/python3.10/site-packages/airflow/example_dags/tutorial.py
[2023-05-21T19:51:07.895+0530] {logging_mixin.py:149} INFO - [2023-05-21T19:51:07.895+0530] {dag.py:2726} INFO - Sync 1 DAGs
[2023-05-21T19:51:07.913+0530] {logging_mixin.py:149} INFO - [2023-05-21T19:51:07.912+0530] {dag.py:3486} INFO - Setting next_dagrun for tutorial to 2023-05-20T14:21:07.912799+00:00, run_after=2023-05-21T14:21:07.912799+00:00
[2023-05-21T19:51:07.989+0530] {processor.py:178} INFO - Processing /home/feuer/.local/lib/python3.10/site-packages/airflow/example_dags/tutorial.py took 0.125 seconds
[2023-05-21T19:51:59.238+0530] {processor.py:156} INFO - Started process (PID=25950) to work on /home/feuer/.local/lib/python3.10/site-packages/airflow/example_dags/tutorial.py
[2023-05-21T19:51:59.239+0530] {processor.py:799} INFO - Processing file /home/feuer/.local/lib/python3.10/site-packages/airflow/example_dags/tutorial.py for tasks to queue
[2023-05-21T19:51:59.240+0530] {logging_mixin.py:149} INFO - [2023-05-21T19:51:59.239+0530] {dagbag.py:541} INFO - Filling up the DagBag from /home/feuer/.local/lib/python3.10/site-packages/airflow/example_dags/tutorial.py
[2023-05-21T19:51:59.247+0530] {processor.py:809} INFO - DAG(s) dict_keys(['tutorial']) retrieved from /home/feuer/.local/lib/python3.10/site-packages/airflow/example_dags/tutorial.py
[2023-05-21T19:51:59.266+0530] {logging_mixin.py:149} INFO - [2023-05-21T19:51:59.266+0530] {dag.py:2726} INFO - Sync 1 DAGs
[2023-05-21T19:51:59.283+0530] {logging_mixin.py:149} INFO - [2023-05-21T19:51:59.283+0530] {dag.py:3486} INFO - Setting next_dagrun for tutorial to 2023-05-20T14:21:59.282990+00:00, run_after=2023-05-21T14:21:59.282990+00:00
[2023-05-21T19:51:59.360+0530] {processor.py:178} INFO - Processing /home/feuer/.local/lib/python3.10/site-packages/airflow/example_dags/tutorial.py took 0.125 seconds
[2023-05-21T19:52:48.710+0530] {processor.py:156} INFO - Started process (PID=26064) to work on /home/feuer/.local/lib/python3.10/site-packages/airflow/example_dags/tutorial.py
[2023-05-21T19:52:48.725+0530] {processor.py:799} INFO - Processing file /home/feuer/.local/lib/python3.10/site-packages/airflow/example_dags/tutorial.py for tasks to queue
[2023-05-21T19:52:48.725+0530] {logging_mixin.py:149} INFO - [2023-05-21T19:52:48.725+0530] {dagbag.py:541} INFO - Filling up the DagBag from /home/feuer/.local/lib/python3.10/site-packages/airflow/example_dags/tutorial.py
[2023-05-21T19:52:48.730+0530] {processor.py:809} INFO - DAG(s) dict_keys(['tutorial']) retrieved from /home/feuer/.local/lib/python3.10/site-packages/airflow/example_dags/tutorial.py
[2023-05-21T19:52:48.741+0530] {logging_mixin.py:149} INFO - [2023-05-21T19:52:48.741+0530] {dag.py:2726} INFO - Sync 1 DAGs
[2023-05-21T19:52:48.752+0530] {logging_mixin.py:149} INFO - [2023-05-21T19:52:48.752+0530] {dag.py:3486} INFO - Setting next_dagrun for tutorial to 2023-05-20T14:22:48.752318+00:00, run_after=2023-05-21T14:22:48.752318+00:00
[2023-05-21T19:52:48.872+0530] {processor.py:178} INFO - Processing /home/feuer/.local/lib/python3.10/site-packages/airflow/example_dags/tutorial.py took 0.164 seconds
[2023-05-21T19:53:37.220+0530] {processor.py:156} INFO - Started process (PID=26197) to work on /home/feuer/.local/lib/python3.10/site-packages/airflow/example_dags/tutorial.py
[2023-05-21T19:53:37.231+0530] {processor.py:799} INFO - Processing file /home/feuer/.local/lib/python3.10/site-packages/airflow/example_dags/tutorial.py for tasks to queue
[2023-05-21T19:53:37.231+0530] {logging_mixin.py:149} INFO - [2023-05-21T19:53:37.231+0530] {dagbag.py:541} INFO - Filling up the DagBag from /home/feuer/.local/lib/python3.10/site-packages/airflow/example_dags/tutorial.py
[2023-05-21T19:53:37.239+0530] {processor.py:809} INFO - DAG(s) dict_keys(['tutorial']) retrieved from /home/feuer/.local/lib/python3.10/site-packages/airflow/example_dags/tutorial.py
[2023-05-21T19:53:37.258+0530] {logging_mixin.py:149} INFO - [2023-05-21T19:53:37.258+0530] {dag.py:2726} INFO - Sync 1 DAGs
[2023-05-21T19:53:37.277+0530] {logging_mixin.py:149} INFO - [2023-05-21T19:53:37.277+0530] {dag.py:3486} INFO - Setting next_dagrun for tutorial to 2023-05-20T14:23:37.277004+00:00, run_after=2023-05-21T14:23:37.277004+00:00
[2023-05-21T19:53:37.357+0530] {processor.py:178} INFO - Processing /home/feuer/.local/lib/python3.10/site-packages/airflow/example_dags/tutorial.py took 0.140 seconds
[2023-05-21T19:54:29.706+0530] {processor.py:156} INFO - Started process (PID=26343) to work on /home/feuer/.local/lib/python3.10/site-packages/airflow/example_dags/tutorial.py
[2023-05-21T19:54:29.720+0530] {processor.py:799} INFO - Processing file /home/feuer/.local/lib/python3.10/site-packages/airflow/example_dags/tutorial.py for tasks to queue
[2023-05-21T19:54:29.720+0530] {logging_mixin.py:149} INFO - [2023-05-21T19:54:29.720+0530] {dagbag.py:541} INFO - Filling up the DagBag from /home/feuer/.local/lib/python3.10/site-packages/airflow/example_dags/tutorial.py
[2023-05-21T19:54:29.728+0530] {processor.py:809} INFO - DAG(s) dict_keys(['tutorial']) retrieved from /home/feuer/.local/lib/python3.10/site-packages/airflow/example_dags/tutorial.py
[2023-05-21T19:54:29.747+0530] {logging_mixin.py:149} INFO - [2023-05-21T19:54:29.747+0530] {dag.py:2726} INFO - Sync 1 DAGs
[2023-05-21T19:54:29.767+0530] {logging_mixin.py:149} INFO - [2023-05-21T19:54:29.767+0530] {dag.py:3486} INFO - Setting next_dagrun for tutorial to 2023-05-20T14:24:29.767433+00:00, run_after=2023-05-21T14:24:29.767433+00:00
[2023-05-21T19:54:29.844+0530] {processor.py:178} INFO - Processing /home/feuer/.local/lib/python3.10/site-packages/airflow/example_dags/tutorial.py took 0.141 seconds
[2023-05-21T19:55:22.028+0530] {processor.py:156} INFO - Started process (PID=26472) to work on /home/feuer/.local/lib/python3.10/site-packages/airflow/example_dags/tutorial.py
[2023-05-21T19:55:22.029+0530] {processor.py:799} INFO - Processing file /home/feuer/.local/lib/python3.10/site-packages/airflow/example_dags/tutorial.py for tasks to queue
[2023-05-21T19:55:22.029+0530] {logging_mixin.py:149} INFO - [2023-05-21T19:55:22.029+0530] {dagbag.py:541} INFO - Filling up the DagBag from /home/feuer/.local/lib/python3.10/site-packages/airflow/example_dags/tutorial.py
[2023-05-21T19:55:22.036+0530] {processor.py:809} INFO - DAG(s) dict_keys(['tutorial']) retrieved from /home/feuer/.local/lib/python3.10/site-packages/airflow/example_dags/tutorial.py
[2023-05-21T19:55:22.055+0530] {logging_mixin.py:149} INFO - [2023-05-21T19:55:22.055+0530] {dag.py:2726} INFO - Sync 1 DAGs
[2023-05-21T19:55:22.073+0530] {logging_mixin.py:149} INFO - [2023-05-21T19:55:22.073+0530] {dag.py:3486} INFO - Setting next_dagrun for tutorial to 2023-05-20T14:25:22.073148+00:00, run_after=2023-05-21T14:25:22.073148+00:00
[2023-05-21T19:55:22.159+0530] {processor.py:178} INFO - Processing /home/feuer/.local/lib/python3.10/site-packages/airflow/example_dags/tutorial.py took 0.134 seconds
[2023-05-21T19:56:22.835+0530] {processor.py:156} INFO - Started process (PID=26654) to work on /home/feuer/.local/lib/python3.10/site-packages/airflow/example_dags/tutorial.py
[2023-05-21T19:56:22.836+0530] {processor.py:799} INFO - Processing file /home/feuer/.local/lib/python3.10/site-packages/airflow/example_dags/tutorial.py for tasks to queue
[2023-05-21T19:56:22.837+0530] {logging_mixin.py:149} INFO - [2023-05-21T19:56:22.837+0530] {dagbag.py:541} INFO - Filling up the DagBag from /home/feuer/.local/lib/python3.10/site-packages/airflow/example_dags/tutorial.py
[2023-05-21T19:56:22.845+0530] {processor.py:809} INFO - DAG(s) dict_keys(['tutorial']) retrieved from /home/feuer/.local/lib/python3.10/site-packages/airflow/example_dags/tutorial.py
[2023-05-21T19:56:22.891+0530] {logging_mixin.py:149} INFO - [2023-05-21T19:56:22.890+0530] {dag.py:2726} INFO - Sync 1 DAGs
[2023-05-21T19:56:22.911+0530] {logging_mixin.py:149} INFO - [2023-05-21T19:56:22.911+0530] {dag.py:3486} INFO - Setting next_dagrun for tutorial to 2023-05-20T14:26:22.911462+00:00, run_after=2023-05-21T14:26:22.911462+00:00
[2023-05-21T19:56:23.010+0530] {processor.py:178} INFO - Processing /home/feuer/.local/lib/python3.10/site-packages/airflow/example_dags/tutorial.py took 0.178 seconds
[2023-05-21T19:57:15.619+0530] {processor.py:156} INFO - Started process (PID=26776) to work on /home/feuer/.local/lib/python3.10/site-packages/airflow/example_dags/tutorial.py
[2023-05-21T19:57:15.632+0530] {processor.py:799} INFO - Processing file /home/feuer/.local/lib/python3.10/site-packages/airflow/example_dags/tutorial.py for tasks to queue
[2023-05-21T19:57:15.632+0530] {logging_mixin.py:149} INFO - [2023-05-21T19:57:15.632+0530] {dagbag.py:541} INFO - Filling up the DagBag from /home/feuer/.local/lib/python3.10/site-packages/airflow/example_dags/tutorial.py
[2023-05-21T19:57:15.637+0530] {processor.py:809} INFO - DAG(s) dict_keys(['tutorial']) retrieved from /home/feuer/.local/lib/python3.10/site-packages/airflow/example_dags/tutorial.py
[2023-05-21T19:57:15.649+0530] {logging_mixin.py:149} INFO - [2023-05-21T19:57:15.649+0530] {dag.py:2726} INFO - Sync 1 DAGs
[2023-05-21T19:57:15.661+0530] {logging_mixin.py:149} INFO - [2023-05-21T19:57:15.661+0530] {dag.py:3486} INFO - Setting next_dagrun for tutorial to 2023-05-20T14:27:15.661428+00:00, run_after=2023-05-21T14:27:15.661428+00:00
[2023-05-21T19:57:15.745+0530] {processor.py:178} INFO - Processing /home/feuer/.local/lib/python3.10/site-packages/airflow/example_dags/tutorial.py took 0.128 seconds
[2023-05-21T19:58:06.778+0530] {processor.py:156} INFO - Started process (PID=26898) to work on /home/feuer/.local/lib/python3.10/site-packages/airflow/example_dags/tutorial.py
[2023-05-21T19:58:06.779+0530] {processor.py:799} INFO - Processing file /home/feuer/.local/lib/python3.10/site-packages/airflow/example_dags/tutorial.py for tasks to queue
[2023-05-21T19:58:06.780+0530] {logging_mixin.py:149} INFO - [2023-05-21T19:58:06.779+0530] {dagbag.py:541} INFO - Filling up the DagBag from /home/feuer/.local/lib/python3.10/site-packages/airflow/example_dags/tutorial.py
[2023-05-21T19:58:06.787+0530] {processor.py:809} INFO - DAG(s) dict_keys(['tutorial']) retrieved from /home/feuer/.local/lib/python3.10/site-packages/airflow/example_dags/tutorial.py
[2023-05-21T19:58:06.806+0530] {logging_mixin.py:149} INFO - [2023-05-21T19:58:06.806+0530] {dag.py:2726} INFO - Sync 1 DAGs
[2023-05-21T19:58:06.823+0530] {logging_mixin.py:149} INFO - [2023-05-21T19:58:06.823+0530] {dag.py:3486} INFO - Setting next_dagrun for tutorial to 2023-05-20T14:28:06.822935+00:00, run_after=2023-05-21T14:28:06.822935+00:00
[2023-05-21T19:58:06.900+0530] {processor.py:178} INFO - Processing /home/feuer/.local/lib/python3.10/site-packages/airflow/example_dags/tutorial.py took 0.125 seconds
[2023-05-21T19:59:00.585+0530] {processor.py:156} INFO - Started process (PID=27074) to work on /home/feuer/.local/lib/python3.10/site-packages/airflow/example_dags/tutorial.py
[2023-05-21T19:59:00.586+0530] {processor.py:799} INFO - Processing file /home/feuer/.local/lib/python3.10/site-packages/airflow/example_dags/tutorial.py for tasks to queue
[2023-05-21T19:59:00.586+0530] {logging_mixin.py:149} INFO - [2023-05-21T19:59:00.586+0530] {dagbag.py:541} INFO - Filling up the DagBag from /home/feuer/.local/lib/python3.10/site-packages/airflow/example_dags/tutorial.py
[2023-05-21T19:59:00.594+0530] {processor.py:809} INFO - DAG(s) dict_keys(['tutorial']) retrieved from /home/feuer/.local/lib/python3.10/site-packages/airflow/example_dags/tutorial.py
[2023-05-21T19:59:00.614+0530] {logging_mixin.py:149} INFO - [2023-05-21T19:59:00.614+0530] {dag.py:2726} INFO - Sync 1 DAGs
[2023-05-21T19:59:00.631+0530] {logging_mixin.py:149} INFO - [2023-05-21T19:59:00.631+0530] {dag.py:3486} INFO - Setting next_dagrun for tutorial to 2023-05-20T14:29:00.630841+00:00, run_after=2023-05-21T14:29:00.630841+00:00
[2023-05-21T19:59:00.703+0530] {processor.py:178} INFO - Processing /home/feuer/.local/lib/python3.10/site-packages/airflow/example_dags/tutorial.py took 0.121 seconds
[2023-05-21T19:59:59.299+0530] {processor.py:156} INFO - Started process (PID=27204) to work on /home/feuer/.local/lib/python3.10/site-packages/airflow/example_dags/tutorial.py
[2023-05-21T19:59:59.300+0530] {processor.py:799} INFO - Processing file /home/feuer/.local/lib/python3.10/site-packages/airflow/example_dags/tutorial.py for tasks to queue
[2023-05-21T19:59:59.300+0530] {logging_mixin.py:149} INFO - [2023-05-21T19:59:59.300+0530] {dagbag.py:541} INFO - Filling up the DagBag from /home/feuer/.local/lib/python3.10/site-packages/airflow/example_dags/tutorial.py
[2023-05-21T19:59:59.308+0530] {processor.py:809} INFO - DAG(s) dict_keys(['tutorial']) retrieved from /home/feuer/.local/lib/python3.10/site-packages/airflow/example_dags/tutorial.py
[2023-05-21T19:59:59.337+0530] {logging_mixin.py:149} INFO - [2023-05-21T19:59:59.337+0530] {dag.py:2726} INFO - Sync 1 DAGs
[2023-05-21T19:59:59.360+0530] {logging_mixin.py:149} INFO - [2023-05-21T19:59:59.360+0530] {dag.py:3486} INFO - Setting next_dagrun for tutorial to 2023-05-20T14:29:59.360045+00:00, run_after=2023-05-21T14:29:59.360045+00:00
[2023-05-21T19:59:59.445+0530] {processor.py:178} INFO - Processing /home/feuer/.local/lib/python3.10/site-packages/airflow/example_dags/tutorial.py took 0.149 seconds
[2023-05-21T20:00:58.490+0530] {processor.py:156} INFO - Started process (PID=27358) to work on /home/feuer/.local/lib/python3.10/site-packages/airflow/example_dags/tutorial.py
[2023-05-21T20:00:58.509+0530] {processor.py:799} INFO - Processing file /home/feuer/.local/lib/python3.10/site-packages/airflow/example_dags/tutorial.py for tasks to queue
[2023-05-21T20:00:58.509+0530] {logging_mixin.py:149} INFO - [2023-05-21T20:00:58.509+0530] {dagbag.py:541} INFO - Filling up the DagBag from /home/feuer/.local/lib/python3.10/site-packages/airflow/example_dags/tutorial.py
[2023-05-21T20:00:58.516+0530] {processor.py:809} INFO - DAG(s) dict_keys(['tutorial']) retrieved from /home/feuer/.local/lib/python3.10/site-packages/airflow/example_dags/tutorial.py
[2023-05-21T20:00:58.575+0530] {logging_mixin.py:149} INFO - [2023-05-21T20:00:58.575+0530] {dag.py:2726} INFO - Sync 1 DAGs
[2023-05-21T20:00:58.597+0530] {logging_mixin.py:149} INFO - [2023-05-21T20:00:58.596+0530] {dag.py:3486} INFO - Setting next_dagrun for tutorial to 2023-05-20T14:30:58.596542+00:00, run_after=2023-05-21T14:30:58.596542+00:00
[2023-05-21T20:00:58.826+0530] {processor.py:178} INFO - Processing /home/feuer/.local/lib/python3.10/site-packages/airflow/example_dags/tutorial.py took 0.339 seconds
[2023-05-21T20:02:16.639+0530] {processor.py:156} INFO - Started process (PID=27762) to work on /home/feuer/.local/lib/python3.10/site-packages/airflow/example_dags/tutorial.py
[2023-05-21T20:02:16.640+0530] {processor.py:799} INFO - Processing file /home/feuer/.local/lib/python3.10/site-packages/airflow/example_dags/tutorial.py for tasks to queue
[2023-05-21T20:02:16.640+0530] {logging_mixin.py:149} INFO - [2023-05-21T20:02:16.640+0530] {dagbag.py:541} INFO - Filling up the DagBag from /home/feuer/.local/lib/python3.10/site-packages/airflow/example_dags/tutorial.py
[2023-05-21T20:02:16.647+0530] {processor.py:809} INFO - DAG(s) dict_keys(['tutorial']) retrieved from /home/feuer/.local/lib/python3.10/site-packages/airflow/example_dags/tutorial.py
[2023-05-21T20:02:16.666+0530] {logging_mixin.py:149} INFO - [2023-05-21T20:02:16.666+0530] {dag.py:2726} INFO - Sync 1 DAGs
[2023-05-21T20:02:16.678+0530] {logging_mixin.py:149} INFO - [2023-05-21T20:02:16.678+0530] {dag.py:3486} INFO - Setting next_dagrun for tutorial to 2023-05-20T14:32:16.677955+00:00, run_after=2023-05-21T14:32:16.677955+00:00
[2023-05-21T20:02:16.761+0530] {processor.py:178} INFO - Processing /home/feuer/.local/lib/python3.10/site-packages/airflow/example_dags/tutorial.py took 0.126 seconds
[2023-05-21T20:03:18.790+0530] {processor.py:156} INFO - Started process (PID=27940) to work on /home/feuer/.local/lib/python3.10/site-packages/airflow/example_dags/tutorial.py
[2023-05-21T20:03:18.801+0530] {processor.py:799} INFO - Processing file /home/feuer/.local/lib/python3.10/site-packages/airflow/example_dags/tutorial.py for tasks to queue
[2023-05-21T20:03:18.802+0530] {logging_mixin.py:149} INFO - [2023-05-21T20:03:18.802+0530] {dagbag.py:541} INFO - Filling up the DagBag from /home/feuer/.local/lib/python3.10/site-packages/airflow/example_dags/tutorial.py
[2023-05-21T20:03:18.822+0530] {processor.py:809} INFO - DAG(s) dict_keys(['tutorial']) retrieved from /home/feuer/.local/lib/python3.10/site-packages/airflow/example_dags/tutorial.py
[2023-05-21T20:03:18.868+0530] {logging_mixin.py:149} INFO - [2023-05-21T20:03:18.868+0530] {dag.py:2726} INFO - Sync 1 DAGs
[2023-05-21T20:03:18.890+0530] {logging_mixin.py:149} INFO - [2023-05-21T20:03:18.889+0530] {dag.py:3486} INFO - Setting next_dagrun for tutorial to 2023-05-20T14:33:18.889623+00:00, run_after=2023-05-21T14:33:18.889623+00:00
[2023-05-21T20:03:18.986+0530] {processor.py:178} INFO - Processing /home/feuer/.local/lib/python3.10/site-packages/airflow/example_dags/tutorial.py took 0.198 seconds
[2023-05-21T20:04:20.079+0530] {processor.py:156} INFO - Started process (PID=28187) to work on /home/feuer/.local/lib/python3.10/site-packages/airflow/example_dags/tutorial.py
[2023-05-21T20:04:20.094+0530] {processor.py:799} INFO - Processing file /home/feuer/.local/lib/python3.10/site-packages/airflow/example_dags/tutorial.py for tasks to queue
[2023-05-21T20:04:20.094+0530] {logging_mixin.py:149} INFO - [2023-05-21T20:04:20.094+0530] {dagbag.py:541} INFO - Filling up the DagBag from /home/feuer/.local/lib/python3.10/site-packages/airflow/example_dags/tutorial.py
[2023-05-21T20:04:20.100+0530] {processor.py:809} INFO - DAG(s) dict_keys(['tutorial']) retrieved from /home/feuer/.local/lib/python3.10/site-packages/airflow/example_dags/tutorial.py
[2023-05-21T20:04:20.128+0530] {logging_mixin.py:149} INFO - [2023-05-21T20:04:20.128+0530] {dag.py:2726} INFO - Sync 1 DAGs
[2023-05-21T20:04:20.142+0530] {logging_mixin.py:149} INFO - [2023-05-21T20:04:20.142+0530] {dag.py:3486} INFO - Setting next_dagrun for tutorial to 2023-05-20T14:34:20.142069+00:00, run_after=2023-05-21T14:34:20.142069+00:00
[2023-05-21T20:04:20.230+0530] {processor.py:178} INFO - Processing /home/feuer/.local/lib/python3.10/site-packages/airflow/example_dags/tutorial.py took 0.154 seconds
[2023-05-21T20:05:19.450+0530] {processor.py:156} INFO - Started process (PID=28353) to work on /home/feuer/.local/lib/python3.10/site-packages/airflow/example_dags/tutorial.py
[2023-05-21T20:05:19.465+0530] {processor.py:799} INFO - Processing file /home/feuer/.local/lib/python3.10/site-packages/airflow/example_dags/tutorial.py for tasks to queue
[2023-05-21T20:05:19.466+0530] {logging_mixin.py:149} INFO - [2023-05-21T20:05:19.466+0530] {dagbag.py:541} INFO - Filling up the DagBag from /home/feuer/.local/lib/python3.10/site-packages/airflow/example_dags/tutorial.py
[2023-05-21T20:05:19.472+0530] {processor.py:809} INFO - DAG(s) dict_keys(['tutorial']) retrieved from /home/feuer/.local/lib/python3.10/site-packages/airflow/example_dags/tutorial.py
[2023-05-21T20:05:19.485+0530] {logging_mixin.py:149} INFO - [2023-05-21T20:05:19.485+0530] {dag.py:2726} INFO - Sync 1 DAGs
[2023-05-21T20:05:19.496+0530] {logging_mixin.py:149} INFO - [2023-05-21T20:05:19.496+0530] {dag.py:3486} INFO - Setting next_dagrun for tutorial to 2023-05-20T14:35:19.496391+00:00, run_after=2023-05-21T14:35:19.496391+00:00
[2023-05-21T20:05:19.606+0530] {processor.py:178} INFO - Processing /home/feuer/.local/lib/python3.10/site-packages/airflow/example_dags/tutorial.py took 0.158 seconds
[2023-05-21T20:06:17.419+0530] {processor.py:156} INFO - Started process (PID=28726) to work on /home/feuer/.local/lib/python3.10/site-packages/airflow/example_dags/tutorial.py
[2023-05-21T20:06:17.429+0530] {processor.py:799} INFO - Processing file /home/feuer/.local/lib/python3.10/site-packages/airflow/example_dags/tutorial.py for tasks to queue
[2023-05-21T20:06:17.430+0530] {logging_mixin.py:149} INFO - [2023-05-21T20:06:17.430+0530] {dagbag.py:541} INFO - Filling up the DagBag from /home/feuer/.local/lib/python3.10/site-packages/airflow/example_dags/tutorial.py
[2023-05-21T20:06:17.440+0530] {processor.py:809} INFO - DAG(s) dict_keys(['tutorial']) retrieved from /home/feuer/.local/lib/python3.10/site-packages/airflow/example_dags/tutorial.py
[2023-05-21T20:06:17.467+0530] {logging_mixin.py:149} INFO - [2023-05-21T20:06:17.466+0530] {dag.py:2726} INFO - Sync 1 DAGs
[2023-05-21T20:06:17.488+0530] {logging_mixin.py:149} INFO - [2023-05-21T20:06:17.488+0530] {dag.py:3486} INFO - Setting next_dagrun for tutorial to 2023-05-20T14:36:17.488204+00:00, run_after=2023-05-21T14:36:17.488204+00:00
[2023-05-21T20:06:17.785+0530] {processor.py:178} INFO - Processing /home/feuer/.local/lib/python3.10/site-packages/airflow/example_dags/tutorial.py took 0.369 seconds
[2023-05-21T20:07:13.085+0530] {processor.py:156} INFO - Started process (PID=28875) to work on /home/feuer/.local/lib/python3.10/site-packages/airflow/example_dags/tutorial.py
[2023-05-21T20:07:13.086+0530] {processor.py:799} INFO - Processing file /home/feuer/.local/lib/python3.10/site-packages/airflow/example_dags/tutorial.py for tasks to queue
[2023-05-21T20:07:13.087+0530] {logging_mixin.py:149} INFO - [2023-05-21T20:07:13.087+0530] {dagbag.py:541} INFO - Filling up the DagBag from /home/feuer/.local/lib/python3.10/site-packages/airflow/example_dags/tutorial.py
[2023-05-21T20:07:13.094+0530] {processor.py:809} INFO - DAG(s) dict_keys(['tutorial']) retrieved from /home/feuer/.local/lib/python3.10/site-packages/airflow/example_dags/tutorial.py
[2023-05-21T20:07:13.114+0530] {logging_mixin.py:149} INFO - [2023-05-21T20:07:13.113+0530] {dag.py:2726} INFO - Sync 1 DAGs
[2023-05-21T20:07:13.130+0530] {logging_mixin.py:149} INFO - [2023-05-21T20:07:13.130+0530] {dag.py:3486} INFO - Setting next_dagrun for tutorial to 2023-05-20T14:37:13.130407+00:00, run_after=2023-05-21T14:37:13.130407+00:00
[2023-05-21T20:07:13.215+0530] {processor.py:178} INFO - Processing /home/feuer/.local/lib/python3.10/site-packages/airflow/example_dags/tutorial.py took 0.133 seconds
[2023-05-21T20:08:07.928+0530] {processor.py:156} INFO - Started process (PID=29043) to work on /home/feuer/.local/lib/python3.10/site-packages/airflow/example_dags/tutorial.py
[2023-05-21T20:08:07.928+0530] {processor.py:799} INFO - Processing file /home/feuer/.local/lib/python3.10/site-packages/airflow/example_dags/tutorial.py for tasks to queue
[2023-05-21T20:08:07.929+0530] {logging_mixin.py:149} INFO - [2023-05-21T20:08:07.929+0530] {dagbag.py:541} INFO - Filling up the DagBag from /home/feuer/.local/lib/python3.10/site-packages/airflow/example_dags/tutorial.py
[2023-05-21T20:08:07.936+0530] {processor.py:809} INFO - DAG(s) dict_keys(['tutorial']) retrieved from /home/feuer/.local/lib/python3.10/site-packages/airflow/example_dags/tutorial.py
[2023-05-21T20:08:07.956+0530] {logging_mixin.py:149} INFO - [2023-05-21T20:08:07.956+0530] {dag.py:2726} INFO - Sync 1 DAGs
[2023-05-21T20:08:07.973+0530] {logging_mixin.py:149} INFO - [2023-05-21T20:08:07.973+0530] {dag.py:3486} INFO - Setting next_dagrun for tutorial to 2023-05-20T14:38:07.973581+00:00, run_after=2023-05-21T14:38:07.973581+00:00
[2023-05-21T20:08:08.059+0530] {processor.py:178} INFO - Processing /home/feuer/.local/lib/python3.10/site-packages/airflow/example_dags/tutorial.py took 0.134 seconds
[2023-05-21T20:09:07.157+0530] {processor.py:156} INFO - Started process (PID=29183) to work on /home/feuer/.local/lib/python3.10/site-packages/airflow/example_dags/tutorial.py
[2023-05-21T20:09:07.158+0530] {processor.py:799} INFO - Processing file /home/feuer/.local/lib/python3.10/site-packages/airflow/example_dags/tutorial.py for tasks to queue
[2023-05-21T20:09:07.159+0530] {logging_mixin.py:149} INFO - [2023-05-21T20:09:07.159+0530] {dagbag.py:541} INFO - Filling up the DagBag from /home/feuer/.local/lib/python3.10/site-packages/airflow/example_dags/tutorial.py
[2023-05-21T20:09:07.167+0530] {processor.py:809} INFO - DAG(s) dict_keys(['tutorial']) retrieved from /home/feuer/.local/lib/python3.10/site-packages/airflow/example_dags/tutorial.py
[2023-05-21T20:09:07.181+0530] {logging_mixin.py:149} INFO - [2023-05-21T20:09:07.181+0530] {dag.py:2726} INFO - Sync 1 DAGs
[2023-05-21T20:09:07.194+0530] {logging_mixin.py:149} INFO - [2023-05-21T20:09:07.194+0530] {dag.py:3486} INFO - Setting next_dagrun for tutorial to 2023-05-20T14:39:07.194659+00:00, run_after=2023-05-21T14:39:07.194659+00:00
[2023-05-21T20:09:07.303+0530] {processor.py:178} INFO - Processing /home/feuer/.local/lib/python3.10/site-packages/airflow/example_dags/tutorial.py took 0.148 seconds
[2023-05-21T20:10:04.123+0530] {processor.py:156} INFO - Started process (PID=29403) to work on /home/feuer/.local/lib/python3.10/site-packages/airflow/example_dags/tutorial.py
[2023-05-21T20:10:04.150+0530] {processor.py:799} INFO - Processing file /home/feuer/.local/lib/python3.10/site-packages/airflow/example_dags/tutorial.py for tasks to queue
[2023-05-21T20:10:04.151+0530] {logging_mixin.py:149} INFO - [2023-05-21T20:10:04.151+0530] {dagbag.py:541} INFO - Filling up the DagBag from /home/feuer/.local/lib/python3.10/site-packages/airflow/example_dags/tutorial.py
[2023-05-21T20:10:04.159+0530] {processor.py:809} INFO - DAG(s) dict_keys(['tutorial']) retrieved from /home/feuer/.local/lib/python3.10/site-packages/airflow/example_dags/tutorial.py
[2023-05-21T20:10:04.179+0530] {logging_mixin.py:149} INFO - [2023-05-21T20:10:04.179+0530] {dag.py:2726} INFO - Sync 1 DAGs
[2023-05-21T20:10:04.200+0530] {logging_mixin.py:149} INFO - [2023-05-21T20:10:04.200+0530] {dag.py:3486} INFO - Setting next_dagrun for tutorial to 2023-05-20T14:40:04.199830+00:00, run_after=2023-05-21T14:40:04.199830+00:00
[2023-05-21T20:10:04.286+0530] {processor.py:178} INFO - Processing /home/feuer/.local/lib/python3.10/site-packages/airflow/example_dags/tutorial.py took 0.167 seconds
[2023-05-21T20:11:00.579+0530] {processor.py:156} INFO - Started process (PID=29533) to work on /home/feuer/.local/lib/python3.10/site-packages/airflow/example_dags/tutorial.py
[2023-05-21T20:11:00.589+0530] {processor.py:799} INFO - Processing file /home/feuer/.local/lib/python3.10/site-packages/airflow/example_dags/tutorial.py for tasks to queue
[2023-05-21T20:11:00.589+0530] {logging_mixin.py:149} INFO - [2023-05-21T20:11:00.589+0530] {dagbag.py:541} INFO - Filling up the DagBag from /home/feuer/.local/lib/python3.10/site-packages/airflow/example_dags/tutorial.py
[2023-05-21T20:11:00.610+0530] {processor.py:809} INFO - DAG(s) dict_keys(['tutorial']) retrieved from /home/feuer/.local/lib/python3.10/site-packages/airflow/example_dags/tutorial.py
[2023-05-21T20:11:00.643+0530] {logging_mixin.py:149} INFO - [2023-05-21T20:11:00.643+0530] {dag.py:2726} INFO - Sync 1 DAGs
[2023-05-21T20:11:00.662+0530] {logging_mixin.py:149} INFO - [2023-05-21T20:11:00.662+0530] {dag.py:3486} INFO - Setting next_dagrun for tutorial to 2023-05-20T14:41:00.662194+00:00, run_after=2023-05-21T14:41:00.662194+00:00
[2023-05-21T20:11:00.753+0530] {processor.py:178} INFO - Processing /home/feuer/.local/lib/python3.10/site-packages/airflow/example_dags/tutorial.py took 0.177 seconds
[2023-05-21T20:12:00.207+0530] {processor.py:156} INFO - Started process (PID=29720) to work on /home/feuer/.local/lib/python3.10/site-packages/airflow/example_dags/tutorial.py
[2023-05-21T20:12:00.219+0530] {processor.py:799} INFO - Processing file /home/feuer/.local/lib/python3.10/site-packages/airflow/example_dags/tutorial.py for tasks to queue
[2023-05-21T20:12:00.220+0530] {logging_mixin.py:149} INFO - [2023-05-21T20:12:00.219+0530] {dagbag.py:541} INFO - Filling up the DagBag from /home/feuer/.local/lib/python3.10/site-packages/airflow/example_dags/tutorial.py
[2023-05-21T20:12:00.227+0530] {processor.py:809} INFO - DAG(s) dict_keys(['tutorial']) retrieved from /home/feuer/.local/lib/python3.10/site-packages/airflow/example_dags/tutorial.py
[2023-05-21T20:12:00.248+0530] {logging_mixin.py:149} INFO - [2023-05-21T20:12:00.247+0530] {dag.py:2726} INFO - Sync 1 DAGs
[2023-05-21T20:12:00.268+0530] {logging_mixin.py:149} INFO - [2023-05-21T20:12:00.268+0530] {dag.py:3486} INFO - Setting next_dagrun for tutorial to 2023-05-20T14:42:00.268266+00:00, run_after=2023-05-21T14:42:00.268266+00:00
[2023-05-21T20:12:00.356+0530] {processor.py:178} INFO - Processing /home/feuer/.local/lib/python3.10/site-packages/airflow/example_dags/tutorial.py took 0.153 seconds
[2023-05-21T16:58:11.141+0530] {processor.py:156} INFO - Started process (PID=55860) to work on /home/feuer/.local/lib/python3.10/site-packages/airflow/example_dags/tutorial.py
[2023-05-21T16:58:11.199+0530] {processor.py:799} INFO - Processing file /home/feuer/.local/lib/python3.10/site-packages/airflow/example_dags/tutorial.py for tasks to queue
[2023-05-21T16:58:11.199+0530] {logging_mixin.py:149} INFO - [2023-05-21T16:58:11.199+0530] {dagbag.py:541} INFO - Filling up the DagBag from /home/feuer/.local/lib/python3.10/site-packages/airflow/example_dags/tutorial.py
[2023-05-21T16:58:11.235+0530] {processor.py:809} INFO - DAG(s) dict_keys(['tutorial']) retrieved from /home/feuer/.local/lib/python3.10/site-packages/airflow/example_dags/tutorial.py
[2023-05-21T16:58:11.250+0530] {logging_mixin.py:149} INFO - [2023-05-21T16:58:11.250+0530] {dag.py:2726} INFO - Sync 1 DAGs
[2023-05-21T16:58:11.263+0530] {logging_mixin.py:149} INFO - [2023-05-21T16:58:11.263+0530] {dag.py:3486} INFO - Setting next_dagrun for tutorial to 2023-05-20T11:28:11.263479+00:00, run_after=2023-05-21T11:28:11.263479+00:00
[2023-05-21T16:58:11.721+0530] {processor.py:178} INFO - Processing /home/feuer/.local/lib/python3.10/site-packages/airflow/example_dags/tutorial.py took 0.583 seconds
[2023-05-21T16:59:35.594+0530] {processor.py:156} INFO - Started process (PID=56023) to work on /home/feuer/.local/lib/python3.10/site-packages/airflow/example_dags/tutorial.py
[2023-05-21T16:59:35.615+0530] {processor.py:799} INFO - Processing file /home/feuer/.local/lib/python3.10/site-packages/airflow/example_dags/tutorial.py for tasks to queue
[2023-05-21T16:59:35.615+0530] {logging_mixin.py:149} INFO - [2023-05-21T16:59:35.615+0530] {dagbag.py:541} INFO - Filling up the DagBag from /home/feuer/.local/lib/python3.10/site-packages/airflow/example_dags/tutorial.py
[2023-05-21T16:59:35.619+0530] {processor.py:809} INFO - DAG(s) dict_keys(['tutorial']) retrieved from /home/feuer/.local/lib/python3.10/site-packages/airflow/example_dags/tutorial.py
[2023-05-21T16:59:35.631+0530] {logging_mixin.py:149} INFO - [2023-05-21T16:59:35.631+0530] {dag.py:2726} INFO - Sync 1 DAGs
[2023-05-21T16:59:35.642+0530] {logging_mixin.py:149} INFO - [2023-05-21T16:59:35.642+0530] {dag.py:3486} INFO - Setting next_dagrun for tutorial to 2023-05-20T11:29:35.642494+00:00, run_after=2023-05-21T11:29:35.642494+00:00
[2023-05-21T16:59:35.922+0530] {processor.py:178} INFO - Processing /home/feuer/.local/lib/python3.10/site-packages/airflow/example_dags/tutorial.py took 0.330 seconds
[2023-05-21T17:00:48.475+0530] {processor.py:156} INFO - Started process (PID=56259) to work on /home/feuer/.local/lib/python3.10/site-packages/airflow/example_dags/tutorial.py
[2023-05-21T17:00:48.633+0530] {processor.py:799} INFO - Processing file /home/feuer/.local/lib/python3.10/site-packages/airflow/example_dags/tutorial.py for tasks to queue
[2023-05-21T17:00:48.633+0530] {logging_mixin.py:149} INFO - [2023-05-21T17:00:48.633+0530] {dagbag.py:541} INFO - Filling up the DagBag from /home/feuer/.local/lib/python3.10/site-packages/airflow/example_dags/tutorial.py
[2023-05-21T17:00:48.640+0530] {processor.py:809} INFO - DAG(s) dict_keys(['tutorial']) retrieved from /home/feuer/.local/lib/python3.10/site-packages/airflow/example_dags/tutorial.py
[2023-05-21T17:00:48.658+0530] {logging_mixin.py:149} INFO - [2023-05-21T17:00:48.658+0530] {dag.py:2726} INFO - Sync 1 DAGs
[2023-05-21T17:00:48.677+0530] {logging_mixin.py:149} INFO - [2023-05-21T17:00:48.677+0530] {dag.py:3486} INFO - Setting next_dagrun for tutorial to 2023-05-20T11:30:48.677093+00:00, run_after=2023-05-21T11:30:48.677093+00:00
[2023-05-21T17:00:49.359+0530] {processor.py:178} INFO - Processing /home/feuer/.local/lib/python3.10/site-packages/airflow/example_dags/tutorial.py took 0.886 seconds
[2023-05-21T17:02:26.157+0530] {processor.py:156} INFO - Started process (PID=56513) to work on /home/feuer/.local/lib/python3.10/site-packages/airflow/example_dags/tutorial.py
[2023-05-21T17:02:26.257+0530] {processor.py:799} INFO - Processing file /home/feuer/.local/lib/python3.10/site-packages/airflow/example_dags/tutorial.py for tasks to queue
[2023-05-21T17:02:26.257+0530] {logging_mixin.py:149} INFO - [2023-05-21T17:02:26.257+0530] {dagbag.py:541} INFO - Filling up the DagBag from /home/feuer/.local/lib/python3.10/site-packages/airflow/example_dags/tutorial.py
[2023-05-21T17:02:26.264+0530] {processor.py:809} INFO - DAG(s) dict_keys(['tutorial']) retrieved from /home/feuer/.local/lib/python3.10/site-packages/airflow/example_dags/tutorial.py
[2023-05-21T17:02:26.282+0530] {logging_mixin.py:149} INFO - [2023-05-21T17:02:26.281+0530] {dag.py:2726} INFO - Sync 1 DAGs
[2023-05-21T17:02:26.301+0530] {logging_mixin.py:149} INFO - [2023-05-21T17:02:26.301+0530] {dag.py:3486} INFO - Setting next_dagrun for tutorial to 2023-05-20T11:32:26.300792+00:00, run_after=2023-05-21T11:32:26.300792+00:00
[2023-05-21T17:02:26.522+0530] {processor.py:178} INFO - Processing /home/feuer/.local/lib/python3.10/site-packages/airflow/example_dags/tutorial.py took 0.368 seconds
[2023-05-21T17:03:20.943+0530] {processor.py:156} INFO - Started process (PID=56670) to work on /home/feuer/.local/lib/python3.10/site-packages/airflow/example_dags/tutorial.py
[2023-05-21T17:03:20.948+0530] {processor.py:799} INFO - Processing file /home/feuer/.local/lib/python3.10/site-packages/airflow/example_dags/tutorial.py for tasks to queue
[2023-05-21T17:03:20.949+0530] {logging_mixin.py:149} INFO - [2023-05-21T17:03:20.949+0530] {dagbag.py:541} INFO - Filling up the DagBag from /home/feuer/.local/lib/python3.10/site-packages/airflow/example_dags/tutorial.py
[2023-05-21T17:03:20.953+0530] {processor.py:809} INFO - DAG(s) dict_keys(['tutorial']) retrieved from /home/feuer/.local/lib/python3.10/site-packages/airflow/example_dags/tutorial.py
[2023-05-21T17:03:20.964+0530] {logging_mixin.py:149} INFO - [2023-05-21T17:03:20.964+0530] {dag.py:2726} INFO - Sync 1 DAGs
[2023-05-21T17:03:20.974+0530] {logging_mixin.py:149} INFO - [2023-05-21T17:03:20.974+0530] {dag.py:3486} INFO - Setting next_dagrun for tutorial to 2023-05-20T11:33:20.974557+00:00, run_after=2023-05-21T11:33:20.974557+00:00
[2023-05-21T17:03:21.054+0530] {processor.py:178} INFO - Processing /home/feuer/.local/lib/python3.10/site-packages/airflow/example_dags/tutorial.py took 0.113 seconds
[2023-05-21T17:04:09.267+0530] {processor.py:156} INFO - Started process (PID=56798) to work on /home/feuer/.local/lib/python3.10/site-packages/airflow/example_dags/tutorial.py
[2023-05-21T17:04:09.268+0530] {processor.py:799} INFO - Processing file /home/feuer/.local/lib/python3.10/site-packages/airflow/example_dags/tutorial.py for tasks to queue
[2023-05-21T17:04:09.269+0530] {logging_mixin.py:149} INFO - [2023-05-21T17:04:09.268+0530] {dagbag.py:541} INFO - Filling up the DagBag from /home/feuer/.local/lib/python3.10/site-packages/airflow/example_dags/tutorial.py
[2023-05-21T17:04:09.274+0530] {processor.py:809} INFO - DAG(s) dict_keys(['tutorial']) retrieved from /home/feuer/.local/lib/python3.10/site-packages/airflow/example_dags/tutorial.py
[2023-05-21T17:04:09.287+0530] {logging_mixin.py:149} INFO - [2023-05-21T17:04:09.287+0530] {dag.py:2726} INFO - Sync 1 DAGs
[2023-05-21T17:04:09.298+0530] {logging_mixin.py:149} INFO - [2023-05-21T17:04:09.298+0530] {dag.py:3486} INFO - Setting next_dagrun for tutorial to 2023-05-20T11:34:09.298198+00:00, run_after=2023-05-21T11:34:09.298198+00:00
[2023-05-21T17:04:09.386+0530] {processor.py:178} INFO - Processing /home/feuer/.local/lib/python3.10/site-packages/airflow/example_dags/tutorial.py took 0.121 seconds
[2023-05-21T17:04:55.053+0530] {processor.py:156} INFO - Started process (PID=56912) to work on /home/feuer/.local/lib/python3.10/site-packages/airflow/example_dags/tutorial.py
[2023-05-21T17:04:55.065+0530] {processor.py:799} INFO - Processing file /home/feuer/.local/lib/python3.10/site-packages/airflow/example_dags/tutorial.py for tasks to queue
[2023-05-21T17:04:55.066+0530] {logging_mixin.py:149} INFO - [2023-05-21T17:04:55.066+0530] {dagbag.py:541} INFO - Filling up the DagBag from /home/feuer/.local/lib/python3.10/site-packages/airflow/example_dags/tutorial.py
[2023-05-21T17:04:55.070+0530] {processor.py:809} INFO - DAG(s) dict_keys(['tutorial']) retrieved from /home/feuer/.local/lib/python3.10/site-packages/airflow/example_dags/tutorial.py
[2023-05-21T17:04:55.082+0530] {logging_mixin.py:149} INFO - [2023-05-21T17:04:55.081+0530] {dag.py:2726} INFO - Sync 1 DAGs
[2023-05-21T17:04:55.093+0530] {logging_mixin.py:149} INFO - [2023-05-21T17:04:55.093+0530] {dag.py:3486} INFO - Setting next_dagrun for tutorial to 2023-05-20T11:34:55.093325+00:00, run_after=2023-05-21T11:34:55.093325+00:00
[2023-05-21T17:04:55.165+0530] {processor.py:178} INFO - Processing /home/feuer/.local/lib/python3.10/site-packages/airflow/example_dags/tutorial.py took 0.115 seconds
[2023-05-21T17:05:41.664+0530] {processor.py:156} INFO - Started process (PID=57016) to work on /home/feuer/.local/lib/python3.10/site-packages/airflow/example_dags/tutorial.py
[2023-05-21T17:05:41.677+0530] {processor.py:799} INFO - Processing file /home/feuer/.local/lib/python3.10/site-packages/airflow/example_dags/tutorial.py for tasks to queue
[2023-05-21T17:05:41.677+0530] {logging_mixin.py:149} INFO - [2023-05-21T17:05:41.677+0530] {dagbag.py:541} INFO - Filling up the DagBag from /home/feuer/.local/lib/python3.10/site-packages/airflow/example_dags/tutorial.py
[2023-05-21T17:05:41.682+0530] {processor.py:809} INFO - DAG(s) dict_keys(['tutorial']) retrieved from /home/feuer/.local/lib/python3.10/site-packages/airflow/example_dags/tutorial.py
[2023-05-21T17:05:41.693+0530] {logging_mixin.py:149} INFO - [2023-05-21T17:05:41.693+0530] {dag.py:2726} INFO - Sync 1 DAGs
[2023-05-21T17:05:41.704+0530] {logging_mixin.py:149} INFO - [2023-05-21T17:05:41.704+0530] {dag.py:3486} INFO - Setting next_dagrun for tutorial to 2023-05-20T11:35:41.704126+00:00, run_after=2023-05-21T11:35:41.704126+00:00
[2023-05-21T17:05:41.853+0530] {processor.py:178} INFO - Processing /home/feuer/.local/lib/python3.10/site-packages/airflow/example_dags/tutorial.py took 0.192 seconds
[2023-05-21T17:06:27.162+0530] {processor.py:156} INFO - Started process (PID=57121) to work on /home/feuer/.local/lib/python3.10/site-packages/airflow/example_dags/tutorial.py
[2023-05-21T17:06:27.163+0530] {processor.py:799} INFO - Processing file /home/feuer/.local/lib/python3.10/site-packages/airflow/example_dags/tutorial.py for tasks to queue
[2023-05-21T17:06:27.163+0530] {logging_mixin.py:149} INFO - [2023-05-21T17:06:27.163+0530] {dagbag.py:541} INFO - Filling up the DagBag from /home/feuer/.local/lib/python3.10/site-packages/airflow/example_dags/tutorial.py
[2023-05-21T17:06:27.169+0530] {processor.py:809} INFO - DAG(s) dict_keys(['tutorial']) retrieved from /home/feuer/.local/lib/python3.10/site-packages/airflow/example_dags/tutorial.py
[2023-05-21T17:06:27.182+0530] {logging_mixin.py:149} INFO - [2023-05-21T17:06:27.182+0530] {dag.py:2726} INFO - Sync 1 DAGs
[2023-05-21T17:06:27.192+0530] {logging_mixin.py:149} INFO - [2023-05-21T17:06:27.192+0530] {dag.py:3486} INFO - Setting next_dagrun for tutorial to 2023-05-20T11:36:27.192505+00:00, run_after=2023-05-21T11:36:27.192505+00:00
[2023-05-21T17:06:27.273+0530] {processor.py:178} INFO - Processing /home/feuer/.local/lib/python3.10/site-packages/airflow/example_dags/tutorial.py took 0.114 seconds
[2023-05-21T17:07:11.283+0530] {processor.py:156} INFO - Started process (PID=57229) to work on /home/feuer/.local/lib/python3.10/site-packages/airflow/example_dags/tutorial.py
[2023-05-21T17:07:11.294+0530] {processor.py:799} INFO - Processing file /home/feuer/.local/lib/python3.10/site-packages/airflow/example_dags/tutorial.py for tasks to queue
[2023-05-21T17:07:11.295+0530] {logging_mixin.py:149} INFO - [2023-05-21T17:07:11.295+0530] {dagbag.py:541} INFO - Filling up the DagBag from /home/feuer/.local/lib/python3.10/site-packages/airflow/example_dags/tutorial.py
[2023-05-21T17:07:11.299+0530] {processor.py:809} INFO - DAG(s) dict_keys(['tutorial']) retrieved from /home/feuer/.local/lib/python3.10/site-packages/airflow/example_dags/tutorial.py
[2023-05-21T17:07:11.310+0530] {logging_mixin.py:149} INFO - [2023-05-21T17:07:11.310+0530] {dag.py:2726} INFO - Sync 1 DAGs
[2023-05-21T17:07:11.320+0530] {logging_mixin.py:149} INFO - [2023-05-21T17:07:11.320+0530] {dag.py:3486} INFO - Setting next_dagrun for tutorial to 2023-05-20T11:37:11.320602+00:00, run_after=2023-05-21T11:37:11.320602+00:00
[2023-05-21T17:07:11.398+0530] {processor.py:178} INFO - Processing /home/feuer/.local/lib/python3.10/site-packages/airflow/example_dags/tutorial.py took 0.116 seconds
[2023-05-21T17:07:53.401+0530] {processor.py:156} INFO - Started process (PID=57344) to work on /home/feuer/.local/lib/python3.10/site-packages/airflow/example_dags/tutorial.py
[2023-05-21T17:07:53.401+0530] {processor.py:799} INFO - Processing file /home/feuer/.local/lib/python3.10/site-packages/airflow/example_dags/tutorial.py for tasks to queue
[2023-05-21T17:07:53.402+0530] {logging_mixin.py:149} INFO - [2023-05-21T17:07:53.402+0530] {dagbag.py:541} INFO - Filling up the DagBag from /home/feuer/.local/lib/python3.10/site-packages/airflow/example_dags/tutorial.py
[2023-05-21T17:07:53.407+0530] {processor.py:809} INFO - DAG(s) dict_keys(['tutorial']) retrieved from /home/feuer/.local/lib/python3.10/site-packages/airflow/example_dags/tutorial.py
[2023-05-21T17:07:53.418+0530] {logging_mixin.py:149} INFO - [2023-05-21T17:07:53.418+0530] {dag.py:2726} INFO - Sync 1 DAGs
[2023-05-21T17:07:53.429+0530] {logging_mixin.py:149} INFO - [2023-05-21T17:07:53.429+0530] {dag.py:3486} INFO - Setting next_dagrun for tutorial to 2023-05-20T11:37:53.428917+00:00, run_after=2023-05-21T11:37:53.428917+00:00
[2023-05-21T17:07:53.517+0530] {processor.py:178} INFO - Processing /home/feuer/.local/lib/python3.10/site-packages/airflow/example_dags/tutorial.py took 0.118 seconds
[2023-05-21T17:08:39.146+0530] {processor.py:156} INFO - Started process (PID=57448) to work on /home/feuer/.local/lib/python3.10/site-packages/airflow/example_dags/tutorial.py
[2023-05-21T17:08:39.155+0530] {processor.py:799} INFO - Processing file /home/feuer/.local/lib/python3.10/site-packages/airflow/example_dags/tutorial.py for tasks to queue
[2023-05-21T17:08:39.156+0530] {logging_mixin.py:149} INFO - [2023-05-21T17:08:39.156+0530] {dagbag.py:541} INFO - Filling up the DagBag from /home/feuer/.local/lib/python3.10/site-packages/airflow/example_dags/tutorial.py
[2023-05-21T17:08:39.162+0530] {processor.py:809} INFO - DAG(s) dict_keys(['tutorial']) retrieved from /home/feuer/.local/lib/python3.10/site-packages/airflow/example_dags/tutorial.py
[2023-05-21T17:08:39.182+0530] {logging_mixin.py:149} INFO - [2023-05-21T17:08:39.181+0530] {dag.py:2726} INFO - Sync 1 DAGs
[2023-05-21T17:08:39.201+0530] {logging_mixin.py:149} INFO - [2023-05-21T17:08:39.201+0530] {dag.py:3486} INFO - Setting next_dagrun for tutorial to 2023-05-20T11:38:39.201185+00:00, run_after=2023-05-21T11:38:39.201185+00:00
[2023-05-21T17:08:39.274+0530] {processor.py:178} INFO - Processing /home/feuer/.local/lib/python3.10/site-packages/airflow/example_dags/tutorial.py took 0.131 seconds
[2023-05-21T17:09:25.540+0530] {processor.py:156} INFO - Started process (PID=57591) to work on /home/feuer/.local/lib/python3.10/site-packages/airflow/example_dags/tutorial.py
[2023-05-21T17:09:25.552+0530] {processor.py:799} INFO - Processing file /home/feuer/.local/lib/python3.10/site-packages/airflow/example_dags/tutorial.py for tasks to queue
[2023-05-21T17:09:25.552+0530] {logging_mixin.py:149} INFO - [2023-05-21T17:09:25.552+0530] {dagbag.py:541} INFO - Filling up the DagBag from /home/feuer/.local/lib/python3.10/site-packages/airflow/example_dags/tutorial.py
[2023-05-21T17:09:25.557+0530] {processor.py:809} INFO - DAG(s) dict_keys(['tutorial']) retrieved from /home/feuer/.local/lib/python3.10/site-packages/airflow/example_dags/tutorial.py
[2023-05-21T17:09:25.569+0530] {logging_mixin.py:149} INFO - [2023-05-21T17:09:25.569+0530] {dag.py:2726} INFO - Sync 1 DAGs
[2023-05-21T17:09:25.587+0530] {logging_mixin.py:149} INFO - [2023-05-21T17:09:25.587+0530] {dag.py:3486} INFO - Setting next_dagrun for tutorial to 2023-05-20T11:39:25.587110+00:00, run_after=2023-05-21T11:39:25.587110+00:00
[2023-05-21T17:09:25.681+0530] {processor.py:178} INFO - Processing /home/feuer/.local/lib/python3.10/site-packages/airflow/example_dags/tutorial.py took 0.143 seconds
[2023-05-21T17:10:10.131+0530] {processor.py:156} INFO - Started process (PID=57705) to work on /home/feuer/.local/lib/python3.10/site-packages/airflow/example_dags/tutorial.py
[2023-05-21T17:10:10.132+0530] {processor.py:799} INFO - Processing file /home/feuer/.local/lib/python3.10/site-packages/airflow/example_dags/tutorial.py for tasks to queue
[2023-05-21T17:10:10.133+0530] {logging_mixin.py:149} INFO - [2023-05-21T17:10:10.133+0530] {dagbag.py:541} INFO - Filling up the DagBag from /home/feuer/.local/lib/python3.10/site-packages/airflow/example_dags/tutorial.py
[2023-05-21T17:10:10.139+0530] {processor.py:809} INFO - DAG(s) dict_keys(['tutorial']) retrieved from /home/feuer/.local/lib/python3.10/site-packages/airflow/example_dags/tutorial.py
[2023-05-21T17:10:10.158+0530] {logging_mixin.py:149} INFO - [2023-05-21T17:10:10.158+0530] {dag.py:2726} INFO - Sync 1 DAGs
[2023-05-21T17:10:10.176+0530] {logging_mixin.py:149} INFO - [2023-05-21T17:10:10.176+0530] {dag.py:3486} INFO - Setting next_dagrun for tutorial to 2023-05-20T11:40:10.176530+00:00, run_after=2023-05-21T11:40:10.176530+00:00
[2023-05-21T17:10:10.327+0530] {processor.py:178} INFO - Processing /home/feuer/.local/lib/python3.10/site-packages/airflow/example_dags/tutorial.py took 0.199 seconds
[2023-05-21T17:10:57.070+0530] {processor.py:156} INFO - Started process (PID=57810) to work on /home/feuer/.local/lib/python3.10/site-packages/airflow/example_dags/tutorial.py
[2023-05-21T17:10:57.071+0530] {processor.py:799} INFO - Processing file /home/feuer/.local/lib/python3.10/site-packages/airflow/example_dags/tutorial.py for tasks to queue
[2023-05-21T17:10:57.071+0530] {logging_mixin.py:149} INFO - [2023-05-21T17:10:57.071+0530] {dagbag.py:541} INFO - Filling up the DagBag from /home/feuer/.local/lib/python3.10/site-packages/airflow/example_dags/tutorial.py
[2023-05-21T17:10:57.076+0530] {processor.py:809} INFO - DAG(s) dict_keys(['tutorial']) retrieved from /home/feuer/.local/lib/python3.10/site-packages/airflow/example_dags/tutorial.py
[2023-05-21T17:10:57.089+0530] {logging_mixin.py:149} INFO - [2023-05-21T17:10:57.088+0530] {dag.py:2726} INFO - Sync 1 DAGs
[2023-05-21T17:10:57.099+0530] {logging_mixin.py:149} INFO - [2023-05-21T17:10:57.099+0530] {dag.py:3486} INFO - Setting next_dagrun for tutorial to 2023-05-20T11:40:57.099446+00:00, run_after=2023-05-21T11:40:57.099446+00:00
[2023-05-21T17:10:57.214+0530] {processor.py:178} INFO - Processing /home/feuer/.local/lib/python3.10/site-packages/airflow/example_dags/tutorial.py took 0.146 seconds
[2023-05-21T17:11:43.953+0530] {processor.py:156} INFO - Started process (PID=57931) to work on /home/feuer/.local/lib/python3.10/site-packages/airflow/example_dags/tutorial.py
[2023-05-21T17:11:43.953+0530] {processor.py:799} INFO - Processing file /home/feuer/.local/lib/python3.10/site-packages/airflow/example_dags/tutorial.py for tasks to queue
[2023-05-21T17:11:43.954+0530] {logging_mixin.py:149} INFO - [2023-05-21T17:11:43.954+0530] {dagbag.py:541} INFO - Filling up the DagBag from /home/feuer/.local/lib/python3.10/site-packages/airflow/example_dags/tutorial.py
[2023-05-21T17:11:43.960+0530] {processor.py:809} INFO - DAG(s) dict_keys(['tutorial']) retrieved from /home/feuer/.local/lib/python3.10/site-packages/airflow/example_dags/tutorial.py
[2023-05-21T17:11:43.978+0530] {logging_mixin.py:149} INFO - [2023-05-21T17:11:43.978+0530] {dag.py:2726} INFO - Sync 1 DAGs
[2023-05-21T17:11:43.997+0530] {logging_mixin.py:149} INFO - [2023-05-21T17:11:43.997+0530] {dag.py:3486} INFO - Setting next_dagrun for tutorial to 2023-05-20T11:41:43.997248+00:00, run_after=2023-05-21T11:41:43.997248+00:00
[2023-05-21T17:11:44.081+0530] {processor.py:178} INFO - Processing /home/feuer/.local/lib/python3.10/site-packages/airflow/example_dags/tutorial.py took 0.131 seconds
[2023-05-21T17:12:30.727+0530] {processor.py:156} INFO - Started process (PID=58041) to work on /home/feuer/.local/lib/python3.10/site-packages/airflow/example_dags/tutorial.py
[2023-05-21T17:12:30.728+0530] {processor.py:799} INFO - Processing file /home/feuer/.local/lib/python3.10/site-packages/airflow/example_dags/tutorial.py for tasks to queue
[2023-05-21T17:12:30.728+0530] {logging_mixin.py:149} INFO - [2023-05-21T17:12:30.728+0530] {dagbag.py:541} INFO - Filling up the DagBag from /home/feuer/.local/lib/python3.10/site-packages/airflow/example_dags/tutorial.py
[2023-05-21T17:12:30.734+0530] {processor.py:809} INFO - DAG(s) dict_keys(['tutorial']) retrieved from /home/feuer/.local/lib/python3.10/site-packages/airflow/example_dags/tutorial.py
[2023-05-21T17:12:30.747+0530] {logging_mixin.py:149} INFO - [2023-05-21T17:12:30.747+0530] {dag.py:2726} INFO - Sync 1 DAGs
[2023-05-21T17:12:30.758+0530] {logging_mixin.py:149} INFO - [2023-05-21T17:12:30.758+0530] {dag.py:3486} INFO - Setting next_dagrun for tutorial to 2023-05-20T11:42:30.758181+00:00, run_after=2023-05-21T11:42:30.758181+00:00
[2023-05-21T17:12:30.893+0530] {processor.py:178} INFO - Processing /home/feuer/.local/lib/python3.10/site-packages/airflow/example_dags/tutorial.py took 0.169 seconds
[2023-05-21T17:13:15.133+0530] {processor.py:156} INFO - Started process (PID=58155) to work on /home/feuer/.local/lib/python3.10/site-packages/airflow/example_dags/tutorial.py
[2023-05-21T17:13:15.166+0530] {processor.py:799} INFO - Processing file /home/feuer/.local/lib/python3.10/site-packages/airflow/example_dags/tutorial.py for tasks to queue
[2023-05-21T17:13:15.167+0530] {logging_mixin.py:149} INFO - [2023-05-21T17:13:15.167+0530] {dagbag.py:541} INFO - Filling up the DagBag from /home/feuer/.local/lib/python3.10/site-packages/airflow/example_dags/tutorial.py
[2023-05-21T17:13:15.173+0530] {processor.py:809} INFO - DAG(s) dict_keys(['tutorial']) retrieved from /home/feuer/.local/lib/python3.10/site-packages/airflow/example_dags/tutorial.py
[2023-05-21T17:13:15.192+0530] {logging_mixin.py:149} INFO - [2023-05-21T17:13:15.192+0530] {dag.py:2726} INFO - Sync 1 DAGs
[2023-05-21T17:13:15.213+0530] {logging_mixin.py:149} INFO - [2023-05-21T17:13:15.212+0530] {dag.py:3486} INFO - Setting next_dagrun for tutorial to 2023-05-20T11:43:15.212623+00:00, run_after=2023-05-21T11:43:15.212623+00:00
[2023-05-21T17:13:15.306+0530] {processor.py:178} INFO - Processing /home/feuer/.local/lib/python3.10/site-packages/airflow/example_dags/tutorial.py took 0.176 seconds
[2023-05-21T17:13:58.473+0530] {processor.py:156} INFO - Started process (PID=58262) to work on /home/feuer/.local/lib/python3.10/site-packages/airflow/example_dags/tutorial.py
[2023-05-21T17:13:58.474+0530] {processor.py:799} INFO - Processing file /home/feuer/.local/lib/python3.10/site-packages/airflow/example_dags/tutorial.py for tasks to queue
[2023-05-21T17:13:58.475+0530] {logging_mixin.py:149} INFO - [2023-05-21T17:13:58.474+0530] {dagbag.py:541} INFO - Filling up the DagBag from /home/feuer/.local/lib/python3.10/site-packages/airflow/example_dags/tutorial.py
[2023-05-21T17:13:58.479+0530] {processor.py:809} INFO - DAG(s) dict_keys(['tutorial']) retrieved from /home/feuer/.local/lib/python3.10/site-packages/airflow/example_dags/tutorial.py
[2023-05-21T17:13:58.491+0530] {logging_mixin.py:149} INFO - [2023-05-21T17:13:58.491+0530] {dag.py:2726} INFO - Sync 1 DAGs
[2023-05-21T17:13:58.502+0530] {logging_mixin.py:149} INFO - [2023-05-21T17:13:58.502+0530] {dag.py:3486} INFO - Setting next_dagrun for tutorial to 2023-05-20T11:43:58.502378+00:00, run_after=2023-05-21T11:43:58.502378+00:00
[2023-05-21T17:13:58.588+0530] {processor.py:178} INFO - Processing /home/feuer/.local/lib/python3.10/site-packages/airflow/example_dags/tutorial.py took 0.117 seconds
[2023-05-21T17:14:44.849+0530] {processor.py:156} INFO - Started process (PID=58376) to work on /home/feuer/.local/lib/python3.10/site-packages/airflow/example_dags/tutorial.py
[2023-05-21T17:14:44.850+0530] {processor.py:799} INFO - Processing file /home/feuer/.local/lib/python3.10/site-packages/airflow/example_dags/tutorial.py for tasks to queue
[2023-05-21T17:14:44.850+0530] {logging_mixin.py:149} INFO - [2023-05-21T17:14:44.850+0530] {dagbag.py:541} INFO - Filling up the DagBag from /home/feuer/.local/lib/python3.10/site-packages/airflow/example_dags/tutorial.py
[2023-05-21T17:14:44.856+0530] {processor.py:809} INFO - DAG(s) dict_keys(['tutorial']) retrieved from /home/feuer/.local/lib/python3.10/site-packages/airflow/example_dags/tutorial.py
[2023-05-21T17:14:44.869+0530] {logging_mixin.py:149} INFO - [2023-05-21T17:14:44.869+0530] {dag.py:2726} INFO - Sync 1 DAGs
[2023-05-21T17:14:44.881+0530] {logging_mixin.py:149} INFO - [2023-05-21T17:14:44.881+0530] {dag.py:3486} INFO - Setting next_dagrun for tutorial to 2023-05-20T11:44:44.881216+00:00, run_after=2023-05-21T11:44:44.881216+00:00
[2023-05-21T17:14:44.966+0530] {processor.py:178} INFO - Processing /home/feuer/.local/lib/python3.10/site-packages/airflow/example_dags/tutorial.py took 0.119 seconds
[2023-05-21T17:15:34.205+0530] {processor.py:156} INFO - Started process (PID=58501) to work on /home/feuer/.local/lib/python3.10/site-packages/airflow/example_dags/tutorial.py
[2023-05-21T17:15:34.217+0530] {processor.py:799} INFO - Processing file /home/feuer/.local/lib/python3.10/site-packages/airflow/example_dags/tutorial.py for tasks to queue
[2023-05-21T17:15:34.217+0530] {logging_mixin.py:149} INFO - [2023-05-21T17:15:34.217+0530] {dagbag.py:541} INFO - Filling up the DagBag from /home/feuer/.local/lib/python3.10/site-packages/airflow/example_dags/tutorial.py
[2023-05-21T17:15:34.223+0530] {processor.py:809} INFO - DAG(s) dict_keys(['tutorial']) retrieved from /home/feuer/.local/lib/python3.10/site-packages/airflow/example_dags/tutorial.py
[2023-05-21T17:15:34.242+0530] {logging_mixin.py:149} INFO - [2023-05-21T17:15:34.241+0530] {dag.py:2726} INFO - Sync 1 DAGs
[2023-05-21T17:15:34.260+0530] {logging_mixin.py:149} INFO - [2023-05-21T17:15:34.260+0530] {dag.py:3486} INFO - Setting next_dagrun for tutorial to 2023-05-20T11:45:34.260296+00:00, run_after=2023-05-21T11:45:34.260296+00:00
[2023-05-21T17:15:34.354+0530] {processor.py:178} INFO - Processing /home/feuer/.local/lib/python3.10/site-packages/airflow/example_dags/tutorial.py took 0.151 seconds
[2023-05-21T17:16:21.327+0530] {processor.py:156} INFO - Started process (PID=58610) to work on /home/feuer/.local/lib/python3.10/site-packages/airflow/example_dags/tutorial.py
[2023-05-21T17:16:21.339+0530] {processor.py:799} INFO - Processing file /home/feuer/.local/lib/python3.10/site-packages/airflow/example_dags/tutorial.py for tasks to queue
[2023-05-21T17:16:21.340+0530] {logging_mixin.py:149} INFO - [2023-05-21T17:16:21.339+0530] {dagbag.py:541} INFO - Filling up the DagBag from /home/feuer/.local/lib/python3.10/site-packages/airflow/example_dags/tutorial.py
[2023-05-21T17:16:21.346+0530] {processor.py:809} INFO - DAG(s) dict_keys(['tutorial']) retrieved from /home/feuer/.local/lib/python3.10/site-packages/airflow/example_dags/tutorial.py
[2023-05-21T17:16:21.364+0530] {logging_mixin.py:149} INFO - [2023-05-21T17:16:21.364+0530] {dag.py:2726} INFO - Sync 1 DAGs
[2023-05-21T17:16:21.382+0530] {logging_mixin.py:149} INFO - [2023-05-21T17:16:21.382+0530] {dag.py:3486} INFO - Setting next_dagrun for tutorial to 2023-05-20T11:46:21.382564+00:00, run_after=2023-05-21T11:46:21.382564+00:00
[2023-05-21T17:16:21.487+0530] {processor.py:178} INFO - Processing /home/feuer/.local/lib/python3.10/site-packages/airflow/example_dags/tutorial.py took 0.163 seconds
[2023-05-21T17:17:08.083+0530] {processor.py:156} INFO - Started process (PID=58716) to work on /home/feuer/.local/lib/python3.10/site-packages/airflow/example_dags/tutorial.py
[2023-05-21T17:17:08.084+0530] {processor.py:799} INFO - Processing file /home/feuer/.local/lib/python3.10/site-packages/airflow/example_dags/tutorial.py for tasks to queue
[2023-05-21T17:17:08.084+0530] {logging_mixin.py:149} INFO - [2023-05-21T17:17:08.084+0530] {dagbag.py:541} INFO - Filling up the DagBag from /home/feuer/.local/lib/python3.10/site-packages/airflow/example_dags/tutorial.py
[2023-05-21T17:17:08.090+0530] {processor.py:809} INFO - DAG(s) dict_keys(['tutorial']) retrieved from /home/feuer/.local/lib/python3.10/site-packages/airflow/example_dags/tutorial.py
[2023-05-21T17:17:08.109+0530] {logging_mixin.py:149} INFO - [2023-05-21T17:17:08.109+0530] {dag.py:2726} INFO - Sync 1 DAGs
[2023-05-21T17:17:08.127+0530] {logging_mixin.py:149} INFO - [2023-05-21T17:17:08.127+0530] {dag.py:3486} INFO - Setting next_dagrun for tutorial to 2023-05-20T11:47:08.127428+00:00, run_after=2023-05-21T11:47:08.127428+00:00
[2023-05-21T17:17:08.206+0530] {processor.py:178} INFO - Processing /home/feuer/.local/lib/python3.10/site-packages/airflow/example_dags/tutorial.py took 0.126 seconds
[2023-05-21T17:17:55.009+0530] {processor.py:156} INFO - Started process (PID=58829) to work on /home/feuer/.local/lib/python3.10/site-packages/airflow/example_dags/tutorial.py
[2023-05-21T17:17:55.021+0530] {processor.py:799} INFO - Processing file /home/feuer/.local/lib/python3.10/site-packages/airflow/example_dags/tutorial.py for tasks to queue
[2023-05-21T17:17:55.022+0530] {logging_mixin.py:149} INFO - [2023-05-21T17:17:55.021+0530] {dagbag.py:541} INFO - Filling up the DagBag from /home/feuer/.local/lib/python3.10/site-packages/airflow/example_dags/tutorial.py
[2023-05-21T17:17:55.028+0530] {processor.py:809} INFO - DAG(s) dict_keys(['tutorial']) retrieved from /home/feuer/.local/lib/python3.10/site-packages/airflow/example_dags/tutorial.py
[2023-05-21T17:17:55.047+0530] {logging_mixin.py:149} INFO - [2023-05-21T17:17:55.046+0530] {dag.py:2726} INFO - Sync 1 DAGs
[2023-05-21T17:17:55.066+0530] {logging_mixin.py:149} INFO - [2023-05-21T17:17:55.066+0530] {dag.py:3486} INFO - Setting next_dagrun for tutorial to 2023-05-20T11:47:55.066417+00:00, run_after=2023-05-21T11:47:55.066417+00:00
[2023-05-21T17:17:55.145+0530] {processor.py:178} INFO - Processing /home/feuer/.local/lib/python3.10/site-packages/airflow/example_dags/tutorial.py took 0.139 seconds
[2023-05-21T17:18:39.767+0530] {processor.py:156} INFO - Started process (PID=58943) to work on /home/feuer/.local/lib/python3.10/site-packages/airflow/example_dags/tutorial.py
[2023-05-21T17:18:39.777+0530] {processor.py:799} INFO - Processing file /home/feuer/.local/lib/python3.10/site-packages/airflow/example_dags/tutorial.py for tasks to queue
[2023-05-21T17:18:39.777+0530] {logging_mixin.py:149} INFO - [2023-05-21T17:18:39.777+0530] {dagbag.py:541} INFO - Filling up the DagBag from /home/feuer/.local/lib/python3.10/site-packages/airflow/example_dags/tutorial.py
[2023-05-21T17:18:39.783+0530] {processor.py:809} INFO - DAG(s) dict_keys(['tutorial']) retrieved from /home/feuer/.local/lib/python3.10/site-packages/airflow/example_dags/tutorial.py
[2023-05-21T17:18:39.802+0530] {logging_mixin.py:149} INFO - [2023-05-21T17:18:39.801+0530] {dag.py:2726} INFO - Sync 1 DAGs
[2023-05-21T17:18:39.820+0530] {logging_mixin.py:149} INFO - [2023-05-21T17:18:39.820+0530] {dag.py:3486} INFO - Setting next_dagrun for tutorial to 2023-05-20T11:48:39.820078+00:00, run_after=2023-05-21T11:48:39.820078+00:00
[2023-05-21T17:18:39.908+0530] {processor.py:178} INFO - Processing /home/feuer/.local/lib/python3.10/site-packages/airflow/example_dags/tutorial.py took 0.143 seconds
[2023-05-21T17:19:26.563+0530] {processor.py:156} INFO - Started process (PID=59063) to work on /home/feuer/.local/lib/python3.10/site-packages/airflow/example_dags/tutorial.py
[2023-05-21T17:19:26.574+0530] {processor.py:799} INFO - Processing file /home/feuer/.local/lib/python3.10/site-packages/airflow/example_dags/tutorial.py for tasks to queue
[2023-05-21T17:19:26.574+0530] {logging_mixin.py:149} INFO - [2023-05-21T17:19:26.574+0530] {dagbag.py:541} INFO - Filling up the DagBag from /home/feuer/.local/lib/python3.10/site-packages/airflow/example_dags/tutorial.py
[2023-05-21T17:19:26.580+0530] {processor.py:809} INFO - DAG(s) dict_keys(['tutorial']) retrieved from /home/feuer/.local/lib/python3.10/site-packages/airflow/example_dags/tutorial.py
[2023-05-21T17:19:26.599+0530] {logging_mixin.py:149} INFO - [2023-05-21T17:19:26.599+0530] {dag.py:2726} INFO - Sync 1 DAGs
[2023-05-21T17:19:26.617+0530] {logging_mixin.py:149} INFO - [2023-05-21T17:19:26.617+0530] {dag.py:3486} INFO - Setting next_dagrun for tutorial to 2023-05-20T11:49:26.617537+00:00, run_after=2023-05-21T11:49:26.617537+00:00
[2023-05-21T17:19:26.696+0530] {processor.py:178} INFO - Processing /home/feuer/.local/lib/python3.10/site-packages/airflow/example_dags/tutorial.py took 0.136 seconds
[2023-05-21T17:20:13.393+0530] {processor.py:156} INFO - Started process (PID=59177) to work on /home/feuer/.local/lib/python3.10/site-packages/airflow/example_dags/tutorial.py
[2023-05-21T17:20:13.394+0530] {processor.py:799} INFO - Processing file /home/feuer/.local/lib/python3.10/site-packages/airflow/example_dags/tutorial.py for tasks to queue
[2023-05-21T17:20:13.394+0530] {logging_mixin.py:149} INFO - [2023-05-21T17:20:13.394+0530] {dagbag.py:541} INFO - Filling up the DagBag from /home/feuer/.local/lib/python3.10/site-packages/airflow/example_dags/tutorial.py
[2023-05-21T17:20:13.400+0530] {processor.py:809} INFO - DAG(s) dict_keys(['tutorial']) retrieved from /home/feuer/.local/lib/python3.10/site-packages/airflow/example_dags/tutorial.py
[2023-05-21T17:20:13.419+0530] {logging_mixin.py:149} INFO - [2023-05-21T17:20:13.419+0530] {dag.py:2726} INFO - Sync 1 DAGs
[2023-05-21T17:20:13.437+0530] {logging_mixin.py:149} INFO - [2023-05-21T17:20:13.437+0530] {dag.py:3486} INFO - Setting next_dagrun for tutorial to 2023-05-20T11:50:13.437260+00:00, run_after=2023-05-21T11:50:13.437260+00:00
[2023-05-21T17:20:13.512+0530] {processor.py:178} INFO - Processing /home/feuer/.local/lib/python3.10/site-packages/airflow/example_dags/tutorial.py took 0.122 seconds
[2023-05-21T17:21:37.511+0530] {processor.py:156} INFO - Started process (PID=59535) to work on /home/feuer/.local/lib/python3.10/site-packages/airflow/example_dags/tutorial.py
[2023-05-21T17:21:37.528+0530] {processor.py:799} INFO - Processing file /home/feuer/.local/lib/python3.10/site-packages/airflow/example_dags/tutorial.py for tasks to queue
[2023-05-21T17:21:37.529+0530] {logging_mixin.py:149} INFO - [2023-05-21T17:21:37.529+0530] {dagbag.py:541} INFO - Filling up the DagBag from /home/feuer/.local/lib/python3.10/site-packages/airflow/example_dags/tutorial.py
[2023-05-21T17:21:37.535+0530] {processor.py:809} INFO - DAG(s) dict_keys(['tutorial']) retrieved from /home/feuer/.local/lib/python3.10/site-packages/airflow/example_dags/tutorial.py
[2023-05-21T17:21:37.553+0530] {logging_mixin.py:149} INFO - [2023-05-21T17:21:37.553+0530] {dag.py:2726} INFO - Sync 1 DAGs
[2023-05-21T17:21:37.572+0530] {logging_mixin.py:149} INFO - [2023-05-21T17:21:37.572+0530] {dag.py:3486} INFO - Setting next_dagrun for tutorial to 2023-05-20T11:51:37.572160+00:00, run_after=2023-05-21T11:51:37.572160+00:00
[2023-05-21T17:21:37.886+0530] {processor.py:178} INFO - Processing /home/feuer/.local/lib/python3.10/site-packages/airflow/example_dags/tutorial.py took 0.378 seconds
[2023-05-21T17:22:37.003+0530] {processor.py:156} INFO - Started process (PID=59711) to work on /home/feuer/.local/lib/python3.10/site-packages/airflow/example_dags/tutorial.py
[2023-05-21T17:22:37.350+0530] {processor.py:799} INFO - Processing file /home/feuer/.local/lib/python3.10/site-packages/airflow/example_dags/tutorial.py for tasks to queue
[2023-05-21T17:22:37.351+0530] {logging_mixin.py:149} INFO - [2023-05-21T17:22:37.350+0530] {dagbag.py:541} INFO - Filling up the DagBag from /home/feuer/.local/lib/python3.10/site-packages/airflow/example_dags/tutorial.py
[2023-05-21T17:22:37.357+0530] {processor.py:809} INFO - DAG(s) dict_keys(['tutorial']) retrieved from /home/feuer/.local/lib/python3.10/site-packages/airflow/example_dags/tutorial.py
[2023-05-21T17:22:37.375+0530] {logging_mixin.py:149} INFO - [2023-05-21T17:22:37.375+0530] {dag.py:2726} INFO - Sync 1 DAGs
[2023-05-21T17:22:37.394+0530] {logging_mixin.py:149} INFO - [2023-05-21T17:22:37.394+0530] {dag.py:3486} INFO - Setting next_dagrun for tutorial to 2023-05-20T11:52:37.394059+00:00, run_after=2023-05-21T11:52:37.394059+00:00
[2023-05-21T17:22:37.998+0530] {processor.py:178} INFO - Processing /home/feuer/.local/lib/python3.10/site-packages/airflow/example_dags/tutorial.py took 0.998 seconds
