[2023-05-15T17:40:16.437+0530] {processor.py:156} INFO - Started process (PID=21628) to work on /run/media/feuer/LinuxDrive/ChromeDownloads/Assignment/airflow/dags/Lead_scoring_data_pipeline/constants.py
[2023-05-15T17:40:16.438+0530] {processor.py:799} INFO - Processing file /run/media/feuer/LinuxDrive/ChromeDownloads/Assignment/airflow/dags/Lead_scoring_data_pipeline/constants.py for tasks to queue
[2023-05-15T17:40:16.439+0530] {logging_mixin.py:149} INFO - [2023-05-15T17:40:16.438+0530] {dagbag.py:541} INFO - Filling up the DagBag from /run/media/feuer/LinuxDrive/ChromeDownloads/Assignment/airflow/dags/Lead_scoring_data_pipeline/constants.py
[2023-05-15T17:40:16.441+0530] {processor.py:811} WARNING - No viable dags retrieved from /run/media/feuer/LinuxDrive/ChromeDownloads/Assignment/airflow/dags/Lead_scoring_data_pipeline/constants.py
[2023-05-15T17:40:16.451+0530] {processor.py:178} INFO - Processing /run/media/feuer/LinuxDrive/ChromeDownloads/Assignment/airflow/dags/Lead_scoring_data_pipeline/constants.py took 0.017 seconds
[2023-05-15T17:40:55.091+0530] {processor.py:156} INFO - Started process (PID=21843) to work on /run/media/feuer/LinuxDrive/ChromeDownloads/Assignment/airflow/dags/Lead_scoring_data_pipeline/constants.py
[2023-05-15T17:40:55.099+0530] {processor.py:799} INFO - Processing file /run/media/feuer/LinuxDrive/ChromeDownloads/Assignment/airflow/dags/Lead_scoring_data_pipeline/constants.py for tasks to queue
[2023-05-15T17:40:55.100+0530] {logging_mixin.py:149} INFO - [2023-05-15T17:40:55.100+0530] {dagbag.py:541} INFO - Filling up the DagBag from /run/media/feuer/LinuxDrive/ChromeDownloads/Assignment/airflow/dags/Lead_scoring_data_pipeline/constants.py
[2023-05-15T17:40:55.101+0530] {processor.py:811} WARNING - No viable dags retrieved from /run/media/feuer/LinuxDrive/ChromeDownloads/Assignment/airflow/dags/Lead_scoring_data_pipeline/constants.py
[2023-05-15T17:40:55.111+0530] {processor.py:178} INFO - Processing /run/media/feuer/LinuxDrive/ChromeDownloads/Assignment/airflow/dags/Lead_scoring_data_pipeline/constants.py took 0.022 seconds
[2023-05-15T17:41:27.540+0530] {processor.py:156} INFO - Started process (PID=21975) to work on /run/media/feuer/LinuxDrive/ChromeDownloads/Assignment/airflow/dags/Lead_scoring_data_pipeline/constants.py
[2023-05-15T17:41:27.541+0530] {processor.py:799} INFO - Processing file /run/media/feuer/LinuxDrive/ChromeDownloads/Assignment/airflow/dags/Lead_scoring_data_pipeline/constants.py for tasks to queue
[2023-05-15T17:41:27.541+0530] {logging_mixin.py:149} INFO - [2023-05-15T17:41:27.541+0530] {dagbag.py:541} INFO - Filling up the DagBag from /run/media/feuer/LinuxDrive/ChromeDownloads/Assignment/airflow/dags/Lead_scoring_data_pipeline/constants.py
[2023-05-15T17:41:27.543+0530] {processor.py:811} WARNING - No viable dags retrieved from /run/media/feuer/LinuxDrive/ChromeDownloads/Assignment/airflow/dags/Lead_scoring_data_pipeline/constants.py
[2023-05-15T17:41:27.553+0530] {processor.py:178} INFO - Processing /run/media/feuer/LinuxDrive/ChromeDownloads/Assignment/airflow/dags/Lead_scoring_data_pipeline/constants.py took 0.016 seconds
[2023-05-15T17:42:22.986+0530] {processor.py:156} INFO - Started process (PID=22100) to work on /run/media/feuer/LinuxDrive/ChromeDownloads/Assignment/airflow/dags/Lead_scoring_data_pipeline/constants.py
[2023-05-15T17:42:22.995+0530] {processor.py:799} INFO - Processing file /run/media/feuer/LinuxDrive/ChromeDownloads/Assignment/airflow/dags/Lead_scoring_data_pipeline/constants.py for tasks to queue
[2023-05-15T17:42:22.995+0530] {logging_mixin.py:149} INFO - [2023-05-15T17:42:22.995+0530] {dagbag.py:541} INFO - Filling up the DagBag from /run/media/feuer/LinuxDrive/ChromeDownloads/Assignment/airflow/dags/Lead_scoring_data_pipeline/constants.py
[2023-05-15T17:42:22.997+0530] {processor.py:811} WARNING - No viable dags retrieved from /run/media/feuer/LinuxDrive/ChromeDownloads/Assignment/airflow/dags/Lead_scoring_data_pipeline/constants.py
[2023-05-15T17:42:23.007+0530] {processor.py:178} INFO - Processing /run/media/feuer/LinuxDrive/ChromeDownloads/Assignment/airflow/dags/Lead_scoring_data_pipeline/constants.py took 0.024 seconds
[2023-05-15T17:43:13.880+0530] {processor.py:156} INFO - Started process (PID=22284) to work on /run/media/feuer/LinuxDrive/ChromeDownloads/Assignment/airflow/dags/Lead_scoring_data_pipeline/constants.py
[2023-05-15T17:43:13.881+0530] {processor.py:799} INFO - Processing file /run/media/feuer/LinuxDrive/ChromeDownloads/Assignment/airflow/dags/Lead_scoring_data_pipeline/constants.py for tasks to queue
[2023-05-15T17:43:13.882+0530] {logging_mixin.py:149} INFO - [2023-05-15T17:43:13.882+0530] {dagbag.py:541} INFO - Filling up the DagBag from /run/media/feuer/LinuxDrive/ChromeDownloads/Assignment/airflow/dags/Lead_scoring_data_pipeline/constants.py
[2023-05-15T17:43:13.883+0530] {processor.py:811} WARNING - No viable dags retrieved from /run/media/feuer/LinuxDrive/ChromeDownloads/Assignment/airflow/dags/Lead_scoring_data_pipeline/constants.py
[2023-05-15T17:43:13.893+0530] {processor.py:178} INFO - Processing /run/media/feuer/LinuxDrive/ChromeDownloads/Assignment/airflow/dags/Lead_scoring_data_pipeline/constants.py took 0.016 seconds
[2023-05-15T17:44:08.964+0530] {processor.py:156} INFO - Started process (PID=22418) to work on /run/media/feuer/LinuxDrive/ChromeDownloads/Assignment/airflow/dags/Lead_scoring_data_pipeline/constants.py
[2023-05-15T17:44:08.969+0530] {processor.py:799} INFO - Processing file /run/media/feuer/LinuxDrive/ChromeDownloads/Assignment/airflow/dags/Lead_scoring_data_pipeline/constants.py for tasks to queue
[2023-05-15T17:44:08.970+0530] {logging_mixin.py:149} INFO - [2023-05-15T17:44:08.970+0530] {dagbag.py:541} INFO - Filling up the DagBag from /run/media/feuer/LinuxDrive/ChromeDownloads/Assignment/airflow/dags/Lead_scoring_data_pipeline/constants.py
[2023-05-15T17:44:08.972+0530] {processor.py:811} WARNING - No viable dags retrieved from /run/media/feuer/LinuxDrive/ChromeDownloads/Assignment/airflow/dags/Lead_scoring_data_pipeline/constants.py
[2023-05-15T17:44:08.981+0530] {processor.py:178} INFO - Processing /run/media/feuer/LinuxDrive/ChromeDownloads/Assignment/airflow/dags/Lead_scoring_data_pipeline/constants.py took 0.021 seconds
[2023-05-15T17:45:03.826+0530] {processor.py:156} INFO - Started process (PID=22531) to work on /run/media/feuer/LinuxDrive/ChromeDownloads/Assignment/airflow/dags/Lead_scoring_data_pipeline/constants.py
[2023-05-15T17:45:03.827+0530] {processor.py:799} INFO - Processing file /run/media/feuer/LinuxDrive/ChromeDownloads/Assignment/airflow/dags/Lead_scoring_data_pipeline/constants.py for tasks to queue
[2023-05-15T17:45:03.827+0530] {logging_mixin.py:149} INFO - [2023-05-15T17:45:03.827+0530] {dagbag.py:541} INFO - Filling up the DagBag from /run/media/feuer/LinuxDrive/ChromeDownloads/Assignment/airflow/dags/Lead_scoring_data_pipeline/constants.py
[2023-05-15T17:45:03.829+0530] {processor.py:811} WARNING - No viable dags retrieved from /run/media/feuer/LinuxDrive/ChromeDownloads/Assignment/airflow/dags/Lead_scoring_data_pipeline/constants.py
[2023-05-15T17:45:03.834+0530] {processor.py:178} INFO - Processing /run/media/feuer/LinuxDrive/ChromeDownloads/Assignment/airflow/dags/Lead_scoring_data_pipeline/constants.py took 0.010 seconds
[2023-05-15T17:45:58.342+0530] {processor.py:156} INFO - Started process (PID=22664) to work on /run/media/feuer/LinuxDrive/ChromeDownloads/Assignment/airflow/dags/Lead_scoring_data_pipeline/constants.py
[2023-05-15T17:45:58.342+0530] {processor.py:799} INFO - Processing file /run/media/feuer/LinuxDrive/ChromeDownloads/Assignment/airflow/dags/Lead_scoring_data_pipeline/constants.py for tasks to queue
[2023-05-15T17:45:58.343+0530] {logging_mixin.py:149} INFO - [2023-05-15T17:45:58.342+0530] {dagbag.py:541} INFO - Filling up the DagBag from /run/media/feuer/LinuxDrive/ChromeDownloads/Assignment/airflow/dags/Lead_scoring_data_pipeline/constants.py
[2023-05-15T17:45:58.344+0530] {processor.py:811} WARNING - No viable dags retrieved from /run/media/feuer/LinuxDrive/ChromeDownloads/Assignment/airflow/dags/Lead_scoring_data_pipeline/constants.py
[2023-05-15T17:45:58.350+0530] {processor.py:178} INFO - Processing /run/media/feuer/LinuxDrive/ChromeDownloads/Assignment/airflow/dags/Lead_scoring_data_pipeline/constants.py took 0.011 seconds
[2023-05-15T17:46:53.058+0530] {processor.py:156} INFO - Started process (PID=22771) to work on /run/media/feuer/LinuxDrive/ChromeDownloads/Assignment/airflow/dags/Lead_scoring_data_pipeline/constants.py
[2023-05-15T17:46:53.059+0530] {processor.py:799} INFO - Processing file /run/media/feuer/LinuxDrive/ChromeDownloads/Assignment/airflow/dags/Lead_scoring_data_pipeline/constants.py for tasks to queue
[2023-05-15T17:46:53.059+0530] {logging_mixin.py:149} INFO - [2023-05-15T17:46:53.059+0530] {dagbag.py:541} INFO - Filling up the DagBag from /run/media/feuer/LinuxDrive/ChromeDownloads/Assignment/airflow/dags/Lead_scoring_data_pipeline/constants.py
[2023-05-15T17:46:53.061+0530] {processor.py:811} WARNING - No viable dags retrieved from /run/media/feuer/LinuxDrive/ChromeDownloads/Assignment/airflow/dags/Lead_scoring_data_pipeline/constants.py
[2023-05-15T17:46:53.071+0530] {processor.py:178} INFO - Processing /run/media/feuer/LinuxDrive/ChromeDownloads/Assignment/airflow/dags/Lead_scoring_data_pipeline/constants.py took 0.017 seconds
