[2023-05-15T17:39:17.434+0530] {processor.py:156} INFO - Started process (PID=21300) to work on /run/media/feuer/LinuxDrive/ChromeDownloads/Assignment/airflow/dags/Lead_scoring_data_pipeline/lead_scoring_data_pipeline.py
[2023-05-15T17:39:17.435+0530] {processor.py:799} INFO - Processing file /run/media/feuer/LinuxDrive/ChromeDownloads/Assignment/airflow/dags/Lead_scoring_data_pipeline/lead_scoring_data_pipeline.py for tasks to queue
[2023-05-15T17:39:17.436+0530] {logging_mixin.py:149} INFO - [2023-05-15T17:39:17.436+0530] {dagbag.py:541} INFO - Filling up the DagBag from /run/media/feuer/LinuxDrive/ChromeDownloads/Assignment/airflow/dags/Lead_scoring_data_pipeline/lead_scoring_data_pipeline.py
[2023-05-15T17:39:17.882+0530] {processor.py:809} INFO - DAG(s) dict_keys(['Lead_Scoring_Data_Engineering_Pipeline']) retrieved from /run/media/feuer/LinuxDrive/ChromeDownloads/Assignment/airflow/dags/Lead_scoring_data_pipeline/lead_scoring_data_pipeline.py
[2023-05-15T17:39:17.953+0530] {logging_mixin.py:149} INFO - [2023-05-15T17:39:17.952+0530] {dag.py:2726} INFO - Sync 1 DAGs
[2023-05-15T17:39:17.965+0530] {logging_mixin.py:149} INFO - [2023-05-15T17:39:17.965+0530] {dag.py:3486} INFO - Setting next_dagrun for Lead_Scoring_Data_Engineering_Pipeline to 2023-05-01T00:00:00+00:00, run_after=2023-06-01T00:00:00+00:00
[2023-05-15T17:39:18.182+0530] {processor.py:178} INFO - Processing /run/media/feuer/LinuxDrive/ChromeDownloads/Assignment/airflow/dags/Lead_scoring_data_pipeline/lead_scoring_data_pipeline.py took 0.751 seconds
[2023-05-15T17:40:25.493+0530] {processor.py:156} INFO - Started process (PID=21680) to work on /run/media/feuer/LinuxDrive/ChromeDownloads/Assignment/airflow/dags/Lead_scoring_data_pipeline/lead_scoring_data_pipeline.py
[2023-05-15T17:40:25.494+0530] {processor.py:799} INFO - Processing file /run/media/feuer/LinuxDrive/ChromeDownloads/Assignment/airflow/dags/Lead_scoring_data_pipeline/lead_scoring_data_pipeline.py for tasks to queue
[2023-05-15T17:40:25.495+0530] {logging_mixin.py:149} INFO - [2023-05-15T17:40:25.494+0530] {dagbag.py:541} INFO - Filling up the DagBag from /run/media/feuer/LinuxDrive/ChromeDownloads/Assignment/airflow/dags/Lead_scoring_data_pipeline/lead_scoring_data_pipeline.py
[2023-05-15T17:40:25.852+0530] {processor.py:809} INFO - DAG(s) dict_keys(['Lead_Scoring_Data_Engineering_Pipeline']) retrieved from /run/media/feuer/LinuxDrive/ChromeDownloads/Assignment/airflow/dags/Lead_scoring_data_pipeline/lead_scoring_data_pipeline.py
[2023-05-15T17:40:25.883+0530] {logging_mixin.py:149} INFO - [2023-05-15T17:40:25.883+0530] {dag.py:2726} INFO - Sync 1 DAGs
[2023-05-15T17:40:25.895+0530] {logging_mixin.py:149} INFO - [2023-05-15T17:40:25.895+0530] {dag.py:3486} INFO - Setting next_dagrun for Lead_Scoring_Data_Engineering_Pipeline to 2023-05-01T00:00:00+00:00, run_after=2023-06-01T00:00:00+00:00
[2023-05-15T17:40:26.154+0530] {processor.py:178} INFO - Processing /run/media/feuer/LinuxDrive/ChromeDownloads/Assignment/airflow/dags/Lead_scoring_data_pipeline/lead_scoring_data_pipeline.py took 0.664 seconds
[2023-05-15T17:41:30.200+0530] {processor.py:156} INFO - Started process (PID=21989) to work on /run/media/feuer/LinuxDrive/ChromeDownloads/Assignment/airflow/dags/Lead_scoring_data_pipeline/lead_scoring_data_pipeline.py
[2023-05-15T17:41:30.201+0530] {processor.py:799} INFO - Processing file /run/media/feuer/LinuxDrive/ChromeDownloads/Assignment/airflow/dags/Lead_scoring_data_pipeline/lead_scoring_data_pipeline.py for tasks to queue
[2023-05-15T17:41:30.202+0530] {logging_mixin.py:149} INFO - [2023-05-15T17:41:30.202+0530] {dagbag.py:541} INFO - Filling up the DagBag from /run/media/feuer/LinuxDrive/ChromeDownloads/Assignment/airflow/dags/Lead_scoring_data_pipeline/lead_scoring_data_pipeline.py
[2023-05-15T17:41:30.570+0530] {processor.py:809} INFO - DAG(s) dict_keys(['Lead_Scoring_Data_Engineering_Pipeline']) retrieved from /run/media/feuer/LinuxDrive/ChromeDownloads/Assignment/airflow/dags/Lead_scoring_data_pipeline/lead_scoring_data_pipeline.py
[2023-05-15T17:41:30.598+0530] {logging_mixin.py:149} INFO - [2023-05-15T17:41:30.598+0530] {dag.py:2726} INFO - Sync 1 DAGs
[2023-05-15T17:41:30.610+0530] {logging_mixin.py:149} INFO - [2023-05-15T17:41:30.610+0530] {dag.py:3486} INFO - Setting next_dagrun for Lead_Scoring_Data_Engineering_Pipeline to 2023-05-01T00:00:00+00:00, run_after=2023-06-01T00:00:00+00:00
[2023-05-15T17:41:30.695+0530] {processor.py:178} INFO - Processing /run/media/feuer/LinuxDrive/ChromeDownloads/Assignment/airflow/dags/Lead_scoring_data_pipeline/lead_scoring_data_pipeline.py took 0.498 seconds
[2023-05-15T17:42:25.347+0530] {processor.py:156} INFO - Started process (PID=22169) to work on /run/media/feuer/LinuxDrive/ChromeDownloads/Assignment/airflow/dags/Lead_scoring_data_pipeline/lead_scoring_data_pipeline.py
[2023-05-15T17:42:25.363+0530] {processor.py:799} INFO - Processing file /run/media/feuer/LinuxDrive/ChromeDownloads/Assignment/airflow/dags/Lead_scoring_data_pipeline/lead_scoring_data_pipeline.py for tasks to queue
[2023-05-15T17:42:25.364+0530] {logging_mixin.py:149} INFO - [2023-05-15T17:42:25.364+0530] {dagbag.py:541} INFO - Filling up the DagBag from /run/media/feuer/LinuxDrive/ChromeDownloads/Assignment/airflow/dags/Lead_scoring_data_pipeline/lead_scoring_data_pipeline.py
[2023-05-15T17:42:25.786+0530] {processor.py:809} INFO - DAG(s) dict_keys(['Lead_Scoring_Data_Engineering_Pipeline']) retrieved from /run/media/feuer/LinuxDrive/ChromeDownloads/Assignment/airflow/dags/Lead_scoring_data_pipeline/lead_scoring_data_pipeline.py
[2023-05-15T17:42:25.813+0530] {logging_mixin.py:149} INFO - [2023-05-15T17:42:25.812+0530] {dag.py:2726} INFO - Sync 1 DAGs
[2023-05-15T17:42:25.830+0530] {logging_mixin.py:149} INFO - [2023-05-15T17:42:25.829+0530] {dag.py:3486} INFO - Setting next_dagrun for Lead_Scoring_Data_Engineering_Pipeline to 2023-05-01T00:00:00+00:00, run_after=2023-06-01T00:00:00+00:00
[2023-05-15T17:42:25.983+0530] {processor.py:178} INFO - Processing /run/media/feuer/LinuxDrive/ChromeDownloads/Assignment/airflow/dags/Lead_scoring_data_pipeline/lead_scoring_data_pipeline.py took 0.638 seconds
[2023-05-15T17:43:16.468+0530] {processor.py:156} INFO - Started process (PID=22298) to work on /run/media/feuer/LinuxDrive/ChromeDownloads/Assignment/airflow/dags/Lead_scoring_data_pipeline/lead_scoring_data_pipeline.py
[2023-05-15T17:43:16.477+0530] {processor.py:799} INFO - Processing file /run/media/feuer/LinuxDrive/ChromeDownloads/Assignment/airflow/dags/Lead_scoring_data_pipeline/lead_scoring_data_pipeline.py for tasks to queue
[2023-05-15T17:43:16.477+0530] {logging_mixin.py:149} INFO - [2023-05-15T17:43:16.477+0530] {dagbag.py:541} INFO - Filling up the DagBag from /run/media/feuer/LinuxDrive/ChromeDownloads/Assignment/airflow/dags/Lead_scoring_data_pipeline/lead_scoring_data_pipeline.py
[2023-05-15T17:43:16.816+0530] {processor.py:809} INFO - DAG(s) dict_keys(['Lead_Scoring_Data_Engineering_Pipeline']) retrieved from /run/media/feuer/LinuxDrive/ChromeDownloads/Assignment/airflow/dags/Lead_scoring_data_pipeline/lead_scoring_data_pipeline.py
[2023-05-15T17:43:16.826+0530] {logging_mixin.py:149} INFO - [2023-05-15T17:43:16.825+0530] {dag.py:2726} INFO - Sync 1 DAGs
[2023-05-15T17:43:16.837+0530] {logging_mixin.py:149} INFO - [2023-05-15T17:43:16.836+0530] {dag.py:3486} INFO - Setting next_dagrun for Lead_Scoring_Data_Engineering_Pipeline to 2023-05-01T00:00:00+00:00, run_after=2023-06-01T00:00:00+00:00
[2023-05-15T17:43:17.278+0530] {processor.py:178} INFO - Processing /run/media/feuer/LinuxDrive/ChromeDownloads/Assignment/airflow/dags/Lead_scoring_data_pipeline/lead_scoring_data_pipeline.py took 0.812 seconds
[2023-05-15T17:44:10.890+0530] {processor.py:156} INFO - Started process (PID=22435) to work on /run/media/feuer/LinuxDrive/ChromeDownloads/Assignment/airflow/dags/Lead_scoring_data_pipeline/lead_scoring_data_pipeline.py
[2023-05-15T17:44:10.907+0530] {processor.py:799} INFO - Processing file /run/media/feuer/LinuxDrive/ChromeDownloads/Assignment/airflow/dags/Lead_scoring_data_pipeline/lead_scoring_data_pipeline.py for tasks to queue
[2023-05-15T17:44:10.908+0530] {logging_mixin.py:149} INFO - [2023-05-15T17:44:10.908+0530] {dagbag.py:541} INFO - Filling up the DagBag from /run/media/feuer/LinuxDrive/ChromeDownloads/Assignment/airflow/dags/Lead_scoring_data_pipeline/lead_scoring_data_pipeline.py
[2023-05-15T17:44:11.269+0530] {processor.py:809} INFO - DAG(s) dict_keys(['Lead_Scoring_Data_Engineering_Pipeline']) retrieved from /run/media/feuer/LinuxDrive/ChromeDownloads/Assignment/airflow/dags/Lead_scoring_data_pipeline/lead_scoring_data_pipeline.py
[2023-05-15T17:44:11.279+0530] {logging_mixin.py:149} INFO - [2023-05-15T17:44:11.279+0530] {dag.py:2726} INFO - Sync 1 DAGs
[2023-05-15T17:44:11.290+0530] {logging_mixin.py:149} INFO - [2023-05-15T17:44:11.290+0530] {dag.py:3486} INFO - Setting next_dagrun for Lead_Scoring_Data_Engineering_Pipeline to 2023-05-01T00:00:00+00:00, run_after=2023-06-01T00:00:00+00:00
[2023-05-15T17:44:11.362+0530] {processor.py:178} INFO - Processing /run/media/feuer/LinuxDrive/ChromeDownloads/Assignment/airflow/dags/Lead_scoring_data_pipeline/lead_scoring_data_pipeline.py took 0.474 seconds
[2023-05-15T17:45:06.404+0530] {processor.py:156} INFO - Started process (PID=22545) to work on /run/media/feuer/LinuxDrive/ChromeDownloads/Assignment/airflow/dags/Lead_scoring_data_pipeline/lead_scoring_data_pipeline.py
[2023-05-15T17:45:06.404+0530] {processor.py:799} INFO - Processing file /run/media/feuer/LinuxDrive/ChromeDownloads/Assignment/airflow/dags/Lead_scoring_data_pipeline/lead_scoring_data_pipeline.py for tasks to queue
[2023-05-15T17:45:06.405+0530] {logging_mixin.py:149} INFO - [2023-05-15T17:45:06.405+0530] {dagbag.py:541} INFO - Filling up the DagBag from /run/media/feuer/LinuxDrive/ChromeDownloads/Assignment/airflow/dags/Lead_scoring_data_pipeline/lead_scoring_data_pipeline.py
[2023-05-15T17:45:06.751+0530] {processor.py:809} INFO - DAG(s) dict_keys(['Lead_Scoring_Data_Engineering_Pipeline']) retrieved from /run/media/feuer/LinuxDrive/ChromeDownloads/Assignment/airflow/dags/Lead_scoring_data_pipeline/lead_scoring_data_pipeline.py
[2023-05-15T17:45:06.760+0530] {logging_mixin.py:149} INFO - [2023-05-15T17:45:06.760+0530] {dag.py:2726} INFO - Sync 1 DAGs
[2023-05-15T17:45:06.772+0530] {logging_mixin.py:149} INFO - [2023-05-15T17:45:06.772+0530] {dag.py:3486} INFO - Setting next_dagrun for Lead_Scoring_Data_Engineering_Pipeline to 2023-05-01T00:00:00+00:00, run_after=2023-06-01T00:00:00+00:00
[2023-05-15T17:45:06.851+0530] {processor.py:178} INFO - Processing /run/media/feuer/LinuxDrive/ChromeDownloads/Assignment/airflow/dags/Lead_scoring_data_pipeline/lead_scoring_data_pipeline.py took 0.449 seconds
[2023-05-15T17:46:00.318+0530] {processor.py:156} INFO - Started process (PID=22678) to work on /run/media/feuer/LinuxDrive/ChromeDownloads/Assignment/airflow/dags/Lead_scoring_data_pipeline/lead_scoring_data_pipeline.py
[2023-05-15T17:46:00.332+0530] {processor.py:799} INFO - Processing file /run/media/feuer/LinuxDrive/ChromeDownloads/Assignment/airflow/dags/Lead_scoring_data_pipeline/lead_scoring_data_pipeline.py for tasks to queue
[2023-05-15T17:46:00.333+0530] {logging_mixin.py:149} INFO - [2023-05-15T17:46:00.332+0530] {dagbag.py:541} INFO - Filling up the DagBag from /run/media/feuer/LinuxDrive/ChromeDownloads/Assignment/airflow/dags/Lead_scoring_data_pipeline/lead_scoring_data_pipeline.py
[2023-05-15T17:46:00.683+0530] {processor.py:809} INFO - DAG(s) dict_keys(['Lead_Scoring_Data_Engineering_Pipeline']) retrieved from /run/media/feuer/LinuxDrive/ChromeDownloads/Assignment/airflow/dags/Lead_scoring_data_pipeline/lead_scoring_data_pipeline.py
[2023-05-15T17:46:00.692+0530] {logging_mixin.py:149} INFO - [2023-05-15T17:46:00.692+0530] {dag.py:2726} INFO - Sync 1 DAGs
[2023-05-15T17:46:00.703+0530] {logging_mixin.py:149} INFO - [2023-05-15T17:46:00.703+0530] {dag.py:3486} INFO - Setting next_dagrun for Lead_Scoring_Data_Engineering_Pipeline to 2023-05-01T00:00:00+00:00, run_after=2023-06-01T00:00:00+00:00
[2023-05-15T17:46:00.782+0530] {processor.py:178} INFO - Processing /run/media/feuer/LinuxDrive/ChromeDownloads/Assignment/airflow/dags/Lead_scoring_data_pipeline/lead_scoring_data_pipeline.py took 0.466 seconds
[2023-05-15T17:46:55.634+0530] {processor.py:156} INFO - Started process (PID=22785) to work on /run/media/feuer/LinuxDrive/ChromeDownloads/Assignment/airflow/dags/Lead_scoring_data_pipeline/lead_scoring_data_pipeline.py
[2023-05-15T17:46:55.635+0530] {processor.py:799} INFO - Processing file /run/media/feuer/LinuxDrive/ChromeDownloads/Assignment/airflow/dags/Lead_scoring_data_pipeline/lead_scoring_data_pipeline.py for tasks to queue
[2023-05-15T17:46:55.635+0530] {logging_mixin.py:149} INFO - [2023-05-15T17:46:55.635+0530] {dagbag.py:541} INFO - Filling up the DagBag from /run/media/feuer/LinuxDrive/ChromeDownloads/Assignment/airflow/dags/Lead_scoring_data_pipeline/lead_scoring_data_pipeline.py
[2023-05-15T17:46:55.975+0530] {processor.py:809} INFO - DAG(s) dict_keys(['Lead_Scoring_Data_Engineering_Pipeline']) retrieved from /run/media/feuer/LinuxDrive/ChromeDownloads/Assignment/airflow/dags/Lead_scoring_data_pipeline/lead_scoring_data_pipeline.py
[2023-05-15T17:46:55.985+0530] {logging_mixin.py:149} INFO - [2023-05-15T17:46:55.985+0530] {dag.py:2726} INFO - Sync 1 DAGs
[2023-05-15T17:46:55.996+0530] {logging_mixin.py:149} INFO - [2023-05-15T17:46:55.996+0530] {dag.py:3486} INFO - Setting next_dagrun for Lead_Scoring_Data_Engineering_Pipeline to 2023-05-01T00:00:00+00:00, run_after=2023-06-01T00:00:00+00:00
[2023-05-15T17:46:56.088+0530] {processor.py:178} INFO - Processing /run/media/feuer/LinuxDrive/ChromeDownloads/Assignment/airflow/dags/Lead_scoring_data_pipeline/lead_scoring_data_pipeline.py took 0.457 seconds
