[2023-05-15T17:38:54.776+0530] {processor.py:156} INFO - Started process (PID=21232) to work on /run/media/feuer/LinuxDrive/ChromeDownloads/Assignment/airflow/dags/Lead_scoring_data_pipeline/utils.py
[2023-05-15T17:38:54.777+0530] {processor.py:799} INFO - Processing file /run/media/feuer/LinuxDrive/ChromeDownloads/Assignment/airflow/dags/Lead_scoring_data_pipeline/utils.py for tasks to queue
[2023-05-15T17:38:54.778+0530] {logging_mixin.py:149} INFO - [2023-05-15T17:38:54.778+0530] {dagbag.py:541} INFO - Filling up the DagBag from /run/media/feuer/LinuxDrive/ChromeDownloads/Assignment/airflow/dags/Lead_scoring_data_pipeline/utils.py
[2023-05-15T17:39:15.595+0530] {processor.py:811} WARNING - No viable dags retrieved from /run/media/feuer/LinuxDrive/ChromeDownloads/Assignment/airflow/dags/Lead_scoring_data_pipeline/utils.py
[2023-05-15T17:39:15.599+0530] {processor.py:178} INFO - Processing /run/media/feuer/LinuxDrive/ChromeDownloads/Assignment/airflow/dags/Lead_scoring_data_pipeline/utils.py took 20.832 seconds
[2023-05-15T17:40:23.860+0530] {processor.py:156} INFO - Started process (PID=21662) to work on /run/media/feuer/LinuxDrive/ChromeDownloads/Assignment/airflow/dags/Lead_scoring_data_pipeline/utils.py
[2023-05-15T17:40:23.885+0530] {processor.py:799} INFO - Processing file /run/media/feuer/LinuxDrive/ChromeDownloads/Assignment/airflow/dags/Lead_scoring_data_pipeline/utils.py for tasks to queue
[2023-05-15T17:40:23.885+0530] {logging_mixin.py:149} INFO - [2023-05-15T17:40:23.885+0530] {dagbag.py:541} INFO - Filling up the DagBag from /run/media/feuer/LinuxDrive/ChromeDownloads/Assignment/airflow/dags/Lead_scoring_data_pipeline/utils.py
[2023-05-15T17:40:24.390+0530] {processor.py:811} WARNING - No viable dags retrieved from /run/media/feuer/LinuxDrive/ChromeDownloads/Assignment/airflow/dags/Lead_scoring_data_pipeline/utils.py
[2023-05-15T17:40:24.394+0530] {processor.py:178} INFO - Processing /run/media/feuer/LinuxDrive/ChromeDownloads/Assignment/airflow/dags/Lead_scoring_data_pipeline/utils.py took 0.538 seconds
[2023-05-15T17:41:28.757+0530] {processor.py:156} INFO - Started process (PID=21976) to work on /run/media/feuer/LinuxDrive/ChromeDownloads/Assignment/airflow/dags/Lead_scoring_data_pipeline/utils.py
[2023-05-15T17:41:28.765+0530] {processor.py:799} INFO - Processing file /run/media/feuer/LinuxDrive/ChromeDownloads/Assignment/airflow/dags/Lead_scoring_data_pipeline/utils.py for tasks to queue
[2023-05-15T17:41:28.765+0530] {logging_mixin.py:149} INFO - [2023-05-15T17:41:28.765+0530] {dagbag.py:541} INFO - Filling up the DagBag from /run/media/feuer/LinuxDrive/ChromeDownloads/Assignment/airflow/dags/Lead_scoring_data_pipeline/utils.py
[2023-05-15T17:41:29.116+0530] {processor.py:811} WARNING - No viable dags retrieved from /run/media/feuer/LinuxDrive/ChromeDownloads/Assignment/airflow/dags/Lead_scoring_data_pipeline/utils.py
[2023-05-15T17:41:29.120+0530] {processor.py:178} INFO - Processing /run/media/feuer/LinuxDrive/ChromeDownloads/Assignment/airflow/dags/Lead_scoring_data_pipeline/utils.py took 0.367 seconds
[2023-05-15T17:42:23.486+0530] {processor.py:156} INFO - Started process (PID=22119) to work on /run/media/feuer/LinuxDrive/ChromeDownloads/Assignment/airflow/dags/Lead_scoring_data_pipeline/utils.py
[2023-05-15T17:42:23.537+0530] {processor.py:799} INFO - Processing file /run/media/feuer/LinuxDrive/ChromeDownloads/Assignment/airflow/dags/Lead_scoring_data_pipeline/utils.py for tasks to queue
[2023-05-15T17:42:23.537+0530] {logging_mixin.py:149} INFO - [2023-05-15T17:42:23.537+0530] {dagbag.py:541} INFO - Filling up the DagBag from /run/media/feuer/LinuxDrive/ChromeDownloads/Assignment/airflow/dags/Lead_scoring_data_pipeline/utils.py
[2023-05-15T17:42:23.996+0530] {processor.py:811} WARNING - No viable dags retrieved from /run/media/feuer/LinuxDrive/ChromeDownloads/Assignment/airflow/dags/Lead_scoring_data_pipeline/utils.py
[2023-05-15T17:42:24.000+0530] {processor.py:178} INFO - Processing /run/media/feuer/LinuxDrive/ChromeDownloads/Assignment/airflow/dags/Lead_scoring_data_pipeline/utils.py took 0.517 seconds
[2023-05-15T17:43:15.036+0530] {processor.py:156} INFO - Started process (PID=22285) to work on /run/media/feuer/LinuxDrive/ChromeDownloads/Assignment/airflow/dags/Lead_scoring_data_pipeline/utils.py
[2023-05-15T17:43:15.037+0530] {processor.py:799} INFO - Processing file /run/media/feuer/LinuxDrive/ChromeDownloads/Assignment/airflow/dags/Lead_scoring_data_pipeline/utils.py for tasks to queue
[2023-05-15T17:43:15.038+0530] {logging_mixin.py:149} INFO - [2023-05-15T17:43:15.038+0530] {dagbag.py:541} INFO - Filling up the DagBag from /run/media/feuer/LinuxDrive/ChromeDownloads/Assignment/airflow/dags/Lead_scoring_data_pipeline/utils.py
[2023-05-15T17:43:15.390+0530] {processor.py:811} WARNING - No viable dags retrieved from /run/media/feuer/LinuxDrive/ChromeDownloads/Assignment/airflow/dags/Lead_scoring_data_pipeline/utils.py
[2023-05-15T17:43:15.394+0530] {processor.py:178} INFO - Processing /run/media/feuer/LinuxDrive/ChromeDownloads/Assignment/airflow/dags/Lead_scoring_data_pipeline/utils.py took 0.362 seconds
[2023-05-15T17:44:09.343+0530] {processor.py:156} INFO - Started process (PID=22420) to work on /run/media/feuer/LinuxDrive/ChromeDownloads/Assignment/airflow/dags/Lead_scoring_data_pipeline/utils.py
[2023-05-15T17:44:09.355+0530] {processor.py:799} INFO - Processing file /run/media/feuer/LinuxDrive/ChromeDownloads/Assignment/airflow/dags/Lead_scoring_data_pipeline/utils.py for tasks to queue
[2023-05-15T17:44:09.356+0530] {logging_mixin.py:149} INFO - [2023-05-15T17:44:09.356+0530] {dagbag.py:541} INFO - Filling up the DagBag from /run/media/feuer/LinuxDrive/ChromeDownloads/Assignment/airflow/dags/Lead_scoring_data_pipeline/utils.py
[2023-05-15T17:44:09.711+0530] {processor.py:811} WARNING - No viable dags retrieved from /run/media/feuer/LinuxDrive/ChromeDownloads/Assignment/airflow/dags/Lead_scoring_data_pipeline/utils.py
[2023-05-15T17:44:09.715+0530] {processor.py:178} INFO - Processing /run/media/feuer/LinuxDrive/ChromeDownloads/Assignment/airflow/dags/Lead_scoring_data_pipeline/utils.py took 0.375 seconds
[2023-05-15T17:45:04.970+0530] {processor.py:156} INFO - Started process (PID=22532) to work on /run/media/feuer/LinuxDrive/ChromeDownloads/Assignment/airflow/dags/Lead_scoring_data_pipeline/utils.py
[2023-05-15T17:45:04.971+0530] {processor.py:799} INFO - Processing file /run/media/feuer/LinuxDrive/ChromeDownloads/Assignment/airflow/dags/Lead_scoring_data_pipeline/utils.py for tasks to queue
[2023-05-15T17:45:04.972+0530] {logging_mixin.py:149} INFO - [2023-05-15T17:45:04.972+0530] {dagbag.py:541} INFO - Filling up the DagBag from /run/media/feuer/LinuxDrive/ChromeDownloads/Assignment/airflow/dags/Lead_scoring_data_pipeline/utils.py
[2023-05-15T17:45:05.321+0530] {processor.py:811} WARNING - No viable dags retrieved from /run/media/feuer/LinuxDrive/ChromeDownloads/Assignment/airflow/dags/Lead_scoring_data_pipeline/utils.py
[2023-05-15T17:45:05.325+0530] {processor.py:178} INFO - Processing /run/media/feuer/LinuxDrive/ChromeDownloads/Assignment/airflow/dags/Lead_scoring_data_pipeline/utils.py took 0.358 seconds
[2023-05-15T17:45:58.815+0530] {processor.py:156} INFO - Started process (PID=22665) to work on /run/media/feuer/LinuxDrive/ChromeDownloads/Assignment/airflow/dags/Lead_scoring_data_pipeline/utils.py
[2023-05-15T17:45:58.816+0530] {processor.py:799} INFO - Processing file /run/media/feuer/LinuxDrive/ChromeDownloads/Assignment/airflow/dags/Lead_scoring_data_pipeline/utils.py for tasks to queue
[2023-05-15T17:45:58.816+0530] {logging_mixin.py:149} INFO - [2023-05-15T17:45:58.816+0530] {dagbag.py:541} INFO - Filling up the DagBag from /run/media/feuer/LinuxDrive/ChromeDownloads/Assignment/airflow/dags/Lead_scoring_data_pipeline/utils.py
[2023-05-15T17:45:59.168+0530] {processor.py:811} WARNING - No viable dags retrieved from /run/media/feuer/LinuxDrive/ChromeDownloads/Assignment/airflow/dags/Lead_scoring_data_pipeline/utils.py
[2023-05-15T17:45:59.172+0530] {processor.py:178} INFO - Processing /run/media/feuer/LinuxDrive/ChromeDownloads/Assignment/airflow/dags/Lead_scoring_data_pipeline/utils.py took 0.359 seconds
[2023-05-15T17:46:54.197+0530] {processor.py:156} INFO - Started process (PID=22772) to work on /run/media/feuer/LinuxDrive/ChromeDownloads/Assignment/airflow/dags/Lead_scoring_data_pipeline/utils.py
[2023-05-15T17:46:54.198+0530] {processor.py:799} INFO - Processing file /run/media/feuer/LinuxDrive/ChromeDownloads/Assignment/airflow/dags/Lead_scoring_data_pipeline/utils.py for tasks to queue
[2023-05-15T17:46:54.198+0530] {logging_mixin.py:149} INFO - [2023-05-15T17:46:54.198+0530] {dagbag.py:541} INFO - Filling up the DagBag from /run/media/feuer/LinuxDrive/ChromeDownloads/Assignment/airflow/dags/Lead_scoring_data_pipeline/utils.py
[2023-05-15T17:46:54.544+0530] {processor.py:811} WARNING - No viable dags retrieved from /run/media/feuer/LinuxDrive/ChromeDownloads/Assignment/airflow/dags/Lead_scoring_data_pipeline/utils.py
[2023-05-15T17:46:54.548+0530] {processor.py:178} INFO - Processing /run/media/feuer/LinuxDrive/ChromeDownloads/Assignment/airflow/dags/Lead_scoring_data_pipeline/utils.py took 0.353 seconds
