[2023-05-15T17:40:15.369+0530] {processor.py:156} INFO - Started process (PID=21627) to work on /run/media/feuer/LinuxDrive/ChromeDownloads/Assignment/airflow/dags/Lead_scoring_training_pipeline/constants.py
[2023-05-15T17:40:15.370+0530] {processor.py:799} INFO - Processing file /run/media/feuer/LinuxDrive/ChromeDownloads/Assignment/airflow/dags/Lead_scoring_training_pipeline/constants.py for tasks to queue
[2023-05-15T17:40:15.370+0530] {logging_mixin.py:149} INFO - [2023-05-15T17:40:15.370+0530] {dagbag.py:541} INFO - Filling up the DagBag from /run/media/feuer/LinuxDrive/ChromeDownloads/Assignment/airflow/dags/Lead_scoring_training_pipeline/constants.py
[2023-05-15T17:40:15.379+0530] {processor.py:811} WARNING - No viable dags retrieved from /run/media/feuer/LinuxDrive/ChromeDownloads/Assignment/airflow/dags/Lead_scoring_training_pipeline/constants.py
[2023-05-15T17:40:15.389+0530] {processor.py:178} INFO - Processing /run/media/feuer/LinuxDrive/ChromeDownloads/Assignment/airflow/dags/Lead_scoring_training_pipeline/constants.py took 0.023 seconds
[2023-05-15T17:40:53.934+0530] {processor.py:156} INFO - Started process (PID=21836) to work on /run/media/feuer/LinuxDrive/ChromeDownloads/Assignment/airflow/dags/Lead_scoring_training_pipeline/constants.py
[2023-05-15T17:40:53.938+0530] {processor.py:799} INFO - Processing file /run/media/feuer/LinuxDrive/ChromeDownloads/Assignment/airflow/dags/Lead_scoring_training_pipeline/constants.py for tasks to queue
[2023-05-15T17:40:53.939+0530] {logging_mixin.py:149} INFO - [2023-05-15T17:40:53.939+0530] {dagbag.py:541} INFO - Filling up the DagBag from /run/media/feuer/LinuxDrive/ChromeDownloads/Assignment/airflow/dags/Lead_scoring_training_pipeline/constants.py
[2023-05-15T17:40:53.944+0530] {processor.py:811} WARNING - No viable dags retrieved from /run/media/feuer/LinuxDrive/ChromeDownloads/Assignment/airflow/dags/Lead_scoring_training_pipeline/constants.py
[2023-05-15T17:40:53.954+0530] {processor.py:178} INFO - Processing /run/media/feuer/LinuxDrive/ChromeDownloads/Assignment/airflow/dags/Lead_scoring_training_pipeline/constants.py took 0.023 seconds
[2023-05-15T17:41:26.397+0530] {processor.py:156} INFO - Started process (PID=21968) to work on /run/media/feuer/LinuxDrive/ChromeDownloads/Assignment/airflow/dags/Lead_scoring_training_pipeline/constants.py
[2023-05-15T17:41:26.397+0530] {processor.py:799} INFO - Processing file /run/media/feuer/LinuxDrive/ChromeDownloads/Assignment/airflow/dags/Lead_scoring_training_pipeline/constants.py for tasks to queue
[2023-05-15T17:41:26.398+0530] {logging_mixin.py:149} INFO - [2023-05-15T17:41:26.398+0530] {dagbag.py:541} INFO - Filling up the DagBag from /run/media/feuer/LinuxDrive/ChromeDownloads/Assignment/airflow/dags/Lead_scoring_training_pipeline/constants.py
[2023-05-15T17:41:26.400+0530] {processor.py:811} WARNING - No viable dags retrieved from /run/media/feuer/LinuxDrive/ChromeDownloads/Assignment/airflow/dags/Lead_scoring_training_pipeline/constants.py
[2023-05-15T17:41:26.410+0530] {processor.py:178} INFO - Processing /run/media/feuer/LinuxDrive/ChromeDownloads/Assignment/airflow/dags/Lead_scoring_training_pipeline/constants.py took 0.016 seconds
[2023-05-15T17:42:21.833+0530] {processor.py:156} INFO - Started process (PID=22097) to work on /run/media/feuer/LinuxDrive/ChromeDownloads/Assignment/airflow/dags/Lead_scoring_training_pipeline/constants.py
[2023-05-15T17:42:21.842+0530] {processor.py:799} INFO - Processing file /run/media/feuer/LinuxDrive/ChromeDownloads/Assignment/airflow/dags/Lead_scoring_training_pipeline/constants.py for tasks to queue
[2023-05-15T17:42:21.843+0530] {logging_mixin.py:149} INFO - [2023-05-15T17:42:21.843+0530] {dagbag.py:541} INFO - Filling up the DagBag from /run/media/feuer/LinuxDrive/ChromeDownloads/Assignment/airflow/dags/Lead_scoring_training_pipeline/constants.py
[2023-05-15T17:42:21.844+0530] {processor.py:811} WARNING - No viable dags retrieved from /run/media/feuer/LinuxDrive/ChromeDownloads/Assignment/airflow/dags/Lead_scoring_training_pipeline/constants.py
[2023-05-15T17:42:21.854+0530] {processor.py:178} INFO - Processing /run/media/feuer/LinuxDrive/ChromeDownloads/Assignment/airflow/dags/Lead_scoring_training_pipeline/constants.py took 0.024 seconds
[2023-05-15T17:43:12.738+0530] {processor.py:156} INFO - Started process (PID=22283) to work on /run/media/feuer/LinuxDrive/ChromeDownloads/Assignment/airflow/dags/Lead_scoring_training_pipeline/constants.py
[2023-05-15T17:43:12.741+0530] {processor.py:799} INFO - Processing file /run/media/feuer/LinuxDrive/ChromeDownloads/Assignment/airflow/dags/Lead_scoring_training_pipeline/constants.py for tasks to queue
[2023-05-15T17:43:12.742+0530] {logging_mixin.py:149} INFO - [2023-05-15T17:43:12.742+0530] {dagbag.py:541} INFO - Filling up the DagBag from /run/media/feuer/LinuxDrive/ChromeDownloads/Assignment/airflow/dags/Lead_scoring_training_pipeline/constants.py
[2023-05-15T17:43:12.744+0530] {processor.py:811} WARNING - No viable dags retrieved from /run/media/feuer/LinuxDrive/ChromeDownloads/Assignment/airflow/dags/Lead_scoring_training_pipeline/constants.py
[2023-05-15T17:43:12.753+0530] {processor.py:178} INFO - Processing /run/media/feuer/LinuxDrive/ChromeDownloads/Assignment/airflow/dags/Lead_scoring_training_pipeline/constants.py took 0.018 seconds
[2023-05-15T17:44:07.822+0530] {processor.py:156} INFO - Started process (PID=22405) to work on /run/media/feuer/LinuxDrive/ChromeDownloads/Assignment/airflow/dags/Lead_scoring_training_pipeline/constants.py
[2023-05-15T17:44:07.823+0530] {processor.py:799} INFO - Processing file /run/media/feuer/LinuxDrive/ChromeDownloads/Assignment/airflow/dags/Lead_scoring_training_pipeline/constants.py for tasks to queue
[2023-05-15T17:44:07.823+0530] {logging_mixin.py:149} INFO - [2023-05-15T17:44:07.823+0530] {dagbag.py:541} INFO - Filling up the DagBag from /run/media/feuer/LinuxDrive/ChromeDownloads/Assignment/airflow/dags/Lead_scoring_training_pipeline/constants.py
[2023-05-15T17:44:07.824+0530] {processor.py:811} WARNING - No viable dags retrieved from /run/media/feuer/LinuxDrive/ChromeDownloads/Assignment/airflow/dags/Lead_scoring_training_pipeline/constants.py
[2023-05-15T17:44:07.831+0530] {processor.py:178} INFO - Processing /run/media/feuer/LinuxDrive/ChromeDownloads/Assignment/airflow/dags/Lead_scoring_training_pipeline/constants.py took 0.011 seconds
[2023-05-15T17:45:02.685+0530] {processor.py:156} INFO - Started process (PID=22530) to work on /run/media/feuer/LinuxDrive/ChromeDownloads/Assignment/airflow/dags/Lead_scoring_training_pipeline/constants.py
[2023-05-15T17:45:02.685+0530] {processor.py:799} INFO - Processing file /run/media/feuer/LinuxDrive/ChromeDownloads/Assignment/airflow/dags/Lead_scoring_training_pipeline/constants.py for tasks to queue
[2023-05-15T17:45:02.686+0530] {logging_mixin.py:149} INFO - [2023-05-15T17:45:02.686+0530] {dagbag.py:541} INFO - Filling up the DagBag from /run/media/feuer/LinuxDrive/ChromeDownloads/Assignment/airflow/dags/Lead_scoring_training_pipeline/constants.py
[2023-05-15T17:45:02.687+0530] {processor.py:811} WARNING - No viable dags retrieved from /run/media/feuer/LinuxDrive/ChromeDownloads/Assignment/airflow/dags/Lead_scoring_training_pipeline/constants.py
[2023-05-15T17:45:02.694+0530] {processor.py:178} INFO - Processing /run/media/feuer/LinuxDrive/ChromeDownloads/Assignment/airflow/dags/Lead_scoring_training_pipeline/constants.py took 0.012 seconds
[2023-05-15T17:45:57.191+0530] {processor.py:156} INFO - Started process (PID=22663) to work on /run/media/feuer/LinuxDrive/ChromeDownloads/Assignment/airflow/dags/Lead_scoring_training_pipeline/constants.py
[2023-05-15T17:45:57.199+0530] {processor.py:799} INFO - Processing file /run/media/feuer/LinuxDrive/ChromeDownloads/Assignment/airflow/dags/Lead_scoring_training_pipeline/constants.py for tasks to queue
[2023-05-15T17:45:57.200+0530] {logging_mixin.py:149} INFO - [2023-05-15T17:45:57.200+0530] {dagbag.py:541} INFO - Filling up the DagBag from /run/media/feuer/LinuxDrive/ChromeDownloads/Assignment/airflow/dags/Lead_scoring_training_pipeline/constants.py
[2023-05-15T17:45:57.202+0530] {processor.py:811} WARNING - No viable dags retrieved from /run/media/feuer/LinuxDrive/ChromeDownloads/Assignment/airflow/dags/Lead_scoring_training_pipeline/constants.py
[2023-05-15T17:45:57.212+0530] {processor.py:178} INFO - Processing /run/media/feuer/LinuxDrive/ChromeDownloads/Assignment/airflow/dags/Lead_scoring_training_pipeline/constants.py took 0.024 seconds
[2023-05-15T17:46:51.917+0530] {processor.py:156} INFO - Started process (PID=22770) to work on /run/media/feuer/LinuxDrive/ChromeDownloads/Assignment/airflow/dags/Lead_scoring_training_pipeline/constants.py
[2023-05-15T17:46:51.932+0530] {processor.py:799} INFO - Processing file /run/media/feuer/LinuxDrive/ChromeDownloads/Assignment/airflow/dags/Lead_scoring_training_pipeline/constants.py for tasks to queue
[2023-05-15T17:46:51.932+0530] {logging_mixin.py:149} INFO - [2023-05-15T17:46:51.932+0530] {dagbag.py:541} INFO - Filling up the DagBag from /run/media/feuer/LinuxDrive/ChromeDownloads/Assignment/airflow/dags/Lead_scoring_training_pipeline/constants.py
[2023-05-15T17:46:51.933+0530] {processor.py:811} WARNING - No viable dags retrieved from /run/media/feuer/LinuxDrive/ChromeDownloads/Assignment/airflow/dags/Lead_scoring_training_pipeline/constants.py
[2023-05-15T17:46:51.939+0530] {processor.py:178} INFO - Processing /run/media/feuer/LinuxDrive/ChromeDownloads/Assignment/airflow/dags/Lead_scoring_training_pipeline/constants.py took 0.025 seconds
