[2023-05-15T17:40:17.594+0530] {processor.py:156} INFO - Started process (PID=21629) to work on /run/media/feuer/LinuxDrive/ChromeDownloads/Assignment/airflow/dags/Lead_scoring_training_pipeline/lead_scoring_training_pipeline.py
[2023-05-15T17:40:17.594+0530] {processor.py:799} INFO - Processing file /run/media/feuer/LinuxDrive/ChromeDownloads/Assignment/airflow/dags/Lead_scoring_training_pipeline/lead_scoring_training_pipeline.py for tasks to queue
[2023-05-15T17:40:17.595+0530] {logging_mixin.py:149} INFO - [2023-05-15T17:40:17.595+0530] {dagbag.py:541} INFO - Filling up the DagBag from /run/media/feuer/LinuxDrive/ChromeDownloads/Assignment/airflow/dags/Lead_scoring_training_pipeline/lead_scoring_training_pipeline.py
[2023-05-15T17:40:22.441+0530] {processor.py:809} INFO - DAG(s) dict_keys(['Lead_scoring_mlflow_production']) retrieved from /run/media/feuer/LinuxDrive/ChromeDownloads/Assignment/airflow/dags/Lead_scoring_training_pipeline/lead_scoring_training_pipeline.py
[2023-05-15T17:40:22.503+0530] {logging_mixin.py:149} INFO - [2023-05-15T17:40:22.502+0530] {dag.py:2726} INFO - Sync 1 DAGs
[2023-05-15T17:40:22.515+0530] {logging_mixin.py:149} INFO - [2023-05-15T17:40:22.515+0530] {dag.py:3486} INFO - Setting next_dagrun for Lead_scoring_mlflow_production to 2023-05-01T00:00:00+00:00, run_after=2023-06-01T00:00:00+00:00
[2023-05-15T17:40:22.683+0530] {processor.py:178} INFO - Processing /run/media/feuer/LinuxDrive/ChromeDownloads/Assignment/airflow/dags/Lead_scoring_training_pipeline/lead_scoring_training_pipeline.py took 5.092 seconds
[2023-05-15T17:40:55.660+0530] {processor.py:156} INFO - Started process (PID=21844) to work on /run/media/feuer/LinuxDrive/ChromeDownloads/Assignment/airflow/dags/Lead_scoring_training_pipeline/lead_scoring_training_pipeline.py
[2023-05-15T17:40:55.674+0530] {processor.py:799} INFO - Processing file /run/media/feuer/LinuxDrive/ChromeDownloads/Assignment/airflow/dags/Lead_scoring_training_pipeline/lead_scoring_training_pipeline.py for tasks to queue
[2023-05-15T17:40:55.674+0530] {logging_mixin.py:149} INFO - [2023-05-15T17:40:55.674+0530] {dagbag.py:541} INFO - Filling up the DagBag from /run/media/feuer/LinuxDrive/ChromeDownloads/Assignment/airflow/dags/Lead_scoring_training_pipeline/lead_scoring_training_pipeline.py
[2023-05-15T17:40:58.157+0530] {processor.py:809} INFO - DAG(s) dict_keys(['Lead_scoring_mlflow_production']) retrieved from /run/media/feuer/LinuxDrive/ChromeDownloads/Assignment/airflow/dags/Lead_scoring_training_pipeline/lead_scoring_training_pipeline.py
[2023-05-15T17:40:58.173+0530] {logging_mixin.py:149} INFO - [2023-05-15T17:40:58.173+0530] {dag.py:2726} INFO - Sync 1 DAGs
[2023-05-15T17:40:58.194+0530] {logging_mixin.py:149} INFO - [2023-05-15T17:40:58.194+0530] {dag.py:3486} INFO - Setting next_dagrun for Lead_scoring_mlflow_production to 2023-05-01T00:00:00+00:00, run_after=2023-06-01T00:00:00+00:00
[2023-05-15T17:40:58.337+0530] {processor.py:178} INFO - Processing /run/media/feuer/LinuxDrive/ChromeDownloads/Assignment/airflow/dags/Lead_scoring_training_pipeline/lead_scoring_training_pipeline.py took 2.679 seconds
[2023-05-15T17:41:53.916+0530] {processor.py:156} INFO - Started process (PID=22038) to work on /run/media/feuer/LinuxDrive/ChromeDownloads/Assignment/airflow/dags/Lead_scoring_training_pipeline/lead_scoring_training_pipeline.py
[2023-05-15T17:41:53.921+0530] {processor.py:799} INFO - Processing file /run/media/feuer/LinuxDrive/ChromeDownloads/Assignment/airflow/dags/Lead_scoring_training_pipeline/lead_scoring_training_pipeline.py for tasks to queue
[2023-05-15T17:41:53.921+0530] {logging_mixin.py:149} INFO - [2023-05-15T17:41:53.921+0530] {dagbag.py:541} INFO - Filling up the DagBag from /run/media/feuer/LinuxDrive/ChromeDownloads/Assignment/airflow/dags/Lead_scoring_training_pipeline/lead_scoring_training_pipeline.py
[2023-05-15T17:41:56.614+0530] {processor.py:809} INFO - DAG(s) dict_keys(['Lead_scoring_mlflow_production']) retrieved from /run/media/feuer/LinuxDrive/ChromeDownloads/Assignment/airflow/dags/Lead_scoring_training_pipeline/lead_scoring_training_pipeline.py
[2023-05-15T17:41:56.647+0530] {logging_mixin.py:149} INFO - [2023-05-15T17:41:56.647+0530] {dag.py:2726} INFO - Sync 1 DAGs
[2023-05-15T17:41:56.674+0530] {logging_mixin.py:149} INFO - [2023-05-15T17:41:56.674+0530] {dag.py:3486} INFO - Setting next_dagrun for Lead_scoring_mlflow_production to 2023-05-01T00:00:00+00:00, run_after=2023-06-01T00:00:00+00:00
[2023-05-15T17:41:56.824+0530] {processor.py:178} INFO - Processing /run/media/feuer/LinuxDrive/ChromeDownloads/Assignment/airflow/dags/Lead_scoring_training_pipeline/lead_scoring_training_pipeline.py took 2.911 seconds
[2023-05-15T17:42:48.146+0530] {processor.py:156} INFO - Started process (PID=22228) to work on /run/media/feuer/LinuxDrive/ChromeDownloads/Assignment/airflow/dags/Lead_scoring_training_pipeline/lead_scoring_training_pipeline.py
[2023-05-15T17:42:48.146+0530] {processor.py:799} INFO - Processing file /run/media/feuer/LinuxDrive/ChromeDownloads/Assignment/airflow/dags/Lead_scoring_training_pipeline/lead_scoring_training_pipeline.py for tasks to queue
[2023-05-15T17:42:48.147+0530] {logging_mixin.py:149} INFO - [2023-05-15T17:42:48.147+0530] {dagbag.py:541} INFO - Filling up the DagBag from /run/media/feuer/LinuxDrive/ChromeDownloads/Assignment/airflow/dags/Lead_scoring_training_pipeline/lead_scoring_training_pipeline.py
[2023-05-15T17:42:49.929+0530] {processor.py:809} INFO - DAG(s) dict_keys(['Lead_scoring_mlflow_production']) retrieved from /run/media/feuer/LinuxDrive/ChromeDownloads/Assignment/airflow/dags/Lead_scoring_training_pipeline/lead_scoring_training_pipeline.py
[2023-05-15T17:42:49.937+0530] {logging_mixin.py:149} INFO - [2023-05-15T17:42:49.937+0530] {dag.py:2726} INFO - Sync 1 DAGs
[2023-05-15T17:42:49.949+0530] {logging_mixin.py:149} INFO - [2023-05-15T17:42:49.949+0530] {dag.py:3486} INFO - Setting next_dagrun for Lead_scoring_mlflow_production to 2023-05-01T00:00:00+00:00, run_after=2023-06-01T00:00:00+00:00
[2023-05-15T17:42:50.087+0530] {processor.py:178} INFO - Processing /run/media/feuer/LinuxDrive/ChromeDownloads/Assignment/airflow/dags/Lead_scoring_training_pipeline/lead_scoring_training_pipeline.py took 1.944 seconds
[2023-05-15T17:43:40.287+0530] {processor.py:156} INFO - Started process (PID=22345) to work on /run/media/feuer/LinuxDrive/ChromeDownloads/Assignment/airflow/dags/Lead_scoring_training_pipeline/lead_scoring_training_pipeline.py
[2023-05-15T17:43:40.296+0530] {processor.py:799} INFO - Processing file /run/media/feuer/LinuxDrive/ChromeDownloads/Assignment/airflow/dags/Lead_scoring_training_pipeline/lead_scoring_training_pipeline.py for tasks to queue
[2023-05-15T17:43:40.297+0530] {logging_mixin.py:149} INFO - [2023-05-15T17:43:40.297+0530] {dagbag.py:541} INFO - Filling up the DagBag from /run/media/feuer/LinuxDrive/ChromeDownloads/Assignment/airflow/dags/Lead_scoring_training_pipeline/lead_scoring_training_pipeline.py
[2023-05-15T17:43:41.266+0530] {processor.py:809} INFO - DAG(s) dict_keys(['Lead_scoring_mlflow_production']) retrieved from /run/media/feuer/LinuxDrive/ChromeDownloads/Assignment/airflow/dags/Lead_scoring_training_pipeline/lead_scoring_training_pipeline.py
[2023-05-15T17:43:41.274+0530] {logging_mixin.py:149} INFO - [2023-05-15T17:43:41.274+0530] {dag.py:2726} INFO - Sync 1 DAGs
[2023-05-15T17:43:41.286+0530] {logging_mixin.py:149} INFO - [2023-05-15T17:43:41.285+0530] {dag.py:3486} INFO - Setting next_dagrun for Lead_scoring_mlflow_production to 2023-05-01T00:00:00+00:00, run_after=2023-06-01T00:00:00+00:00
[2023-05-15T17:43:41.347+0530] {processor.py:178} INFO - Processing /run/media/feuer/LinuxDrive/ChromeDownloads/Assignment/airflow/dags/Lead_scoring_training_pipeline/lead_scoring_training_pipeline.py took 1.063 seconds
[2023-05-15T17:44:34.672+0530] {processor.py:156} INFO - Started process (PID=22482) to work on /run/media/feuer/LinuxDrive/ChromeDownloads/Assignment/airflow/dags/Lead_scoring_training_pipeline/lead_scoring_training_pipeline.py
[2023-05-15T17:44:34.685+0530] {processor.py:799} INFO - Processing file /run/media/feuer/LinuxDrive/ChromeDownloads/Assignment/airflow/dags/Lead_scoring_training_pipeline/lead_scoring_training_pipeline.py for tasks to queue
[2023-05-15T17:44:34.686+0530] {logging_mixin.py:149} INFO - [2023-05-15T17:44:34.686+0530] {dagbag.py:541} INFO - Filling up the DagBag from /run/media/feuer/LinuxDrive/ChromeDownloads/Assignment/airflow/dags/Lead_scoring_training_pipeline/lead_scoring_training_pipeline.py
[2023-05-15T17:44:35.931+0530] {processor.py:809} INFO - DAG(s) dict_keys(['Lead_scoring_mlflow_production']) retrieved from /run/media/feuer/LinuxDrive/ChromeDownloads/Assignment/airflow/dags/Lead_scoring_training_pipeline/lead_scoring_training_pipeline.py
[2023-05-15T17:44:35.941+0530] {logging_mixin.py:149} INFO - [2023-05-15T17:44:35.940+0530] {dag.py:2726} INFO - Sync 1 DAGs
[2023-05-15T17:44:36.016+0530] {logging_mixin.py:149} INFO - [2023-05-15T17:44:36.015+0530] {dag.py:3486} INFO - Setting next_dagrun for Lead_scoring_mlflow_production to 2023-05-01T00:00:00+00:00, run_after=2023-06-01T00:00:00+00:00
[2023-05-15T17:44:36.099+0530] {processor.py:178} INFO - Processing /run/media/feuer/LinuxDrive/ChromeDownloads/Assignment/airflow/dags/Lead_scoring_training_pipeline/lead_scoring_training_pipeline.py took 1.429 seconds
[2023-05-15T17:45:29.784+0530] {processor.py:156} INFO - Started process (PID=22592) to work on /run/media/feuer/LinuxDrive/ChromeDownloads/Assignment/airflow/dags/Lead_scoring_training_pipeline/lead_scoring_training_pipeline.py
[2023-05-15T17:45:29.785+0530] {processor.py:799} INFO - Processing file /run/media/feuer/LinuxDrive/ChromeDownloads/Assignment/airflow/dags/Lead_scoring_training_pipeline/lead_scoring_training_pipeline.py for tasks to queue
[2023-05-15T17:45:29.785+0530] {logging_mixin.py:149} INFO - [2023-05-15T17:45:29.785+0530] {dagbag.py:541} INFO - Filling up the DagBag from /run/media/feuer/LinuxDrive/ChromeDownloads/Assignment/airflow/dags/Lead_scoring_training_pipeline/lead_scoring_training_pipeline.py
[2023-05-15T17:45:30.867+0530] {processor.py:809} INFO - DAG(s) dict_keys(['Lead_scoring_mlflow_production']) retrieved from /run/media/feuer/LinuxDrive/ChromeDownloads/Assignment/airflow/dags/Lead_scoring_training_pipeline/lead_scoring_training_pipeline.py
[2023-05-15T17:45:30.876+0530] {logging_mixin.py:149} INFO - [2023-05-15T17:45:30.875+0530] {dag.py:2726} INFO - Sync 1 DAGs
[2023-05-15T17:45:30.917+0530] {logging_mixin.py:149} INFO - [2023-05-15T17:45:30.917+0530] {dag.py:3486} INFO - Setting next_dagrun for Lead_scoring_mlflow_production to 2023-05-01T00:00:00+00:00, run_after=2023-06-01T00:00:00+00:00
[2023-05-15T17:45:30.994+0530] {processor.py:178} INFO - Processing /run/media/feuer/LinuxDrive/ChromeDownloads/Assignment/airflow/dags/Lead_scoring_training_pipeline/lead_scoring_training_pipeline.py took 1.213 seconds
[2023-05-15T17:46:24.243+0530] {processor.py:156} INFO - Started process (PID=22724) to work on /run/media/feuer/LinuxDrive/ChromeDownloads/Assignment/airflow/dags/Lead_scoring_training_pipeline/lead_scoring_training_pipeline.py
[2023-05-15T17:46:24.244+0530] {processor.py:799} INFO - Processing file /run/media/feuer/LinuxDrive/ChromeDownloads/Assignment/airflow/dags/Lead_scoring_training_pipeline/lead_scoring_training_pipeline.py for tasks to queue
[2023-05-15T17:46:24.244+0530] {logging_mixin.py:149} INFO - [2023-05-15T17:46:24.244+0530] {dagbag.py:541} INFO - Filling up the DagBag from /run/media/feuer/LinuxDrive/ChromeDownloads/Assignment/airflow/dags/Lead_scoring_training_pipeline/lead_scoring_training_pipeline.py
[2023-05-15T17:46:25.310+0530] {processor.py:809} INFO - DAG(s) dict_keys(['Lead_scoring_mlflow_production']) retrieved from /run/media/feuer/LinuxDrive/ChromeDownloads/Assignment/airflow/dags/Lead_scoring_training_pipeline/lead_scoring_training_pipeline.py
[2023-05-15T17:46:25.318+0530] {logging_mixin.py:149} INFO - [2023-05-15T17:46:25.318+0530] {dag.py:2726} INFO - Sync 1 DAGs
[2023-05-15T17:46:25.329+0530] {logging_mixin.py:149} INFO - [2023-05-15T17:46:25.329+0530] {dag.py:3486} INFO - Setting next_dagrun for Lead_scoring_mlflow_production to 2023-05-01T00:00:00+00:00, run_after=2023-06-01T00:00:00+00:00
[2023-05-15T17:46:25.420+0530] {processor.py:178} INFO - Processing /run/media/feuer/LinuxDrive/ChromeDownloads/Assignment/airflow/dags/Lead_scoring_training_pipeline/lead_scoring_training_pipeline.py took 1.180 seconds
[2023-05-15T17:47:17.380+0530] {processor.py:156} INFO - Started process (PID=22843) to work on /run/media/feuer/LinuxDrive/ChromeDownloads/Assignment/airflow/dags/Lead_scoring_training_pipeline/lead_scoring_training_pipeline.py
[2023-05-15T17:47:17.380+0530] {processor.py:799} INFO - Processing file /run/media/feuer/LinuxDrive/ChromeDownloads/Assignment/airflow/dags/Lead_scoring_training_pipeline/lead_scoring_training_pipeline.py for tasks to queue
[2023-05-15T17:47:17.380+0530] {logging_mixin.py:149} INFO - [2023-05-15T17:47:17.380+0530] {dagbag.py:541} INFO - Filling up the DagBag from /run/media/feuer/LinuxDrive/ChromeDownloads/Assignment/airflow/dags/Lead_scoring_training_pipeline/lead_scoring_training_pipeline.py
[2023-05-15T17:47:19.364+0530] {processor.py:809} INFO - DAG(s) dict_keys(['Lead_scoring_mlflow_production']) retrieved from /run/media/feuer/LinuxDrive/ChromeDownloads/Assignment/airflow/dags/Lead_scoring_training_pipeline/lead_scoring_training_pipeline.py
[2023-05-15T17:47:19.431+0530] {logging_mixin.py:149} INFO - [2023-05-15T17:47:19.431+0530] {dag.py:2726} INFO - Sync 1 DAGs
[2023-05-15T17:47:19.452+0530] {logging_mixin.py:149} INFO - [2023-05-15T17:47:19.452+0530] {dag.py:3486} INFO - Setting next_dagrun for Lead_scoring_mlflow_production to 2023-05-01T00:00:00+00:00, run_after=2023-06-01T00:00:00+00:00
[2023-05-15T17:47:19.604+0530] {processor.py:178} INFO - Processing /run/media/feuer/LinuxDrive/ChromeDownloads/Assignment/airflow/dags/Lead_scoring_training_pipeline/lead_scoring_training_pipeline.py took 2.227 seconds
