[2023-05-14T16:31:35.777+0530] {processor.py:156} INFO - Started process (PID=12264) to work on /home/feuer/.local/lib/python3.10/site-packages/airflow/example_dags/plugins/workday.py
[2023-05-14T16:31:35.777+0530] {processor.py:799} INFO - Processing file /home/feuer/.local/lib/python3.10/site-packages/airflow/example_dags/plugins/workday.py for tasks to queue
[2023-05-14T16:31:35.778+0530] {logging_mixin.py:149} INFO - [2023-05-14T16:31:35.778+0530] {dagbag.py:541} INFO - Filling up the DagBag from /home/feuer/.local/lib/python3.10/site-packages/airflow/example_dags/plugins/workday.py
[2023-05-14T16:31:36.040+0530] {processor.py:811} WARNING - No viable dags retrieved from /home/feuer/.local/lib/python3.10/site-packages/airflow/example_dags/plugins/workday.py
[2023-05-14T16:31:36.045+0530] {processor.py:178} INFO - Processing /home/feuer/.local/lib/python3.10/site-packages/airflow/example_dags/plugins/workday.py took 0.270 seconds
[2023-05-14T16:32:46.517+0530] {processor.py:156} INFO - Started process (PID=12510) to work on /home/feuer/.local/lib/python3.10/site-packages/airflow/example_dags/plugins/workday.py
[2023-05-14T16:32:46.524+0530] {processor.py:799} INFO - Processing file /home/feuer/.local/lib/python3.10/site-packages/airflow/example_dags/plugins/workday.py for tasks to queue
[2023-05-14T16:32:46.524+0530] {logging_mixin.py:149} INFO - [2023-05-14T16:32:46.524+0530] {dagbag.py:541} INFO - Filling up the DagBag from /home/feuer/.local/lib/python3.10/site-packages/airflow/example_dags/plugins/workday.py
[2023-05-14T16:32:46.772+0530] {processor.py:811} WARNING - No viable dags retrieved from /home/feuer/.local/lib/python3.10/site-packages/airflow/example_dags/plugins/workday.py
[2023-05-14T16:32:46.777+0530] {processor.py:178} INFO - Processing /home/feuer/.local/lib/python3.10/site-packages/airflow/example_dags/plugins/workday.py took 0.263 seconds
[2023-05-14T16:33:35.580+0530] {processor.py:156} INFO - Started process (PID=12608) to work on /home/feuer/.local/lib/python3.10/site-packages/airflow/example_dags/plugins/workday.py
[2023-05-14T16:33:35.581+0530] {processor.py:799} INFO - Processing file /home/feuer/.local/lib/python3.10/site-packages/airflow/example_dags/plugins/workday.py for tasks to queue
[2023-05-14T16:33:35.582+0530] {logging_mixin.py:149} INFO - [2023-05-14T16:33:35.582+0530] {dagbag.py:541} INFO - Filling up the DagBag from /home/feuer/.local/lib/python3.10/site-packages/airflow/example_dags/plugins/workday.py
[2023-05-14T16:33:35.821+0530] {processor.py:811} WARNING - No viable dags retrieved from /home/feuer/.local/lib/python3.10/site-packages/airflow/example_dags/plugins/workday.py
[2023-05-14T16:33:35.826+0530] {processor.py:178} INFO - Processing /home/feuer/.local/lib/python3.10/site-packages/airflow/example_dags/plugins/workday.py took 0.248 seconds
[2023-05-14T16:35:26.700+0530] {processor.py:156} INFO - Started process (PID=12904) to work on /home/feuer/.local/lib/python3.10/site-packages/airflow/example_dags/plugins/workday.py
[2023-05-14T16:35:26.716+0530] {processor.py:799} INFO - Processing file /home/feuer/.local/lib/python3.10/site-packages/airflow/example_dags/plugins/workday.py for tasks to queue
[2023-05-14T16:35:26.716+0530] {logging_mixin.py:149} INFO - [2023-05-14T16:35:26.716+0530] {dagbag.py:541} INFO - Filling up the DagBag from /home/feuer/.local/lib/python3.10/site-packages/airflow/example_dags/plugins/workday.py
[2023-05-14T16:35:26.980+0530] {processor.py:811} WARNING - No viable dags retrieved from /home/feuer/.local/lib/python3.10/site-packages/airflow/example_dags/plugins/workday.py
[2023-05-14T16:35:26.985+0530] {processor.py:178} INFO - Processing /home/feuer/.local/lib/python3.10/site-packages/airflow/example_dags/plugins/workday.py took 0.287 seconds
[2023-05-14T16:36:25.362+0530] {processor.py:156} INFO - Started process (PID=13096) to work on /home/feuer/.local/lib/python3.10/site-packages/airflow/example_dags/plugins/workday.py
[2023-05-14T16:36:25.371+0530] {processor.py:799} INFO - Processing file /home/feuer/.local/lib/python3.10/site-packages/airflow/example_dags/plugins/workday.py for tasks to queue
[2023-05-14T16:36:25.372+0530] {logging_mixin.py:149} INFO - [2023-05-14T16:36:25.371+0530] {dagbag.py:541} INFO - Filling up the DagBag from /home/feuer/.local/lib/python3.10/site-packages/airflow/example_dags/plugins/workday.py
[2023-05-14T16:36:25.630+0530] {processor.py:811} WARNING - No viable dags retrieved from /home/feuer/.local/lib/python3.10/site-packages/airflow/example_dags/plugins/workday.py
[2023-05-14T16:36:25.635+0530] {processor.py:178} INFO - Processing /home/feuer/.local/lib/python3.10/site-packages/airflow/example_dags/plugins/workday.py took 0.276 seconds
