[2023-05-15T17:39:52.531+0530] {processor.py:156} INFO - Started process (PID=21592) to work on /home/feuer/.local/lib/python3.10/site-packages/airflow/example_dags/example_sensor_decorator.py
[2023-05-15T17:39:52.531+0530] {processor.py:799} INFO - Processing file /home/feuer/.local/lib/python3.10/site-packages/airflow/example_dags/example_sensor_decorator.py for tasks to queue
[2023-05-15T17:39:52.532+0530] {logging_mixin.py:149} INFO - [2023-05-15T17:39:52.532+0530] {dagbag.py:541} INFO - Filling up the DagBag from /home/feuer/.local/lib/python3.10/site-packages/airflow/example_dags/example_sensor_decorator.py
[2023-05-15T17:39:52.548+0530] {processor.py:809} INFO - DAG(s) dict_keys(['example_sensor_decorator']) retrieved from /home/feuer/.local/lib/python3.10/site-packages/airflow/example_dags/example_sensor_decorator.py
[2023-05-15T17:39:52.597+0530] {logging_mixin.py:149} INFO - [2023-05-15T17:39:52.597+0530] {dag.py:2726} INFO - Sync 1 DAGs
[2023-05-15T17:39:52.618+0530] {logging_mixin.py:149} INFO - [2023-05-15T17:39:52.618+0530] {dag.py:3486} INFO - Setting next_dagrun for example_sensor_decorator to None, run_after=None
[2023-05-15T17:39:52.853+0530] {processor.py:178} INFO - Processing /home/feuer/.local/lib/python3.10/site-packages/airflow/example_dags/example_sensor_decorator.py took 0.326 seconds
[2023-05-15T17:41:03.404+0530] {processor.py:156} INFO - Started process (PID=21879) to work on /home/feuer/.local/lib/python3.10/site-packages/airflow/example_dags/example_sensor_decorator.py
[2023-05-15T17:41:03.541+0530] {processor.py:799} INFO - Processing file /home/feuer/.local/lib/python3.10/site-packages/airflow/example_dags/example_sensor_decorator.py for tasks to queue
[2023-05-15T17:41:03.542+0530] {logging_mixin.py:149} INFO - [2023-05-15T17:41:03.542+0530] {dagbag.py:541} INFO - Filling up the DagBag from /home/feuer/.local/lib/python3.10/site-packages/airflow/example_dags/example_sensor_decorator.py
[2023-05-15T17:41:03.562+0530] {processor.py:809} INFO - DAG(s) dict_keys(['example_sensor_decorator']) retrieved from /home/feuer/.local/lib/python3.10/site-packages/airflow/example_dags/example_sensor_decorator.py
[2023-05-15T17:41:03.581+0530] {logging_mixin.py:149} INFO - [2023-05-15T17:41:03.581+0530] {dag.py:2726} INFO - Sync 1 DAGs
[2023-05-15T17:41:03.601+0530] {logging_mixin.py:149} INFO - [2023-05-15T17:41:03.601+0530] {dag.py:3486} INFO - Setting next_dagrun for example_sensor_decorator to None, run_after=None
[2023-05-15T17:41:03.936+0530] {processor.py:178} INFO - Processing /home/feuer/.local/lib/python3.10/site-packages/airflow/example_dags/example_sensor_decorator.py took 0.535 seconds
[2023-05-15T17:42:02.049+0530] {processor.py:156} INFO - Started process (PID=22079) to work on /home/feuer/.local/lib/python3.10/site-packages/airflow/example_dags/example_sensor_decorator.py
[2023-05-15T17:42:02.063+0530] {processor.py:799} INFO - Processing file /home/feuer/.local/lib/python3.10/site-packages/airflow/example_dags/example_sensor_decorator.py for tasks to queue
[2023-05-15T17:42:02.064+0530] {logging_mixin.py:149} INFO - [2023-05-15T17:42:02.064+0530] {dagbag.py:541} INFO - Filling up the DagBag from /home/feuer/.local/lib/python3.10/site-packages/airflow/example_dags/example_sensor_decorator.py
[2023-05-15T17:42:02.070+0530] {processor.py:809} INFO - DAG(s) dict_keys(['example_sensor_decorator']) retrieved from /home/feuer/.local/lib/python3.10/site-packages/airflow/example_dags/example_sensor_decorator.py
[2023-05-15T17:42:02.088+0530] {logging_mixin.py:149} INFO - [2023-05-15T17:42:02.088+0530] {dag.py:2726} INFO - Sync 1 DAGs
[2023-05-15T17:42:02.107+0530] {logging_mixin.py:149} INFO - [2023-05-15T17:42:02.107+0530] {dag.py:3486} INFO - Setting next_dagrun for example_sensor_decorator to None, run_after=None
[2023-05-15T17:42:02.191+0530] {processor.py:178} INFO - Processing /home/feuer/.local/lib/python3.10/site-packages/airflow/example_dags/example_sensor_decorator.py took 0.144 seconds
[2023-05-15T17:42:55.322+0530] {processor.py:156} INFO - Started process (PID=22261) to work on /home/feuer/.local/lib/python3.10/site-packages/airflow/example_dags/example_sensor_decorator.py
[2023-05-15T17:42:55.336+0530] {processor.py:799} INFO - Processing file /home/feuer/.local/lib/python3.10/site-packages/airflow/example_dags/example_sensor_decorator.py for tasks to queue
[2023-05-15T17:42:55.336+0530] {logging_mixin.py:149} INFO - [2023-05-15T17:42:55.336+0530] {dagbag.py:541} INFO - Filling up the DagBag from /home/feuer/.local/lib/python3.10/site-packages/airflow/example_dags/example_sensor_decorator.py
[2023-05-15T17:42:55.343+0530] {processor.py:809} INFO - DAG(s) dict_keys(['example_sensor_decorator']) retrieved from /home/feuer/.local/lib/python3.10/site-packages/airflow/example_dags/example_sensor_decorator.py
[2023-05-15T17:42:55.364+0530] {logging_mixin.py:149} INFO - [2023-05-15T17:42:55.364+0530] {dag.py:2726} INFO - Sync 1 DAGs
[2023-05-15T17:42:55.388+0530] {logging_mixin.py:149} INFO - [2023-05-15T17:42:55.387+0530] {dag.py:3486} INFO - Setting next_dagrun for example_sensor_decorator to None, run_after=None
[2023-05-15T17:42:55.473+0530] {processor.py:178} INFO - Processing /home/feuer/.local/lib/python3.10/site-packages/airflow/example_dags/example_sensor_decorator.py took 0.154 seconds
[2023-05-15T17:43:48.041+0530] {processor.py:156} INFO - Started process (PID=22377) to work on /home/feuer/.local/lib/python3.10/site-packages/airflow/example_dags/example_sensor_decorator.py
[2023-05-15T17:43:48.049+0530] {processor.py:799} INFO - Processing file /home/feuer/.local/lib/python3.10/site-packages/airflow/example_dags/example_sensor_decorator.py for tasks to queue
[2023-05-15T17:43:48.050+0530] {logging_mixin.py:149} INFO - [2023-05-15T17:43:48.050+0530] {dagbag.py:541} INFO - Filling up the DagBag from /home/feuer/.local/lib/python3.10/site-packages/airflow/example_dags/example_sensor_decorator.py
[2023-05-15T17:43:48.055+0530] {processor.py:809} INFO - DAG(s) dict_keys(['example_sensor_decorator']) retrieved from /home/feuer/.local/lib/python3.10/site-packages/airflow/example_dags/example_sensor_decorator.py
[2023-05-15T17:43:48.068+0530] {logging_mixin.py:149} INFO - [2023-05-15T17:43:48.068+0530] {dag.py:2726} INFO - Sync 1 DAGs
[2023-05-15T17:43:48.079+0530] {logging_mixin.py:149} INFO - [2023-05-15T17:43:48.079+0530] {dag.py:3486} INFO - Setting next_dagrun for example_sensor_decorator to None, run_after=None
[2023-05-15T17:43:48.163+0530] {processor.py:178} INFO - Processing /home/feuer/.local/lib/python3.10/site-packages/airflow/example_dags/example_sensor_decorator.py took 0.125 seconds
[2023-05-15T17:44:43.441+0530] {processor.py:156} INFO - Started process (PID=22511) to work on /home/feuer/.local/lib/python3.10/site-packages/airflow/example_dags/example_sensor_decorator.py
[2023-05-15T17:44:43.446+0530] {processor.py:799} INFO - Processing file /home/feuer/.local/lib/python3.10/site-packages/airflow/example_dags/example_sensor_decorator.py for tasks to queue
[2023-05-15T17:44:43.447+0530] {logging_mixin.py:149} INFO - [2023-05-15T17:44:43.447+0530] {dagbag.py:541} INFO - Filling up the DagBag from /home/feuer/.local/lib/python3.10/site-packages/airflow/example_dags/example_sensor_decorator.py
[2023-05-15T17:44:43.450+0530] {processor.py:809} INFO - DAG(s) dict_keys(['example_sensor_decorator']) retrieved from /home/feuer/.local/lib/python3.10/site-packages/airflow/example_dags/example_sensor_decorator.py
[2023-05-15T17:44:43.462+0530] {logging_mixin.py:149} INFO - [2023-05-15T17:44:43.462+0530] {dag.py:2726} INFO - Sync 1 DAGs
[2023-05-15T17:44:43.472+0530] {logging_mixin.py:149} INFO - [2023-05-15T17:44:43.472+0530] {dag.py:3486} INFO - Setting next_dagrun for example_sensor_decorator to None, run_after=None
[2023-05-15T17:44:43.553+0530] {processor.py:178} INFO - Processing /home/feuer/.local/lib/python3.10/site-packages/airflow/example_dags/example_sensor_decorator.py took 0.114 seconds
[2023-05-15T17:45:36.937+0530] {processor.py:156} INFO - Started process (PID=22646) to work on /home/feuer/.local/lib/python3.10/site-packages/airflow/example_dags/example_sensor_decorator.py
[2023-05-15T17:45:36.943+0530] {processor.py:799} INFO - Processing file /home/feuer/.local/lib/python3.10/site-packages/airflow/example_dags/example_sensor_decorator.py for tasks to queue
[2023-05-15T17:45:36.944+0530] {logging_mixin.py:149} INFO - [2023-05-15T17:45:36.944+0530] {dagbag.py:541} INFO - Filling up the DagBag from /home/feuer/.local/lib/python3.10/site-packages/airflow/example_dags/example_sensor_decorator.py
[2023-05-15T17:45:36.949+0530] {processor.py:809} INFO - DAG(s) dict_keys(['example_sensor_decorator']) retrieved from /home/feuer/.local/lib/python3.10/site-packages/airflow/example_dags/example_sensor_decorator.py
[2023-05-15T17:45:36.960+0530] {logging_mixin.py:149} INFO - [2023-05-15T17:45:36.960+0530] {dag.py:2726} INFO - Sync 1 DAGs
[2023-05-15T17:45:36.970+0530] {logging_mixin.py:149} INFO - [2023-05-15T17:45:36.970+0530] {dag.py:3486} INFO - Setting next_dagrun for example_sensor_decorator to None, run_after=None
[2023-05-15T17:45:37.055+0530] {processor.py:178} INFO - Processing /home/feuer/.local/lib/python3.10/site-packages/airflow/example_dags/example_sensor_decorator.py took 0.121 seconds
[2023-05-15T17:46:31.640+0530] {processor.py:156} INFO - Started process (PID=22753) to work on /home/feuer/.local/lib/python3.10/site-packages/airflow/example_dags/example_sensor_decorator.py
[2023-05-15T17:46:31.656+0530] {processor.py:799} INFO - Processing file /home/feuer/.local/lib/python3.10/site-packages/airflow/example_dags/example_sensor_decorator.py for tasks to queue
[2023-05-15T17:46:31.657+0530] {logging_mixin.py:149} INFO - [2023-05-15T17:46:31.657+0530] {dagbag.py:541} INFO - Filling up the DagBag from /home/feuer/.local/lib/python3.10/site-packages/airflow/example_dags/example_sensor_decorator.py
[2023-05-15T17:46:31.660+0530] {processor.py:809} INFO - DAG(s) dict_keys(['example_sensor_decorator']) retrieved from /home/feuer/.local/lib/python3.10/site-packages/airflow/example_dags/example_sensor_decorator.py
[2023-05-15T17:46:31.671+0530] {logging_mixin.py:149} INFO - [2023-05-15T17:46:31.671+0530] {dag.py:2726} INFO - Sync 1 DAGs
[2023-05-15T17:46:31.682+0530] {logging_mixin.py:149} INFO - [2023-05-15T17:46:31.682+0530] {dag.py:3486} INFO - Setting next_dagrun for example_sensor_decorator to None, run_after=None
[2023-05-15T17:46:31.765+0530] {processor.py:178} INFO - Processing /home/feuer/.local/lib/python3.10/site-packages/airflow/example_dags/example_sensor_decorator.py took 0.127 seconds
[2023-05-15T17:47:26.162+0530] {processor.py:156} INFO - Started process (PID=22921) to work on /home/feuer/.local/lib/python3.10/site-packages/airflow/example_dags/example_sensor_decorator.py
[2023-05-15T17:47:26.163+0530] {processor.py:799} INFO - Processing file /home/feuer/.local/lib/python3.10/site-packages/airflow/example_dags/example_sensor_decorator.py for tasks to queue
[2023-05-15T17:47:26.164+0530] {logging_mixin.py:149} INFO - [2023-05-15T17:47:26.163+0530] {dagbag.py:541} INFO - Filling up the DagBag from /home/feuer/.local/lib/python3.10/site-packages/airflow/example_dags/example_sensor_decorator.py
[2023-05-15T17:47:26.171+0530] {processor.py:809} INFO - DAG(s) dict_keys(['example_sensor_decorator']) retrieved from /home/feuer/.local/lib/python3.10/site-packages/airflow/example_dags/example_sensor_decorator.py
[2023-05-15T17:47:26.194+0530] {logging_mixin.py:149} INFO - [2023-05-15T17:47:26.194+0530] {dag.py:2726} INFO - Sync 1 DAGs
[2023-05-15T17:47:26.211+0530] {logging_mixin.py:149} INFO - [2023-05-15T17:47:26.211+0530] {dag.py:3486} INFO - Setting next_dagrun for example_sensor_decorator to None, run_after=None
[2023-05-15T17:47:26.298+0530] {processor.py:178} INFO - Processing /home/feuer/.local/lib/python3.10/site-packages/airflow/example_dags/example_sensor_decorator.py took 0.140 seconds
