[2023-05-15T17:39:28.490+0530] {processor.py:156} INFO - Started process (PID=21526) to work on /home/feuer/.local/lib/python3.10/site-packages/airflow/example_dags/example_task_group_decorator.py
[2023-05-15T17:39:28.491+0530] {processor.py:799} INFO - Processing file /home/feuer/.local/lib/python3.10/site-packages/airflow/example_dags/example_task_group_decorator.py for tasks to queue
[2023-05-15T17:39:28.491+0530] {logging_mixin.py:149} INFO - [2023-05-15T17:39:28.491+0530] {dagbag.py:541} INFO - Filling up the DagBag from /home/feuer/.local/lib/python3.10/site-packages/airflow/example_dags/example_task_group_decorator.py
[2023-05-15T17:39:28.529+0530] {processor.py:809} INFO - DAG(s) dict_keys(['example_task_group_decorator']) retrieved from /home/feuer/.local/lib/python3.10/site-packages/airflow/example_dags/example_task_group_decorator.py
[2023-05-15T17:39:28.749+0530] {logging_mixin.py:149} INFO - [2023-05-15T17:39:28.749+0530] {dag.py:2726} INFO - Sync 1 DAGs
[2023-05-15T17:39:28.813+0530] {logging_mixin.py:149} INFO - [2023-05-15T17:39:28.813+0530] {dag.py:3486} INFO - Setting next_dagrun for example_task_group_decorator to 2023-05-14T12:09:28.813397+00:00, run_after=2023-05-15T12:09:28.813397+00:00
[2023-05-15T17:39:29.169+0530] {processor.py:178} INFO - Processing /home/feuer/.local/lib/python3.10/site-packages/airflow/example_dags/example_task_group_decorator.py took 0.680 seconds
[2023-05-15T17:40:32.840+0530] {processor.py:156} INFO - Started process (PID=21717) to work on /home/feuer/.local/lib/python3.10/site-packages/airflow/example_dags/example_task_group_decorator.py
[2023-05-15T17:40:32.846+0530] {processor.py:799} INFO - Processing file /home/feuer/.local/lib/python3.10/site-packages/airflow/example_dags/example_task_group_decorator.py for tasks to queue
[2023-05-15T17:40:32.847+0530] {logging_mixin.py:149} INFO - [2023-05-15T17:40:32.846+0530] {dagbag.py:541} INFO - Filling up the DagBag from /home/feuer/.local/lib/python3.10/site-packages/airflow/example_dags/example_task_group_decorator.py
[2023-05-15T17:40:32.926+0530] {processor.py:809} INFO - DAG(s) dict_keys(['example_task_group_decorator']) retrieved from /home/feuer/.local/lib/python3.10/site-packages/airflow/example_dags/example_task_group_decorator.py
[2023-05-15T17:40:32.982+0530] {logging_mixin.py:149} INFO - [2023-05-15T17:40:32.982+0530] {dag.py:2726} INFO - Sync 1 DAGs
[2023-05-15T17:40:33.004+0530] {logging_mixin.py:149} INFO - [2023-05-15T17:40:33.003+0530] {dag.py:3486} INFO - Setting next_dagrun for example_task_group_decorator to 2023-05-14T12:10:33.003640+00:00, run_after=2023-05-15T12:10:33.003640+00:00
[2023-05-15T17:40:33.154+0530] {processor.py:178} INFO - Processing /home/feuer/.local/lib/python3.10/site-packages/airflow/example_dags/example_task_group_decorator.py took 0.316 seconds
[2023-05-15T17:41:36.983+0530] {processor.py:156} INFO - Started process (PID=22021) to work on /home/feuer/.local/lib/python3.10/site-packages/airflow/example_dags/example_task_group_decorator.py
[2023-05-15T17:41:36.984+0530] {processor.py:799} INFO - Processing file /home/feuer/.local/lib/python3.10/site-packages/airflow/example_dags/example_task_group_decorator.py for tasks to queue
[2023-05-15T17:41:36.984+0530] {logging_mixin.py:149} INFO - [2023-05-15T17:41:36.984+0530] {dagbag.py:541} INFO - Filling up the DagBag from /home/feuer/.local/lib/python3.10/site-packages/airflow/example_dags/example_task_group_decorator.py
[2023-05-15T17:41:36.999+0530] {processor.py:809} INFO - DAG(s) dict_keys(['example_task_group_decorator']) retrieved from /home/feuer/.local/lib/python3.10/site-packages/airflow/example_dags/example_task_group_decorator.py
[2023-05-15T17:41:37.020+0530] {logging_mixin.py:149} INFO - [2023-05-15T17:41:37.020+0530] {dag.py:2726} INFO - Sync 1 DAGs
[2023-05-15T17:41:37.032+0530] {logging_mixin.py:149} INFO - [2023-05-15T17:41:37.032+0530] {dag.py:3486} INFO - Setting next_dagrun for example_task_group_decorator to 2023-05-14T12:11:37.032627+00:00, run_after=2023-05-15T12:11:37.032627+00:00
[2023-05-15T17:41:37.114+0530] {processor.py:178} INFO - Processing /home/feuer/.local/lib/python3.10/site-packages/airflow/example_dags/example_task_group_decorator.py took 0.134 seconds
[2023-05-15T17:42:30.488+0530] {processor.py:156} INFO - Started process (PID=22202) to work on /home/feuer/.local/lib/python3.10/site-packages/airflow/example_dags/example_task_group_decorator.py
[2023-05-15T17:42:30.489+0530] {processor.py:799} INFO - Processing file /home/feuer/.local/lib/python3.10/site-packages/airflow/example_dags/example_task_group_decorator.py for tasks to queue
[2023-05-15T17:42:30.490+0530] {logging_mixin.py:149} INFO - [2023-05-15T17:42:30.490+0530] {dagbag.py:541} INFO - Filling up the DagBag from /home/feuer/.local/lib/python3.10/site-packages/airflow/example_dags/example_task_group_decorator.py
[2023-05-15T17:42:30.505+0530] {processor.py:809} INFO - DAG(s) dict_keys(['example_task_group_decorator']) retrieved from /home/feuer/.local/lib/python3.10/site-packages/airflow/example_dags/example_task_group_decorator.py
[2023-05-15T17:42:30.546+0530] {logging_mixin.py:149} INFO - [2023-05-15T17:42:30.545+0530] {dag.py:2726} INFO - Sync 1 DAGs
[2023-05-15T17:42:30.568+0530] {logging_mixin.py:149} INFO - [2023-05-15T17:42:30.568+0530] {dag.py:3486} INFO - Setting next_dagrun for example_task_group_decorator to 2023-05-14T12:12:30.568314+00:00, run_after=2023-05-15T12:12:30.568314+00:00
[2023-05-15T17:42:30.644+0530] {processor.py:178} INFO - Processing /home/feuer/.local/lib/python3.10/site-packages/airflow/example_dags/example_task_group_decorator.py took 0.159 seconds
[2023-05-15T17:43:23.780+0530] {processor.py:156} INFO - Started process (PID=22329) to work on /home/feuer/.local/lib/python3.10/site-packages/airflow/example_dags/example_task_group_decorator.py
[2023-05-15T17:43:23.785+0530] {processor.py:799} INFO - Processing file /home/feuer/.local/lib/python3.10/site-packages/airflow/example_dags/example_task_group_decorator.py for tasks to queue
[2023-05-15T17:43:23.785+0530] {logging_mixin.py:149} INFO - [2023-05-15T17:43:23.785+0530] {dagbag.py:541} INFO - Filling up the DagBag from /home/feuer/.local/lib/python3.10/site-packages/airflow/example_dags/example_task_group_decorator.py
[2023-05-15T17:43:23.800+0530] {processor.py:809} INFO - DAG(s) dict_keys(['example_task_group_decorator']) retrieved from /home/feuer/.local/lib/python3.10/site-packages/airflow/example_dags/example_task_group_decorator.py
[2023-05-15T17:43:23.826+0530] {logging_mixin.py:149} INFO - [2023-05-15T17:43:23.826+0530] {dag.py:2726} INFO - Sync 1 DAGs
[2023-05-15T17:43:23.839+0530] {logging_mixin.py:149} INFO - [2023-05-15T17:43:23.839+0530] {dag.py:3486} INFO - Setting next_dagrun for example_task_group_decorator to 2023-05-14T12:13:23.839415+00:00, run_after=2023-05-15T12:13:23.839415+00:00
[2023-05-15T17:43:23.924+0530] {processor.py:178} INFO - Processing /home/feuer/.local/lib/python3.10/site-packages/airflow/example_dags/example_task_group_decorator.py took 0.148 seconds
[2023-05-15T17:44:17.342+0530] {processor.py:156} INFO - Started process (PID=22467) to work on /home/feuer/.local/lib/python3.10/site-packages/airflow/example_dags/example_task_group_decorator.py
[2023-05-15T17:44:17.357+0530] {processor.py:799} INFO - Processing file /home/feuer/.local/lib/python3.10/site-packages/airflow/example_dags/example_task_group_decorator.py for tasks to queue
[2023-05-15T17:44:17.358+0530] {logging_mixin.py:149} INFO - [2023-05-15T17:44:17.358+0530] {dagbag.py:541} INFO - Filling up the DagBag from /home/feuer/.local/lib/python3.10/site-packages/airflow/example_dags/example_task_group_decorator.py
[2023-05-15T17:44:17.374+0530] {processor.py:809} INFO - DAG(s) dict_keys(['example_task_group_decorator']) retrieved from /home/feuer/.local/lib/python3.10/site-packages/airflow/example_dags/example_task_group_decorator.py
[2023-05-15T17:44:17.400+0530] {logging_mixin.py:149} INFO - [2023-05-15T17:44:17.400+0530] {dag.py:2726} INFO - Sync 1 DAGs
[2023-05-15T17:44:17.416+0530] {logging_mixin.py:149} INFO - [2023-05-15T17:44:17.416+0530] {dag.py:3486} INFO - Setting next_dagrun for example_task_group_decorator to 2023-05-14T12:14:17.416056+00:00, run_after=2023-05-15T12:14:17.416056+00:00
[2023-05-15T17:44:17.507+0530] {processor.py:178} INFO - Processing /home/feuer/.local/lib/python3.10/site-packages/airflow/example_dags/example_task_group_decorator.py took 0.169 seconds
[2023-05-15T17:45:12.826+0530] {processor.py:156} INFO - Started process (PID=22575) to work on /home/feuer/.local/lib/python3.10/site-packages/airflow/example_dags/example_task_group_decorator.py
[2023-05-15T17:45:12.842+0530] {processor.py:799} INFO - Processing file /home/feuer/.local/lib/python3.10/site-packages/airflow/example_dags/example_task_group_decorator.py for tasks to queue
[2023-05-15T17:45:12.843+0530] {logging_mixin.py:149} INFO - [2023-05-15T17:45:12.843+0530] {dagbag.py:541} INFO - Filling up the DagBag from /home/feuer/.local/lib/python3.10/site-packages/airflow/example_dags/example_task_group_decorator.py
[2023-05-15T17:45:12.854+0530] {processor.py:809} INFO - DAG(s) dict_keys(['example_task_group_decorator']) retrieved from /home/feuer/.local/lib/python3.10/site-packages/airflow/example_dags/example_task_group_decorator.py
[2023-05-15T17:45:12.869+0530] {logging_mixin.py:149} INFO - [2023-05-15T17:45:12.869+0530] {dag.py:2726} INFO - Sync 1 DAGs
[2023-05-15T17:45:12.880+0530] {logging_mixin.py:149} INFO - [2023-05-15T17:45:12.880+0530] {dag.py:3486} INFO - Setting next_dagrun for example_task_group_decorator to 2023-05-14T12:15:12.879882+00:00, run_after=2023-05-15T12:15:12.879882+00:00
[2023-05-15T17:45:12.963+0530] {processor.py:178} INFO - Processing /home/feuer/.local/lib/python3.10/site-packages/airflow/example_dags/example_task_group_decorator.py took 0.139 seconds
[2023-05-15T17:46:06.759+0530] {processor.py:156} INFO - Started process (PID=22708) to work on /home/feuer/.local/lib/python3.10/site-packages/airflow/example_dags/example_task_group_decorator.py
[2023-05-15T17:46:06.760+0530] {processor.py:799} INFO - Processing file /home/feuer/.local/lib/python3.10/site-packages/airflow/example_dags/example_task_group_decorator.py for tasks to queue
[2023-05-15T17:46:06.761+0530] {logging_mixin.py:149} INFO - [2023-05-15T17:46:06.760+0530] {dagbag.py:541} INFO - Filling up the DagBag from /home/feuer/.local/lib/python3.10/site-packages/airflow/example_dags/example_task_group_decorator.py
[2023-05-15T17:46:06.769+0530] {processor.py:809} INFO - DAG(s) dict_keys(['example_task_group_decorator']) retrieved from /home/feuer/.local/lib/python3.10/site-packages/airflow/example_dags/example_task_group_decorator.py
[2023-05-15T17:46:06.793+0530] {logging_mixin.py:149} INFO - [2023-05-15T17:46:06.793+0530] {dag.py:2726} INFO - Sync 1 DAGs
[2023-05-15T17:46:06.804+0530] {logging_mixin.py:149} INFO - [2023-05-15T17:46:06.804+0530] {dag.py:3486} INFO - Setting next_dagrun for example_task_group_decorator to 2023-05-14T12:16:06.803864+00:00, run_after=2023-05-15T12:16:06.803864+00:00
[2023-05-15T17:46:06.926+0530] {processor.py:178} INFO - Processing /home/feuer/.local/lib/python3.10/site-packages/airflow/example_dags/example_task_group_decorator.py took 0.168 seconds
[2023-05-15T17:47:02.130+0530] {processor.py:156} INFO - Started process (PID=22815) to work on /home/feuer/.local/lib/python3.10/site-packages/airflow/example_dags/example_task_group_decorator.py
[2023-05-15T17:47:02.145+0530] {processor.py:799} INFO - Processing file /home/feuer/.local/lib/python3.10/site-packages/airflow/example_dags/example_task_group_decorator.py for tasks to queue
[2023-05-15T17:47:02.145+0530] {logging_mixin.py:149} INFO - [2023-05-15T17:47:02.145+0530] {dagbag.py:541} INFO - Filling up the DagBag from /home/feuer/.local/lib/python3.10/site-packages/airflow/example_dags/example_task_group_decorator.py
[2023-05-15T17:47:02.154+0530] {processor.py:809} INFO - DAG(s) dict_keys(['example_task_group_decorator']) retrieved from /home/feuer/.local/lib/python3.10/site-packages/airflow/example_dags/example_task_group_decorator.py
[2023-05-15T17:47:02.170+0530] {logging_mixin.py:149} INFO - [2023-05-15T17:47:02.170+0530] {dag.py:2726} INFO - Sync 1 DAGs
[2023-05-15T17:47:02.182+0530] {logging_mixin.py:149} INFO - [2023-05-15T17:47:02.182+0530] {dag.py:3486} INFO - Setting next_dagrun for example_task_group_decorator to 2023-05-14T12:17:02.181857+00:00, run_after=2023-05-15T12:17:02.181857+00:00
[2023-05-15T17:47:02.264+0530] {processor.py:178} INFO - Processing /home/feuer/.local/lib/python3.10/site-packages/airflow/example_dags/example_task_group_decorator.py took 0.137 seconds
