[2023-05-15T17:40:03.381+0530] {processor.py:156} INFO - Started process (PID=21616) to work on /home/feuer/.local/lib/python3.10/site-packages/airflow/example_dags/example_params_ui_tutorial.py
[2023-05-15T17:40:03.382+0530] {processor.py:799} INFO - Processing file /home/feuer/.local/lib/python3.10/site-packages/airflow/example_dags/example_params_ui_tutorial.py for tasks to queue
[2023-05-15T17:40:03.382+0530] {logging_mixin.py:149} INFO - [2023-05-15T17:40:03.382+0530] {dagbag.py:541} INFO - Filling up the DagBag from /home/feuer/.local/lib/python3.10/site-packages/airflow/example_dags/example_params_ui_tutorial.py
[2023-05-15T17:40:03.451+0530] {processor.py:809} INFO - DAG(s) dict_keys(['example_params_ui_tutorial']) retrieved from /home/feuer/.local/lib/python3.10/site-packages/airflow/example_dags/example_params_ui_tutorial.py
[2023-05-15T17:40:03.510+0530] {logging_mixin.py:149} INFO - [2023-05-15T17:40:03.510+0530] {dag.py:2726} INFO - Sync 1 DAGs
[2023-05-15T17:40:03.520+0530] {logging_mixin.py:149} INFO - [2023-05-15T17:40:03.520+0530] {dag.py:3486} INFO - Setting next_dagrun for example_params_ui_tutorial to None, run_after=None
[2023-05-15T17:40:03.602+0530] {processor.py:178} INFO - Processing /home/feuer/.local/lib/python3.10/site-packages/airflow/example_dags/example_params_ui_tutorial.py took 0.224 seconds
[2023-05-15T17:41:14.300+0530] {processor.py:156} INFO - Started process (PID=21896) to work on /home/feuer/.local/lib/python3.10/site-packages/airflow/example_dags/example_params_ui_tutorial.py
[2023-05-15T17:41:14.321+0530] {processor.py:799} INFO - Processing file /home/feuer/.local/lib/python3.10/site-packages/airflow/example_dags/example_params_ui_tutorial.py for tasks to queue
[2023-05-15T17:41:14.322+0530] {logging_mixin.py:149} INFO - [2023-05-15T17:41:14.322+0530] {dagbag.py:541} INFO - Filling up the DagBag from /home/feuer/.local/lib/python3.10/site-packages/airflow/example_dags/example_params_ui_tutorial.py
[2023-05-15T17:41:14.398+0530] {processor.py:809} INFO - DAG(s) dict_keys(['example_params_ui_tutorial']) retrieved from /home/feuer/.local/lib/python3.10/site-packages/airflow/example_dags/example_params_ui_tutorial.py
[2023-05-15T17:41:14.448+0530] {logging_mixin.py:149} INFO - [2023-05-15T17:41:14.448+0530] {dag.py:2726} INFO - Sync 1 DAGs
[2023-05-15T17:41:14.459+0530] {logging_mixin.py:149} INFO - [2023-05-15T17:41:14.459+0530] {dag.py:3486} INFO - Setting next_dagrun for example_params_ui_tutorial to None, run_after=None
[2023-05-15T17:41:14.626+0530] {processor.py:178} INFO - Processing /home/feuer/.local/lib/python3.10/site-packages/airflow/example_dags/example_params_ui_tutorial.py took 0.329 seconds
[2023-05-15T17:42:12.637+0530] {processor.py:156} INFO - Started process (PID=22089) to work on /home/feuer/.local/lib/python3.10/site-packages/airflow/example_dags/example_params_ui_tutorial.py
[2023-05-15T17:42:12.638+0530] {processor.py:799} INFO - Processing file /home/feuer/.local/lib/python3.10/site-packages/airflow/example_dags/example_params_ui_tutorial.py for tasks to queue
[2023-05-15T17:42:12.638+0530] {logging_mixin.py:149} INFO - [2023-05-15T17:42:12.638+0530] {dagbag.py:541} INFO - Filling up the DagBag from /home/feuer/.local/lib/python3.10/site-packages/airflow/example_dags/example_params_ui_tutorial.py
[2023-05-15T17:42:12.706+0530] {processor.py:809} INFO - DAG(s) dict_keys(['example_params_ui_tutorial']) retrieved from /home/feuer/.local/lib/python3.10/site-packages/airflow/example_dags/example_params_ui_tutorial.py
[2023-05-15T17:42:12.747+0530] {logging_mixin.py:149} INFO - [2023-05-15T17:42:12.747+0530] {dag.py:2726} INFO - Sync 1 DAGs
[2023-05-15T17:42:12.758+0530] {logging_mixin.py:149} INFO - [2023-05-15T17:42:12.758+0530] {dag.py:3486} INFO - Setting next_dagrun for example_params_ui_tutorial to None, run_after=None
[2023-05-15T17:42:12.972+0530] {processor.py:178} INFO - Processing /home/feuer/.local/lib/python3.10/site-packages/airflow/example_dags/example_params_ui_tutorial.py took 0.338 seconds
[2023-05-15T17:43:06.046+0530] {processor.py:156} INFO - Started process (PID=22276) to work on /home/feuer/.local/lib/python3.10/site-packages/airflow/example_dags/example_params_ui_tutorial.py
[2023-05-15T17:43:06.047+0530] {processor.py:799} INFO - Processing file /home/feuer/.local/lib/python3.10/site-packages/airflow/example_dags/example_params_ui_tutorial.py for tasks to queue
[2023-05-15T17:43:06.048+0530] {logging_mixin.py:149} INFO - [2023-05-15T17:43:06.048+0530] {dagbag.py:541} INFO - Filling up the DagBag from /home/feuer/.local/lib/python3.10/site-packages/airflow/example_dags/example_params_ui_tutorial.py
[2023-05-15T17:43:06.090+0530] {processor.py:809} INFO - DAG(s) dict_keys(['example_params_ui_tutorial']) retrieved from /home/feuer/.local/lib/python3.10/site-packages/airflow/example_dags/example_params_ui_tutorial.py
[2023-05-15T17:43:06.128+0530] {logging_mixin.py:149} INFO - [2023-05-15T17:43:06.128+0530] {dag.py:2726} INFO - Sync 1 DAGs
[2023-05-15T17:43:06.138+0530] {logging_mixin.py:149} INFO - [2023-05-15T17:43:06.138+0530] {dag.py:3486} INFO - Setting next_dagrun for example_params_ui_tutorial to None, run_after=None
[2023-05-15T17:43:06.216+0530] {processor.py:178} INFO - Processing /home/feuer/.local/lib/python3.10/site-packages/airflow/example_dags/example_params_ui_tutorial.py took 0.173 seconds
[2023-05-15T17:43:58.295+0530] {processor.py:156} INFO - Started process (PID=22397) to work on /home/feuer/.local/lib/python3.10/site-packages/airflow/example_dags/example_params_ui_tutorial.py
[2023-05-15T17:43:58.300+0530] {processor.py:799} INFO - Processing file /home/feuer/.local/lib/python3.10/site-packages/airflow/example_dags/example_params_ui_tutorial.py for tasks to queue
[2023-05-15T17:43:58.300+0530] {logging_mixin.py:149} INFO - [2023-05-15T17:43:58.300+0530] {dagbag.py:541} INFO - Filling up the DagBag from /home/feuer/.local/lib/python3.10/site-packages/airflow/example_dags/example_params_ui_tutorial.py
[2023-05-15T17:43:58.325+0530] {processor.py:809} INFO - DAG(s) dict_keys(['example_params_ui_tutorial']) retrieved from /home/feuer/.local/lib/python3.10/site-packages/airflow/example_dags/example_params_ui_tutorial.py
[2023-05-15T17:43:58.363+0530] {logging_mixin.py:149} INFO - [2023-05-15T17:43:58.362+0530] {dag.py:2726} INFO - Sync 1 DAGs
[2023-05-15T17:43:58.373+0530] {logging_mixin.py:149} INFO - [2023-05-15T17:43:58.373+0530] {dag.py:3486} INFO - Setting next_dagrun for example_params_ui_tutorial to None, run_after=None
[2023-05-15T17:43:58.445+0530] {processor.py:178} INFO - Processing /home/feuer/.local/lib/python3.10/site-packages/airflow/example_dags/example_params_ui_tutorial.py took 0.153 seconds
[2023-05-15T17:44:54.927+0530] {processor.py:156} INFO - Started process (PID=22522) to work on /home/feuer/.local/lib/python3.10/site-packages/airflow/example_dags/example_params_ui_tutorial.py
[2023-05-15T17:44:54.927+0530] {processor.py:799} INFO - Processing file /home/feuer/.local/lib/python3.10/site-packages/airflow/example_dags/example_params_ui_tutorial.py for tasks to queue
[2023-05-15T17:44:54.928+0530] {logging_mixin.py:149} INFO - [2023-05-15T17:44:54.928+0530] {dagbag.py:541} INFO - Filling up the DagBag from /home/feuer/.local/lib/python3.10/site-packages/airflow/example_dags/example_params_ui_tutorial.py
[2023-05-15T17:44:54.962+0530] {processor.py:809} INFO - DAG(s) dict_keys(['example_params_ui_tutorial']) retrieved from /home/feuer/.local/lib/python3.10/site-packages/airflow/example_dags/example_params_ui_tutorial.py
[2023-05-15T17:44:55.001+0530] {logging_mixin.py:149} INFO - [2023-05-15T17:44:55.001+0530] {dag.py:2726} INFO - Sync 1 DAGs
[2023-05-15T17:44:55.012+0530] {logging_mixin.py:149} INFO - [2023-05-15T17:44:55.012+0530] {dag.py:3486} INFO - Setting next_dagrun for example_params_ui_tutorial to None, run_after=None
[2023-05-15T17:44:55.086+0530] {processor.py:178} INFO - Processing /home/feuer/.local/lib/python3.10/site-packages/airflow/example_dags/example_params_ui_tutorial.py took 0.162 seconds
[2023-05-15T17:45:48.490+0530] {processor.py:156} INFO - Started process (PID=22656) to work on /home/feuer/.local/lib/python3.10/site-packages/airflow/example_dags/example_params_ui_tutorial.py
[2023-05-15T17:45:48.490+0530] {processor.py:799} INFO - Processing file /home/feuer/.local/lib/python3.10/site-packages/airflow/example_dags/example_params_ui_tutorial.py for tasks to queue
[2023-05-15T17:45:48.491+0530] {logging_mixin.py:149} INFO - [2023-05-15T17:45:48.491+0530] {dagbag.py:541} INFO - Filling up the DagBag from /home/feuer/.local/lib/python3.10/site-packages/airflow/example_dags/example_params_ui_tutorial.py
[2023-05-15T17:45:48.525+0530] {processor.py:809} INFO - DAG(s) dict_keys(['example_params_ui_tutorial']) retrieved from /home/feuer/.local/lib/python3.10/site-packages/airflow/example_dags/example_params_ui_tutorial.py
[2023-05-15T17:45:48.565+0530] {logging_mixin.py:149} INFO - [2023-05-15T17:45:48.565+0530] {dag.py:2726} INFO - Sync 1 DAGs
[2023-05-15T17:45:48.577+0530] {logging_mixin.py:149} INFO - [2023-05-15T17:45:48.577+0530] {dag.py:3486} INFO - Setting next_dagrun for example_params_ui_tutorial to None, run_after=None
[2023-05-15T17:45:48.652+0530] {processor.py:178} INFO - Processing /home/feuer/.local/lib/python3.10/site-packages/airflow/example_dags/example_params_ui_tutorial.py took 0.164 seconds
[2023-05-15T17:46:43.099+0530] {processor.py:156} INFO - Started process (PID=22763) to work on /home/feuer/.local/lib/python3.10/site-packages/airflow/example_dags/example_params_ui_tutorial.py
[2023-05-15T17:46:43.115+0530] {processor.py:799} INFO - Processing file /home/feuer/.local/lib/python3.10/site-packages/airflow/example_dags/example_params_ui_tutorial.py for tasks to queue
[2023-05-15T17:46:43.116+0530] {logging_mixin.py:149} INFO - [2023-05-15T17:46:43.116+0530] {dagbag.py:541} INFO - Filling up the DagBag from /home/feuer/.local/lib/python3.10/site-packages/airflow/example_dags/example_params_ui_tutorial.py
[2023-05-15T17:46:43.139+0530] {processor.py:809} INFO - DAG(s) dict_keys(['example_params_ui_tutorial']) retrieved from /home/feuer/.local/lib/python3.10/site-packages/airflow/example_dags/example_params_ui_tutorial.py
[2023-05-15T17:46:43.177+0530] {logging_mixin.py:149} INFO - [2023-05-15T17:46:43.177+0530] {dag.py:2726} INFO - Sync 1 DAGs
[2023-05-15T17:46:43.187+0530] {logging_mixin.py:149} INFO - [2023-05-15T17:46:43.187+0530] {dag.py:3486} INFO - Setting next_dagrun for example_params_ui_tutorial to None, run_after=None
[2023-05-15T17:46:43.262+0530] {processor.py:178} INFO - Processing /home/feuer/.local/lib/python3.10/site-packages/airflow/example_dags/example_params_ui_tutorial.py took 0.165 seconds
[2023-05-15T23:10:25.629+0530] {processor.py:156} INFO - Started process (PID=23311) to work on /home/feuer/.local/lib/python3.10/site-packages/airflow/example_dags/example_params_ui_tutorial.py
[2023-05-15T23:10:25.642+0530] {processor.py:799} INFO - Processing file /home/feuer/.local/lib/python3.10/site-packages/airflow/example_dags/example_params_ui_tutorial.py for tasks to queue
[2023-05-15T23:10:25.642+0530] {logging_mixin.py:149} INFO - [2023-05-15T23:10:25.642+0530] {dagbag.py:541} INFO - Filling up the DagBag from /home/feuer/.local/lib/python3.10/site-packages/airflow/example_dags/example_params_ui_tutorial.py
[2023-05-15T23:10:25.672+0530] {processor.py:809} INFO - DAG(s) dict_keys(['example_params_ui_tutorial']) retrieved from /home/feuer/.local/lib/python3.10/site-packages/airflow/example_dags/example_params_ui_tutorial.py
[2023-05-15T23:10:25.710+0530] {logging_mixin.py:149} INFO - [2023-05-15T23:10:25.709+0530] {dag.py:2726} INFO - Sync 1 DAGs
[2023-05-15T23:10:25.720+0530] {logging_mixin.py:149} INFO - [2023-05-15T23:10:25.720+0530] {dag.py:3486} INFO - Setting next_dagrun for example_params_ui_tutorial to None, run_after=None
[2023-05-15T23:10:25.961+0530] {processor.py:178} INFO - Processing /home/feuer/.local/lib/python3.10/site-packages/airflow/example_dags/example_params_ui_tutorial.py took 0.336 seconds
