[2023-05-15T17:40:53.005+0530] {processor.py:156} INFO - Started process (PID=21834) to work on /home/feuer/.local/lib/python3.10/site-packages/airflow/example_dags/example_branch_datetime_operator.py
[2023-05-15T17:40:53.006+0530] {processor.py:799} INFO - Processing file /home/feuer/.local/lib/python3.10/site-packages/airflow/example_dags/example_branch_datetime_operator.py for tasks to queue
[2023-05-15T17:40:53.007+0530] {logging_mixin.py:149} INFO - [2023-05-15T17:40:53.007+0530] {dagbag.py:541} INFO - Filling up the DagBag from /home/feuer/.local/lib/python3.10/site-packages/airflow/example_dags/example_branch_datetime_operator.py
[2023-05-15T17:40:53.017+0530] {processor.py:809} INFO - DAG(s) dict_keys(['example_branch_datetime_operator', 'example_branch_datetime_operator_3', 'example_branch_datetime_operator_2']) retrieved from /home/feuer/.local/lib/python3.10/site-packages/airflow/example_dags/example_branch_datetime_operator.py
[2023-05-15T17:40:53.063+0530] {logging_mixin.py:149} INFO - [2023-05-15T17:40:53.063+0530] {dag.py:2726} INFO - Sync 3 DAGs
[2023-05-15T17:40:53.085+0530] {logging_mixin.py:149} INFO - [2023-05-15T17:40:53.085+0530] {dag.py:3486} INFO - Setting next_dagrun for example_branch_datetime_operator to 2023-05-14T00:00:00+00:00, run_after=2023-05-15T00:00:00+00:00
[2023-05-15T17:40:53.090+0530] {logging_mixin.py:149} INFO - [2023-05-15T17:40:53.090+0530] {dag.py:3486} INFO - Setting next_dagrun for example_branch_datetime_operator_2 to 2023-05-14T00:00:00+00:00, run_after=2023-05-15T00:00:00+00:00
[2023-05-15T17:40:53.093+0530] {logging_mixin.py:149} INFO - [2023-05-15T17:40:53.093+0530] {dag.py:3486} INFO - Setting next_dagrun for example_branch_datetime_operator_3 to 2023-05-14T00:00:00+00:00, run_after=2023-05-15T00:00:00+00:00
[2023-05-15T17:40:53.186+0530] {processor.py:178} INFO - Processing /home/feuer/.local/lib/python3.10/site-packages/airflow/example_dags/example_branch_datetime_operator.py took 0.184 seconds
[2023-05-15T17:41:52.702+0530] {processor.py:156} INFO - Started process (PID=22036) to work on /home/feuer/.local/lib/python3.10/site-packages/airflow/example_dags/example_branch_datetime_operator.py
[2023-05-15T17:41:52.714+0530] {processor.py:799} INFO - Processing file /home/feuer/.local/lib/python3.10/site-packages/airflow/example_dags/example_branch_datetime_operator.py for tasks to queue
[2023-05-15T17:41:52.715+0530] {logging_mixin.py:149} INFO - [2023-05-15T17:41:52.714+0530] {dagbag.py:541} INFO - Filling up the DagBag from /home/feuer/.local/lib/python3.10/site-packages/airflow/example_dags/example_branch_datetime_operator.py
[2023-05-15T17:41:52.727+0530] {processor.py:809} INFO - DAG(s) dict_keys(['example_branch_datetime_operator', 'example_branch_datetime_operator_3', 'example_branch_datetime_operator_2']) retrieved from /home/feuer/.local/lib/python3.10/site-packages/airflow/example_dags/example_branch_datetime_operator.py
[2023-05-15T17:41:52.760+0530] {logging_mixin.py:149} INFO - [2023-05-15T17:41:52.759+0530] {dag.py:2726} INFO - Sync 3 DAGs
[2023-05-15T17:41:52.780+0530] {logging_mixin.py:149} INFO - [2023-05-15T17:41:52.780+0530] {dag.py:3486} INFO - Setting next_dagrun for example_branch_datetime_operator to 2023-05-14T00:00:00+00:00, run_after=2023-05-15T00:00:00+00:00
[2023-05-15T17:41:52.784+0530] {logging_mixin.py:149} INFO - [2023-05-15T17:41:52.783+0530] {dag.py:3486} INFO - Setting next_dagrun for example_branch_datetime_operator_2 to 2023-05-14T00:00:00+00:00, run_after=2023-05-15T00:00:00+00:00
[2023-05-15T17:41:52.786+0530] {logging_mixin.py:149} INFO - [2023-05-15T17:41:52.785+0530] {dag.py:3486} INFO - Setting next_dagrun for example_branch_datetime_operator_3 to 2023-05-14T00:00:00+00:00, run_after=2023-05-15T00:00:00+00:00
[2023-05-15T17:41:52.864+0530] {processor.py:178} INFO - Processing /home/feuer/.local/lib/python3.10/site-packages/airflow/example_dags/example_branch_datetime_operator.py took 0.165 seconds
[2023-05-15T17:43:11.355+0530] {processor.py:156} INFO - Started process (PID=22282) to work on /home/feuer/.local/lib/python3.10/site-packages/airflow/example_dags/example_branch_datetime_operator.py
[2023-05-15T17:43:11.368+0530] {processor.py:799} INFO - Processing file /home/feuer/.local/lib/python3.10/site-packages/airflow/example_dags/example_branch_datetime_operator.py for tasks to queue
[2023-05-15T17:43:11.368+0530] {logging_mixin.py:149} INFO - [2023-05-15T17:43:11.368+0530] {dagbag.py:541} INFO - Filling up the DagBag from /home/feuer/.local/lib/python3.10/site-packages/airflow/example_dags/example_branch_datetime_operator.py
[2023-05-15T17:43:11.392+0530] {processor.py:809} INFO - DAG(s) dict_keys(['example_branch_datetime_operator_3', 'example_branch_datetime_operator_2', 'example_branch_datetime_operator']) retrieved from /home/feuer/.local/lib/python3.10/site-packages/airflow/example_dags/example_branch_datetime_operator.py
[2023-05-15T17:43:11.422+0530] {logging_mixin.py:149} INFO - [2023-05-15T17:43:11.422+0530] {dag.py:2726} INFO - Sync 3 DAGs
[2023-05-15T17:43:11.446+0530] {logging_mixin.py:149} INFO - [2023-05-15T17:43:11.445+0530] {dag.py:3486} INFO - Setting next_dagrun for example_branch_datetime_operator to 2023-05-14T00:00:00+00:00, run_after=2023-05-15T00:00:00+00:00
[2023-05-15T17:43:11.449+0530] {logging_mixin.py:149} INFO - [2023-05-15T17:43:11.449+0530] {dag.py:3486} INFO - Setting next_dagrun for example_branch_datetime_operator_2 to 2023-05-14T00:00:00+00:00, run_after=2023-05-15T00:00:00+00:00
[2023-05-15T17:43:11.450+0530] {logging_mixin.py:149} INFO - [2023-05-15T17:43:11.450+0530] {dag.py:3486} INFO - Setting next_dagrun for example_branch_datetime_operator_3 to 2023-05-14T00:00:00+00:00, run_after=2023-05-15T00:00:00+00:00
[2023-05-15T17:43:11.542+0530] {processor.py:178} INFO - Processing /home/feuer/.local/lib/python3.10/site-packages/airflow/example_dags/example_branch_datetime_operator.py took 0.190 seconds
[2023-05-15T17:44:33.431+0530] {processor.py:156} INFO - Started process (PID=22481) to work on /home/feuer/.local/lib/python3.10/site-packages/airflow/example_dags/example_branch_datetime_operator.py
[2023-05-15T17:44:33.431+0530] {processor.py:799} INFO - Processing file /home/feuer/.local/lib/python3.10/site-packages/airflow/example_dags/example_branch_datetime_operator.py for tasks to queue
[2023-05-15T17:44:33.432+0530] {logging_mixin.py:149} INFO - [2023-05-15T17:44:33.432+0530] {dagbag.py:541} INFO - Filling up the DagBag from /home/feuer/.local/lib/python3.10/site-packages/airflow/example_dags/example_branch_datetime_operator.py
[2023-05-15T17:44:33.442+0530] {processor.py:809} INFO - DAG(s) dict_keys(['example_branch_datetime_operator', 'example_branch_datetime_operator_2', 'example_branch_datetime_operator_3']) retrieved from /home/feuer/.local/lib/python3.10/site-packages/airflow/example_dags/example_branch_datetime_operator.py
[2023-05-15T17:44:33.461+0530] {logging_mixin.py:149} INFO - [2023-05-15T17:44:33.461+0530] {dag.py:2726} INFO - Sync 3 DAGs
[2023-05-15T17:44:33.473+0530] {logging_mixin.py:149} INFO - [2023-05-15T17:44:33.473+0530] {dag.py:3486} INFO - Setting next_dagrun for example_branch_datetime_operator to 2023-05-14T00:00:00+00:00, run_after=2023-05-15T00:00:00+00:00
[2023-05-15T17:44:33.476+0530] {logging_mixin.py:149} INFO - [2023-05-15T17:44:33.476+0530] {dag.py:3486} INFO - Setting next_dagrun for example_branch_datetime_operator_2 to 2023-05-14T00:00:00+00:00, run_after=2023-05-15T00:00:00+00:00
[2023-05-15T17:44:33.477+0530] {logging_mixin.py:149} INFO - [2023-05-15T17:44:33.477+0530] {dag.py:3486} INFO - Setting next_dagrun for example_branch_datetime_operator_3 to 2023-05-14T00:00:00+00:00, run_after=2023-05-15T00:00:00+00:00
[2023-05-15T17:44:33.563+0530] {processor.py:178} INFO - Processing /home/feuer/.local/lib/python3.10/site-packages/airflow/example_dags/example_branch_datetime_operator.py took 0.135 seconds
[2023-05-15T17:45:55.947+0530] {processor.py:156} INFO - Started process (PID=22662) to work on /home/feuer/.local/lib/python3.10/site-packages/airflow/example_dags/example_branch_datetime_operator.py
[2023-05-15T17:45:55.958+0530] {processor.py:799} INFO - Processing file /home/feuer/.local/lib/python3.10/site-packages/airflow/example_dags/example_branch_datetime_operator.py for tasks to queue
[2023-05-15T17:45:55.959+0530] {logging_mixin.py:149} INFO - [2023-05-15T17:45:55.959+0530] {dagbag.py:541} INFO - Filling up the DagBag from /home/feuer/.local/lib/python3.10/site-packages/airflow/example_dags/example_branch_datetime_operator.py
[2023-05-15T17:45:55.969+0530] {processor.py:809} INFO - DAG(s) dict_keys(['example_branch_datetime_operator', 'example_branch_datetime_operator_2', 'example_branch_datetime_operator_3']) retrieved from /home/feuer/.local/lib/python3.10/site-packages/airflow/example_dags/example_branch_datetime_operator.py
[2023-05-15T17:45:56.008+0530] {logging_mixin.py:149} INFO - [2023-05-15T17:45:56.008+0530] {dag.py:2726} INFO - Sync 3 DAGs
[2023-05-15T17:45:56.030+0530] {logging_mixin.py:149} INFO - [2023-05-15T17:45:56.030+0530] {dag.py:3486} INFO - Setting next_dagrun for example_branch_datetime_operator to 2023-05-14T00:00:00+00:00, run_after=2023-05-15T00:00:00+00:00
[2023-05-15T17:45:56.035+0530] {logging_mixin.py:149} INFO - [2023-05-15T17:45:56.035+0530] {dag.py:3486} INFO - Setting next_dagrun for example_branch_datetime_operator_2 to 2023-05-14T00:00:00+00:00, run_after=2023-05-15T00:00:00+00:00
[2023-05-15T17:45:56.037+0530] {logging_mixin.py:149} INFO - [2023-05-15T17:45:56.037+0530] {dag.py:3486} INFO - Setting next_dagrun for example_branch_datetime_operator_3 to 2023-05-14T00:00:00+00:00, run_after=2023-05-15T00:00:00+00:00
[2023-05-15T17:45:56.129+0530] {processor.py:178} INFO - Processing /home/feuer/.local/lib/python3.10/site-packages/airflow/example_dags/example_branch_datetime_operator.py took 0.185 seconds
[2023-05-15T17:47:16.867+0530] {processor.py:156} INFO - Started process (PID=22834) to work on /home/feuer/.local/lib/python3.10/site-packages/airflow/example_dags/example_branch_datetime_operator.py
[2023-05-15T17:47:16.889+0530] {processor.py:799} INFO - Processing file /home/feuer/.local/lib/python3.10/site-packages/airflow/example_dags/example_branch_datetime_operator.py for tasks to queue
[2023-05-15T17:47:16.890+0530] {logging_mixin.py:149} INFO - [2023-05-15T17:47:16.890+0530] {dagbag.py:541} INFO - Filling up the DagBag from /home/feuer/.local/lib/python3.10/site-packages/airflow/example_dags/example_branch_datetime_operator.py
[2023-05-15T17:47:16.901+0530] {processor.py:809} INFO - DAG(s) dict_keys(['example_branch_datetime_operator', 'example_branch_datetime_operator_2', 'example_branch_datetime_operator_3']) retrieved from /home/feuer/.local/lib/python3.10/site-packages/airflow/example_dags/example_branch_datetime_operator.py
[2023-05-15T17:47:16.937+0530] {logging_mixin.py:149} INFO - [2023-05-15T17:47:16.937+0530] {dag.py:2726} INFO - Sync 3 DAGs
[2023-05-15T17:47:16.957+0530] {logging_mixin.py:149} INFO - [2023-05-15T17:47:16.956+0530] {dag.py:3486} INFO - Setting next_dagrun for example_branch_datetime_operator to 2023-05-14T00:00:00+00:00, run_after=2023-05-15T00:00:00+00:00
[2023-05-15T17:47:16.960+0530] {logging_mixin.py:149} INFO - [2023-05-15T17:47:16.960+0530] {dag.py:3486} INFO - Setting next_dagrun for example_branch_datetime_operator_2 to 2023-05-14T00:00:00+00:00, run_after=2023-05-15T00:00:00+00:00
[2023-05-15T17:47:16.963+0530] {logging_mixin.py:149} INFO - [2023-05-15T17:47:16.963+0530] {dag.py:3486} INFO - Setting next_dagrun for example_branch_datetime_operator_3 to 2023-05-14T00:00:00+00:00, run_after=2023-05-15T00:00:00+00:00
[2023-05-15T17:47:17.122+0530] {processor.py:178} INFO - Processing /home/feuer/.local/lib/python3.10/site-packages/airflow/example_dags/example_branch_datetime_operator.py took 0.258 seconds
