[2023-05-15T17:39:37.493+0530] {processor.py:156} INFO - Started process (PID=21557) to work on /home/feuer/.local/lib/python3.10/site-packages/airflow/example_dags/example_trigger_controller_dag.py
[2023-05-15T17:39:37.493+0530] {processor.py:799} INFO - Processing file /home/feuer/.local/lib/python3.10/site-packages/airflow/example_dags/example_trigger_controller_dag.py for tasks to queue
[2023-05-15T17:39:37.495+0530] {logging_mixin.py:149} INFO - [2023-05-15T17:39:37.494+0530] {dagbag.py:541} INFO - Filling up the DagBag from /home/feuer/.local/lib/python3.10/site-packages/airflow/example_dags/example_trigger_controller_dag.py
[2023-05-15T17:39:37.516+0530] {processor.py:809} INFO - DAG(s) dict_keys(['example_trigger_controller_dag']) retrieved from /home/feuer/.local/lib/python3.10/site-packages/airflow/example_dags/example_trigger_controller_dag.py
[2023-05-15T17:39:37.584+0530] {logging_mixin.py:149} INFO - [2023-05-15T17:39:37.584+0530] {dag.py:2726} INFO - Sync 1 DAGs
[2023-05-15T17:39:37.601+0530] {logging_mixin.py:149} INFO - [2023-05-15T17:39:37.601+0530] {dag.py:3486} INFO - Setting next_dagrun for example_trigger_controller_dag to 2021-01-01T00:00:00+00:00, run_after=2021-01-01T00:00:00+00:00
[2023-05-15T17:39:37.826+0530] {processor.py:178} INFO - Processing /home/feuer/.local/lib/python3.10/site-packages/airflow/example_dags/example_trigger_controller_dag.py took 0.337 seconds
[2023-05-15T17:40:37.831+0530] {processor.py:156} INFO - Started process (PID=21780) to work on /home/feuer/.local/lib/python3.10/site-packages/airflow/example_dags/example_trigger_controller_dag.py
[2023-05-15T17:40:37.842+0530] {processor.py:799} INFO - Processing file /home/feuer/.local/lib/python3.10/site-packages/airflow/example_dags/example_trigger_controller_dag.py for tasks to queue
[2023-05-15T17:40:37.843+0530] {logging_mixin.py:149} INFO - [2023-05-15T17:40:37.843+0530] {dagbag.py:541} INFO - Filling up the DagBag from /home/feuer/.local/lib/python3.10/site-packages/airflow/example_dags/example_trigger_controller_dag.py
[2023-05-15T17:40:37.860+0530] {processor.py:809} INFO - DAG(s) dict_keys(['example_trigger_controller_dag']) retrieved from /home/feuer/.local/lib/python3.10/site-packages/airflow/example_dags/example_trigger_controller_dag.py
[2023-05-15T17:40:37.879+0530] {logging_mixin.py:149} INFO - [2023-05-15T17:40:37.879+0530] {dag.py:2726} INFO - Sync 1 DAGs
[2023-05-15T17:40:37.892+0530] {logging_mixin.py:149} INFO - [2023-05-15T17:40:37.891+0530] {dag.py:3486} INFO - Setting next_dagrun for example_trigger_controller_dag to 2021-01-01T00:00:00+00:00, run_after=2021-01-01T00:00:00+00:00
[2023-05-15T17:40:38.113+0530] {processor.py:178} INFO - Processing /home/feuer/.local/lib/python3.10/site-packages/airflow/example_dags/example_trigger_controller_dag.py took 0.284 seconds
[2023-05-15T17:41:40.980+0530] {processor.py:156} INFO - Started process (PID=22025) to work on /home/feuer/.local/lib/python3.10/site-packages/airflow/example_dags/example_trigger_controller_dag.py
[2023-05-15T17:41:40.997+0530] {processor.py:799} INFO - Processing file /home/feuer/.local/lib/python3.10/site-packages/airflow/example_dags/example_trigger_controller_dag.py for tasks to queue
[2023-05-15T17:41:40.998+0530] {logging_mixin.py:149} INFO - [2023-05-15T17:41:40.998+0530] {dagbag.py:541} INFO - Filling up the DagBag from /home/feuer/.local/lib/python3.10/site-packages/airflow/example_dags/example_trigger_controller_dag.py
[2023-05-15T17:41:41.001+0530] {processor.py:809} INFO - DAG(s) dict_keys(['example_trigger_controller_dag']) retrieved from /home/feuer/.local/lib/python3.10/site-packages/airflow/example_dags/example_trigger_controller_dag.py
[2023-05-15T17:41:41.026+0530] {logging_mixin.py:149} INFO - [2023-05-15T17:41:41.026+0530] {dag.py:2726} INFO - Sync 1 DAGs
[2023-05-15T17:41:41.037+0530] {logging_mixin.py:149} INFO - [2023-05-15T17:41:41.037+0530] {dag.py:3486} INFO - Setting next_dagrun for example_trigger_controller_dag to 2021-01-01T00:00:00+00:00, run_after=2021-01-01T00:00:00+00:00
[2023-05-15T17:41:41.116+0530] {processor.py:178} INFO - Processing /home/feuer/.local/lib/python3.10/site-packages/airflow/example_dags/example_trigger_controller_dag.py took 0.137 seconds
[2023-05-15T17:42:34.493+0530] {processor.py:156} INFO - Started process (PID=22206) to work on /home/feuer/.local/lib/python3.10/site-packages/airflow/example_dags/example_trigger_controller_dag.py
[2023-05-15T17:42:34.494+0530] {processor.py:799} INFO - Processing file /home/feuer/.local/lib/python3.10/site-packages/airflow/example_dags/example_trigger_controller_dag.py for tasks to queue
[2023-05-15T17:42:34.494+0530] {logging_mixin.py:149} INFO - [2023-05-15T17:42:34.494+0530] {dagbag.py:541} INFO - Filling up the DagBag from /home/feuer/.local/lib/python3.10/site-packages/airflow/example_dags/example_trigger_controller_dag.py
[2023-05-15T17:42:34.497+0530] {processor.py:809} INFO - DAG(s) dict_keys(['example_trigger_controller_dag']) retrieved from /home/feuer/.local/lib/python3.10/site-packages/airflow/example_dags/example_trigger_controller_dag.py
[2023-05-15T17:42:34.516+0530] {logging_mixin.py:149} INFO - [2023-05-15T17:42:34.515+0530] {dag.py:2726} INFO - Sync 1 DAGs
[2023-05-15T17:42:34.528+0530] {logging_mixin.py:149} INFO - [2023-05-15T17:42:34.528+0530] {dag.py:3486} INFO - Setting next_dagrun for example_trigger_controller_dag to 2021-01-01T00:00:00+00:00, run_after=2021-01-01T00:00:00+00:00
[2023-05-15T17:42:34.613+0530] {processor.py:178} INFO - Processing /home/feuer/.local/lib/python3.10/site-packages/airflow/example_dags/example_trigger_controller_dag.py took 0.122 seconds
[2023-05-15T17:43:27.878+0530] {processor.py:156} INFO - Started process (PID=22333) to work on /home/feuer/.local/lib/python3.10/site-packages/airflow/example_dags/example_trigger_controller_dag.py
[2023-05-15T17:43:27.878+0530] {processor.py:799} INFO - Processing file /home/feuer/.local/lib/python3.10/site-packages/airflow/example_dags/example_trigger_controller_dag.py for tasks to queue
[2023-05-15T17:43:27.879+0530] {logging_mixin.py:149} INFO - [2023-05-15T17:43:27.879+0530] {dagbag.py:541} INFO - Filling up the DagBag from /home/feuer/.local/lib/python3.10/site-packages/airflow/example_dags/example_trigger_controller_dag.py
[2023-05-15T17:43:27.881+0530] {processor.py:809} INFO - DAG(s) dict_keys(['example_trigger_controller_dag']) retrieved from /home/feuer/.local/lib/python3.10/site-packages/airflow/example_dags/example_trigger_controller_dag.py
[2023-05-15T17:43:27.893+0530] {logging_mixin.py:149} INFO - [2023-05-15T17:43:27.892+0530] {dag.py:2726} INFO - Sync 1 DAGs
[2023-05-15T17:43:27.904+0530] {logging_mixin.py:149} INFO - [2023-05-15T17:43:27.904+0530] {dag.py:3486} INFO - Setting next_dagrun for example_trigger_controller_dag to 2021-01-01T00:00:00+00:00, run_after=2021-01-01T00:00:00+00:00
[2023-05-15T17:43:27.995+0530] {processor.py:178} INFO - Processing /home/feuer/.local/lib/python3.10/site-packages/airflow/example_dags/example_trigger_controller_dag.py took 0.119 seconds
[2023-05-15T17:44:21.944+0530] {processor.py:156} INFO - Started process (PID=22471) to work on /home/feuer/.local/lib/python3.10/site-packages/airflow/example_dags/example_trigger_controller_dag.py
[2023-05-15T17:44:21.957+0530] {processor.py:799} INFO - Processing file /home/feuer/.local/lib/python3.10/site-packages/airflow/example_dags/example_trigger_controller_dag.py for tasks to queue
[2023-05-15T17:44:21.957+0530] {logging_mixin.py:149} INFO - [2023-05-15T17:44:21.957+0530] {dagbag.py:541} INFO - Filling up the DagBag from /home/feuer/.local/lib/python3.10/site-packages/airflow/example_dags/example_trigger_controller_dag.py
[2023-05-15T17:44:21.960+0530] {processor.py:809} INFO - DAG(s) dict_keys(['example_trigger_controller_dag']) retrieved from /home/feuer/.local/lib/python3.10/site-packages/airflow/example_dags/example_trigger_controller_dag.py
[2023-05-15T17:44:21.972+0530] {logging_mixin.py:149} INFO - [2023-05-15T17:44:21.971+0530] {dag.py:2726} INFO - Sync 1 DAGs
[2023-05-15T17:44:21.982+0530] {logging_mixin.py:149} INFO - [2023-05-15T17:44:21.982+0530] {dag.py:3486} INFO - Setting next_dagrun for example_trigger_controller_dag to 2021-01-01T00:00:00+00:00, run_after=2021-01-01T00:00:00+00:00
[2023-05-15T17:44:22.063+0530] {processor.py:178} INFO - Processing /home/feuer/.local/lib/python3.10/site-packages/airflow/example_dags/example_trigger_controller_dag.py took 0.122 seconds
[2023-05-15T17:45:17.023+0530] {processor.py:156} INFO - Started process (PID=22579) to work on /home/feuer/.local/lib/python3.10/site-packages/airflow/example_dags/example_trigger_controller_dag.py
[2023-05-15T17:45:17.024+0530] {processor.py:799} INFO - Processing file /home/feuer/.local/lib/python3.10/site-packages/airflow/example_dags/example_trigger_controller_dag.py for tasks to queue
[2023-05-15T17:45:17.024+0530] {logging_mixin.py:149} INFO - [2023-05-15T17:45:17.024+0530] {dagbag.py:541} INFO - Filling up the DagBag from /home/feuer/.local/lib/python3.10/site-packages/airflow/example_dags/example_trigger_controller_dag.py
[2023-05-15T17:45:17.027+0530] {processor.py:809} INFO - DAG(s) dict_keys(['example_trigger_controller_dag']) retrieved from /home/feuer/.local/lib/python3.10/site-packages/airflow/example_dags/example_trigger_controller_dag.py
[2023-05-15T17:45:17.040+0530] {logging_mixin.py:149} INFO - [2023-05-15T17:45:17.040+0530] {dag.py:2726} INFO - Sync 1 DAGs
[2023-05-15T17:45:17.052+0530] {logging_mixin.py:149} INFO - [2023-05-15T17:45:17.052+0530] {dag.py:3486} INFO - Setting next_dagrun for example_trigger_controller_dag to 2021-01-01T00:00:00+00:00, run_after=2021-01-01T00:00:00+00:00
[2023-05-15T17:45:17.117+0530] {processor.py:178} INFO - Processing /home/feuer/.local/lib/python3.10/site-packages/airflow/example_dags/example_trigger_controller_dag.py took 0.096 seconds
[2023-05-15T17:46:11.793+0530] {processor.py:156} INFO - Started process (PID=22712) to work on /home/feuer/.local/lib/python3.10/site-packages/airflow/example_dags/example_trigger_controller_dag.py
[2023-05-15T17:46:11.807+0530] {processor.py:799} INFO - Processing file /home/feuer/.local/lib/python3.10/site-packages/airflow/example_dags/example_trigger_controller_dag.py for tasks to queue
[2023-05-15T17:46:11.807+0530] {logging_mixin.py:149} INFO - [2023-05-15T17:46:11.807+0530] {dagbag.py:541} INFO - Filling up the DagBag from /home/feuer/.local/lib/python3.10/site-packages/airflow/example_dags/example_trigger_controller_dag.py
[2023-05-15T17:46:11.811+0530] {processor.py:809} INFO - DAG(s) dict_keys(['example_trigger_controller_dag']) retrieved from /home/feuer/.local/lib/python3.10/site-packages/airflow/example_dags/example_trigger_controller_dag.py
[2023-05-15T17:46:11.842+0530] {logging_mixin.py:149} INFO - [2023-05-15T17:46:11.841+0530] {dag.py:2726} INFO - Sync 1 DAGs
[2023-05-15T17:46:11.861+0530] {logging_mixin.py:149} INFO - [2023-05-15T17:46:11.861+0530] {dag.py:3486} INFO - Setting next_dagrun for example_trigger_controller_dag to 2021-01-01T00:00:00+00:00, run_after=2021-01-01T00:00:00+00:00
[2023-05-15T17:46:11.949+0530] {processor.py:178} INFO - Processing /home/feuer/.local/lib/python3.10/site-packages/airflow/example_dags/example_trigger_controller_dag.py took 0.159 seconds
[2023-05-15T17:47:06.234+0530] {processor.py:156} INFO - Started process (PID=22819) to work on /home/feuer/.local/lib/python3.10/site-packages/airflow/example_dags/example_trigger_controller_dag.py
[2023-05-15T17:47:06.245+0530] {processor.py:799} INFO - Processing file /home/feuer/.local/lib/python3.10/site-packages/airflow/example_dags/example_trigger_controller_dag.py for tasks to queue
[2023-05-15T17:47:06.246+0530] {logging_mixin.py:149} INFO - [2023-05-15T17:47:06.246+0530] {dagbag.py:541} INFO - Filling up the DagBag from /home/feuer/.local/lib/python3.10/site-packages/airflow/example_dags/example_trigger_controller_dag.py
[2023-05-15T17:47:06.250+0530] {processor.py:809} INFO - DAG(s) dict_keys(['example_trigger_controller_dag']) retrieved from /home/feuer/.local/lib/python3.10/site-packages/airflow/example_dags/example_trigger_controller_dag.py
[2023-05-15T17:47:06.268+0530] {logging_mixin.py:149} INFO - [2023-05-15T17:47:06.268+0530] {dag.py:2726} INFO - Sync 1 DAGs
[2023-05-15T17:47:06.287+0530] {logging_mixin.py:149} INFO - [2023-05-15T17:47:06.287+0530] {dag.py:3486} INFO - Setting next_dagrun for example_trigger_controller_dag to 2021-01-01T00:00:00+00:00, run_after=2021-01-01T00:00:00+00:00
[2023-05-15T17:47:06.376+0530] {processor.py:178} INFO - Processing /home/feuer/.local/lib/python3.10/site-packages/airflow/example_dags/example_trigger_controller_dag.py took 0.145 seconds
