[2023-05-15T17:40:04.789+0530] {processor.py:156} INFO - Started process (PID=21617) to work on /home/feuer/.local/lib/python3.10/site-packages/airflow/example_dags/example_branch_python_dop_operator_3.py
[2023-05-15T17:40:04.790+0530] {processor.py:799} INFO - Processing file /home/feuer/.local/lib/python3.10/site-packages/airflow/example_dags/example_branch_python_dop_operator_3.py for tasks to queue
[2023-05-15T17:40:04.790+0530] {logging_mixin.py:149} INFO - [2023-05-15T17:40:04.790+0530] {dagbag.py:541} INFO - Filling up the DagBag from /home/feuer/.local/lib/python3.10/site-packages/airflow/example_dags/example_branch_python_dop_operator_3.py
[2023-05-15T17:40:04.798+0530] {processor.py:809} INFO - DAG(s) dict_keys(['example_branch_dop_operator_v3']) retrieved from /home/feuer/.local/lib/python3.10/site-packages/airflow/example_dags/example_branch_python_dop_operator_3.py
[2023-05-15T17:40:04.837+0530] {logging_mixin.py:149} INFO - [2023-05-15T17:40:04.837+0530] {dag.py:2726} INFO - Sync 1 DAGs
[2023-05-15T17:40:04.863+0530] {logging_mixin.py:149} INFO - [2023-05-15T17:40:04.863+0530] {dag.py:3486} INFO - Setting next_dagrun for example_branch_dop_operator_v3 to 2023-05-15T12:09:00+00:00, run_after=2023-05-15T12:10:00+00:00
[2023-05-15T17:40:04.947+0530] {processor.py:178} INFO - Processing /home/feuer/.local/lib/python3.10/site-packages/airflow/example_dags/example_branch_python_dop_operator_3.py took 0.161 seconds
[2023-05-15T17:41:15.752+0530] {processor.py:156} INFO - Started process (PID=21898) to work on /home/feuer/.local/lib/python3.10/site-packages/airflow/example_dags/example_branch_python_dop_operator_3.py
[2023-05-15T17:41:15.780+0530] {processor.py:799} INFO - Processing file /home/feuer/.local/lib/python3.10/site-packages/airflow/example_dags/example_branch_python_dop_operator_3.py for tasks to queue
[2023-05-15T17:41:15.780+0530] {logging_mixin.py:149} INFO - [2023-05-15T17:41:15.780+0530] {dagbag.py:541} INFO - Filling up the DagBag from /home/feuer/.local/lib/python3.10/site-packages/airflow/example_dags/example_branch_python_dop_operator_3.py
[2023-05-15T17:41:15.804+0530] {processor.py:809} INFO - DAG(s) dict_keys(['example_branch_dop_operator_v3']) retrieved from /home/feuer/.local/lib/python3.10/site-packages/airflow/example_dags/example_branch_python_dop_operator_3.py
[2023-05-15T17:41:15.827+0530] {logging_mixin.py:149} INFO - [2023-05-15T17:41:15.827+0530] {dag.py:2726} INFO - Sync 1 DAGs
[2023-05-15T17:41:15.857+0530] {logging_mixin.py:149} INFO - [2023-05-15T17:41:15.857+0530] {dag.py:3486} INFO - Setting next_dagrun for example_branch_dop_operator_v3 to 2023-05-15T12:10:00+00:00, run_after=2023-05-15T12:11:00+00:00
[2023-05-15T17:41:15.978+0530] {processor.py:178} INFO - Processing /home/feuer/.local/lib/python3.10/site-packages/airflow/example_dags/example_branch_python_dop_operator_3.py took 0.229 seconds
[2023-05-15T17:42:14.146+0530] {processor.py:156} INFO - Started process (PID=22090) to work on /home/feuer/.local/lib/python3.10/site-packages/airflow/example_dags/example_branch_python_dop_operator_3.py
[2023-05-15T17:42:14.147+0530] {processor.py:799} INFO - Processing file /home/feuer/.local/lib/python3.10/site-packages/airflow/example_dags/example_branch_python_dop_operator_3.py for tasks to queue
[2023-05-15T17:42:14.147+0530] {logging_mixin.py:149} INFO - [2023-05-15T17:42:14.147+0530] {dagbag.py:541} INFO - Filling up the DagBag from /home/feuer/.local/lib/python3.10/site-packages/airflow/example_dags/example_branch_python_dop_operator_3.py
[2023-05-15T17:42:14.155+0530] {processor.py:809} INFO - DAG(s) dict_keys(['example_branch_dop_operator_v3']) retrieved from /home/feuer/.local/lib/python3.10/site-packages/airflow/example_dags/example_branch_python_dop_operator_3.py
[2023-05-15T17:42:14.174+0530] {logging_mixin.py:149} INFO - [2023-05-15T17:42:14.174+0530] {dag.py:2726} INFO - Sync 1 DAGs
[2023-05-15T17:42:14.194+0530] {logging_mixin.py:149} INFO - [2023-05-15T17:42:14.194+0530] {dag.py:3486} INFO - Setting next_dagrun for example_branch_dop_operator_v3 to 2023-05-15T12:11:00+00:00, run_after=2023-05-15T12:12:00+00:00
[2023-05-15T17:42:14.275+0530] {processor.py:178} INFO - Processing /home/feuer/.local/lib/python3.10/site-packages/airflow/example_dags/example_branch_python_dop_operator_3.py took 0.132 seconds
[2023-05-15T17:43:07.354+0530] {processor.py:156} INFO - Started process (PID=22277) to work on /home/feuer/.local/lib/python3.10/site-packages/airflow/example_dags/example_branch_python_dop_operator_3.py
[2023-05-15T17:43:07.355+0530] {processor.py:799} INFO - Processing file /home/feuer/.local/lib/python3.10/site-packages/airflow/example_dags/example_branch_python_dop_operator_3.py for tasks to queue
[2023-05-15T17:43:07.355+0530] {logging_mixin.py:149} INFO - [2023-05-15T17:43:07.355+0530] {dagbag.py:541} INFO - Filling up the DagBag from /home/feuer/.local/lib/python3.10/site-packages/airflow/example_dags/example_branch_python_dop_operator_3.py
[2023-05-15T17:43:07.363+0530] {processor.py:809} INFO - DAG(s) dict_keys(['example_branch_dop_operator_v3']) retrieved from /home/feuer/.local/lib/python3.10/site-packages/airflow/example_dags/example_branch_python_dop_operator_3.py
[2023-05-15T17:43:07.382+0530] {logging_mixin.py:149} INFO - [2023-05-15T17:43:07.382+0530] {dag.py:2726} INFO - Sync 1 DAGs
[2023-05-15T17:43:07.404+0530] {logging_mixin.py:149} INFO - [2023-05-15T17:43:07.404+0530] {dag.py:3486} INFO - Setting next_dagrun for example_branch_dop_operator_v3 to 2023-05-15T12:12:00+00:00, run_after=2023-05-15T12:13:00+00:00
[2023-05-15T17:43:07.517+0530] {processor.py:178} INFO - Processing /home/feuer/.local/lib/python3.10/site-packages/airflow/example_dags/example_branch_python_dop_operator_3.py took 0.166 seconds
[2023-05-15T17:43:59.014+0530] {processor.py:156} INFO - Started process (PID=22398) to work on /home/feuer/.local/lib/python3.10/site-packages/airflow/example_dags/example_branch_python_dop_operator_3.py
[2023-05-15T17:43:59.030+0530] {processor.py:799} INFO - Processing file /home/feuer/.local/lib/python3.10/site-packages/airflow/example_dags/example_branch_python_dop_operator_3.py for tasks to queue
[2023-05-15T17:43:59.031+0530] {logging_mixin.py:149} INFO - [2023-05-15T17:43:59.031+0530] {dagbag.py:541} INFO - Filling up the DagBag from /home/feuer/.local/lib/python3.10/site-packages/airflow/example_dags/example_branch_python_dop_operator_3.py
[2023-05-15T17:43:59.036+0530] {processor.py:809} INFO - DAG(s) dict_keys(['example_branch_dop_operator_v3']) retrieved from /home/feuer/.local/lib/python3.10/site-packages/airflow/example_dags/example_branch_python_dop_operator_3.py
[2023-05-15T17:43:59.049+0530] {logging_mixin.py:149} INFO - [2023-05-15T17:43:59.049+0530] {dag.py:2726} INFO - Sync 1 DAGs
[2023-05-15T17:43:59.063+0530] {logging_mixin.py:149} INFO - [2023-05-15T17:43:59.063+0530] {dag.py:3486} INFO - Setting next_dagrun for example_branch_dop_operator_v3 to 2023-05-15T12:12:00+00:00, run_after=2023-05-15T12:13:00+00:00
[2023-05-15T17:43:59.131+0530] {processor.py:178} INFO - Processing /home/feuer/.local/lib/python3.10/site-packages/airflow/example_dags/example_branch_python_dop_operator_3.py took 0.119 seconds
[2023-05-15T17:44:56.169+0530] {processor.py:156} INFO - Started process (PID=22523) to work on /home/feuer/.local/lib/python3.10/site-packages/airflow/example_dags/example_branch_python_dop_operator_3.py
[2023-05-15T17:44:56.169+0530] {processor.py:799} INFO - Processing file /home/feuer/.local/lib/python3.10/site-packages/airflow/example_dags/example_branch_python_dop_operator_3.py for tasks to queue
[2023-05-15T17:44:56.170+0530] {logging_mixin.py:149} INFO - [2023-05-15T17:44:56.170+0530] {dagbag.py:541} INFO - Filling up the DagBag from /home/feuer/.local/lib/python3.10/site-packages/airflow/example_dags/example_branch_python_dop_operator_3.py
[2023-05-15T17:44:56.174+0530] {processor.py:809} INFO - DAG(s) dict_keys(['example_branch_dop_operator_v3']) retrieved from /home/feuer/.local/lib/python3.10/site-packages/airflow/example_dags/example_branch_python_dop_operator_3.py
[2023-05-15T17:44:56.185+0530] {logging_mixin.py:149} INFO - [2023-05-15T17:44:56.185+0530] {dag.py:2726} INFO - Sync 1 DAGs
[2023-05-15T17:44:56.200+0530] {logging_mixin.py:149} INFO - [2023-05-15T17:44:56.200+0530] {dag.py:3486} INFO - Setting next_dagrun for example_branch_dop_operator_v3 to 2023-05-15T12:13:00+00:00, run_after=2023-05-15T12:14:00+00:00
[2023-05-15T17:44:56.286+0530] {processor.py:178} INFO - Processing /home/feuer/.local/lib/python3.10/site-packages/airflow/example_dags/example_branch_python_dop_operator_3.py took 0.119 seconds
[2023-05-15T17:45:49.777+0530] {processor.py:156} INFO - Started process (PID=22657) to work on /home/feuer/.local/lib/python3.10/site-packages/airflow/example_dags/example_branch_python_dop_operator_3.py
[2023-05-15T17:45:49.777+0530] {processor.py:799} INFO - Processing file /home/feuer/.local/lib/python3.10/site-packages/airflow/example_dags/example_branch_python_dop_operator_3.py for tasks to queue
[2023-05-15T17:45:49.778+0530] {logging_mixin.py:149} INFO - [2023-05-15T17:45:49.778+0530] {dagbag.py:541} INFO - Filling up the DagBag from /home/feuer/.local/lib/python3.10/site-packages/airflow/example_dags/example_branch_python_dop_operator_3.py
[2023-05-15T17:45:49.783+0530] {processor.py:809} INFO - DAG(s) dict_keys(['example_branch_dop_operator_v3']) retrieved from /home/feuer/.local/lib/python3.10/site-packages/airflow/example_dags/example_branch_python_dop_operator_3.py
[2023-05-15T17:45:49.795+0530] {logging_mixin.py:149} INFO - [2023-05-15T17:45:49.794+0530] {dag.py:2726} INFO - Sync 1 DAGs
[2023-05-15T17:45:49.809+0530] {logging_mixin.py:149} INFO - [2023-05-15T17:45:49.809+0530] {dag.py:3486} INFO - Setting next_dagrun for example_branch_dop_operator_v3 to 2023-05-15T12:14:00+00:00, run_after=2023-05-15T12:15:00+00:00
[2023-05-15T17:45:49.882+0530] {processor.py:178} INFO - Processing /home/feuer/.local/lib/python3.10/site-packages/airflow/example_dags/example_branch_python_dop_operator_3.py took 0.107 seconds
[2023-05-15T17:46:44.342+0530] {processor.py:156} INFO - Started process (PID=22764) to work on /home/feuer/.local/lib/python3.10/site-packages/airflow/example_dags/example_branch_python_dop_operator_3.py
[2023-05-15T17:46:44.343+0530] {processor.py:799} INFO - Processing file /home/feuer/.local/lib/python3.10/site-packages/airflow/example_dags/example_branch_python_dop_operator_3.py for tasks to queue
[2023-05-15T17:46:44.343+0530] {logging_mixin.py:149} INFO - [2023-05-15T17:46:44.343+0530] {dagbag.py:541} INFO - Filling up the DagBag from /home/feuer/.local/lib/python3.10/site-packages/airflow/example_dags/example_branch_python_dop_operator_3.py
[2023-05-15T17:46:44.352+0530] {processor.py:809} INFO - DAG(s) dict_keys(['example_branch_dop_operator_v3']) retrieved from /home/feuer/.local/lib/python3.10/site-packages/airflow/example_dags/example_branch_python_dop_operator_3.py
[2023-05-15T17:46:44.371+0530] {logging_mixin.py:149} INFO - [2023-05-15T17:46:44.371+0530] {dag.py:2726} INFO - Sync 1 DAGs
[2023-05-15T17:46:44.391+0530] {logging_mixin.py:149} INFO - [2023-05-15T17:46:44.391+0530] {dag.py:3486} INFO - Setting next_dagrun for example_branch_dop_operator_v3 to 2023-05-15T12:15:00+00:00, run_after=2023-05-15T12:16:00+00:00
[2023-05-15T17:46:44.474+0530] {processor.py:178} INFO - Processing /home/feuer/.local/lib/python3.10/site-packages/airflow/example_dags/example_branch_python_dop_operator_3.py took 0.136 seconds
[2023-05-15T23:10:26.925+0530] {processor.py:156} INFO - Started process (PID=23317) to work on /home/feuer/.local/lib/python3.10/site-packages/airflow/example_dags/example_branch_python_dop_operator_3.py
[2023-05-15T23:10:27.133+0530] {processor.py:799} INFO - Processing file /home/feuer/.local/lib/python3.10/site-packages/airflow/example_dags/example_branch_python_dop_operator_3.py for tasks to queue
[2023-05-15T23:10:27.134+0530] {logging_mixin.py:149} INFO - [2023-05-15T23:10:27.134+0530] {dagbag.py:541} INFO - Filling up the DagBag from /home/feuer/.local/lib/python3.10/site-packages/airflow/example_dags/example_branch_python_dop_operator_3.py
[2023-05-15T23:10:27.140+0530] {processor.py:809} INFO - DAG(s) dict_keys(['example_branch_dop_operator_v3']) retrieved from /home/feuer/.local/lib/python3.10/site-packages/airflow/example_dags/example_branch_python_dop_operator_3.py
[2023-05-15T23:10:27.152+0530] {logging_mixin.py:149} INFO - [2023-05-15T23:10:27.152+0530] {dag.py:2726} INFO - Sync 1 DAGs
[2023-05-15T23:10:27.167+0530] {logging_mixin.py:149} INFO - [2023-05-15T23:10:27.166+0530] {dag.py:3486} INFO - Setting next_dagrun for example_branch_dop_operator_v3 to 2023-05-15T17:39:00+00:00, run_after=2023-05-15T17:40:00+00:00
[2023-05-15T23:10:28.142+0530] {processor.py:178} INFO - Processing /home/feuer/.local/lib/python3.10/site-packages/airflow/example_dags/example_branch_python_dop_operator_3.py took 1.219 seconds
