[2023-05-15T17:39:58.598+0530] {processor.py:156} INFO - Started process (PID=21612) to work on /home/feuer/.local/lib/python3.10/site-packages/airflow/example_dags/example_latest_only_with_trigger.py
[2023-05-15T17:39:58.598+0530] {processor.py:799} INFO - Processing file /home/feuer/.local/lib/python3.10/site-packages/airflow/example_dags/example_latest_only_with_trigger.py for tasks to queue
[2023-05-15T17:39:58.599+0530] {logging_mixin.py:149} INFO - [2023-05-15T17:39:58.599+0530] {dagbag.py:541} INFO - Filling up the DagBag from /home/feuer/.local/lib/python3.10/site-packages/airflow/example_dags/example_latest_only_with_trigger.py
[2023-05-15T17:39:58.606+0530] {processor.py:809} INFO - DAG(s) dict_keys(['latest_only_with_trigger']) retrieved from /home/feuer/.local/lib/python3.10/site-packages/airflow/example_dags/example_latest_only_with_trigger.py
[2023-05-15T17:39:58.640+0530] {logging_mixin.py:149} INFO - [2023-05-15T17:39:58.640+0530] {dag.py:2726} INFO - Sync 1 DAGs
[2023-05-15T17:39:58.659+0530] {logging_mixin.py:149} INFO - [2023-05-15T17:39:58.659+0530] {dag.py:3486} INFO - Setting next_dagrun for latest_only_with_trigger to 2023-05-15T08:09:58.658829+00:00, run_after=2023-05-15T12:09:58.658829+00:00
[2023-05-15T17:39:58.797+0530] {processor.py:178} INFO - Processing /home/feuer/.local/lib/python3.10/site-packages/airflow/example_dags/example_latest_only_with_trigger.py took 0.203 seconds
[2023-05-15T17:41:09.054+0530] {processor.py:156} INFO - Started process (PID=21887) to work on /home/feuer/.local/lib/python3.10/site-packages/airflow/example_dags/example_latest_only_with_trigger.py
[2023-05-15T17:41:09.055+0530] {processor.py:799} INFO - Processing file /home/feuer/.local/lib/python3.10/site-packages/airflow/example_dags/example_latest_only_with_trigger.py for tasks to queue
[2023-05-15T17:41:09.056+0530] {logging_mixin.py:149} INFO - [2023-05-15T17:41:09.056+0530] {dagbag.py:541} INFO - Filling up the DagBag from /home/feuer/.local/lib/python3.10/site-packages/airflow/example_dags/example_latest_only_with_trigger.py
[2023-05-15T17:41:09.063+0530] {processor.py:809} INFO - DAG(s) dict_keys(['latest_only_with_trigger']) retrieved from /home/feuer/.local/lib/python3.10/site-packages/airflow/example_dags/example_latest_only_with_trigger.py
[2023-05-15T17:41:09.082+0530] {logging_mixin.py:149} INFO - [2023-05-15T17:41:09.082+0530] {dag.py:2726} INFO - Sync 1 DAGs
[2023-05-15T17:41:09.100+0530] {logging_mixin.py:149} INFO - [2023-05-15T17:41:09.099+0530] {dag.py:3486} INFO - Setting next_dagrun for latest_only_with_trigger to 2023-05-15T08:11:09.099731+00:00, run_after=2023-05-15T12:11:09.099731+00:00
[2023-05-15T17:41:09.180+0530] {processor.py:178} INFO - Processing /home/feuer/.local/lib/python3.10/site-packages/airflow/example_dags/example_latest_only_with_trigger.py took 0.129 seconds
[2023-05-15T17:42:08.638+0530] {processor.py:156} INFO - Started process (PID=22085) to work on /home/feuer/.local/lib/python3.10/site-packages/airflow/example_dags/example_latest_only_with_trigger.py
[2023-05-15T17:42:08.639+0530] {processor.py:799} INFO - Processing file /home/feuer/.local/lib/python3.10/site-packages/airflow/example_dags/example_latest_only_with_trigger.py for tasks to queue
[2023-05-15T17:42:08.639+0530] {logging_mixin.py:149} INFO - [2023-05-15T17:42:08.639+0530] {dagbag.py:541} INFO - Filling up the DagBag from /home/feuer/.local/lib/python3.10/site-packages/airflow/example_dags/example_latest_only_with_trigger.py
[2023-05-15T17:42:08.646+0530] {processor.py:809} INFO - DAG(s) dict_keys(['latest_only_with_trigger']) retrieved from /home/feuer/.local/lib/python3.10/site-packages/airflow/example_dags/example_latest_only_with_trigger.py
[2023-05-15T17:42:08.666+0530] {logging_mixin.py:149} INFO - [2023-05-15T17:42:08.666+0530] {dag.py:2726} INFO - Sync 1 DAGs
[2023-05-15T17:42:08.683+0530] {logging_mixin.py:149} INFO - [2023-05-15T17:42:08.683+0530] {dag.py:3486} INFO - Setting next_dagrun for latest_only_with_trigger to 2023-05-15T08:12:08.683227+00:00, run_after=2023-05-15T12:12:08.683227+00:00
[2023-05-15T17:42:08.763+0530] {processor.py:178} INFO - Processing /home/feuer/.local/lib/python3.10/site-packages/airflow/example_dags/example_latest_only_with_trigger.py took 0.128 seconds
[2023-05-15T17:43:01.030+0530] {processor.py:156} INFO - Started process (PID=22270) to work on /home/feuer/.local/lib/python3.10/site-packages/airflow/example_dags/example_latest_only_with_trigger.py
[2023-05-15T17:43:01.031+0530] {processor.py:799} INFO - Processing file /home/feuer/.local/lib/python3.10/site-packages/airflow/example_dags/example_latest_only_with_trigger.py for tasks to queue
[2023-05-15T17:43:01.032+0530] {logging_mixin.py:149} INFO - [2023-05-15T17:43:01.032+0530] {dagbag.py:541} INFO - Filling up the DagBag from /home/feuer/.local/lib/python3.10/site-packages/airflow/example_dags/example_latest_only_with_trigger.py
[2023-05-15T17:43:01.039+0530] {processor.py:809} INFO - DAG(s) dict_keys(['latest_only_with_trigger']) retrieved from /home/feuer/.local/lib/python3.10/site-packages/airflow/example_dags/example_latest_only_with_trigger.py
[2023-05-15T17:43:01.059+0530] {logging_mixin.py:149} INFO - [2023-05-15T17:43:01.059+0530] {dag.py:2726} INFO - Sync 1 DAGs
[2023-05-15T17:43:01.076+0530] {logging_mixin.py:149} INFO - [2023-05-15T17:43:01.076+0530] {dag.py:3486} INFO - Setting next_dagrun for latest_only_with_trigger to 2023-05-15T08:13:01.076247+00:00, run_after=2023-05-15T12:13:01.076247+00:00
[2023-05-15T17:43:01.172+0530] {processor.py:178} INFO - Processing /home/feuer/.local/lib/python3.10/site-packages/airflow/example_dags/example_latest_only_with_trigger.py took 0.145 seconds
[2023-05-15T17:43:53.719+0530] {processor.py:156} INFO - Started process (PID=22383) to work on /home/feuer/.local/lib/python3.10/site-packages/airflow/example_dags/example_latest_only_with_trigger.py
[2023-05-15T17:43:53.720+0530] {processor.py:799} INFO - Processing file /home/feuer/.local/lib/python3.10/site-packages/airflow/example_dags/example_latest_only_with_trigger.py for tasks to queue
[2023-05-15T17:43:53.721+0530] {logging_mixin.py:149} INFO - [2023-05-15T17:43:53.721+0530] {dagbag.py:541} INFO - Filling up the DagBag from /home/feuer/.local/lib/python3.10/site-packages/airflow/example_dags/example_latest_only_with_trigger.py
[2023-05-15T17:43:53.728+0530] {processor.py:809} INFO - DAG(s) dict_keys(['latest_only_with_trigger']) retrieved from /home/feuer/.local/lib/python3.10/site-packages/airflow/example_dags/example_latest_only_with_trigger.py
[2023-05-15T17:43:53.748+0530] {logging_mixin.py:149} INFO - [2023-05-15T17:43:53.748+0530] {dag.py:2726} INFO - Sync 1 DAGs
[2023-05-15T17:43:53.764+0530] {logging_mixin.py:149} INFO - [2023-05-15T17:43:53.764+0530] {dag.py:3486} INFO - Setting next_dagrun for latest_only_with_trigger to 2023-05-15T08:13:53.764383+00:00, run_after=2023-05-15T12:13:53.764383+00:00
[2023-05-15T17:43:53.855+0530] {processor.py:178} INFO - Processing /home/feuer/.local/lib/python3.10/site-packages/airflow/example_dags/example_latest_only_with_trigger.py took 0.139 seconds
[2023-05-15T17:44:49.980+0530] {processor.py:156} INFO - Started process (PID=22517) to work on /home/feuer/.local/lib/python3.10/site-packages/airflow/example_dags/example_latest_only_with_trigger.py
[2023-05-15T17:44:49.981+0530] {processor.py:799} INFO - Processing file /home/feuer/.local/lib/python3.10/site-packages/airflow/example_dags/example_latest_only_with_trigger.py for tasks to queue
[2023-05-15T17:44:49.981+0530] {logging_mixin.py:149} INFO - [2023-05-15T17:44:49.981+0530] {dagbag.py:541} INFO - Filling up the DagBag from /home/feuer/.local/lib/python3.10/site-packages/airflow/example_dags/example_latest_only_with_trigger.py
[2023-05-15T17:44:49.989+0530] {processor.py:809} INFO - DAG(s) dict_keys(['latest_only_with_trigger']) retrieved from /home/feuer/.local/lib/python3.10/site-packages/airflow/example_dags/example_latest_only_with_trigger.py
[2023-05-15T17:44:50.017+0530] {logging_mixin.py:149} INFO - [2023-05-15T17:44:50.017+0530] {dag.py:2726} INFO - Sync 1 DAGs
[2023-05-15T17:44:50.037+0530] {logging_mixin.py:149} INFO - [2023-05-15T17:44:50.036+0530] {dag.py:3486} INFO - Setting next_dagrun for latest_only_with_trigger to 2023-05-15T08:14:50.036734+00:00, run_after=2023-05-15T12:14:50.036734+00:00
[2023-05-15T17:44:50.128+0530] {processor.py:178} INFO - Processing /home/feuer/.local/lib/python3.10/site-packages/airflow/example_dags/example_latest_only_with_trigger.py took 0.151 seconds
[2023-05-15T17:45:43.469+0530] {processor.py:156} INFO - Started process (PID=22652) to work on /home/feuer/.local/lib/python3.10/site-packages/airflow/example_dags/example_latest_only_with_trigger.py
[2023-05-15T17:45:43.470+0530] {processor.py:799} INFO - Processing file /home/feuer/.local/lib/python3.10/site-packages/airflow/example_dags/example_latest_only_with_trigger.py for tasks to queue
[2023-05-15T17:45:43.471+0530] {logging_mixin.py:149} INFO - [2023-05-15T17:45:43.471+0530] {dagbag.py:541} INFO - Filling up the DagBag from /home/feuer/.local/lib/python3.10/site-packages/airflow/example_dags/example_latest_only_with_trigger.py
[2023-05-15T17:45:43.476+0530] {processor.py:809} INFO - DAG(s) dict_keys(['latest_only_with_trigger']) retrieved from /home/feuer/.local/lib/python3.10/site-packages/airflow/example_dags/example_latest_only_with_trigger.py
[2023-05-15T17:45:43.488+0530] {logging_mixin.py:149} INFO - [2023-05-15T17:45:43.488+0530] {dag.py:2726} INFO - Sync 1 DAGs
[2023-05-15T17:45:43.499+0530] {logging_mixin.py:149} INFO - [2023-05-15T17:45:43.499+0530] {dag.py:3486} INFO - Setting next_dagrun for latest_only_with_trigger to 2023-05-15T08:15:43.499256+00:00, run_after=2023-05-15T12:15:43.499256+00:00
[2023-05-15T17:45:43.583+0530] {processor.py:178} INFO - Processing /home/feuer/.local/lib/python3.10/site-packages/airflow/example_dags/example_latest_only_with_trigger.py took 0.117 seconds
[2023-05-15T17:46:38.076+0530] {processor.py:156} INFO - Started process (PID=22759) to work on /home/feuer/.local/lib/python3.10/site-packages/airflow/example_dags/example_latest_only_with_trigger.py
[2023-05-15T17:46:38.081+0530] {processor.py:799} INFO - Processing file /home/feuer/.local/lib/python3.10/site-packages/airflow/example_dags/example_latest_only_with_trigger.py for tasks to queue
[2023-05-15T17:46:38.082+0530] {logging_mixin.py:149} INFO - [2023-05-15T17:46:38.082+0530] {dagbag.py:541} INFO - Filling up the DagBag from /home/feuer/.local/lib/python3.10/site-packages/airflow/example_dags/example_latest_only_with_trigger.py
[2023-05-15T17:46:38.086+0530] {processor.py:809} INFO - DAG(s) dict_keys(['latest_only_with_trigger']) retrieved from /home/feuer/.local/lib/python3.10/site-packages/airflow/example_dags/example_latest_only_with_trigger.py
[2023-05-15T17:46:38.098+0530] {logging_mixin.py:149} INFO - [2023-05-15T17:46:38.098+0530] {dag.py:2726} INFO - Sync 1 DAGs
[2023-05-15T17:46:38.109+0530] {logging_mixin.py:149} INFO - [2023-05-15T17:46:38.109+0530] {dag.py:3486} INFO - Setting next_dagrun for latest_only_with_trigger to 2023-05-15T08:16:38.108927+00:00, run_after=2023-05-15T12:16:38.108927+00:00
[2023-05-15T17:46:38.189+0530] {processor.py:178} INFO - Processing /home/feuer/.local/lib/python3.10/site-packages/airflow/example_dags/example_latest_only_with_trigger.py took 0.115 seconds
[2023-05-15T23:10:20.540+0530] {processor.py:156} INFO - Started process (PID=23298) to work on /home/feuer/.local/lib/python3.10/site-packages/airflow/example_dags/example_latest_only_with_trigger.py
[2023-05-15T23:10:20.566+0530] {processor.py:799} INFO - Processing file /home/feuer/.local/lib/python3.10/site-packages/airflow/example_dags/example_latest_only_with_trigger.py for tasks to queue
[2023-05-15T23:10:20.567+0530] {logging_mixin.py:149} INFO - [2023-05-15T23:10:20.567+0530] {dagbag.py:541} INFO - Filling up the DagBag from /home/feuer/.local/lib/python3.10/site-packages/airflow/example_dags/example_latest_only_with_trigger.py
[2023-05-15T23:10:20.574+0530] {processor.py:809} INFO - DAG(s) dict_keys(['latest_only_with_trigger']) retrieved from /home/feuer/.local/lib/python3.10/site-packages/airflow/example_dags/example_latest_only_with_trigger.py
[2023-05-15T23:10:20.594+0530] {logging_mixin.py:149} INFO - [2023-05-15T23:10:20.594+0530] {dag.py:2726} INFO - Sync 1 DAGs
[2023-05-15T23:10:20.614+0530] {logging_mixin.py:149} INFO - [2023-05-15T23:10:20.613+0530] {dag.py:3486} INFO - Setting next_dagrun for latest_only_with_trigger to 2023-05-15T13:40:20.613668+00:00, run_after=2023-05-15T17:40:20.613668+00:00
[2023-05-15T23:10:20.854+0530] {processor.py:178} INFO - Processing /home/feuer/.local/lib/python3.10/site-packages/airflow/example_dags/example_latest_only_with_trigger.py took 0.317 seconds
