[2023-05-15T17:40:44.170+0530] {processor.py:156} INFO - Started process (PID=21816) to work on /home/feuer/.local/lib/python3.10/site-packages/airflow/example_dags/example_short_circuit_operator.py
[2023-05-15T17:40:44.171+0530] {processor.py:799} INFO - Processing file /home/feuer/.local/lib/python3.10/site-packages/airflow/example_dags/example_short_circuit_operator.py for tasks to queue
[2023-05-15T17:40:44.172+0530] {logging_mixin.py:149} INFO - [2023-05-15T17:40:44.171+0530] {dagbag.py:541} INFO - Filling up the DagBag from /home/feuer/.local/lib/python3.10/site-packages/airflow/example_dags/example_short_circuit_operator.py
[2023-05-15T17:40:44.188+0530] {processor.py:809} INFO - DAG(s) dict_keys(['example_short_circuit_operator']) retrieved from /home/feuer/.local/lib/python3.10/site-packages/airflow/example_dags/example_short_circuit_operator.py
[2023-05-15T17:40:44.244+0530] {logging_mixin.py:149} INFO - [2023-05-15T17:40:44.243+0530] {dag.py:2726} INFO - Sync 1 DAGs
[2023-05-15T17:40:44.265+0530] {logging_mixin.py:149} INFO - [2023-05-15T17:40:44.265+0530] {dag.py:3486} INFO - Setting next_dagrun for example_short_circuit_operator to 2023-05-14T12:10:44.265350+00:00, run_after=2023-05-15T12:10:44.265350+00:00
[2023-05-15T17:40:45.350+0530] {processor.py:178} INFO - Processing /home/feuer/.local/lib/python3.10/site-packages/airflow/example_dags/example_short_circuit_operator.py took 1.183 seconds
[2023-05-15T17:41:46.222+0530] {processor.py:156} INFO - Started process (PID=22030) to work on /home/feuer/.local/lib/python3.10/site-packages/airflow/example_dags/example_short_circuit_operator.py
[2023-05-15T17:41:46.223+0530] {processor.py:799} INFO - Processing file /home/feuer/.local/lib/python3.10/site-packages/airflow/example_dags/example_short_circuit_operator.py for tasks to queue
[2023-05-15T17:41:46.224+0530] {logging_mixin.py:149} INFO - [2023-05-15T17:41:46.224+0530] {dagbag.py:541} INFO - Filling up the DagBag from /home/feuer/.local/lib/python3.10/site-packages/airflow/example_dags/example_short_circuit_operator.py
[2023-05-15T17:41:46.231+0530] {processor.py:809} INFO - DAG(s) dict_keys(['example_short_circuit_operator']) retrieved from /home/feuer/.local/lib/python3.10/site-packages/airflow/example_dags/example_short_circuit_operator.py
[2023-05-15T17:41:46.268+0530] {logging_mixin.py:149} INFO - [2023-05-15T17:41:46.268+0530] {dag.py:2726} INFO - Sync 1 DAGs
[2023-05-15T17:41:46.288+0530] {logging_mixin.py:149} INFO - [2023-05-15T17:41:46.287+0530] {dag.py:3486} INFO - Setting next_dagrun for example_short_circuit_operator to 2023-05-14T12:11:46.287647+00:00, run_after=2023-05-15T12:11:46.287647+00:00
[2023-05-15T17:41:46.361+0530] {processor.py:178} INFO - Processing /home/feuer/.local/lib/python3.10/site-packages/airflow/example_dags/example_short_circuit_operator.py took 0.142 seconds
[2023-05-15T17:42:39.804+0530] {processor.py:156} INFO - Started process (PID=22220) to work on /home/feuer/.local/lib/python3.10/site-packages/airflow/example_dags/example_short_circuit_operator.py
[2023-05-15T17:42:39.805+0530] {processor.py:799} INFO - Processing file /home/feuer/.local/lib/python3.10/site-packages/airflow/example_dags/example_short_circuit_operator.py for tasks to queue
[2023-05-15T17:42:39.805+0530] {logging_mixin.py:149} INFO - [2023-05-15T17:42:39.805+0530] {dagbag.py:541} INFO - Filling up the DagBag from /home/feuer/.local/lib/python3.10/site-packages/airflow/example_dags/example_short_circuit_operator.py
[2023-05-15T17:42:39.814+0530] {processor.py:809} INFO - DAG(s) dict_keys(['example_short_circuit_operator']) retrieved from /home/feuer/.local/lib/python3.10/site-packages/airflow/example_dags/example_short_circuit_operator.py
[2023-05-15T17:42:39.835+0530] {logging_mixin.py:149} INFO - [2023-05-15T17:42:39.835+0530] {dag.py:2726} INFO - Sync 1 DAGs
[2023-05-15T17:42:39.851+0530] {logging_mixin.py:149} INFO - [2023-05-15T17:42:39.851+0530] {dag.py:3486} INFO - Setting next_dagrun for example_short_circuit_operator to 2023-05-14T12:12:39.851191+00:00, run_after=2023-05-15T12:12:39.851191+00:00
[2023-05-15T17:42:39.938+0530] {processor.py:178} INFO - Processing /home/feuer/.local/lib/python3.10/site-packages/airflow/example_dags/example_short_circuit_operator.py took 0.136 seconds
[2023-05-15T17:43:32.828+0530] {processor.py:156} INFO - Started process (PID=22338) to work on /home/feuer/.local/lib/python3.10/site-packages/airflow/example_dags/example_short_circuit_operator.py
[2023-05-15T17:43:32.829+0530] {processor.py:799} INFO - Processing file /home/feuer/.local/lib/python3.10/site-packages/airflow/example_dags/example_short_circuit_operator.py for tasks to queue
[2023-05-15T17:43:32.829+0530] {logging_mixin.py:149} INFO - [2023-05-15T17:43:32.829+0530] {dagbag.py:541} INFO - Filling up the DagBag from /home/feuer/.local/lib/python3.10/site-packages/airflow/example_dags/example_short_circuit_operator.py
[2023-05-15T17:43:32.837+0530] {processor.py:809} INFO - DAG(s) dict_keys(['example_short_circuit_operator']) retrieved from /home/feuer/.local/lib/python3.10/site-packages/airflow/example_dags/example_short_circuit_operator.py
[2023-05-15T17:43:32.861+0530] {logging_mixin.py:149} INFO - [2023-05-15T17:43:32.861+0530] {dag.py:2726} INFO - Sync 1 DAGs
[2023-05-15T17:43:32.879+0530] {logging_mixin.py:149} INFO - [2023-05-15T17:43:32.878+0530] {dag.py:3486} INFO - Setting next_dagrun for example_short_circuit_operator to 2023-05-14T12:13:32.878798+00:00, run_after=2023-05-15T12:13:32.878798+00:00
[2023-05-15T17:43:32.957+0530] {processor.py:178} INFO - Processing /home/feuer/.local/lib/python3.10/site-packages/airflow/example_dags/example_short_circuit_operator.py took 0.132 seconds
[2023-05-15T17:44:27.666+0530] {processor.py:156} INFO - Started process (PID=22476) to work on /home/feuer/.local/lib/python3.10/site-packages/airflow/example_dags/example_short_circuit_operator.py
[2023-05-15T17:44:27.667+0530] {processor.py:799} INFO - Processing file /home/feuer/.local/lib/python3.10/site-packages/airflow/example_dags/example_short_circuit_operator.py for tasks to queue
[2023-05-15T17:44:27.667+0530] {logging_mixin.py:149} INFO - [2023-05-15T17:44:27.667+0530] {dagbag.py:541} INFO - Filling up the DagBag from /home/feuer/.local/lib/python3.10/site-packages/airflow/example_dags/example_short_circuit_operator.py
[2023-05-15T17:44:27.673+0530] {processor.py:809} INFO - DAG(s) dict_keys(['example_short_circuit_operator']) retrieved from /home/feuer/.local/lib/python3.10/site-packages/airflow/example_dags/example_short_circuit_operator.py
[2023-05-15T17:44:27.690+0530] {logging_mixin.py:149} INFO - [2023-05-15T17:44:27.689+0530] {dag.py:2726} INFO - Sync 1 DAGs
[2023-05-15T17:44:27.701+0530] {logging_mixin.py:149} INFO - [2023-05-15T17:44:27.701+0530] {dag.py:3486} INFO - Setting next_dagrun for example_short_circuit_operator to 2023-05-14T12:14:27.701507+00:00, run_after=2023-05-15T12:14:27.701507+00:00
[2023-05-15T17:44:27.781+0530] {processor.py:178} INFO - Processing /home/feuer/.local/lib/python3.10/site-packages/airflow/example_dags/example_short_circuit_operator.py took 0.118 seconds
[2023-05-15T17:45:22.342+0530] {processor.py:156} INFO - Started process (PID=22585) to work on /home/feuer/.local/lib/python3.10/site-packages/airflow/example_dags/example_short_circuit_operator.py
[2023-05-15T17:45:22.343+0530] {processor.py:799} INFO - Processing file /home/feuer/.local/lib/python3.10/site-packages/airflow/example_dags/example_short_circuit_operator.py for tasks to queue
[2023-05-15T17:45:22.344+0530] {logging_mixin.py:149} INFO - [2023-05-15T17:45:22.343+0530] {dagbag.py:541} INFO - Filling up the DagBag from /home/feuer/.local/lib/python3.10/site-packages/airflow/example_dags/example_short_circuit_operator.py
[2023-05-15T17:45:22.350+0530] {processor.py:809} INFO - DAG(s) dict_keys(['example_short_circuit_operator']) retrieved from /home/feuer/.local/lib/python3.10/site-packages/airflow/example_dags/example_short_circuit_operator.py
[2023-05-15T17:45:22.367+0530] {logging_mixin.py:149} INFO - [2023-05-15T17:45:22.367+0530] {dag.py:2726} INFO - Sync 1 DAGs
[2023-05-15T17:45:22.378+0530] {logging_mixin.py:149} INFO - [2023-05-15T17:45:22.378+0530] {dag.py:3486} INFO - Setting next_dagrun for example_short_circuit_operator to 2023-05-14T12:15:22.378025+00:00, run_after=2023-05-15T12:15:22.378025+00:00
[2023-05-15T17:45:22.459+0530] {processor.py:178} INFO - Processing /home/feuer/.local/lib/python3.10/site-packages/airflow/example_dags/example_short_circuit_operator.py took 0.120 seconds
[2023-05-15T17:46:16.398+0530] {processor.py:156} INFO - Started process (PID=22717) to work on /home/feuer/.local/lib/python3.10/site-packages/airflow/example_dags/example_short_circuit_operator.py
[2023-05-15T17:46:16.415+0530] {processor.py:799} INFO - Processing file /home/feuer/.local/lib/python3.10/site-packages/airflow/example_dags/example_short_circuit_operator.py for tasks to queue
[2023-05-15T17:46:16.416+0530] {logging_mixin.py:149} INFO - [2023-05-15T17:46:16.416+0530] {dagbag.py:541} INFO - Filling up the DagBag from /home/feuer/.local/lib/python3.10/site-packages/airflow/example_dags/example_short_circuit_operator.py
[2023-05-15T17:46:16.420+0530] {processor.py:809} INFO - DAG(s) dict_keys(['example_short_circuit_operator']) retrieved from /home/feuer/.local/lib/python3.10/site-packages/airflow/example_dags/example_short_circuit_operator.py
[2023-05-15T17:46:16.434+0530] {logging_mixin.py:149} INFO - [2023-05-15T17:46:16.434+0530] {dag.py:2726} INFO - Sync 1 DAGs
[2023-05-15T17:46:16.445+0530] {logging_mixin.py:149} INFO - [2023-05-15T17:46:16.445+0530] {dag.py:3486} INFO - Setting next_dagrun for example_short_circuit_operator to 2023-05-14T12:16:16.445013+00:00, run_after=2023-05-15T12:16:16.445013+00:00
[2023-05-15T17:46:16.531+0530] {processor.py:178} INFO - Processing /home/feuer/.local/lib/python3.10/site-packages/airflow/example_dags/example_short_circuit_operator.py took 0.136 seconds
[2023-05-15T17:47:11.561+0530] {processor.py:156} INFO - Started process (PID=22825) to work on /home/feuer/.local/lib/python3.10/site-packages/airflow/example_dags/example_short_circuit_operator.py
[2023-05-15T17:47:11.571+0530] {processor.py:799} INFO - Processing file /home/feuer/.local/lib/python3.10/site-packages/airflow/example_dags/example_short_circuit_operator.py for tasks to queue
[2023-05-15T17:47:11.571+0530] {logging_mixin.py:149} INFO - [2023-05-15T17:47:11.571+0530] {dagbag.py:541} INFO - Filling up the DagBag from /home/feuer/.local/lib/python3.10/site-packages/airflow/example_dags/example_short_circuit_operator.py
[2023-05-15T17:47:11.578+0530] {processor.py:809} INFO - DAG(s) dict_keys(['example_short_circuit_operator']) retrieved from /home/feuer/.local/lib/python3.10/site-packages/airflow/example_dags/example_short_circuit_operator.py
[2023-05-15T17:47:11.598+0530] {logging_mixin.py:149} INFO - [2023-05-15T17:47:11.597+0530] {dag.py:2726} INFO - Sync 1 DAGs
[2023-05-15T17:47:11.613+0530] {logging_mixin.py:149} INFO - [2023-05-15T17:47:11.612+0530] {dag.py:3486} INFO - Setting next_dagrun for example_short_circuit_operator to 2023-05-14T12:17:11.612814+00:00, run_after=2023-05-15T12:17:11.612814+00:00
[2023-05-15T17:47:11.695+0530] {processor.py:178} INFO - Processing /home/feuer/.local/lib/python3.10/site-packages/airflow/example_dags/example_short_circuit_operator.py took 0.136 seconds
