[2023-05-15T17:40:07.269+0530] {processor.py:156} INFO - Started process (PID=21619) to work on /home/feuer/.local/lib/python3.10/site-packages/airflow/example_dags/example_branch_operator_decorator.py
[2023-05-15T17:40:07.270+0530] {processor.py:799} INFO - Processing file /home/feuer/.local/lib/python3.10/site-packages/airflow/example_dags/example_branch_operator_decorator.py for tasks to queue
[2023-05-15T17:40:07.270+0530] {logging_mixin.py:149} INFO - [2023-05-15T17:40:07.270+0530] {dagbag.py:541} INFO - Filling up the DagBag from /home/feuer/.local/lib/python3.10/site-packages/airflow/example_dags/example_branch_operator_decorator.py
[2023-05-15T17:40:07.278+0530] {processor.py:809} INFO - DAG(s) dict_keys(['example_branch_python_operator_decorator']) retrieved from /home/feuer/.local/lib/python3.10/site-packages/airflow/example_dags/example_branch_operator_decorator.py
[2023-05-15T17:40:07.320+0530] {logging_mixin.py:149} INFO - [2023-05-15T17:40:07.320+0530] {dag.py:2726} INFO - Sync 1 DAGs
[2023-05-15T17:40:07.333+0530] {logging_mixin.py:149} INFO - [2023-05-15T17:40:07.332+0530] {dag.py:3486} INFO - Setting next_dagrun for example_branch_python_operator_decorator to 2023-05-14T00:00:00+00:00, run_after=2023-05-15T00:00:00+00:00
[2023-05-15T17:40:07.411+0530] {processor.py:178} INFO - Processing /home/feuer/.local/lib/python3.10/site-packages/airflow/example_dags/example_branch_operator_decorator.py took 0.144 seconds
[2023-05-15T17:41:18.173+0530] {processor.py:156} INFO - Started process (PID=21928) to work on /home/feuer/.local/lib/python3.10/site-packages/airflow/example_dags/example_branch_operator_decorator.py
[2023-05-15T17:41:18.196+0530] {processor.py:799} INFO - Processing file /home/feuer/.local/lib/python3.10/site-packages/airflow/example_dags/example_branch_operator_decorator.py for tasks to queue
[2023-05-15T17:41:18.197+0530] {logging_mixin.py:149} INFO - [2023-05-15T17:41:18.197+0530] {dagbag.py:541} INFO - Filling up the DagBag from /home/feuer/.local/lib/python3.10/site-packages/airflow/example_dags/example_branch_operator_decorator.py
[2023-05-15T17:41:18.222+0530] {processor.py:809} INFO - DAG(s) dict_keys(['example_branch_python_operator_decorator']) retrieved from /home/feuer/.local/lib/python3.10/site-packages/airflow/example_dags/example_branch_operator_decorator.py
[2023-05-15T17:41:18.250+0530] {logging_mixin.py:149} INFO - [2023-05-15T17:41:18.250+0530] {dag.py:2726} INFO - Sync 1 DAGs
[2023-05-15T17:41:18.270+0530] {logging_mixin.py:149} INFO - [2023-05-15T17:41:18.270+0530] {dag.py:3486} INFO - Setting next_dagrun for example_branch_python_operator_decorator to 2023-05-14T00:00:00+00:00, run_after=2023-05-15T00:00:00+00:00
[2023-05-15T17:41:18.609+0530] {processor.py:178} INFO - Processing /home/feuer/.local/lib/python3.10/site-packages/airflow/example_dags/example_branch_operator_decorator.py took 0.440 seconds
[2023-05-15T17:42:16.632+0530] {processor.py:156} INFO - Started process (PID=22092) to work on /home/feuer/.local/lib/python3.10/site-packages/airflow/example_dags/example_branch_operator_decorator.py
[2023-05-15T17:42:16.633+0530] {processor.py:799} INFO - Processing file /home/feuer/.local/lib/python3.10/site-packages/airflow/example_dags/example_branch_operator_decorator.py for tasks to queue
[2023-05-15T17:42:16.634+0530] {logging_mixin.py:149} INFO - [2023-05-15T17:42:16.633+0530] {dagbag.py:541} INFO - Filling up the DagBag from /home/feuer/.local/lib/python3.10/site-packages/airflow/example_dags/example_branch_operator_decorator.py
[2023-05-15T17:42:16.645+0530] {processor.py:809} INFO - DAG(s) dict_keys(['example_branch_python_operator_decorator']) retrieved from /home/feuer/.local/lib/python3.10/site-packages/airflow/example_dags/example_branch_operator_decorator.py
[2023-05-15T17:42:16.675+0530] {logging_mixin.py:149} INFO - [2023-05-15T17:42:16.675+0530] {dag.py:2726} INFO - Sync 1 DAGs
[2023-05-15T17:42:16.696+0530] {logging_mixin.py:149} INFO - [2023-05-15T17:42:16.696+0530] {dag.py:3486} INFO - Setting next_dagrun for example_branch_python_operator_decorator to 2023-05-14T00:00:00+00:00, run_after=2023-05-15T00:00:00+00:00
[2023-05-15T17:42:16.780+0530] {processor.py:178} INFO - Processing /home/feuer/.local/lib/python3.10/site-packages/airflow/example_dags/example_branch_operator_decorator.py took 0.151 seconds
[2023-05-15T17:43:09.833+0530] {processor.py:156} INFO - Started process (PID=22280) to work on /home/feuer/.local/lib/python3.10/site-packages/airflow/example_dags/example_branch_operator_decorator.py
[2023-05-15T17:43:09.833+0530] {processor.py:799} INFO - Processing file /home/feuer/.local/lib/python3.10/site-packages/airflow/example_dags/example_branch_operator_decorator.py for tasks to queue
[2023-05-15T17:43:09.834+0530] {logging_mixin.py:149} INFO - [2023-05-15T17:43:09.834+0530] {dagbag.py:541} INFO - Filling up the DagBag from /home/feuer/.local/lib/python3.10/site-packages/airflow/example_dags/example_branch_operator_decorator.py
[2023-05-15T17:43:09.844+0530] {processor.py:809} INFO - DAG(s) dict_keys(['example_branch_python_operator_decorator']) retrieved from /home/feuer/.local/lib/python3.10/site-packages/airflow/example_dags/example_branch_operator_decorator.py
[2023-05-15T17:43:09.871+0530] {logging_mixin.py:149} INFO - [2023-05-15T17:43:09.871+0530] {dag.py:2726} INFO - Sync 1 DAGs
[2023-05-15T17:43:09.887+0530] {logging_mixin.py:149} INFO - [2023-05-15T17:43:09.887+0530] {dag.py:3486} INFO - Setting next_dagrun for example_branch_python_operator_decorator to 2023-05-14T00:00:00+00:00, run_after=2023-05-15T00:00:00+00:00
[2023-05-15T17:43:09.959+0530] {processor.py:178} INFO - Processing /home/feuer/.local/lib/python3.10/site-packages/airflow/example_dags/example_branch_operator_decorator.py took 0.129 seconds
[2023-05-15T17:44:01.557+0530] {processor.py:156} INFO - Started process (PID=22400) to work on /home/feuer/.local/lib/python3.10/site-packages/airflow/example_dags/example_branch_operator_decorator.py
[2023-05-15T17:44:01.558+0530] {processor.py:799} INFO - Processing file /home/feuer/.local/lib/python3.10/site-packages/airflow/example_dags/example_branch_operator_decorator.py for tasks to queue
[2023-05-15T17:44:01.558+0530] {logging_mixin.py:149} INFO - [2023-05-15T17:44:01.558+0530] {dagbag.py:541} INFO - Filling up the DagBag from /home/feuer/.local/lib/python3.10/site-packages/airflow/example_dags/example_branch_operator_decorator.py
[2023-05-15T17:44:01.568+0530] {processor.py:809} INFO - DAG(s) dict_keys(['example_branch_python_operator_decorator']) retrieved from /home/feuer/.local/lib/python3.10/site-packages/airflow/example_dags/example_branch_operator_decorator.py
[2023-05-15T17:44:01.583+0530] {logging_mixin.py:149} INFO - [2023-05-15T17:44:01.583+0530] {dag.py:2726} INFO - Sync 1 DAGs
[2023-05-15T17:44:01.595+0530] {logging_mixin.py:149} INFO - [2023-05-15T17:44:01.595+0530] {dag.py:3486} INFO - Setting next_dagrun for example_branch_python_operator_decorator to 2023-05-14T00:00:00+00:00, run_after=2023-05-15T00:00:00+00:00
[2023-05-15T17:44:01.685+0530] {processor.py:178} INFO - Processing /home/feuer/.local/lib/python3.10/site-packages/airflow/example_dags/example_branch_operator_decorator.py took 0.130 seconds
[2023-05-15T17:44:57.806+0530] {processor.py:156} INFO - Started process (PID=22525) to work on /home/feuer/.local/lib/python3.10/site-packages/airflow/example_dags/example_branch_operator_decorator.py
[2023-05-15T17:44:57.812+0530] {processor.py:799} INFO - Processing file /home/feuer/.local/lib/python3.10/site-packages/airflow/example_dags/example_branch_operator_decorator.py for tasks to queue
[2023-05-15T17:44:57.812+0530] {logging_mixin.py:149} INFO - [2023-05-15T17:44:57.812+0530] {dagbag.py:541} INFO - Filling up the DagBag from /home/feuer/.local/lib/python3.10/site-packages/airflow/example_dags/example_branch_operator_decorator.py
[2023-05-15T17:44:57.821+0530] {processor.py:809} INFO - DAG(s) dict_keys(['example_branch_python_operator_decorator']) retrieved from /home/feuer/.local/lib/python3.10/site-packages/airflow/example_dags/example_branch_operator_decorator.py
[2023-05-15T17:44:57.834+0530] {logging_mixin.py:149} INFO - [2023-05-15T17:44:57.833+0530] {dag.py:2726} INFO - Sync 1 DAGs
[2023-05-15T17:44:57.846+0530] {logging_mixin.py:149} INFO - [2023-05-15T17:44:57.845+0530] {dag.py:3486} INFO - Setting next_dagrun for example_branch_python_operator_decorator to 2023-05-14T00:00:00+00:00, run_after=2023-05-15T00:00:00+00:00
[2023-05-15T17:44:57.952+0530] {processor.py:178} INFO - Processing /home/feuer/.local/lib/python3.10/site-packages/airflow/example_dags/example_branch_operator_decorator.py took 0.149 seconds
[2023-05-15T17:45:52.258+0530] {processor.py:156} INFO - Started process (PID=22659) to work on /home/feuer/.local/lib/python3.10/site-packages/airflow/example_dags/example_branch_operator_decorator.py
[2023-05-15T17:45:52.259+0530] {processor.py:799} INFO - Processing file /home/feuer/.local/lib/python3.10/site-packages/airflow/example_dags/example_branch_operator_decorator.py for tasks to queue
[2023-05-15T17:45:52.259+0530] {logging_mixin.py:149} INFO - [2023-05-15T17:45:52.259+0530] {dagbag.py:541} INFO - Filling up the DagBag from /home/feuer/.local/lib/python3.10/site-packages/airflow/example_dags/example_branch_operator_decorator.py
[2023-05-15T17:45:52.268+0530] {processor.py:809} INFO - DAG(s) dict_keys(['example_branch_python_operator_decorator']) retrieved from /home/feuer/.local/lib/python3.10/site-packages/airflow/example_dags/example_branch_operator_decorator.py
[2023-05-15T17:45:52.284+0530] {logging_mixin.py:149} INFO - [2023-05-15T17:45:52.284+0530] {dag.py:2726} INFO - Sync 1 DAGs
[2023-05-15T17:45:52.296+0530] {logging_mixin.py:149} INFO - [2023-05-15T17:45:52.296+0530] {dag.py:3486} INFO - Setting next_dagrun for example_branch_python_operator_decorator to 2023-05-14T00:00:00+00:00, run_after=2023-05-15T00:00:00+00:00
[2023-05-15T17:45:52.374+0530] {processor.py:178} INFO - Processing /home/feuer/.local/lib/python3.10/site-packages/airflow/example_dags/example_branch_operator_decorator.py took 0.119 seconds
[2023-05-15T17:46:46.885+0530] {processor.py:156} INFO - Started process (PID=22766) to work on /home/feuer/.local/lib/python3.10/site-packages/airflow/example_dags/example_branch_operator_decorator.py
[2023-05-15T17:46:46.886+0530] {processor.py:799} INFO - Processing file /home/feuer/.local/lib/python3.10/site-packages/airflow/example_dags/example_branch_operator_decorator.py for tasks to queue
[2023-05-15T17:46:46.887+0530] {logging_mixin.py:149} INFO - [2023-05-15T17:46:46.886+0530] {dagbag.py:541} INFO - Filling up the DagBag from /home/feuer/.local/lib/python3.10/site-packages/airflow/example_dags/example_branch_operator_decorator.py
[2023-05-15T17:46:46.894+0530] {processor.py:809} INFO - DAG(s) dict_keys(['example_branch_python_operator_decorator']) retrieved from /home/feuer/.local/lib/python3.10/site-packages/airflow/example_dags/example_branch_operator_decorator.py
[2023-05-15T17:46:46.906+0530] {logging_mixin.py:149} INFO - [2023-05-15T17:46:46.906+0530] {dag.py:2726} INFO - Sync 1 DAGs
[2023-05-15T17:46:46.918+0530] {logging_mixin.py:149} INFO - [2023-05-15T17:46:46.918+0530] {dag.py:3486} INFO - Setting next_dagrun for example_branch_python_operator_decorator to 2023-05-14T00:00:00+00:00, run_after=2023-05-15T00:00:00+00:00
[2023-05-15T17:46:46.989+0530] {processor.py:178} INFO - Processing /home/feuer/.local/lib/python3.10/site-packages/airflow/example_dags/example_branch_operator_decorator.py took 0.106 seconds
