[2023-05-15T17:40:06.029+0530] {processor.py:156} INFO - Started process (PID=21618) to work on /home/feuer/.local/lib/python3.10/site-packages/airflow/example_dags/example_external_task_marker_dag.py
[2023-05-15T17:40:06.030+0530] {processor.py:799} INFO - Processing file /home/feuer/.local/lib/python3.10/site-packages/airflow/example_dags/example_external_task_marker_dag.py for tasks to queue
[2023-05-15T17:40:06.031+0530] {logging_mixin.py:149} INFO - [2023-05-15T17:40:06.030+0530] {dagbag.py:541} INFO - Filling up the DagBag from /home/feuer/.local/lib/python3.10/site-packages/airflow/example_dags/example_external_task_marker_dag.py
[2023-05-15T17:40:06.036+0530] {processor.py:809} INFO - DAG(s) dict_keys(['example_external_task_marker_parent', 'example_external_task_marker_child']) retrieved from /home/feuer/.local/lib/python3.10/site-packages/airflow/example_dags/example_external_task_marker_dag.py
[2023-05-15T17:40:06.066+0530] {logging_mixin.py:149} INFO - [2023-05-15T17:40:06.066+0530] {dag.py:2726} INFO - Sync 2 DAGs
[2023-05-15T17:40:06.085+0530] {logging_mixin.py:149} INFO - [2023-05-15T17:40:06.085+0530] {dag.py:3486} INFO - Setting next_dagrun for example_external_task_marker_child to None, run_after=None
[2023-05-15T17:40:06.088+0530] {logging_mixin.py:149} INFO - [2023-05-15T17:40:06.088+0530] {dag.py:3486} INFO - Setting next_dagrun for example_external_task_marker_parent to None, run_after=None
[2023-05-15T17:40:06.168+0530] {processor.py:178} INFO - Processing /home/feuer/.local/lib/python3.10/site-packages/airflow/example_dags/example_external_task_marker_dag.py took 0.142 seconds
[2023-05-15T17:41:16.581+0530] {processor.py:156} INFO - Started process (PID=21906) to work on /home/feuer/.local/lib/python3.10/site-packages/airflow/example_dags/example_external_task_marker_dag.py
[2023-05-15T17:41:16.635+0530] {processor.py:799} INFO - Processing file /home/feuer/.local/lib/python3.10/site-packages/airflow/example_dags/example_external_task_marker_dag.py for tasks to queue
[2023-05-15T17:41:16.635+0530] {logging_mixin.py:149} INFO - [2023-05-15T17:41:16.635+0530] {dagbag.py:541} INFO - Filling up the DagBag from /home/feuer/.local/lib/python3.10/site-packages/airflow/example_dags/example_external_task_marker_dag.py
[2023-05-15T17:41:16.669+0530] {processor.py:809} INFO - DAG(s) dict_keys(['example_external_task_marker_child', 'example_external_task_marker_parent']) retrieved from /home/feuer/.local/lib/python3.10/site-packages/airflow/example_dags/example_external_task_marker_dag.py
[2023-05-15T17:41:16.692+0530] {logging_mixin.py:149} INFO - [2023-05-15T17:41:16.692+0530] {dag.py:2726} INFO - Sync 2 DAGs
[2023-05-15T17:41:16.711+0530] {logging_mixin.py:149} INFO - [2023-05-15T17:41:16.711+0530] {dag.py:3486} INFO - Setting next_dagrun for example_external_task_marker_child to None, run_after=None
[2023-05-15T17:41:16.714+0530] {logging_mixin.py:149} INFO - [2023-05-15T17:41:16.714+0530] {dag.py:3486} INFO - Setting next_dagrun for example_external_task_marker_parent to None, run_after=None
[2023-05-15T17:41:16.893+0530] {processor.py:178} INFO - Processing /home/feuer/.local/lib/python3.10/site-packages/airflow/example_dags/example_external_task_marker_dag.py took 0.315 seconds
[2023-05-15T17:42:15.392+0530] {processor.py:156} INFO - Started process (PID=22091) to work on /home/feuer/.local/lib/python3.10/site-packages/airflow/example_dags/example_external_task_marker_dag.py
[2023-05-15T17:42:15.392+0530] {processor.py:799} INFO - Processing file /home/feuer/.local/lib/python3.10/site-packages/airflow/example_dags/example_external_task_marker_dag.py for tasks to queue
[2023-05-15T17:42:15.393+0530] {logging_mixin.py:149} INFO - [2023-05-15T17:42:15.393+0530] {dagbag.py:541} INFO - Filling up the DagBag from /home/feuer/.local/lib/python3.10/site-packages/airflow/example_dags/example_external_task_marker_dag.py
[2023-05-15T17:42:15.399+0530] {processor.py:809} INFO - DAG(s) dict_keys(['example_external_task_marker_child', 'example_external_task_marker_parent']) retrieved from /home/feuer/.local/lib/python3.10/site-packages/airflow/example_dags/example_external_task_marker_dag.py
[2023-05-15T17:42:15.426+0530] {logging_mixin.py:149} INFO - [2023-05-15T17:42:15.426+0530] {dag.py:2726} INFO - Sync 2 DAGs
[2023-05-15T17:42:15.440+0530] {logging_mixin.py:149} INFO - [2023-05-15T17:42:15.440+0530] {dag.py:3486} INFO - Setting next_dagrun for example_external_task_marker_child to None, run_after=None
[2023-05-15T17:42:15.442+0530] {logging_mixin.py:149} INFO - [2023-05-15T17:42:15.442+0530] {dag.py:3486} INFO - Setting next_dagrun for example_external_task_marker_parent to None, run_after=None
[2023-05-15T17:42:15.522+0530] {processor.py:178} INFO - Processing /home/feuer/.local/lib/python3.10/site-packages/airflow/example_dags/example_external_task_marker_dag.py took 0.133 seconds
[2023-05-15T17:43:08.597+0530] {processor.py:156} INFO - Started process (PID=22278) to work on /home/feuer/.local/lib/python3.10/site-packages/airflow/example_dags/example_external_task_marker_dag.py
[2023-05-15T17:43:08.608+0530] {processor.py:799} INFO - Processing file /home/feuer/.local/lib/python3.10/site-packages/airflow/example_dags/example_external_task_marker_dag.py for tasks to queue
[2023-05-15T17:43:08.608+0530] {logging_mixin.py:149} INFO - [2023-05-15T17:43:08.608+0530] {dagbag.py:541} INFO - Filling up the DagBag from /home/feuer/.local/lib/python3.10/site-packages/airflow/example_dags/example_external_task_marker_dag.py
[2023-05-15T17:43:08.614+0530] {processor.py:809} INFO - DAG(s) dict_keys(['example_external_task_marker_child', 'example_external_task_marker_parent']) retrieved from /home/feuer/.local/lib/python3.10/site-packages/airflow/example_dags/example_external_task_marker_dag.py
[2023-05-15T17:43:08.637+0530] {logging_mixin.py:149} INFO - [2023-05-15T17:43:08.637+0530] {dag.py:2726} INFO - Sync 2 DAGs
[2023-05-15T17:43:08.656+0530] {logging_mixin.py:149} INFO - [2023-05-15T17:43:08.656+0530] {dag.py:3486} INFO - Setting next_dagrun for example_external_task_marker_child to None, run_after=None
[2023-05-15T17:43:08.659+0530] {logging_mixin.py:149} INFO - [2023-05-15T17:43:08.659+0530] {dag.py:3486} INFO - Setting next_dagrun for example_external_task_marker_parent to None, run_after=None
[2023-05-15T17:43:08.734+0530] {processor.py:178} INFO - Processing /home/feuer/.local/lib/python3.10/site-packages/airflow/example_dags/example_external_task_marker_dag.py took 0.140 seconds
[2023-05-15T17:44:00.317+0530] {processor.py:156} INFO - Started process (PID=22399) to work on /home/feuer/.local/lib/python3.10/site-packages/airflow/example_dags/example_external_task_marker_dag.py
[2023-05-15T17:44:00.318+0530] {processor.py:799} INFO - Processing file /home/feuer/.local/lib/python3.10/site-packages/airflow/example_dags/example_external_task_marker_dag.py for tasks to queue
[2023-05-15T17:44:00.319+0530] {logging_mixin.py:149} INFO - [2023-05-15T17:44:00.318+0530] {dagbag.py:541} INFO - Filling up the DagBag from /home/feuer/.local/lib/python3.10/site-packages/airflow/example_dags/example_external_task_marker_dag.py
[2023-05-15T17:44:00.323+0530] {processor.py:809} INFO - DAG(s) dict_keys(['example_external_task_marker_child', 'example_external_task_marker_parent']) retrieved from /home/feuer/.local/lib/python3.10/site-packages/airflow/example_dags/example_external_task_marker_dag.py
[2023-05-15T17:44:00.341+0530] {logging_mixin.py:149} INFO - [2023-05-15T17:44:00.340+0530] {dag.py:2726} INFO - Sync 2 DAGs
[2023-05-15T17:44:00.351+0530] {logging_mixin.py:149} INFO - [2023-05-15T17:44:00.351+0530] {dag.py:3486} INFO - Setting next_dagrun for example_external_task_marker_child to None, run_after=None
[2023-05-15T17:44:00.353+0530] {logging_mixin.py:149} INFO - [2023-05-15T17:44:00.353+0530] {dag.py:3486} INFO - Setting next_dagrun for example_external_task_marker_parent to None, run_after=None
[2023-05-15T17:44:00.421+0530] {processor.py:178} INFO - Processing /home/feuer/.local/lib/python3.10/site-packages/airflow/example_dags/example_external_task_marker_dag.py took 0.106 seconds
[2023-05-15T17:44:56.512+0530] {processor.py:156} INFO - Started process (PID=22524) to work on /home/feuer/.local/lib/python3.10/site-packages/airflow/example_dags/example_external_task_marker_dag.py
[2023-05-15T17:44:56.512+0530] {processor.py:799} INFO - Processing file /home/feuer/.local/lib/python3.10/site-packages/airflow/example_dags/example_external_task_marker_dag.py for tasks to queue
[2023-05-15T17:44:56.513+0530] {logging_mixin.py:149} INFO - [2023-05-15T17:44:56.513+0530] {dagbag.py:541} INFO - Filling up the DagBag from /home/feuer/.local/lib/python3.10/site-packages/airflow/example_dags/example_external_task_marker_dag.py
[2023-05-15T17:44:56.516+0530] {processor.py:809} INFO - DAG(s) dict_keys(['example_external_task_marker_parent', 'example_external_task_marker_child']) retrieved from /home/feuer/.local/lib/python3.10/site-packages/airflow/example_dags/example_external_task_marker_dag.py
[2023-05-15T17:44:56.530+0530] {logging_mixin.py:149} INFO - [2023-05-15T17:44:56.530+0530] {dag.py:2726} INFO - Sync 2 DAGs
[2023-05-15T17:44:56.541+0530] {logging_mixin.py:149} INFO - [2023-05-15T17:44:56.540+0530] {dag.py:3486} INFO - Setting next_dagrun for example_external_task_marker_child to None, run_after=None
[2023-05-15T17:44:56.542+0530] {logging_mixin.py:149} INFO - [2023-05-15T17:44:56.542+0530] {dag.py:3486} INFO - Setting next_dagrun for example_external_task_marker_parent to None, run_after=None
[2023-05-15T17:44:56.619+0530] {processor.py:178} INFO - Processing /home/feuer/.local/lib/python3.10/site-packages/airflow/example_dags/example_external_task_marker_dag.py took 0.109 seconds
[2023-05-15T17:45:51.017+0530] {processor.py:156} INFO - Started process (PID=22658) to work on /home/feuer/.local/lib/python3.10/site-packages/airflow/example_dags/example_external_task_marker_dag.py
[2023-05-15T17:45:51.018+0530] {processor.py:799} INFO - Processing file /home/feuer/.local/lib/python3.10/site-packages/airflow/example_dags/example_external_task_marker_dag.py for tasks to queue
[2023-05-15T17:45:51.018+0530] {logging_mixin.py:149} INFO - [2023-05-15T17:45:51.018+0530] {dagbag.py:541} INFO - Filling up the DagBag from /home/feuer/.local/lib/python3.10/site-packages/airflow/example_dags/example_external_task_marker_dag.py
[2023-05-15T17:45:51.022+0530] {processor.py:809} INFO - DAG(s) dict_keys(['example_external_task_marker_parent', 'example_external_task_marker_child']) retrieved from /home/feuer/.local/lib/python3.10/site-packages/airflow/example_dags/example_external_task_marker_dag.py
[2023-05-15T17:45:51.036+0530] {logging_mixin.py:149} INFO - [2023-05-15T17:45:51.036+0530] {dag.py:2726} INFO - Sync 2 DAGs
[2023-05-15T17:45:51.047+0530] {logging_mixin.py:149} INFO - [2023-05-15T17:45:51.047+0530] {dag.py:3486} INFO - Setting next_dagrun for example_external_task_marker_child to None, run_after=None
[2023-05-15T17:45:51.048+0530] {logging_mixin.py:149} INFO - [2023-05-15T17:45:51.048+0530] {dag.py:3486} INFO - Setting next_dagrun for example_external_task_marker_parent to None, run_after=None
[2023-05-15T17:45:51.137+0530] {processor.py:178} INFO - Processing /home/feuer/.local/lib/python3.10/site-packages/airflow/example_dags/example_external_task_marker_dag.py took 0.122 seconds
[2023-05-15T17:46:45.582+0530] {processor.py:156} INFO - Started process (PID=22765) to work on /home/feuer/.local/lib/python3.10/site-packages/airflow/example_dags/example_external_task_marker_dag.py
[2023-05-15T17:46:45.583+0530] {processor.py:799} INFO - Processing file /home/feuer/.local/lib/python3.10/site-packages/airflow/example_dags/example_external_task_marker_dag.py for tasks to queue
[2023-05-15T17:46:45.583+0530] {logging_mixin.py:149} INFO - [2023-05-15T17:46:45.583+0530] {dagbag.py:541} INFO - Filling up the DagBag from /home/feuer/.local/lib/python3.10/site-packages/airflow/example_dags/example_external_task_marker_dag.py
[2023-05-15T17:46:45.590+0530] {processor.py:809} INFO - DAG(s) dict_keys(['example_external_task_marker_child', 'example_external_task_marker_parent']) retrieved from /home/feuer/.local/lib/python3.10/site-packages/airflow/example_dags/example_external_task_marker_dag.py
[2023-05-15T17:46:45.614+0530] {logging_mixin.py:149} INFO - [2023-05-15T17:46:45.613+0530] {dag.py:2726} INFO - Sync 2 DAGs
[2023-05-15T17:46:45.629+0530] {logging_mixin.py:149} INFO - [2023-05-15T17:46:45.629+0530] {dag.py:3486} INFO - Setting next_dagrun for example_external_task_marker_child to None, run_after=None
[2023-05-15T17:46:45.631+0530] {logging_mixin.py:149} INFO - [2023-05-15T17:46:45.631+0530] {dag.py:3486} INFO - Setting next_dagrun for example_external_task_marker_parent to None, run_after=None
[2023-05-15T17:46:45.715+0530] {processor.py:178} INFO - Processing /home/feuer/.local/lib/python3.10/site-packages/airflow/example_dags/example_external_task_marker_dag.py took 0.136 seconds
