[2023-05-15T17:40:43.302+0530] {processor.py:156} INFO - Started process (PID=21814) to work on /home/feuer/.local/lib/python3.10/site-packages/airflow/example_dags/example_xcom.py
[2023-05-15T17:40:43.303+0530] {processor.py:799} INFO - Processing file /home/feuer/.local/lib/python3.10/site-packages/airflow/example_dags/example_xcom.py for tasks to queue
[2023-05-15T17:40:43.303+0530] {logging_mixin.py:149} INFO - [2023-05-15T17:40:43.303+0530] {dagbag.py:541} INFO - Filling up the DagBag from /home/feuer/.local/lib/python3.10/site-packages/airflow/example_dags/example_xcom.py
[2023-05-15T17:40:43.448+0530] {processor.py:809} INFO - DAG(s) dict_keys(['example_xcom']) retrieved from /home/feuer/.local/lib/python3.10/site-packages/airflow/example_dags/example_xcom.py
[2023-05-15T17:40:43.496+0530] {logging_mixin.py:149} INFO - [2023-05-15T17:40:43.496+0530] {dag.py:2726} INFO - Sync 1 DAGs
[2023-05-15T17:40:43.518+0530] {logging_mixin.py:149} INFO - [2023-05-15T17:40:43.518+0530] {dag.py:3486} INFO - Setting next_dagrun for example_xcom to 2021-01-01T00:00:00+00:00, run_after=2021-01-01T00:00:00+00:00
[2023-05-15T17:40:43.674+0530] {processor.py:178} INFO - Processing /home/feuer/.local/lib/python3.10/site-packages/airflow/example_dags/example_xcom.py took 0.374 seconds
[2023-05-15T17:41:45.056+0530] {processor.py:156} INFO - Started process (PID=22029) to work on /home/feuer/.local/lib/python3.10/site-packages/airflow/example_dags/example_xcom.py
[2023-05-15T17:41:45.057+0530] {processor.py:799} INFO - Processing file /home/feuer/.local/lib/python3.10/site-packages/airflow/example_dags/example_xcom.py for tasks to queue
[2023-05-15T17:41:45.057+0530] {logging_mixin.py:149} INFO - [2023-05-15T17:41:45.057+0530] {dagbag.py:541} INFO - Filling up the DagBag from /home/feuer/.local/lib/python3.10/site-packages/airflow/example_dags/example_xcom.py
[2023-05-15T17:41:45.066+0530] {processor.py:809} INFO - DAG(s) dict_keys(['example_xcom']) retrieved from /home/feuer/.local/lib/python3.10/site-packages/airflow/example_dags/example_xcom.py
[2023-05-15T17:41:45.086+0530] {logging_mixin.py:149} INFO - [2023-05-15T17:41:45.086+0530] {dag.py:2726} INFO - Sync 1 DAGs
[2023-05-15T17:41:45.100+0530] {logging_mixin.py:149} INFO - [2023-05-15T17:41:45.100+0530] {dag.py:3486} INFO - Setting next_dagrun for example_xcom to 2021-01-01T00:00:00+00:00, run_after=2021-01-01T00:00:00+00:00
[2023-05-15T17:41:45.164+0530] {processor.py:178} INFO - Processing /home/feuer/.local/lib/python3.10/site-packages/airflow/example_dags/example_xcom.py took 0.112 seconds
[2023-05-15T17:42:39.133+0530] {processor.py:156} INFO - Started process (PID=22219) to work on /home/feuer/.local/lib/python3.10/site-packages/airflow/example_dags/example_xcom.py
[2023-05-15T17:42:39.134+0530] {processor.py:799} INFO - Processing file /home/feuer/.local/lib/python3.10/site-packages/airflow/example_dags/example_xcom.py for tasks to queue
[2023-05-15T17:42:39.135+0530] {logging_mixin.py:149} INFO - [2023-05-15T17:42:39.135+0530] {dagbag.py:541} INFO - Filling up the DagBag from /home/feuer/.local/lib/python3.10/site-packages/airflow/example_dags/example_xcom.py
[2023-05-15T17:42:39.143+0530] {processor.py:809} INFO - DAG(s) dict_keys(['example_xcom']) retrieved from /home/feuer/.local/lib/python3.10/site-packages/airflow/example_dags/example_xcom.py
[2023-05-15T17:42:39.163+0530] {logging_mixin.py:149} INFO - [2023-05-15T17:42:39.163+0530] {dag.py:2726} INFO - Sync 1 DAGs
[2023-05-15T17:42:39.180+0530] {logging_mixin.py:149} INFO - [2023-05-15T17:42:39.180+0530] {dag.py:3486} INFO - Setting next_dagrun for example_xcom to 2021-01-01T00:00:00+00:00, run_after=2021-01-01T00:00:00+00:00
[2023-05-15T17:42:39.306+0530] {processor.py:178} INFO - Processing /home/feuer/.local/lib/python3.10/site-packages/airflow/example_dags/example_xcom.py took 0.175 seconds
[2023-05-15T17:43:32.159+0530] {processor.py:156} INFO - Started process (PID=22337) to work on /home/feuer/.local/lib/python3.10/site-packages/airflow/example_dags/example_xcom.py
[2023-05-15T17:43:32.160+0530] {processor.py:799} INFO - Processing file /home/feuer/.local/lib/python3.10/site-packages/airflow/example_dags/example_xcom.py for tasks to queue
[2023-05-15T17:43:32.161+0530] {logging_mixin.py:149} INFO - [2023-05-15T17:43:32.161+0530] {dagbag.py:541} INFO - Filling up the DagBag from /home/feuer/.local/lib/python3.10/site-packages/airflow/example_dags/example_xcom.py
[2023-05-15T17:43:32.170+0530] {processor.py:809} INFO - DAG(s) dict_keys(['example_xcom']) retrieved from /home/feuer/.local/lib/python3.10/site-packages/airflow/example_dags/example_xcom.py
[2023-05-15T17:43:32.192+0530] {logging_mixin.py:149} INFO - [2023-05-15T17:43:32.192+0530] {dag.py:2726} INFO - Sync 1 DAGs
[2023-05-15T17:43:32.209+0530] {logging_mixin.py:149} INFO - [2023-05-15T17:43:32.209+0530] {dag.py:3486} INFO - Setting next_dagrun for example_xcom to 2021-01-01T00:00:00+00:00, run_after=2021-01-01T00:00:00+00:00
[2023-05-15T17:43:32.292+0530] {processor.py:178} INFO - Processing /home/feuer/.local/lib/python3.10/site-packages/airflow/example_dags/example_xcom.py took 0.136 seconds
[2023-05-15T17:44:26.426+0530] {processor.py:156} INFO - Started process (PID=22475) to work on /home/feuer/.local/lib/python3.10/site-packages/airflow/example_dags/example_xcom.py
[2023-05-15T17:44:26.437+0530] {processor.py:799} INFO - Processing file /home/feuer/.local/lib/python3.10/site-packages/airflow/example_dags/example_xcom.py for tasks to queue
[2023-05-15T17:44:26.437+0530] {logging_mixin.py:149} INFO - [2023-05-15T17:44:26.437+0530] {dagbag.py:541} INFO - Filling up the DagBag from /home/feuer/.local/lib/python3.10/site-packages/airflow/example_dags/example_xcom.py
[2023-05-15T17:44:26.446+0530] {processor.py:809} INFO - DAG(s) dict_keys(['example_xcom']) retrieved from /home/feuer/.local/lib/python3.10/site-packages/airflow/example_dags/example_xcom.py
[2023-05-15T17:44:26.467+0530] {logging_mixin.py:149} INFO - [2023-05-15T17:44:26.467+0530] {dag.py:2726} INFO - Sync 1 DAGs
[2023-05-15T17:44:26.484+0530] {logging_mixin.py:149} INFO - [2023-05-15T17:44:26.484+0530] {dag.py:3486} INFO - Setting next_dagrun for example_xcom to 2021-01-01T00:00:00+00:00, run_after=2021-01-01T00:00:00+00:00
[2023-05-15T17:44:26.569+0530] {processor.py:178} INFO - Processing /home/feuer/.local/lib/python3.10/site-packages/airflow/example_dags/example_xcom.py took 0.146 seconds
[2023-05-15T17:45:21.099+0530] {processor.py:156} INFO - Started process (PID=22584) to work on /home/feuer/.local/lib/python3.10/site-packages/airflow/example_dags/example_xcom.py
[2023-05-15T17:45:21.100+0530] {processor.py:799} INFO - Processing file /home/feuer/.local/lib/python3.10/site-packages/airflow/example_dags/example_xcom.py for tasks to queue
[2023-05-15T17:45:21.100+0530] {logging_mixin.py:149} INFO - [2023-05-15T17:45:21.100+0530] {dagbag.py:541} INFO - Filling up the DagBag from /home/feuer/.local/lib/python3.10/site-packages/airflow/example_dags/example_xcom.py
[2023-05-15T17:45:21.105+0530] {processor.py:809} INFO - DAG(s) dict_keys(['example_xcom']) retrieved from /home/feuer/.local/lib/python3.10/site-packages/airflow/example_dags/example_xcom.py
[2023-05-15T17:45:21.117+0530] {logging_mixin.py:149} INFO - [2023-05-15T17:45:21.117+0530] {dag.py:2726} INFO - Sync 1 DAGs
[2023-05-15T17:45:21.128+0530] {logging_mixin.py:149} INFO - [2023-05-15T17:45:21.128+0530] {dag.py:3486} INFO - Setting next_dagrun for example_xcom to 2021-01-01T00:00:00+00:00, run_after=2021-01-01T00:00:00+00:00
[2023-05-15T17:45:21.211+0530] {processor.py:178} INFO - Processing /home/feuer/.local/lib/python3.10/site-packages/airflow/example_dags/example_xcom.py took 0.114 seconds
[2023-05-15T17:46:15.859+0530] {processor.py:156} INFO - Started process (PID=22716) to work on /home/feuer/.local/lib/python3.10/site-packages/airflow/example_dags/example_xcom.py
[2023-05-15T17:46:15.860+0530] {processor.py:799} INFO - Processing file /home/feuer/.local/lib/python3.10/site-packages/airflow/example_dags/example_xcom.py for tasks to queue
[2023-05-15T17:46:15.860+0530] {logging_mixin.py:149} INFO - [2023-05-15T17:46:15.860+0530] {dagbag.py:541} INFO - Filling up the DagBag from /home/feuer/.local/lib/python3.10/site-packages/airflow/example_dags/example_xcom.py
[2023-05-15T17:46:15.865+0530] {processor.py:809} INFO - DAG(s) dict_keys(['example_xcom']) retrieved from /home/feuer/.local/lib/python3.10/site-packages/airflow/example_dags/example_xcom.py
[2023-05-15T17:46:15.877+0530] {logging_mixin.py:149} INFO - [2023-05-15T17:46:15.877+0530] {dag.py:2726} INFO - Sync 1 DAGs
[2023-05-15T17:46:15.888+0530] {logging_mixin.py:149} INFO - [2023-05-15T17:46:15.888+0530] {dag.py:3486} INFO - Setting next_dagrun for example_xcom to 2021-01-01T00:00:00+00:00, run_after=2021-01-01T00:00:00+00:00
[2023-05-15T17:46:15.969+0530] {processor.py:178} INFO - Processing /home/feuer/.local/lib/python3.10/site-packages/airflow/example_dags/example_xcom.py took 0.112 seconds
[2023-05-15T17:47:10.322+0530] {processor.py:156} INFO - Started process (PID=22823) to work on /home/feuer/.local/lib/python3.10/site-packages/airflow/example_dags/example_xcom.py
[2023-05-15T17:47:10.331+0530] {processor.py:799} INFO - Processing file /home/feuer/.local/lib/python3.10/site-packages/airflow/example_dags/example_xcom.py for tasks to queue
[2023-05-15T17:47:10.331+0530] {logging_mixin.py:149} INFO - [2023-05-15T17:47:10.331+0530] {dagbag.py:541} INFO - Filling up the DagBag from /home/feuer/.local/lib/python3.10/site-packages/airflow/example_dags/example_xcom.py
[2023-05-15T17:47:10.336+0530] {processor.py:809} INFO - DAG(s) dict_keys(['example_xcom']) retrieved from /home/feuer/.local/lib/python3.10/site-packages/airflow/example_dags/example_xcom.py
[2023-05-15T17:47:10.349+0530] {logging_mixin.py:149} INFO - [2023-05-15T17:47:10.349+0530] {dag.py:2726} INFO - Sync 1 DAGs
[2023-05-15T17:47:10.360+0530] {logging_mixin.py:149} INFO - [2023-05-15T17:47:10.360+0530] {dag.py:3486} INFO - Setting next_dagrun for example_xcom to 2021-01-01T00:00:00+00:00, run_after=2021-01-01T00:00:00+00:00
[2023-05-15T17:47:10.446+0530] {processor.py:178} INFO - Processing /home/feuer/.local/lib/python3.10/site-packages/airflow/example_dags/example_xcom.py took 0.126 seconds
