[2023-05-15T17:39:54.077+0530] {processor.py:156} INFO - Started process (PID=21603) to work on /home/feuer/.local/lib/python3.10/site-packages/airflow/example_dags/example_python_operator.py
[2023-05-15T17:39:54.077+0530] {processor.py:799} INFO - Processing file /home/feuer/.local/lib/python3.10/site-packages/airflow/example_dags/example_python_operator.py for tasks to queue
[2023-05-15T17:39:54.077+0530] {logging_mixin.py:149} INFO - [2023-05-15T17:39:54.077+0530] {dagbag.py:541} INFO - Filling up the DagBag from /home/feuer/.local/lib/python3.10/site-packages/airflow/example_dags/example_python_operator.py
[2023-05-15T17:39:54.097+0530] {logging_mixin.py:149} INFO - [2023-05-15T17:39:54.096+0530] {taskmixin.py:211} WARNING - Dependency <Task(_PythonDecoratedOperator): print_the_context>, log_sql_query already registered for DAG: example_python_operator
[2023-05-15T17:39:54.097+0530] {logging_mixin.py:149} INFO - [2023-05-15T17:39:54.097+0530] {taskmixin.py:211} WARNING - Dependency <Task(_PythonDecoratedOperator): log_sql_query>, print_the_context already registered for DAG: example_python_operator
[2023-05-15T17:39:54.097+0530] {logging_mixin.py:149} INFO - [2023-05-15T17:39:54.097+0530] {taskmixin.py:211} WARNING - Dependency <Task(_PythonDecoratedOperator): print_the_context>, log_sql_query already registered for DAG: example_python_operator
[2023-05-15T17:39:54.097+0530] {logging_mixin.py:149} INFO - [2023-05-15T17:39:54.097+0530] {taskmixin.py:211} WARNING - Dependency <Task(_PythonDecoratedOperator): log_sql_query>, print_the_context already registered for DAG: example_python_operator
[2023-05-15T17:39:54.098+0530] {logging_mixin.py:149} INFO - [2023-05-15T17:39:54.098+0530] {taskmixin.py:211} WARNING - Dependency <Task(_PythonDecoratedOperator): print_the_context>, log_sql_query already registered for DAG: example_python_operator
[2023-05-15T17:39:54.098+0530] {logging_mixin.py:149} INFO - [2023-05-15T17:39:54.098+0530] {taskmixin.py:211} WARNING - Dependency <Task(_PythonDecoratedOperator): log_sql_query>, print_the_context already registered for DAG: example_python_operator
[2023-05-15T17:39:54.098+0530] {logging_mixin.py:149} INFO - [2023-05-15T17:39:54.098+0530] {taskmixin.py:211} WARNING - Dependency <Task(_PythonDecoratedOperator): print_the_context>, log_sql_query already registered for DAG: example_python_operator
[2023-05-15T17:39:54.098+0530] {logging_mixin.py:149} INFO - [2023-05-15T17:39:54.098+0530] {taskmixin.py:211} WARNING - Dependency <Task(_PythonDecoratedOperator): log_sql_query>, print_the_context already registered for DAG: example_python_operator
[2023-05-15T17:39:54.099+0530] {logging_mixin.py:149} INFO - [2023-05-15T17:39:54.098+0530] {example_python_operator.py:90} WARNING - The virtalenv_python example task requires virtualenv, please install it.
[2023-05-15T17:39:54.099+0530] {processor.py:809} INFO - DAG(s) dict_keys(['example_python_operator']) retrieved from /home/feuer/.local/lib/python3.10/site-packages/airflow/example_dags/example_python_operator.py
[2023-05-15T17:39:54.237+0530] {logging_mixin.py:149} INFO - [2023-05-15T17:39:54.237+0530] {dag.py:2726} INFO - Sync 1 DAGs
[2023-05-15T17:39:54.252+0530] {logging_mixin.py:149} INFO - [2023-05-15T17:39:54.251+0530] {dag.py:3486} INFO - Setting next_dagrun for example_python_operator to None, run_after=None
[2023-05-15T17:39:54.439+0530] {processor.py:178} INFO - Processing /home/feuer/.local/lib/python3.10/site-packages/airflow/example_dags/example_python_operator.py took 0.364 seconds
[2023-05-15T17:41:04.079+0530] {processor.py:156} INFO - Started process (PID=21881) to work on /home/feuer/.local/lib/python3.10/site-packages/airflow/example_dags/example_python_operator.py
[2023-05-15T17:41:04.080+0530] {processor.py:799} INFO - Processing file /home/feuer/.local/lib/python3.10/site-packages/airflow/example_dags/example_python_operator.py for tasks to queue
[2023-05-15T17:41:04.081+0530] {logging_mixin.py:149} INFO - [2023-05-15T17:41:04.080+0530] {dagbag.py:541} INFO - Filling up the DagBag from /home/feuer/.local/lib/python3.10/site-packages/airflow/example_dags/example_python_operator.py
[2023-05-15T17:41:04.088+0530] {logging_mixin.py:149} INFO - [2023-05-15T17:41:04.087+0530] {taskmixin.py:211} WARNING - Dependency <Task(_PythonDecoratedOperator): print_the_context>, log_sql_query already registered for DAG: example_python_operator
[2023-05-15T17:41:04.088+0530] {logging_mixin.py:149} INFO - [2023-05-15T17:41:04.088+0530] {taskmixin.py:211} WARNING - Dependency <Task(_PythonDecoratedOperator): log_sql_query>, print_the_context already registered for DAG: example_python_operator
[2023-05-15T17:41:04.089+0530] {logging_mixin.py:149} INFO - [2023-05-15T17:41:04.089+0530] {taskmixin.py:211} WARNING - Dependency <Task(_PythonDecoratedOperator): print_the_context>, log_sql_query already registered for DAG: example_python_operator
[2023-05-15T17:41:04.089+0530] {logging_mixin.py:149} INFO - [2023-05-15T17:41:04.089+0530] {taskmixin.py:211} WARNING - Dependency <Task(_PythonDecoratedOperator): log_sql_query>, print_the_context already registered for DAG: example_python_operator
[2023-05-15T17:41:04.090+0530] {logging_mixin.py:149} INFO - [2023-05-15T17:41:04.090+0530] {taskmixin.py:211} WARNING - Dependency <Task(_PythonDecoratedOperator): print_the_context>, log_sql_query already registered for DAG: example_python_operator
[2023-05-15T17:41:04.090+0530] {logging_mixin.py:149} INFO - [2023-05-15T17:41:04.090+0530] {taskmixin.py:211} WARNING - Dependency <Task(_PythonDecoratedOperator): log_sql_query>, print_the_context already registered for DAG: example_python_operator
[2023-05-15T17:41:04.091+0530] {logging_mixin.py:149} INFO - [2023-05-15T17:41:04.091+0530] {taskmixin.py:211} WARNING - Dependency <Task(_PythonDecoratedOperator): print_the_context>, log_sql_query already registered for DAG: example_python_operator
[2023-05-15T17:41:04.091+0530] {logging_mixin.py:149} INFO - [2023-05-15T17:41:04.091+0530] {taskmixin.py:211} WARNING - Dependency <Task(_PythonDecoratedOperator): log_sql_query>, print_the_context already registered for DAG: example_python_operator
[2023-05-15T17:41:04.091+0530] {logging_mixin.py:149} INFO - [2023-05-15T17:41:04.091+0530] {example_python_operator.py:90} WARNING - The virtalenv_python example task requires virtualenv, please install it.
[2023-05-15T17:41:04.092+0530] {processor.py:809} INFO - DAG(s) dict_keys(['example_python_operator']) retrieved from /home/feuer/.local/lib/python3.10/site-packages/airflow/example_dags/example_python_operator.py
[2023-05-15T17:41:04.129+0530] {logging_mixin.py:149} INFO - [2023-05-15T17:41:04.129+0530] {dag.py:2726} INFO - Sync 1 DAGs
[2023-05-15T17:41:04.148+0530] {logging_mixin.py:149} INFO - [2023-05-15T17:41:04.148+0530] {dag.py:3486} INFO - Setting next_dagrun for example_python_operator to None, run_after=None
[2023-05-15T17:41:04.344+0530] {processor.py:178} INFO - Processing /home/feuer/.local/lib/python3.10/site-packages/airflow/example_dags/example_python_operator.py took 0.267 seconds
[2023-05-15T17:42:03.339+0530] {processor.py:156} INFO - Started process (PID=22080) to work on /home/feuer/.local/lib/python3.10/site-packages/airflow/example_dags/example_python_operator.py
[2023-05-15T17:42:03.355+0530] {processor.py:799} INFO - Processing file /home/feuer/.local/lib/python3.10/site-packages/airflow/example_dags/example_python_operator.py for tasks to queue
[2023-05-15T17:42:03.355+0530] {logging_mixin.py:149} INFO - [2023-05-15T17:42:03.355+0530] {dagbag.py:541} INFO - Filling up the DagBag from /home/feuer/.local/lib/python3.10/site-packages/airflow/example_dags/example_python_operator.py
[2023-05-15T17:42:03.362+0530] {logging_mixin.py:149} INFO - [2023-05-15T17:42:03.362+0530] {taskmixin.py:211} WARNING - Dependency <Task(_PythonDecoratedOperator): print_the_context>, log_sql_query already registered for DAG: example_python_operator
[2023-05-15T17:42:03.363+0530] {logging_mixin.py:149} INFO - [2023-05-15T17:42:03.362+0530] {taskmixin.py:211} WARNING - Dependency <Task(_PythonDecoratedOperator): log_sql_query>, print_the_context already registered for DAG: example_python_operator
[2023-05-15T17:42:03.363+0530] {logging_mixin.py:149} INFO - [2023-05-15T17:42:03.363+0530] {taskmixin.py:211} WARNING - Dependency <Task(_PythonDecoratedOperator): print_the_context>, log_sql_query already registered for DAG: example_python_operator
[2023-05-15T17:42:03.364+0530] {logging_mixin.py:149} INFO - [2023-05-15T17:42:03.363+0530] {taskmixin.py:211} WARNING - Dependency <Task(_PythonDecoratedOperator): log_sql_query>, print_the_context already registered for DAG: example_python_operator
[2023-05-15T17:42:03.364+0530] {logging_mixin.py:149} INFO - [2023-05-15T17:42:03.364+0530] {taskmixin.py:211} WARNING - Dependency <Task(_PythonDecoratedOperator): print_the_context>, log_sql_query already registered for DAG: example_python_operator
[2023-05-15T17:42:03.365+0530] {logging_mixin.py:149} INFO - [2023-05-15T17:42:03.364+0530] {taskmixin.py:211} WARNING - Dependency <Task(_PythonDecoratedOperator): log_sql_query>, print_the_context already registered for DAG: example_python_operator
[2023-05-15T17:42:03.365+0530] {logging_mixin.py:149} INFO - [2023-05-15T17:42:03.365+0530] {taskmixin.py:211} WARNING - Dependency <Task(_PythonDecoratedOperator): print_the_context>, log_sql_query already registered for DAG: example_python_operator
[2023-05-15T17:42:03.366+0530] {logging_mixin.py:149} INFO - [2023-05-15T17:42:03.365+0530] {taskmixin.py:211} WARNING - Dependency <Task(_PythonDecoratedOperator): log_sql_query>, print_the_context already registered for DAG: example_python_operator
[2023-05-15T17:42:03.366+0530] {logging_mixin.py:149} INFO - [2023-05-15T17:42:03.366+0530] {example_python_operator.py:90} WARNING - The virtalenv_python example task requires virtualenv, please install it.
[2023-05-15T17:42:03.366+0530] {processor.py:809} INFO - DAG(s) dict_keys(['example_python_operator']) retrieved from /home/feuer/.local/lib/python3.10/site-packages/airflow/example_dags/example_python_operator.py
[2023-05-15T17:42:03.387+0530] {logging_mixin.py:149} INFO - [2023-05-15T17:42:03.387+0530] {dag.py:2726} INFO - Sync 1 DAGs
[2023-05-15T17:42:03.406+0530] {logging_mixin.py:149} INFO - [2023-05-15T17:42:03.406+0530] {dag.py:3486} INFO - Setting next_dagrun for example_python_operator to None, run_after=None
[2023-05-15T17:42:03.482+0530] {processor.py:178} INFO - Processing /home/feuer/.local/lib/python3.10/site-packages/airflow/example_dags/example_python_operator.py took 0.147 seconds
[2023-05-15T17:42:55.709+0530] {processor.py:156} INFO - Started process (PID=22262) to work on /home/feuer/.local/lib/python3.10/site-packages/airflow/example_dags/example_python_operator.py
[2023-05-15T17:42:55.735+0530] {processor.py:799} INFO - Processing file /home/feuer/.local/lib/python3.10/site-packages/airflow/example_dags/example_python_operator.py for tasks to queue
[2023-05-15T17:42:55.736+0530] {logging_mixin.py:149} INFO - [2023-05-15T17:42:55.736+0530] {dagbag.py:541} INFO - Filling up the DagBag from /home/feuer/.local/lib/python3.10/site-packages/airflow/example_dags/example_python_operator.py
[2023-05-15T17:42:55.743+0530] {logging_mixin.py:149} INFO - [2023-05-15T17:42:55.743+0530] {taskmixin.py:211} WARNING - Dependency <Task(_PythonDecoratedOperator): print_the_context>, log_sql_query already registered for DAG: example_python_operator
[2023-05-15T17:42:55.743+0530] {logging_mixin.py:149} INFO - [2023-05-15T17:42:55.743+0530] {taskmixin.py:211} WARNING - Dependency <Task(_PythonDecoratedOperator): log_sql_query>, print_the_context already registered for DAG: example_python_operator
[2023-05-15T17:42:55.744+0530] {logging_mixin.py:149} INFO - [2023-05-15T17:42:55.744+0530] {taskmixin.py:211} WARNING - Dependency <Task(_PythonDecoratedOperator): print_the_context>, log_sql_query already registered for DAG: example_python_operator
[2023-05-15T17:42:55.744+0530] {logging_mixin.py:149} INFO - [2023-05-15T17:42:55.744+0530] {taskmixin.py:211} WARNING - Dependency <Task(_PythonDecoratedOperator): log_sql_query>, print_the_context already registered for DAG: example_python_operator
[2023-05-15T17:42:55.745+0530] {logging_mixin.py:149} INFO - [2023-05-15T17:42:55.745+0530] {taskmixin.py:211} WARNING - Dependency <Task(_PythonDecoratedOperator): print_the_context>, log_sql_query already registered for DAG: example_python_operator
[2023-05-15T17:42:55.745+0530] {logging_mixin.py:149} INFO - [2023-05-15T17:42:55.745+0530] {taskmixin.py:211} WARNING - Dependency <Task(_PythonDecoratedOperator): log_sql_query>, print_the_context already registered for DAG: example_python_operator
[2023-05-15T17:42:55.746+0530] {logging_mixin.py:149} INFO - [2023-05-15T17:42:55.746+0530] {taskmixin.py:211} WARNING - Dependency <Task(_PythonDecoratedOperator): print_the_context>, log_sql_query already registered for DAG: example_python_operator
[2023-05-15T17:42:55.746+0530] {logging_mixin.py:149} INFO - [2023-05-15T17:42:55.746+0530] {taskmixin.py:211} WARNING - Dependency <Task(_PythonDecoratedOperator): log_sql_query>, print_the_context already registered for DAG: example_python_operator
[2023-05-15T17:42:55.747+0530] {logging_mixin.py:149} INFO - [2023-05-15T17:42:55.747+0530] {example_python_operator.py:90} WARNING - The virtalenv_python example task requires virtualenv, please install it.
[2023-05-15T17:42:55.747+0530] {processor.py:809} INFO - DAG(s) dict_keys(['example_python_operator']) retrieved from /home/feuer/.local/lib/python3.10/site-packages/airflow/example_dags/example_python_operator.py
[2023-05-15T17:42:55.769+0530] {logging_mixin.py:149} INFO - [2023-05-15T17:42:55.769+0530] {dag.py:2726} INFO - Sync 1 DAGs
[2023-05-15T17:42:55.790+0530] {logging_mixin.py:149} INFO - [2023-05-15T17:42:55.790+0530] {dag.py:3486} INFO - Setting next_dagrun for example_python_operator to None, run_after=None
[2023-05-15T17:42:55.868+0530] {processor.py:178} INFO - Processing /home/feuer/.local/lib/python3.10/site-packages/airflow/example_dags/example_python_operator.py took 0.162 seconds
[2023-05-15T17:43:48.421+0530] {processor.py:156} INFO - Started process (PID=22378) to work on /home/feuer/.local/lib/python3.10/site-packages/airflow/example_dags/example_python_operator.py
[2023-05-15T17:43:48.422+0530] {processor.py:799} INFO - Processing file /home/feuer/.local/lib/python3.10/site-packages/airflow/example_dags/example_python_operator.py for tasks to queue
[2023-05-15T17:43:48.422+0530] {logging_mixin.py:149} INFO - [2023-05-15T17:43:48.422+0530] {dagbag.py:541} INFO - Filling up the DagBag from /home/feuer/.local/lib/python3.10/site-packages/airflow/example_dags/example_python_operator.py
[2023-05-15T17:43:48.428+0530] {logging_mixin.py:149} INFO - [2023-05-15T17:43:48.428+0530] {taskmixin.py:211} WARNING - Dependency <Task(_PythonDecoratedOperator): print_the_context>, log_sql_query already registered for DAG: example_python_operator
[2023-05-15T17:43:48.428+0530] {logging_mixin.py:149} INFO - [2023-05-15T17:43:48.428+0530] {taskmixin.py:211} WARNING - Dependency <Task(_PythonDecoratedOperator): log_sql_query>, print_the_context already registered for DAG: example_python_operator
[2023-05-15T17:43:48.429+0530] {logging_mixin.py:149} INFO - [2023-05-15T17:43:48.429+0530] {taskmixin.py:211} WARNING - Dependency <Task(_PythonDecoratedOperator): print_the_context>, log_sql_query already registered for DAG: example_python_operator
[2023-05-15T17:43:48.429+0530] {logging_mixin.py:149} INFO - [2023-05-15T17:43:48.429+0530] {taskmixin.py:211} WARNING - Dependency <Task(_PythonDecoratedOperator): log_sql_query>, print_the_context already registered for DAG: example_python_operator
[2023-05-15T17:43:48.429+0530] {logging_mixin.py:149} INFO - [2023-05-15T17:43:48.429+0530] {taskmixin.py:211} WARNING - Dependency <Task(_PythonDecoratedOperator): print_the_context>, log_sql_query already registered for DAG: example_python_operator
[2023-05-15T17:43:48.430+0530] {logging_mixin.py:149} INFO - [2023-05-15T17:43:48.430+0530] {taskmixin.py:211} WARNING - Dependency <Task(_PythonDecoratedOperator): log_sql_query>, print_the_context already registered for DAG: example_python_operator
[2023-05-15T17:43:48.430+0530] {logging_mixin.py:149} INFO - [2023-05-15T17:43:48.430+0530] {taskmixin.py:211} WARNING - Dependency <Task(_PythonDecoratedOperator): print_the_context>, log_sql_query already registered for DAG: example_python_operator
[2023-05-15T17:43:48.430+0530] {logging_mixin.py:149} INFO - [2023-05-15T17:43:48.430+0530] {taskmixin.py:211} WARNING - Dependency <Task(_PythonDecoratedOperator): log_sql_query>, print_the_context already registered for DAG: example_python_operator
[2023-05-15T17:43:48.431+0530] {logging_mixin.py:149} INFO - [2023-05-15T17:43:48.431+0530] {example_python_operator.py:90} WARNING - The virtalenv_python example task requires virtualenv, please install it.
[2023-05-15T17:43:48.431+0530] {processor.py:809} INFO - DAG(s) dict_keys(['example_python_operator']) retrieved from /home/feuer/.local/lib/python3.10/site-packages/airflow/example_dags/example_python_operator.py
[2023-05-15T17:43:48.444+0530] {logging_mixin.py:149} INFO - [2023-05-15T17:43:48.444+0530] {dag.py:2726} INFO - Sync 1 DAGs
[2023-05-15T17:43:48.455+0530] {logging_mixin.py:149} INFO - [2023-05-15T17:43:48.455+0530] {dag.py:3486} INFO - Setting next_dagrun for example_python_operator to None, run_after=None
[2023-05-15T17:43:48.546+0530] {processor.py:178} INFO - Processing /home/feuer/.local/lib/python3.10/site-packages/airflow/example_dags/example_python_operator.py took 0.128 seconds
[2023-05-15T17:44:44.157+0530] {processor.py:156} INFO - Started process (PID=22512) to work on /home/feuer/.local/lib/python3.10/site-packages/airflow/example_dags/example_python_operator.py
[2023-05-15T17:44:44.157+0530] {processor.py:799} INFO - Processing file /home/feuer/.local/lib/python3.10/site-packages/airflow/example_dags/example_python_operator.py for tasks to queue
[2023-05-15T17:44:44.158+0530] {logging_mixin.py:149} INFO - [2023-05-15T17:44:44.158+0530] {dagbag.py:541} INFO - Filling up the DagBag from /home/feuer/.local/lib/python3.10/site-packages/airflow/example_dags/example_python_operator.py
[2023-05-15T17:44:44.164+0530] {logging_mixin.py:149} INFO - [2023-05-15T17:44:44.163+0530] {taskmixin.py:211} WARNING - Dependency <Task(_PythonDecoratedOperator): print_the_context>, log_sql_query already registered for DAG: example_python_operator
[2023-05-15T17:44:44.164+0530] {logging_mixin.py:149} INFO - [2023-05-15T17:44:44.164+0530] {taskmixin.py:211} WARNING - Dependency <Task(_PythonDecoratedOperator): log_sql_query>, print_the_context already registered for DAG: example_python_operator
[2023-05-15T17:44:44.164+0530] {logging_mixin.py:149} INFO - [2023-05-15T17:44:44.164+0530] {taskmixin.py:211} WARNING - Dependency <Task(_PythonDecoratedOperator): print_the_context>, log_sql_query already registered for DAG: example_python_operator
[2023-05-15T17:44:44.164+0530] {logging_mixin.py:149} INFO - [2023-05-15T17:44:44.164+0530] {taskmixin.py:211} WARNING - Dependency <Task(_PythonDecoratedOperator): log_sql_query>, print_the_context already registered for DAG: example_python_operator
[2023-05-15T17:44:44.165+0530] {logging_mixin.py:149} INFO - [2023-05-15T17:44:44.165+0530] {taskmixin.py:211} WARNING - Dependency <Task(_PythonDecoratedOperator): print_the_context>, log_sql_query already registered for DAG: example_python_operator
[2023-05-15T17:44:44.165+0530] {logging_mixin.py:149} INFO - [2023-05-15T17:44:44.165+0530] {taskmixin.py:211} WARNING - Dependency <Task(_PythonDecoratedOperator): log_sql_query>, print_the_context already registered for DAG: example_python_operator
[2023-05-15T17:44:44.166+0530] {logging_mixin.py:149} INFO - [2023-05-15T17:44:44.166+0530] {taskmixin.py:211} WARNING - Dependency <Task(_PythonDecoratedOperator): print_the_context>, log_sql_query already registered for DAG: example_python_operator
[2023-05-15T17:44:44.166+0530] {logging_mixin.py:149} INFO - [2023-05-15T17:44:44.166+0530] {taskmixin.py:211} WARNING - Dependency <Task(_PythonDecoratedOperator): log_sql_query>, print_the_context already registered for DAG: example_python_operator
[2023-05-15T17:44:44.166+0530] {logging_mixin.py:149} INFO - [2023-05-15T17:44:44.166+0530] {example_python_operator.py:90} WARNING - The virtalenv_python example task requires virtualenv, please install it.
[2023-05-15T17:44:44.166+0530] {processor.py:809} INFO - DAG(s) dict_keys(['example_python_operator']) retrieved from /home/feuer/.local/lib/python3.10/site-packages/airflow/example_dags/example_python_operator.py
[2023-05-15T17:44:44.179+0530] {logging_mixin.py:149} INFO - [2023-05-15T17:44:44.179+0530] {dag.py:2726} INFO - Sync 1 DAGs
[2023-05-15T17:44:44.190+0530] {logging_mixin.py:149} INFO - [2023-05-15T17:44:44.190+0530] {dag.py:3486} INFO - Setting next_dagrun for example_python_operator to None, run_after=None
[2023-05-15T17:44:44.270+0530] {processor.py:178} INFO - Processing /home/feuer/.local/lib/python3.10/site-packages/airflow/example_dags/example_python_operator.py took 0.116 seconds
[2023-05-15T17:45:38.179+0530] {processor.py:156} INFO - Started process (PID=22647) to work on /home/feuer/.local/lib/python3.10/site-packages/airflow/example_dags/example_python_operator.py
[2023-05-15T17:45:38.180+0530] {processor.py:799} INFO - Processing file /home/feuer/.local/lib/python3.10/site-packages/airflow/example_dags/example_python_operator.py for tasks to queue
[2023-05-15T17:45:38.180+0530] {logging_mixin.py:149} INFO - [2023-05-15T17:45:38.180+0530] {dagbag.py:541} INFO - Filling up the DagBag from /home/feuer/.local/lib/python3.10/site-packages/airflow/example_dags/example_python_operator.py
[2023-05-15T17:45:38.188+0530] {logging_mixin.py:149} INFO - [2023-05-15T17:45:38.188+0530] {taskmixin.py:211} WARNING - Dependency <Task(_PythonDecoratedOperator): print_the_context>, log_sql_query already registered for DAG: example_python_operator
[2023-05-15T17:45:38.188+0530] {logging_mixin.py:149} INFO - [2023-05-15T17:45:38.188+0530] {taskmixin.py:211} WARNING - Dependency <Task(_PythonDecoratedOperator): log_sql_query>, print_the_context already registered for DAG: example_python_operator
[2023-05-15T17:45:38.189+0530] {logging_mixin.py:149} INFO - [2023-05-15T17:45:38.189+0530] {taskmixin.py:211} WARNING - Dependency <Task(_PythonDecoratedOperator): print_the_context>, log_sql_query already registered for DAG: example_python_operator
[2023-05-15T17:45:38.189+0530] {logging_mixin.py:149} INFO - [2023-05-15T17:45:38.189+0530] {taskmixin.py:211} WARNING - Dependency <Task(_PythonDecoratedOperator): log_sql_query>, print_the_context already registered for DAG: example_python_operator
[2023-05-15T17:45:38.190+0530] {logging_mixin.py:149} INFO - [2023-05-15T17:45:38.190+0530] {taskmixin.py:211} WARNING - Dependency <Task(_PythonDecoratedOperator): print_the_context>, log_sql_query already registered for DAG: example_python_operator
[2023-05-15T17:45:38.190+0530] {logging_mixin.py:149} INFO - [2023-05-15T17:45:38.190+0530] {taskmixin.py:211} WARNING - Dependency <Task(_PythonDecoratedOperator): log_sql_query>, print_the_context already registered for DAG: example_python_operator
[2023-05-15T17:45:38.191+0530] {logging_mixin.py:149} INFO - [2023-05-15T17:45:38.191+0530] {taskmixin.py:211} WARNING - Dependency <Task(_PythonDecoratedOperator): print_the_context>, log_sql_query already registered for DAG: example_python_operator
[2023-05-15T17:45:38.191+0530] {logging_mixin.py:149} INFO - [2023-05-15T17:45:38.191+0530] {taskmixin.py:211} WARNING - Dependency <Task(_PythonDecoratedOperator): log_sql_query>, print_the_context already registered for DAG: example_python_operator
[2023-05-15T17:45:38.191+0530] {logging_mixin.py:149} INFO - [2023-05-15T17:45:38.191+0530] {example_python_operator.py:90} WARNING - The virtalenv_python example task requires virtualenv, please install it.
[2023-05-15T17:45:38.192+0530] {processor.py:809} INFO - DAG(s) dict_keys(['example_python_operator']) retrieved from /home/feuer/.local/lib/python3.10/site-packages/airflow/example_dags/example_python_operator.py
[2023-05-15T17:45:38.213+0530] {logging_mixin.py:149} INFO - [2023-05-15T17:45:38.213+0530] {dag.py:2726} INFO - Sync 1 DAGs
[2023-05-15T17:45:38.227+0530] {logging_mixin.py:149} INFO - [2023-05-15T17:45:38.227+0530] {dag.py:3486} INFO - Setting next_dagrun for example_python_operator to None, run_after=None
[2023-05-15T17:45:38.301+0530] {processor.py:178} INFO - Processing /home/feuer/.local/lib/python3.10/site-packages/airflow/example_dags/example_python_operator.py took 0.125 seconds
[2023-05-15T17:46:32.893+0530] {processor.py:156} INFO - Started process (PID=22754) to work on /home/feuer/.local/lib/python3.10/site-packages/airflow/example_dags/example_python_operator.py
[2023-05-15T17:46:32.898+0530] {processor.py:799} INFO - Processing file /home/feuer/.local/lib/python3.10/site-packages/airflow/example_dags/example_python_operator.py for tasks to queue
[2023-05-15T17:46:32.899+0530] {logging_mixin.py:149} INFO - [2023-05-15T17:46:32.898+0530] {dagbag.py:541} INFO - Filling up the DagBag from /home/feuer/.local/lib/python3.10/site-packages/airflow/example_dags/example_python_operator.py
[2023-05-15T17:46:32.904+0530] {logging_mixin.py:149} INFO - [2023-05-15T17:46:32.904+0530] {taskmixin.py:211} WARNING - Dependency <Task(_PythonDecoratedOperator): print_the_context>, log_sql_query already registered for DAG: example_python_operator
[2023-05-15T17:46:32.904+0530] {logging_mixin.py:149} INFO - [2023-05-15T17:46:32.904+0530] {taskmixin.py:211} WARNING - Dependency <Task(_PythonDecoratedOperator): log_sql_query>, print_the_context already registered for DAG: example_python_operator
[2023-05-15T17:46:32.904+0530] {logging_mixin.py:149} INFO - [2023-05-15T17:46:32.904+0530] {taskmixin.py:211} WARNING - Dependency <Task(_PythonDecoratedOperator): print_the_context>, log_sql_query already registered for DAG: example_python_operator
[2023-05-15T17:46:32.905+0530] {logging_mixin.py:149} INFO - [2023-05-15T17:46:32.905+0530] {taskmixin.py:211} WARNING - Dependency <Task(_PythonDecoratedOperator): log_sql_query>, print_the_context already registered for DAG: example_python_operator
[2023-05-15T17:46:32.905+0530] {logging_mixin.py:149} INFO - [2023-05-15T17:46:32.905+0530] {taskmixin.py:211} WARNING - Dependency <Task(_PythonDecoratedOperator): print_the_context>, log_sql_query already registered for DAG: example_python_operator
[2023-05-15T17:46:32.905+0530] {logging_mixin.py:149} INFO - [2023-05-15T17:46:32.905+0530] {taskmixin.py:211} WARNING - Dependency <Task(_PythonDecoratedOperator): log_sql_query>, print_the_context already registered for DAG: example_python_operator
[2023-05-15T17:46:32.906+0530] {logging_mixin.py:149} INFO - [2023-05-15T17:46:32.906+0530] {taskmixin.py:211} WARNING - Dependency <Task(_PythonDecoratedOperator): print_the_context>, log_sql_query already registered for DAG: example_python_operator
[2023-05-15T17:46:32.906+0530] {logging_mixin.py:149} INFO - [2023-05-15T17:46:32.906+0530] {taskmixin.py:211} WARNING - Dependency <Task(_PythonDecoratedOperator): log_sql_query>, print_the_context already registered for DAG: example_python_operator
[2023-05-15T17:46:32.906+0530] {logging_mixin.py:149} INFO - [2023-05-15T17:46:32.906+0530] {example_python_operator.py:90} WARNING - The virtalenv_python example task requires virtualenv, please install it.
[2023-05-15T17:46:32.906+0530] {processor.py:809} INFO - DAG(s) dict_keys(['example_python_operator']) retrieved from /home/feuer/.local/lib/python3.10/site-packages/airflow/example_dags/example_python_operator.py
[2023-05-15T17:46:32.918+0530] {logging_mixin.py:149} INFO - [2023-05-15T17:46:32.918+0530] {dag.py:2726} INFO - Sync 1 DAGs
[2023-05-15T17:46:32.929+0530] {logging_mixin.py:149} INFO - [2023-05-15T17:46:32.929+0530] {dag.py:3486} INFO - Setting next_dagrun for example_python_operator to None, run_after=None
[2023-05-15T17:46:33.010+0530] {processor.py:178} INFO - Processing /home/feuer/.local/lib/python3.10/site-packages/airflow/example_dags/example_python_operator.py took 0.120 seconds
[2023-05-15T17:47:26.617+0530] {processor.py:156} INFO - Started process (PID=22931) to work on /home/feuer/.local/lib/python3.10/site-packages/airflow/example_dags/example_python_operator.py
[2023-05-15T17:47:26.619+0530] {processor.py:799} INFO - Processing file /home/feuer/.local/lib/python3.10/site-packages/airflow/example_dags/example_python_operator.py for tasks to queue
[2023-05-15T17:47:26.619+0530] {logging_mixin.py:149} INFO - [2023-05-15T17:47:26.619+0530] {dagbag.py:541} INFO - Filling up the DagBag from /home/feuer/.local/lib/python3.10/site-packages/airflow/example_dags/example_python_operator.py
[2023-05-15T17:47:26.624+0530] {logging_mixin.py:149} INFO - [2023-05-15T17:47:26.623+0530] {taskmixin.py:211} WARNING - Dependency <Task(_PythonDecoratedOperator): print_the_context>, log_sql_query already registered for DAG: example_python_operator
[2023-05-15T17:47:26.624+0530] {logging_mixin.py:149} INFO - [2023-05-15T17:47:26.624+0530] {taskmixin.py:211} WARNING - Dependency <Task(_PythonDecoratedOperator): log_sql_query>, print_the_context already registered for DAG: example_python_operator
[2023-05-15T17:47:26.624+0530] {logging_mixin.py:149} INFO - [2023-05-15T17:47:26.624+0530] {taskmixin.py:211} WARNING - Dependency <Task(_PythonDecoratedOperator): print_the_context>, log_sql_query already registered for DAG: example_python_operator
[2023-05-15T17:47:26.624+0530] {logging_mixin.py:149} INFO - [2023-05-15T17:47:26.624+0530] {taskmixin.py:211} WARNING - Dependency <Task(_PythonDecoratedOperator): log_sql_query>, print_the_context already registered for DAG: example_python_operator
[2023-05-15T17:47:26.625+0530] {logging_mixin.py:149} INFO - [2023-05-15T17:47:26.625+0530] {taskmixin.py:211} WARNING - Dependency <Task(_PythonDecoratedOperator): print_the_context>, log_sql_query already registered for DAG: example_python_operator
[2023-05-15T17:47:26.625+0530] {logging_mixin.py:149} INFO - [2023-05-15T17:47:26.625+0530] {taskmixin.py:211} WARNING - Dependency <Task(_PythonDecoratedOperator): log_sql_query>, print_the_context already registered for DAG: example_python_operator
[2023-05-15T17:47:26.625+0530] {logging_mixin.py:149} INFO - [2023-05-15T17:47:26.625+0530] {taskmixin.py:211} WARNING - Dependency <Task(_PythonDecoratedOperator): print_the_context>, log_sql_query already registered for DAG: example_python_operator
[2023-05-15T17:47:26.625+0530] {logging_mixin.py:149} INFO - [2023-05-15T17:47:26.625+0530] {taskmixin.py:211} WARNING - Dependency <Task(_PythonDecoratedOperator): log_sql_query>, print_the_context already registered for DAG: example_python_operator
[2023-05-15T17:47:26.625+0530] {logging_mixin.py:149} INFO - [2023-05-15T17:47:26.625+0530] {example_python_operator.py:90} WARNING - The virtalenv_python example task requires virtualenv, please install it.
[2023-05-15T17:47:26.626+0530] {processor.py:809} INFO - DAG(s) dict_keys(['example_python_operator']) retrieved from /home/feuer/.local/lib/python3.10/site-packages/airflow/example_dags/example_python_operator.py
[2023-05-15T17:47:26.673+0530] {logging_mixin.py:149} INFO - [2023-05-15T17:47:26.673+0530] {dag.py:2726} INFO - Sync 1 DAGs
[2023-05-15T17:47:26.689+0530] {logging_mixin.py:149} INFO - [2023-05-15T17:47:26.689+0530] {dag.py:3486} INFO - Setting next_dagrun for example_python_operator to None, run_after=None
[2023-05-15T17:47:26.820+0530] {processor.py:178} INFO - Processing /home/feuer/.local/lib/python3.10/site-packages/airflow/example_dags/example_python_operator.py took 0.206 seconds
