[2023-05-15T17:40:51.661+0530] {processor.py:156} INFO - Started process (PID=21823) to work on /home/feuer/.local/lib/python3.10/site-packages/airflow/example_dags/example_branch_day_of_week_operator.py
[2023-05-15T17:40:51.662+0530] {processor.py:799} INFO - Processing file /home/feuer/.local/lib/python3.10/site-packages/airflow/example_dags/example_branch_day_of_week_operator.py for tasks to queue
[2023-05-15T17:40:51.663+0530] {logging_mixin.py:149} INFO - [2023-05-15T17:40:51.663+0530] {dagbag.py:541} INFO - Filling up the DagBag from /home/feuer/.local/lib/python3.10/site-packages/airflow/example_dags/example_branch_day_of_week_operator.py
[2023-05-15T17:40:51.680+0530] {processor.py:809} INFO - DAG(s) dict_keys(['example_weekday_branch_operator']) retrieved from /home/feuer/.local/lib/python3.10/site-packages/airflow/example_dags/example_branch_day_of_week_operator.py
[2023-05-15T17:40:51.723+0530] {logging_mixin.py:149} INFO - [2023-05-15T17:40:51.723+0530] {dag.py:2726} INFO - Sync 1 DAGs
[2023-05-15T17:40:51.746+0530] {logging_mixin.py:149} INFO - [2023-05-15T17:40:51.746+0530] {dag.py:3486} INFO - Setting next_dagrun for example_weekday_branch_operator to 2023-05-14T00:00:00+00:00, run_after=2023-05-15T00:00:00+00:00
[2023-05-15T17:40:51.928+0530] {processor.py:178} INFO - Processing /home/feuer/.local/lib/python3.10/site-packages/airflow/example_dags/example_branch_day_of_week_operator.py took 0.270 seconds
[2023-05-15T17:41:51.459+0530] {processor.py:156} INFO - Started process (PID=22035) to work on /home/feuer/.local/lib/python3.10/site-packages/airflow/example_dags/example_branch_day_of_week_operator.py
[2023-05-15T17:41:51.460+0530] {processor.py:799} INFO - Processing file /home/feuer/.local/lib/python3.10/site-packages/airflow/example_dags/example_branch_day_of_week_operator.py for tasks to queue
[2023-05-15T17:41:51.460+0530] {logging_mixin.py:149} INFO - [2023-05-15T17:41:51.460+0530] {dagbag.py:541} INFO - Filling up the DagBag from /home/feuer/.local/lib/python3.10/site-packages/airflow/example_dags/example_branch_day_of_week_operator.py
[2023-05-15T17:41:51.468+0530] {processor.py:809} INFO - DAG(s) dict_keys(['example_weekday_branch_operator']) retrieved from /home/feuer/.local/lib/python3.10/site-packages/airflow/example_dags/example_branch_day_of_week_operator.py
[2023-05-15T17:41:51.501+0530] {logging_mixin.py:149} INFO - [2023-05-15T17:41:51.501+0530] {dag.py:2726} INFO - Sync 1 DAGs
[2023-05-15T17:41:51.523+0530] {logging_mixin.py:149} INFO - [2023-05-15T17:41:51.522+0530] {dag.py:3486} INFO - Setting next_dagrun for example_weekday_branch_operator to 2023-05-14T00:00:00+00:00, run_after=2023-05-15T00:00:00+00:00
[2023-05-15T17:41:51.624+0530] {processor.py:178} INFO - Processing /home/feuer/.local/lib/python3.10/site-packages/airflow/example_dags/example_branch_day_of_week_operator.py took 0.168 seconds
[2023-05-15T17:42:47.644+0530] {processor.py:156} INFO - Started process (PID=22227) to work on /home/feuer/.local/lib/python3.10/site-packages/airflow/example_dags/example_branch_day_of_week_operator.py
[2023-05-15T17:42:47.645+0530] {processor.py:799} INFO - Processing file /home/feuer/.local/lib/python3.10/site-packages/airflow/example_dags/example_branch_day_of_week_operator.py for tasks to queue
[2023-05-15T17:42:47.645+0530] {logging_mixin.py:149} INFO - [2023-05-15T17:42:47.645+0530] {dagbag.py:541} INFO - Filling up the DagBag from /home/feuer/.local/lib/python3.10/site-packages/airflow/example_dags/example_branch_day_of_week_operator.py
[2023-05-15T17:42:47.650+0530] {processor.py:809} INFO - DAG(s) dict_keys(['example_weekday_branch_operator']) retrieved from /home/feuer/.local/lib/python3.10/site-packages/airflow/example_dags/example_branch_day_of_week_operator.py
[2023-05-15T17:42:47.663+0530] {logging_mixin.py:149} INFO - [2023-05-15T17:42:47.663+0530] {dag.py:2726} INFO - Sync 1 DAGs
[2023-05-15T17:42:47.676+0530] {logging_mixin.py:149} INFO - [2023-05-15T17:42:47.675+0530] {dag.py:3486} INFO - Setting next_dagrun for example_weekday_branch_operator to 2023-05-14T00:00:00+00:00, run_after=2023-05-15T00:00:00+00:00
[2023-05-15T17:42:47.770+0530] {processor.py:178} INFO - Processing /home/feuer/.local/lib/python3.10/site-packages/airflow/example_dags/example_branch_day_of_week_operator.py took 0.128 seconds
[2023-05-15T17:44:06.583+0530] {processor.py:156} INFO - Started process (PID=22404) to work on /home/feuer/.local/lib/python3.10/site-packages/airflow/example_dags/example_branch_day_of_week_operator.py
[2023-05-15T17:44:06.584+0530] {processor.py:799} INFO - Processing file /home/feuer/.local/lib/python3.10/site-packages/airflow/example_dags/example_branch_day_of_week_operator.py for tasks to queue
[2023-05-15T17:44:06.585+0530] {logging_mixin.py:149} INFO - [2023-05-15T17:44:06.584+0530] {dagbag.py:541} INFO - Filling up the DagBag from /home/feuer/.local/lib/python3.10/site-packages/airflow/example_dags/example_branch_day_of_week_operator.py
[2023-05-15T17:44:06.592+0530] {processor.py:809} INFO - DAG(s) dict_keys(['example_weekday_branch_operator']) retrieved from /home/feuer/.local/lib/python3.10/site-packages/airflow/example_dags/example_branch_day_of_week_operator.py
[2023-05-15T17:44:06.611+0530] {logging_mixin.py:149} INFO - [2023-05-15T17:44:06.611+0530] {dag.py:2726} INFO - Sync 1 DAGs
[2023-05-15T17:44:06.630+0530] {logging_mixin.py:149} INFO - [2023-05-15T17:44:06.630+0530] {dag.py:3486} INFO - Setting next_dagrun for example_weekday_branch_operator to 2023-05-14T00:00:00+00:00, run_after=2023-05-15T00:00:00+00:00
[2023-05-15T17:44:06.723+0530] {processor.py:178} INFO - Processing /home/feuer/.local/lib/python3.10/site-packages/airflow/example_dags/example_branch_day_of_week_operator.py took 0.142 seconds
[2023-05-15T17:45:28.919+0530] {processor.py:156} INFO - Started process (PID=22591) to work on /home/feuer/.local/lib/python3.10/site-packages/airflow/example_dags/example_branch_day_of_week_operator.py
[2023-05-15T17:45:28.920+0530] {processor.py:799} INFO - Processing file /home/feuer/.local/lib/python3.10/site-packages/airflow/example_dags/example_branch_day_of_week_operator.py for tasks to queue
[2023-05-15T17:45:28.920+0530] {logging_mixin.py:149} INFO - [2023-05-15T17:45:28.920+0530] {dagbag.py:541} INFO - Filling up the DagBag from /home/feuer/.local/lib/python3.10/site-packages/airflow/example_dags/example_branch_day_of_week_operator.py
[2023-05-15T17:45:28.925+0530] {processor.py:809} INFO - DAG(s) dict_keys(['example_weekday_branch_operator']) retrieved from /home/feuer/.local/lib/python3.10/site-packages/airflow/example_dags/example_branch_day_of_week_operator.py
[2023-05-15T17:45:28.938+0530] {logging_mixin.py:149} INFO - [2023-05-15T17:45:28.938+0530] {dag.py:2726} INFO - Sync 1 DAGs
[2023-05-15T17:45:28.951+0530] {logging_mixin.py:149} INFO - [2023-05-15T17:45:28.950+0530] {dag.py:3486} INFO - Setting next_dagrun for example_weekday_branch_operator to 2023-05-14T00:00:00+00:00, run_after=2023-05-15T00:00:00+00:00
[2023-05-15T17:45:29.026+0530] {processor.py:178} INFO - Processing /home/feuer/.local/lib/python3.10/site-packages/airflow/example_dags/example_branch_day_of_week_operator.py took 0.108 seconds
[2023-05-15T17:46:50.612+0530] {processor.py:156} INFO - Started process (PID=22769) to work on /home/feuer/.local/lib/python3.10/site-packages/airflow/example_dags/example_branch_day_of_week_operator.py
[2023-05-15T17:46:50.622+0530] {processor.py:799} INFO - Processing file /home/feuer/.local/lib/python3.10/site-packages/airflow/example_dags/example_branch_day_of_week_operator.py for tasks to queue
[2023-05-15T17:46:50.623+0530] {logging_mixin.py:149} INFO - [2023-05-15T17:46:50.622+0530] {dagbag.py:541} INFO - Filling up the DagBag from /home/feuer/.local/lib/python3.10/site-packages/airflow/example_dags/example_branch_day_of_week_operator.py
[2023-05-15T17:46:50.637+0530] {processor.py:809} INFO - DAG(s) dict_keys(['example_weekday_branch_operator']) retrieved from /home/feuer/.local/lib/python3.10/site-packages/airflow/example_dags/example_branch_day_of_week_operator.py
[2023-05-15T17:46:50.658+0530] {logging_mixin.py:149} INFO - [2023-05-15T17:46:50.658+0530] {dag.py:2726} INFO - Sync 1 DAGs
[2023-05-15T17:46:50.680+0530] {logging_mixin.py:149} INFO - [2023-05-15T17:46:50.680+0530] {dag.py:3486} INFO - Setting next_dagrun for example_weekday_branch_operator to 2023-05-14T00:00:00+00:00, run_after=2023-05-15T00:00:00+00:00
[2023-05-15T17:46:50.768+0530] {processor.py:178} INFO - Processing /home/feuer/.local/lib/python3.10/site-packages/airflow/example_dags/example_branch_day_of_week_operator.py took 0.159 seconds
