[2023-05-15T17:39:55.983+0530] {processor.py:156} INFO - Started process (PID=21608) to work on /home/feuer/.local/lib/python3.10/site-packages/airflow/example_dags/example_setup_teardown_taskflow.py
[2023-05-15T17:39:55.983+0530] {processor.py:799} INFO - Processing file /home/feuer/.local/lib/python3.10/site-packages/airflow/example_dags/example_setup_teardown_taskflow.py for tasks to queue
[2023-05-15T17:39:55.984+0530] {logging_mixin.py:149} INFO - [2023-05-15T17:39:55.984+0530] {dagbag.py:541} INFO - Filling up the DagBag from /home/feuer/.local/lib/python3.10/site-packages/airflow/example_dags/example_setup_teardown_taskflow.py
[2023-05-15T17:39:56.010+0530] {processor.py:811} WARNING - No viable dags retrieved from /home/feuer/.local/lib/python3.10/site-packages/airflow/example_dags/example_setup_teardown_taskflow.py
[2023-05-15T17:39:56.017+0530] {processor.py:178} INFO - Processing /home/feuer/.local/lib/python3.10/site-packages/airflow/example_dags/example_setup_teardown_taskflow.py took 0.036 seconds
[2023-05-15T17:41:06.572+0530] {processor.py:156} INFO - Started process (PID=21884) to work on /home/feuer/.local/lib/python3.10/site-packages/airflow/example_dags/example_setup_teardown_taskflow.py
[2023-05-15T17:41:06.573+0530] {processor.py:799} INFO - Processing file /home/feuer/.local/lib/python3.10/site-packages/airflow/example_dags/example_setup_teardown_taskflow.py for tasks to queue
[2023-05-15T17:41:06.573+0530] {logging_mixin.py:149} INFO - [2023-05-15T17:41:06.573+0530] {dagbag.py:541} INFO - Filling up the DagBag from /home/feuer/.local/lib/python3.10/site-packages/airflow/example_dags/example_setup_teardown_taskflow.py
[2023-05-15T17:41:06.575+0530] {processor.py:811} WARNING - No viable dags retrieved from /home/feuer/.local/lib/python3.10/site-packages/airflow/example_dags/example_setup_teardown_taskflow.py
[2023-05-15T17:41:06.585+0530] {processor.py:178} INFO - Processing /home/feuer/.local/lib/python3.10/site-packages/airflow/example_dags/example_setup_teardown_taskflow.py took 0.016 seconds
[2023-05-15T17:42:05.724+0530] {processor.py:156} INFO - Started process (PID=22082) to work on /home/feuer/.local/lib/python3.10/site-packages/airflow/example_dags/example_setup_teardown_taskflow.py
[2023-05-15T17:42:05.724+0530] {processor.py:799} INFO - Processing file /home/feuer/.local/lib/python3.10/site-packages/airflow/example_dags/example_setup_teardown_taskflow.py for tasks to queue
[2023-05-15T17:42:05.725+0530] {logging_mixin.py:149} INFO - [2023-05-15T17:42:05.725+0530] {dagbag.py:541} INFO - Filling up the DagBag from /home/feuer/.local/lib/python3.10/site-packages/airflow/example_dags/example_setup_teardown_taskflow.py
[2023-05-15T17:42:05.727+0530] {processor.py:811} WARNING - No viable dags retrieved from /home/feuer/.local/lib/python3.10/site-packages/airflow/example_dags/example_setup_teardown_taskflow.py
[2023-05-15T17:42:05.736+0530] {processor.py:178} INFO - Processing /home/feuer/.local/lib/python3.10/site-packages/airflow/example_dags/example_setup_teardown_taskflow.py took 0.016 seconds
[2023-05-15T17:42:57.600+0530] {processor.py:156} INFO - Started process (PID=22267) to work on /home/feuer/.local/lib/python3.10/site-packages/airflow/example_dags/example_setup_teardown_taskflow.py
[2023-05-15T17:42:57.601+0530] {processor.py:799} INFO - Processing file /home/feuer/.local/lib/python3.10/site-packages/airflow/example_dags/example_setup_teardown_taskflow.py for tasks to queue
[2023-05-15T17:42:57.602+0530] {logging_mixin.py:149} INFO - [2023-05-15T17:42:57.601+0530] {dagbag.py:541} INFO - Filling up the DagBag from /home/feuer/.local/lib/python3.10/site-packages/airflow/example_dags/example_setup_teardown_taskflow.py
[2023-05-15T17:42:57.603+0530] {processor.py:811} WARNING - No viable dags retrieved from /home/feuer/.local/lib/python3.10/site-packages/airflow/example_dags/example_setup_teardown_taskflow.py
[2023-05-15T17:42:57.613+0530] {processor.py:178} INFO - Processing /home/feuer/.local/lib/python3.10/site-packages/airflow/example_dags/example_setup_teardown_taskflow.py took 0.016 seconds
[2023-05-15T17:43:50.862+0530] {processor.py:156} INFO - Started process (PID=22380) to work on /home/feuer/.local/lib/python3.10/site-packages/airflow/example_dags/example_setup_teardown_taskflow.py
[2023-05-15T17:43:50.862+0530] {processor.py:799} INFO - Processing file /home/feuer/.local/lib/python3.10/site-packages/airflow/example_dags/example_setup_teardown_taskflow.py for tasks to queue
[2023-05-15T17:43:50.863+0530] {logging_mixin.py:149} INFO - [2023-05-15T17:43:50.863+0530] {dagbag.py:541} INFO - Filling up the DagBag from /home/feuer/.local/lib/python3.10/site-packages/airflow/example_dags/example_setup_teardown_taskflow.py
[2023-05-15T17:43:50.865+0530] {processor.py:811} WARNING - No viable dags retrieved from /home/feuer/.local/lib/python3.10/site-packages/airflow/example_dags/example_setup_teardown_taskflow.py
[2023-05-15T17:43:50.874+0530] {processor.py:178} INFO - Processing /home/feuer/.local/lib/python3.10/site-packages/airflow/example_dags/example_setup_teardown_taskflow.py took 0.015 seconds
[2023-05-15T17:44:46.298+0530] {processor.py:156} INFO - Started process (PID=22514) to work on /home/feuer/.local/lib/python3.10/site-packages/airflow/example_dags/example_setup_teardown_taskflow.py
[2023-05-15T17:44:46.299+0530] {processor.py:799} INFO - Processing file /home/feuer/.local/lib/python3.10/site-packages/airflow/example_dags/example_setup_teardown_taskflow.py for tasks to queue
[2023-05-15T17:44:46.300+0530] {logging_mixin.py:149} INFO - [2023-05-15T17:44:46.299+0530] {dagbag.py:541} INFO - Filling up the DagBag from /home/feuer/.local/lib/python3.10/site-packages/airflow/example_dags/example_setup_teardown_taskflow.py
[2023-05-15T17:44:46.301+0530] {processor.py:811} WARNING - No viable dags retrieved from /home/feuer/.local/lib/python3.10/site-packages/airflow/example_dags/example_setup_teardown_taskflow.py
[2023-05-15T17:44:46.309+0530] {processor.py:178} INFO - Processing /home/feuer/.local/lib/python3.10/site-packages/airflow/example_dags/example_setup_teardown_taskflow.py took 0.013 seconds
[2023-05-15T17:45:40.612+0530] {processor.py:156} INFO - Started process (PID=22649) to work on /home/feuer/.local/lib/python3.10/site-packages/airflow/example_dags/example_setup_teardown_taskflow.py
[2023-05-15T17:45:40.613+0530] {processor.py:799} INFO - Processing file /home/feuer/.local/lib/python3.10/site-packages/airflow/example_dags/example_setup_teardown_taskflow.py for tasks to queue
[2023-05-15T17:45:40.614+0530] {logging_mixin.py:149} INFO - [2023-05-15T17:45:40.613+0530] {dagbag.py:541} INFO - Filling up the DagBag from /home/feuer/.local/lib/python3.10/site-packages/airflow/example_dags/example_setup_teardown_taskflow.py
[2023-05-15T17:45:40.615+0530] {processor.py:811} WARNING - No viable dags retrieved from /home/feuer/.local/lib/python3.10/site-packages/airflow/example_dags/example_setup_teardown_taskflow.py
[2023-05-15T17:45:40.623+0530] {processor.py:178} INFO - Processing /home/feuer/.local/lib/python3.10/site-packages/airflow/example_dags/example_setup_teardown_taskflow.py took 0.014 seconds
[2023-05-15T17:46:35.275+0530] {processor.py:156} INFO - Started process (PID=22756) to work on /home/feuer/.local/lib/python3.10/site-packages/airflow/example_dags/example_setup_teardown_taskflow.py
[2023-05-15T17:46:35.275+0530] {processor.py:799} INFO - Processing file /home/feuer/.local/lib/python3.10/site-packages/airflow/example_dags/example_setup_teardown_taskflow.py for tasks to queue
[2023-05-15T17:46:35.276+0530] {logging_mixin.py:149} INFO - [2023-05-15T17:46:35.276+0530] {dagbag.py:541} INFO - Filling up the DagBag from /home/feuer/.local/lib/python3.10/site-packages/airflow/example_dags/example_setup_teardown_taskflow.py
[2023-05-15T17:46:35.277+0530] {processor.py:811} WARNING - No viable dags retrieved from /home/feuer/.local/lib/python3.10/site-packages/airflow/example_dags/example_setup_teardown_taskflow.py
[2023-05-15T17:46:35.284+0530] {processor.py:178} INFO - Processing /home/feuer/.local/lib/python3.10/site-packages/airflow/example_dags/example_setup_teardown_taskflow.py took 0.013 seconds
[2023-05-15T17:47:29.032+0530] {processor.py:156} INFO - Started process (PID=22951) to work on /home/feuer/.local/lib/python3.10/site-packages/airflow/example_dags/example_setup_teardown_taskflow.py
[2023-05-15T17:47:29.044+0530] {processor.py:799} INFO - Processing file /home/feuer/.local/lib/python3.10/site-packages/airflow/example_dags/example_setup_teardown_taskflow.py for tasks to queue
[2023-05-15T17:47:29.044+0530] {logging_mixin.py:149} INFO - [2023-05-15T17:47:29.044+0530] {dagbag.py:541} INFO - Filling up the DagBag from /home/feuer/.local/lib/python3.10/site-packages/airflow/example_dags/example_setup_teardown_taskflow.py
[2023-05-15T17:47:29.070+0530] {processor.py:811} WARNING - No viable dags retrieved from /home/feuer/.local/lib/python3.10/site-packages/airflow/example_dags/example_setup_teardown_taskflow.py
[2023-05-15T17:47:29.078+0530] {processor.py:178} INFO - Processing /home/feuer/.local/lib/python3.10/site-packages/airflow/example_dags/example_setup_teardown_taskflow.py took 0.049 seconds
