[2023-05-15T17:39:58.073+0530] {processor.py:156} INFO - Started process (PID=21611) to work on /home/feuer/.local/lib/python3.10/site-packages/airflow/example_dags/example_short_circuit_decorator.py
[2023-05-15T17:39:58.074+0530] {processor.py:799} INFO - Processing file /home/feuer/.local/lib/python3.10/site-packages/airflow/example_dags/example_short_circuit_decorator.py for tasks to queue
[2023-05-15T17:39:58.074+0530] {logging_mixin.py:149} INFO - [2023-05-15T17:39:58.074+0530] {dagbag.py:541} INFO - Filling up the DagBag from /home/feuer/.local/lib/python3.10/site-packages/airflow/example_dags/example_short_circuit_decorator.py
[2023-05-15T17:39:58.084+0530] {processor.py:809} INFO - DAG(s) dict_keys(['example_short_circuit_decorator']) retrieved from /home/feuer/.local/lib/python3.10/site-packages/airflow/example_dags/example_short_circuit_decorator.py
[2023-05-15T17:39:58.135+0530] {logging_mixin.py:149} INFO - [2023-05-15T17:39:58.135+0530] {dag.py:2726} INFO - Sync 1 DAGs
[2023-05-15T17:39:58.154+0530] {logging_mixin.py:149} INFO - [2023-05-15T17:39:58.154+0530] {dag.py:3486} INFO - Setting next_dagrun for example_short_circuit_decorator to 2023-05-14T12:09:58.154087+00:00, run_after=2023-05-15T12:09:58.154087+00:00
[2023-05-15T17:39:58.256+0530] {processor.py:178} INFO - Processing /home/feuer/.local/lib/python3.10/site-packages/airflow/example_dags/example_short_circuit_decorator.py took 0.185 seconds
[2023-05-15T17:41:08.271+0530] {processor.py:156} INFO - Started process (PID=21886) to work on /home/feuer/.local/lib/python3.10/site-packages/airflow/example_dags/example_short_circuit_decorator.py
[2023-05-15T17:41:08.288+0530] {processor.py:799} INFO - Processing file /home/feuer/.local/lib/python3.10/site-packages/airflow/example_dags/example_short_circuit_decorator.py for tasks to queue
[2023-05-15T17:41:08.289+0530] {logging_mixin.py:149} INFO - [2023-05-15T17:41:08.289+0530] {dagbag.py:541} INFO - Filling up the DagBag from /home/feuer/.local/lib/python3.10/site-packages/airflow/example_dags/example_short_circuit_decorator.py
[2023-05-15T17:41:08.298+0530] {processor.py:809} INFO - DAG(s) dict_keys(['example_short_circuit_decorator']) retrieved from /home/feuer/.local/lib/python3.10/site-packages/airflow/example_dags/example_short_circuit_decorator.py
[2023-05-15T17:41:08.332+0530] {logging_mixin.py:149} INFO - [2023-05-15T17:41:08.332+0530] {dag.py:2726} INFO - Sync 1 DAGs
[2023-05-15T17:41:08.351+0530] {logging_mixin.py:149} INFO - [2023-05-15T17:41:08.350+0530] {dag.py:3486} INFO - Setting next_dagrun for example_short_circuit_decorator to 2023-05-14T12:11:08.350707+00:00, run_after=2023-05-15T12:11:08.350707+00:00
[2023-05-15T17:41:08.435+0530] {processor.py:178} INFO - Processing /home/feuer/.local/lib/python3.10/site-packages/airflow/example_dags/example_short_circuit_decorator.py took 0.167 seconds
[2023-05-15T17:42:07.340+0530] {processor.py:156} INFO - Started process (PID=22084) to work on /home/feuer/.local/lib/python3.10/site-packages/airflow/example_dags/example_short_circuit_decorator.py
[2023-05-15T17:42:07.352+0530] {processor.py:799} INFO - Processing file /home/feuer/.local/lib/python3.10/site-packages/airflow/example_dags/example_short_circuit_decorator.py for tasks to queue
[2023-05-15T17:42:07.352+0530] {logging_mixin.py:149} INFO - [2023-05-15T17:42:07.352+0530] {dagbag.py:541} INFO - Filling up the DagBag from /home/feuer/.local/lib/python3.10/site-packages/airflow/example_dags/example_short_circuit_decorator.py
[2023-05-15T17:42:07.362+0530] {processor.py:809} INFO - DAG(s) dict_keys(['example_short_circuit_decorator']) retrieved from /home/feuer/.local/lib/python3.10/site-packages/airflow/example_dags/example_short_circuit_decorator.py
[2023-05-15T17:42:07.395+0530] {logging_mixin.py:149} INFO - [2023-05-15T17:42:07.395+0530] {dag.py:2726} INFO - Sync 1 DAGs
[2023-05-15T17:42:07.415+0530] {logging_mixin.py:149} INFO - [2023-05-15T17:42:07.414+0530] {dag.py:3486} INFO - Setting next_dagrun for example_short_circuit_decorator to 2023-05-14T12:12:07.414559+00:00, run_after=2023-05-15T12:12:07.414559+00:00
[2023-05-15T17:42:07.509+0530] {processor.py:178} INFO - Processing /home/feuer/.local/lib/python3.10/site-packages/airflow/example_dags/example_short_circuit_decorator.py took 0.172 seconds
[2023-05-15T17:42:59.990+0530] {processor.py:156} INFO - Started process (PID=22269) to work on /home/feuer/.local/lib/python3.10/site-packages/airflow/example_dags/example_short_circuit_decorator.py
[2023-05-15T17:43:00.004+0530] {processor.py:799} INFO - Processing file /home/feuer/.local/lib/python3.10/site-packages/airflow/example_dags/example_short_circuit_decorator.py for tasks to queue
[2023-05-15T17:43:00.005+0530] {logging_mixin.py:149} INFO - [2023-05-15T17:43:00.005+0530] {dagbag.py:541} INFO - Filling up the DagBag from /home/feuer/.local/lib/python3.10/site-packages/airflow/example_dags/example_short_circuit_decorator.py
[2023-05-15T17:43:00.015+0530] {processor.py:809} INFO - DAG(s) dict_keys(['example_short_circuit_decorator']) retrieved from /home/feuer/.local/lib/python3.10/site-packages/airflow/example_dags/example_short_circuit_decorator.py
[2023-05-15T17:43:00.039+0530] {logging_mixin.py:149} INFO - [2023-05-15T17:43:00.039+0530] {dag.py:2726} INFO - Sync 1 DAGs
[2023-05-15T17:43:00.058+0530] {logging_mixin.py:149} INFO - [2023-05-15T17:43:00.058+0530] {dag.py:3486} INFO - Setting next_dagrun for example_short_circuit_decorator to 2023-05-14T12:13:00.058518+00:00, run_after=2023-05-15T12:13:00.058518+00:00
[2023-05-15T17:43:00.150+0530] {processor.py:178} INFO - Processing /home/feuer/.local/lib/python3.10/site-packages/airflow/example_dags/example_short_circuit_decorator.py took 0.163 seconds
[2023-05-15T17:43:52.777+0530] {processor.py:156} INFO - Started process (PID=22382) to work on /home/feuer/.local/lib/python3.10/site-packages/airflow/example_dags/example_short_circuit_decorator.py
[2023-05-15T17:43:52.793+0530] {processor.py:799} INFO - Processing file /home/feuer/.local/lib/python3.10/site-packages/airflow/example_dags/example_short_circuit_decorator.py for tasks to queue
[2023-05-15T17:43:52.794+0530] {logging_mixin.py:149} INFO - [2023-05-15T17:43:52.794+0530] {dagbag.py:541} INFO - Filling up the DagBag from /home/feuer/.local/lib/python3.10/site-packages/airflow/example_dags/example_short_circuit_decorator.py
[2023-05-15T17:43:52.804+0530] {processor.py:809} INFO - DAG(s) dict_keys(['example_short_circuit_decorator']) retrieved from /home/feuer/.local/lib/python3.10/site-packages/airflow/example_dags/example_short_circuit_decorator.py
[2023-05-15T17:43:52.828+0530] {logging_mixin.py:149} INFO - [2023-05-15T17:43:52.828+0530] {dag.py:2726} INFO - Sync 1 DAGs
[2023-05-15T17:43:52.847+0530] {logging_mixin.py:149} INFO - [2023-05-15T17:43:52.847+0530] {dag.py:3486} INFO - Setting next_dagrun for example_short_circuit_decorator to 2023-05-14T12:13:52.847487+00:00, run_after=2023-05-15T12:13:52.847487+00:00
[2023-05-15T17:43:52.936+0530] {processor.py:178} INFO - Processing /home/feuer/.local/lib/python3.10/site-packages/airflow/example_dags/example_short_circuit_decorator.py took 0.161 seconds
[2023-05-15T17:44:48.739+0530] {processor.py:156} INFO - Started process (PID=22516) to work on /home/feuer/.local/lib/python3.10/site-packages/airflow/example_dags/example_short_circuit_decorator.py
[2023-05-15T17:44:48.757+0530] {processor.py:799} INFO - Processing file /home/feuer/.local/lib/python3.10/site-packages/airflow/example_dags/example_short_circuit_decorator.py for tasks to queue
[2023-05-15T17:44:48.757+0530] {logging_mixin.py:149} INFO - [2023-05-15T17:44:48.757+0530] {dagbag.py:541} INFO - Filling up the DagBag from /home/feuer/.local/lib/python3.10/site-packages/airflow/example_dags/example_short_circuit_decorator.py
[2023-05-15T17:44:48.763+0530] {processor.py:809} INFO - DAG(s) dict_keys(['example_short_circuit_decorator']) retrieved from /home/feuer/.local/lib/python3.10/site-packages/airflow/example_dags/example_short_circuit_decorator.py
[2023-05-15T17:44:48.789+0530] {logging_mixin.py:149} INFO - [2023-05-15T17:44:48.789+0530] {dag.py:2726} INFO - Sync 1 DAGs
[2023-05-15T17:44:48.801+0530] {logging_mixin.py:149} INFO - [2023-05-15T17:44:48.801+0530] {dag.py:3486} INFO - Setting next_dagrun for example_short_circuit_decorator to 2023-05-14T12:14:48.801045+00:00, run_after=2023-05-15T12:14:48.801045+00:00
[2023-05-15T17:44:48.889+0530] {processor.py:178} INFO - Processing /home/feuer/.local/lib/python3.10/site-packages/airflow/example_dags/example_short_circuit_decorator.py took 0.152 seconds
[2023-05-15T17:45:42.993+0530] {processor.py:156} INFO - Started process (PID=22651) to work on /home/feuer/.local/lib/python3.10/site-packages/airflow/example_dags/example_short_circuit_decorator.py
[2023-05-15T17:45:42.993+0530] {processor.py:799} INFO - Processing file /home/feuer/.local/lib/python3.10/site-packages/airflow/example_dags/example_short_circuit_decorator.py for tasks to queue
[2023-05-15T17:45:42.994+0530] {logging_mixin.py:149} INFO - [2023-05-15T17:45:42.994+0530] {dagbag.py:541} INFO - Filling up the DagBag from /home/feuer/.local/lib/python3.10/site-packages/airflow/example_dags/example_short_circuit_decorator.py
[2023-05-15T17:45:43.000+0530] {processor.py:809} INFO - DAG(s) dict_keys(['example_short_circuit_decorator']) retrieved from /home/feuer/.local/lib/python3.10/site-packages/airflow/example_dags/example_short_circuit_decorator.py
[2023-05-15T17:45:43.015+0530] {logging_mixin.py:149} INFO - [2023-05-15T17:45:43.014+0530] {dag.py:2726} INFO - Sync 1 DAGs
[2023-05-15T17:45:43.026+0530] {logging_mixin.py:149} INFO - [2023-05-15T17:45:43.026+0530] {dag.py:3486} INFO - Setting next_dagrun for example_short_circuit_decorator to 2023-05-14T12:15:43.026260+00:00, run_after=2023-05-15T12:15:43.026260+00:00
[2023-05-15T17:45:43.109+0530] {processor.py:178} INFO - Processing /home/feuer/.local/lib/python3.10/site-packages/airflow/example_dags/example_short_circuit_decorator.py took 0.118 seconds
[2023-05-15T17:46:36.838+0530] {processor.py:156} INFO - Started process (PID=22758) to work on /home/feuer/.local/lib/python3.10/site-packages/airflow/example_dags/example_short_circuit_decorator.py
[2023-05-15T17:46:36.848+0530] {processor.py:799} INFO - Processing file /home/feuer/.local/lib/python3.10/site-packages/airflow/example_dags/example_short_circuit_decorator.py for tasks to queue
[2023-05-15T17:46:36.849+0530] {logging_mixin.py:149} INFO - [2023-05-15T17:46:36.849+0530] {dagbag.py:541} INFO - Filling up the DagBag from /home/feuer/.local/lib/python3.10/site-packages/airflow/example_dags/example_short_circuit_decorator.py
[2023-05-15T17:46:36.859+0530] {processor.py:809} INFO - DAG(s) dict_keys(['example_short_circuit_decorator']) retrieved from /home/feuer/.local/lib/python3.10/site-packages/airflow/example_dags/example_short_circuit_decorator.py
[2023-05-15T17:46:36.884+0530] {logging_mixin.py:149} INFO - [2023-05-15T17:46:36.884+0530] {dag.py:2726} INFO - Sync 1 DAGs
[2023-05-15T17:46:36.903+0530] {logging_mixin.py:149} INFO - [2023-05-15T17:46:36.902+0530] {dag.py:3486} INFO - Setting next_dagrun for example_short_circuit_decorator to 2023-05-14T12:16:36.902739+00:00, run_after=2023-05-15T12:16:36.902739+00:00
[2023-05-15T17:46:36.990+0530] {processor.py:178} INFO - Processing /home/feuer/.local/lib/python3.10/site-packages/airflow/example_dags/example_short_circuit_decorator.py took 0.156 seconds
[2023-05-15T23:10:19.199+0530] {processor.py:156} INFO - Started process (PID=23201) to work on /home/feuer/.local/lib/python3.10/site-packages/airflow/example_dags/example_short_circuit_decorator.py
[2023-05-15T23:10:19.200+0530] {processor.py:799} INFO - Processing file /home/feuer/.local/lib/python3.10/site-packages/airflow/example_dags/example_short_circuit_decorator.py for tasks to queue
[2023-05-15T23:10:19.200+0530] {logging_mixin.py:149} INFO - [2023-05-15T23:10:19.200+0530] {dagbag.py:541} INFO - Filling up the DagBag from /home/feuer/.local/lib/python3.10/site-packages/airflow/example_dags/example_short_circuit_decorator.py
[2023-05-15T23:10:19.207+0530] {processor.py:809} INFO - DAG(s) dict_keys(['example_short_circuit_decorator']) retrieved from /home/feuer/.local/lib/python3.10/site-packages/airflow/example_dags/example_short_circuit_decorator.py
[2023-05-15T23:10:19.237+0530] {logging_mixin.py:149} INFO - [2023-05-15T23:10:19.237+0530] {dag.py:2726} INFO - Sync 1 DAGs
[2023-05-15T23:10:19.256+0530] {logging_mixin.py:149} INFO - [2023-05-15T23:10:19.255+0530] {dag.py:3486} INFO - Setting next_dagrun for example_short_circuit_decorator to 2023-05-14T17:40:19.255760+00:00, run_after=2023-05-15T17:40:19.255760+00:00
[2023-05-15T23:10:19.418+0530] {processor.py:178} INFO - Processing /home/feuer/.local/lib/python3.10/site-packages/airflow/example_dags/example_short_circuit_decorator.py took 0.222 seconds
