[2023-05-15T17:40:12.557+0530] {processor.py:156} INFO - Started process (PID=21625) to work on /home/feuer/.local/lib/python3.10/site-packages/airflow/example_dags/example_complex.py
[2023-05-15T17:40:12.558+0530] {processor.py:799} INFO - Processing file /home/feuer/.local/lib/python3.10/site-packages/airflow/example_dags/example_complex.py for tasks to queue
[2023-05-15T17:40:12.558+0530] {logging_mixin.py:149} INFO - [2023-05-15T17:40:12.558+0530] {dagbag.py:541} INFO - Filling up the DagBag from /home/feuer/.local/lib/python3.10/site-packages/airflow/example_dags/example_complex.py
[2023-05-15T17:40:12.569+0530] {logging_mixin.py:149} INFO - [2023-05-15T17:40:12.569+0530] {taskmixin.py:211} WARNING - Dependency <Task(BashOperator): create_entry_group>, delete_entry_group already registered for DAG: example_complex
[2023-05-15T17:40:12.569+0530] {logging_mixin.py:149} INFO - [2023-05-15T17:40:12.569+0530] {taskmixin.py:211} WARNING - Dependency <Task(BashOperator): delete_entry_group>, create_entry_group already registered for DAG: example_complex
[2023-05-15T17:40:12.570+0530] {logging_mixin.py:149} INFO - [2023-05-15T17:40:12.570+0530] {taskmixin.py:211} WARNING - Dependency <Task(BashOperator): create_entry_gcs>, delete_entry already registered for DAG: example_complex
[2023-05-15T17:40:12.570+0530] {logging_mixin.py:149} INFO - [2023-05-15T17:40:12.570+0530] {taskmixin.py:211} WARNING - Dependency <Task(BashOperator): delete_entry>, create_entry_gcs already registered for DAG: example_complex
[2023-05-15T17:40:12.570+0530] {logging_mixin.py:149} INFO - [2023-05-15T17:40:12.570+0530] {taskmixin.py:211} WARNING - Dependency <Task(BashOperator): create_tag>, delete_tag already registered for DAG: example_complex
[2023-05-15T17:40:12.571+0530] {logging_mixin.py:149} INFO - [2023-05-15T17:40:12.570+0530] {taskmixin.py:211} WARNING - Dependency <Task(BashOperator): delete_tag>, create_tag already registered for DAG: example_complex
[2023-05-15T17:40:12.572+0530] {processor.py:809} INFO - DAG(s) dict_keys(['example_complex']) retrieved from /home/feuer/.local/lib/python3.10/site-packages/airflow/example_dags/example_complex.py
[2023-05-15T17:40:12.627+0530] {logging_mixin.py:149} INFO - [2023-05-15T17:40:12.626+0530] {dag.py:2726} INFO - Sync 1 DAGs
[2023-05-15T17:40:12.645+0530] {logging_mixin.py:149} INFO - [2023-05-15T17:40:12.645+0530] {dag.py:3486} INFO - Setting next_dagrun for example_complex to None, run_after=None
[2023-05-15T17:40:12.720+0530] {processor.py:178} INFO - Processing /home/feuer/.local/lib/python3.10/site-packages/airflow/example_dags/example_complex.py took 0.166 seconds
[2023-05-15T17:41:24.664+0530] {processor.py:156} INFO - Started process (PID=21965) to work on /home/feuer/.local/lib/python3.10/site-packages/airflow/example_dags/example_complex.py
[2023-05-15T17:41:24.665+0530] {processor.py:799} INFO - Processing file /home/feuer/.local/lib/python3.10/site-packages/airflow/example_dags/example_complex.py for tasks to queue
[2023-05-15T17:41:24.665+0530] {logging_mixin.py:149} INFO - [2023-05-15T17:41:24.665+0530] {dagbag.py:541} INFO - Filling up the DagBag from /home/feuer/.local/lib/python3.10/site-packages/airflow/example_dags/example_complex.py
[2023-05-15T17:41:24.677+0530] {logging_mixin.py:149} INFO - [2023-05-15T17:41:24.676+0530] {taskmixin.py:211} WARNING - Dependency <Task(BashOperator): create_entry_group>, delete_entry_group already registered for DAG: example_complex
[2023-05-15T17:41:24.677+0530] {logging_mixin.py:149} INFO - [2023-05-15T17:41:24.677+0530] {taskmixin.py:211} WARNING - Dependency <Task(BashOperator): delete_entry_group>, create_entry_group already registered for DAG: example_complex
[2023-05-15T17:41:24.677+0530] {logging_mixin.py:149} INFO - [2023-05-15T17:41:24.677+0530] {taskmixin.py:211} WARNING - Dependency <Task(BashOperator): create_entry_gcs>, delete_entry already registered for DAG: example_complex
[2023-05-15T17:41:24.677+0530] {logging_mixin.py:149} INFO - [2023-05-15T17:41:24.677+0530] {taskmixin.py:211} WARNING - Dependency <Task(BashOperator): delete_entry>, create_entry_gcs already registered for DAG: example_complex
[2023-05-15T17:41:24.678+0530] {logging_mixin.py:149} INFO - [2023-05-15T17:41:24.678+0530] {taskmixin.py:211} WARNING - Dependency <Task(BashOperator): create_tag>, delete_tag already registered for DAG: example_complex
[2023-05-15T17:41:24.678+0530] {logging_mixin.py:149} INFO - [2023-05-15T17:41:24.678+0530] {taskmixin.py:211} WARNING - Dependency <Task(BashOperator): delete_tag>, create_tag already registered for DAG: example_complex
[2023-05-15T17:41:24.680+0530] {processor.py:809} INFO - DAG(s) dict_keys(['example_complex']) retrieved from /home/feuer/.local/lib/python3.10/site-packages/airflow/example_dags/example_complex.py
[2023-05-15T17:41:24.718+0530] {logging_mixin.py:149} INFO - [2023-05-15T17:41:24.718+0530] {dag.py:2726} INFO - Sync 1 DAGs
[2023-05-15T17:41:24.732+0530] {logging_mixin.py:149} INFO - [2023-05-15T17:41:24.732+0530] {dag.py:3486} INFO - Setting next_dagrun for example_complex to None, run_after=None
[2023-05-15T17:41:24.824+0530] {processor.py:178} INFO - Processing /home/feuer/.local/lib/python3.10/site-packages/airflow/example_dags/example_complex.py took 0.163 seconds
[2023-05-15T17:42:44.741+0530] {processor.py:156} INFO - Started process (PID=22224) to work on /home/feuer/.local/lib/python3.10/site-packages/airflow/example_dags/example_complex.py
[2023-05-15T17:42:44.751+0530] {processor.py:799} INFO - Processing file /home/feuer/.local/lib/python3.10/site-packages/airflow/example_dags/example_complex.py for tasks to queue
[2023-05-15T17:42:44.752+0530] {logging_mixin.py:149} INFO - [2023-05-15T17:42:44.752+0530] {dagbag.py:541} INFO - Filling up the DagBag from /home/feuer/.local/lib/python3.10/site-packages/airflow/example_dags/example_complex.py
[2023-05-15T17:42:44.764+0530] {logging_mixin.py:149} INFO - [2023-05-15T17:42:44.764+0530] {taskmixin.py:211} WARNING - Dependency <Task(BashOperator): create_entry_group>, delete_entry_group already registered for DAG: example_complex
[2023-05-15T17:42:44.764+0530] {logging_mixin.py:149} INFO - [2023-05-15T17:42:44.764+0530] {taskmixin.py:211} WARNING - Dependency <Task(BashOperator): delete_entry_group>, create_entry_group already registered for DAG: example_complex
[2023-05-15T17:42:44.764+0530] {logging_mixin.py:149} INFO - [2023-05-15T17:42:44.764+0530] {taskmixin.py:211} WARNING - Dependency <Task(BashOperator): create_entry_gcs>, delete_entry already registered for DAG: example_complex
[2023-05-15T17:42:44.765+0530] {logging_mixin.py:149} INFO - [2023-05-15T17:42:44.764+0530] {taskmixin.py:211} WARNING - Dependency <Task(BashOperator): delete_entry>, create_entry_gcs already registered for DAG: example_complex
[2023-05-15T17:42:44.765+0530] {logging_mixin.py:149} INFO - [2023-05-15T17:42:44.765+0530] {taskmixin.py:211} WARNING - Dependency <Task(BashOperator): create_tag>, delete_tag already registered for DAG: example_complex
[2023-05-15T17:42:44.765+0530] {logging_mixin.py:149} INFO - [2023-05-15T17:42:44.765+0530] {taskmixin.py:211} WARNING - Dependency <Task(BashOperator): delete_tag>, create_tag already registered for DAG: example_complex
[2023-05-15T17:42:44.767+0530] {processor.py:809} INFO - DAG(s) dict_keys(['example_complex']) retrieved from /home/feuer/.local/lib/python3.10/site-packages/airflow/example_dags/example_complex.py
[2023-05-15T17:42:44.813+0530] {logging_mixin.py:149} INFO - [2023-05-15T17:42:44.813+0530] {dag.py:2726} INFO - Sync 1 DAGs
[2023-05-15T17:42:44.832+0530] {logging_mixin.py:149} INFO - [2023-05-15T17:42:44.832+0530] {dag.py:3486} INFO - Setting next_dagrun for example_complex to None, run_after=None
[2023-05-15T17:42:44.917+0530] {processor.py:178} INFO - Processing /home/feuer/.local/lib/python3.10/site-packages/airflow/example_dags/example_complex.py took 0.179 seconds
[2023-05-15T17:44:02.803+0530] {processor.py:156} INFO - Started process (PID=22401) to work on /home/feuer/.local/lib/python3.10/site-packages/airflow/example_dags/example_complex.py
[2023-05-15T17:44:02.814+0530] {processor.py:799} INFO - Processing file /home/feuer/.local/lib/python3.10/site-packages/airflow/example_dags/example_complex.py for tasks to queue
[2023-05-15T17:44:02.814+0530] {logging_mixin.py:149} INFO - [2023-05-15T17:44:02.814+0530] {dagbag.py:541} INFO - Filling up the DagBag from /home/feuer/.local/lib/python3.10/site-packages/airflow/example_dags/example_complex.py
[2023-05-15T17:44:02.821+0530] {logging_mixin.py:149} INFO - [2023-05-15T17:44:02.821+0530] {taskmixin.py:211} WARNING - Dependency <Task(BashOperator): create_entry_group>, delete_entry_group already registered for DAG: example_complex
[2023-05-15T17:44:02.821+0530] {logging_mixin.py:149} INFO - [2023-05-15T17:44:02.821+0530] {taskmixin.py:211} WARNING - Dependency <Task(BashOperator): delete_entry_group>, create_entry_group already registered for DAG: example_complex
[2023-05-15T17:44:02.821+0530] {logging_mixin.py:149} INFO - [2023-05-15T17:44:02.821+0530] {taskmixin.py:211} WARNING - Dependency <Task(BashOperator): create_entry_gcs>, delete_entry already registered for DAG: example_complex
[2023-05-15T17:44:02.821+0530] {logging_mixin.py:149} INFO - [2023-05-15T17:44:02.821+0530] {taskmixin.py:211} WARNING - Dependency <Task(BashOperator): delete_entry>, create_entry_gcs already registered for DAG: example_complex
[2023-05-15T17:44:02.822+0530] {logging_mixin.py:149} INFO - [2023-05-15T17:44:02.822+0530] {taskmixin.py:211} WARNING - Dependency <Task(BashOperator): create_tag>, delete_tag already registered for DAG: example_complex
[2023-05-15T17:44:02.822+0530] {logging_mixin.py:149} INFO - [2023-05-15T17:44:02.822+0530] {taskmixin.py:211} WARNING - Dependency <Task(BashOperator): delete_tag>, create_tag already registered for DAG: example_complex
[2023-05-15T17:44:02.823+0530] {processor.py:809} INFO - DAG(s) dict_keys(['example_complex']) retrieved from /home/feuer/.local/lib/python3.10/site-packages/airflow/example_dags/example_complex.py
[2023-05-15T17:44:02.841+0530] {logging_mixin.py:149} INFO - [2023-05-15T17:44:02.841+0530] {dag.py:2726} INFO - Sync 1 DAGs
[2023-05-15T17:44:02.851+0530] {logging_mixin.py:149} INFO - [2023-05-15T17:44:02.851+0530] {dag.py:3486} INFO - Setting next_dagrun for example_complex to None, run_after=None
[2023-05-15T17:44:02.930+0530] {processor.py:178} INFO - Processing /home/feuer/.local/lib/python3.10/site-packages/airflow/example_dags/example_complex.py took 0.130 seconds
[2023-05-15T17:45:00.542+0530] {processor.py:156} INFO - Started process (PID=22528) to work on /home/feuer/.local/lib/python3.10/site-packages/airflow/example_dags/example_complex.py
[2023-05-15T17:45:00.542+0530] {processor.py:799} INFO - Processing file /home/feuer/.local/lib/python3.10/site-packages/airflow/example_dags/example_complex.py for tasks to queue
[2023-05-15T17:45:00.543+0530] {logging_mixin.py:149} INFO - [2023-05-15T17:45:00.543+0530] {dagbag.py:541} INFO - Filling up the DagBag from /home/feuer/.local/lib/python3.10/site-packages/airflow/example_dags/example_complex.py
[2023-05-15T17:45:00.549+0530] {logging_mixin.py:149} INFO - [2023-05-15T17:45:00.549+0530] {taskmixin.py:211} WARNING - Dependency <Task(BashOperator): create_entry_group>, delete_entry_group already registered for DAG: example_complex
[2023-05-15T17:45:00.550+0530] {logging_mixin.py:149} INFO - [2023-05-15T17:45:00.549+0530] {taskmixin.py:211} WARNING - Dependency <Task(BashOperator): delete_entry_group>, create_entry_group already registered for DAG: example_complex
[2023-05-15T17:45:00.550+0530] {logging_mixin.py:149} INFO - [2023-05-15T17:45:00.550+0530] {taskmixin.py:211} WARNING - Dependency <Task(BashOperator): create_entry_gcs>, delete_entry already registered for DAG: example_complex
[2023-05-15T17:45:00.550+0530] {logging_mixin.py:149} INFO - [2023-05-15T17:45:00.550+0530] {taskmixin.py:211} WARNING - Dependency <Task(BashOperator): delete_entry>, create_entry_gcs already registered for DAG: example_complex
[2023-05-15T17:45:00.550+0530] {logging_mixin.py:149} INFO - [2023-05-15T17:45:00.550+0530] {taskmixin.py:211} WARNING - Dependency <Task(BashOperator): create_tag>, delete_tag already registered for DAG: example_complex
[2023-05-15T17:45:00.550+0530] {logging_mixin.py:149} INFO - [2023-05-15T17:45:00.550+0530] {taskmixin.py:211} WARNING - Dependency <Task(BashOperator): delete_tag>, create_tag already registered for DAG: example_complex
[2023-05-15T17:45:00.551+0530] {processor.py:809} INFO - DAG(s) dict_keys(['example_complex']) retrieved from /home/feuer/.local/lib/python3.10/site-packages/airflow/example_dags/example_complex.py
[2023-05-15T17:45:00.569+0530] {logging_mixin.py:149} INFO - [2023-05-15T17:45:00.569+0530] {dag.py:2726} INFO - Sync 1 DAGs
[2023-05-15T17:45:00.580+0530] {logging_mixin.py:149} INFO - [2023-05-15T17:45:00.580+0530] {dag.py:3486} INFO - Setting next_dagrun for example_complex to None, run_after=None
[2023-05-15T17:45:00.662+0530] {processor.py:178} INFO - Processing /home/feuer/.local/lib/python3.10/site-packages/airflow/example_dags/example_complex.py took 0.123 seconds
[2023-05-15T17:46:22.410+0530] {processor.py:156} INFO - Started process (PID=22722) to work on /home/feuer/.local/lib/python3.10/site-packages/airflow/example_dags/example_complex.py
[2023-05-15T17:46:22.416+0530] {processor.py:799} INFO - Processing file /home/feuer/.local/lib/python3.10/site-packages/airflow/example_dags/example_complex.py for tasks to queue
[2023-05-15T17:46:22.417+0530] {logging_mixin.py:149} INFO - [2023-05-15T17:46:22.416+0530] {dagbag.py:541} INFO - Filling up the DagBag from /home/feuer/.local/lib/python3.10/site-packages/airflow/example_dags/example_complex.py
[2023-05-15T17:46:22.428+0530] {logging_mixin.py:149} INFO - [2023-05-15T17:46:22.428+0530] {taskmixin.py:211} WARNING - Dependency <Task(BashOperator): create_entry_group>, delete_entry_group already registered for DAG: example_complex
[2023-05-15T17:46:22.429+0530] {logging_mixin.py:149} INFO - [2023-05-15T17:46:22.429+0530] {taskmixin.py:211} WARNING - Dependency <Task(BashOperator): delete_entry_group>, create_entry_group already registered for DAG: example_complex
[2023-05-15T17:46:22.429+0530] {logging_mixin.py:149} INFO - [2023-05-15T17:46:22.429+0530] {taskmixin.py:211} WARNING - Dependency <Task(BashOperator): create_entry_gcs>, delete_entry already registered for DAG: example_complex
[2023-05-15T17:46:22.429+0530] {logging_mixin.py:149} INFO - [2023-05-15T17:46:22.429+0530] {taskmixin.py:211} WARNING - Dependency <Task(BashOperator): delete_entry>, create_entry_gcs already registered for DAG: example_complex
[2023-05-15T17:46:22.430+0530] {logging_mixin.py:149} INFO - [2023-05-15T17:46:22.430+0530] {taskmixin.py:211} WARNING - Dependency <Task(BashOperator): create_tag>, delete_tag already registered for DAG: example_complex
[2023-05-15T17:46:22.430+0530] {logging_mixin.py:149} INFO - [2023-05-15T17:46:22.430+0530] {taskmixin.py:211} WARNING - Dependency <Task(BashOperator): delete_tag>, create_tag already registered for DAG: example_complex
[2023-05-15T17:46:22.432+0530] {processor.py:809} INFO - DAG(s) dict_keys(['example_complex']) retrieved from /home/feuer/.local/lib/python3.10/site-packages/airflow/example_dags/example_complex.py
[2023-05-15T17:46:22.466+0530] {logging_mixin.py:149} INFO - [2023-05-15T17:46:22.466+0530] {dag.py:2726} INFO - Sync 1 DAGs
[2023-05-15T17:46:22.477+0530] {logging_mixin.py:149} INFO - [2023-05-15T17:46:22.477+0530] {dag.py:3486} INFO - Setting next_dagrun for example_complex to None, run_after=None
[2023-05-15T17:46:22.558+0530] {processor.py:178} INFO - Processing /home/feuer/.local/lib/python3.10/site-packages/airflow/example_dags/example_complex.py took 0.151 seconds
