[2023-05-15T17:39:57.126+0530] {processor.py:156} INFO - Started process (PID=21610) to work on /home/feuer/.local/lib/python3.10/site-packages/airflow/example_dags/example_datasets.py
[2023-05-15T17:39:57.126+0530] {processor.py:799} INFO - Processing file /home/feuer/.local/lib/python3.10/site-packages/airflow/example_dags/example_datasets.py for tasks to queue
[2023-05-15T17:39:57.127+0530] {logging_mixin.py:149} INFO - [2023-05-15T17:39:57.127+0530] {dagbag.py:541} INFO - Filling up the DagBag from /home/feuer/.local/lib/python3.10/site-packages/airflow/example_dags/example_datasets.py
[2023-05-15T17:39:57.136+0530] {processor.py:809} INFO - DAG(s) dict_keys(['dataset_produces_1', 'dataset_consumes_1', 'dataset_consumes_1_never_scheduled', 'dataset_produces_2', 'dataset_consumes_unknown_never_scheduled', 'dataset_consumes_1_and_2']) retrieved from /home/feuer/.local/lib/python3.10/site-packages/airflow/example_dags/example_datasets.py
[2023-05-15T17:39:57.162+0530] {logging_mixin.py:149} INFO - [2023-05-15T17:39:57.161+0530] {dag.py:2726} INFO - Sync 6 DAGs
[2023-05-15T17:39:57.174+0530] {logging_mixin.py:149} INFO - [2023-05-15T17:39:57.173+0530] {dag.py:3486} INFO - Setting next_dagrun for dataset_consumes_1 to None, run_after=None
[2023-05-15T17:39:57.175+0530] {logging_mixin.py:149} INFO - [2023-05-15T17:39:57.175+0530] {dag.py:3486} INFO - Setting next_dagrun for dataset_consumes_1_and_2 to None, run_after=None
[2023-05-15T17:39:57.176+0530] {logging_mixin.py:149} INFO - [2023-05-15T17:39:57.176+0530] {dag.py:3486} INFO - Setting next_dagrun for dataset_consumes_1_never_scheduled to None, run_after=None
[2023-05-15T17:39:57.176+0530] {logging_mixin.py:149} INFO - [2023-05-15T17:39:57.176+0530] {dag.py:3486} INFO - Setting next_dagrun for dataset_consumes_unknown_never_scheduled to None, run_after=None
[2023-05-15T17:39:57.178+0530] {logging_mixin.py:149} INFO - [2023-05-15T17:39:57.178+0530] {dag.py:3486} INFO - Setting next_dagrun for dataset_produces_1 to 2023-05-14T00:00:00+00:00, run_after=2023-05-15T00:00:00+00:00
[2023-05-15T17:39:57.179+0530] {logging_mixin.py:149} INFO - [2023-05-15T17:39:57.179+0530] {dag.py:3486} INFO - Setting next_dagrun for dataset_produces_2 to None, run_after=None
[2023-05-15T17:39:57.354+0530] {processor.py:178} INFO - Processing /home/feuer/.local/lib/python3.10/site-packages/airflow/example_dags/example_datasets.py took 0.231 seconds
[2023-05-15T17:41:07.777+0530] {processor.py:156} INFO - Started process (PID=21885) to work on /home/feuer/.local/lib/python3.10/site-packages/airflow/example_dags/example_datasets.py
[2023-05-15T17:41:07.778+0530] {processor.py:799} INFO - Processing file /home/feuer/.local/lib/python3.10/site-packages/airflow/example_dags/example_datasets.py for tasks to queue
[2023-05-15T17:41:07.778+0530] {logging_mixin.py:149} INFO - [2023-05-15T17:41:07.778+0530] {dagbag.py:541} INFO - Filling up the DagBag from /home/feuer/.local/lib/python3.10/site-packages/airflow/example_dags/example_datasets.py
[2023-05-15T17:41:07.788+0530] {processor.py:809} INFO - DAG(s) dict_keys(['dataset_consumes_1_never_scheduled', 'dataset_consumes_1_and_2', 'dataset_consumes_1', 'dataset_consumes_unknown_never_scheduled', 'dataset_produces_1', 'dataset_produces_2']) retrieved from /home/feuer/.local/lib/python3.10/site-packages/airflow/example_dags/example_datasets.py
[2023-05-15T17:41:07.821+0530] {logging_mixin.py:149} INFO - [2023-05-15T17:41:07.821+0530] {dag.py:2726} INFO - Sync 6 DAGs
[2023-05-15T17:41:07.834+0530] {logging_mixin.py:149} INFO - [2023-05-15T17:41:07.834+0530] {dag.py:3486} INFO - Setting next_dagrun for dataset_consumes_1 to None, run_after=None
[2023-05-15T17:41:07.836+0530] {logging_mixin.py:149} INFO - [2023-05-15T17:41:07.836+0530] {dag.py:3486} INFO - Setting next_dagrun for dataset_consumes_1_and_2 to None, run_after=None
[2023-05-15T17:41:07.836+0530] {logging_mixin.py:149} INFO - [2023-05-15T17:41:07.836+0530] {dag.py:3486} INFO - Setting next_dagrun for dataset_consumes_1_never_scheduled to None, run_after=None
[2023-05-15T17:41:07.837+0530] {logging_mixin.py:149} INFO - [2023-05-15T17:41:07.837+0530] {dag.py:3486} INFO - Setting next_dagrun for dataset_consumes_unknown_never_scheduled to None, run_after=None
[2023-05-15T17:41:07.839+0530] {logging_mixin.py:149} INFO - [2023-05-15T17:41:07.839+0530] {dag.py:3486} INFO - Setting next_dagrun for dataset_produces_1 to 2023-05-14T00:00:00+00:00, run_after=2023-05-15T00:00:00+00:00
[2023-05-15T17:41:07.839+0530] {logging_mixin.py:149} INFO - [2023-05-15T17:41:07.839+0530] {dag.py:3486} INFO - Setting next_dagrun for dataset_produces_2 to None, run_after=None
[2023-05-15T17:41:07.938+0530] {processor.py:178} INFO - Processing /home/feuer/.local/lib/python3.10/site-packages/airflow/example_dags/example_datasets.py took 0.164 seconds
[2023-05-15T17:42:06.863+0530] {processor.py:156} INFO - Started process (PID=22083) to work on /home/feuer/.local/lib/python3.10/site-packages/airflow/example_dags/example_datasets.py
[2023-05-15T17:42:06.864+0530] {processor.py:799} INFO - Processing file /home/feuer/.local/lib/python3.10/site-packages/airflow/example_dags/example_datasets.py for tasks to queue
[2023-05-15T17:42:06.865+0530] {logging_mixin.py:149} INFO - [2023-05-15T17:42:06.865+0530] {dagbag.py:541} INFO - Filling up the DagBag from /home/feuer/.local/lib/python3.10/site-packages/airflow/example_dags/example_datasets.py
[2023-05-15T17:42:06.874+0530] {processor.py:809} INFO - DAG(s) dict_keys(['dataset_produces_2', 'dataset_produces_1', 'dataset_consumes_1_never_scheduled', 'dataset_consumes_unknown_never_scheduled', 'dataset_consumes_1_and_2', 'dataset_consumes_1']) retrieved from /home/feuer/.local/lib/python3.10/site-packages/airflow/example_dags/example_datasets.py
[2023-05-15T17:42:06.906+0530] {logging_mixin.py:149} INFO - [2023-05-15T17:42:06.906+0530] {dag.py:2726} INFO - Sync 6 DAGs
[2023-05-15T17:42:06.918+0530] {logging_mixin.py:149} INFO - [2023-05-15T17:42:06.918+0530] {dag.py:3486} INFO - Setting next_dagrun for dataset_consumes_1 to None, run_after=None
[2023-05-15T17:42:06.920+0530] {logging_mixin.py:149} INFO - [2023-05-15T17:42:06.920+0530] {dag.py:3486} INFO - Setting next_dagrun for dataset_consumes_1_and_2 to None, run_after=None
[2023-05-15T17:42:06.920+0530] {logging_mixin.py:149} INFO - [2023-05-15T17:42:06.920+0530] {dag.py:3486} INFO - Setting next_dagrun for dataset_consumes_1_never_scheduled to None, run_after=None
[2023-05-15T17:42:06.921+0530] {logging_mixin.py:149} INFO - [2023-05-15T17:42:06.921+0530] {dag.py:3486} INFO - Setting next_dagrun for dataset_consumes_unknown_never_scheduled to None, run_after=None
[2023-05-15T17:42:06.922+0530] {logging_mixin.py:149} INFO - [2023-05-15T17:42:06.922+0530] {dag.py:3486} INFO - Setting next_dagrun for dataset_produces_1 to 2023-05-14T00:00:00+00:00, run_after=2023-05-15T00:00:00+00:00
[2023-05-15T17:42:06.923+0530] {logging_mixin.py:149} INFO - [2023-05-15T17:42:06.923+0530] {dag.py:3486} INFO - Setting next_dagrun for dataset_produces_2 to None, run_after=None
[2023-05-15T17:42:07.005+0530] {processor.py:178} INFO - Processing /home/feuer/.local/lib/python3.10/site-packages/airflow/example_dags/example_datasets.py took 0.144 seconds
[2023-05-15T17:42:58.748+0530] {processor.py:156} INFO - Started process (PID=22268) to work on /home/feuer/.local/lib/python3.10/site-packages/airflow/example_dags/example_datasets.py
[2023-05-15T17:42:58.752+0530] {processor.py:799} INFO - Processing file /home/feuer/.local/lib/python3.10/site-packages/airflow/example_dags/example_datasets.py for tasks to queue
[2023-05-15T17:42:58.752+0530] {logging_mixin.py:149} INFO - [2023-05-15T17:42:58.752+0530] {dagbag.py:541} INFO - Filling up the DagBag from /home/feuer/.local/lib/python3.10/site-packages/airflow/example_dags/example_datasets.py
[2023-05-15T17:42:58.764+0530] {processor.py:809} INFO - DAG(s) dict_keys(['dataset_produces_1', 'dataset_consumes_1', 'dataset_produces_2', 'dataset_consumes_1_and_2', 'dataset_consumes_unknown_never_scheduled', 'dataset_consumes_1_never_scheduled']) retrieved from /home/feuer/.local/lib/python3.10/site-packages/airflow/example_dags/example_datasets.py
[2023-05-15T17:42:58.799+0530] {logging_mixin.py:149} INFO - [2023-05-15T17:42:58.798+0530] {dag.py:2726} INFO - Sync 6 DAGs
[2023-05-15T17:42:58.811+0530] {logging_mixin.py:149} INFO - [2023-05-15T17:42:58.811+0530] {dag.py:3486} INFO - Setting next_dagrun for dataset_consumes_1 to None, run_after=None
[2023-05-15T17:42:58.813+0530] {logging_mixin.py:149} INFO - [2023-05-15T17:42:58.813+0530] {dag.py:3486} INFO - Setting next_dagrun for dataset_consumes_1_and_2 to None, run_after=None
[2023-05-15T17:42:58.813+0530] {logging_mixin.py:149} INFO - [2023-05-15T17:42:58.813+0530] {dag.py:3486} INFO - Setting next_dagrun for dataset_consumes_1_never_scheduled to None, run_after=None
[2023-05-15T17:42:58.814+0530] {logging_mixin.py:149} INFO - [2023-05-15T17:42:58.814+0530] {dag.py:3486} INFO - Setting next_dagrun for dataset_consumes_unknown_never_scheduled to None, run_after=None
[2023-05-15T17:42:58.815+0530] {logging_mixin.py:149} INFO - [2023-05-15T17:42:58.815+0530] {dag.py:3486} INFO - Setting next_dagrun for dataset_produces_1 to 2023-05-14T00:00:00+00:00, run_after=2023-05-15T00:00:00+00:00
[2023-05-15T17:42:58.816+0530] {logging_mixin.py:149} INFO - [2023-05-15T17:42:58.816+0530] {dag.py:3486} INFO - Setting next_dagrun for dataset_produces_2 to None, run_after=None
[2023-05-15T17:42:58.894+0530] {processor.py:178} INFO - Processing /home/feuer/.local/lib/python3.10/site-packages/airflow/example_dags/example_datasets.py took 0.149 seconds
[2023-05-15T17:43:51.533+0530] {processor.py:156} INFO - Started process (PID=22381) to work on /home/feuer/.local/lib/python3.10/site-packages/airflow/example_dags/example_datasets.py
[2023-05-15T17:43:51.534+0530] {processor.py:799} INFO - Processing file /home/feuer/.local/lib/python3.10/site-packages/airflow/example_dags/example_datasets.py for tasks to queue
[2023-05-15T17:43:51.535+0530] {logging_mixin.py:149} INFO - [2023-05-15T17:43:51.534+0530] {dagbag.py:541} INFO - Filling up the DagBag from /home/feuer/.local/lib/python3.10/site-packages/airflow/example_dags/example_datasets.py
[2023-05-15T17:43:51.542+0530] {processor.py:809} INFO - DAG(s) dict_keys(['dataset_consumes_1_never_scheduled', 'dataset_consumes_unknown_never_scheduled', 'dataset_produces_2', 'dataset_consumes_1', 'dataset_produces_1', 'dataset_consumes_1_and_2']) retrieved from /home/feuer/.local/lib/python3.10/site-packages/airflow/example_dags/example_datasets.py
[2023-05-15T17:43:51.562+0530] {logging_mixin.py:149} INFO - [2023-05-15T17:43:51.562+0530] {dag.py:2726} INFO - Sync 6 DAGs
[2023-05-15T17:43:51.574+0530] {logging_mixin.py:149} INFO - [2023-05-15T17:43:51.574+0530] {dag.py:3486} INFO - Setting next_dagrun for dataset_consumes_1 to None, run_after=None
[2023-05-15T17:43:51.576+0530] {logging_mixin.py:149} INFO - [2023-05-15T17:43:51.576+0530] {dag.py:3486} INFO - Setting next_dagrun for dataset_consumes_1_and_2 to None, run_after=None
[2023-05-15T17:43:51.577+0530] {logging_mixin.py:149} INFO - [2023-05-15T17:43:51.577+0530] {dag.py:3486} INFO - Setting next_dagrun for dataset_consumes_1_never_scheduled to None, run_after=None
[2023-05-15T17:43:51.577+0530] {logging_mixin.py:149} INFO - [2023-05-15T17:43:51.577+0530] {dag.py:3486} INFO - Setting next_dagrun for dataset_consumes_unknown_never_scheduled to None, run_after=None
[2023-05-15T17:43:51.579+0530] {logging_mixin.py:149} INFO - [2023-05-15T17:43:51.579+0530] {dag.py:3486} INFO - Setting next_dagrun for dataset_produces_1 to 2023-05-14T00:00:00+00:00, run_after=2023-05-15T00:00:00+00:00
[2023-05-15T17:43:51.579+0530] {logging_mixin.py:149} INFO - [2023-05-15T17:43:51.579+0530] {dag.py:3486} INFO - Setting next_dagrun for dataset_produces_2 to None, run_after=None
[2023-05-15T17:43:51.664+0530] {processor.py:178} INFO - Processing /home/feuer/.local/lib/python3.10/site-packages/airflow/example_dags/example_datasets.py took 0.133 seconds
[2023-05-15T17:44:47.499+0530] {processor.py:156} INFO - Started process (PID=22515) to work on /home/feuer/.local/lib/python3.10/site-packages/airflow/example_dags/example_datasets.py
[2023-05-15T17:44:47.499+0530] {processor.py:799} INFO - Processing file /home/feuer/.local/lib/python3.10/site-packages/airflow/example_dags/example_datasets.py for tasks to queue
[2023-05-15T17:44:47.500+0530] {logging_mixin.py:149} INFO - [2023-05-15T17:44:47.500+0530] {dagbag.py:541} INFO - Filling up the DagBag from /home/feuer/.local/lib/python3.10/site-packages/airflow/example_dags/example_datasets.py
[2023-05-15T17:44:47.509+0530] {processor.py:809} INFO - DAG(s) dict_keys(['dataset_produces_1', 'dataset_consumes_unknown_never_scheduled', 'dataset_produces_2', 'dataset_consumes_1', 'dataset_consumes_1_and_2', 'dataset_consumes_1_never_scheduled']) retrieved from /home/feuer/.local/lib/python3.10/site-packages/airflow/example_dags/example_datasets.py
[2023-05-15T17:44:47.541+0530] {logging_mixin.py:149} INFO - [2023-05-15T17:44:47.541+0530] {dag.py:2726} INFO - Sync 6 DAGs
[2023-05-15T17:44:47.553+0530] {logging_mixin.py:149} INFO - [2023-05-15T17:44:47.553+0530] {dag.py:3486} INFO - Setting next_dagrun for dataset_consumes_1 to None, run_after=None
[2023-05-15T17:44:47.555+0530] {logging_mixin.py:149} INFO - [2023-05-15T17:44:47.554+0530] {dag.py:3486} INFO - Setting next_dagrun for dataset_consumes_1_and_2 to None, run_after=None
[2023-05-15T17:44:47.555+0530] {logging_mixin.py:149} INFO - [2023-05-15T17:44:47.555+0530] {dag.py:3486} INFO - Setting next_dagrun for dataset_consumes_1_never_scheduled to None, run_after=None
[2023-05-15T17:44:47.556+0530] {logging_mixin.py:149} INFO - [2023-05-15T17:44:47.555+0530] {dag.py:3486} INFO - Setting next_dagrun for dataset_consumes_unknown_never_scheduled to None, run_after=None
[2023-05-15T17:44:47.557+0530] {logging_mixin.py:149} INFO - [2023-05-15T17:44:47.557+0530] {dag.py:3486} INFO - Setting next_dagrun for dataset_produces_1 to 2023-05-14T00:00:00+00:00, run_after=2023-05-15T00:00:00+00:00
[2023-05-15T17:44:47.558+0530] {logging_mixin.py:149} INFO - [2023-05-15T17:44:47.558+0530] {dag.py:3486} INFO - Setting next_dagrun for dataset_produces_2 to None, run_after=None
[2023-05-15T17:44:47.633+0530] {processor.py:178} INFO - Processing /home/feuer/.local/lib/python3.10/site-packages/airflow/example_dags/example_datasets.py took 0.137 seconds
[2023-05-15T17:45:41.751+0530] {processor.py:156} INFO - Started process (PID=22650) to work on /home/feuer/.local/lib/python3.10/site-packages/airflow/example_dags/example_datasets.py
[2023-05-15T17:45:41.759+0530] {processor.py:799} INFO - Processing file /home/feuer/.local/lib/python3.10/site-packages/airflow/example_dags/example_datasets.py for tasks to queue
[2023-05-15T17:45:41.760+0530] {logging_mixin.py:149} INFO - [2023-05-15T17:45:41.760+0530] {dagbag.py:541} INFO - Filling up the DagBag from /home/feuer/.local/lib/python3.10/site-packages/airflow/example_dags/example_datasets.py
[2023-05-15T17:45:41.767+0530] {processor.py:809} INFO - DAG(s) dict_keys(['dataset_consumes_1_and_2', 'dataset_produces_2', 'dataset_consumes_1', 'dataset_consumes_unknown_never_scheduled', 'dataset_consumes_1_never_scheduled', 'dataset_produces_1']) retrieved from /home/feuer/.local/lib/python3.10/site-packages/airflow/example_dags/example_datasets.py
[2023-05-15T17:45:41.800+0530] {logging_mixin.py:149} INFO - [2023-05-15T17:45:41.799+0530] {dag.py:2726} INFO - Sync 6 DAGs
[2023-05-15T17:45:41.814+0530] {logging_mixin.py:149} INFO - [2023-05-15T17:45:41.814+0530] {dag.py:3486} INFO - Setting next_dagrun for dataset_consumes_1 to None, run_after=None
[2023-05-15T17:45:41.816+0530] {logging_mixin.py:149} INFO - [2023-05-15T17:45:41.816+0530] {dag.py:3486} INFO - Setting next_dagrun for dataset_consumes_1_and_2 to None, run_after=None
[2023-05-15T17:45:41.816+0530] {logging_mixin.py:149} INFO - [2023-05-15T17:45:41.816+0530] {dag.py:3486} INFO - Setting next_dagrun for dataset_consumes_1_never_scheduled to None, run_after=None
[2023-05-15T17:45:41.817+0530] {logging_mixin.py:149} INFO - [2023-05-15T17:45:41.817+0530] {dag.py:3486} INFO - Setting next_dagrun for dataset_consumes_unknown_never_scheduled to None, run_after=None
[2023-05-15T17:45:41.819+0530] {logging_mixin.py:149} INFO - [2023-05-15T17:45:41.819+0530] {dag.py:3486} INFO - Setting next_dagrun for dataset_produces_1 to 2023-05-14T00:00:00+00:00, run_after=2023-05-15T00:00:00+00:00
[2023-05-15T17:45:41.819+0530] {logging_mixin.py:149} INFO - [2023-05-15T17:45:41.819+0530] {dag.py:3486} INFO - Setting next_dagrun for dataset_produces_2 to None, run_after=None
[2023-05-15T17:45:41.928+0530] {processor.py:178} INFO - Processing /home/feuer/.local/lib/python3.10/site-packages/airflow/example_dags/example_datasets.py took 0.179 seconds
[2023-05-15T17:46:35.540+0530] {processor.py:156} INFO - Started process (PID=22757) to work on /home/feuer/.local/lib/python3.10/site-packages/airflow/example_dags/example_datasets.py
[2023-05-15T17:46:35.541+0530] {processor.py:799} INFO - Processing file /home/feuer/.local/lib/python3.10/site-packages/airflow/example_dags/example_datasets.py for tasks to queue
[2023-05-15T17:46:35.541+0530] {logging_mixin.py:149} INFO - [2023-05-15T17:46:35.541+0530] {dagbag.py:541} INFO - Filling up the DagBag from /home/feuer/.local/lib/python3.10/site-packages/airflow/example_dags/example_datasets.py
[2023-05-15T17:46:35.548+0530] {processor.py:809} INFO - DAG(s) dict_keys(['dataset_consumes_1_never_scheduled', 'dataset_produces_2', 'dataset_produces_1', 'dataset_consumes_1', 'dataset_consumes_unknown_never_scheduled', 'dataset_consumes_1_and_2']) retrieved from /home/feuer/.local/lib/python3.10/site-packages/airflow/example_dags/example_datasets.py
[2023-05-15T17:46:35.566+0530] {logging_mixin.py:149} INFO - [2023-05-15T17:46:35.566+0530] {dag.py:2726} INFO - Sync 6 DAGs
[2023-05-15T17:46:35.579+0530] {logging_mixin.py:149} INFO - [2023-05-15T17:46:35.579+0530] {dag.py:3486} INFO - Setting next_dagrun for dataset_consumes_1 to None, run_after=None
[2023-05-15T17:46:35.581+0530] {logging_mixin.py:149} INFO - [2023-05-15T17:46:35.581+0530] {dag.py:3486} INFO - Setting next_dagrun for dataset_consumes_1_and_2 to None, run_after=None
[2023-05-15T17:46:35.582+0530] {logging_mixin.py:149} INFO - [2023-05-15T17:46:35.582+0530] {dag.py:3486} INFO - Setting next_dagrun for dataset_consumes_1_never_scheduled to None, run_after=None
[2023-05-15T17:46:35.582+0530] {logging_mixin.py:149} INFO - [2023-05-15T17:46:35.582+0530] {dag.py:3486} INFO - Setting next_dagrun for dataset_consumes_unknown_never_scheduled to None, run_after=None
[2023-05-15T17:46:35.584+0530] {logging_mixin.py:149} INFO - [2023-05-15T17:46:35.584+0530] {dag.py:3486} INFO - Setting next_dagrun for dataset_produces_1 to 2023-05-14T00:00:00+00:00, run_after=2023-05-15T00:00:00+00:00
[2023-05-15T17:46:35.584+0530] {logging_mixin.py:149} INFO - [2023-05-15T17:46:35.584+0530] {dag.py:3486} INFO - Setting next_dagrun for dataset_produces_2 to None, run_after=None
[2023-05-15T17:46:35.670+0530] {processor.py:178} INFO - Processing /home/feuer/.local/lib/python3.10/site-packages/airflow/example_dags/example_datasets.py took 0.132 seconds
[2023-05-15T17:47:30.179+0530] {processor.py:156} INFO - Started process (PID=22967) to work on /home/feuer/.local/lib/python3.10/site-packages/airflow/example_dags/example_datasets.py
[2023-05-15T17:47:30.455+0530] {processor.py:799} INFO - Processing file /home/feuer/.local/lib/python3.10/site-packages/airflow/example_dags/example_datasets.py for tasks to queue
[2023-05-15T17:47:30.456+0530] {logging_mixin.py:149} INFO - [2023-05-15T17:47:30.456+0530] {dagbag.py:541} INFO - Filling up the DagBag from /home/feuer/.local/lib/python3.10/site-packages/airflow/example_dags/example_datasets.py
[2023-05-15T17:47:30.500+0530] {processor.py:809} INFO - DAG(s) dict_keys(['dataset_consumes_1_never_scheduled', 'dataset_produces_1', 'dataset_consumes_unknown_never_scheduled', 'dataset_consumes_1_and_2', 'dataset_consumes_1', 'dataset_produces_2']) retrieved from /home/feuer/.local/lib/python3.10/site-packages/airflow/example_dags/example_datasets.py
[2023-05-15T17:47:30.610+0530] {logging_mixin.py:149} INFO - [2023-05-15T17:47:30.609+0530] {dag.py:2726} INFO - Sync 6 DAGs
[2023-05-15T23:10:16.298+0530] {logging_mixin.py:149} INFO - [2023-05-15T23:10:16.298+0530] {dag.py:3486} INFO - Setting next_dagrun for dataset_consumes_1 to None, run_after=None
[2023-05-15T23:10:16.302+0530] {logging_mixin.py:149} INFO - [2023-05-15T23:10:16.302+0530] {dag.py:3486} INFO - Setting next_dagrun for dataset_consumes_1_and_2 to None, run_after=None
[2023-05-15T23:10:16.304+0530] {logging_mixin.py:149} INFO - [2023-05-15T23:10:16.303+0530] {dag.py:3486} INFO - Setting next_dagrun for dataset_consumes_1_never_scheduled to None, run_after=None
[2023-05-15T23:10:16.305+0530] {logging_mixin.py:149} INFO - [2023-05-15T23:10:16.305+0530] {dag.py:3486} INFO - Setting next_dagrun for dataset_consumes_unknown_never_scheduled to None, run_after=None
[2023-05-15T23:10:16.310+0530] {logging_mixin.py:149} INFO - [2023-05-15T23:10:16.309+0530] {dag.py:3486} INFO - Setting next_dagrun for dataset_produces_1 to 2023-05-14T00:00:00+00:00, run_after=2023-05-15T00:00:00+00:00
[2023-05-15T23:10:16.311+0530] {logging_mixin.py:149} INFO - [2023-05-15T23:10:16.311+0530] {dag.py:3486} INFO - Setting next_dagrun for dataset_produces_2 to None, run_after=None
[2023-05-15T23:10:17.468+0530] {processor.py:178} INFO - Processing /home/feuer/.local/lib/python3.10/site-packages/airflow/example_dags/example_datasets.py took 17.698 seconds
