[2023-05-15T17:39:54.841+0530] {processor.py:156} INFO - Started process (PID=21607) to work on /home/feuer/.local/lib/python3.10/site-packages/airflow/example_dags/example_kubernetes_executor.py
[2023-05-15T17:39:54.842+0530] {processor.py:799} INFO - Processing file /home/feuer/.local/lib/python3.10/site-packages/airflow/example_dags/example_kubernetes_executor.py for tasks to queue
[2023-05-15T17:39:54.842+0530] {logging_mixin.py:149} INFO - [2023-05-15T17:39:54.842+0530] {dagbag.py:541} INFO - Filling up the DagBag from /home/feuer/.local/lib/python3.10/site-packages/airflow/example_dags/example_kubernetes_executor.py
[2023-05-15T17:39:54.845+0530] {logging_mixin.py:149} INFO - [2023-05-15T17:39:54.845+0530] {example_kubernetes_executor.py:41} WARNING - The example_kubernetes_executor example DAG requires the kubernetes provider. Please install it with: pip install apache-airflow[cncf.kubernetes]
[2023-05-15T17:39:54.846+0530] {processor.py:811} WARNING - No viable dags retrieved from /home/feuer/.local/lib/python3.10/site-packages/airflow/example_dags/example_kubernetes_executor.py
[2023-05-15T17:39:54.856+0530] {processor.py:178} INFO - Processing /home/feuer/.local/lib/python3.10/site-packages/airflow/example_dags/example_kubernetes_executor.py took 0.018 seconds
[2023-05-15T17:41:05.428+0530] {processor.py:156} INFO - Started process (PID=21883) to work on /home/feuer/.local/lib/python3.10/site-packages/airflow/example_dags/example_kubernetes_executor.py
[2023-05-15T17:41:05.429+0530] {processor.py:799} INFO - Processing file /home/feuer/.local/lib/python3.10/site-packages/airflow/example_dags/example_kubernetes_executor.py for tasks to queue
[2023-05-15T17:41:05.430+0530] {logging_mixin.py:149} INFO - [2023-05-15T17:41:05.430+0530] {dagbag.py:541} INFO - Filling up the DagBag from /home/feuer/.local/lib/python3.10/site-packages/airflow/example_dags/example_kubernetes_executor.py
[2023-05-15T17:41:05.433+0530] {logging_mixin.py:149} INFO - [2023-05-15T17:41:05.432+0530] {example_kubernetes_executor.py:41} WARNING - The example_kubernetes_executor example DAG requires the kubernetes provider. Please install it with: pip install apache-airflow[cncf.kubernetes]
[2023-05-15T17:41:05.433+0530] {processor.py:811} WARNING - No viable dags retrieved from /home/feuer/.local/lib/python3.10/site-packages/airflow/example_dags/example_kubernetes_executor.py
[2023-05-15T17:41:05.442+0530] {processor.py:178} INFO - Processing /home/feuer/.local/lib/python3.10/site-packages/airflow/example_dags/example_kubernetes_executor.py took 0.017 seconds
[2023-05-15T17:42:04.580+0530] {processor.py:156} INFO - Started process (PID=22081) to work on /home/feuer/.local/lib/python3.10/site-packages/airflow/example_dags/example_kubernetes_executor.py
[2023-05-15T17:42:04.581+0530] {processor.py:799} INFO - Processing file /home/feuer/.local/lib/python3.10/site-packages/airflow/example_dags/example_kubernetes_executor.py for tasks to queue
[2023-05-15T17:42:04.582+0530] {logging_mixin.py:149} INFO - [2023-05-15T17:42:04.582+0530] {dagbag.py:541} INFO - Filling up the DagBag from /home/feuer/.local/lib/python3.10/site-packages/airflow/example_dags/example_kubernetes_executor.py
[2023-05-15T17:42:04.593+0530] {logging_mixin.py:149} INFO - [2023-05-15T17:42:04.593+0530] {example_kubernetes_executor.py:41} WARNING - The example_kubernetes_executor example DAG requires the kubernetes provider. Please install it with: pip install apache-airflow[cncf.kubernetes]
[2023-05-15T17:42:04.593+0530] {processor.py:811} WARNING - No viable dags retrieved from /home/feuer/.local/lib/python3.10/site-packages/airflow/example_dags/example_kubernetes_executor.py
[2023-05-15T17:42:04.603+0530] {processor.py:178} INFO - Processing /home/feuer/.local/lib/python3.10/site-packages/airflow/example_dags/example_kubernetes_executor.py took 0.025 seconds
[2023-05-15T17:42:57.028+0530] {processor.py:156} INFO - Started process (PID=22266) to work on /home/feuer/.local/lib/python3.10/site-packages/airflow/example_dags/example_kubernetes_executor.py
[2023-05-15T17:42:57.035+0530] {processor.py:799} INFO - Processing file /home/feuer/.local/lib/python3.10/site-packages/airflow/example_dags/example_kubernetes_executor.py for tasks to queue
[2023-05-15T17:42:57.036+0530] {logging_mixin.py:149} INFO - [2023-05-15T17:42:57.036+0530] {dagbag.py:541} INFO - Filling up the DagBag from /home/feuer/.local/lib/python3.10/site-packages/airflow/example_dags/example_kubernetes_executor.py
[2023-05-15T17:42:57.039+0530] {logging_mixin.py:149} INFO - [2023-05-15T17:42:57.039+0530] {example_kubernetes_executor.py:41} WARNING - The example_kubernetes_executor example DAG requires the kubernetes provider. Please install it with: pip install apache-airflow[cncf.kubernetes]
[2023-05-15T17:42:57.039+0530] {processor.py:811} WARNING - No viable dags retrieved from /home/feuer/.local/lib/python3.10/site-packages/airflow/example_dags/example_kubernetes_executor.py
[2023-05-15T17:42:57.049+0530] {processor.py:178} INFO - Processing /home/feuer/.local/lib/python3.10/site-packages/airflow/example_dags/example_kubernetes_executor.py took 0.025 seconds
[2023-05-15T17:43:49.721+0530] {processor.py:156} INFO - Started process (PID=22379) to work on /home/feuer/.local/lib/python3.10/site-packages/airflow/example_dags/example_kubernetes_executor.py
[2023-05-15T17:43:49.731+0530] {processor.py:799} INFO - Processing file /home/feuer/.local/lib/python3.10/site-packages/airflow/example_dags/example_kubernetes_executor.py for tasks to queue
[2023-05-15T17:43:49.732+0530] {logging_mixin.py:149} INFO - [2023-05-15T17:43:49.732+0530] {dagbag.py:541} INFO - Filling up the DagBag from /home/feuer/.local/lib/python3.10/site-packages/airflow/example_dags/example_kubernetes_executor.py
[2023-05-15T17:43:49.735+0530] {logging_mixin.py:149} INFO - [2023-05-15T17:43:49.735+0530] {example_kubernetes_executor.py:41} WARNING - The example_kubernetes_executor example DAG requires the kubernetes provider. Please install it with: pip install apache-airflow[cncf.kubernetes]
[2023-05-15T17:43:49.735+0530] {processor.py:811} WARNING - No viable dags retrieved from /home/feuer/.local/lib/python3.10/site-packages/airflow/example_dags/example_kubernetes_executor.py
[2023-05-15T17:43:49.744+0530] {processor.py:178} INFO - Processing /home/feuer/.local/lib/python3.10/site-packages/airflow/example_dags/example_kubernetes_executor.py took 0.027 seconds
[2023-05-15T17:44:45.403+0530] {processor.py:156} INFO - Started process (PID=22513) to work on /home/feuer/.local/lib/python3.10/site-packages/airflow/example_dags/example_kubernetes_executor.py
[2023-05-15T17:44:45.412+0530] {processor.py:799} INFO - Processing file /home/feuer/.local/lib/python3.10/site-packages/airflow/example_dags/example_kubernetes_executor.py for tasks to queue
[2023-05-15T17:44:45.413+0530] {logging_mixin.py:149} INFO - [2023-05-15T17:44:45.413+0530] {dagbag.py:541} INFO - Filling up the DagBag from /home/feuer/.local/lib/python3.10/site-packages/airflow/example_dags/example_kubernetes_executor.py
[2023-05-15T17:44:45.416+0530] {logging_mixin.py:149} INFO - [2023-05-15T17:44:45.416+0530] {example_kubernetes_executor.py:41} WARNING - The example_kubernetes_executor example DAG requires the kubernetes provider. Please install it with: pip install apache-airflow[cncf.kubernetes]
[2023-05-15T17:44:45.416+0530] {processor.py:811} WARNING - No viable dags retrieved from /home/feuer/.local/lib/python3.10/site-packages/airflow/example_dags/example_kubernetes_executor.py
[2023-05-15T17:44:45.426+0530] {processor.py:178} INFO - Processing /home/feuer/.local/lib/python3.10/site-packages/airflow/example_dags/example_kubernetes_executor.py took 0.026 seconds
[2023-05-15T17:45:39.473+0530] {processor.py:156} INFO - Started process (PID=22648) to work on /home/feuer/.local/lib/python3.10/site-packages/airflow/example_dags/example_kubernetes_executor.py
[2023-05-15T17:45:39.484+0530] {processor.py:799} INFO - Processing file /home/feuer/.local/lib/python3.10/site-packages/airflow/example_dags/example_kubernetes_executor.py for tasks to queue
[2023-05-15T17:45:39.485+0530] {logging_mixin.py:149} INFO - [2023-05-15T17:45:39.485+0530] {dagbag.py:541} INFO - Filling up the DagBag from /home/feuer/.local/lib/python3.10/site-packages/airflow/example_dags/example_kubernetes_executor.py
[2023-05-15T17:45:39.488+0530] {logging_mixin.py:149} INFO - [2023-05-15T17:45:39.487+0530] {example_kubernetes_executor.py:41} WARNING - The example_kubernetes_executor example DAG requires the kubernetes provider. Please install it with: pip install apache-airflow[cncf.kubernetes]
[2023-05-15T17:45:39.488+0530] {processor.py:811} WARNING - No viable dags retrieved from /home/feuer/.local/lib/python3.10/site-packages/airflow/example_dags/example_kubernetes_executor.py
[2023-05-15T17:45:39.498+0530] {processor.py:178} INFO - Processing /home/feuer/.local/lib/python3.10/site-packages/airflow/example_dags/example_kubernetes_executor.py took 0.028 seconds
[2023-05-15T17:46:34.134+0530] {processor.py:156} INFO - Started process (PID=22755) to work on /home/feuer/.local/lib/python3.10/site-packages/airflow/example_dags/example_kubernetes_executor.py
[2023-05-15T17:46:34.135+0530] {processor.py:799} INFO - Processing file /home/feuer/.local/lib/python3.10/site-packages/airflow/example_dags/example_kubernetes_executor.py for tasks to queue
[2023-05-15T17:46:34.136+0530] {logging_mixin.py:149} INFO - [2023-05-15T17:46:34.136+0530] {dagbag.py:541} INFO - Filling up the DagBag from /home/feuer/.local/lib/python3.10/site-packages/airflow/example_dags/example_kubernetes_executor.py
[2023-05-15T17:46:34.138+0530] {logging_mixin.py:149} INFO - [2023-05-15T17:46:34.138+0530] {example_kubernetes_executor.py:41} WARNING - The example_kubernetes_executor example DAG requires the kubernetes provider. Please install it with: pip install apache-airflow[cncf.kubernetes]
[2023-05-15T17:46:34.138+0530] {processor.py:811} WARNING - No viable dags retrieved from /home/feuer/.local/lib/python3.10/site-packages/airflow/example_dags/example_kubernetes_executor.py
[2023-05-15T17:46:34.145+0530] {processor.py:178} INFO - Processing /home/feuer/.local/lib/python3.10/site-packages/airflow/example_dags/example_kubernetes_executor.py took 0.014 seconds
[2023-05-15T17:47:27.776+0530] {processor.py:156} INFO - Started process (PID=22942) to work on /home/feuer/.local/lib/python3.10/site-packages/airflow/example_dags/example_kubernetes_executor.py
[2023-05-15T17:47:27.787+0530] {processor.py:799} INFO - Processing file /home/feuer/.local/lib/python3.10/site-packages/airflow/example_dags/example_kubernetes_executor.py for tasks to queue
[2023-05-15T17:47:27.788+0530] {logging_mixin.py:149} INFO - [2023-05-15T17:47:27.787+0530] {dagbag.py:541} INFO - Filling up the DagBag from /home/feuer/.local/lib/python3.10/site-packages/airflow/example_dags/example_kubernetes_executor.py
[2023-05-15T17:47:27.798+0530] {logging_mixin.py:149} INFO - [2023-05-15T17:47:27.798+0530] {example_kubernetes_executor.py:41} WARNING - The example_kubernetes_executor example DAG requires the kubernetes provider. Please install it with: pip install apache-airflow[cncf.kubernetes]
[2023-05-15T17:47:27.799+0530] {processor.py:811} WARNING - No viable dags retrieved from /home/feuer/.local/lib/python3.10/site-packages/airflow/example_dags/example_kubernetes_executor.py
[2023-05-15T17:47:27.809+0530] {processor.py:178} INFO - Processing /home/feuer/.local/lib/python3.10/site-packages/airflow/example_dags/example_kubernetes_executor.py took 0.036 seconds
