[2023-05-15T17:40:46.416+0530] {processor.py:156} INFO - Started process (PID=21819) to work on /home/feuer/.local/lib/python3.10/site-packages/airflow/example_dags/example_time_delta_sensor_async.py
[2023-05-15T17:40:46.417+0530] {processor.py:799} INFO - Processing file /home/feuer/.local/lib/python3.10/site-packages/airflow/example_dags/example_time_delta_sensor_async.py for tasks to queue
[2023-05-15T17:40:46.417+0530] {logging_mixin.py:149} INFO - [2023-05-15T17:40:46.417+0530] {dagbag.py:541} INFO - Filling up the DagBag from /home/feuer/.local/lib/python3.10/site-packages/airflow/example_dags/example_time_delta_sensor_async.py
[2023-05-15T17:40:46.436+0530] {processor.py:809} INFO - DAG(s) dict_keys(['example_time_delta_sensor_async']) retrieved from /home/feuer/.local/lib/python3.10/site-packages/airflow/example_dags/example_time_delta_sensor_async.py
[2023-05-15T17:40:46.468+0530] {logging_mixin.py:149} INFO - [2023-05-15T17:40:46.468+0530] {dag.py:2726} INFO - Sync 1 DAGs
[2023-05-15T17:40:46.491+0530] {logging_mixin.py:149} INFO - [2023-05-15T17:40:46.491+0530] {dag.py:3486} INFO - Setting next_dagrun for example_time_delta_sensor_async to None, run_after=None
[2023-05-15T17:40:46.692+0530] {processor.py:178} INFO - Processing /home/feuer/.local/lib/python3.10/site-packages/airflow/example_dags/example_time_delta_sensor_async.py took 0.279 seconds
[2023-05-15T17:41:47.460+0530] {processor.py:156} INFO - Started process (PID=22031) to work on /home/feuer/.local/lib/python3.10/site-packages/airflow/example_dags/example_time_delta_sensor_async.py
[2023-05-15T17:41:47.461+0530] {processor.py:799} INFO - Processing file /home/feuer/.local/lib/python3.10/site-packages/airflow/example_dags/example_time_delta_sensor_async.py for tasks to queue
[2023-05-15T17:41:47.462+0530] {logging_mixin.py:149} INFO - [2023-05-15T17:41:47.461+0530] {dagbag.py:541} INFO - Filling up the DagBag from /home/feuer/.local/lib/python3.10/site-packages/airflow/example_dags/example_time_delta_sensor_async.py
[2023-05-15T17:41:47.466+0530] {processor.py:809} INFO - DAG(s) dict_keys(['example_time_delta_sensor_async']) retrieved from /home/feuer/.local/lib/python3.10/site-packages/airflow/example_dags/example_time_delta_sensor_async.py
[2023-05-15T17:41:47.513+0530] {logging_mixin.py:149} INFO - [2023-05-15T17:41:47.513+0530] {dag.py:2726} INFO - Sync 1 DAGs
[2023-05-15T17:41:47.533+0530] {logging_mixin.py:149} INFO - [2023-05-15T17:41:47.532+0530] {dag.py:3486} INFO - Setting next_dagrun for example_time_delta_sensor_async to None, run_after=None
[2023-05-15T17:41:47.605+0530] {processor.py:178} INFO - Processing /home/feuer/.local/lib/python3.10/site-packages/airflow/example_dags/example_time_delta_sensor_async.py took 0.148 seconds
[2023-05-15T17:42:41.113+0530] {processor.py:156} INFO - Started process (PID=22221) to work on /home/feuer/.local/lib/python3.10/site-packages/airflow/example_dags/example_time_delta_sensor_async.py
[2023-05-15T17:42:41.114+0530] {processor.py:799} INFO - Processing file /home/feuer/.local/lib/python3.10/site-packages/airflow/example_dags/example_time_delta_sensor_async.py for tasks to queue
[2023-05-15T17:42:41.115+0530] {logging_mixin.py:149} INFO - [2023-05-15T17:42:41.114+0530] {dagbag.py:541} INFO - Filling up the DagBag from /home/feuer/.local/lib/python3.10/site-packages/airflow/example_dags/example_time_delta_sensor_async.py
[2023-05-15T17:42:41.119+0530] {processor.py:809} INFO - DAG(s) dict_keys(['example_time_delta_sensor_async']) retrieved from /home/feuer/.local/lib/python3.10/site-packages/airflow/example_dags/example_time_delta_sensor_async.py
[2023-05-15T17:42:41.138+0530] {logging_mixin.py:149} INFO - [2023-05-15T17:42:41.138+0530] {dag.py:2726} INFO - Sync 1 DAGs
[2023-05-15T17:42:41.157+0530] {logging_mixin.py:149} INFO - [2023-05-15T17:42:41.157+0530] {dag.py:3486} INFO - Setting next_dagrun for example_time_delta_sensor_async to None, run_after=None
[2023-05-15T17:42:41.242+0530] {processor.py:178} INFO - Processing /home/feuer/.local/lib/python3.10/site-packages/airflow/example_dags/example_time_delta_sensor_async.py took 0.132 seconds
[2023-05-15T17:43:34.134+0530] {processor.py:156} INFO - Started process (PID=22339) to work on /home/feuer/.local/lib/python3.10/site-packages/airflow/example_dags/example_time_delta_sensor_async.py
[2023-05-15T17:43:34.134+0530] {processor.py:799} INFO - Processing file /home/feuer/.local/lib/python3.10/site-packages/airflow/example_dags/example_time_delta_sensor_async.py for tasks to queue
[2023-05-15T17:43:34.135+0530] {logging_mixin.py:149} INFO - [2023-05-15T17:43:34.135+0530] {dagbag.py:541} INFO - Filling up the DagBag from /home/feuer/.local/lib/python3.10/site-packages/airflow/example_dags/example_time_delta_sensor_async.py
[2023-05-15T17:43:34.139+0530] {processor.py:809} INFO - DAG(s) dict_keys(['example_time_delta_sensor_async']) retrieved from /home/feuer/.local/lib/python3.10/site-packages/airflow/example_dags/example_time_delta_sensor_async.py
[2023-05-15T17:43:34.155+0530] {logging_mixin.py:149} INFO - [2023-05-15T17:43:34.155+0530] {dag.py:2726} INFO - Sync 1 DAGs
[2023-05-15T17:43:34.167+0530] {logging_mixin.py:149} INFO - [2023-05-15T17:43:34.167+0530] {dag.py:3486} INFO - Setting next_dagrun for example_time_delta_sensor_async to None, run_after=None
[2023-05-15T17:43:34.249+0530] {processor.py:178} INFO - Processing /home/feuer/.local/lib/python3.10/site-packages/airflow/example_dags/example_time_delta_sensor_async.py took 0.117 seconds
[2023-05-15T17:44:28.905+0530] {processor.py:156} INFO - Started process (PID=22477) to work on /home/feuer/.local/lib/python3.10/site-packages/airflow/example_dags/example_time_delta_sensor_async.py
[2023-05-15T17:44:28.905+0530] {processor.py:799} INFO - Processing file /home/feuer/.local/lib/python3.10/site-packages/airflow/example_dags/example_time_delta_sensor_async.py for tasks to queue
[2023-05-15T17:44:28.906+0530] {logging_mixin.py:149} INFO - [2023-05-15T17:44:28.906+0530] {dagbag.py:541} INFO - Filling up the DagBag from /home/feuer/.local/lib/python3.10/site-packages/airflow/example_dags/example_time_delta_sensor_async.py
[2023-05-15T17:44:28.909+0530] {processor.py:809} INFO - DAG(s) dict_keys(['example_time_delta_sensor_async']) retrieved from /home/feuer/.local/lib/python3.10/site-packages/airflow/example_dags/example_time_delta_sensor_async.py
[2023-05-15T17:44:28.920+0530] {logging_mixin.py:149} INFO - [2023-05-15T17:44:28.920+0530] {dag.py:2726} INFO - Sync 1 DAGs
[2023-05-15T17:44:28.931+0530] {logging_mixin.py:149} INFO - [2023-05-15T17:44:28.931+0530] {dag.py:3486} INFO - Setting next_dagrun for example_time_delta_sensor_async to None, run_after=None
[2023-05-15T17:44:29.014+0530] {processor.py:178} INFO - Processing /home/feuer/.local/lib/python3.10/site-packages/airflow/example_dags/example_time_delta_sensor_async.py took 0.112 seconds
[2023-05-15T17:45:23.069+0530] {processor.py:156} INFO - Started process (PID=22586) to work on /home/feuer/.local/lib/python3.10/site-packages/airflow/example_dags/example_time_delta_sensor_async.py
[2023-05-15T17:45:23.070+0530] {processor.py:799} INFO - Processing file /home/feuer/.local/lib/python3.10/site-packages/airflow/example_dags/example_time_delta_sensor_async.py for tasks to queue
[2023-05-15T17:45:23.070+0530] {logging_mixin.py:149} INFO - [2023-05-15T17:45:23.070+0530] {dagbag.py:541} INFO - Filling up the DagBag from /home/feuer/.local/lib/python3.10/site-packages/airflow/example_dags/example_time_delta_sensor_async.py
[2023-05-15T17:45:23.074+0530] {processor.py:809} INFO - DAG(s) dict_keys(['example_time_delta_sensor_async']) retrieved from /home/feuer/.local/lib/python3.10/site-packages/airflow/example_dags/example_time_delta_sensor_async.py
[2023-05-15T17:45:23.085+0530] {logging_mixin.py:149} INFO - [2023-05-15T17:45:23.085+0530] {dag.py:2726} INFO - Sync 1 DAGs
[2023-05-15T17:45:23.097+0530] {logging_mixin.py:149} INFO - [2023-05-15T17:45:23.097+0530] {dag.py:3486} INFO - Setting next_dagrun for example_time_delta_sensor_async to None, run_after=None
[2023-05-15T17:45:23.176+0530] {processor.py:178} INFO - Processing /home/feuer/.local/lib/python3.10/site-packages/airflow/example_dags/example_time_delta_sensor_async.py took 0.109 seconds
[2023-05-15T17:46:17.615+0530] {processor.py:156} INFO - Started process (PID=22718) to work on /home/feuer/.local/lib/python3.10/site-packages/airflow/example_dags/example_time_delta_sensor_async.py
[2023-05-15T17:46:17.615+0530] {processor.py:799} INFO - Processing file /home/feuer/.local/lib/python3.10/site-packages/airflow/example_dags/example_time_delta_sensor_async.py for tasks to queue
[2023-05-15T17:46:17.616+0530] {logging_mixin.py:149} INFO - [2023-05-15T17:46:17.616+0530] {dagbag.py:541} INFO - Filling up the DagBag from /home/feuer/.local/lib/python3.10/site-packages/airflow/example_dags/example_time_delta_sensor_async.py
[2023-05-15T17:46:17.619+0530] {processor.py:809} INFO - DAG(s) dict_keys(['example_time_delta_sensor_async']) retrieved from /home/feuer/.local/lib/python3.10/site-packages/airflow/example_dags/example_time_delta_sensor_async.py
[2023-05-15T17:46:17.631+0530] {logging_mixin.py:149} INFO - [2023-05-15T17:46:17.631+0530] {dag.py:2726} INFO - Sync 1 DAGs
[2023-05-15T17:46:17.642+0530] {logging_mixin.py:149} INFO - [2023-05-15T17:46:17.642+0530] {dag.py:3486} INFO - Setting next_dagrun for example_time_delta_sensor_async to None, run_after=None
[2023-05-15T17:46:17.722+0530] {processor.py:178} INFO - Processing /home/feuer/.local/lib/python3.10/site-packages/airflow/example_dags/example_time_delta_sensor_async.py took 0.110 seconds
[2023-05-15T17:47:12.869+0530] {processor.py:156} INFO - Started process (PID=22826) to work on /home/feuer/.local/lib/python3.10/site-packages/airflow/example_dags/example_time_delta_sensor_async.py
[2023-05-15T17:47:12.870+0530] {processor.py:799} INFO - Processing file /home/feuer/.local/lib/python3.10/site-packages/airflow/example_dags/example_time_delta_sensor_async.py for tasks to queue
[2023-05-15T17:47:12.870+0530] {logging_mixin.py:149} INFO - [2023-05-15T17:47:12.870+0530] {dagbag.py:541} INFO - Filling up the DagBag from /home/feuer/.local/lib/python3.10/site-packages/airflow/example_dags/example_time_delta_sensor_async.py
[2023-05-15T17:47:12.875+0530] {processor.py:809} INFO - DAG(s) dict_keys(['example_time_delta_sensor_async']) retrieved from /home/feuer/.local/lib/python3.10/site-packages/airflow/example_dags/example_time_delta_sensor_async.py
[2023-05-15T17:47:12.889+0530] {logging_mixin.py:149} INFO - [2023-05-15T17:47:12.888+0530] {dag.py:2726} INFO - Sync 1 DAGs
[2023-05-15T17:47:12.900+0530] {logging_mixin.py:149} INFO - [2023-05-15T17:47:12.900+0530] {dag.py:3486} INFO - Setting next_dagrun for example_time_delta_sensor_async to None, run_after=None
[2023-05-15T17:47:12.981+0530] {processor.py:178} INFO - Processing /home/feuer/.local/lib/python3.10/site-packages/airflow/example_dags/example_time_delta_sensor_async.py took 0.115 seconds
