[2023-05-21T19:38:43.034+0530] {processor.py:156} INFO - Started process (PID=23486) to work on /run/media/feuer/LinuxDrive/ChromeDownloads/Assignment/airflow/dags/Lead_scoring_data_pipeline/constants.py
[2023-05-21T19:38:43.035+0530] {processor.py:799} INFO - Processing file /run/media/feuer/LinuxDrive/ChromeDownloads/Assignment/airflow/dags/Lead_scoring_data_pipeline/constants.py for tasks to queue
[2023-05-21T19:38:43.035+0530] {logging_mixin.py:149} INFO - [2023-05-21T19:38:43.035+0530] {dagbag.py:541} INFO - Filling up the DagBag from /run/media/feuer/LinuxDrive/ChromeDownloads/Assignment/airflow/dags/Lead_scoring_data_pipeline/constants.py
[2023-05-21T19:38:43.059+0530] {processor.py:811} WARNING - No viable dags retrieved from /run/media/feuer/LinuxDrive/ChromeDownloads/Assignment/airflow/dags/Lead_scoring_data_pipeline/constants.py
[2023-05-21T19:38:43.065+0530] {processor.py:178} INFO - Processing /run/media/feuer/LinuxDrive/ChromeDownloads/Assignment/airflow/dags/Lead_scoring_data_pipeline/constants.py took 0.033 seconds
[2023-05-21T19:40:15.642+0530] {processor.py:156} INFO - Started process (PID=23862) to work on /run/media/feuer/LinuxDrive/ChromeDownloads/Assignment/airflow/dags/Lead_scoring_data_pipeline/constants.py
[2023-05-21T19:40:15.643+0530] {processor.py:799} INFO - Processing file /run/media/feuer/LinuxDrive/ChromeDownloads/Assignment/airflow/dags/Lead_scoring_data_pipeline/constants.py for tasks to queue
[2023-05-21T19:40:15.643+0530] {logging_mixin.py:149} INFO - [2023-05-21T19:40:15.643+0530] {dagbag.py:541} INFO - Filling up the DagBag from /run/media/feuer/LinuxDrive/ChromeDownloads/Assignment/airflow/dags/Lead_scoring_data_pipeline/constants.py
[2023-05-21T19:40:15.654+0530] {processor.py:811} WARNING - No viable dags retrieved from /run/media/feuer/LinuxDrive/ChromeDownloads/Assignment/airflow/dags/Lead_scoring_data_pipeline/constants.py
[2023-05-21T19:40:15.664+0530] {processor.py:178} INFO - Processing /run/media/feuer/LinuxDrive/ChromeDownloads/Assignment/airflow/dags/Lead_scoring_data_pipeline/constants.py took 0.024 seconds
[2023-05-21T19:40:51.707+0530] {processor.py:156} INFO - Started process (PID=24052) to work on /run/media/feuer/LinuxDrive/ChromeDownloads/Assignment/airflow/dags/Lead_scoring_data_pipeline/constants.py
[2023-05-21T19:40:51.707+0530] {processor.py:799} INFO - Processing file /run/media/feuer/LinuxDrive/ChromeDownloads/Assignment/airflow/dags/Lead_scoring_data_pipeline/constants.py for tasks to queue
[2023-05-21T19:40:51.708+0530] {logging_mixin.py:149} INFO - [2023-05-21T19:40:51.708+0530] {dagbag.py:541} INFO - Filling up the DagBag from /run/media/feuer/LinuxDrive/ChromeDownloads/Assignment/airflow/dags/Lead_scoring_data_pipeline/constants.py
[2023-05-21T19:40:51.718+0530] {processor.py:811} WARNING - No viable dags retrieved from /run/media/feuer/LinuxDrive/ChromeDownloads/Assignment/airflow/dags/Lead_scoring_data_pipeline/constants.py
[2023-05-21T19:40:51.728+0530] {processor.py:178} INFO - Processing /run/media/feuer/LinuxDrive/ChromeDownloads/Assignment/airflow/dags/Lead_scoring_data_pipeline/constants.py took 0.024 seconds
[2023-05-21T19:41:48.379+0530] {processor.py:156} INFO - Started process (PID=24407) to work on /run/media/feuer/LinuxDrive/ChromeDownloads/Assignment/airflow/dags/Lead_scoring_data_pipeline/constants.py
[2023-05-21T19:41:48.380+0530] {processor.py:799} INFO - Processing file /run/media/feuer/LinuxDrive/ChromeDownloads/Assignment/airflow/dags/Lead_scoring_data_pipeline/constants.py for tasks to queue
[2023-05-21T19:41:48.380+0530] {logging_mixin.py:149} INFO - [2023-05-21T19:41:48.380+0530] {dagbag.py:541} INFO - Filling up the DagBag from /run/media/feuer/LinuxDrive/ChromeDownloads/Assignment/airflow/dags/Lead_scoring_data_pipeline/constants.py
[2023-05-21T19:41:48.390+0530] {processor.py:811} WARNING - No viable dags retrieved from /run/media/feuer/LinuxDrive/ChromeDownloads/Assignment/airflow/dags/Lead_scoring_data_pipeline/constants.py
[2023-05-21T19:41:48.401+0530] {processor.py:178} INFO - Processing /run/media/feuer/LinuxDrive/ChromeDownloads/Assignment/airflow/dags/Lead_scoring_data_pipeline/constants.py took 0.025 seconds
[2023-05-21T19:42:37.741+0530] {processor.py:156} INFO - Started process (PID=24584) to work on /run/media/feuer/LinuxDrive/ChromeDownloads/Assignment/airflow/dags/Lead_scoring_data_pipeline/constants.py
[2023-05-21T19:42:37.742+0530] {processor.py:799} INFO - Processing file /run/media/feuer/LinuxDrive/ChromeDownloads/Assignment/airflow/dags/Lead_scoring_data_pipeline/constants.py for tasks to queue
[2023-05-21T19:42:37.742+0530] {logging_mixin.py:149} INFO - [2023-05-21T19:42:37.742+0530] {dagbag.py:541} INFO - Filling up the DagBag from /run/media/feuer/LinuxDrive/ChromeDownloads/Assignment/airflow/dags/Lead_scoring_data_pipeline/constants.py
[2023-05-21T19:42:37.744+0530] {processor.py:811} WARNING - No viable dags retrieved from /run/media/feuer/LinuxDrive/ChromeDownloads/Assignment/airflow/dags/Lead_scoring_data_pipeline/constants.py
[2023-05-21T19:42:37.751+0530] {processor.py:178} INFO - Processing /run/media/feuer/LinuxDrive/ChromeDownloads/Assignment/airflow/dags/Lead_scoring_data_pipeline/constants.py took 0.014 seconds
[2023-05-21T19:43:31.429+0530] {processor.py:156} INFO - Started process (PID=24730) to work on /run/media/feuer/LinuxDrive/ChromeDownloads/Assignment/airflow/dags/Lead_scoring_data_pipeline/constants.py
[2023-05-21T19:43:31.429+0530] {processor.py:799} INFO - Processing file /run/media/feuer/LinuxDrive/ChromeDownloads/Assignment/airflow/dags/Lead_scoring_data_pipeline/constants.py for tasks to queue
[2023-05-21T19:43:31.430+0530] {logging_mixin.py:149} INFO - [2023-05-21T19:43:31.430+0530] {dagbag.py:541} INFO - Filling up the DagBag from /run/media/feuer/LinuxDrive/ChromeDownloads/Assignment/airflow/dags/Lead_scoring_data_pipeline/constants.py
[2023-05-21T19:43:31.432+0530] {processor.py:811} WARNING - No viable dags retrieved from /run/media/feuer/LinuxDrive/ChromeDownloads/Assignment/airflow/dags/Lead_scoring_data_pipeline/constants.py
[2023-05-21T19:43:31.442+0530] {processor.py:178} INFO - Processing /run/media/feuer/LinuxDrive/ChromeDownloads/Assignment/airflow/dags/Lead_scoring_data_pipeline/constants.py took 0.016 seconds
[2023-05-21T19:44:24.586+0530] {processor.py:156} INFO - Started process (PID=24870) to work on /run/media/feuer/LinuxDrive/ChromeDownloads/Assignment/airflow/dags/Lead_scoring_data_pipeline/constants.py
[2023-05-21T19:44:24.587+0530] {processor.py:799} INFO - Processing file /run/media/feuer/LinuxDrive/ChromeDownloads/Assignment/airflow/dags/Lead_scoring_data_pipeline/constants.py for tasks to queue
[2023-05-21T19:44:24.587+0530] {logging_mixin.py:149} INFO - [2023-05-21T19:44:24.587+0530] {dagbag.py:541} INFO - Filling up the DagBag from /run/media/feuer/LinuxDrive/ChromeDownloads/Assignment/airflow/dags/Lead_scoring_data_pipeline/constants.py
[2023-05-21T19:44:24.588+0530] {processor.py:811} WARNING - No viable dags retrieved from /run/media/feuer/LinuxDrive/ChromeDownloads/Assignment/airflow/dags/Lead_scoring_data_pipeline/constants.py
[2023-05-21T19:44:24.596+0530] {processor.py:178} INFO - Processing /run/media/feuer/LinuxDrive/ChromeDownloads/Assignment/airflow/dags/Lead_scoring_data_pipeline/constants.py took 0.013 seconds
[2023-05-21T19:45:18.238+0530] {processor.py:156} INFO - Started process (PID=25007) to work on /run/media/feuer/LinuxDrive/ChromeDownloads/Assignment/airflow/dags/Lead_scoring_data_pipeline/constants.py
[2023-05-21T19:45:18.239+0530] {processor.py:799} INFO - Processing file /run/media/feuer/LinuxDrive/ChromeDownloads/Assignment/airflow/dags/Lead_scoring_data_pipeline/constants.py for tasks to queue
[2023-05-21T19:45:18.240+0530] {logging_mixin.py:149} INFO - [2023-05-21T19:45:18.239+0530] {dagbag.py:541} INFO - Filling up the DagBag from /run/media/feuer/LinuxDrive/ChromeDownloads/Assignment/airflow/dags/Lead_scoring_data_pipeline/constants.py
[2023-05-21T19:45:18.241+0530] {processor.py:811} WARNING - No viable dags retrieved from /run/media/feuer/LinuxDrive/ChromeDownloads/Assignment/airflow/dags/Lead_scoring_data_pipeline/constants.py
[2023-05-21T19:45:18.251+0530] {processor.py:178} INFO - Processing /run/media/feuer/LinuxDrive/ChromeDownloads/Assignment/airflow/dags/Lead_scoring_data_pipeline/constants.py took 0.016 seconds
[2023-05-21T19:46:13.377+0530] {processor.py:156} INFO - Started process (PID=25123) to work on /run/media/feuer/LinuxDrive/ChromeDownloads/Assignment/airflow/dags/Lead_scoring_data_pipeline/constants.py
[2023-05-21T19:46:13.378+0530] {processor.py:799} INFO - Processing file /run/media/feuer/LinuxDrive/ChromeDownloads/Assignment/airflow/dags/Lead_scoring_data_pipeline/constants.py for tasks to queue
[2023-05-21T19:46:13.379+0530] {logging_mixin.py:149} INFO - [2023-05-21T19:46:13.379+0530] {dagbag.py:541} INFO - Filling up the DagBag from /run/media/feuer/LinuxDrive/ChromeDownloads/Assignment/airflow/dags/Lead_scoring_data_pipeline/constants.py
[2023-05-21T19:46:13.380+0530] {processor.py:811} WARNING - No viable dags retrieved from /run/media/feuer/LinuxDrive/ChromeDownloads/Assignment/airflow/dags/Lead_scoring_data_pipeline/constants.py
[2023-05-21T19:46:13.390+0530] {processor.py:178} INFO - Processing /run/media/feuer/LinuxDrive/ChromeDownloads/Assignment/airflow/dags/Lead_scoring_data_pipeline/constants.py took 0.016 seconds
[2023-05-21T19:47:04.946+0530] {processor.py:156} INFO - Started process (PID=25232) to work on /run/media/feuer/LinuxDrive/ChromeDownloads/Assignment/airflow/dags/Lead_scoring_data_pipeline/constants.py
[2023-05-21T19:47:04.947+0530] {processor.py:799} INFO - Processing file /run/media/feuer/LinuxDrive/ChromeDownloads/Assignment/airflow/dags/Lead_scoring_data_pipeline/constants.py for tasks to queue
[2023-05-21T19:47:04.948+0530] {logging_mixin.py:149} INFO - [2023-05-21T19:47:04.948+0530] {dagbag.py:541} INFO - Filling up the DagBag from /run/media/feuer/LinuxDrive/ChromeDownloads/Assignment/airflow/dags/Lead_scoring_data_pipeline/constants.py
[2023-05-21T19:47:04.950+0530] {processor.py:811} WARNING - No viable dags retrieved from /run/media/feuer/LinuxDrive/ChromeDownloads/Assignment/airflow/dags/Lead_scoring_data_pipeline/constants.py
[2023-05-21T19:47:04.960+0530] {processor.py:178} INFO - Processing /run/media/feuer/LinuxDrive/ChromeDownloads/Assignment/airflow/dags/Lead_scoring_data_pipeline/constants.py took 0.017 seconds
[2023-05-21T19:47:58.284+0530] {processor.py:156} INFO - Started process (PID=25349) to work on /run/media/feuer/LinuxDrive/ChromeDownloads/Assignment/airflow/dags/Lead_scoring_data_pipeline/constants.py
[2023-05-21T19:47:58.284+0530] {processor.py:799} INFO - Processing file /run/media/feuer/LinuxDrive/ChromeDownloads/Assignment/airflow/dags/Lead_scoring_data_pipeline/constants.py for tasks to queue
[2023-05-21T19:47:58.285+0530] {logging_mixin.py:149} INFO - [2023-05-21T19:47:58.285+0530] {dagbag.py:541} INFO - Filling up the DagBag from /run/media/feuer/LinuxDrive/ChromeDownloads/Assignment/airflow/dags/Lead_scoring_data_pipeline/constants.py
[2023-05-21T19:47:58.286+0530] {processor.py:811} WARNING - No viable dags retrieved from /run/media/feuer/LinuxDrive/ChromeDownloads/Assignment/airflow/dags/Lead_scoring_data_pipeline/constants.py
[2023-05-21T19:47:58.292+0530] {processor.py:178} INFO - Processing /run/media/feuer/LinuxDrive/ChromeDownloads/Assignment/airflow/dags/Lead_scoring_data_pipeline/constants.py took 0.011 seconds
[2023-05-21T19:48:52.173+0530] {processor.py:156} INFO - Started process (PID=25459) to work on /run/media/feuer/LinuxDrive/ChromeDownloads/Assignment/airflow/dags/Lead_scoring_data_pipeline/constants.py
[2023-05-21T19:48:52.174+0530] {processor.py:799} INFO - Processing file /run/media/feuer/LinuxDrive/ChromeDownloads/Assignment/airflow/dags/Lead_scoring_data_pipeline/constants.py for tasks to queue
[2023-05-21T19:48:52.175+0530] {logging_mixin.py:149} INFO - [2023-05-21T19:48:52.175+0530] {dagbag.py:541} INFO - Filling up the DagBag from /run/media/feuer/LinuxDrive/ChromeDownloads/Assignment/airflow/dags/Lead_scoring_data_pipeline/constants.py
[2023-05-21T19:48:52.176+0530] {processor.py:811} WARNING - No viable dags retrieved from /run/media/feuer/LinuxDrive/ChromeDownloads/Assignment/airflow/dags/Lead_scoring_data_pipeline/constants.py
[2023-05-21T19:48:52.187+0530] {processor.py:178} INFO - Processing /run/media/feuer/LinuxDrive/ChromeDownloads/Assignment/airflow/dags/Lead_scoring_data_pipeline/constants.py took 0.016 seconds
[2023-05-21T19:49:43.754+0530] {processor.py:156} INFO - Started process (PID=25576) to work on /run/media/feuer/LinuxDrive/ChromeDownloads/Assignment/airflow/dags/Lead_scoring_data_pipeline/constants.py
[2023-05-21T19:49:43.755+0530] {processor.py:799} INFO - Processing file /run/media/feuer/LinuxDrive/ChromeDownloads/Assignment/airflow/dags/Lead_scoring_data_pipeline/constants.py for tasks to queue
[2023-05-21T19:49:43.756+0530] {logging_mixin.py:149} INFO - [2023-05-21T19:49:43.755+0530] {dagbag.py:541} INFO - Filling up the DagBag from /run/media/feuer/LinuxDrive/ChromeDownloads/Assignment/airflow/dags/Lead_scoring_data_pipeline/constants.py
[2023-05-21T19:49:43.757+0530] {processor.py:811} WARNING - No viable dags retrieved from /run/media/feuer/LinuxDrive/ChromeDownloads/Assignment/airflow/dags/Lead_scoring_data_pipeline/constants.py
[2023-05-21T19:49:43.767+0530] {processor.py:178} INFO - Processing /run/media/feuer/LinuxDrive/ChromeDownloads/Assignment/airflow/dags/Lead_scoring_data_pipeline/constants.py took 0.016 seconds
[2023-05-21T19:50:35.909+0530] {processor.py:156} INFO - Started process (PID=25755) to work on /run/media/feuer/LinuxDrive/ChromeDownloads/Assignment/airflow/dags/Lead_scoring_data_pipeline/constants.py
[2023-05-21T19:50:35.910+0530] {processor.py:799} INFO - Processing file /run/media/feuer/LinuxDrive/ChromeDownloads/Assignment/airflow/dags/Lead_scoring_data_pipeline/constants.py for tasks to queue
[2023-05-21T19:50:35.911+0530] {logging_mixin.py:149} INFO - [2023-05-21T19:50:35.910+0530] {dagbag.py:541} INFO - Filling up the DagBag from /run/media/feuer/LinuxDrive/ChromeDownloads/Assignment/airflow/dags/Lead_scoring_data_pipeline/constants.py
[2023-05-21T19:50:35.930+0530] {processor.py:811} WARNING - No viable dags retrieved from /run/media/feuer/LinuxDrive/ChromeDownloads/Assignment/airflow/dags/Lead_scoring_data_pipeline/constants.py
[2023-05-21T19:50:35.940+0530] {processor.py:178} INFO - Processing /run/media/feuer/LinuxDrive/ChromeDownloads/Assignment/airflow/dags/Lead_scoring_data_pipeline/constants.py took 0.034 seconds
[2023-05-21T19:51:28.957+0530] {processor.py:156} INFO - Started process (PID=25862) to work on /run/media/feuer/LinuxDrive/ChromeDownloads/Assignment/airflow/dags/Lead_scoring_data_pipeline/constants.py
[2023-05-21T19:51:28.957+0530] {processor.py:799} INFO - Processing file /run/media/feuer/LinuxDrive/ChromeDownloads/Assignment/airflow/dags/Lead_scoring_data_pipeline/constants.py for tasks to queue
[2023-05-21T19:51:28.958+0530] {logging_mixin.py:149} INFO - [2023-05-21T19:51:28.958+0530] {dagbag.py:541} INFO - Filling up the DagBag from /run/media/feuer/LinuxDrive/ChromeDownloads/Assignment/airflow/dags/Lead_scoring_data_pipeline/constants.py
[2023-05-21T19:51:28.960+0530] {processor.py:811} WARNING - No viable dags retrieved from /run/media/feuer/LinuxDrive/ChromeDownloads/Assignment/airflow/dags/Lead_scoring_data_pipeline/constants.py
[2023-05-21T19:51:28.969+0530] {processor.py:178} INFO - Processing /run/media/feuer/LinuxDrive/ChromeDownloads/Assignment/airflow/dags/Lead_scoring_data_pipeline/constants.py took 0.016 seconds
[2023-05-21T19:52:19.758+0530] {processor.py:156} INFO - Started process (PID=25978) to work on /run/media/feuer/LinuxDrive/ChromeDownloads/Assignment/airflow/dags/Lead_scoring_data_pipeline/constants.py
[2023-05-21T19:52:19.759+0530] {processor.py:799} INFO - Processing file /run/media/feuer/LinuxDrive/ChromeDownloads/Assignment/airflow/dags/Lead_scoring_data_pipeline/constants.py for tasks to queue
[2023-05-21T19:52:19.760+0530] {logging_mixin.py:149} INFO - [2023-05-21T19:52:19.760+0530] {dagbag.py:541} INFO - Filling up the DagBag from /run/media/feuer/LinuxDrive/ChromeDownloads/Assignment/airflow/dags/Lead_scoring_data_pipeline/constants.py
[2023-05-21T19:52:19.761+0530] {processor.py:811} WARNING - No viable dags retrieved from /run/media/feuer/LinuxDrive/ChromeDownloads/Assignment/airflow/dags/Lead_scoring_data_pipeline/constants.py
[2023-05-21T19:52:19.767+0530] {processor.py:178} INFO - Processing /run/media/feuer/LinuxDrive/ChromeDownloads/Assignment/airflow/dags/Lead_scoring_data_pipeline/constants.py took 0.011 seconds
[2023-05-21T19:53:06.823+0530] {processor.py:156} INFO - Started process (PID=26081) to work on /run/media/feuer/LinuxDrive/ChromeDownloads/Assignment/airflow/dags/Lead_scoring_data_pipeline/constants.py
[2023-05-21T19:53:06.824+0530] {processor.py:799} INFO - Processing file /run/media/feuer/LinuxDrive/ChromeDownloads/Assignment/airflow/dags/Lead_scoring_data_pipeline/constants.py for tasks to queue
[2023-05-21T19:53:06.824+0530] {logging_mixin.py:149} INFO - [2023-05-21T19:53:06.824+0530] {dagbag.py:541} INFO - Filling up the DagBag from /run/media/feuer/LinuxDrive/ChromeDownloads/Assignment/airflow/dags/Lead_scoring_data_pipeline/constants.py
[2023-05-21T19:53:06.826+0530] {processor.py:811} WARNING - No viable dags retrieved from /run/media/feuer/LinuxDrive/ChromeDownloads/Assignment/airflow/dags/Lead_scoring_data_pipeline/constants.py
[2023-05-21T19:53:06.833+0530] {processor.py:178} INFO - Processing /run/media/feuer/LinuxDrive/ChromeDownloads/Assignment/airflow/dags/Lead_scoring_data_pipeline/constants.py took 0.012 seconds
[2023-05-21T19:53:57.883+0530] {processor.py:156} INFO - Started process (PID=26245) to work on /run/media/feuer/LinuxDrive/ChromeDownloads/Assignment/airflow/dags/Lead_scoring_data_pipeline/constants.py
[2023-05-21T19:53:57.899+0530] {processor.py:799} INFO - Processing file /run/media/feuer/LinuxDrive/ChromeDownloads/Assignment/airflow/dags/Lead_scoring_data_pipeline/constants.py for tasks to queue
[2023-05-21T19:53:57.899+0530] {logging_mixin.py:149} INFO - [2023-05-21T19:53:57.899+0530] {dagbag.py:541} INFO - Filling up the DagBag from /run/media/feuer/LinuxDrive/ChromeDownloads/Assignment/airflow/dags/Lead_scoring_data_pipeline/constants.py
[2023-05-21T19:53:57.901+0530] {processor.py:811} WARNING - No viable dags retrieved from /run/media/feuer/LinuxDrive/ChromeDownloads/Assignment/airflow/dags/Lead_scoring_data_pipeline/constants.py
[2023-05-21T19:53:57.911+0530] {processor.py:178} INFO - Processing /run/media/feuer/LinuxDrive/ChromeDownloads/Assignment/airflow/dags/Lead_scoring_data_pipeline/constants.py took 0.031 seconds
[2023-05-21T19:54:49.631+0530] {processor.py:156} INFO - Started process (PID=26363) to work on /run/media/feuer/LinuxDrive/ChromeDownloads/Assignment/airflow/dags/Lead_scoring_data_pipeline/constants.py
[2023-05-21T19:54:49.632+0530] {processor.py:799} INFO - Processing file /run/media/feuer/LinuxDrive/ChromeDownloads/Assignment/airflow/dags/Lead_scoring_data_pipeline/constants.py for tasks to queue
[2023-05-21T19:54:49.632+0530] {logging_mixin.py:149} INFO - [2023-05-21T19:54:49.632+0530] {dagbag.py:541} INFO - Filling up the DagBag from /run/media/feuer/LinuxDrive/ChromeDownloads/Assignment/airflow/dags/Lead_scoring_data_pipeline/constants.py
[2023-05-21T19:54:49.634+0530] {processor.py:811} WARNING - No viable dags retrieved from /run/media/feuer/LinuxDrive/ChromeDownloads/Assignment/airflow/dags/Lead_scoring_data_pipeline/constants.py
[2023-05-21T19:54:49.644+0530] {processor.py:178} INFO - Processing /run/media/feuer/LinuxDrive/ChromeDownloads/Assignment/airflow/dags/Lead_scoring_data_pipeline/constants.py took 0.016 seconds
[2023-05-21T19:55:41.547+0530] {processor.py:156} INFO - Started process (PID=26497) to work on /run/media/feuer/LinuxDrive/ChromeDownloads/Assignment/airflow/dags/Lead_scoring_data_pipeline/constants.py
[2023-05-21T19:55:41.548+0530] {processor.py:799} INFO - Processing file /run/media/feuer/LinuxDrive/ChromeDownloads/Assignment/airflow/dags/Lead_scoring_data_pipeline/constants.py for tasks to queue
[2023-05-21T19:55:41.549+0530] {logging_mixin.py:149} INFO - [2023-05-21T19:55:41.549+0530] {dagbag.py:541} INFO - Filling up the DagBag from /run/media/feuer/LinuxDrive/ChromeDownloads/Assignment/airflow/dags/Lead_scoring_data_pipeline/constants.py
[2023-05-21T19:55:41.550+0530] {processor.py:811} WARNING - No viable dags retrieved from /run/media/feuer/LinuxDrive/ChromeDownloads/Assignment/airflow/dags/Lead_scoring_data_pipeline/constants.py
[2023-05-21T19:55:41.560+0530] {processor.py:178} INFO - Processing /run/media/feuer/LinuxDrive/ChromeDownloads/Assignment/airflow/dags/Lead_scoring_data_pipeline/constants.py took 0.016 seconds
[2023-05-21T19:56:13.492+0530] {processor.py:156} INFO - Started process (PID=26630) to work on /run/media/feuer/LinuxDrive/ChromeDownloads/Assignment/airflow/dags/Lead_scoring_data_pipeline/constants.py
[2023-05-21T19:56:13.493+0530] {processor.py:799} INFO - Processing file /run/media/feuer/LinuxDrive/ChromeDownloads/Assignment/airflow/dags/Lead_scoring_data_pipeline/constants.py for tasks to queue
[2023-05-21T19:56:13.494+0530] {logging_mixin.py:149} INFO - [2023-05-21T19:56:13.493+0530] {dagbag.py:541} INFO - Filling up the DagBag from /run/media/feuer/LinuxDrive/ChromeDownloads/Assignment/airflow/dags/Lead_scoring_data_pipeline/constants.py
[2023-05-21T19:56:13.495+0530] {processor.py:811} WARNING - No viable dags retrieved from /run/media/feuer/LinuxDrive/ChromeDownloads/Assignment/airflow/dags/Lead_scoring_data_pipeline/constants.py
[2023-05-21T19:56:13.503+0530] {processor.py:178} INFO - Processing /run/media/feuer/LinuxDrive/ChromeDownloads/Assignment/airflow/dags/Lead_scoring_data_pipeline/constants.py took 0.013 seconds
[2023-05-21T19:57:08.732+0530] {processor.py:156} INFO - Started process (PID=26767) to work on /run/media/feuer/LinuxDrive/ChromeDownloads/Assignment/airflow/dags/Lead_scoring_data_pipeline/constants.py
[2023-05-21T19:57:08.732+0530] {processor.py:799} INFO - Processing file /run/media/feuer/LinuxDrive/ChromeDownloads/Assignment/airflow/dags/Lead_scoring_data_pipeline/constants.py for tasks to queue
[2023-05-21T19:57:08.733+0530] {logging_mixin.py:149} INFO - [2023-05-21T19:57:08.733+0530] {dagbag.py:541} INFO - Filling up the DagBag from /run/media/feuer/LinuxDrive/ChromeDownloads/Assignment/airflow/dags/Lead_scoring_data_pipeline/constants.py
[2023-05-21T19:57:08.735+0530] {processor.py:811} WARNING - No viable dags retrieved from /run/media/feuer/LinuxDrive/ChromeDownloads/Assignment/airflow/dags/Lead_scoring_data_pipeline/constants.py
[2023-05-21T19:57:08.745+0530] {processor.py:178} INFO - Processing /run/media/feuer/LinuxDrive/ChromeDownloads/Assignment/airflow/dags/Lead_scoring_data_pipeline/constants.py took 0.016 seconds
[2023-05-21T19:57:58.748+0530] {processor.py:156} INFO - Started process (PID=26891) to work on /run/media/feuer/LinuxDrive/ChromeDownloads/Assignment/airflow/dags/Lead_scoring_data_pipeline/constants.py
[2023-05-21T19:57:58.749+0530] {processor.py:799} INFO - Processing file /run/media/feuer/LinuxDrive/ChromeDownloads/Assignment/airflow/dags/Lead_scoring_data_pipeline/constants.py for tasks to queue
[2023-05-21T19:57:58.750+0530] {logging_mixin.py:149} INFO - [2023-05-21T19:57:58.750+0530] {dagbag.py:541} INFO - Filling up the DagBag from /run/media/feuer/LinuxDrive/ChromeDownloads/Assignment/airflow/dags/Lead_scoring_data_pipeline/constants.py
[2023-05-21T19:57:58.751+0530] {processor.py:811} WARNING - No viable dags retrieved from /run/media/feuer/LinuxDrive/ChromeDownloads/Assignment/airflow/dags/Lead_scoring_data_pipeline/constants.py
[2023-05-21T19:57:58.761+0530] {processor.py:178} INFO - Processing /run/media/feuer/LinuxDrive/ChromeDownloads/Assignment/airflow/dags/Lead_scoring_data_pipeline/constants.py took 0.016 seconds
[2023-05-21T19:58:51.726+0530] {processor.py:156} INFO - Started process (PID=27048) to work on /run/media/feuer/LinuxDrive/ChromeDownloads/Assignment/airflow/dags/Lead_scoring_data_pipeline/constants.py
[2023-05-21T19:58:51.727+0530] {processor.py:799} INFO - Processing file /run/media/feuer/LinuxDrive/ChromeDownloads/Assignment/airflow/dags/Lead_scoring_data_pipeline/constants.py for tasks to queue
[2023-05-21T19:58:51.727+0530] {logging_mixin.py:149} INFO - [2023-05-21T19:58:51.727+0530] {dagbag.py:541} INFO - Filling up the DagBag from /run/media/feuer/LinuxDrive/ChromeDownloads/Assignment/airflow/dags/Lead_scoring_data_pipeline/constants.py
[2023-05-21T19:58:51.729+0530] {processor.py:811} WARNING - No viable dags retrieved from /run/media/feuer/LinuxDrive/ChromeDownloads/Assignment/airflow/dags/Lead_scoring_data_pipeline/constants.py
[2023-05-21T19:58:51.740+0530] {processor.py:178} INFO - Processing /run/media/feuer/LinuxDrive/ChromeDownloads/Assignment/airflow/dags/Lead_scoring_data_pipeline/constants.py took 0.017 seconds
[2023-05-21T19:59:51.439+0530] {processor.py:156} INFO - Started process (PID=27194) to work on /run/media/feuer/LinuxDrive/ChromeDownloads/Assignment/airflow/dags/Lead_scoring_data_pipeline/constants.py
[2023-05-21T19:59:51.440+0530] {processor.py:799} INFO - Processing file /run/media/feuer/LinuxDrive/ChromeDownloads/Assignment/airflow/dags/Lead_scoring_data_pipeline/constants.py for tasks to queue
[2023-05-21T19:59:51.441+0530] {logging_mixin.py:149} INFO - [2023-05-21T19:59:51.440+0530] {dagbag.py:541} INFO - Filling up the DagBag from /run/media/feuer/LinuxDrive/ChromeDownloads/Assignment/airflow/dags/Lead_scoring_data_pipeline/constants.py
[2023-05-21T19:59:51.443+0530] {processor.py:811} WARNING - No viable dags retrieved from /run/media/feuer/LinuxDrive/ChromeDownloads/Assignment/airflow/dags/Lead_scoring_data_pipeline/constants.py
[2023-05-21T19:59:51.455+0530] {processor.py:178} INFO - Processing /run/media/feuer/LinuxDrive/ChromeDownloads/Assignment/airflow/dags/Lead_scoring_data_pipeline/constants.py took 0.018 seconds
[2023-05-21T20:00:50.729+0530] {processor.py:156} INFO - Started process (PID=27346) to work on /run/media/feuer/LinuxDrive/ChromeDownloads/Assignment/airflow/dags/Lead_scoring_data_pipeline/constants.py
[2023-05-21T20:00:50.730+0530] {processor.py:799} INFO - Processing file /run/media/feuer/LinuxDrive/ChromeDownloads/Assignment/airflow/dags/Lead_scoring_data_pipeline/constants.py for tasks to queue
[2023-05-21T20:00:50.731+0530] {logging_mixin.py:149} INFO - [2023-05-21T20:00:50.731+0530] {dagbag.py:541} INFO - Filling up the DagBag from /run/media/feuer/LinuxDrive/ChromeDownloads/Assignment/airflow/dags/Lead_scoring_data_pipeline/constants.py
[2023-05-21T20:00:50.733+0530] {processor.py:811} WARNING - No viable dags retrieved from /run/media/feuer/LinuxDrive/ChromeDownloads/Assignment/airflow/dags/Lead_scoring_data_pipeline/constants.py
[2023-05-21T20:00:50.747+0530] {processor.py:178} INFO - Processing /run/media/feuer/LinuxDrive/ChromeDownloads/Assignment/airflow/dags/Lead_scoring_data_pipeline/constants.py took 0.021 seconds
[2023-05-21T20:02:03.122+0530] {processor.py:156} INFO - Started process (PID=27722) to work on /run/media/feuer/LinuxDrive/ChromeDownloads/Assignment/airflow/dags/Lead_scoring_data_pipeline/constants.py
[2023-05-21T20:02:03.128+0530] {processor.py:799} INFO - Processing file /run/media/feuer/LinuxDrive/ChromeDownloads/Assignment/airflow/dags/Lead_scoring_data_pipeline/constants.py for tasks to queue
[2023-05-21T20:02:03.129+0530] {logging_mixin.py:149} INFO - [2023-05-21T20:02:03.128+0530] {dagbag.py:541} INFO - Filling up the DagBag from /run/media/feuer/LinuxDrive/ChromeDownloads/Assignment/airflow/dags/Lead_scoring_data_pipeline/constants.py
[2023-05-21T20:02:03.143+0530] {processor.py:811} WARNING - No viable dags retrieved from /run/media/feuer/LinuxDrive/ChromeDownloads/Assignment/airflow/dags/Lead_scoring_data_pipeline/constants.py
[2023-05-21T20:02:03.156+0530] {processor.py:178} INFO - Processing /run/media/feuer/LinuxDrive/ChromeDownloads/Assignment/airflow/dags/Lead_scoring_data_pipeline/constants.py took 0.036 seconds
[2023-05-21T20:02:37.890+0530] {processor.py:156} INFO - Started process (PID=27804) to work on /run/media/feuer/LinuxDrive/ChromeDownloads/Assignment/airflow/dags/Lead_scoring_data_pipeline/constants.py
[2023-05-21T20:02:37.891+0530] {processor.py:799} INFO - Processing file /run/media/feuer/LinuxDrive/ChromeDownloads/Assignment/airflow/dags/Lead_scoring_data_pipeline/constants.py for tasks to queue
[2023-05-21T20:02:37.891+0530] {logging_mixin.py:149} INFO - [2023-05-21T20:02:37.891+0530] {dagbag.py:541} INFO - Filling up the DagBag from /run/media/feuer/LinuxDrive/ChromeDownloads/Assignment/airflow/dags/Lead_scoring_data_pipeline/constants.py
[2023-05-21T20:02:37.900+0530] {processor.py:811} WARNING - No viable dags retrieved from /run/media/feuer/LinuxDrive/ChromeDownloads/Assignment/airflow/dags/Lead_scoring_data_pipeline/constants.py
[2023-05-21T20:02:37.910+0530] {processor.py:178} INFO - Processing /run/media/feuer/LinuxDrive/ChromeDownloads/Assignment/airflow/dags/Lead_scoring_data_pipeline/constants.py took 0.023 seconds
[2023-05-21T20:03:40.756+0530] {processor.py:156} INFO - Started process (PID=27989) to work on /run/media/feuer/LinuxDrive/ChromeDownloads/Assignment/airflow/dags/Lead_scoring_data_pipeline/constants.py
[2023-05-21T20:03:40.757+0530] {processor.py:799} INFO - Processing file /run/media/feuer/LinuxDrive/ChromeDownloads/Assignment/airflow/dags/Lead_scoring_data_pipeline/constants.py for tasks to queue
[2023-05-21T20:03:40.757+0530] {logging_mixin.py:149} INFO - [2023-05-21T20:03:40.757+0530] {dagbag.py:541} INFO - Filling up the DagBag from /run/media/feuer/LinuxDrive/ChromeDownloads/Assignment/airflow/dags/Lead_scoring_data_pipeline/constants.py
[2023-05-21T20:03:40.758+0530] {processor.py:811} WARNING - No viable dags retrieved from /run/media/feuer/LinuxDrive/ChromeDownloads/Assignment/airflow/dags/Lead_scoring_data_pipeline/constants.py
[2023-05-21T20:03:40.765+0530] {processor.py:178} INFO - Processing /run/media/feuer/LinuxDrive/ChromeDownloads/Assignment/airflow/dags/Lead_scoring_data_pipeline/constants.py took 0.011 seconds
[2023-05-21T20:04:39.842+0530] {processor.py:156} INFO - Started process (PID=28211) to work on /run/media/feuer/LinuxDrive/ChromeDownloads/Assignment/airflow/dags/Lead_scoring_data_pipeline/constants.py
[2023-05-21T20:04:39.843+0530] {processor.py:799} INFO - Processing file /run/media/feuer/LinuxDrive/ChromeDownloads/Assignment/airflow/dags/Lead_scoring_data_pipeline/constants.py for tasks to queue
[2023-05-21T20:04:39.844+0530] {logging_mixin.py:149} INFO - [2023-05-21T20:04:39.843+0530] {dagbag.py:541} INFO - Filling up the DagBag from /run/media/feuer/LinuxDrive/ChromeDownloads/Assignment/airflow/dags/Lead_scoring_data_pipeline/constants.py
[2023-05-21T20:04:39.852+0530] {processor.py:811} WARNING - No viable dags retrieved from /run/media/feuer/LinuxDrive/ChromeDownloads/Assignment/airflow/dags/Lead_scoring_data_pipeline/constants.py
[2023-05-21T20:04:39.864+0530] {processor.py:178} INFO - Processing /run/media/feuer/LinuxDrive/ChromeDownloads/Assignment/airflow/dags/Lead_scoring_data_pipeline/constants.py took 0.025 seconds
[2023-05-21T20:05:39.058+0530] {processor.py:156} INFO - Started process (PID=28428) to work on /run/media/feuer/LinuxDrive/ChromeDownloads/Assignment/airflow/dags/Lead_scoring_data_pipeline/constants.py
[2023-05-21T20:05:39.065+0530] {processor.py:799} INFO - Processing file /run/media/feuer/LinuxDrive/ChromeDownloads/Assignment/airflow/dags/Lead_scoring_data_pipeline/constants.py for tasks to queue
[2023-05-21T20:05:39.066+0530] {logging_mixin.py:149} INFO - [2023-05-21T20:05:39.066+0530] {dagbag.py:541} INFO - Filling up the DagBag from /run/media/feuer/LinuxDrive/ChromeDownloads/Assignment/airflow/dags/Lead_scoring_data_pipeline/constants.py
[2023-05-21T20:05:39.083+0530] {processor.py:811} WARNING - No viable dags retrieved from /run/media/feuer/LinuxDrive/ChromeDownloads/Assignment/airflow/dags/Lead_scoring_data_pipeline/constants.py
[2023-05-21T20:05:39.096+0530] {processor.py:178} INFO - Processing /run/media/feuer/LinuxDrive/ChromeDownloads/Assignment/airflow/dags/Lead_scoring_data_pipeline/constants.py took 0.044 seconds
[2023-05-21T20:06:35.579+0530] {processor.py:156} INFO - Started process (PID=28756) to work on /run/media/feuer/LinuxDrive/ChromeDownloads/Assignment/airflow/dags/Lead_scoring_data_pipeline/constants.py
[2023-05-21T20:06:35.584+0530] {processor.py:799} INFO - Processing file /run/media/feuer/LinuxDrive/ChromeDownloads/Assignment/airflow/dags/Lead_scoring_data_pipeline/constants.py for tasks to queue
[2023-05-21T20:06:35.585+0530] {logging_mixin.py:149} INFO - [2023-05-21T20:06:35.585+0530] {dagbag.py:541} INFO - Filling up the DagBag from /run/media/feuer/LinuxDrive/ChromeDownloads/Assignment/airflow/dags/Lead_scoring_data_pipeline/constants.py
[2023-05-21T20:06:35.587+0530] {processor.py:811} WARNING - No viable dags retrieved from /run/media/feuer/LinuxDrive/ChromeDownloads/Assignment/airflow/dags/Lead_scoring_data_pipeline/constants.py
[2023-05-21T20:06:35.597+0530] {processor.py:178} INFO - Processing /run/media/feuer/LinuxDrive/ChromeDownloads/Assignment/airflow/dags/Lead_scoring_data_pipeline/constants.py took 0.021 seconds
[2023-05-21T20:07:31.049+0530] {processor.py:156} INFO - Started process (PID=28911) to work on /run/media/feuer/LinuxDrive/ChromeDownloads/Assignment/airflow/dags/Lead_scoring_data_pipeline/constants.py
[2023-05-21T20:07:31.050+0530] {processor.py:799} INFO - Processing file /run/media/feuer/LinuxDrive/ChromeDownloads/Assignment/airflow/dags/Lead_scoring_data_pipeline/constants.py for tasks to queue
[2023-05-21T20:07:31.051+0530] {logging_mixin.py:149} INFO - [2023-05-21T20:07:31.051+0530] {dagbag.py:541} INFO - Filling up the DagBag from /run/media/feuer/LinuxDrive/ChromeDownloads/Assignment/airflow/dags/Lead_scoring_data_pipeline/constants.py
[2023-05-21T20:07:31.053+0530] {processor.py:811} WARNING - No viable dags retrieved from /run/media/feuer/LinuxDrive/ChromeDownloads/Assignment/airflow/dags/Lead_scoring_data_pipeline/constants.py
[2023-05-21T20:07:31.064+0530] {processor.py:178} INFO - Processing /run/media/feuer/LinuxDrive/ChromeDownloads/Assignment/airflow/dags/Lead_scoring_data_pipeline/constants.py took 0.018 seconds
[2023-05-21T20:08:26.340+0530] {processor.py:156} INFO - Started process (PID=29073) to work on /run/media/feuer/LinuxDrive/ChromeDownloads/Assignment/airflow/dags/Lead_scoring_data_pipeline/constants.py
[2023-05-21T20:08:26.350+0530] {processor.py:799} INFO - Processing file /run/media/feuer/LinuxDrive/ChromeDownloads/Assignment/airflow/dags/Lead_scoring_data_pipeline/constants.py for tasks to queue
[2023-05-21T20:08:26.351+0530] {logging_mixin.py:149} INFO - [2023-05-21T20:08:26.351+0530] {dagbag.py:541} INFO - Filling up the DagBag from /run/media/feuer/LinuxDrive/ChromeDownloads/Assignment/airflow/dags/Lead_scoring_data_pipeline/constants.py
[2023-05-21T20:08:26.353+0530] {processor.py:811} WARNING - No viable dags retrieved from /run/media/feuer/LinuxDrive/ChromeDownloads/Assignment/airflow/dags/Lead_scoring_data_pipeline/constants.py
[2023-05-21T20:08:26.363+0530] {processor.py:178} INFO - Processing /run/media/feuer/LinuxDrive/ChromeDownloads/Assignment/airflow/dags/Lead_scoring_data_pipeline/constants.py took 0.025 seconds
[2023-05-21T20:08:57.812+0530] {processor.py:156} INFO - Started process (PID=29150) to work on /run/media/feuer/LinuxDrive/ChromeDownloads/Assignment/airflow/dags/Lead_scoring_data_pipeline/constants.py
[2023-05-21T20:08:57.824+0530] {processor.py:799} INFO - Processing file /run/media/feuer/LinuxDrive/ChromeDownloads/Assignment/airflow/dags/Lead_scoring_data_pipeline/constants.py for tasks to queue
[2023-05-21T20:08:57.824+0530] {logging_mixin.py:149} INFO - [2023-05-21T20:08:57.824+0530] {dagbag.py:541} INFO - Filling up the DagBag from /run/media/feuer/LinuxDrive/ChromeDownloads/Assignment/airflow/dags/Lead_scoring_data_pipeline/constants.py
[2023-05-21T20:08:57.826+0530] {processor.py:811} WARNING - No viable dags retrieved from /run/media/feuer/LinuxDrive/ChromeDownloads/Assignment/airflow/dags/Lead_scoring_data_pipeline/constants.py
[2023-05-21T20:08:57.832+0530] {processor.py:178} INFO - Processing /run/media/feuer/LinuxDrive/ChromeDownloads/Assignment/airflow/dags/Lead_scoring_data_pipeline/constants.py took 0.024 seconds
[2023-05-21T20:09:53.882+0530] {processor.py:156} INFO - Started process (PID=29370) to work on /run/media/feuer/LinuxDrive/ChromeDownloads/Assignment/airflow/dags/Lead_scoring_data_pipeline/constants.py
[2023-05-21T20:09:53.896+0530] {processor.py:799} INFO - Processing file /run/media/feuer/LinuxDrive/ChromeDownloads/Assignment/airflow/dags/Lead_scoring_data_pipeline/constants.py for tasks to queue
[2023-05-21T20:09:53.897+0530] {logging_mixin.py:149} INFO - [2023-05-21T20:09:53.896+0530] {dagbag.py:541} INFO - Filling up the DagBag from /run/media/feuer/LinuxDrive/ChromeDownloads/Assignment/airflow/dags/Lead_scoring_data_pipeline/constants.py
[2023-05-21T20:09:53.898+0530] {processor.py:811} WARNING - No viable dags retrieved from /run/media/feuer/LinuxDrive/ChromeDownloads/Assignment/airflow/dags/Lead_scoring_data_pipeline/constants.py
[2023-05-21T20:09:53.907+0530] {processor.py:178} INFO - Processing /run/media/feuer/LinuxDrive/ChromeDownloads/Assignment/airflow/dags/Lead_scoring_data_pipeline/constants.py took 0.028 seconds
[2023-05-21T20:10:50.179+0530] {processor.py:156} INFO - Started process (PID=29501) to work on /run/media/feuer/LinuxDrive/ChromeDownloads/Assignment/airflow/dags/Lead_scoring_data_pipeline/constants.py
[2023-05-21T20:10:50.195+0530] {processor.py:799} INFO - Processing file /run/media/feuer/LinuxDrive/ChromeDownloads/Assignment/airflow/dags/Lead_scoring_data_pipeline/constants.py for tasks to queue
[2023-05-21T20:10:50.196+0530] {logging_mixin.py:149} INFO - [2023-05-21T20:10:50.196+0530] {dagbag.py:541} INFO - Filling up the DagBag from /run/media/feuer/LinuxDrive/ChromeDownloads/Assignment/airflow/dags/Lead_scoring_data_pipeline/constants.py
[2023-05-21T20:10:50.198+0530] {processor.py:811} WARNING - No viable dags retrieved from /run/media/feuer/LinuxDrive/ChromeDownloads/Assignment/airflow/dags/Lead_scoring_data_pipeline/constants.py
[2023-05-21T20:10:50.208+0530] {processor.py:178} INFO - Processing /run/media/feuer/LinuxDrive/ChromeDownloads/Assignment/airflow/dags/Lead_scoring_data_pipeline/constants.py took 0.031 seconds
[2023-05-21T20:11:47.400+0530] {processor.py:156} INFO - Started process (PID=29661) to work on /run/media/feuer/LinuxDrive/ChromeDownloads/Assignment/airflow/dags/Lead_scoring_data_pipeline/constants.py
[2023-05-21T20:11:47.401+0530] {processor.py:799} INFO - Processing file /run/media/feuer/LinuxDrive/ChromeDownloads/Assignment/airflow/dags/Lead_scoring_data_pipeline/constants.py for tasks to queue
[2023-05-21T20:11:47.402+0530] {logging_mixin.py:149} INFO - [2023-05-21T20:11:47.401+0530] {dagbag.py:541} INFO - Filling up the DagBag from /run/media/feuer/LinuxDrive/ChromeDownloads/Assignment/airflow/dags/Lead_scoring_data_pipeline/constants.py
[2023-05-21T20:11:47.412+0530] {processor.py:811} WARNING - No viable dags retrieved from /run/media/feuer/LinuxDrive/ChromeDownloads/Assignment/airflow/dags/Lead_scoring_data_pipeline/constants.py
[2023-05-21T20:11:47.422+0530] {processor.py:178} INFO - Processing /run/media/feuer/LinuxDrive/ChromeDownloads/Assignment/airflow/dags/Lead_scoring_data_pipeline/constants.py took 0.025 seconds
[2023-05-21T16:57:11.574+0530] {processor.py:156} INFO - Started process (PID=55620) to work on /run/media/feuer/LinuxDrive/ChromeDownloads/Assignment/airflow/dags/Lead_scoring_data_pipeline/constants.py
[2023-05-21T16:57:11.733+0530] {processor.py:799} INFO - Processing file /run/media/feuer/LinuxDrive/ChromeDownloads/Assignment/airflow/dags/Lead_scoring_data_pipeline/constants.py for tasks to queue
[2023-05-21T16:57:11.734+0530] {logging_mixin.py:149} INFO - [2023-05-21T16:57:11.733+0530] {dagbag.py:541} INFO - Filling up the DagBag from /run/media/feuer/LinuxDrive/ChromeDownloads/Assignment/airflow/dags/Lead_scoring_data_pipeline/constants.py
[2023-05-21T16:57:11.953+0530] {processor.py:811} WARNING - No viable dags retrieved from /run/media/feuer/LinuxDrive/ChromeDownloads/Assignment/airflow/dags/Lead_scoring_data_pipeline/constants.py
[2023-05-21T16:57:11.960+0530] {processor.py:178} INFO - Processing /run/media/feuer/LinuxDrive/ChromeDownloads/Assignment/airflow/dags/Lead_scoring_data_pipeline/constants.py took 0.388 seconds
[2023-05-21T16:59:04.095+0530] {processor.py:156} INFO - Started process (PID=55939) to work on /run/media/feuer/LinuxDrive/ChromeDownloads/Assignment/airflow/dags/Lead_scoring_data_pipeline/constants.py
[2023-05-21T16:59:04.126+0530] {processor.py:799} INFO - Processing file /run/media/feuer/LinuxDrive/ChromeDownloads/Assignment/airflow/dags/Lead_scoring_data_pipeline/constants.py for tasks to queue
[2023-05-21T16:59:04.127+0530] {logging_mixin.py:149} INFO - [2023-05-21T16:59:04.126+0530] {dagbag.py:541} INFO - Filling up the DagBag from /run/media/feuer/LinuxDrive/ChromeDownloads/Assignment/airflow/dags/Lead_scoring_data_pipeline/constants.py
[2023-05-21T16:59:04.128+0530] {processor.py:811} WARNING - No viable dags retrieved from /run/media/feuer/LinuxDrive/ChromeDownloads/Assignment/airflow/dags/Lead_scoring_data_pipeline/constants.py
[2023-05-21T16:59:04.137+0530] {processor.py:178} INFO - Processing /run/media/feuer/LinuxDrive/ChromeDownloads/Assignment/airflow/dags/Lead_scoring_data_pipeline/constants.py took 0.044 seconds
[2023-05-21T16:59:56.227+0530] {processor.py:156} INFO - Started process (PID=56043) to work on /run/media/feuer/LinuxDrive/ChromeDownloads/Assignment/airflow/dags/Lead_scoring_data_pipeline/constants.py
[2023-05-21T16:59:56.267+0530] {processor.py:799} INFO - Processing file /run/media/feuer/LinuxDrive/ChromeDownloads/Assignment/airflow/dags/Lead_scoring_data_pipeline/constants.py for tasks to queue
[2023-05-21T16:59:56.267+0530] {logging_mixin.py:149} INFO - [2023-05-21T16:59:56.267+0530] {dagbag.py:541} INFO - Filling up the DagBag from /run/media/feuer/LinuxDrive/ChromeDownloads/Assignment/airflow/dags/Lead_scoring_data_pipeline/constants.py
[2023-05-21T16:59:56.269+0530] {processor.py:811} WARNING - No viable dags retrieved from /run/media/feuer/LinuxDrive/ChromeDownloads/Assignment/airflow/dags/Lead_scoring_data_pipeline/constants.py
[2023-05-21T16:59:56.276+0530] {processor.py:178} INFO - Processing /run/media/feuer/LinuxDrive/ChromeDownloads/Assignment/airflow/dags/Lead_scoring_data_pipeline/constants.py took 0.051 seconds
[2023-05-21T17:00:34.830+0530] {processor.py:156} INFO - Started process (PID=56154) to work on /run/media/feuer/LinuxDrive/ChromeDownloads/Assignment/airflow/dags/Lead_scoring_data_pipeline/constants.py
[2023-05-21T17:00:34.863+0530] {processor.py:799} INFO - Processing file /run/media/feuer/LinuxDrive/ChromeDownloads/Assignment/airflow/dags/Lead_scoring_data_pipeline/constants.py for tasks to queue
[2023-05-21T17:00:34.864+0530] {logging_mixin.py:149} INFO - [2023-05-21T17:00:34.863+0530] {dagbag.py:541} INFO - Filling up the DagBag from /run/media/feuer/LinuxDrive/ChromeDownloads/Assignment/airflow/dags/Lead_scoring_data_pipeline/constants.py
[2023-05-21T17:00:34.865+0530] {processor.py:811} WARNING - No viable dags retrieved from /run/media/feuer/LinuxDrive/ChromeDownloads/Assignment/airflow/dags/Lead_scoring_data_pipeline/constants.py
[2023-05-21T17:00:34.874+0530] {processor.py:178} INFO - Processing /run/media/feuer/LinuxDrive/ChromeDownloads/Assignment/airflow/dags/Lead_scoring_data_pipeline/constants.py took 0.046 seconds
[2023-05-21T17:01:16.721+0530] {processor.py:156} INFO - Started process (PID=56297) to work on /run/media/feuer/LinuxDrive/ChromeDownloads/Assignment/airflow/dags/Lead_scoring_data_pipeline/constants.py
[2023-05-21T17:01:16.750+0530] {processor.py:799} INFO - Processing file /run/media/feuer/LinuxDrive/ChromeDownloads/Assignment/airflow/dags/Lead_scoring_data_pipeline/constants.py for tasks to queue
[2023-05-21T17:01:16.751+0530] {logging_mixin.py:149} INFO - [2023-05-21T17:01:16.751+0530] {dagbag.py:541} INFO - Filling up the DagBag from /run/media/feuer/LinuxDrive/ChromeDownloads/Assignment/airflow/dags/Lead_scoring_data_pipeline/constants.py
[2023-05-21T17:01:16.752+0530] {processor.py:811} WARNING - No viable dags retrieved from /run/media/feuer/LinuxDrive/ChromeDownloads/Assignment/airflow/dags/Lead_scoring_data_pipeline/constants.py
[2023-05-21T17:01:16.759+0530] {processor.py:178} INFO - Processing /run/media/feuer/LinuxDrive/ChromeDownloads/Assignment/airflow/dags/Lead_scoring_data_pipeline/constants.py took 0.040 seconds
[2023-05-21T17:02:04.836+0530] {processor.py:156} INFO - Started process (PID=56437) to work on /run/media/feuer/LinuxDrive/ChromeDownloads/Assignment/airflow/dags/Lead_scoring_data_pipeline/constants.py
[2023-05-21T17:02:04.854+0530] {processor.py:799} INFO - Processing file /run/media/feuer/LinuxDrive/ChromeDownloads/Assignment/airflow/dags/Lead_scoring_data_pipeline/constants.py for tasks to queue
[2023-05-21T17:02:04.855+0530] {logging_mixin.py:149} INFO - [2023-05-21T17:02:04.855+0530] {dagbag.py:541} INFO - Filling up the DagBag from /run/media/feuer/LinuxDrive/ChromeDownloads/Assignment/airflow/dags/Lead_scoring_data_pipeline/constants.py
[2023-05-21T17:02:04.857+0530] {processor.py:811} WARNING - No viable dags retrieved from /run/media/feuer/LinuxDrive/ChromeDownloads/Assignment/airflow/dags/Lead_scoring_data_pipeline/constants.py
[2023-05-21T17:02:04.868+0530] {processor.py:178} INFO - Processing /run/media/feuer/LinuxDrive/ChromeDownloads/Assignment/airflow/dags/Lead_scoring_data_pipeline/constants.py took 0.034 seconds
[2023-05-21T17:02:45.328+0530] {processor.py:156} INFO - Started process (PID=56577) to work on /run/media/feuer/LinuxDrive/ChromeDownloads/Assignment/airflow/dags/Lead_scoring_data_pipeline/constants.py
[2023-05-21T17:02:45.335+0530] {processor.py:799} INFO - Processing file /run/media/feuer/LinuxDrive/ChromeDownloads/Assignment/airflow/dags/Lead_scoring_data_pipeline/constants.py for tasks to queue
[2023-05-21T17:02:45.336+0530] {logging_mixin.py:149} INFO - [2023-05-21T17:02:45.336+0530] {dagbag.py:541} INFO - Filling up the DagBag from /run/media/feuer/LinuxDrive/ChromeDownloads/Assignment/airflow/dags/Lead_scoring_data_pipeline/constants.py
[2023-05-21T17:02:45.337+0530] {processor.py:811} WARNING - No viable dags retrieved from /run/media/feuer/LinuxDrive/ChromeDownloads/Assignment/airflow/dags/Lead_scoring_data_pipeline/constants.py
[2023-05-21T17:02:45.343+0530] {processor.py:178} INFO - Processing /run/media/feuer/LinuxDrive/ChromeDownloads/Assignment/airflow/dags/Lead_scoring_data_pipeline/constants.py took 0.017 seconds
[2023-05-21T17:03:37.713+0530] {processor.py:156} INFO - Started process (PID=56686) to work on /run/media/feuer/LinuxDrive/ChromeDownloads/Assignment/airflow/dags/Lead_scoring_data_pipeline/constants.py
[2023-05-21T17:03:37.722+0530] {processor.py:799} INFO - Processing file /run/media/feuer/LinuxDrive/ChromeDownloads/Assignment/airflow/dags/Lead_scoring_data_pipeline/constants.py for tasks to queue
[2023-05-21T17:03:37.723+0530] {logging_mixin.py:149} INFO - [2023-05-21T17:03:37.723+0530] {dagbag.py:541} INFO - Filling up the DagBag from /run/media/feuer/LinuxDrive/ChromeDownloads/Assignment/airflow/dags/Lead_scoring_data_pipeline/constants.py
[2023-05-21T17:03:37.724+0530] {processor.py:811} WARNING - No viable dags retrieved from /run/media/feuer/LinuxDrive/ChromeDownloads/Assignment/airflow/dags/Lead_scoring_data_pipeline/constants.py
[2023-05-21T17:03:37.730+0530] {processor.py:178} INFO - Processing /run/media/feuer/LinuxDrive/ChromeDownloads/Assignment/airflow/dags/Lead_scoring_data_pipeline/constants.py took 0.019 seconds
[2023-05-21T17:04:26.229+0530] {processor.py:156} INFO - Started process (PID=56814) to work on /run/media/feuer/LinuxDrive/ChromeDownloads/Assignment/airflow/dags/Lead_scoring_data_pipeline/constants.py
[2023-05-21T17:04:26.230+0530] {processor.py:799} INFO - Processing file /run/media/feuer/LinuxDrive/ChromeDownloads/Assignment/airflow/dags/Lead_scoring_data_pipeline/constants.py for tasks to queue
[2023-05-21T17:04:26.231+0530] {logging_mixin.py:149} INFO - [2023-05-21T17:04:26.230+0530] {dagbag.py:541} INFO - Filling up the DagBag from /run/media/feuer/LinuxDrive/ChromeDownloads/Assignment/airflow/dags/Lead_scoring_data_pipeline/constants.py
[2023-05-21T17:04:26.232+0530] {processor.py:811} WARNING - No viable dags retrieved from /run/media/feuer/LinuxDrive/ChromeDownloads/Assignment/airflow/dags/Lead_scoring_data_pipeline/constants.py
[2023-05-21T17:04:26.239+0530] {processor.py:178} INFO - Processing /run/media/feuer/LinuxDrive/ChromeDownloads/Assignment/airflow/dags/Lead_scoring_data_pipeline/constants.py took 0.011 seconds
[2023-05-21T17:05:10.786+0530] {processor.py:156} INFO - Started process (PID=56927) to work on /run/media/feuer/LinuxDrive/ChromeDownloads/Assignment/airflow/dags/Lead_scoring_data_pipeline/constants.py
[2023-05-21T17:05:10.787+0530] {processor.py:799} INFO - Processing file /run/media/feuer/LinuxDrive/ChromeDownloads/Assignment/airflow/dags/Lead_scoring_data_pipeline/constants.py for tasks to queue
[2023-05-21T17:05:10.787+0530] {logging_mixin.py:149} INFO - [2023-05-21T17:05:10.787+0530] {dagbag.py:541} INFO - Filling up the DagBag from /run/media/feuer/LinuxDrive/ChromeDownloads/Assignment/airflow/dags/Lead_scoring_data_pipeline/constants.py
[2023-05-21T17:05:10.789+0530] {processor.py:811} WARNING - No viable dags retrieved from /run/media/feuer/LinuxDrive/ChromeDownloads/Assignment/airflow/dags/Lead_scoring_data_pipeline/constants.py
[2023-05-21T17:05:10.795+0530] {processor.py:178} INFO - Processing /run/media/feuer/LinuxDrive/ChromeDownloads/Assignment/airflow/dags/Lead_scoring_data_pipeline/constants.py took 0.011 seconds
[2023-05-21T17:05:57.301+0530] {processor.py:156} INFO - Started process (PID=57032) to work on /run/media/feuer/LinuxDrive/ChromeDownloads/Assignment/airflow/dags/Lead_scoring_data_pipeline/constants.py
[2023-05-21T17:05:57.301+0530] {processor.py:799} INFO - Processing file /run/media/feuer/LinuxDrive/ChromeDownloads/Assignment/airflow/dags/Lead_scoring_data_pipeline/constants.py for tasks to queue
[2023-05-21T17:05:57.302+0530] {logging_mixin.py:149} INFO - [2023-05-21T17:05:57.302+0530] {dagbag.py:541} INFO - Filling up the DagBag from /run/media/feuer/LinuxDrive/ChromeDownloads/Assignment/airflow/dags/Lead_scoring_data_pipeline/constants.py
[2023-05-21T17:05:57.303+0530] {processor.py:811} WARNING - No viable dags retrieved from /run/media/feuer/LinuxDrive/ChromeDownloads/Assignment/airflow/dags/Lead_scoring_data_pipeline/constants.py
[2023-05-21T17:05:57.311+0530] {processor.py:178} INFO - Processing /run/media/feuer/LinuxDrive/ChromeDownloads/Assignment/airflow/dags/Lead_scoring_data_pipeline/constants.py took 0.013 seconds
[2023-05-21T17:06:41.548+0530] {processor.py:156} INFO - Started process (PID=57137) to work on /run/media/feuer/LinuxDrive/ChromeDownloads/Assignment/airflow/dags/Lead_scoring_data_pipeline/constants.py
[2023-05-21T17:06:41.570+0530] {processor.py:799} INFO - Processing file /run/media/feuer/LinuxDrive/ChromeDownloads/Assignment/airflow/dags/Lead_scoring_data_pipeline/constants.py for tasks to queue
[2023-05-21T17:06:41.571+0530] {logging_mixin.py:149} INFO - [2023-05-21T17:06:41.570+0530] {dagbag.py:541} INFO - Filling up the DagBag from /run/media/feuer/LinuxDrive/ChromeDownloads/Assignment/airflow/dags/Lead_scoring_data_pipeline/constants.py
[2023-05-21T17:06:41.571+0530] {processor.py:811} WARNING - No viable dags retrieved from /run/media/feuer/LinuxDrive/ChromeDownloads/Assignment/airflow/dags/Lead_scoring_data_pipeline/constants.py
[2023-05-21T17:06:41.578+0530] {processor.py:178} INFO - Processing /run/media/feuer/LinuxDrive/ChromeDownloads/Assignment/airflow/dags/Lead_scoring_data_pipeline/constants.py took 0.031 seconds
[2023-05-21T17:07:25.475+0530] {processor.py:156} INFO - Started process (PID=57243) to work on /run/media/feuer/LinuxDrive/ChromeDownloads/Assignment/airflow/dags/Lead_scoring_data_pipeline/constants.py
[2023-05-21T17:07:25.476+0530] {processor.py:799} INFO - Processing file /run/media/feuer/LinuxDrive/ChromeDownloads/Assignment/airflow/dags/Lead_scoring_data_pipeline/constants.py for tasks to queue
[2023-05-21T17:07:25.477+0530] {logging_mixin.py:149} INFO - [2023-05-21T17:07:25.477+0530] {dagbag.py:541} INFO - Filling up the DagBag from /run/media/feuer/LinuxDrive/ChromeDownloads/Assignment/airflow/dags/Lead_scoring_data_pipeline/constants.py
[2023-05-21T17:07:25.478+0530] {processor.py:811} WARNING - No viable dags retrieved from /run/media/feuer/LinuxDrive/ChromeDownloads/Assignment/airflow/dags/Lead_scoring_data_pipeline/constants.py
[2023-05-21T17:07:25.486+0530] {processor.py:178} INFO - Processing /run/media/feuer/LinuxDrive/ChromeDownloads/Assignment/airflow/dags/Lead_scoring_data_pipeline/constants.py took 0.013 seconds
[2023-05-21T17:08:09.128+0530] {processor.py:156} INFO - Started process (PID=57359) to work on /run/media/feuer/LinuxDrive/ChromeDownloads/Assignment/airflow/dags/Lead_scoring_data_pipeline/constants.py
[2023-05-21T17:08:09.144+0530] {processor.py:799} INFO - Processing file /run/media/feuer/LinuxDrive/ChromeDownloads/Assignment/airflow/dags/Lead_scoring_data_pipeline/constants.py for tasks to queue
[2023-05-21T17:08:09.145+0530] {logging_mixin.py:149} INFO - [2023-05-21T17:08:09.145+0530] {dagbag.py:541} INFO - Filling up the DagBag from /run/media/feuer/LinuxDrive/ChromeDownloads/Assignment/airflow/dags/Lead_scoring_data_pipeline/constants.py
[2023-05-21T17:08:09.146+0530] {processor.py:811} WARNING - No viable dags retrieved from /run/media/feuer/LinuxDrive/ChromeDownloads/Assignment/airflow/dags/Lead_scoring_data_pipeline/constants.py
[2023-05-21T17:08:09.152+0530] {processor.py:178} INFO - Processing /run/media/feuer/LinuxDrive/ChromeDownloads/Assignment/airflow/dags/Lead_scoring_data_pipeline/constants.py took 0.026 seconds
[2023-05-21T17:08:54.917+0530] {processor.py:156} INFO - Started process (PID=57487) to work on /run/media/feuer/LinuxDrive/ChromeDownloads/Assignment/airflow/dags/Lead_scoring_data_pipeline/constants.py
[2023-05-21T17:08:54.933+0530] {processor.py:799} INFO - Processing file /run/media/feuer/LinuxDrive/ChromeDownloads/Assignment/airflow/dags/Lead_scoring_data_pipeline/constants.py for tasks to queue
[2023-05-21T17:08:54.933+0530] {logging_mixin.py:149} INFO - [2023-05-21T17:08:54.933+0530] {dagbag.py:541} INFO - Filling up the DagBag from /run/media/feuer/LinuxDrive/ChromeDownloads/Assignment/airflow/dags/Lead_scoring_data_pipeline/constants.py
[2023-05-21T17:08:54.934+0530] {processor.py:811} WARNING - No viable dags retrieved from /run/media/feuer/LinuxDrive/ChromeDownloads/Assignment/airflow/dags/Lead_scoring_data_pipeline/constants.py
[2023-05-21T17:08:54.940+0530] {processor.py:178} INFO - Processing /run/media/feuer/LinuxDrive/ChromeDownloads/Assignment/airflow/dags/Lead_scoring_data_pipeline/constants.py took 0.025 seconds
[2023-05-21T17:09:41.239+0530] {processor.py:156} INFO - Started process (PID=57618) to work on /run/media/feuer/LinuxDrive/ChromeDownloads/Assignment/airflow/dags/Lead_scoring_data_pipeline/constants.py
[2023-05-21T17:09:41.246+0530] {processor.py:799} INFO - Processing file /run/media/feuer/LinuxDrive/ChromeDownloads/Assignment/airflow/dags/Lead_scoring_data_pipeline/constants.py for tasks to queue
[2023-05-21T17:09:41.246+0530] {logging_mixin.py:149} INFO - [2023-05-21T17:09:41.246+0530] {dagbag.py:541} INFO - Filling up the DagBag from /run/media/feuer/LinuxDrive/ChromeDownloads/Assignment/airflow/dags/Lead_scoring_data_pipeline/constants.py
[2023-05-21T17:09:41.247+0530] {processor.py:811} WARNING - No viable dags retrieved from /run/media/feuer/LinuxDrive/ChromeDownloads/Assignment/airflow/dags/Lead_scoring_data_pipeline/constants.py
[2023-05-21T17:09:41.253+0530] {processor.py:178} INFO - Processing /run/media/feuer/LinuxDrive/ChromeDownloads/Assignment/airflow/dags/Lead_scoring_data_pipeline/constants.py took 0.016 seconds
[2023-05-21T17:10:25.956+0530] {processor.py:156} INFO - Started process (PID=57720) to work on /run/media/feuer/LinuxDrive/ChromeDownloads/Assignment/airflow/dags/Lead_scoring_data_pipeline/constants.py
[2023-05-21T17:10:25.957+0530] {processor.py:799} INFO - Processing file /run/media/feuer/LinuxDrive/ChromeDownloads/Assignment/airflow/dags/Lead_scoring_data_pipeline/constants.py for tasks to queue
[2023-05-21T17:10:25.957+0530] {logging_mixin.py:149} INFO - [2023-05-21T17:10:25.957+0530] {dagbag.py:541} INFO - Filling up the DagBag from /run/media/feuer/LinuxDrive/ChromeDownloads/Assignment/airflow/dags/Lead_scoring_data_pipeline/constants.py
[2023-05-21T17:10:25.959+0530] {processor.py:811} WARNING - No viable dags retrieved from /run/media/feuer/LinuxDrive/ChromeDownloads/Assignment/airflow/dags/Lead_scoring_data_pipeline/constants.py
[2023-05-21T17:10:25.967+0530] {processor.py:178} INFO - Processing /run/media/feuer/LinuxDrive/ChromeDownloads/Assignment/airflow/dags/Lead_scoring_data_pipeline/constants.py took 0.013 seconds
[2023-05-21T17:11:12.796+0530] {processor.py:156} INFO - Started process (PID=57825) to work on /run/media/feuer/LinuxDrive/ChromeDownloads/Assignment/airflow/dags/Lead_scoring_data_pipeline/constants.py
[2023-05-21T17:11:12.796+0530] {processor.py:799} INFO - Processing file /run/media/feuer/LinuxDrive/ChromeDownloads/Assignment/airflow/dags/Lead_scoring_data_pipeline/constants.py for tasks to queue
[2023-05-21T17:11:12.797+0530] {logging_mixin.py:149} INFO - [2023-05-21T17:11:12.797+0530] {dagbag.py:541} INFO - Filling up the DagBag from /run/media/feuer/LinuxDrive/ChromeDownloads/Assignment/airflow/dags/Lead_scoring_data_pipeline/constants.py
[2023-05-21T17:11:12.798+0530] {processor.py:811} WARNING - No viable dags retrieved from /run/media/feuer/LinuxDrive/ChromeDownloads/Assignment/airflow/dags/Lead_scoring_data_pipeline/constants.py
[2023-05-21T17:11:12.805+0530] {processor.py:178} INFO - Processing /run/media/feuer/LinuxDrive/ChromeDownloads/Assignment/airflow/dags/Lead_scoring_data_pipeline/constants.py took 0.011 seconds
[2023-05-21T17:12:00.712+0530] {processor.py:156} INFO - Started process (PID=57947) to work on /run/media/feuer/LinuxDrive/ChromeDownloads/Assignment/airflow/dags/Lead_scoring_data_pipeline/constants.py
[2023-05-21T17:12:00.726+0530] {processor.py:799} INFO - Processing file /run/media/feuer/LinuxDrive/ChromeDownloads/Assignment/airflow/dags/Lead_scoring_data_pipeline/constants.py for tasks to queue
[2023-05-21T17:12:00.727+0530] {logging_mixin.py:149} INFO - [2023-05-21T17:12:00.726+0530] {dagbag.py:541} INFO - Filling up the DagBag from /run/media/feuer/LinuxDrive/ChromeDownloads/Assignment/airflow/dags/Lead_scoring_data_pipeline/constants.py
[2023-05-21T17:12:00.727+0530] {processor.py:811} WARNING - No viable dags retrieved from /run/media/feuer/LinuxDrive/ChromeDownloads/Assignment/airflow/dags/Lead_scoring_data_pipeline/constants.py
[2023-05-21T17:12:00.734+0530] {processor.py:178} INFO - Processing /run/media/feuer/LinuxDrive/ChromeDownloads/Assignment/airflow/dags/Lead_scoring_data_pipeline/constants.py took 0.024 seconds
[2023-05-21T17:12:46.734+0530] {processor.py:156} INFO - Started process (PID=58058) to work on /run/media/feuer/LinuxDrive/ChromeDownloads/Assignment/airflow/dags/Lead_scoring_data_pipeline/constants.py
[2023-05-21T17:12:46.735+0530] {processor.py:799} INFO - Processing file /run/media/feuer/LinuxDrive/ChromeDownloads/Assignment/airflow/dags/Lead_scoring_data_pipeline/constants.py for tasks to queue
[2023-05-21T17:12:46.736+0530] {logging_mixin.py:149} INFO - [2023-05-21T17:12:46.736+0530] {dagbag.py:541} INFO - Filling up the DagBag from /run/media/feuer/LinuxDrive/ChromeDownloads/Assignment/airflow/dags/Lead_scoring_data_pipeline/constants.py
[2023-05-21T17:12:46.737+0530] {processor.py:811} WARNING - No viable dags retrieved from /run/media/feuer/LinuxDrive/ChromeDownloads/Assignment/airflow/dags/Lead_scoring_data_pipeline/constants.py
[2023-05-21T17:12:46.746+0530] {processor.py:178} INFO - Processing /run/media/feuer/LinuxDrive/ChromeDownloads/Assignment/airflow/dags/Lead_scoring_data_pipeline/constants.py took 0.014 seconds
[2023-05-21T17:13:29.507+0530] {processor.py:156} INFO - Started process (PID=58169) to work on /run/media/feuer/LinuxDrive/ChromeDownloads/Assignment/airflow/dags/Lead_scoring_data_pipeline/constants.py
[2023-05-21T17:13:29.520+0530] {processor.py:799} INFO - Processing file /run/media/feuer/LinuxDrive/ChromeDownloads/Assignment/airflow/dags/Lead_scoring_data_pipeline/constants.py for tasks to queue
[2023-05-21T17:13:29.521+0530] {logging_mixin.py:149} INFO - [2023-05-21T17:13:29.521+0530] {dagbag.py:541} INFO - Filling up the DagBag from /run/media/feuer/LinuxDrive/ChromeDownloads/Assignment/airflow/dags/Lead_scoring_data_pipeline/constants.py
[2023-05-21T17:13:29.522+0530] {processor.py:811} WARNING - No viable dags retrieved from /run/media/feuer/LinuxDrive/ChromeDownloads/Assignment/airflow/dags/Lead_scoring_data_pipeline/constants.py
[2023-05-21T17:13:29.533+0530] {processor.py:178} INFO - Processing /run/media/feuer/LinuxDrive/ChromeDownloads/Assignment/airflow/dags/Lead_scoring_data_pipeline/constants.py took 0.029 seconds
[2023-05-21T17:14:13.904+0530] {processor.py:156} INFO - Started process (PID=58277) to work on /run/media/feuer/LinuxDrive/ChromeDownloads/Assignment/airflow/dags/Lead_scoring_data_pipeline/constants.py
[2023-05-21T17:14:13.911+0530] {processor.py:799} INFO - Processing file /run/media/feuer/LinuxDrive/ChromeDownloads/Assignment/airflow/dags/Lead_scoring_data_pipeline/constants.py for tasks to queue
[2023-05-21T17:14:13.911+0530] {logging_mixin.py:149} INFO - [2023-05-21T17:14:13.911+0530] {dagbag.py:541} INFO - Filling up the DagBag from /run/media/feuer/LinuxDrive/ChromeDownloads/Assignment/airflow/dags/Lead_scoring_data_pipeline/constants.py
[2023-05-21T17:14:13.913+0530] {processor.py:811} WARNING - No viable dags retrieved from /run/media/feuer/LinuxDrive/ChromeDownloads/Assignment/airflow/dags/Lead_scoring_data_pipeline/constants.py
[2023-05-21T17:14:13.923+0530] {processor.py:178} INFO - Processing /run/media/feuer/LinuxDrive/ChromeDownloads/Assignment/airflow/dags/Lead_scoring_data_pipeline/constants.py took 0.022 seconds
[2023-05-21T17:15:02.601+0530] {processor.py:156} INFO - Started process (PID=58403) to work on /run/media/feuer/LinuxDrive/ChromeDownloads/Assignment/airflow/dags/Lead_scoring_data_pipeline/constants.py
[2023-05-21T17:15:02.602+0530] {processor.py:799} INFO - Processing file /run/media/feuer/LinuxDrive/ChromeDownloads/Assignment/airflow/dags/Lead_scoring_data_pipeline/constants.py for tasks to queue
[2023-05-21T17:15:02.602+0530] {logging_mixin.py:149} INFO - [2023-05-21T17:15:02.602+0530] {dagbag.py:541} INFO - Filling up the DagBag from /run/media/feuer/LinuxDrive/ChromeDownloads/Assignment/airflow/dags/Lead_scoring_data_pipeline/constants.py
[2023-05-21T17:15:02.604+0530] {processor.py:811} WARNING - No viable dags retrieved from /run/media/feuer/LinuxDrive/ChromeDownloads/Assignment/airflow/dags/Lead_scoring_data_pipeline/constants.py
[2023-05-21T17:15:02.613+0530] {processor.py:178} INFO - Processing /run/media/feuer/LinuxDrive/ChromeDownloads/Assignment/airflow/dags/Lead_scoring_data_pipeline/constants.py took 0.014 seconds
[2023-05-21T17:15:51.019+0530] {processor.py:156} INFO - Started process (PID=58519) to work on /run/media/feuer/LinuxDrive/ChromeDownloads/Assignment/airflow/dags/Lead_scoring_data_pipeline/constants.py
[2023-05-21T17:15:51.020+0530] {processor.py:799} INFO - Processing file /run/media/feuer/LinuxDrive/ChromeDownloads/Assignment/airflow/dags/Lead_scoring_data_pipeline/constants.py for tasks to queue
[2023-05-21T17:15:51.020+0530] {logging_mixin.py:149} INFO - [2023-05-21T17:15:51.020+0530] {dagbag.py:541} INFO - Filling up the DagBag from /run/media/feuer/LinuxDrive/ChromeDownloads/Assignment/airflow/dags/Lead_scoring_data_pipeline/constants.py
[2023-05-21T17:15:51.022+0530] {processor.py:811} WARNING - No viable dags retrieved from /run/media/feuer/LinuxDrive/ChromeDownloads/Assignment/airflow/dags/Lead_scoring_data_pipeline/constants.py
[2023-05-21T17:15:51.032+0530] {processor.py:178} INFO - Processing /run/media/feuer/LinuxDrive/ChromeDownloads/Assignment/airflow/dags/Lead_scoring_data_pipeline/constants.py took 0.016 seconds
[2023-05-21T17:16:37.445+0530] {processor.py:156} INFO - Started process (PID=58624) to work on /run/media/feuer/LinuxDrive/ChromeDownloads/Assignment/airflow/dags/Lead_scoring_data_pipeline/constants.py
[2023-05-21T17:16:37.460+0530] {processor.py:799} INFO - Processing file /run/media/feuer/LinuxDrive/ChromeDownloads/Assignment/airflow/dags/Lead_scoring_data_pipeline/constants.py for tasks to queue
[2023-05-21T17:16:37.460+0530] {logging_mixin.py:149} INFO - [2023-05-21T17:16:37.460+0530] {dagbag.py:541} INFO - Filling up the DagBag from /run/media/feuer/LinuxDrive/ChromeDownloads/Assignment/airflow/dags/Lead_scoring_data_pipeline/constants.py
[2023-05-21T17:16:37.462+0530] {processor.py:811} WARNING - No viable dags retrieved from /run/media/feuer/LinuxDrive/ChromeDownloads/Assignment/airflow/dags/Lead_scoring_data_pipeline/constants.py
[2023-05-21T17:16:37.472+0530] {processor.py:178} INFO - Processing /run/media/feuer/LinuxDrive/ChromeDownloads/Assignment/airflow/dags/Lead_scoring_data_pipeline/constants.py took 0.029 seconds
[2023-05-21T17:17:24.933+0530] {processor.py:156} INFO - Started process (PID=58735) to work on /run/media/feuer/LinuxDrive/ChromeDownloads/Assignment/airflow/dags/Lead_scoring_data_pipeline/constants.py
[2023-05-21T17:17:24.945+0530] {processor.py:799} INFO - Processing file /run/media/feuer/LinuxDrive/ChromeDownloads/Assignment/airflow/dags/Lead_scoring_data_pipeline/constants.py for tasks to queue
[2023-05-21T17:17:24.945+0530] {logging_mixin.py:149} INFO - [2023-05-21T17:17:24.945+0530] {dagbag.py:541} INFO - Filling up the DagBag from /run/media/feuer/LinuxDrive/ChromeDownloads/Assignment/airflow/dags/Lead_scoring_data_pipeline/constants.py
[2023-05-21T17:17:24.947+0530] {processor.py:811} WARNING - No viable dags retrieved from /run/media/feuer/LinuxDrive/ChromeDownloads/Assignment/airflow/dags/Lead_scoring_data_pipeline/constants.py
[2023-05-21T17:17:24.957+0530] {processor.py:178} INFO - Processing /run/media/feuer/LinuxDrive/ChromeDownloads/Assignment/airflow/dags/Lead_scoring_data_pipeline/constants.py took 0.026 seconds
[2023-05-21T17:18:10.625+0530] {processor.py:156} INFO - Started process (PID=58855) to work on /run/media/feuer/LinuxDrive/ChromeDownloads/Assignment/airflow/dags/Lead_scoring_data_pipeline/constants.py
[2023-05-21T17:18:10.634+0530] {processor.py:799} INFO - Processing file /run/media/feuer/LinuxDrive/ChromeDownloads/Assignment/airflow/dags/Lead_scoring_data_pipeline/constants.py for tasks to queue
[2023-05-21T17:18:10.634+0530] {logging_mixin.py:149} INFO - [2023-05-21T17:18:10.634+0530] {dagbag.py:541} INFO - Filling up the DagBag from /run/media/feuer/LinuxDrive/ChromeDownloads/Assignment/airflow/dags/Lead_scoring_data_pipeline/constants.py
[2023-05-21T17:18:10.636+0530] {processor.py:811} WARNING - No viable dags retrieved from /run/media/feuer/LinuxDrive/ChromeDownloads/Assignment/airflow/dags/Lead_scoring_data_pipeline/constants.py
[2023-05-21T17:18:10.646+0530] {processor.py:178} INFO - Processing /run/media/feuer/LinuxDrive/ChromeDownloads/Assignment/airflow/dags/Lead_scoring_data_pipeline/constants.py took 0.023 seconds
[2023-05-21T17:18:56.514+0530] {processor.py:156} INFO - Started process (PID=58962) to work on /run/media/feuer/LinuxDrive/ChromeDownloads/Assignment/airflow/dags/Lead_scoring_data_pipeline/constants.py
[2023-05-21T17:18:56.515+0530] {processor.py:799} INFO - Processing file /run/media/feuer/LinuxDrive/ChromeDownloads/Assignment/airflow/dags/Lead_scoring_data_pipeline/constants.py for tasks to queue
[2023-05-21T17:18:56.516+0530] {logging_mixin.py:149} INFO - [2023-05-21T17:18:56.516+0530] {dagbag.py:541} INFO - Filling up the DagBag from /run/media/feuer/LinuxDrive/ChromeDownloads/Assignment/airflow/dags/Lead_scoring_data_pipeline/constants.py
[2023-05-21T17:18:56.517+0530] {processor.py:811} WARNING - No viable dags retrieved from /run/media/feuer/LinuxDrive/ChromeDownloads/Assignment/airflow/dags/Lead_scoring_data_pipeline/constants.py
[2023-05-21T17:18:56.527+0530] {processor.py:178} INFO - Processing /run/media/feuer/LinuxDrive/ChromeDownloads/Assignment/airflow/dags/Lead_scoring_data_pipeline/constants.py took 0.015 seconds
[2023-05-21T17:19:42.164+0530] {processor.py:156} INFO - Started process (PID=59079) to work on /run/media/feuer/LinuxDrive/ChromeDownloads/Assignment/airflow/dags/Lead_scoring_data_pipeline/constants.py
[2023-05-21T17:19:42.165+0530] {processor.py:799} INFO - Processing file /run/media/feuer/LinuxDrive/ChromeDownloads/Assignment/airflow/dags/Lead_scoring_data_pipeline/constants.py for tasks to queue
[2023-05-21T17:19:42.166+0530] {logging_mixin.py:149} INFO - [2023-05-21T17:19:42.166+0530] {dagbag.py:541} INFO - Filling up the DagBag from /run/media/feuer/LinuxDrive/ChromeDownloads/Assignment/airflow/dags/Lead_scoring_data_pipeline/constants.py
[2023-05-21T17:19:42.167+0530] {processor.py:811} WARNING - No viable dags retrieved from /run/media/feuer/LinuxDrive/ChromeDownloads/Assignment/airflow/dags/Lead_scoring_data_pipeline/constants.py
[2023-05-21T17:19:42.177+0530] {processor.py:178} INFO - Processing /run/media/feuer/LinuxDrive/ChromeDownloads/Assignment/airflow/dags/Lead_scoring_data_pipeline/constants.py took 0.015 seconds
[2023-05-21T17:20:29.888+0530] {processor.py:156} INFO - Started process (PID=59240) to work on /run/media/feuer/LinuxDrive/ChromeDownloads/Assignment/airflow/dags/Lead_scoring_data_pipeline/constants.py
[2023-05-21T17:20:29.892+0530] {processor.py:799} INFO - Processing file /run/media/feuer/LinuxDrive/ChromeDownloads/Assignment/airflow/dags/Lead_scoring_data_pipeline/constants.py for tasks to queue
[2023-05-21T17:20:29.893+0530] {logging_mixin.py:149} INFO - [2023-05-21T17:20:29.892+0530] {dagbag.py:541} INFO - Filling up the DagBag from /run/media/feuer/LinuxDrive/ChromeDownloads/Assignment/airflow/dags/Lead_scoring_data_pipeline/constants.py
[2023-05-21T17:20:29.894+0530] {processor.py:811} WARNING - No viable dags retrieved from /run/media/feuer/LinuxDrive/ChromeDownloads/Assignment/airflow/dags/Lead_scoring_data_pipeline/constants.py
[2023-05-21T17:20:29.904+0530] {processor.py:178} INFO - Processing /run/media/feuer/LinuxDrive/ChromeDownloads/Assignment/airflow/dags/Lead_scoring_data_pipeline/constants.py took 0.019 seconds
[2023-05-21T17:21:12.127+0530] {processor.py:156} INFO - Started process (PID=59418) to work on /run/media/feuer/LinuxDrive/ChromeDownloads/Assignment/airflow/dags/Lead_scoring_data_pipeline/constants.py
[2023-05-21T17:21:12.306+0530] {processor.py:799} INFO - Processing file /run/media/feuer/LinuxDrive/ChromeDownloads/Assignment/airflow/dags/Lead_scoring_data_pipeline/constants.py for tasks to queue
[2023-05-21T17:21:12.307+0530] {logging_mixin.py:149} INFO - [2023-05-21T17:21:12.307+0530] {dagbag.py:541} INFO - Filling up the DagBag from /run/media/feuer/LinuxDrive/ChromeDownloads/Assignment/airflow/dags/Lead_scoring_data_pipeline/constants.py
[2023-05-21T17:21:12.308+0530] {processor.py:811} WARNING - No viable dags retrieved from /run/media/feuer/LinuxDrive/ChromeDownloads/Assignment/airflow/dags/Lead_scoring_data_pipeline/constants.py
[2023-05-21T17:21:12.320+0530] {processor.py:178} INFO - Processing /run/media/feuer/LinuxDrive/ChromeDownloads/Assignment/airflow/dags/Lead_scoring_data_pipeline/constants.py took 0.196 seconds
[2023-05-21T17:22:11.701+0530] {processor.py:156} INFO - Started process (PID=59612) to work on /run/media/feuer/LinuxDrive/ChromeDownloads/Assignment/airflow/dags/Lead_scoring_data_pipeline/constants.py
[2023-05-21T17:22:11.761+0530] {processor.py:799} INFO - Processing file /run/media/feuer/LinuxDrive/ChromeDownloads/Assignment/airflow/dags/Lead_scoring_data_pipeline/constants.py for tasks to queue
[2023-05-21T17:22:11.762+0530] {logging_mixin.py:149} INFO - [2023-05-21T17:22:11.762+0530] {dagbag.py:541} INFO - Filling up the DagBag from /run/media/feuer/LinuxDrive/ChromeDownloads/Assignment/airflow/dags/Lead_scoring_data_pipeline/constants.py
[2023-05-21T17:22:11.763+0530] {processor.py:811} WARNING - No viable dags retrieved from /run/media/feuer/LinuxDrive/ChromeDownloads/Assignment/airflow/dags/Lead_scoring_data_pipeline/constants.py
[2023-05-21T17:22:11.774+0530] {processor.py:178} INFO - Processing /run/media/feuer/LinuxDrive/ChromeDownloads/Assignment/airflow/dags/Lead_scoring_data_pipeline/constants.py took 0.075 seconds
