[2023-05-21T19:39:16.235+0530] {processor.py:156} INFO - Started process (PID=23733) to work on /run/media/feuer/LinuxDrive/ChromeDownloads/Assignment/airflow/dags/Lead_scoring_data_pipeline/utils.py
[2023-05-21T19:39:16.236+0530] {processor.py:799} INFO - Processing file /run/media/feuer/LinuxDrive/ChromeDownloads/Assignment/airflow/dags/Lead_scoring_data_pipeline/utils.py for tasks to queue
[2023-05-21T19:39:16.237+0530] {logging_mixin.py:149} INFO - [2023-05-21T19:39:16.236+0530] {dagbag.py:541} INFO - Filling up the DagBag from /run/media/feuer/LinuxDrive/ChromeDownloads/Assignment/airflow/dags/Lead_scoring_data_pipeline/utils.py
[2023-05-21T19:39:17.258+0530] {processor.py:811} WARNING - No viable dags retrieved from /run/media/feuer/LinuxDrive/ChromeDownloads/Assignment/airflow/dags/Lead_scoring_data_pipeline/utils.py
[2023-05-21T19:39:17.262+0530] {processor.py:178} INFO - Processing /run/media/feuer/LinuxDrive/ChromeDownloads/Assignment/airflow/dags/Lead_scoring_data_pipeline/utils.py took 1.032 seconds
[2023-05-21T19:40:22.481+0530] {processor.py:156} INFO - Started process (PID=23889) to work on /run/media/feuer/LinuxDrive/ChromeDownloads/Assignment/airflow/dags/Lead_scoring_data_pipeline/utils.py
[2023-05-21T19:40:22.484+0530] {processor.py:799} INFO - Processing file /run/media/feuer/LinuxDrive/ChromeDownloads/Assignment/airflow/dags/Lead_scoring_data_pipeline/utils.py for tasks to queue
[2023-05-21T19:40:22.484+0530] {logging_mixin.py:149} INFO - [2023-05-21T19:40:22.484+0530] {dagbag.py:541} INFO - Filling up the DagBag from /run/media/feuer/LinuxDrive/ChromeDownloads/Assignment/airflow/dags/Lead_scoring_data_pipeline/utils.py
[2023-05-21T19:40:23.130+0530] {processor.py:811} WARNING - No viable dags retrieved from /run/media/feuer/LinuxDrive/ChromeDownloads/Assignment/airflow/dags/Lead_scoring_data_pipeline/utils.py
[2023-05-21T19:40:23.134+0530] {processor.py:178} INFO - Processing /run/media/feuer/LinuxDrive/ChromeDownloads/Assignment/airflow/dags/Lead_scoring_data_pipeline/utils.py took 0.655 seconds
[2023-05-21T19:41:58.058+0530] {processor.py:156} INFO - Started process (PID=24437) to work on /run/media/feuer/LinuxDrive/ChromeDownloads/Assignment/airflow/dags/Lead_scoring_data_pipeline/utils.py
[2023-05-21T19:41:58.062+0530] {processor.py:799} INFO - Processing file /run/media/feuer/LinuxDrive/ChromeDownloads/Assignment/airflow/dags/Lead_scoring_data_pipeline/utils.py for tasks to queue
[2023-05-21T19:41:58.063+0530] {logging_mixin.py:149} INFO - [2023-05-21T19:41:58.062+0530] {dagbag.py:541} INFO - Filling up the DagBag from /run/media/feuer/LinuxDrive/ChromeDownloads/Assignment/airflow/dags/Lead_scoring_data_pipeline/utils.py
[2023-05-21T19:41:58.416+0530] {processor.py:811} WARNING - No viable dags retrieved from /run/media/feuer/LinuxDrive/ChromeDownloads/Assignment/airflow/dags/Lead_scoring_data_pipeline/utils.py
[2023-05-21T19:41:58.421+0530] {processor.py:178} INFO - Processing /run/media/feuer/LinuxDrive/ChromeDownloads/Assignment/airflow/dags/Lead_scoring_data_pipeline/utils.py took 0.365 seconds
[2023-05-21T19:42:40.569+0530] {processor.py:156} INFO - Started process (PID=24609) to work on /run/media/feuer/LinuxDrive/ChromeDownloads/Assignment/airflow/dags/Lead_scoring_data_pipeline/utils.py
[2023-05-21T19:42:40.569+0530] {processor.py:799} INFO - Processing file /run/media/feuer/LinuxDrive/ChromeDownloads/Assignment/airflow/dags/Lead_scoring_data_pipeline/utils.py for tasks to queue
[2023-05-21T19:42:40.570+0530] {logging_mixin.py:149} INFO - [2023-05-21T19:42:40.570+0530] {dagbag.py:541} INFO - Filling up the DagBag from /run/media/feuer/LinuxDrive/ChromeDownloads/Assignment/airflow/dags/Lead_scoring_data_pipeline/utils.py
[2023-05-21T19:42:40.914+0530] {processor.py:811} WARNING - No viable dags retrieved from /run/media/feuer/LinuxDrive/ChromeDownloads/Assignment/airflow/dags/Lead_scoring_data_pipeline/utils.py
[2023-05-21T19:42:40.918+0530] {processor.py:178} INFO - Processing /run/media/feuer/LinuxDrive/ChromeDownloads/Assignment/airflow/dags/Lead_scoring_data_pipeline/utils.py took 0.351 seconds
[2023-05-21T19:43:33.960+0530] {processor.py:156} INFO - Started process (PID=24755) to work on /run/media/feuer/LinuxDrive/ChromeDownloads/Assignment/airflow/dags/Lead_scoring_data_pipeline/utils.py
[2023-05-21T19:43:33.961+0530] {processor.py:799} INFO - Processing file /run/media/feuer/LinuxDrive/ChromeDownloads/Assignment/airflow/dags/Lead_scoring_data_pipeline/utils.py for tasks to queue
[2023-05-21T19:43:33.961+0530] {logging_mixin.py:149} INFO - [2023-05-21T19:43:33.961+0530] {dagbag.py:541} INFO - Filling up the DagBag from /run/media/feuer/LinuxDrive/ChromeDownloads/Assignment/airflow/dags/Lead_scoring_data_pipeline/utils.py
[2023-05-21T19:43:34.313+0530] {processor.py:811} WARNING - No viable dags retrieved from /run/media/feuer/LinuxDrive/ChromeDownloads/Assignment/airflow/dags/Lead_scoring_data_pipeline/utils.py
[2023-05-21T19:43:34.317+0530] {processor.py:178} INFO - Processing /run/media/feuer/LinuxDrive/ChromeDownloads/Assignment/airflow/dags/Lead_scoring_data_pipeline/utils.py took 0.360 seconds
[2023-05-21T19:44:27.266+0530] {processor.py:156} INFO - Started process (PID=24896) to work on /run/media/feuer/LinuxDrive/ChromeDownloads/Assignment/airflow/dags/Lead_scoring_data_pipeline/utils.py
[2023-05-21T19:44:27.278+0530] {processor.py:799} INFO - Processing file /run/media/feuer/LinuxDrive/ChromeDownloads/Assignment/airflow/dags/Lead_scoring_data_pipeline/utils.py for tasks to queue
[2023-05-21T19:44:27.278+0530] {logging_mixin.py:149} INFO - [2023-05-21T19:44:27.278+0530] {dagbag.py:541} INFO - Filling up the DagBag from /run/media/feuer/LinuxDrive/ChromeDownloads/Assignment/airflow/dags/Lead_scoring_data_pipeline/utils.py
[2023-05-21T19:44:27.623+0530] {processor.py:811} WARNING - No viable dags retrieved from /run/media/feuer/LinuxDrive/ChromeDownloads/Assignment/airflow/dags/Lead_scoring_data_pipeline/utils.py
[2023-05-21T19:44:27.627+0530] {processor.py:178} INFO - Processing /run/media/feuer/LinuxDrive/ChromeDownloads/Assignment/airflow/dags/Lead_scoring_data_pipeline/utils.py took 0.364 seconds
[2023-05-21T19:45:21.102+0530] {processor.py:156} INFO - Started process (PID=25032) to work on /run/media/feuer/LinuxDrive/ChromeDownloads/Assignment/airflow/dags/Lead_scoring_data_pipeline/utils.py
[2023-05-21T19:45:21.117+0530] {processor.py:799} INFO - Processing file /run/media/feuer/LinuxDrive/ChromeDownloads/Assignment/airflow/dags/Lead_scoring_data_pipeline/utils.py for tasks to queue
[2023-05-21T19:45:21.117+0530] {logging_mixin.py:149} INFO - [2023-05-21T19:45:21.117+0530] {dagbag.py:541} INFO - Filling up the DagBag from /run/media/feuer/LinuxDrive/ChromeDownloads/Assignment/airflow/dags/Lead_scoring_data_pipeline/utils.py
[2023-05-21T19:45:21.451+0530] {processor.py:811} WARNING - No viable dags retrieved from /run/media/feuer/LinuxDrive/ChromeDownloads/Assignment/airflow/dags/Lead_scoring_data_pipeline/utils.py
[2023-05-21T19:45:21.455+0530] {processor.py:178} INFO - Processing /run/media/feuer/LinuxDrive/ChromeDownloads/Assignment/airflow/dags/Lead_scoring_data_pipeline/utils.py took 0.355 seconds
[2023-05-21T19:46:16.657+0530] {processor.py:156} INFO - Started process (PID=25148) to work on /run/media/feuer/LinuxDrive/ChromeDownloads/Assignment/airflow/dags/Lead_scoring_data_pipeline/utils.py
[2023-05-21T19:46:16.672+0530] {processor.py:799} INFO - Processing file /run/media/feuer/LinuxDrive/ChromeDownloads/Assignment/airflow/dags/Lead_scoring_data_pipeline/utils.py for tasks to queue
[2023-05-21T19:46:16.673+0530] {logging_mixin.py:149} INFO - [2023-05-21T19:46:16.672+0530] {dagbag.py:541} INFO - Filling up the DagBag from /run/media/feuer/LinuxDrive/ChromeDownloads/Assignment/airflow/dags/Lead_scoring_data_pipeline/utils.py
[2023-05-21T19:46:17.023+0530] {processor.py:811} WARNING - No viable dags retrieved from /run/media/feuer/LinuxDrive/ChromeDownloads/Assignment/airflow/dags/Lead_scoring_data_pipeline/utils.py
[2023-05-21T19:46:17.028+0530] {processor.py:178} INFO - Processing /run/media/feuer/LinuxDrive/ChromeDownloads/Assignment/airflow/dags/Lead_scoring_data_pipeline/utils.py took 0.374 seconds
[2023-05-21T19:47:08.279+0530] {processor.py:156} INFO - Started process (PID=25258) to work on /run/media/feuer/LinuxDrive/ChromeDownloads/Assignment/airflow/dags/Lead_scoring_data_pipeline/utils.py
[2023-05-21T19:47:08.293+0530] {processor.py:799} INFO - Processing file /run/media/feuer/LinuxDrive/ChromeDownloads/Assignment/airflow/dags/Lead_scoring_data_pipeline/utils.py for tasks to queue
[2023-05-21T19:47:08.293+0530] {logging_mixin.py:149} INFO - [2023-05-21T19:47:08.293+0530] {dagbag.py:541} INFO - Filling up the DagBag from /run/media/feuer/LinuxDrive/ChromeDownloads/Assignment/airflow/dags/Lead_scoring_data_pipeline/utils.py
[2023-05-21T19:47:08.641+0530] {processor.py:811} WARNING - No viable dags retrieved from /run/media/feuer/LinuxDrive/ChromeDownloads/Assignment/airflow/dags/Lead_scoring_data_pipeline/utils.py
[2023-05-21T19:47:08.645+0530] {processor.py:178} INFO - Processing /run/media/feuer/LinuxDrive/ChromeDownloads/Assignment/airflow/dags/Lead_scoring_data_pipeline/utils.py took 0.368 seconds
[2023-05-21T19:48:01.574+0530] {processor.py:156} INFO - Started process (PID=25374) to work on /run/media/feuer/LinuxDrive/ChromeDownloads/Assignment/airflow/dags/Lead_scoring_data_pipeline/utils.py
[2023-05-21T19:48:01.590+0530] {processor.py:799} INFO - Processing file /run/media/feuer/LinuxDrive/ChromeDownloads/Assignment/airflow/dags/Lead_scoring_data_pipeline/utils.py for tasks to queue
[2023-05-21T19:48:01.590+0530] {logging_mixin.py:149} INFO - [2023-05-21T19:48:01.590+0530] {dagbag.py:541} INFO - Filling up the DagBag from /run/media/feuer/LinuxDrive/ChromeDownloads/Assignment/airflow/dags/Lead_scoring_data_pipeline/utils.py
[2023-05-21T19:48:01.927+0530] {processor.py:811} WARNING - No viable dags retrieved from /run/media/feuer/LinuxDrive/ChromeDownloads/Assignment/airflow/dags/Lead_scoring_data_pipeline/utils.py
[2023-05-21T19:48:01.931+0530] {processor.py:178} INFO - Processing /run/media/feuer/LinuxDrive/ChromeDownloads/Assignment/airflow/dags/Lead_scoring_data_pipeline/utils.py took 0.360 seconds
[2023-05-21T19:48:55.031+0530] {processor.py:156} INFO - Started process (PID=25484) to work on /run/media/feuer/LinuxDrive/ChromeDownloads/Assignment/airflow/dags/Lead_scoring_data_pipeline/utils.py
[2023-05-21T19:48:55.045+0530] {processor.py:799} INFO - Processing file /run/media/feuer/LinuxDrive/ChromeDownloads/Assignment/airflow/dags/Lead_scoring_data_pipeline/utils.py for tasks to queue
[2023-05-21T19:48:55.046+0530] {logging_mixin.py:149} INFO - [2023-05-21T19:48:55.046+0530] {dagbag.py:541} INFO - Filling up the DagBag from /run/media/feuer/LinuxDrive/ChromeDownloads/Assignment/airflow/dags/Lead_scoring_data_pipeline/utils.py
[2023-05-21T19:48:55.382+0530] {processor.py:811} WARNING - No viable dags retrieved from /run/media/feuer/LinuxDrive/ChromeDownloads/Assignment/airflow/dags/Lead_scoring_data_pipeline/utils.py
[2023-05-21T19:48:55.386+0530] {processor.py:178} INFO - Processing /run/media/feuer/LinuxDrive/ChromeDownloads/Assignment/airflow/dags/Lead_scoring_data_pipeline/utils.py took 0.356 seconds
[2023-05-21T19:49:46.724+0530] {processor.py:156} INFO - Started process (PID=25601) to work on /run/media/feuer/LinuxDrive/ChromeDownloads/Assignment/airflow/dags/Lead_scoring_data_pipeline/utils.py
[2023-05-21T19:49:46.734+0530] {processor.py:799} INFO - Processing file /run/media/feuer/LinuxDrive/ChromeDownloads/Assignment/airflow/dags/Lead_scoring_data_pipeline/utils.py for tasks to queue
[2023-05-21T19:49:46.735+0530] {logging_mixin.py:149} INFO - [2023-05-21T19:49:46.735+0530] {dagbag.py:541} INFO - Filling up the DagBag from /run/media/feuer/LinuxDrive/ChromeDownloads/Assignment/airflow/dags/Lead_scoring_data_pipeline/utils.py
[2023-05-21T19:49:47.075+0530] {processor.py:811} WARNING - No viable dags retrieved from /run/media/feuer/LinuxDrive/ChromeDownloads/Assignment/airflow/dags/Lead_scoring_data_pipeline/utils.py
[2023-05-21T19:49:47.079+0530] {processor.py:178} INFO - Processing /run/media/feuer/LinuxDrive/ChromeDownloads/Assignment/airflow/dags/Lead_scoring_data_pipeline/utils.py took 0.357 seconds
[2023-05-21T19:50:39.911+0530] {processor.py:156} INFO - Started process (PID=25780) to work on /run/media/feuer/LinuxDrive/ChromeDownloads/Assignment/airflow/dags/Lead_scoring_data_pipeline/utils.py
[2023-05-21T19:50:39.926+0530] {processor.py:799} INFO - Processing file /run/media/feuer/LinuxDrive/ChromeDownloads/Assignment/airflow/dags/Lead_scoring_data_pipeline/utils.py for tasks to queue
[2023-05-21T19:50:39.926+0530] {logging_mixin.py:149} INFO - [2023-05-21T19:50:39.926+0530] {dagbag.py:541} INFO - Filling up the DagBag from /run/media/feuer/LinuxDrive/ChromeDownloads/Assignment/airflow/dags/Lead_scoring_data_pipeline/utils.py
[2023-05-21T19:50:40.263+0530] {processor.py:811} WARNING - No viable dags retrieved from /run/media/feuer/LinuxDrive/ChromeDownloads/Assignment/airflow/dags/Lead_scoring_data_pipeline/utils.py
[2023-05-21T19:50:40.267+0530] {processor.py:178} INFO - Processing /run/media/feuer/LinuxDrive/ChromeDownloads/Assignment/airflow/dags/Lead_scoring_data_pipeline/utils.py took 0.358 seconds
[2023-05-21T19:51:31.876+0530] {processor.py:156} INFO - Started process (PID=25887) to work on /run/media/feuer/LinuxDrive/ChromeDownloads/Assignment/airflow/dags/Lead_scoring_data_pipeline/utils.py
[2023-05-21T19:51:31.890+0530] {processor.py:799} INFO - Processing file /run/media/feuer/LinuxDrive/ChromeDownloads/Assignment/airflow/dags/Lead_scoring_data_pipeline/utils.py for tasks to queue
[2023-05-21T19:51:31.890+0530] {logging_mixin.py:149} INFO - [2023-05-21T19:51:31.890+0530] {dagbag.py:541} INFO - Filling up the DagBag from /run/media/feuer/LinuxDrive/ChromeDownloads/Assignment/airflow/dags/Lead_scoring_data_pipeline/utils.py
[2023-05-21T19:51:32.226+0530] {processor.py:811} WARNING - No viable dags retrieved from /run/media/feuer/LinuxDrive/ChromeDownloads/Assignment/airflow/dags/Lead_scoring_data_pipeline/utils.py
[2023-05-21T19:51:32.230+0530] {processor.py:178} INFO - Processing /run/media/feuer/LinuxDrive/ChromeDownloads/Assignment/airflow/dags/Lead_scoring_data_pipeline/utils.py took 0.357 seconds
[2023-05-21T19:52:22.188+0530] {processor.py:156} INFO - Started process (PID=26003) to work on /run/media/feuer/LinuxDrive/ChromeDownloads/Assignment/airflow/dags/Lead_scoring_data_pipeline/utils.py
[2023-05-21T19:52:22.189+0530] {processor.py:799} INFO - Processing file /run/media/feuer/LinuxDrive/ChromeDownloads/Assignment/airflow/dags/Lead_scoring_data_pipeline/utils.py for tasks to queue
[2023-05-21T19:52:22.189+0530] {logging_mixin.py:149} INFO - [2023-05-21T19:52:22.189+0530] {dagbag.py:541} INFO - Filling up the DagBag from /run/media/feuer/LinuxDrive/ChromeDownloads/Assignment/airflow/dags/Lead_scoring_data_pipeline/utils.py
[2023-05-21T19:52:22.524+0530] {processor.py:811} WARNING - No viable dags retrieved from /run/media/feuer/LinuxDrive/ChromeDownloads/Assignment/airflow/dags/Lead_scoring_data_pipeline/utils.py
[2023-05-21T19:52:22.528+0530] {processor.py:178} INFO - Processing /run/media/feuer/LinuxDrive/ChromeDownloads/Assignment/airflow/dags/Lead_scoring_data_pipeline/utils.py took 0.344 seconds
[2023-05-21T19:53:10.170+0530] {processor.py:156} INFO - Started process (PID=26106) to work on /run/media/feuer/LinuxDrive/ChromeDownloads/Assignment/airflow/dags/Lead_scoring_data_pipeline/utils.py
[2023-05-21T19:53:10.185+0530] {processor.py:799} INFO - Processing file /run/media/feuer/LinuxDrive/ChromeDownloads/Assignment/airflow/dags/Lead_scoring_data_pipeline/utils.py for tasks to queue
[2023-05-21T19:53:10.185+0530] {logging_mixin.py:149} INFO - [2023-05-21T19:53:10.185+0530] {dagbag.py:541} INFO - Filling up the DagBag from /run/media/feuer/LinuxDrive/ChromeDownloads/Assignment/airflow/dags/Lead_scoring_data_pipeline/utils.py
[2023-05-21T19:53:10.515+0530] {processor.py:811} WARNING - No viable dags retrieved from /run/media/feuer/LinuxDrive/ChromeDownloads/Assignment/airflow/dags/Lead_scoring_data_pipeline/utils.py
[2023-05-21T19:53:10.519+0530] {processor.py:178} INFO - Processing /run/media/feuer/LinuxDrive/ChromeDownloads/Assignment/airflow/dags/Lead_scoring_data_pipeline/utils.py took 0.352 seconds
[2023-05-21T19:54:01.270+0530] {processor.py:156} INFO - Started process (PID=26270) to work on /run/media/feuer/LinuxDrive/ChromeDownloads/Assignment/airflow/dags/Lead_scoring_data_pipeline/utils.py
[2023-05-21T19:54:01.281+0530] {processor.py:799} INFO - Processing file /run/media/feuer/LinuxDrive/ChromeDownloads/Assignment/airflow/dags/Lead_scoring_data_pipeline/utils.py for tasks to queue
[2023-05-21T19:54:01.282+0530] {logging_mixin.py:149} INFO - [2023-05-21T19:54:01.282+0530] {dagbag.py:541} INFO - Filling up the DagBag from /run/media/feuer/LinuxDrive/ChromeDownloads/Assignment/airflow/dags/Lead_scoring_data_pipeline/utils.py
[2023-05-21T19:54:01.642+0530] {processor.py:811} WARNING - No viable dags retrieved from /run/media/feuer/LinuxDrive/ChromeDownloads/Assignment/airflow/dags/Lead_scoring_data_pipeline/utils.py
[2023-05-21T19:54:01.646+0530] {processor.py:178} INFO - Processing /run/media/feuer/LinuxDrive/ChromeDownloads/Assignment/airflow/dags/Lead_scoring_data_pipeline/utils.py took 0.379 seconds
[2023-05-21T19:54:52.969+0530] {processor.py:156} INFO - Started process (PID=26388) to work on /run/media/feuer/LinuxDrive/ChromeDownloads/Assignment/airflow/dags/Lead_scoring_data_pipeline/utils.py
[2023-05-21T19:54:52.979+0530] {processor.py:799} INFO - Processing file /run/media/feuer/LinuxDrive/ChromeDownloads/Assignment/airflow/dags/Lead_scoring_data_pipeline/utils.py for tasks to queue
[2023-05-21T19:54:52.979+0530] {logging_mixin.py:149} INFO - [2023-05-21T19:54:52.979+0530] {dagbag.py:541} INFO - Filling up the DagBag from /run/media/feuer/LinuxDrive/ChromeDownloads/Assignment/airflow/dags/Lead_scoring_data_pipeline/utils.py
[2023-05-21T19:54:53.324+0530] {processor.py:811} WARNING - No viable dags retrieved from /run/media/feuer/LinuxDrive/ChromeDownloads/Assignment/airflow/dags/Lead_scoring_data_pipeline/utils.py
[2023-05-21T19:54:53.328+0530] {processor.py:178} INFO - Processing /run/media/feuer/LinuxDrive/ChromeDownloads/Assignment/airflow/dags/Lead_scoring_data_pipeline/utils.py took 0.362 seconds
[2023-05-21T19:55:46.549+0530] {processor.py:156} INFO - Started process (PID=26522) to work on /run/media/feuer/LinuxDrive/ChromeDownloads/Assignment/airflow/dags/Lead_scoring_data_pipeline/utils.py
[2023-05-21T19:55:46.559+0530] {processor.py:799} INFO - Processing file /run/media/feuer/LinuxDrive/ChromeDownloads/Assignment/airflow/dags/Lead_scoring_data_pipeline/utils.py for tasks to queue
[2023-05-21T19:55:46.560+0530] {logging_mixin.py:149} INFO - [2023-05-21T19:55:46.560+0530] {dagbag.py:541} INFO - Filling up the DagBag from /run/media/feuer/LinuxDrive/ChromeDownloads/Assignment/airflow/dags/Lead_scoring_data_pipeline/utils.py
[2023-05-21T19:55:47.265+0530] {processor.py:811} WARNING - No viable dags retrieved from /run/media/feuer/LinuxDrive/ChromeDownloads/Assignment/airflow/dags/Lead_scoring_data_pipeline/utils.py
[2023-05-21T19:55:47.269+0530] {processor.py:178} INFO - Processing /run/media/feuer/LinuxDrive/ChromeDownloads/Assignment/airflow/dags/Lead_scoring_data_pipeline/utils.py took 0.722 seconds
[2023-05-21T19:56:43.891+0530] {processor.py:156} INFO - Started process (PID=26705) to work on /run/media/feuer/LinuxDrive/ChromeDownloads/Assignment/airflow/dags/Lead_scoring_data_pipeline/utils.py
[2023-05-21T19:56:43.892+0530] {processor.py:799} INFO - Processing file /run/media/feuer/LinuxDrive/ChromeDownloads/Assignment/airflow/dags/Lead_scoring_data_pipeline/utils.py for tasks to queue
[2023-05-21T19:56:43.892+0530] {logging_mixin.py:149} INFO - [2023-05-21T19:56:43.892+0530] {dagbag.py:541} INFO - Filling up the DagBag from /run/media/feuer/LinuxDrive/ChromeDownloads/Assignment/airflow/dags/Lead_scoring_data_pipeline/utils.py
[2023-05-21T19:56:44.227+0530] {processor.py:811} WARNING - No viable dags retrieved from /run/media/feuer/LinuxDrive/ChromeDownloads/Assignment/airflow/dags/Lead_scoring_data_pipeline/utils.py
[2023-05-21T19:56:44.231+0530] {processor.py:178} INFO - Processing /run/media/feuer/LinuxDrive/ChromeDownloads/Assignment/airflow/dags/Lead_scoring_data_pipeline/utils.py took 0.343 seconds
[2023-05-21T19:57:35.579+0530] {processor.py:156} INFO - Started process (PID=26827) to work on /run/media/feuer/LinuxDrive/ChromeDownloads/Assignment/airflow/dags/Lead_scoring_data_pipeline/utils.py
[2023-05-21T19:57:35.596+0530] {processor.py:799} INFO - Processing file /run/media/feuer/LinuxDrive/ChromeDownloads/Assignment/airflow/dags/Lead_scoring_data_pipeline/utils.py for tasks to queue
[2023-05-21T19:57:35.596+0530] {logging_mixin.py:149} INFO - [2023-05-21T19:57:35.596+0530] {dagbag.py:541} INFO - Filling up the DagBag from /run/media/feuer/LinuxDrive/ChromeDownloads/Assignment/airflow/dags/Lead_scoring_data_pipeline/utils.py
[2023-05-21T19:57:35.948+0530] {processor.py:811} WARNING - No viable dags retrieved from /run/media/feuer/LinuxDrive/ChromeDownloads/Assignment/airflow/dags/Lead_scoring_data_pipeline/utils.py
[2023-05-21T19:57:35.952+0530] {processor.py:178} INFO - Processing /run/media/feuer/LinuxDrive/ChromeDownloads/Assignment/airflow/dags/Lead_scoring_data_pipeline/utils.py took 0.376 seconds
[2023-05-21T19:58:25.291+0530] {processor.py:156} INFO - Started process (PID=26957) to work on /run/media/feuer/LinuxDrive/ChromeDownloads/Assignment/airflow/dags/Lead_scoring_data_pipeline/utils.py
[2023-05-21T19:58:25.301+0530] {processor.py:799} INFO - Processing file /run/media/feuer/LinuxDrive/ChromeDownloads/Assignment/airflow/dags/Lead_scoring_data_pipeline/utils.py for tasks to queue
[2023-05-21T19:58:25.302+0530] {logging_mixin.py:149} INFO - [2023-05-21T19:58:25.302+0530] {dagbag.py:541} INFO - Filling up the DagBag from /run/media/feuer/LinuxDrive/ChromeDownloads/Assignment/airflow/dags/Lead_scoring_data_pipeline/utils.py
[2023-05-21T19:58:25.851+0530] {processor.py:811} WARNING - No viable dags retrieved from /run/media/feuer/LinuxDrive/ChromeDownloads/Assignment/airflow/dags/Lead_scoring_data_pipeline/utils.py
[2023-05-21T19:58:25.855+0530] {processor.py:178} INFO - Processing /run/media/feuer/LinuxDrive/ChromeDownloads/Assignment/airflow/dags/Lead_scoring_data_pipeline/utils.py took 0.567 seconds
[2023-05-21T19:59:24.267+0530] {processor.py:156} INFO - Started process (PID=27126) to work on /run/media/feuer/LinuxDrive/ChromeDownloads/Assignment/airflow/dags/Lead_scoring_data_pipeline/utils.py
[2023-05-21T19:59:24.273+0530] {processor.py:799} INFO - Processing file /run/media/feuer/LinuxDrive/ChromeDownloads/Assignment/airflow/dags/Lead_scoring_data_pipeline/utils.py for tasks to queue
[2023-05-21T19:59:24.274+0530] {logging_mixin.py:149} INFO - [2023-05-21T19:59:24.274+0530] {dagbag.py:541} INFO - Filling up the DagBag from /run/media/feuer/LinuxDrive/ChromeDownloads/Assignment/airflow/dags/Lead_scoring_data_pipeline/utils.py
[2023-05-21T19:59:24.995+0530] {processor.py:811} WARNING - No viable dags retrieved from /run/media/feuer/LinuxDrive/ChromeDownloads/Assignment/airflow/dags/Lead_scoring_data_pipeline/utils.py
[2023-05-21T19:59:24.999+0530] {processor.py:178} INFO - Processing /run/media/feuer/LinuxDrive/ChromeDownloads/Assignment/airflow/dags/Lead_scoring_data_pipeline/utils.py took 0.735 seconds
[2023-05-21T20:00:25.657+0530] {processor.py:156} INFO - Started process (PID=27273) to work on /run/media/feuer/LinuxDrive/ChromeDownloads/Assignment/airflow/dags/Lead_scoring_data_pipeline/utils.py
[2023-05-21T20:00:25.662+0530] {processor.py:799} INFO - Processing file /run/media/feuer/LinuxDrive/ChromeDownloads/Assignment/airflow/dags/Lead_scoring_data_pipeline/utils.py for tasks to queue
[2023-05-21T20:00:25.662+0530] {logging_mixin.py:149} INFO - [2023-05-21T20:00:25.662+0530] {dagbag.py:541} INFO - Filling up the DagBag from /run/media/feuer/LinuxDrive/ChromeDownloads/Assignment/airflow/dags/Lead_scoring_data_pipeline/utils.py
[2023-05-21T20:00:26.617+0530] {processor.py:811} WARNING - No viable dags retrieved from /run/media/feuer/LinuxDrive/ChromeDownloads/Assignment/airflow/dags/Lead_scoring_data_pipeline/utils.py
[2023-05-21T20:00:26.622+0530] {processor.py:178} INFO - Processing /run/media/feuer/LinuxDrive/ChromeDownloads/Assignment/airflow/dags/Lead_scoring_data_pipeline/utils.py took 0.969 seconds
[2023-05-21T20:01:32.873+0530] {processor.py:156} INFO - Started process (PID=27577) to work on /run/media/feuer/LinuxDrive/ChromeDownloads/Assignment/airflow/dags/Lead_scoring_data_pipeline/utils.py
[2023-05-21T20:01:32.883+0530] {processor.py:799} INFO - Processing file /run/media/feuer/LinuxDrive/ChromeDownloads/Assignment/airflow/dags/Lead_scoring_data_pipeline/utils.py for tasks to queue
[2023-05-21T20:01:32.884+0530] {logging_mixin.py:149} INFO - [2023-05-21T20:01:32.884+0530] {dagbag.py:541} INFO - Filling up the DagBag from /run/media/feuer/LinuxDrive/ChromeDownloads/Assignment/airflow/dags/Lead_scoring_data_pipeline/utils.py
[2023-05-21T20:01:33.788+0530] {processor.py:811} WARNING - No viable dags retrieved from /run/media/feuer/LinuxDrive/ChromeDownloads/Assignment/airflow/dags/Lead_scoring_data_pipeline/utils.py
[2023-05-21T20:01:33.793+0530] {processor.py:178} INFO - Processing /run/media/feuer/LinuxDrive/ChromeDownloads/Assignment/airflow/dags/Lead_scoring_data_pipeline/utils.py took 0.924 seconds
[2023-05-21T20:02:39.032+0530] {processor.py:156} INFO - Started process (PID=27805) to work on /run/media/feuer/LinuxDrive/ChromeDownloads/Assignment/airflow/dags/Lead_scoring_data_pipeline/utils.py
[2023-05-21T20:02:39.033+0530] {processor.py:799} INFO - Processing file /run/media/feuer/LinuxDrive/ChromeDownloads/Assignment/airflow/dags/Lead_scoring_data_pipeline/utils.py for tasks to queue
[2023-05-21T20:02:39.034+0530] {logging_mixin.py:149} INFO - [2023-05-21T20:02:39.034+0530] {dagbag.py:541} INFO - Filling up the DagBag from /run/media/feuer/LinuxDrive/ChromeDownloads/Assignment/airflow/dags/Lead_scoring_data_pipeline/utils.py
[2023-05-21T20:02:39.959+0530] {processor.py:811} WARNING - No viable dags retrieved from /run/media/feuer/LinuxDrive/ChromeDownloads/Assignment/airflow/dags/Lead_scoring_data_pipeline/utils.py
[2023-05-21T20:02:39.979+0530] {processor.py:178} INFO - Processing /run/media/feuer/LinuxDrive/ChromeDownloads/Assignment/airflow/dags/Lead_scoring_data_pipeline/utils.py took 0.950 seconds
[2023-05-21T20:03:41.134+0530] {processor.py:156} INFO - Started process (PID=27990) to work on /run/media/feuer/LinuxDrive/ChromeDownloads/Assignment/airflow/dags/Lead_scoring_data_pipeline/utils.py
[2023-05-21T20:03:41.135+0530] {processor.py:799} INFO - Processing file /run/media/feuer/LinuxDrive/ChromeDownloads/Assignment/airflow/dags/Lead_scoring_data_pipeline/utils.py for tasks to queue
[2023-05-21T20:03:41.136+0530] {logging_mixin.py:149} INFO - [2023-05-21T20:03:41.136+0530] {dagbag.py:541} INFO - Filling up the DagBag from /run/media/feuer/LinuxDrive/ChromeDownloads/Assignment/airflow/dags/Lead_scoring_data_pipeline/utils.py
[2023-05-21T20:03:41.918+0530] {processor.py:811} WARNING - No viable dags retrieved from /run/media/feuer/LinuxDrive/ChromeDownloads/Assignment/airflow/dags/Lead_scoring_data_pipeline/utils.py
[2023-05-21T20:03:41.923+0530] {processor.py:178} INFO - Processing /run/media/feuer/LinuxDrive/ChromeDownloads/Assignment/airflow/dags/Lead_scoring_data_pipeline/utils.py took 0.791 seconds
[2023-05-21T20:04:40.990+0530] {processor.py:156} INFO - Started process (PID=28212) to work on /run/media/feuer/LinuxDrive/ChromeDownloads/Assignment/airflow/dags/Lead_scoring_data_pipeline/utils.py
[2023-05-21T20:04:40.991+0530] {processor.py:799} INFO - Processing file /run/media/feuer/LinuxDrive/ChromeDownloads/Assignment/airflow/dags/Lead_scoring_data_pipeline/utils.py for tasks to queue
[2023-05-21T20:04:40.991+0530] {logging_mixin.py:149} INFO - [2023-05-21T20:04:40.991+0530] {dagbag.py:541} INFO - Filling up the DagBag from /run/media/feuer/LinuxDrive/ChromeDownloads/Assignment/airflow/dags/Lead_scoring_data_pipeline/utils.py
[2023-05-21T20:04:41.828+0530] {processor.py:811} WARNING - No viable dags retrieved from /run/media/feuer/LinuxDrive/ChromeDownloads/Assignment/airflow/dags/Lead_scoring_data_pipeline/utils.py
[2023-05-21T20:04:41.849+0530] {processor.py:178} INFO - Processing /run/media/feuer/LinuxDrive/ChromeDownloads/Assignment/airflow/dags/Lead_scoring_data_pipeline/utils.py took 0.862 seconds
[2023-05-21T20:05:40.235+0530] {processor.py:156} INFO - Started process (PID=28431) to work on /run/media/feuer/LinuxDrive/ChromeDownloads/Assignment/airflow/dags/Lead_scoring_data_pipeline/utils.py
[2023-05-21T20:05:40.236+0530] {processor.py:799} INFO - Processing file /run/media/feuer/LinuxDrive/ChromeDownloads/Assignment/airflow/dags/Lead_scoring_data_pipeline/utils.py for tasks to queue
[2023-05-21T20:05:40.236+0530] {logging_mixin.py:149} INFO - [2023-05-21T20:05:40.236+0530] {dagbag.py:541} INFO - Filling up the DagBag from /run/media/feuer/LinuxDrive/ChromeDownloads/Assignment/airflow/dags/Lead_scoring_data_pipeline/utils.py
[2023-05-21T20:05:40.700+0530] {processor.py:811} WARNING - No viable dags retrieved from /run/media/feuer/LinuxDrive/ChromeDownloads/Assignment/airflow/dags/Lead_scoring_data_pipeline/utils.py
[2023-05-21T20:05:40.704+0530] {processor.py:178} INFO - Processing /run/media/feuer/LinuxDrive/ChromeDownloads/Assignment/airflow/dags/Lead_scoring_data_pipeline/utils.py took 0.472 seconds
[2023-05-21T20:06:36.059+0530] {processor.py:156} INFO - Started process (PID=28757) to work on /run/media/feuer/LinuxDrive/ChromeDownloads/Assignment/airflow/dags/Lead_scoring_data_pipeline/utils.py
[2023-05-21T20:06:36.076+0530] {processor.py:799} INFO - Processing file /run/media/feuer/LinuxDrive/ChromeDownloads/Assignment/airflow/dags/Lead_scoring_data_pipeline/utils.py for tasks to queue
[2023-05-21T20:06:36.077+0530] {logging_mixin.py:149} INFO - [2023-05-21T20:06:36.076+0530] {dagbag.py:541} INFO - Filling up the DagBag from /run/media/feuer/LinuxDrive/ChromeDownloads/Assignment/airflow/dags/Lead_scoring_data_pipeline/utils.py
[2023-05-21T20:06:36.784+0530] {processor.py:811} WARNING - No viable dags retrieved from /run/media/feuer/LinuxDrive/ChromeDownloads/Assignment/airflow/dags/Lead_scoring_data_pipeline/utils.py
[2023-05-21T20:06:36.801+0530] {processor.py:178} INFO - Processing /run/media/feuer/LinuxDrive/ChromeDownloads/Assignment/airflow/dags/Lead_scoring_data_pipeline/utils.py took 0.745 seconds
[2023-05-21T20:07:32.011+0530] {processor.py:156} INFO - Started process (PID=28922) to work on /run/media/feuer/LinuxDrive/ChromeDownloads/Assignment/airflow/dags/Lead_scoring_data_pipeline/utils.py
[2023-05-21T20:07:32.015+0530] {processor.py:799} INFO - Processing file /run/media/feuer/LinuxDrive/ChromeDownloads/Assignment/airflow/dags/Lead_scoring_data_pipeline/utils.py for tasks to queue
[2023-05-21T20:07:32.016+0530] {logging_mixin.py:149} INFO - [2023-05-21T20:07:32.015+0530] {dagbag.py:541} INFO - Filling up the DagBag from /run/media/feuer/LinuxDrive/ChromeDownloads/Assignment/airflow/dags/Lead_scoring_data_pipeline/utils.py
[2023-05-21T20:07:32.367+0530] {processor.py:811} WARNING - No viable dags retrieved from /run/media/feuer/LinuxDrive/ChromeDownloads/Assignment/airflow/dags/Lead_scoring_data_pipeline/utils.py
[2023-05-21T20:07:32.371+0530] {processor.py:178} INFO - Processing /run/media/feuer/LinuxDrive/ChromeDownloads/Assignment/airflow/dags/Lead_scoring_data_pipeline/utils.py took 0.364 seconds
[2023-05-21T20:08:27.484+0530] {processor.py:156} INFO - Started process (PID=29074) to work on /run/media/feuer/LinuxDrive/ChromeDownloads/Assignment/airflow/dags/Lead_scoring_data_pipeline/utils.py
[2023-05-21T20:08:27.485+0530] {processor.py:799} INFO - Processing file /run/media/feuer/LinuxDrive/ChromeDownloads/Assignment/airflow/dags/Lead_scoring_data_pipeline/utils.py for tasks to queue
[2023-05-21T20:08:27.486+0530] {logging_mixin.py:149} INFO - [2023-05-21T20:08:27.486+0530] {dagbag.py:541} INFO - Filling up the DagBag from /run/media/feuer/LinuxDrive/ChromeDownloads/Assignment/airflow/dags/Lead_scoring_data_pipeline/utils.py
[2023-05-21T20:08:27.949+0530] {processor.py:811} WARNING - No viable dags retrieved from /run/media/feuer/LinuxDrive/ChromeDownloads/Assignment/airflow/dags/Lead_scoring_data_pipeline/utils.py
[2023-05-21T20:08:27.953+0530] {processor.py:178} INFO - Processing /run/media/feuer/LinuxDrive/ChromeDownloads/Assignment/airflow/dags/Lead_scoring_data_pipeline/utils.py took 0.472 seconds
[2023-05-21T20:09:25.972+0530] {processor.py:156} INFO - Started process (PID=29257) to work on /run/media/feuer/LinuxDrive/ChromeDownloads/Assignment/airflow/dags/Lead_scoring_data_pipeline/utils.py
[2023-05-21T20:09:26.002+0530] {processor.py:799} INFO - Processing file /run/media/feuer/LinuxDrive/ChromeDownloads/Assignment/airflow/dags/Lead_scoring_data_pipeline/utils.py for tasks to queue
[2023-05-21T20:09:26.003+0530] {logging_mixin.py:149} INFO - [2023-05-21T20:09:26.003+0530] {dagbag.py:541} INFO - Filling up the DagBag from /run/media/feuer/LinuxDrive/ChromeDownloads/Assignment/airflow/dags/Lead_scoring_data_pipeline/utils.py
[2023-05-21T20:09:26.482+0530] {processor.py:811} WARNING - No viable dags retrieved from /run/media/feuer/LinuxDrive/ChromeDownloads/Assignment/airflow/dags/Lead_scoring_data_pipeline/utils.py
[2023-05-21T20:09:26.488+0530] {processor.py:178} INFO - Processing /run/media/feuer/LinuxDrive/ChromeDownloads/Assignment/airflow/dags/Lead_scoring_data_pipeline/utils.py took 0.519 seconds
[2023-05-21T20:10:22.293+0530] {processor.py:156} INFO - Started process (PID=29424) to work on /run/media/feuer/LinuxDrive/ChromeDownloads/Assignment/airflow/dags/Lead_scoring_data_pipeline/utils.py
[2023-05-21T20:10:22.299+0530] {processor.py:799} INFO - Processing file /run/media/feuer/LinuxDrive/ChromeDownloads/Assignment/airflow/dags/Lead_scoring_data_pipeline/utils.py for tasks to queue
[2023-05-21T20:10:22.300+0530] {logging_mixin.py:149} INFO - [2023-05-21T20:10:22.299+0530] {dagbag.py:541} INFO - Filling up the DagBag from /run/media/feuer/LinuxDrive/ChromeDownloads/Assignment/airflow/dags/Lead_scoring_data_pipeline/utils.py
[2023-05-21T20:10:22.643+0530] {processor.py:811} WARNING - No viable dags retrieved from /run/media/feuer/LinuxDrive/ChromeDownloads/Assignment/airflow/dags/Lead_scoring_data_pipeline/utils.py
[2023-05-21T20:10:22.647+0530] {processor.py:178} INFO - Processing /run/media/feuer/LinuxDrive/ChromeDownloads/Assignment/airflow/dags/Lead_scoring_data_pipeline/utils.py took 0.357 seconds
[2023-05-21T20:11:17.241+0530] {processor.py:156} INFO - Started process (PID=29571) to work on /run/media/feuer/LinuxDrive/ChromeDownloads/Assignment/airflow/dags/Lead_scoring_data_pipeline/utils.py
[2023-05-21T20:11:17.246+0530] {processor.py:799} INFO - Processing file /run/media/feuer/LinuxDrive/ChromeDownloads/Assignment/airflow/dags/Lead_scoring_data_pipeline/utils.py for tasks to queue
[2023-05-21T20:11:17.247+0530] {logging_mixin.py:149} INFO - [2023-05-21T20:11:17.246+0530] {dagbag.py:541} INFO - Filling up the DagBag from /run/media/feuer/LinuxDrive/ChromeDownloads/Assignment/airflow/dags/Lead_scoring_data_pipeline/utils.py
[2023-05-21T20:11:17.932+0530] {processor.py:811} WARNING - No viable dags retrieved from /run/media/feuer/LinuxDrive/ChromeDownloads/Assignment/airflow/dags/Lead_scoring_data_pipeline/utils.py
[2023-05-21T20:11:17.936+0530] {processor.py:178} INFO - Processing /run/media/feuer/LinuxDrive/ChromeDownloads/Assignment/airflow/dags/Lead_scoring_data_pipeline/utils.py took 0.698 seconds
[2023-05-21T20:12:15.466+0530] {processor.py:156} INFO - Started process (PID=29751) to work on /run/media/feuer/LinuxDrive/ChromeDownloads/Assignment/airflow/dags/Lead_scoring_data_pipeline/utils.py
[2023-05-21T20:12:15.467+0530] {processor.py:799} INFO - Processing file /run/media/feuer/LinuxDrive/ChromeDownloads/Assignment/airflow/dags/Lead_scoring_data_pipeline/utils.py for tasks to queue
[2023-05-21T20:12:15.468+0530] {logging_mixin.py:149} INFO - [2023-05-21T20:12:15.467+0530] {dagbag.py:541} INFO - Filling up the DagBag from /run/media/feuer/LinuxDrive/ChromeDownloads/Assignment/airflow/dags/Lead_scoring_data_pipeline/utils.py
[2023-05-21T20:12:16.229+0530] {processor.py:811} WARNING - No viable dags retrieved from /run/media/feuer/LinuxDrive/ChromeDownloads/Assignment/airflow/dags/Lead_scoring_data_pipeline/utils.py
[2023-05-21T20:12:16.233+0530] {processor.py:178} INFO - Processing /run/media/feuer/LinuxDrive/ChromeDownloads/Assignment/airflow/dags/Lead_scoring_data_pipeline/utils.py took 0.771 seconds
[2023-05-21T16:57:47.110+0530] {processor.py:156} INFO - Started process (PID=55810) to work on /run/media/feuer/LinuxDrive/ChromeDownloads/Assignment/airflow/dags/Lead_scoring_data_pipeline/utils.py
[2023-05-21T16:57:47.199+0530] {processor.py:799} INFO - Processing file /run/media/feuer/LinuxDrive/ChromeDownloads/Assignment/airflow/dags/Lead_scoring_data_pipeline/utils.py for tasks to queue
[2023-05-21T16:57:47.200+0530] {logging_mixin.py:149} INFO - [2023-05-21T16:57:47.200+0530] {dagbag.py:541} INFO - Filling up the DagBag from /run/media/feuer/LinuxDrive/ChromeDownloads/Assignment/airflow/dags/Lead_scoring_data_pipeline/utils.py
[2023-05-21T16:57:47.703+0530] {processor.py:811} WARNING - No viable dags retrieved from /run/media/feuer/LinuxDrive/ChromeDownloads/Assignment/airflow/dags/Lead_scoring_data_pipeline/utils.py
[2023-05-21T16:57:47.707+0530] {processor.py:178} INFO - Processing /run/media/feuer/LinuxDrive/ChromeDownloads/Assignment/airflow/dags/Lead_scoring_data_pipeline/utils.py took 0.598 seconds
[2023-05-21T16:59:19.808+0530] {processor.py:156} INFO - Started process (PID=55974) to work on /run/media/feuer/LinuxDrive/ChromeDownloads/Assignment/airflow/dags/Lead_scoring_data_pipeline/utils.py
[2023-05-21T16:59:19.850+0530] {processor.py:799} INFO - Processing file /run/media/feuer/LinuxDrive/ChromeDownloads/Assignment/airflow/dags/Lead_scoring_data_pipeline/utils.py for tasks to queue
[2023-05-21T16:59:19.851+0530] {logging_mixin.py:149} INFO - [2023-05-21T16:59:19.851+0530] {dagbag.py:541} INFO - Filling up the DagBag from /run/media/feuer/LinuxDrive/ChromeDownloads/Assignment/airflow/dags/Lead_scoring_data_pipeline/utils.py
[2023-05-21T16:59:20.090+0530] {processor.py:811} WARNING - No viable dags retrieved from /run/media/feuer/LinuxDrive/ChromeDownloads/Assignment/airflow/dags/Lead_scoring_data_pipeline/utils.py
[2023-05-21T16:59:20.096+0530] {processor.py:178} INFO - Processing /run/media/feuer/LinuxDrive/ChromeDownloads/Assignment/airflow/dags/Lead_scoring_data_pipeline/utils.py took 0.290 seconds
[2023-05-21T17:00:00.070+0530] {processor.py:156} INFO - Started process (PID=56070) to work on /run/media/feuer/LinuxDrive/ChromeDownloads/Assignment/airflow/dags/Lead_scoring_data_pipeline/utils.py
[2023-05-21T17:00:00.388+0530] {processor.py:799} INFO - Processing file /run/media/feuer/LinuxDrive/ChromeDownloads/Assignment/airflow/dags/Lead_scoring_data_pipeline/utils.py for tasks to queue
[2023-05-21T17:00:00.389+0530] {logging_mixin.py:149} INFO - [2023-05-21T17:00:00.388+0530] {dagbag.py:541} INFO - Filling up the DagBag from /run/media/feuer/LinuxDrive/ChromeDownloads/Assignment/airflow/dags/Lead_scoring_data_pipeline/utils.py
[2023-05-21T17:00:00.646+0530] {processor.py:811} WARNING - No viable dags retrieved from /run/media/feuer/LinuxDrive/ChromeDownloads/Assignment/airflow/dags/Lead_scoring_data_pipeline/utils.py
[2023-05-21T17:00:00.652+0530] {processor.py:178} INFO - Processing /run/media/feuer/LinuxDrive/ChromeDownloads/Assignment/airflow/dags/Lead_scoring_data_pipeline/utils.py took 0.585 seconds
[2023-05-21T17:00:37.588+0530] {processor.py:156} INFO - Started process (PID=56188) to work on /run/media/feuer/LinuxDrive/ChromeDownloads/Assignment/airflow/dags/Lead_scoring_data_pipeline/utils.py
[2023-05-21T17:00:37.634+0530] {processor.py:799} INFO - Processing file /run/media/feuer/LinuxDrive/ChromeDownloads/Assignment/airflow/dags/Lead_scoring_data_pipeline/utils.py for tasks to queue
[2023-05-21T17:00:37.634+0530] {logging_mixin.py:149} INFO - [2023-05-21T17:00:37.634+0530] {dagbag.py:541} INFO - Filling up the DagBag from /run/media/feuer/LinuxDrive/ChromeDownloads/Assignment/airflow/dags/Lead_scoring_data_pipeline/utils.py
[2023-05-21T17:00:37.884+0530] {processor.py:811} WARNING - No viable dags retrieved from /run/media/feuer/LinuxDrive/ChromeDownloads/Assignment/airflow/dags/Lead_scoring_data_pipeline/utils.py
[2023-05-21T17:00:37.890+0530] {processor.py:178} INFO - Processing /run/media/feuer/LinuxDrive/ChromeDownloads/Assignment/airflow/dags/Lead_scoring_data_pipeline/utils.py took 0.305 seconds
[2023-05-21T17:01:20.726+0530] {processor.py:156} INFO - Started process (PID=56322) to work on /run/media/feuer/LinuxDrive/ChromeDownloads/Assignment/airflow/dags/Lead_scoring_data_pipeline/utils.py
[2023-05-21T17:01:20.819+0530] {processor.py:799} INFO - Processing file /run/media/feuer/LinuxDrive/ChromeDownloads/Assignment/airflow/dags/Lead_scoring_data_pipeline/utils.py for tasks to queue
[2023-05-21T17:01:20.820+0530] {logging_mixin.py:149} INFO - [2023-05-21T17:01:20.819+0530] {dagbag.py:541} INFO - Filling up the DagBag from /run/media/feuer/LinuxDrive/ChromeDownloads/Assignment/airflow/dags/Lead_scoring_data_pipeline/utils.py
[2023-05-21T17:01:21.075+0530] {processor.py:811} WARNING - No viable dags retrieved from /run/media/feuer/LinuxDrive/ChromeDownloads/Assignment/airflow/dags/Lead_scoring_data_pipeline/utils.py
[2023-05-21T17:01:21.080+0530] {processor.py:178} INFO - Processing /run/media/feuer/LinuxDrive/ChromeDownloads/Assignment/airflow/dags/Lead_scoring_data_pipeline/utils.py took 0.357 seconds
[2023-05-21T17:02:08.723+0530] {processor.py:156} INFO - Started process (PID=56463) to work on /run/media/feuer/LinuxDrive/ChromeDownloads/Assignment/airflow/dags/Lead_scoring_data_pipeline/utils.py
[2023-05-21T17:02:08.881+0530] {processor.py:799} INFO - Processing file /run/media/feuer/LinuxDrive/ChromeDownloads/Assignment/airflow/dags/Lead_scoring_data_pipeline/utils.py for tasks to queue
[2023-05-21T17:02:08.881+0530] {logging_mixin.py:149} INFO - [2023-05-21T17:02:08.881+0530] {dagbag.py:541} INFO - Filling up the DagBag from /run/media/feuer/LinuxDrive/ChromeDownloads/Assignment/airflow/dags/Lead_scoring_data_pipeline/utils.py
[2023-05-21T17:02:09.136+0530] {processor.py:811} WARNING - No viable dags retrieved from /run/media/feuer/LinuxDrive/ChromeDownloads/Assignment/airflow/dags/Lead_scoring_data_pipeline/utils.py
[2023-05-21T17:02:09.142+0530] {processor.py:178} INFO - Processing /run/media/feuer/LinuxDrive/ChromeDownloads/Assignment/airflow/dags/Lead_scoring_data_pipeline/utils.py took 0.421 seconds
[2023-05-21T17:02:48.032+0530] {processor.py:156} INFO - Started process (PID=56602) to work on /run/media/feuer/LinuxDrive/ChromeDownloads/Assignment/airflow/dags/Lead_scoring_data_pipeline/utils.py
[2023-05-21T17:02:48.044+0530] {processor.py:799} INFO - Processing file /run/media/feuer/LinuxDrive/ChromeDownloads/Assignment/airflow/dags/Lead_scoring_data_pipeline/utils.py for tasks to queue
[2023-05-21T17:02:48.044+0530] {logging_mixin.py:149} INFO - [2023-05-21T17:02:48.044+0530] {dagbag.py:541} INFO - Filling up the DagBag from /run/media/feuer/LinuxDrive/ChromeDownloads/Assignment/airflow/dags/Lead_scoring_data_pipeline/utils.py
[2023-05-21T17:02:48.300+0530] {processor.py:811} WARNING - No viable dags retrieved from /run/media/feuer/LinuxDrive/ChromeDownloads/Assignment/airflow/dags/Lead_scoring_data_pipeline/utils.py
[2023-05-21T17:02:48.305+0530] {processor.py:178} INFO - Processing /run/media/feuer/LinuxDrive/ChromeDownloads/Assignment/airflow/dags/Lead_scoring_data_pipeline/utils.py took 0.276 seconds
[2023-05-21T17:03:40.630+0530] {processor.py:156} INFO - Started process (PID=56713) to work on /run/media/feuer/LinuxDrive/ChromeDownloads/Assignment/airflow/dags/Lead_scoring_data_pipeline/utils.py
[2023-05-21T17:03:40.639+0530] {processor.py:799} INFO - Processing file /run/media/feuer/LinuxDrive/ChromeDownloads/Assignment/airflow/dags/Lead_scoring_data_pipeline/utils.py for tasks to queue
[2023-05-21T17:03:40.639+0530] {logging_mixin.py:149} INFO - [2023-05-21T17:03:40.639+0530] {dagbag.py:541} INFO - Filling up the DagBag from /run/media/feuer/LinuxDrive/ChromeDownloads/Assignment/airflow/dags/Lead_scoring_data_pipeline/utils.py
[2023-05-21T17:03:40.874+0530] {processor.py:811} WARNING - No viable dags retrieved from /run/media/feuer/LinuxDrive/ChromeDownloads/Assignment/airflow/dags/Lead_scoring_data_pipeline/utils.py
[2023-05-21T17:03:40.879+0530] {processor.py:178} INFO - Processing /run/media/feuer/LinuxDrive/ChromeDownloads/Assignment/airflow/dags/Lead_scoring_data_pipeline/utils.py took 0.252 seconds
[2023-05-21T17:04:28.875+0530] {processor.py:156} INFO - Started process (PID=56849) to work on /run/media/feuer/LinuxDrive/ChromeDownloads/Assignment/airflow/dags/Lead_scoring_data_pipeline/utils.py
[2023-05-21T17:04:28.876+0530] {processor.py:799} INFO - Processing file /run/media/feuer/LinuxDrive/ChromeDownloads/Assignment/airflow/dags/Lead_scoring_data_pipeline/utils.py for tasks to queue
[2023-05-21T17:04:28.876+0530] {logging_mixin.py:149} INFO - [2023-05-21T17:04:28.876+0530] {dagbag.py:541} INFO - Filling up the DagBag from /run/media/feuer/LinuxDrive/ChromeDownloads/Assignment/airflow/dags/Lead_scoring_data_pipeline/utils.py
[2023-05-21T17:04:29.134+0530] {processor.py:811} WARNING - No viable dags retrieved from /run/media/feuer/LinuxDrive/ChromeDownloads/Assignment/airflow/dags/Lead_scoring_data_pipeline/utils.py
[2023-05-21T17:04:29.140+0530] {processor.py:178} INFO - Processing /run/media/feuer/LinuxDrive/ChromeDownloads/Assignment/airflow/dags/Lead_scoring_data_pipeline/utils.py took 0.268 seconds
[2023-05-21T17:05:14.077+0530] {processor.py:156} INFO - Started process (PID=56952) to work on /run/media/feuer/LinuxDrive/ChromeDownloads/Assignment/airflow/dags/Lead_scoring_data_pipeline/utils.py
[2023-05-21T17:05:14.091+0530] {processor.py:799} INFO - Processing file /run/media/feuer/LinuxDrive/ChromeDownloads/Assignment/airflow/dags/Lead_scoring_data_pipeline/utils.py for tasks to queue
[2023-05-21T17:05:14.092+0530] {logging_mixin.py:149} INFO - [2023-05-21T17:05:14.092+0530] {dagbag.py:541} INFO - Filling up the DagBag from /run/media/feuer/LinuxDrive/ChromeDownloads/Assignment/airflow/dags/Lead_scoring_data_pipeline/utils.py
[2023-05-21T17:05:14.342+0530] {processor.py:811} WARNING - No viable dags retrieved from /run/media/feuer/LinuxDrive/ChromeDownloads/Assignment/airflow/dags/Lead_scoring_data_pipeline/utils.py
[2023-05-21T17:05:14.348+0530] {processor.py:178} INFO - Processing /run/media/feuer/LinuxDrive/ChromeDownloads/Assignment/airflow/dags/Lead_scoring_data_pipeline/utils.py took 0.273 seconds
[2023-05-21T17:05:59.804+0530] {processor.py:156} INFO - Started process (PID=57057) to work on /run/media/feuer/LinuxDrive/ChromeDownloads/Assignment/airflow/dags/Lead_scoring_data_pipeline/utils.py
[2023-05-21T17:05:59.812+0530] {processor.py:799} INFO - Processing file /run/media/feuer/LinuxDrive/ChromeDownloads/Assignment/airflow/dags/Lead_scoring_data_pipeline/utils.py for tasks to queue
[2023-05-21T17:05:59.813+0530] {logging_mixin.py:149} INFO - [2023-05-21T17:05:59.813+0530] {dagbag.py:541} INFO - Filling up the DagBag from /run/media/feuer/LinuxDrive/ChromeDownloads/Assignment/airflow/dags/Lead_scoring_data_pipeline/utils.py
[2023-05-21T17:06:00.047+0530] {processor.py:811} WARNING - No viable dags retrieved from /run/media/feuer/LinuxDrive/ChromeDownloads/Assignment/airflow/dags/Lead_scoring_data_pipeline/utils.py
[2023-05-21T17:06:00.052+0530] {processor.py:178} INFO - Processing /run/media/feuer/LinuxDrive/ChromeDownloads/Assignment/airflow/dags/Lead_scoring_data_pipeline/utils.py took 0.250 seconds
[2023-05-21T17:06:43.811+0530] {processor.py:156} INFO - Started process (PID=57162) to work on /run/media/feuer/LinuxDrive/ChromeDownloads/Assignment/airflow/dags/Lead_scoring_data_pipeline/utils.py
[2023-05-21T17:06:43.825+0530] {processor.py:799} INFO - Processing file /run/media/feuer/LinuxDrive/ChromeDownloads/Assignment/airflow/dags/Lead_scoring_data_pipeline/utils.py for tasks to queue
[2023-05-21T17:06:43.826+0530] {logging_mixin.py:149} INFO - [2023-05-21T17:06:43.826+0530] {dagbag.py:541} INFO - Filling up the DagBag from /run/media/feuer/LinuxDrive/ChromeDownloads/Assignment/airflow/dags/Lead_scoring_data_pipeline/utils.py
[2023-05-21T17:06:44.058+0530] {processor.py:811} WARNING - No viable dags retrieved from /run/media/feuer/LinuxDrive/ChromeDownloads/Assignment/airflow/dags/Lead_scoring_data_pipeline/utils.py
[2023-05-21T17:06:44.064+0530] {processor.py:178} INFO - Processing /run/media/feuer/LinuxDrive/ChromeDownloads/Assignment/airflow/dags/Lead_scoring_data_pipeline/utils.py took 0.256 seconds
[2023-05-21T17:07:27.190+0530] {processor.py:156} INFO - Started process (PID=57268) to work on /run/media/feuer/LinuxDrive/ChromeDownloads/Assignment/airflow/dags/Lead_scoring_data_pipeline/utils.py
[2023-05-21T17:07:27.191+0530] {processor.py:799} INFO - Processing file /run/media/feuer/LinuxDrive/ChromeDownloads/Assignment/airflow/dags/Lead_scoring_data_pipeline/utils.py for tasks to queue
[2023-05-21T17:07:27.191+0530] {logging_mixin.py:149} INFO - [2023-05-21T17:07:27.191+0530] {dagbag.py:541} INFO - Filling up the DagBag from /run/media/feuer/LinuxDrive/ChromeDownloads/Assignment/airflow/dags/Lead_scoring_data_pipeline/utils.py
[2023-05-21T17:07:27.426+0530] {processor.py:811} WARNING - No viable dags retrieved from /run/media/feuer/LinuxDrive/ChromeDownloads/Assignment/airflow/dags/Lead_scoring_data_pipeline/utils.py
[2023-05-21T17:07:27.431+0530] {processor.py:178} INFO - Processing /run/media/feuer/LinuxDrive/ChromeDownloads/Assignment/airflow/dags/Lead_scoring_data_pipeline/utils.py took 0.243 seconds
[2023-05-21T17:08:12.415+0530] {processor.py:156} INFO - Started process (PID=57384) to work on /run/media/feuer/LinuxDrive/ChromeDownloads/Assignment/airflow/dags/Lead_scoring_data_pipeline/utils.py
[2023-05-21T17:08:12.416+0530] {processor.py:799} INFO - Processing file /run/media/feuer/LinuxDrive/ChromeDownloads/Assignment/airflow/dags/Lead_scoring_data_pipeline/utils.py for tasks to queue
[2023-05-21T17:08:12.416+0530] {logging_mixin.py:149} INFO - [2023-05-21T17:08:12.416+0530] {dagbag.py:541} INFO - Filling up the DagBag from /run/media/feuer/LinuxDrive/ChromeDownloads/Assignment/airflow/dags/Lead_scoring_data_pipeline/utils.py
[2023-05-21T17:08:12.649+0530] {processor.py:811} WARNING - No viable dags retrieved from /run/media/feuer/LinuxDrive/ChromeDownloads/Assignment/airflow/dags/Lead_scoring_data_pipeline/utils.py
[2023-05-21T17:08:12.655+0530] {processor.py:178} INFO - Processing /run/media/feuer/LinuxDrive/ChromeDownloads/Assignment/airflow/dags/Lead_scoring_data_pipeline/utils.py took 0.242 seconds
[2023-05-21T17:08:58.081+0530] {processor.py:156} INFO - Started process (PID=57512) to work on /run/media/feuer/LinuxDrive/ChromeDownloads/Assignment/airflow/dags/Lead_scoring_data_pipeline/utils.py
[2023-05-21T17:08:58.095+0530] {processor.py:799} INFO - Processing file /run/media/feuer/LinuxDrive/ChromeDownloads/Assignment/airflow/dags/Lead_scoring_data_pipeline/utils.py for tasks to queue
[2023-05-21T17:08:58.096+0530] {logging_mixin.py:149} INFO - [2023-05-21T17:08:58.095+0530] {dagbag.py:541} INFO - Filling up the DagBag from /run/media/feuer/LinuxDrive/ChromeDownloads/Assignment/airflow/dags/Lead_scoring_data_pipeline/utils.py
[2023-05-21T17:08:58.368+0530] {processor.py:811} WARNING - No viable dags retrieved from /run/media/feuer/LinuxDrive/ChromeDownloads/Assignment/airflow/dags/Lead_scoring_data_pipeline/utils.py
[2023-05-21T17:08:58.376+0530] {processor.py:178} INFO - Processing /run/media/feuer/LinuxDrive/ChromeDownloads/Assignment/airflow/dags/Lead_scoring_data_pipeline/utils.py took 0.298 seconds
[2023-05-21T17:09:43.926+0530] {processor.py:156} INFO - Started process (PID=57643) to work on /run/media/feuer/LinuxDrive/ChromeDownloads/Assignment/airflow/dags/Lead_scoring_data_pipeline/utils.py
[2023-05-21T17:09:43.927+0530] {processor.py:799} INFO - Processing file /run/media/feuer/LinuxDrive/ChromeDownloads/Assignment/airflow/dags/Lead_scoring_data_pipeline/utils.py for tasks to queue
[2023-05-21T17:09:43.928+0530] {logging_mixin.py:149} INFO - [2023-05-21T17:09:43.928+0530] {dagbag.py:541} INFO - Filling up the DagBag from /run/media/feuer/LinuxDrive/ChromeDownloads/Assignment/airflow/dags/Lead_scoring_data_pipeline/utils.py
[2023-05-21T17:09:44.181+0530] {processor.py:811} WARNING - No viable dags retrieved from /run/media/feuer/LinuxDrive/ChromeDownloads/Assignment/airflow/dags/Lead_scoring_data_pipeline/utils.py
[2023-05-21T17:09:44.187+0530] {processor.py:178} INFO - Processing /run/media/feuer/LinuxDrive/ChromeDownloads/Assignment/airflow/dags/Lead_scoring_data_pipeline/utils.py took 0.263 seconds
[2023-05-21T17:10:29.235+0530] {processor.py:156} INFO - Started process (PID=57746) to work on /run/media/feuer/LinuxDrive/ChromeDownloads/Assignment/airflow/dags/Lead_scoring_data_pipeline/utils.py
[2023-05-21T17:10:29.317+0530] {processor.py:799} INFO - Processing file /run/media/feuer/LinuxDrive/ChromeDownloads/Assignment/airflow/dags/Lead_scoring_data_pipeline/utils.py for tasks to queue
[2023-05-21T17:10:29.318+0530] {logging_mixin.py:149} INFO - [2023-05-21T17:10:29.318+0530] {dagbag.py:541} INFO - Filling up the DagBag from /run/media/feuer/LinuxDrive/ChromeDownloads/Assignment/airflow/dags/Lead_scoring_data_pipeline/utils.py
[2023-05-21T17:10:29.556+0530] {processor.py:811} WARNING - No viable dags retrieved from /run/media/feuer/LinuxDrive/ChromeDownloads/Assignment/airflow/dags/Lead_scoring_data_pipeline/utils.py
[2023-05-21T17:10:29.562+0530] {processor.py:178} INFO - Processing /run/media/feuer/LinuxDrive/ChromeDownloads/Assignment/airflow/dags/Lead_scoring_data_pipeline/utils.py took 0.328 seconds
[2023-05-21T17:11:16.079+0530] {processor.py:156} INFO - Started process (PID=57856) to work on /run/media/feuer/LinuxDrive/ChromeDownloads/Assignment/airflow/dags/Lead_scoring_data_pipeline/utils.py
[2023-05-21T17:11:16.089+0530] {processor.py:799} INFO - Processing file /run/media/feuer/LinuxDrive/ChromeDownloads/Assignment/airflow/dags/Lead_scoring_data_pipeline/utils.py for tasks to queue
[2023-05-21T17:11:16.090+0530] {logging_mixin.py:149} INFO - [2023-05-21T17:11:16.089+0530] {dagbag.py:541} INFO - Filling up the DagBag from /run/media/feuer/LinuxDrive/ChromeDownloads/Assignment/airflow/dags/Lead_scoring_data_pipeline/utils.py
[2023-05-21T17:11:16.325+0530] {processor.py:811} WARNING - No viable dags retrieved from /run/media/feuer/LinuxDrive/ChromeDownloads/Assignment/airflow/dags/Lead_scoring_data_pipeline/utils.py
[2023-05-21T17:11:16.330+0530] {processor.py:178} INFO - Processing /run/media/feuer/LinuxDrive/ChromeDownloads/Assignment/airflow/dags/Lead_scoring_data_pipeline/utils.py took 0.254 seconds
[2023-05-21T17:12:03.991+0530] {processor.py:156} INFO - Started process (PID=57972) to work on /run/media/feuer/LinuxDrive/ChromeDownloads/Assignment/airflow/dags/Lead_scoring_data_pipeline/utils.py
[2023-05-21T17:12:04.003+0530] {processor.py:799} INFO - Processing file /run/media/feuer/LinuxDrive/ChromeDownloads/Assignment/airflow/dags/Lead_scoring_data_pipeline/utils.py for tasks to queue
[2023-05-21T17:12:04.003+0530] {logging_mixin.py:149} INFO - [2023-05-21T17:12:04.003+0530] {dagbag.py:541} INFO - Filling up the DagBag from /run/media/feuer/LinuxDrive/ChromeDownloads/Assignment/airflow/dags/Lead_scoring_data_pipeline/utils.py
[2023-05-21T17:12:04.243+0530] {processor.py:811} WARNING - No viable dags retrieved from /run/media/feuer/LinuxDrive/ChromeDownloads/Assignment/airflow/dags/Lead_scoring_data_pipeline/utils.py
[2023-05-21T17:12:04.249+0530] {processor.py:178} INFO - Processing /run/media/feuer/LinuxDrive/ChromeDownloads/Assignment/airflow/dags/Lead_scoring_data_pipeline/utils.py took 0.260 seconds
[2023-05-21T17:12:50.016+0530] {processor.py:156} INFO - Started process (PID=58083) to work on /run/media/feuer/LinuxDrive/ChromeDownloads/Assignment/airflow/dags/Lead_scoring_data_pipeline/utils.py
[2023-05-21T17:12:50.025+0530] {processor.py:799} INFO - Processing file /run/media/feuer/LinuxDrive/ChromeDownloads/Assignment/airflow/dags/Lead_scoring_data_pipeline/utils.py for tasks to queue
[2023-05-21T17:12:50.025+0530] {logging_mixin.py:149} INFO - [2023-05-21T17:12:50.025+0530] {dagbag.py:541} INFO - Filling up the DagBag from /run/media/feuer/LinuxDrive/ChromeDownloads/Assignment/airflow/dags/Lead_scoring_data_pipeline/utils.py
[2023-05-21T17:12:50.274+0530] {processor.py:811} WARNING - No viable dags retrieved from /run/media/feuer/LinuxDrive/ChromeDownloads/Assignment/airflow/dags/Lead_scoring_data_pipeline/utils.py
[2023-05-21T17:12:50.280+0530] {processor.py:178} INFO - Processing /run/media/feuer/LinuxDrive/ChromeDownloads/Assignment/airflow/dags/Lead_scoring_data_pipeline/utils.py took 0.267 seconds
[2023-05-21T17:13:32.791+0530] {processor.py:156} INFO - Started process (PID=58196) to work on /run/media/feuer/LinuxDrive/ChromeDownloads/Assignment/airflow/dags/Lead_scoring_data_pipeline/utils.py
[2023-05-21T17:13:32.792+0530] {processor.py:799} INFO - Processing file /run/media/feuer/LinuxDrive/ChromeDownloads/Assignment/airflow/dags/Lead_scoring_data_pipeline/utils.py for tasks to queue
[2023-05-21T17:13:32.792+0530] {logging_mixin.py:149} INFO - [2023-05-21T17:13:32.792+0530] {dagbag.py:541} INFO - Filling up the DagBag from /run/media/feuer/LinuxDrive/ChromeDownloads/Assignment/airflow/dags/Lead_scoring_data_pipeline/utils.py
[2023-05-21T17:13:33.041+0530] {processor.py:811} WARNING - No viable dags retrieved from /run/media/feuer/LinuxDrive/ChromeDownloads/Assignment/airflow/dags/Lead_scoring_data_pipeline/utils.py
[2023-05-21T17:13:33.046+0530] {processor.py:178} INFO - Processing /run/media/feuer/LinuxDrive/ChromeDownloads/Assignment/airflow/dags/Lead_scoring_data_pipeline/utils.py took 0.258 seconds
[2023-05-21T17:14:17.184+0530] {processor.py:156} INFO - Started process (PID=58312) to work on /run/media/feuer/LinuxDrive/ChromeDownloads/Assignment/airflow/dags/Lead_scoring_data_pipeline/utils.py
[2023-05-21T17:14:17.185+0530] {processor.py:799} INFO - Processing file /run/media/feuer/LinuxDrive/ChromeDownloads/Assignment/airflow/dags/Lead_scoring_data_pipeline/utils.py for tasks to queue
[2023-05-21T17:14:17.185+0530] {logging_mixin.py:149} INFO - [2023-05-21T17:14:17.185+0530] {dagbag.py:541} INFO - Filling up the DagBag from /run/media/feuer/LinuxDrive/ChromeDownloads/Assignment/airflow/dags/Lead_scoring_data_pipeline/utils.py
[2023-05-21T17:14:17.420+0530] {processor.py:811} WARNING - No viable dags retrieved from /run/media/feuer/LinuxDrive/ChromeDownloads/Assignment/airflow/dags/Lead_scoring_data_pipeline/utils.py
[2023-05-21T17:14:17.425+0530] {processor.py:178} INFO - Processing /run/media/feuer/LinuxDrive/ChromeDownloads/Assignment/airflow/dags/Lead_scoring_data_pipeline/utils.py took 0.243 seconds
[2023-05-21T17:15:05.522+0530] {processor.py:156} INFO - Started process (PID=58438) to work on /run/media/feuer/LinuxDrive/ChromeDownloads/Assignment/airflow/dags/Lead_scoring_data_pipeline/utils.py
[2023-05-21T17:15:05.612+0530] {processor.py:799} INFO - Processing file /run/media/feuer/LinuxDrive/ChromeDownloads/Assignment/airflow/dags/Lead_scoring_data_pipeline/utils.py for tasks to queue
[2023-05-21T17:15:05.612+0530] {logging_mixin.py:149} INFO - [2023-05-21T17:15:05.612+0530] {dagbag.py:541} INFO - Filling up the DagBag from /run/media/feuer/LinuxDrive/ChromeDownloads/Assignment/airflow/dags/Lead_scoring_data_pipeline/utils.py
[2023-05-21T17:15:05.866+0530] {processor.py:811} WARNING - No viable dags retrieved from /run/media/feuer/LinuxDrive/ChromeDownloads/Assignment/airflow/dags/Lead_scoring_data_pipeline/utils.py
[2023-05-21T17:15:05.871+0530] {processor.py:178} INFO - Processing /run/media/feuer/LinuxDrive/ChromeDownloads/Assignment/airflow/dags/Lead_scoring_data_pipeline/utils.py took 0.351 seconds
[2023-05-21T17:15:53.493+0530] {processor.py:156} INFO - Started process (PID=58544) to work on /run/media/feuer/LinuxDrive/ChromeDownloads/Assignment/airflow/dags/Lead_scoring_data_pipeline/utils.py
[2023-05-21T17:15:53.508+0530] {processor.py:799} INFO - Processing file /run/media/feuer/LinuxDrive/ChromeDownloads/Assignment/airflow/dags/Lead_scoring_data_pipeline/utils.py for tasks to queue
[2023-05-21T17:15:53.509+0530] {logging_mixin.py:149} INFO - [2023-05-21T17:15:53.509+0530] {dagbag.py:541} INFO - Filling up the DagBag from /run/media/feuer/LinuxDrive/ChromeDownloads/Assignment/airflow/dags/Lead_scoring_data_pipeline/utils.py
[2023-05-21T17:15:53.767+0530] {processor.py:811} WARNING - No viable dags retrieved from /run/media/feuer/LinuxDrive/ChromeDownloads/Assignment/airflow/dags/Lead_scoring_data_pipeline/utils.py
[2023-05-21T17:15:53.773+0530] {processor.py:178} INFO - Processing /run/media/feuer/LinuxDrive/ChromeDownloads/Assignment/airflow/dags/Lead_scoring_data_pipeline/utils.py took 0.283 seconds
[2023-05-21T17:16:39.874+0530] {processor.py:156} INFO - Started process (PID=58650) to work on /run/media/feuer/LinuxDrive/ChromeDownloads/Assignment/airflow/dags/Lead_scoring_data_pipeline/utils.py
[2023-05-21T17:16:39.890+0530] {processor.py:799} INFO - Processing file /run/media/feuer/LinuxDrive/ChromeDownloads/Assignment/airflow/dags/Lead_scoring_data_pipeline/utils.py for tasks to queue
[2023-05-21T17:16:39.890+0530] {logging_mixin.py:149} INFO - [2023-05-21T17:16:39.890+0530] {dagbag.py:541} INFO - Filling up the DagBag from /run/media/feuer/LinuxDrive/ChromeDownloads/Assignment/airflow/dags/Lead_scoring_data_pipeline/utils.py
[2023-05-21T17:16:40.141+0530] {processor.py:811} WARNING - No viable dags retrieved from /run/media/feuer/LinuxDrive/ChromeDownloads/Assignment/airflow/dags/Lead_scoring_data_pipeline/utils.py
[2023-05-21T17:16:40.146+0530] {processor.py:178} INFO - Processing /run/media/feuer/LinuxDrive/ChromeDownloads/Assignment/airflow/dags/Lead_scoring_data_pipeline/utils.py took 0.275 seconds
[2023-05-21T17:17:27.687+0530] {processor.py:156} INFO - Started process (PID=58760) to work on /run/media/feuer/LinuxDrive/ChromeDownloads/Assignment/airflow/dags/Lead_scoring_data_pipeline/utils.py
[2023-05-21T17:17:27.703+0530] {processor.py:799} INFO - Processing file /run/media/feuer/LinuxDrive/ChromeDownloads/Assignment/airflow/dags/Lead_scoring_data_pipeline/utils.py for tasks to queue
[2023-05-21T17:17:27.704+0530] {logging_mixin.py:149} INFO - [2023-05-21T17:17:27.704+0530] {dagbag.py:541} INFO - Filling up the DagBag from /run/media/feuer/LinuxDrive/ChromeDownloads/Assignment/airflow/dags/Lead_scoring_data_pipeline/utils.py
[2023-05-21T17:17:27.954+0530] {processor.py:811} WARNING - No viable dags retrieved from /run/media/feuer/LinuxDrive/ChromeDownloads/Assignment/airflow/dags/Lead_scoring_data_pipeline/utils.py
[2023-05-21T17:17:27.960+0530] {processor.py:178} INFO - Processing /run/media/feuer/LinuxDrive/ChromeDownloads/Assignment/airflow/dags/Lead_scoring_data_pipeline/utils.py took 0.276 seconds
[2023-05-21T17:18:13.488+0530] {processor.py:156} INFO - Started process (PID=58880) to work on /run/media/feuer/LinuxDrive/ChromeDownloads/Assignment/airflow/dags/Lead_scoring_data_pipeline/utils.py
[2023-05-21T17:18:13.501+0530] {processor.py:799} INFO - Processing file /run/media/feuer/LinuxDrive/ChromeDownloads/Assignment/airflow/dags/Lead_scoring_data_pipeline/utils.py for tasks to queue
[2023-05-21T17:18:13.501+0530] {logging_mixin.py:149} INFO - [2023-05-21T17:18:13.501+0530] {dagbag.py:541} INFO - Filling up the DagBag from /run/media/feuer/LinuxDrive/ChromeDownloads/Assignment/airflow/dags/Lead_scoring_data_pipeline/utils.py
[2023-05-21T17:18:13.750+0530] {processor.py:811} WARNING - No viable dags retrieved from /run/media/feuer/LinuxDrive/ChromeDownloads/Assignment/airflow/dags/Lead_scoring_data_pipeline/utils.py
[2023-05-21T17:18:13.755+0530] {processor.py:178} INFO - Processing /run/media/feuer/LinuxDrive/ChromeDownloads/Assignment/airflow/dags/Lead_scoring_data_pipeline/utils.py took 0.270 seconds
[2023-05-21T17:18:59.794+0530] {processor.py:156} INFO - Started process (PID=58987) to work on /run/media/feuer/LinuxDrive/ChromeDownloads/Assignment/airflow/dags/Lead_scoring_data_pipeline/utils.py
[2023-05-21T17:18:59.795+0530] {processor.py:799} INFO - Processing file /run/media/feuer/LinuxDrive/ChromeDownloads/Assignment/airflow/dags/Lead_scoring_data_pipeline/utils.py for tasks to queue
[2023-05-21T17:18:59.795+0530] {logging_mixin.py:149} INFO - [2023-05-21T17:18:59.795+0530] {dagbag.py:541} INFO - Filling up the DagBag from /run/media/feuer/LinuxDrive/ChromeDownloads/Assignment/airflow/dags/Lead_scoring_data_pipeline/utils.py
[2023-05-21T17:19:00.043+0530] {processor.py:811} WARNING - No viable dags retrieved from /run/media/feuer/LinuxDrive/ChromeDownloads/Assignment/airflow/dags/Lead_scoring_data_pipeline/utils.py
[2023-05-21T17:19:00.049+0530] {processor.py:178} INFO - Processing /run/media/feuer/LinuxDrive/ChromeDownloads/Assignment/airflow/dags/Lead_scoring_data_pipeline/utils.py took 0.258 seconds
[2023-05-21T17:19:45.458+0530] {processor.py:156} INFO - Started process (PID=59104) to work on /run/media/feuer/LinuxDrive/ChromeDownloads/Assignment/airflow/dags/Lead_scoring_data_pipeline/utils.py
[2023-05-21T17:19:45.459+0530] {processor.py:799} INFO - Processing file /run/media/feuer/LinuxDrive/ChromeDownloads/Assignment/airflow/dags/Lead_scoring_data_pipeline/utils.py for tasks to queue
[2023-05-21T17:19:45.460+0530] {logging_mixin.py:149} INFO - [2023-05-21T17:19:45.460+0530] {dagbag.py:541} INFO - Filling up the DagBag from /run/media/feuer/LinuxDrive/ChromeDownloads/Assignment/airflow/dags/Lead_scoring_data_pipeline/utils.py
[2023-05-21T17:19:45.705+0530] {processor.py:811} WARNING - No viable dags retrieved from /run/media/feuer/LinuxDrive/ChromeDownloads/Assignment/airflow/dags/Lead_scoring_data_pipeline/utils.py
[2023-05-21T17:19:45.711+0530] {processor.py:178} INFO - Processing /run/media/feuer/LinuxDrive/ChromeDownloads/Assignment/airflow/dags/Lead_scoring_data_pipeline/utils.py took 0.255 seconds
[2023-05-21T17:20:33.264+0530] {processor.py:156} INFO - Started process (PID=59267) to work on /run/media/feuer/LinuxDrive/ChromeDownloads/Assignment/airflow/dags/Lead_scoring_data_pipeline/utils.py
[2023-05-21T17:20:33.273+0530] {processor.py:799} INFO - Processing file /run/media/feuer/LinuxDrive/ChromeDownloads/Assignment/airflow/dags/Lead_scoring_data_pipeline/utils.py for tasks to queue
[2023-05-21T17:20:33.274+0530] {logging_mixin.py:149} INFO - [2023-05-21T17:20:33.274+0530] {dagbag.py:541} INFO - Filling up the DagBag from /run/media/feuer/LinuxDrive/ChromeDownloads/Assignment/airflow/dags/Lead_scoring_data_pipeline/utils.py
[2023-05-21T17:20:33.521+0530] {processor.py:811} WARNING - No viable dags retrieved from /run/media/feuer/LinuxDrive/ChromeDownloads/Assignment/airflow/dags/Lead_scoring_data_pipeline/utils.py
[2023-05-21T17:20:33.526+0530] {processor.py:178} INFO - Processing /run/media/feuer/LinuxDrive/ChromeDownloads/Assignment/airflow/dags/Lead_scoring_data_pipeline/utils.py took 0.265 seconds
[2023-05-21T17:21:17.432+0530] {processor.py:156} INFO - Started process (PID=59452) to work on /run/media/feuer/LinuxDrive/ChromeDownloads/Assignment/airflow/dags/Lead_scoring_data_pipeline/utils.py
[2023-05-21T17:21:17.721+0530] {processor.py:799} INFO - Processing file /run/media/feuer/LinuxDrive/ChromeDownloads/Assignment/airflow/dags/Lead_scoring_data_pipeline/utils.py for tasks to queue
[2023-05-21T17:21:17.721+0530] {logging_mixin.py:149} INFO - [2023-05-21T17:21:17.721+0530] {dagbag.py:541} INFO - Filling up the DagBag from /run/media/feuer/LinuxDrive/ChromeDownloads/Assignment/airflow/dags/Lead_scoring_data_pipeline/utils.py
[2023-05-21T17:21:18.003+0530] {processor.py:811} WARNING - No viable dags retrieved from /run/media/feuer/LinuxDrive/ChromeDownloads/Assignment/airflow/dags/Lead_scoring_data_pipeline/utils.py
[2023-05-21T17:21:18.009+0530] {processor.py:178} INFO - Processing /run/media/feuer/LinuxDrive/ChromeDownloads/Assignment/airflow/dags/Lead_scoring_data_pipeline/utils.py took 0.580 seconds
[2023-05-21T17:22:16.917+0530] {processor.py:156} INFO - Started process (PID=59638) to work on /run/media/feuer/LinuxDrive/ChromeDownloads/Assignment/airflow/dags/Lead_scoring_data_pipeline/utils.py
[2023-05-21T17:22:17.092+0530] {processor.py:799} INFO - Processing file /run/media/feuer/LinuxDrive/ChromeDownloads/Assignment/airflow/dags/Lead_scoring_data_pipeline/utils.py for tasks to queue
[2023-05-21T17:22:17.093+0530] {logging_mixin.py:149} INFO - [2023-05-21T17:22:17.093+0530] {dagbag.py:541} INFO - Filling up the DagBag from /run/media/feuer/LinuxDrive/ChromeDownloads/Assignment/airflow/dags/Lead_scoring_data_pipeline/utils.py
[2023-05-21T17:22:17.368+0530] {processor.py:811} WARNING - No viable dags retrieved from /run/media/feuer/LinuxDrive/ChromeDownloads/Assignment/airflow/dags/Lead_scoring_data_pipeline/utils.py
[2023-05-21T17:22:17.375+0530] {processor.py:178} INFO - Processing /run/media/feuer/LinuxDrive/ChromeDownloads/Assignment/airflow/dags/Lead_scoring_data_pipeline/utils.py took 0.461 seconds
