[2023-05-14T16:31:32.267+0530] {processor.py:156} INFO - Started process (PID=12260) to work on /run/media/feuer/LinuxDrive/ChromeDownloads/Assignment/airflow/dags/Lead_scoring_data_pipeline/constants.py
[2023-05-14T16:31:32.267+0530] {processor.py:799} INFO - Processing file /run/media/feuer/LinuxDrive/ChromeDownloads/Assignment/airflow/dags/Lead_scoring_data_pipeline/constants.py for tasks to queue
[2023-05-14T16:31:32.267+0530] {logging_mixin.py:149} INFO - [2023-05-14T16:31:32.267+0530] {dagbag.py:541} INFO - Filling up the DagBag from /run/media/feuer/LinuxDrive/ChromeDownloads/Assignment/airflow/dags/Lead_scoring_data_pipeline/constants.py
[2023-05-14T16:31:32.269+0530] {processor.py:811} WARNING - No viable dags retrieved from /run/media/feuer/LinuxDrive/ChromeDownloads/Assignment/airflow/dags/Lead_scoring_data_pipeline/constants.py
[2023-05-14T16:31:32.276+0530] {processor.py:178} INFO - Processing /run/media/feuer/LinuxDrive/ChromeDownloads/Assignment/airflow/dags/Lead_scoring_data_pipeline/constants.py took 0.011 seconds
[2023-05-14T16:32:44.056+0530] {processor.py:156} INFO - Started process (PID=12505) to work on /run/media/feuer/LinuxDrive/ChromeDownloads/Assignment/airflow/dags/Lead_scoring_data_pipeline/constants.py
[2023-05-14T16:32:44.073+0530] {processor.py:799} INFO - Processing file /run/media/feuer/LinuxDrive/ChromeDownloads/Assignment/airflow/dags/Lead_scoring_data_pipeline/constants.py for tasks to queue
[2023-05-14T16:32:44.074+0530] {logging_mixin.py:149} INFO - [2023-05-14T16:32:44.074+0530] {dagbag.py:541} INFO - Filling up the DagBag from /run/media/feuer/LinuxDrive/ChromeDownloads/Assignment/airflow/dags/Lead_scoring_data_pipeline/constants.py
[2023-05-14T16:32:44.075+0530] {processor.py:811} WARNING - No viable dags retrieved from /run/media/feuer/LinuxDrive/ChromeDownloads/Assignment/airflow/dags/Lead_scoring_data_pipeline/constants.py
[2023-05-14T16:32:44.087+0530] {processor.py:178} INFO - Processing /run/media/feuer/LinuxDrive/ChromeDownloads/Assignment/airflow/dags/Lead_scoring_data_pipeline/constants.py took 0.035 seconds
[2023-05-14T16:33:32.705+0530] {processor.py:156} INFO - Started process (PID=12604) to work on /run/media/feuer/LinuxDrive/ChromeDownloads/Assignment/airflow/dags/Lead_scoring_data_pipeline/constants.py
[2023-05-14T16:33:32.721+0530] {processor.py:799} INFO - Processing file /run/media/feuer/LinuxDrive/ChromeDownloads/Assignment/airflow/dags/Lead_scoring_data_pipeline/constants.py for tasks to queue
[2023-05-14T16:33:32.721+0530] {logging_mixin.py:149} INFO - [2023-05-14T16:33:32.721+0530] {dagbag.py:541} INFO - Filling up the DagBag from /run/media/feuer/LinuxDrive/ChromeDownloads/Assignment/airflow/dags/Lead_scoring_data_pipeline/constants.py
[2023-05-14T16:33:32.723+0530] {processor.py:811} WARNING - No viable dags retrieved from /run/media/feuer/LinuxDrive/ChromeDownloads/Assignment/airflow/dags/Lead_scoring_data_pipeline/constants.py
[2023-05-14T16:33:32.732+0530] {processor.py:178} INFO - Processing /run/media/feuer/LinuxDrive/ChromeDownloads/Assignment/airflow/dags/Lead_scoring_data_pipeline/constants.py took 0.029 seconds
[2023-05-14T16:35:23.173+0530] {processor.py:156} INFO - Started process (PID=12857) to work on /run/media/feuer/LinuxDrive/ChromeDownloads/Assignment/airflow/dags/Lead_scoring_data_pipeline/constants.py
[2023-05-14T16:35:23.182+0530] {processor.py:799} INFO - Processing file /run/media/feuer/LinuxDrive/ChromeDownloads/Assignment/airflow/dags/Lead_scoring_data_pipeline/constants.py for tasks to queue
[2023-05-14T16:35:23.182+0530] {logging_mixin.py:149} INFO - [2023-05-14T16:35:23.182+0530] {dagbag.py:541} INFO - Filling up the DagBag from /run/media/feuer/LinuxDrive/ChromeDownloads/Assignment/airflow/dags/Lead_scoring_data_pipeline/constants.py
[2023-05-14T16:35:23.184+0530] {processor.py:811} WARNING - No viable dags retrieved from /run/media/feuer/LinuxDrive/ChromeDownloads/Assignment/airflow/dags/Lead_scoring_data_pipeline/constants.py
[2023-05-14T16:35:23.193+0530] {processor.py:178} INFO - Processing /run/media/feuer/LinuxDrive/ChromeDownloads/Assignment/airflow/dags/Lead_scoring_data_pipeline/constants.py took 0.022 seconds
[2023-05-14T16:36:22.456+0530] {processor.py:156} INFO - Started process (PID=13067) to work on /run/media/feuer/LinuxDrive/ChromeDownloads/Assignment/airflow/dags/Lead_scoring_data_pipeline/constants.py
[2023-05-14T16:36:22.457+0530] {processor.py:799} INFO - Processing file /run/media/feuer/LinuxDrive/ChromeDownloads/Assignment/airflow/dags/Lead_scoring_data_pipeline/constants.py for tasks to queue
[2023-05-14T16:36:22.457+0530] {logging_mixin.py:149} INFO - [2023-05-14T16:36:22.457+0530] {dagbag.py:541} INFO - Filling up the DagBag from /run/media/feuer/LinuxDrive/ChromeDownloads/Assignment/airflow/dags/Lead_scoring_data_pipeline/constants.py
[2023-05-14T16:36:22.458+0530] {processor.py:811} WARNING - No viable dags retrieved from /run/media/feuer/LinuxDrive/ChromeDownloads/Assignment/airflow/dags/Lead_scoring_data_pipeline/constants.py
[2023-05-14T16:36:22.467+0530] {processor.py:178} INFO - Processing /run/media/feuer/LinuxDrive/ChromeDownloads/Assignment/airflow/dags/Lead_scoring_data_pipeline/constants.py took 0.014 seconds
