[2023-05-14T16:32:42.513+0530] {processor.py:156} INFO - Started process (PID=12504) to work on /run/media/feuer/LinuxDrive/ChromeDownloads/Assignment/airflow/dags/Lead_scoring_data_pipeline/lead_scoring_data_pipeline.py
[2023-05-14T16:32:42.514+0530] {processor.py:799} INFO - Processing file /run/media/feuer/LinuxDrive/ChromeDownloads/Assignment/airflow/dags/Lead_scoring_data_pipeline/lead_scoring_data_pipeline.py for tasks to queue
[2023-05-14T16:32:42.515+0530] {logging_mixin.py:149} INFO - [2023-05-14T16:32:42.514+0530] {dagbag.py:541} INFO - Filling up the DagBag from /run/media/feuer/LinuxDrive/ChromeDownloads/Assignment/airflow/dags/Lead_scoring_data_pipeline/lead_scoring_data_pipeline.py
[2023-05-14T16:32:42.521+0530] {processor.py:809} INFO - DAG(s) dict_keys(['Lead_Scoring_Data_Engineering_Pipeline']) retrieved from /run/media/feuer/LinuxDrive/ChromeDownloads/Assignment/airflow/dags/Lead_scoring_data_pipeline/lead_scoring_data_pipeline.py
[2023-05-14T16:32:42.732+0530] {logging_mixin.py:149} INFO - [2023-05-14T16:32:42.732+0530] {manager.py:504} INFO - Created Permission View: can delete on DAG:Lead_Scoring_Data_Engineering_Pipeline
[2023-05-14T16:32:42.790+0530] {logging_mixin.py:149} INFO - [2023-05-14T16:32:42.790+0530] {manager.py:504} INFO - Created Permission View: can edit on DAG:Lead_Scoring_Data_Engineering_Pipeline
[2023-05-14T16:32:42.848+0530] {logging_mixin.py:149} INFO - [2023-05-14T16:32:42.848+0530] {manager.py:504} INFO - Created Permission View: can read on DAG:Lead_Scoring_Data_Engineering_Pipeline
[2023-05-14T16:32:42.848+0530] {logging_mixin.py:149} INFO - [2023-05-14T16:32:42.848+0530] {dag.py:2726} INFO - Sync 1 DAGs
[2023-05-14T16:32:42.862+0530] {logging_mixin.py:149} INFO - [2023-05-14T16:32:42.862+0530] {dag.py:2747} INFO - Creating ORM DAG for Lead_Scoring_Data_Engineering_Pipeline
[2023-05-14T16:32:42.874+0530] {logging_mixin.py:149} INFO - [2023-05-14T16:32:42.874+0530] {dag.py:3486} INFO - Setting next_dagrun for Lead_Scoring_Data_Engineering_Pipeline to 2023-05-13T00:00:00+00:00, run_after=2023-05-14T00:00:00+00:00
[2023-05-14T16:32:42.984+0530] {processor.py:178} INFO - Processing /run/media/feuer/LinuxDrive/ChromeDownloads/Assignment/airflow/dags/Lead_scoring_data_pipeline/lead_scoring_data_pipeline.py took 0.474 seconds
[2023-05-14T16:33:32.151+0530] {processor.py:156} INFO - Started process (PID=12603) to work on /run/media/feuer/LinuxDrive/ChromeDownloads/Assignment/airflow/dags/Lead_scoring_data_pipeline/lead_scoring_data_pipeline.py
[2023-05-14T16:33:32.152+0530] {processor.py:799} INFO - Processing file /run/media/feuer/LinuxDrive/ChromeDownloads/Assignment/airflow/dags/Lead_scoring_data_pipeline/lead_scoring_data_pipeline.py for tasks to queue
[2023-05-14T16:33:32.152+0530] {logging_mixin.py:149} INFO - [2023-05-14T16:33:32.152+0530] {dagbag.py:541} INFO - Filling up the DagBag from /run/media/feuer/LinuxDrive/ChromeDownloads/Assignment/airflow/dags/Lead_scoring_data_pipeline/lead_scoring_data_pipeline.py
[2023-05-14T16:33:32.156+0530] {processor.py:809} INFO - DAG(s) dict_keys(['Lead_Scoring_Data_Engineering_Pipeline']) retrieved from /run/media/feuer/LinuxDrive/ChromeDownloads/Assignment/airflow/dags/Lead_scoring_data_pipeline/lead_scoring_data_pipeline.py
[2023-05-14T16:33:32.167+0530] {logging_mixin.py:149} INFO - [2023-05-14T16:33:32.167+0530] {dag.py:2726} INFO - Sync 1 DAGs
[2023-05-14T16:33:32.182+0530] {logging_mixin.py:149} INFO - [2023-05-14T16:33:32.182+0530] {dag.py:3486} INFO - Setting next_dagrun for Lead_Scoring_Data_Engineering_Pipeline to 2023-05-13T00:00:00+00:00, run_after=2023-05-14T00:00:00+00:00
[2023-05-14T16:33:32.237+0530] {processor.py:178} INFO - Processing /run/media/feuer/LinuxDrive/ChromeDownloads/Assignment/airflow/dags/Lead_scoring_data_pipeline/lead_scoring_data_pipeline.py took 0.087 seconds
[2023-05-14T16:36:21.162+0530] {processor.py:156} INFO - Started process (PID=13064) to work on /run/media/feuer/LinuxDrive/ChromeDownloads/Assignment/airflow/dags/Lead_scoring_data_pipeline/lead_scoring_data_pipeline.py
[2023-05-14T16:36:21.173+0530] {processor.py:799} INFO - Processing file /run/media/feuer/LinuxDrive/ChromeDownloads/Assignment/airflow/dags/Lead_scoring_data_pipeline/lead_scoring_data_pipeline.py for tasks to queue
[2023-05-14T16:36:21.173+0530] {logging_mixin.py:149} INFO - [2023-05-14T16:36:21.173+0530] {dagbag.py:541} INFO - Filling up the DagBag from /run/media/feuer/LinuxDrive/ChromeDownloads/Assignment/airflow/dags/Lead_scoring_data_pipeline/lead_scoring_data_pipeline.py
[2023-05-14T16:36:21.180+0530] {processor.py:809} INFO - DAG(s) dict_keys(['Lead_Scoring_Data_Engineering_Pipeline']) retrieved from /run/media/feuer/LinuxDrive/ChromeDownloads/Assignment/airflow/dags/Lead_scoring_data_pipeline/lead_scoring_data_pipeline.py
[2023-05-14T16:36:21.198+0530] {logging_mixin.py:149} INFO - [2023-05-14T16:36:21.198+0530] {dag.py:2726} INFO - Sync 1 DAGs
[2023-05-14T16:36:21.224+0530] {logging_mixin.py:149} INFO - [2023-05-14T16:36:21.224+0530] {dag.py:3486} INFO - Setting next_dagrun for Lead_Scoring_Data_Engineering_Pipeline to 2023-05-13T00:00:00+00:00, run_after=2023-05-14T00:00:00+00:00
[2023-05-14T16:36:21.339+0530] {processor.py:178} INFO - Processing /run/media/feuer/LinuxDrive/ChromeDownloads/Assignment/airflow/dags/Lead_scoring_data_pipeline/lead_scoring_data_pipeline.py took 0.180 seconds
