[2023-05-15T00:01:17.280+0530] {processor.py:156} INFO - Started process (PID=65391) to work on /run/media/feuer/LinuxDrive/ChromeDownloads/Assignment/airflow/dags/Lead_scoring_data_pipeline/utils.py
[2023-05-15T00:01:17.281+0530] {processor.py:799} INFO - Processing file /run/media/feuer/LinuxDrive/ChromeDownloads/Assignment/airflow/dags/Lead_scoring_data_pipeline/utils.py for tasks to queue
[2023-05-15T00:01:17.281+0530] {logging_mixin.py:149} INFO - [2023-05-15T00:01:17.281+0530] {dagbag.py:541} INFO - Filling up the DagBag from /run/media/feuer/LinuxDrive/ChromeDownloads/Assignment/airflow/dags/Lead_scoring_data_pipeline/utils.py
[2023-05-15T00:01:17.635+0530] {processor.py:811} WARNING - No viable dags retrieved from /run/media/feuer/LinuxDrive/ChromeDownloads/Assignment/airflow/dags/Lead_scoring_data_pipeline/utils.py
[2023-05-15T00:01:17.639+0530] {processor.py:178} INFO - Processing /run/media/feuer/LinuxDrive/ChromeDownloads/Assignment/airflow/dags/Lead_scoring_data_pipeline/utils.py took 0.362 seconds
[2023-05-15T00:02:05.915+0530] {processor.py:156} INFO - Started process (PID=65541) to work on /run/media/feuer/LinuxDrive/ChromeDownloads/Assignment/airflow/dags/Lead_scoring_data_pipeline/utils.py
[2023-05-15T00:02:05.925+0530] {processor.py:799} INFO - Processing file /run/media/feuer/LinuxDrive/ChromeDownloads/Assignment/airflow/dags/Lead_scoring_data_pipeline/utils.py for tasks to queue
[2023-05-15T00:02:05.926+0530] {logging_mixin.py:149} INFO - [2023-05-15T00:02:05.925+0530] {dagbag.py:541} INFO - Filling up the DagBag from /run/media/feuer/LinuxDrive/ChromeDownloads/Assignment/airflow/dags/Lead_scoring_data_pipeline/utils.py
[2023-05-15T00:02:06.258+0530] {processor.py:811} WARNING - No viable dags retrieved from /run/media/feuer/LinuxDrive/ChromeDownloads/Assignment/airflow/dags/Lead_scoring_data_pipeline/utils.py
[2023-05-15T00:02:06.262+0530] {processor.py:178} INFO - Processing /run/media/feuer/LinuxDrive/ChromeDownloads/Assignment/airflow/dags/Lead_scoring_data_pipeline/utils.py took 0.350 seconds
[2023-05-15T00:02:47.301+0530] {processor.py:156} INFO - Started process (PID=65635) to work on /run/media/feuer/LinuxDrive/ChromeDownloads/Assignment/airflow/dags/Lead_scoring_data_pipeline/utils.py
[2023-05-15T00:02:47.314+0530] {processor.py:799} INFO - Processing file /run/media/feuer/LinuxDrive/ChromeDownloads/Assignment/airflow/dags/Lead_scoring_data_pipeline/utils.py for tasks to queue
[2023-05-15T00:02:47.315+0530] {logging_mixin.py:149} INFO - [2023-05-15T00:02:47.315+0530] {dagbag.py:541} INFO - Filling up the DagBag from /run/media/feuer/LinuxDrive/ChromeDownloads/Assignment/airflow/dags/Lead_scoring_data_pipeline/utils.py
[2023-05-15T00:02:47.640+0530] {processor.py:811} WARNING - No viable dags retrieved from /run/media/feuer/LinuxDrive/ChromeDownloads/Assignment/airflow/dags/Lead_scoring_data_pipeline/utils.py
[2023-05-15T00:02:47.643+0530] {processor.py:178} INFO - Processing /run/media/feuer/LinuxDrive/ChromeDownloads/Assignment/airflow/dags/Lead_scoring_data_pipeline/utils.py took 0.345 seconds
[2023-05-15T00:03:26.106+0530] {processor.py:156} INFO - Started process (PID=65703) to work on /run/media/feuer/LinuxDrive/ChromeDownloads/Assignment/airflow/dags/Lead_scoring_data_pipeline/utils.py
[2023-05-15T00:03:26.121+0530] {processor.py:799} INFO - Processing file /run/media/feuer/LinuxDrive/ChromeDownloads/Assignment/airflow/dags/Lead_scoring_data_pipeline/utils.py for tasks to queue
[2023-05-15T00:03:26.122+0530] {logging_mixin.py:149} INFO - [2023-05-15T00:03:26.121+0530] {dagbag.py:541} INFO - Filling up the DagBag from /run/media/feuer/LinuxDrive/ChromeDownloads/Assignment/airflow/dags/Lead_scoring_data_pipeline/utils.py
[2023-05-15T00:03:26.454+0530] {processor.py:811} WARNING - No viable dags retrieved from /run/media/feuer/LinuxDrive/ChromeDownloads/Assignment/airflow/dags/Lead_scoring_data_pipeline/utils.py
[2023-05-15T00:03:26.458+0530] {processor.py:178} INFO - Processing /run/media/feuer/LinuxDrive/ChromeDownloads/Assignment/airflow/dags/Lead_scoring_data_pipeline/utils.py took 0.354 seconds
[2023-05-15T00:04:08.664+0530] {processor.py:156} INFO - Started process (PID=65769) to work on /run/media/feuer/LinuxDrive/ChromeDownloads/Assignment/airflow/dags/Lead_scoring_data_pipeline/utils.py
[2023-05-15T00:04:08.671+0530] {processor.py:799} INFO - Processing file /run/media/feuer/LinuxDrive/ChromeDownloads/Assignment/airflow/dags/Lead_scoring_data_pipeline/utils.py for tasks to queue
[2023-05-15T00:04:08.672+0530] {logging_mixin.py:149} INFO - [2023-05-15T00:04:08.671+0530] {dagbag.py:541} INFO - Filling up the DagBag from /run/media/feuer/LinuxDrive/ChromeDownloads/Assignment/airflow/dags/Lead_scoring_data_pipeline/utils.py
[2023-05-15T00:04:09.003+0530] {processor.py:811} WARNING - No viable dags retrieved from /run/media/feuer/LinuxDrive/ChromeDownloads/Assignment/airflow/dags/Lead_scoring_data_pipeline/utils.py
[2023-05-15T00:04:09.007+0530] {processor.py:178} INFO - Processing /run/media/feuer/LinuxDrive/ChromeDownloads/Assignment/airflow/dags/Lead_scoring_data_pipeline/utils.py took 0.346 seconds
[2023-05-15T00:04:56.274+0530] {processor.py:156} INFO - Started process (PID=65872) to work on /run/media/feuer/LinuxDrive/ChromeDownloads/Assignment/airflow/dags/Lead_scoring_data_pipeline/utils.py
[2023-05-15T00:04:56.277+0530] {processor.py:799} INFO - Processing file /run/media/feuer/LinuxDrive/ChromeDownloads/Assignment/airflow/dags/Lead_scoring_data_pipeline/utils.py for tasks to queue
[2023-05-15T00:04:56.278+0530] {logging_mixin.py:149} INFO - [2023-05-15T00:04:56.277+0530] {dagbag.py:541} INFO - Filling up the DagBag from /run/media/feuer/LinuxDrive/ChromeDownloads/Assignment/airflow/dags/Lead_scoring_data_pipeline/utils.py
[2023-05-15T00:04:56.608+0530] {processor.py:811} WARNING - No viable dags retrieved from /run/media/feuer/LinuxDrive/ChromeDownloads/Assignment/airflow/dags/Lead_scoring_data_pipeline/utils.py
[2023-05-15T00:04:56.612+0530] {processor.py:178} INFO - Processing /run/media/feuer/LinuxDrive/ChromeDownloads/Assignment/airflow/dags/Lead_scoring_data_pipeline/utils.py took 0.340 seconds
[2023-05-15T00:05:43.072+0530] {processor.py:156} INFO - Started process (PID=65971) to work on /run/media/feuer/LinuxDrive/ChromeDownloads/Assignment/airflow/dags/Lead_scoring_data_pipeline/utils.py
[2023-05-15T00:05:43.100+0530] {processor.py:799} INFO - Processing file /run/media/feuer/LinuxDrive/ChromeDownloads/Assignment/airflow/dags/Lead_scoring_data_pipeline/utils.py for tasks to queue
[2023-05-15T00:05:43.100+0530] {logging_mixin.py:149} INFO - [2023-05-15T00:05:43.100+0530] {dagbag.py:541} INFO - Filling up the DagBag from /run/media/feuer/LinuxDrive/ChromeDownloads/Assignment/airflow/dags/Lead_scoring_data_pipeline/utils.py
[2023-05-15T00:05:43.463+0530] {processor.py:811} WARNING - No viable dags retrieved from /run/media/feuer/LinuxDrive/ChromeDownloads/Assignment/airflow/dags/Lead_scoring_data_pipeline/utils.py
[2023-05-15T00:05:43.467+0530] {processor.py:178} INFO - Processing /run/media/feuer/LinuxDrive/ChromeDownloads/Assignment/airflow/dags/Lead_scoring_data_pipeline/utils.py took 0.397 seconds
[2023-05-15T00:06:32.882+0530] {processor.py:156} INFO - Started process (PID=66147) to work on /run/media/feuer/LinuxDrive/ChromeDownloads/Assignment/airflow/dags/Lead_scoring_data_pipeline/utils.py
[2023-05-15T00:06:32.897+0530] {processor.py:799} INFO - Processing file /run/media/feuer/LinuxDrive/ChromeDownloads/Assignment/airflow/dags/Lead_scoring_data_pipeline/utils.py for tasks to queue
[2023-05-15T00:06:32.898+0530] {logging_mixin.py:149} INFO - [2023-05-15T00:06:32.898+0530] {dagbag.py:541} INFO - Filling up the DagBag from /run/media/feuer/LinuxDrive/ChromeDownloads/Assignment/airflow/dags/Lead_scoring_data_pipeline/utils.py
[2023-05-15T00:06:33.297+0530] {processor.py:811} WARNING - No viable dags retrieved from /run/media/feuer/LinuxDrive/ChromeDownloads/Assignment/airflow/dags/Lead_scoring_data_pipeline/utils.py
[2023-05-15T00:06:33.302+0530] {processor.py:178} INFO - Processing /run/media/feuer/LinuxDrive/ChromeDownloads/Assignment/airflow/dags/Lead_scoring_data_pipeline/utils.py took 0.433 seconds
[2023-05-15T00:07:38.001+0530] {processor.py:156} INFO - Started process (PID=66363) to work on /run/media/feuer/LinuxDrive/ChromeDownloads/Assignment/airflow/dags/Lead_scoring_data_pipeline/utils.py
[2023-05-15T00:07:38.017+0530] {processor.py:799} INFO - Processing file /run/media/feuer/LinuxDrive/ChromeDownloads/Assignment/airflow/dags/Lead_scoring_data_pipeline/utils.py for tasks to queue
[2023-05-15T00:07:38.017+0530] {logging_mixin.py:149} INFO - [2023-05-15T00:07:38.017+0530] {dagbag.py:541} INFO - Filling up the DagBag from /run/media/feuer/LinuxDrive/ChromeDownloads/Assignment/airflow/dags/Lead_scoring_data_pipeline/utils.py
[2023-05-15T00:07:38.382+0530] {logging_mixin.py:149} INFO - [2023-05-15T00:07:38.381+0530] {dagbag.py:350} ERROR - Failed to import: /run/media/feuer/LinuxDrive/ChromeDownloads/Assignment/airflow/dags/Lead_scoring_data_pipeline/utils.py
Traceback (most recent call last):
  File "/home/feuer/.local/lib/python3.10/site-packages/airflow/models/dagbag.py", line 346, in parse
    loader.exec_module(new_module)
  File "<frozen importlib._bootstrap_external>", line 883, in exec_module
  File "<frozen importlib._bootstrap>", line 241, in _call_with_frames_removed
  File "/run/media/feuer/LinuxDrive/ChromeDownloads/Assignment/airflow/dags/Lead_scoring_data_pipeline/utils.py", line 13, in <module>
    from constants import *
ModuleNotFoundError: No module named 'constants'
[2023-05-15T00:07:38.382+0530] {processor.py:811} WARNING - No viable dags retrieved from /run/media/feuer/LinuxDrive/ChromeDownloads/Assignment/airflow/dags/Lead_scoring_data_pipeline/utils.py
[2023-05-15T00:07:38.748+0530] {processor.py:178} INFO - Processing /run/media/feuer/LinuxDrive/ChromeDownloads/Assignment/airflow/dags/Lead_scoring_data_pipeline/utils.py took 0.748 seconds
[2023-05-15T00:09:57.211+0530] {processor.py:156} INFO - Started process (PID=66597) to work on /run/media/feuer/LinuxDrive/ChromeDownloads/Assignment/airflow/dags/Lead_scoring_data_pipeline/utils.py
[2023-05-15T00:09:57.226+0530] {processor.py:799} INFO - Processing file /run/media/feuer/LinuxDrive/ChromeDownloads/Assignment/airflow/dags/Lead_scoring_data_pipeline/utils.py for tasks to queue
[2023-05-15T00:09:57.227+0530] {logging_mixin.py:149} INFO - [2023-05-15T00:09:57.227+0530] {dagbag.py:541} INFO - Filling up the DagBag from /run/media/feuer/LinuxDrive/ChromeDownloads/Assignment/airflow/dags/Lead_scoring_data_pipeline/utils.py
[2023-05-15T00:09:57.599+0530] {logging_mixin.py:149} INFO - [2023-05-15T00:09:57.583+0530] {dagbag.py:350} ERROR - Failed to import: /run/media/feuer/LinuxDrive/ChromeDownloads/Assignment/airflow/dags/Lead_scoring_data_pipeline/utils.py
Traceback (most recent call last):
  File "/home/feuer/.local/lib/python3.10/site-packages/airflow/models/dagbag.py", line 346, in parse
    loader.exec_module(new_module)
  File "<frozen importlib._bootstrap_external>", line 883, in exec_module
  File "<frozen importlib._bootstrap>", line 241, in _call_with_frames_removed
  File "/run/media/feuer/LinuxDrive/ChromeDownloads/Assignment/airflow/dags/Lead_scoring_data_pipeline/utils.py", line 13, in <module>
    from constants import *
ModuleNotFoundError: No module named 'constants'
[2023-05-15T00:09:57.599+0530] {processor.py:811} WARNING - No viable dags retrieved from /run/media/feuer/LinuxDrive/ChromeDownloads/Assignment/airflow/dags/Lead_scoring_data_pipeline/utils.py
[2023-05-15T00:09:57.676+0530] {processor.py:178} INFO - Processing /run/media/feuer/LinuxDrive/ChromeDownloads/Assignment/airflow/dags/Lead_scoring_data_pipeline/utils.py took 0.467 seconds
[2023-05-15T00:14:54.877+0530] {processor.py:156} INFO - Started process (PID=66767) to work on /run/media/feuer/LinuxDrive/ChromeDownloads/Assignment/airflow/dags/Lead_scoring_data_pipeline/utils.py
[2023-05-15T00:14:54.919+0530] {processor.py:799} INFO - Processing file /run/media/feuer/LinuxDrive/ChromeDownloads/Assignment/airflow/dags/Lead_scoring_data_pipeline/utils.py for tasks to queue
[2023-05-15T00:14:54.920+0530] {logging_mixin.py:149} INFO - [2023-05-15T00:14:54.920+0530] {dagbag.py:541} INFO - Filling up the DagBag from /run/media/feuer/LinuxDrive/ChromeDownloads/Assignment/airflow/dags/Lead_scoring_data_pipeline/utils.py
[2023-05-15T00:14:55.350+0530] {logging_mixin.py:149} INFO - [2023-05-15T00:14:55.269+0530] {dagbag.py:350} ERROR - Failed to import: /run/media/feuer/LinuxDrive/ChromeDownloads/Assignment/airflow/dags/Lead_scoring_data_pipeline/utils.py
Traceback (most recent call last):
  File "/home/feuer/.local/lib/python3.10/site-packages/airflow/models/dagbag.py", line 346, in parse
    loader.exec_module(new_module)
  File "<frozen importlib._bootstrap_external>", line 883, in exec_module
  File "<frozen importlib._bootstrap>", line 241, in _call_with_frames_removed
  File "/run/media/feuer/LinuxDrive/ChromeDownloads/Assignment/airflow/dags/Lead_scoring_data_pipeline/utils.py", line 13, in <module>
    from constants import *
ModuleNotFoundError: No module named 'constants'
[2023-05-15T00:14:55.350+0530] {processor.py:811} WARNING - No viable dags retrieved from /run/media/feuer/LinuxDrive/ChromeDownloads/Assignment/airflow/dags/Lead_scoring_data_pipeline/utils.py
[2023-05-15T00:14:55.894+0530] {processor.py:178} INFO - Processing /run/media/feuer/LinuxDrive/ChromeDownloads/Assignment/airflow/dags/Lead_scoring_data_pipeline/utils.py took 1.020 seconds
[2023-05-15T00:22:41.979+0530] {processor.py:156} INFO - Started process (PID=67143) to work on /run/media/feuer/LinuxDrive/ChromeDownloads/Assignment/airflow/dags/Lead_scoring_data_pipeline/utils.py
[2023-05-15T00:22:41.980+0530] {processor.py:799} INFO - Processing file /run/media/feuer/LinuxDrive/ChromeDownloads/Assignment/airflow/dags/Lead_scoring_data_pipeline/utils.py for tasks to queue
[2023-05-15T00:22:41.980+0530] {logging_mixin.py:149} INFO - [2023-05-15T00:22:41.980+0530] {dagbag.py:541} INFO - Filling up the DagBag from /run/media/feuer/LinuxDrive/ChromeDownloads/Assignment/airflow/dags/Lead_scoring_data_pipeline/utils.py
[2023-05-15T00:22:42.322+0530] {logging_mixin.py:149} INFO - [2023-05-15T00:22:42.321+0530] {dagbag.py:350} ERROR - Failed to import: /run/media/feuer/LinuxDrive/ChromeDownloads/Assignment/airflow/dags/Lead_scoring_data_pipeline/utils.py
Traceback (most recent call last):
  File "/home/feuer/.local/lib/python3.10/site-packages/airflow/models/dagbag.py", line 346, in parse
    loader.exec_module(new_module)
  File "<frozen importlib._bootstrap_external>", line 883, in exec_module
  File "<frozen importlib._bootstrap>", line 241, in _call_with_frames_removed
  File "/run/media/feuer/LinuxDrive/ChromeDownloads/Assignment/airflow/dags/Lead_scoring_data_pipeline/utils.py", line 13, in <module>
    from constants import *
ModuleNotFoundError: No module named 'constants'
[2023-05-15T00:22:42.322+0530] {processor.py:811} WARNING - No viable dags retrieved from /run/media/feuer/LinuxDrive/ChromeDownloads/Assignment/airflow/dags/Lead_scoring_data_pipeline/utils.py
[2023-05-15T00:22:42.395+0530] {processor.py:178} INFO - Processing /run/media/feuer/LinuxDrive/ChromeDownloads/Assignment/airflow/dags/Lead_scoring_data_pipeline/utils.py took 0.419 seconds
[2023-05-15T00:23:32.063+0530] {processor.py:156} INFO - Started process (PID=67233) to work on /run/media/feuer/LinuxDrive/ChromeDownloads/Assignment/airflow/dags/Lead_scoring_data_pipeline/utils.py
[2023-05-15T00:23:32.132+0530] {processor.py:799} INFO - Processing file /run/media/feuer/LinuxDrive/ChromeDownloads/Assignment/airflow/dags/Lead_scoring_data_pipeline/utils.py for tasks to queue
[2023-05-15T00:23:32.132+0530] {logging_mixin.py:149} INFO - [2023-05-15T00:23:32.132+0530] {dagbag.py:541} INFO - Filling up the DagBag from /run/media/feuer/LinuxDrive/ChromeDownloads/Assignment/airflow/dags/Lead_scoring_data_pipeline/utils.py
[2023-05-15T00:23:32.532+0530] {logging_mixin.py:149} INFO - [2023-05-15T00:23:32.531+0530] {dagbag.py:350} ERROR - Failed to import: /run/media/feuer/LinuxDrive/ChromeDownloads/Assignment/airflow/dags/Lead_scoring_data_pipeline/utils.py
Traceback (most recent call last):
  File "/home/feuer/.local/lib/python3.10/site-packages/airflow/models/dagbag.py", line 346, in parse
    loader.exec_module(new_module)
  File "<frozen importlib._bootstrap_external>", line 883, in exec_module
  File "<frozen importlib._bootstrap>", line 241, in _call_with_frames_removed
  File "/run/media/feuer/LinuxDrive/ChromeDownloads/Assignment/airflow/dags/Lead_scoring_data_pipeline/utils.py", line 13, in <module>
    from constants import *
ModuleNotFoundError: No module named 'constants'
[2023-05-15T00:23:32.533+0530] {processor.py:811} WARNING - No viable dags retrieved from /run/media/feuer/LinuxDrive/ChromeDownloads/Assignment/airflow/dags/Lead_scoring_data_pipeline/utils.py
[2023-05-15T00:23:32.899+0530] {processor.py:178} INFO - Processing /run/media/feuer/LinuxDrive/ChromeDownloads/Assignment/airflow/dags/Lead_scoring_data_pipeline/utils.py took 0.839 seconds
[2023-05-15T00:24:06.646+0530] {processor.py:156} INFO - Started process (PID=67336) to work on /run/media/feuer/LinuxDrive/ChromeDownloads/Assignment/airflow/dags/Lead_scoring_data_pipeline/utils.py
[2023-05-15T00:24:06.713+0530] {processor.py:799} INFO - Processing file /run/media/feuer/LinuxDrive/ChromeDownloads/Assignment/airflow/dags/Lead_scoring_data_pipeline/utils.py for tasks to queue
[2023-05-15T00:24:06.714+0530] {logging_mixin.py:149} INFO - [2023-05-15T00:24:06.714+0530] {dagbag.py:541} INFO - Filling up the DagBag from /run/media/feuer/LinuxDrive/ChromeDownloads/Assignment/airflow/dags/Lead_scoring_data_pipeline/utils.py
[2023-05-15T00:24:07.101+0530] {logging_mixin.py:149} INFO - [2023-05-15T00:24:07.100+0530] {dagbag.py:350} ERROR - Failed to import: /run/media/feuer/LinuxDrive/ChromeDownloads/Assignment/airflow/dags/Lead_scoring_data_pipeline/utils.py
Traceback (most recent call last):
  File "/home/feuer/.local/lib/python3.10/site-packages/airflow/models/dagbag.py", line 346, in parse
    loader.exec_module(new_module)
  File "<frozen importlib._bootstrap_external>", line 883, in exec_module
  File "<frozen importlib._bootstrap>", line 241, in _call_with_frames_removed
  File "/run/media/feuer/LinuxDrive/ChromeDownloads/Assignment/airflow/dags/Lead_scoring_data_pipeline/utils.py", line 13, in <module>
    from constants import *
ModuleNotFoundError: No module named 'constants'
[2023-05-15T00:24:07.101+0530] {processor.py:811} WARNING - No viable dags retrieved from /run/media/feuer/LinuxDrive/ChromeDownloads/Assignment/airflow/dags/Lead_scoring_data_pipeline/utils.py
[2023-05-15T00:24:07.324+0530] {processor.py:178} INFO - Processing /run/media/feuer/LinuxDrive/ChromeDownloads/Assignment/airflow/dags/Lead_scoring_data_pipeline/utils.py took 0.681 seconds
[2023-05-15T00:24:52.186+0530] {processor.py:156} INFO - Started process (PID=67448) to work on /run/media/feuer/LinuxDrive/ChromeDownloads/Assignment/airflow/dags/Lead_scoring_data_pipeline/utils.py
[2023-05-15T00:24:52.253+0530] {processor.py:799} INFO - Processing file /run/media/feuer/LinuxDrive/ChromeDownloads/Assignment/airflow/dags/Lead_scoring_data_pipeline/utils.py for tasks to queue
[2023-05-15T00:24:52.253+0530] {logging_mixin.py:149} INFO - [2023-05-15T00:24:52.253+0530] {dagbag.py:541} INFO - Filling up the DagBag from /run/media/feuer/LinuxDrive/ChromeDownloads/Assignment/airflow/dags/Lead_scoring_data_pipeline/utils.py
[2023-05-15T00:24:52.615+0530] {logging_mixin.py:149} INFO - [2023-05-15T00:24:52.614+0530] {dagbag.py:350} ERROR - Failed to import: /run/media/feuer/LinuxDrive/ChromeDownloads/Assignment/airflow/dags/Lead_scoring_data_pipeline/utils.py
Traceback (most recent call last):
  File "/home/feuer/.local/lib/python3.10/site-packages/airflow/models/dagbag.py", line 346, in parse
    loader.exec_module(new_module)
  File "<frozen importlib._bootstrap_external>", line 883, in exec_module
  File "<frozen importlib._bootstrap>", line 241, in _call_with_frames_removed
  File "/run/media/feuer/LinuxDrive/ChromeDownloads/Assignment/airflow/dags/Lead_scoring_data_pipeline/utils.py", line 13, in <module>
    from constants import *
ModuleNotFoundError: No module named 'constants'
[2023-05-15T00:24:52.616+0530] {processor.py:811} WARNING - No viable dags retrieved from /run/media/feuer/LinuxDrive/ChromeDownloads/Assignment/airflow/dags/Lead_scoring_data_pipeline/utils.py
[2023-05-15T00:24:52.814+0530] {processor.py:178} INFO - Processing /run/media/feuer/LinuxDrive/ChromeDownloads/Assignment/airflow/dags/Lead_scoring_data_pipeline/utils.py took 0.631 seconds
[2023-05-15T00:25:52.063+0530] {processor.py:156} INFO - Started process (PID=67587) to work on /run/media/feuer/LinuxDrive/ChromeDownloads/Assignment/airflow/dags/Lead_scoring_data_pipeline/utils.py
[2023-05-15T00:25:52.097+0530] {processor.py:799} INFO - Processing file /run/media/feuer/LinuxDrive/ChromeDownloads/Assignment/airflow/dags/Lead_scoring_data_pipeline/utils.py for tasks to queue
[2023-05-15T00:25:52.098+0530] {logging_mixin.py:149} INFO - [2023-05-15T00:25:52.098+0530] {dagbag.py:541} INFO - Filling up the DagBag from /run/media/feuer/LinuxDrive/ChromeDownloads/Assignment/airflow/dags/Lead_scoring_data_pipeline/utils.py
[2023-05-15T00:25:52.473+0530] {logging_mixin.py:149} INFO - [2023-05-15T00:25:52.472+0530] {dagbag.py:350} ERROR - Failed to import: /run/media/feuer/LinuxDrive/ChromeDownloads/Assignment/airflow/dags/Lead_scoring_data_pipeline/utils.py
Traceback (most recent call last):
  File "/home/feuer/.local/lib/python3.10/site-packages/airflow/models/dagbag.py", line 346, in parse
    loader.exec_module(new_module)
  File "<frozen importlib._bootstrap_external>", line 883, in exec_module
  File "<frozen importlib._bootstrap>", line 241, in _call_with_frames_removed
  File "/run/media/feuer/LinuxDrive/ChromeDownloads/Assignment/airflow/dags/Lead_scoring_data_pipeline/utils.py", line 13, in <module>
    from constants import *
ModuleNotFoundError: No module named 'constants'
[2023-05-15T00:25:52.473+0530] {processor.py:811} WARNING - No viable dags retrieved from /run/media/feuer/LinuxDrive/ChromeDownloads/Assignment/airflow/dags/Lead_scoring_data_pipeline/utils.py
[2023-05-15T00:25:52.777+0530] {processor.py:178} INFO - Processing /run/media/feuer/LinuxDrive/ChromeDownloads/Assignment/airflow/dags/Lead_scoring_data_pipeline/utils.py took 0.718 seconds
[2023-05-15T00:26:39.754+0530] {processor.py:156} INFO - Started process (PID=67696) to work on /run/media/feuer/LinuxDrive/ChromeDownloads/Assignment/airflow/dags/Lead_scoring_data_pipeline/utils.py
[2023-05-15T00:26:39.786+0530] {processor.py:799} INFO - Processing file /run/media/feuer/LinuxDrive/ChromeDownloads/Assignment/airflow/dags/Lead_scoring_data_pipeline/utils.py for tasks to queue
[2023-05-15T00:26:39.787+0530] {logging_mixin.py:149} INFO - [2023-05-15T00:26:39.786+0530] {dagbag.py:541} INFO - Filling up the DagBag from /run/media/feuer/LinuxDrive/ChromeDownloads/Assignment/airflow/dags/Lead_scoring_data_pipeline/utils.py
[2023-05-15T00:26:40.148+0530] {logging_mixin.py:149} INFO - [2023-05-15T00:26:40.147+0530] {dagbag.py:350} ERROR - Failed to import: /run/media/feuer/LinuxDrive/ChromeDownloads/Assignment/airflow/dags/Lead_scoring_data_pipeline/utils.py
Traceback (most recent call last):
  File "/home/feuer/.local/lib/python3.10/site-packages/airflow/models/dagbag.py", line 346, in parse
    loader.exec_module(new_module)
  File "<frozen importlib._bootstrap_external>", line 883, in exec_module
  File "<frozen importlib._bootstrap>", line 241, in _call_with_frames_removed
  File "/run/media/feuer/LinuxDrive/ChromeDownloads/Assignment/airflow/dags/Lead_scoring_data_pipeline/utils.py", line 13, in <module>
    from constants import *
ModuleNotFoundError: No module named 'constants'
[2023-05-15T00:26:40.148+0530] {processor.py:811} WARNING - No viable dags retrieved from /run/media/feuer/LinuxDrive/ChromeDownloads/Assignment/airflow/dags/Lead_scoring_data_pipeline/utils.py
[2023-05-15T00:26:40.383+0530] {processor.py:178} INFO - Processing /run/media/feuer/LinuxDrive/ChromeDownloads/Assignment/airflow/dags/Lead_scoring_data_pipeline/utils.py took 0.632 seconds
[2023-05-15T00:27:26.018+0530] {processor.py:156} INFO - Started process (PID=67856) to work on /run/media/feuer/LinuxDrive/ChromeDownloads/Assignment/airflow/dags/Lead_scoring_data_pipeline/utils.py
[2023-05-15T00:27:26.051+0530] {processor.py:799} INFO - Processing file /run/media/feuer/LinuxDrive/ChromeDownloads/Assignment/airflow/dags/Lead_scoring_data_pipeline/utils.py for tasks to queue
[2023-05-15T00:27:26.051+0530] {logging_mixin.py:149} INFO - [2023-05-15T00:27:26.051+0530] {dagbag.py:541} INFO - Filling up the DagBag from /run/media/feuer/LinuxDrive/ChromeDownloads/Assignment/airflow/dags/Lead_scoring_data_pipeline/utils.py
[2023-05-15T00:27:26.427+0530] {logging_mixin.py:149} INFO - [2023-05-15T00:27:26.426+0530] {dagbag.py:350} ERROR - Failed to import: /run/media/feuer/LinuxDrive/ChromeDownloads/Assignment/airflow/dags/Lead_scoring_data_pipeline/utils.py
Traceback (most recent call last):
  File "/home/feuer/.local/lib/python3.10/site-packages/airflow/models/dagbag.py", line 346, in parse
    loader.exec_module(new_module)
  File "<frozen importlib._bootstrap_external>", line 883, in exec_module
  File "<frozen importlib._bootstrap>", line 241, in _call_with_frames_removed
  File "/run/media/feuer/LinuxDrive/ChromeDownloads/Assignment/airflow/dags/Lead_scoring_data_pipeline/utils.py", line 13, in <module>
    from constants import *
ModuleNotFoundError: No module named 'constants'
[2023-05-15T00:27:26.427+0530] {processor.py:811} WARNING - No viable dags retrieved from /run/media/feuer/LinuxDrive/ChromeDownloads/Assignment/airflow/dags/Lead_scoring_data_pipeline/utils.py
[2023-05-15T00:27:26.656+0530] {processor.py:178} INFO - Processing /run/media/feuer/LinuxDrive/ChromeDownloads/Assignment/airflow/dags/Lead_scoring_data_pipeline/utils.py took 0.640 seconds
[2023-05-15T00:28:10.288+0530] {processor.py:156} INFO - Started process (PID=67994) to work on /run/media/feuer/LinuxDrive/ChromeDownloads/Assignment/airflow/dags/Lead_scoring_data_pipeline/utils.py
[2023-05-15T00:28:10.295+0530] {processor.py:799} INFO - Processing file /run/media/feuer/LinuxDrive/ChromeDownloads/Assignment/airflow/dags/Lead_scoring_data_pipeline/utils.py for tasks to queue
[2023-05-15T00:28:10.296+0530] {logging_mixin.py:149} INFO - [2023-05-15T00:28:10.296+0530] {dagbag.py:541} INFO - Filling up the DagBag from /run/media/feuer/LinuxDrive/ChromeDownloads/Assignment/airflow/dags/Lead_scoring_data_pipeline/utils.py
[2023-05-15T00:28:10.638+0530] {logging_mixin.py:149} INFO - [2023-05-15T00:28:10.637+0530] {dagbag.py:350} ERROR - Failed to import: /run/media/feuer/LinuxDrive/ChromeDownloads/Assignment/airflow/dags/Lead_scoring_data_pipeline/utils.py
Traceback (most recent call last):
  File "/home/feuer/.local/lib/python3.10/site-packages/airflow/models/dagbag.py", line 346, in parse
    loader.exec_module(new_module)
  File "<frozen importlib._bootstrap_external>", line 883, in exec_module
  File "<frozen importlib._bootstrap>", line 241, in _call_with_frames_removed
  File "/run/media/feuer/LinuxDrive/ChromeDownloads/Assignment/airflow/dags/Lead_scoring_data_pipeline/utils.py", line 13, in <module>
    from constants import *
ModuleNotFoundError: No module named 'constants'
[2023-05-15T00:28:10.638+0530] {processor.py:811} WARNING - No viable dags retrieved from /run/media/feuer/LinuxDrive/ChromeDownloads/Assignment/airflow/dags/Lead_scoring_data_pipeline/utils.py
[2023-05-15T00:28:10.753+0530] {processor.py:178} INFO - Processing /run/media/feuer/LinuxDrive/ChromeDownloads/Assignment/airflow/dags/Lead_scoring_data_pipeline/utils.py took 0.468 seconds
