[2023-05-21T19:39:23.731+0530] {processor.py:156} INFO - Started process (PID=23766) to work on /home/feuer/.local/lib/python3.10/site-packages/airflow/example_dags/plugins/event_listener.py
[2023-05-21T19:39:23.732+0530] {processor.py:799} INFO - Processing file /home/feuer/.local/lib/python3.10/site-packages/airflow/example_dags/plugins/event_listener.py for tasks to queue
[2023-05-21T19:39:23.733+0530] {logging_mixin.py:149} INFO - [2023-05-21T19:39:23.733+0530] {dagbag.py:541} INFO - Filling up the DagBag from /home/feuer/.local/lib/python3.10/site-packages/airflow/example_dags/plugins/event_listener.py
[2023-05-21T19:39:23.751+0530] {processor.py:811} WARNING - No viable dags retrieved from /home/feuer/.local/lib/python3.10/site-packages/airflow/example_dags/plugins/event_listener.py
[2023-05-21T19:39:23.761+0530] {processor.py:178} INFO - Processing /home/feuer/.local/lib/python3.10/site-packages/airflow/example_dags/plugins/event_listener.py took 0.033 seconds
[2023-05-21T19:40:26.463+0530] {processor.py:156} INFO - Started process (PID=23917) to work on /home/feuer/.local/lib/python3.10/site-packages/airflow/example_dags/plugins/event_listener.py
[2023-05-21T19:40:26.464+0530] {processor.py:799} INFO - Processing file /home/feuer/.local/lib/python3.10/site-packages/airflow/example_dags/plugins/event_listener.py for tasks to queue
[2023-05-21T19:40:26.465+0530] {logging_mixin.py:149} INFO - [2023-05-21T19:40:26.465+0530] {dagbag.py:541} INFO - Filling up the DagBag from /home/feuer/.local/lib/python3.10/site-packages/airflow/example_dags/plugins/event_listener.py
[2023-05-21T19:40:26.481+0530] {processor.py:811} WARNING - No viable dags retrieved from /home/feuer/.local/lib/python3.10/site-packages/airflow/example_dags/plugins/event_listener.py
[2023-05-21T19:40:26.491+0530] {processor.py:178} INFO - Processing /home/feuer/.local/lib/python3.10/site-packages/airflow/example_dags/plugins/event_listener.py took 0.030 seconds
[2023-05-21T19:42:02.050+0530] {processor.py:156} INFO - Started process (PID=24464) to work on /home/feuer/.local/lib/python3.10/site-packages/airflow/example_dags/plugins/event_listener.py
[2023-05-21T19:42:02.061+0530] {processor.py:799} INFO - Processing file /home/feuer/.local/lib/python3.10/site-packages/airflow/example_dags/plugins/event_listener.py for tasks to queue
[2023-05-21T19:42:02.062+0530] {logging_mixin.py:149} INFO - [2023-05-21T19:42:02.061+0530] {dagbag.py:541} INFO - Filling up the DagBag from /home/feuer/.local/lib/python3.10/site-packages/airflow/example_dags/plugins/event_listener.py
[2023-05-21T19:42:02.084+0530] {processor.py:811} WARNING - No viable dags retrieved from /home/feuer/.local/lib/python3.10/site-packages/airflow/example_dags/plugins/event_listener.py
[2023-05-21T19:42:02.091+0530] {processor.py:178} INFO - Processing /home/feuer/.local/lib/python3.10/site-packages/airflow/example_dags/plugins/event_listener.py took 0.044 seconds
[2023-05-21T19:42:44.570+0530] {processor.py:156} INFO - Started process (PID=24659) to work on /home/feuer/.local/lib/python3.10/site-packages/airflow/example_dags/plugins/event_listener.py
[2023-05-21T19:42:44.571+0530] {processor.py:799} INFO - Processing file /home/feuer/.local/lib/python3.10/site-packages/airflow/example_dags/plugins/event_listener.py for tasks to queue
[2023-05-21T19:42:44.572+0530] {logging_mixin.py:149} INFO - [2023-05-21T19:42:44.571+0530] {dagbag.py:541} INFO - Filling up the DagBag from /home/feuer/.local/lib/python3.10/site-packages/airflow/example_dags/plugins/event_listener.py
[2023-05-21T19:42:44.573+0530] {processor.py:811} WARNING - No viable dags retrieved from /home/feuer/.local/lib/python3.10/site-packages/airflow/example_dags/plugins/event_listener.py
[2023-05-21T19:42:44.584+0530] {processor.py:178} INFO - Processing /home/feuer/.local/lib/python3.10/site-packages/airflow/example_dags/plugins/event_listener.py took 0.017 seconds
[2023-05-21T19:43:37.958+0530] {processor.py:156} INFO - Started process (PID=24785) to work on /home/feuer/.local/lib/python3.10/site-packages/airflow/example_dags/plugins/event_listener.py
[2023-05-21T19:43:37.958+0530] {processor.py:799} INFO - Processing file /home/feuer/.local/lib/python3.10/site-packages/airflow/example_dags/plugins/event_listener.py for tasks to queue
[2023-05-21T19:43:37.959+0530] {logging_mixin.py:149} INFO - [2023-05-21T19:43:37.959+0530] {dagbag.py:541} INFO - Filling up the DagBag from /home/feuer/.local/lib/python3.10/site-packages/airflow/example_dags/plugins/event_listener.py
[2023-05-21T19:43:37.961+0530] {processor.py:811} WARNING - No viable dags retrieved from /home/feuer/.local/lib/python3.10/site-packages/airflow/example_dags/plugins/event_listener.py
[2023-05-21T19:43:37.971+0530] {processor.py:178} INFO - Processing /home/feuer/.local/lib/python3.10/site-packages/airflow/example_dags/plugins/event_listener.py took 0.017 seconds
[2023-05-21T19:44:30.427+0530] {processor.py:156} INFO - Started process (PID=24924) to work on /home/feuer/.local/lib/python3.10/site-packages/airflow/example_dags/plugins/event_listener.py
[2023-05-21T19:44:30.428+0530] {processor.py:799} INFO - Processing file /home/feuer/.local/lib/python3.10/site-packages/airflow/example_dags/plugins/event_listener.py for tasks to queue
[2023-05-21T19:44:30.429+0530] {logging_mixin.py:149} INFO - [2023-05-21T19:44:30.429+0530] {dagbag.py:541} INFO - Filling up the DagBag from /home/feuer/.local/lib/python3.10/site-packages/airflow/example_dags/plugins/event_listener.py
[2023-05-21T19:44:30.431+0530] {processor.py:811} WARNING - No viable dags retrieved from /home/feuer/.local/lib/python3.10/site-packages/airflow/example_dags/plugins/event_listener.py
[2023-05-21T19:44:30.440+0530] {processor.py:178} INFO - Processing /home/feuer/.local/lib/python3.10/site-packages/airflow/example_dags/plugins/event_listener.py took 0.016 seconds
[2023-05-21T19:45:25.212+0530] {processor.py:156} INFO - Started process (PID=25059) to work on /home/feuer/.local/lib/python3.10/site-packages/airflow/example_dags/plugins/event_listener.py
[2023-05-21T19:45:25.213+0530] {processor.py:799} INFO - Processing file /home/feuer/.local/lib/python3.10/site-packages/airflow/example_dags/plugins/event_listener.py for tasks to queue
[2023-05-21T19:45:25.214+0530] {logging_mixin.py:149} INFO - [2023-05-21T19:45:25.213+0530] {dagbag.py:541} INFO - Filling up the DagBag from /home/feuer/.local/lib/python3.10/site-packages/airflow/example_dags/plugins/event_listener.py
[2023-05-21T19:45:25.215+0530] {processor.py:811} WARNING - No viable dags retrieved from /home/feuer/.local/lib/python3.10/site-packages/airflow/example_dags/plugins/event_listener.py
[2023-05-21T19:45:25.225+0530] {processor.py:178} INFO - Processing /home/feuer/.local/lib/python3.10/site-packages/airflow/example_dags/plugins/event_listener.py took 0.016 seconds
[2023-05-21T19:46:20.105+0530] {processor.py:156} INFO - Started process (PID=25175) to work on /home/feuer/.local/lib/python3.10/site-packages/airflow/example_dags/plugins/event_listener.py
[2023-05-21T19:46:20.106+0530] {processor.py:799} INFO - Processing file /home/feuer/.local/lib/python3.10/site-packages/airflow/example_dags/plugins/event_listener.py for tasks to queue
[2023-05-21T19:46:20.106+0530] {logging_mixin.py:149} INFO - [2023-05-21T19:46:20.106+0530] {dagbag.py:541} INFO - Filling up the DagBag from /home/feuer/.local/lib/python3.10/site-packages/airflow/example_dags/plugins/event_listener.py
[2023-05-21T19:46:20.108+0530] {processor.py:811} WARNING - No viable dags retrieved from /home/feuer/.local/lib/python3.10/site-packages/airflow/example_dags/plugins/event_listener.py
[2023-05-21T19:46:20.114+0530] {processor.py:178} INFO - Processing /home/feuer/.local/lib/python3.10/site-packages/airflow/example_dags/plugins/event_listener.py took 0.011 seconds
[2023-05-21T19:47:12.306+0530] {processor.py:156} INFO - Started process (PID=25285) to work on /home/feuer/.local/lib/python3.10/site-packages/airflow/example_dags/plugins/event_listener.py
[2023-05-21T19:47:12.307+0530] {processor.py:799} INFO - Processing file /home/feuer/.local/lib/python3.10/site-packages/airflow/example_dags/plugins/event_listener.py for tasks to queue
[2023-05-21T19:47:12.308+0530] {logging_mixin.py:149} INFO - [2023-05-21T19:47:12.308+0530] {dagbag.py:541} INFO - Filling up the DagBag from /home/feuer/.local/lib/python3.10/site-packages/airflow/example_dags/plugins/event_listener.py
[2023-05-21T19:47:12.309+0530] {processor.py:811} WARNING - No viable dags retrieved from /home/feuer/.local/lib/python3.10/site-packages/airflow/example_dags/plugins/event_listener.py
[2023-05-21T19:47:12.317+0530] {processor.py:178} INFO - Processing /home/feuer/.local/lib/python3.10/site-packages/airflow/example_dags/plugins/event_listener.py took 0.013 seconds
[2023-05-21T19:48:04.405+0530] {processor.py:156} INFO - Started process (PID=25401) to work on /home/feuer/.local/lib/python3.10/site-packages/airflow/example_dags/plugins/event_listener.py
[2023-05-21T19:48:04.405+0530] {processor.py:799} INFO - Processing file /home/feuer/.local/lib/python3.10/site-packages/airflow/example_dags/plugins/event_listener.py for tasks to queue
[2023-05-21T19:48:04.406+0530] {logging_mixin.py:149} INFO - [2023-05-21T19:48:04.406+0530] {dagbag.py:541} INFO - Filling up the DagBag from /home/feuer/.local/lib/python3.10/site-packages/airflow/example_dags/plugins/event_listener.py
[2023-05-21T19:48:04.407+0530] {processor.py:811} WARNING - No viable dags retrieved from /home/feuer/.local/lib/python3.10/site-packages/airflow/example_dags/plugins/event_listener.py
[2023-05-21T19:48:04.415+0530] {processor.py:178} INFO - Processing /home/feuer/.local/lib/python3.10/site-packages/airflow/example_dags/plugins/event_listener.py took 0.012 seconds
[2023-05-21T19:48:59.220+0530] {processor.py:156} INFO - Started process (PID=25511) to work on /home/feuer/.local/lib/python3.10/site-packages/airflow/example_dags/plugins/event_listener.py
[2023-05-21T19:48:59.221+0530] {processor.py:799} INFO - Processing file /home/feuer/.local/lib/python3.10/site-packages/airflow/example_dags/plugins/event_listener.py for tasks to queue
[2023-05-21T19:48:59.222+0530] {logging_mixin.py:149} INFO - [2023-05-21T19:48:59.222+0530] {dagbag.py:541} INFO - Filling up the DagBag from /home/feuer/.local/lib/python3.10/site-packages/airflow/example_dags/plugins/event_listener.py
[2023-05-21T19:48:59.224+0530] {processor.py:811} WARNING - No viable dags retrieved from /home/feuer/.local/lib/python3.10/site-packages/airflow/example_dags/plugins/event_listener.py
[2023-05-21T19:48:59.233+0530] {processor.py:178} INFO - Processing /home/feuer/.local/lib/python3.10/site-packages/airflow/example_dags/plugins/event_listener.py took 0.016 seconds
[2023-05-21T19:49:49.515+0530] {processor.py:156} INFO - Started process (PID=25628) to work on /home/feuer/.local/lib/python3.10/site-packages/airflow/example_dags/plugins/event_listener.py
[2023-05-21T19:49:49.516+0530] {processor.py:799} INFO - Processing file /home/feuer/.local/lib/python3.10/site-packages/airflow/example_dags/plugins/event_listener.py for tasks to queue
[2023-05-21T19:49:49.516+0530] {logging_mixin.py:149} INFO - [2023-05-21T19:49:49.516+0530] {dagbag.py:541} INFO - Filling up the DagBag from /home/feuer/.local/lib/python3.10/site-packages/airflow/example_dags/plugins/event_listener.py
[2023-05-21T19:49:49.517+0530] {processor.py:811} WARNING - No viable dags retrieved from /home/feuer/.local/lib/python3.10/site-packages/airflow/example_dags/plugins/event_listener.py
[2023-05-21T19:49:49.523+0530] {processor.py:178} INFO - Processing /home/feuer/.local/lib/python3.10/site-packages/airflow/example_dags/plugins/event_listener.py took 0.010 seconds
[2023-05-21T19:50:44.080+0530] {processor.py:156} INFO - Started process (PID=25807) to work on /home/feuer/.local/lib/python3.10/site-packages/airflow/example_dags/plugins/event_listener.py
[2023-05-21T19:50:44.094+0530] {processor.py:799} INFO - Processing file /home/feuer/.local/lib/python3.10/site-packages/airflow/example_dags/plugins/event_listener.py for tasks to queue
[2023-05-21T19:50:44.094+0530] {logging_mixin.py:149} INFO - [2023-05-21T19:50:44.094+0530] {dagbag.py:541} INFO - Filling up the DagBag from /home/feuer/.local/lib/python3.10/site-packages/airflow/example_dags/plugins/event_listener.py
[2023-05-21T19:50:44.096+0530] {processor.py:811} WARNING - No viable dags retrieved from /home/feuer/.local/lib/python3.10/site-packages/airflow/example_dags/plugins/event_listener.py
[2023-05-21T19:50:44.106+0530] {processor.py:178} INFO - Processing /home/feuer/.local/lib/python3.10/site-packages/airflow/example_dags/plugins/event_listener.py took 0.029 seconds
[2023-05-21T19:51:34.712+0530] {processor.py:156} INFO - Started process (PID=25914) to work on /home/feuer/.local/lib/python3.10/site-packages/airflow/example_dags/plugins/event_listener.py
[2023-05-21T19:51:34.713+0530] {processor.py:799} INFO - Processing file /home/feuer/.local/lib/python3.10/site-packages/airflow/example_dags/plugins/event_listener.py for tasks to queue
[2023-05-21T19:51:34.713+0530] {logging_mixin.py:149} INFO - [2023-05-21T19:51:34.713+0530] {dagbag.py:541} INFO - Filling up the DagBag from /home/feuer/.local/lib/python3.10/site-packages/airflow/example_dags/plugins/event_listener.py
[2023-05-21T19:51:34.715+0530] {processor.py:811} WARNING - No viable dags retrieved from /home/feuer/.local/lib/python3.10/site-packages/airflow/example_dags/plugins/event_listener.py
[2023-05-21T19:51:34.725+0530] {processor.py:178} INFO - Processing /home/feuer/.local/lib/python3.10/site-packages/airflow/example_dags/plugins/event_listener.py took 0.016 seconds
[2023-05-21T19:52:26.307+0530] {processor.py:156} INFO - Started process (PID=26030) to work on /home/feuer/.local/lib/python3.10/site-packages/airflow/example_dags/plugins/event_listener.py
[2023-05-21T19:52:26.308+0530] {processor.py:799} INFO - Processing file /home/feuer/.local/lib/python3.10/site-packages/airflow/example_dags/plugins/event_listener.py for tasks to queue
[2023-05-21T19:52:26.308+0530] {logging_mixin.py:149} INFO - [2023-05-21T19:52:26.308+0530] {dagbag.py:541} INFO - Filling up the DagBag from /home/feuer/.local/lib/python3.10/site-packages/airflow/example_dags/plugins/event_listener.py
[2023-05-21T19:52:26.310+0530] {processor.py:811} WARNING - No viable dags retrieved from /home/feuer/.local/lib/python3.10/site-packages/airflow/example_dags/plugins/event_listener.py
[2023-05-21T19:52:26.317+0530] {processor.py:178} INFO - Processing /home/feuer/.local/lib/python3.10/site-packages/airflow/example_dags/plugins/event_listener.py took 0.012 seconds
[2023-05-21T19:53:13.570+0530] {processor.py:156} INFO - Started process (PID=26133) to work on /home/feuer/.local/lib/python3.10/site-packages/airflow/example_dags/plugins/event_listener.py
[2023-05-21T19:53:13.594+0530] {processor.py:799} INFO - Processing file /home/feuer/.local/lib/python3.10/site-packages/airflow/example_dags/plugins/event_listener.py for tasks to queue
[2023-05-21T19:53:13.595+0530] {logging_mixin.py:149} INFO - [2023-05-21T19:53:13.595+0530] {dagbag.py:541} INFO - Filling up the DagBag from /home/feuer/.local/lib/python3.10/site-packages/airflow/example_dags/plugins/event_listener.py
[2023-05-21T19:53:13.596+0530] {processor.py:811} WARNING - No viable dags retrieved from /home/feuer/.local/lib/python3.10/site-packages/airflow/example_dags/plugins/event_listener.py
[2023-05-21T19:53:13.605+0530] {processor.py:178} INFO - Processing /home/feuer/.local/lib/python3.10/site-packages/airflow/example_dags/plugins/event_listener.py took 0.037 seconds
[2023-05-21T19:54:04.440+0530] {processor.py:156} INFO - Started process (PID=26297) to work on /home/feuer/.local/lib/python3.10/site-packages/airflow/example_dags/plugins/event_listener.py
[2023-05-21T19:54:04.467+0530] {processor.py:799} INFO - Processing file /home/feuer/.local/lib/python3.10/site-packages/airflow/example_dags/plugins/event_listener.py for tasks to queue
[2023-05-21T19:54:04.467+0530] {logging_mixin.py:149} INFO - [2023-05-21T19:54:04.467+0530] {dagbag.py:541} INFO - Filling up the DagBag from /home/feuer/.local/lib/python3.10/site-packages/airflow/example_dags/plugins/event_listener.py
[2023-05-21T19:54:04.468+0530] {processor.py:811} WARNING - No viable dags retrieved from /home/feuer/.local/lib/python3.10/site-packages/airflow/example_dags/plugins/event_listener.py
[2023-05-21T19:54:04.475+0530] {processor.py:178} INFO - Processing /home/feuer/.local/lib/python3.10/site-packages/airflow/example_dags/plugins/event_listener.py took 0.038 seconds
[2023-05-21T19:54:55.398+0530] {processor.py:156} INFO - Started process (PID=26415) to work on /home/feuer/.local/lib/python3.10/site-packages/airflow/example_dags/plugins/event_listener.py
[2023-05-21T19:54:55.404+0530] {processor.py:799} INFO - Processing file /home/feuer/.local/lib/python3.10/site-packages/airflow/example_dags/plugins/event_listener.py for tasks to queue
[2023-05-21T19:54:55.404+0530] {logging_mixin.py:149} INFO - [2023-05-21T19:54:55.404+0530] {dagbag.py:541} INFO - Filling up the DagBag from /home/feuer/.local/lib/python3.10/site-packages/airflow/example_dags/plugins/event_listener.py
[2023-05-21T19:54:55.406+0530] {processor.py:811} WARNING - No viable dags retrieved from /home/feuer/.local/lib/python3.10/site-packages/airflow/example_dags/plugins/event_listener.py
[2023-05-21T19:54:55.416+0530] {processor.py:178} INFO - Processing /home/feuer/.local/lib/python3.10/site-packages/airflow/example_dags/plugins/event_listener.py took 0.021 seconds
[2023-05-21T19:55:51.142+0530] {processor.py:156} INFO - Started process (PID=26550) to work on /home/feuer/.local/lib/python3.10/site-packages/airflow/example_dags/plugins/event_listener.py
[2023-05-21T19:55:51.151+0530] {processor.py:799} INFO - Processing file /home/feuer/.local/lib/python3.10/site-packages/airflow/example_dags/plugins/event_listener.py for tasks to queue
[2023-05-21T19:55:51.151+0530] {logging_mixin.py:149} INFO - [2023-05-21T19:55:51.151+0530] {dagbag.py:541} INFO - Filling up the DagBag from /home/feuer/.local/lib/python3.10/site-packages/airflow/example_dags/plugins/event_listener.py
[2023-05-21T19:55:51.166+0530] {processor.py:811} WARNING - No viable dags retrieved from /home/feuer/.local/lib/python3.10/site-packages/airflow/example_dags/plugins/event_listener.py
[2023-05-21T19:55:51.176+0530] {processor.py:178} INFO - Processing /home/feuer/.local/lib/python3.10/site-packages/airflow/example_dags/plugins/event_listener.py took 0.038 seconds
[2023-05-21T19:56:47.794+0530] {processor.py:156} INFO - Started process (PID=26732) to work on /home/feuer/.local/lib/python3.10/site-packages/airflow/example_dags/plugins/event_listener.py
[2023-05-21T19:56:47.806+0530] {processor.py:799} INFO - Processing file /home/feuer/.local/lib/python3.10/site-packages/airflow/example_dags/plugins/event_listener.py for tasks to queue
[2023-05-21T19:56:47.807+0530] {logging_mixin.py:149} INFO - [2023-05-21T19:56:47.806+0530] {dagbag.py:541} INFO - Filling up the DagBag from /home/feuer/.local/lib/python3.10/site-packages/airflow/example_dags/plugins/event_listener.py
[2023-05-21T19:56:47.808+0530] {processor.py:811} WARNING - No viable dags retrieved from /home/feuer/.local/lib/python3.10/site-packages/airflow/example_dags/plugins/event_listener.py
[2023-05-21T19:56:47.819+0530] {processor.py:178} INFO - Processing /home/feuer/.local/lib/python3.10/site-packages/airflow/example_dags/plugins/event_listener.py took 0.027 seconds
[2023-05-21T19:57:39.280+0530] {processor.py:156} INFO - Started process (PID=26857) to work on /home/feuer/.local/lib/python3.10/site-packages/airflow/example_dags/plugins/event_listener.py
[2023-05-21T19:57:39.295+0530] {processor.py:799} INFO - Processing file /home/feuer/.local/lib/python3.10/site-packages/airflow/example_dags/plugins/event_listener.py for tasks to queue
[2023-05-21T19:57:39.296+0530] {logging_mixin.py:149} INFO - [2023-05-21T19:57:39.296+0530] {dagbag.py:541} INFO - Filling up the DagBag from /home/feuer/.local/lib/python3.10/site-packages/airflow/example_dags/plugins/event_listener.py
[2023-05-21T19:57:39.298+0530] {processor.py:811} WARNING - No viable dags retrieved from /home/feuer/.local/lib/python3.10/site-packages/airflow/example_dags/plugins/event_listener.py
[2023-05-21T19:57:39.308+0530] {processor.py:178} INFO - Processing /home/feuer/.local/lib/python3.10/site-packages/airflow/example_dags/plugins/event_listener.py took 0.031 seconds
[2023-05-21T19:58:28.912+0530] {processor.py:156} INFO - Started process (PID=26991) to work on /home/feuer/.local/lib/python3.10/site-packages/airflow/example_dags/plugins/event_listener.py
[2023-05-21T19:58:28.926+0530] {processor.py:799} INFO - Processing file /home/feuer/.local/lib/python3.10/site-packages/airflow/example_dags/plugins/event_listener.py for tasks to queue
[2023-05-21T19:58:28.927+0530] {logging_mixin.py:149} INFO - [2023-05-21T19:58:28.927+0530] {dagbag.py:541} INFO - Filling up the DagBag from /home/feuer/.local/lib/python3.10/site-packages/airflow/example_dags/plugins/event_listener.py
[2023-05-21T19:58:28.929+0530] {processor.py:811} WARNING - No viable dags retrieved from /home/feuer/.local/lib/python3.10/site-packages/airflow/example_dags/plugins/event_listener.py
[2023-05-21T19:58:28.938+0530] {processor.py:178} INFO - Processing /home/feuer/.local/lib/python3.10/site-packages/airflow/example_dags/plugins/event_listener.py took 0.029 seconds
[2023-05-21T19:59:28.247+0530] {processor.py:156} INFO - Started process (PID=27153) to work on /home/feuer/.local/lib/python3.10/site-packages/airflow/example_dags/plugins/event_listener.py
[2023-05-21T19:59:28.256+0530] {processor.py:799} INFO - Processing file /home/feuer/.local/lib/python3.10/site-packages/airflow/example_dags/plugins/event_listener.py for tasks to queue
[2023-05-21T19:59:28.257+0530] {logging_mixin.py:149} INFO - [2023-05-21T19:59:28.257+0530] {dagbag.py:541} INFO - Filling up the DagBag from /home/feuer/.local/lib/python3.10/site-packages/airflow/example_dags/plugins/event_listener.py
[2023-05-21T19:59:28.271+0530] {processor.py:811} WARNING - No viable dags retrieved from /home/feuer/.local/lib/python3.10/site-packages/airflow/example_dags/plugins/event_listener.py
[2023-05-21T19:59:28.281+0530] {processor.py:178} INFO - Processing /home/feuer/.local/lib/python3.10/site-packages/airflow/example_dags/plugins/event_listener.py took 0.037 seconds
[2023-05-21T20:00:29.621+0530] {processor.py:156} INFO - Started process (PID=27304) to work on /home/feuer/.local/lib/python3.10/site-packages/airflow/example_dags/plugins/event_listener.py
[2023-05-21T20:00:29.636+0530] {processor.py:799} INFO - Processing file /home/feuer/.local/lib/python3.10/site-packages/airflow/example_dags/plugins/event_listener.py for tasks to queue
[2023-05-21T20:00:29.637+0530] {logging_mixin.py:149} INFO - [2023-05-21T20:00:29.637+0530] {dagbag.py:541} INFO - Filling up the DagBag from /home/feuer/.local/lib/python3.10/site-packages/airflow/example_dags/plugins/event_listener.py
[2023-05-21T20:00:29.651+0530] {processor.py:811} WARNING - No viable dags retrieved from /home/feuer/.local/lib/python3.10/site-packages/airflow/example_dags/plugins/event_listener.py
[2023-05-21T20:00:29.661+0530] {processor.py:178} INFO - Processing /home/feuer/.local/lib/python3.10/site-packages/airflow/example_dags/plugins/event_listener.py took 0.043 seconds
[2023-05-21T20:01:37.893+0530] {processor.py:156} INFO - Started process (PID=27605) to work on /home/feuer/.local/lib/python3.10/site-packages/airflow/example_dags/plugins/event_listener.py
[2023-05-21T20:01:37.908+0530] {processor.py:799} INFO - Processing file /home/feuer/.local/lib/python3.10/site-packages/airflow/example_dags/plugins/event_listener.py for tasks to queue
[2023-05-21T20:01:37.909+0530] {logging_mixin.py:149} INFO - [2023-05-21T20:01:37.909+0530] {dagbag.py:541} INFO - Filling up the DagBag from /home/feuer/.local/lib/python3.10/site-packages/airflow/example_dags/plugins/event_listener.py
[2023-05-21T20:01:37.923+0530] {processor.py:811} WARNING - No viable dags retrieved from /home/feuer/.local/lib/python3.10/site-packages/airflow/example_dags/plugins/event_listener.py
[2023-05-21T20:01:37.932+0530] {processor.py:178} INFO - Processing /home/feuer/.local/lib/python3.10/site-packages/airflow/example_dags/plugins/event_listener.py took 0.042 seconds
[2023-05-21T20:02:43.292+0530] {processor.py:156} INFO - Started process (PID=27833) to work on /home/feuer/.local/lib/python3.10/site-packages/airflow/example_dags/plugins/event_listener.py
[2023-05-21T20:02:43.304+0530] {processor.py:799} INFO - Processing file /home/feuer/.local/lib/python3.10/site-packages/airflow/example_dags/plugins/event_listener.py for tasks to queue
[2023-05-21T20:02:43.305+0530] {logging_mixin.py:149} INFO - [2023-05-21T20:02:43.305+0530] {dagbag.py:541} INFO - Filling up the DagBag from /home/feuer/.local/lib/python3.10/site-packages/airflow/example_dags/plugins/event_listener.py
[2023-05-21T20:02:43.319+0530] {processor.py:811} WARNING - No viable dags retrieved from /home/feuer/.local/lib/python3.10/site-packages/airflow/example_dags/plugins/event_listener.py
[2023-05-21T20:02:43.327+0530] {processor.py:178} INFO - Processing /home/feuer/.local/lib/python3.10/site-packages/airflow/example_dags/plugins/event_listener.py took 0.038 seconds
[2023-05-21T20:03:45.573+0530] {processor.py:156} INFO - Started process (PID=28020) to work on /home/feuer/.local/lib/python3.10/site-packages/airflow/example_dags/plugins/event_listener.py
[2023-05-21T20:03:45.579+0530] {processor.py:799} INFO - Processing file /home/feuer/.local/lib/python3.10/site-packages/airflow/example_dags/plugins/event_listener.py for tasks to queue
[2023-05-21T20:03:45.579+0530] {logging_mixin.py:149} INFO - [2023-05-21T20:03:45.579+0530] {dagbag.py:541} INFO - Filling up the DagBag from /home/feuer/.local/lib/python3.10/site-packages/airflow/example_dags/plugins/event_listener.py
[2023-05-21T20:03:45.581+0530] {processor.py:811} WARNING - No viable dags retrieved from /home/feuer/.local/lib/python3.10/site-packages/airflow/example_dags/plugins/event_listener.py
[2023-05-21T20:03:45.587+0530] {processor.py:178} INFO - Processing /home/feuer/.local/lib/python3.10/site-packages/airflow/example_dags/plugins/event_listener.py took 0.017 seconds
[2023-05-21T20:04:45.643+0530] {processor.py:156} INFO - Started process (PID=28239) to work on /home/feuer/.local/lib/python3.10/site-packages/airflow/example_dags/plugins/event_listener.py
[2023-05-21T20:04:45.644+0530] {processor.py:799} INFO - Processing file /home/feuer/.local/lib/python3.10/site-packages/airflow/example_dags/plugins/event_listener.py for tasks to queue
[2023-05-21T20:04:45.644+0530] {logging_mixin.py:149} INFO - [2023-05-21T20:04:45.644+0530] {dagbag.py:541} INFO - Filling up the DagBag from /home/feuer/.local/lib/python3.10/site-packages/airflow/example_dags/plugins/event_listener.py
[2023-05-21T20:04:45.654+0530] {processor.py:811} WARNING - No viable dags retrieved from /home/feuer/.local/lib/python3.10/site-packages/airflow/example_dags/plugins/event_listener.py
[2023-05-21T20:04:45.660+0530] {processor.py:178} INFO - Processing /home/feuer/.local/lib/python3.10/site-packages/airflow/example_dags/plugins/event_listener.py took 0.019 seconds
[2023-05-21T20:05:44.238+0530] {processor.py:156} INFO - Started process (PID=28471) to work on /home/feuer/.local/lib/python3.10/site-packages/airflow/example_dags/plugins/event_listener.py
[2023-05-21T20:05:44.238+0530] {processor.py:799} INFO - Processing file /home/feuer/.local/lib/python3.10/site-packages/airflow/example_dags/plugins/event_listener.py for tasks to queue
[2023-05-21T20:05:44.239+0530] {logging_mixin.py:149} INFO - [2023-05-21T20:05:44.239+0530] {dagbag.py:541} INFO - Filling up the DagBag from /home/feuer/.local/lib/python3.10/site-packages/airflow/example_dags/plugins/event_listener.py
[2023-05-21T20:05:44.241+0530] {processor.py:811} WARNING - No viable dags retrieved from /home/feuer/.local/lib/python3.10/site-packages/airflow/example_dags/plugins/event_listener.py
[2023-05-21T20:05:44.254+0530] {processor.py:178} INFO - Processing /home/feuer/.local/lib/python3.10/site-packages/airflow/example_dags/plugins/event_listener.py took 0.020 seconds
[2023-05-21T20:06:39.938+0530] {processor.py:156} INFO - Started process (PID=28784) to work on /home/feuer/.local/lib/python3.10/site-packages/airflow/example_dags/plugins/event_listener.py
[2023-05-21T20:06:39.945+0530] {processor.py:799} INFO - Processing file /home/feuer/.local/lib/python3.10/site-packages/airflow/example_dags/plugins/event_listener.py for tasks to queue
[2023-05-21T20:06:39.945+0530] {logging_mixin.py:149} INFO - [2023-05-21T20:06:39.945+0530] {dagbag.py:541} INFO - Filling up the DagBag from /home/feuer/.local/lib/python3.10/site-packages/airflow/example_dags/plugins/event_listener.py
[2023-05-21T20:06:39.947+0530] {processor.py:811} WARNING - No viable dags retrieved from /home/feuer/.local/lib/python3.10/site-packages/airflow/example_dags/plugins/event_listener.py
[2023-05-21T20:06:39.958+0530] {processor.py:178} INFO - Processing /home/feuer/.local/lib/python3.10/site-packages/airflow/example_dags/plugins/event_listener.py took 0.023 seconds
[2023-05-21T20:07:36.199+0530] {processor.py:156} INFO - Started process (PID=28949) to work on /home/feuer/.local/lib/python3.10/site-packages/airflow/example_dags/plugins/event_listener.py
[2023-05-21T20:07:36.205+0530] {processor.py:799} INFO - Processing file /home/feuer/.local/lib/python3.10/site-packages/airflow/example_dags/plugins/event_listener.py for tasks to queue
[2023-05-21T20:07:36.206+0530] {logging_mixin.py:149} INFO - [2023-05-21T20:07:36.206+0530] {dagbag.py:541} INFO - Filling up the DagBag from /home/feuer/.local/lib/python3.10/site-packages/airflow/example_dags/plugins/event_listener.py
[2023-05-21T20:07:36.208+0530] {processor.py:811} WARNING - No viable dags retrieved from /home/feuer/.local/lib/python3.10/site-packages/airflow/example_dags/plugins/event_listener.py
[2023-05-21T20:07:36.218+0530] {processor.py:178} INFO - Processing /home/feuer/.local/lib/python3.10/site-packages/airflow/example_dags/plugins/event_listener.py took 0.022 seconds
[2023-05-21T20:08:32.446+0530] {processor.py:156} INFO - Started process (PID=29102) to work on /home/feuer/.local/lib/python3.10/site-packages/airflow/example_dags/plugins/event_listener.py
[2023-05-21T20:08:32.460+0530] {processor.py:799} INFO - Processing file /home/feuer/.local/lib/python3.10/site-packages/airflow/example_dags/plugins/event_listener.py for tasks to queue
[2023-05-21T20:08:32.461+0530] {logging_mixin.py:149} INFO - [2023-05-21T20:08:32.461+0530] {dagbag.py:541} INFO - Filling up the DagBag from /home/feuer/.local/lib/python3.10/site-packages/airflow/example_dags/plugins/event_listener.py
[2023-05-21T20:08:32.462+0530] {processor.py:811} WARNING - No viable dags retrieved from /home/feuer/.local/lib/python3.10/site-packages/airflow/example_dags/plugins/event_listener.py
[2023-05-21T20:08:32.469+0530] {processor.py:178} INFO - Processing /home/feuer/.local/lib/python3.10/site-packages/airflow/example_dags/plugins/event_listener.py took 0.026 seconds
[2023-05-21T20:09:30.075+0530] {processor.py:156} INFO - Started process (PID=29294) to work on /home/feuer/.local/lib/python3.10/site-packages/airflow/example_dags/plugins/event_listener.py
[2023-05-21T20:09:30.076+0530] {processor.py:799} INFO - Processing file /home/feuer/.local/lib/python3.10/site-packages/airflow/example_dags/plugins/event_listener.py for tasks to queue
[2023-05-21T20:09:30.076+0530] {logging_mixin.py:149} INFO - [2023-05-21T20:09:30.076+0530] {dagbag.py:541} INFO - Filling up the DagBag from /home/feuer/.local/lib/python3.10/site-packages/airflow/example_dags/plugins/event_listener.py
[2023-05-21T20:09:30.077+0530] {processor.py:811} WARNING - No viable dags retrieved from /home/feuer/.local/lib/python3.10/site-packages/airflow/example_dags/plugins/event_listener.py
[2023-05-21T20:09:30.085+0530] {processor.py:178} INFO - Processing /home/feuer/.local/lib/python3.10/site-packages/airflow/example_dags/plugins/event_listener.py took 0.013 seconds
[2023-05-21T20:10:26.059+0530] {processor.py:156} INFO - Started process (PID=29456) to work on /home/feuer/.local/lib/python3.10/site-packages/airflow/example_dags/plugins/event_listener.py
[2023-05-21T20:10:26.060+0530] {processor.py:799} INFO - Processing file /home/feuer/.local/lib/python3.10/site-packages/airflow/example_dags/plugins/event_listener.py for tasks to queue
[2023-05-21T20:10:26.060+0530] {logging_mixin.py:149} INFO - [2023-05-21T20:10:26.060+0530] {dagbag.py:541} INFO - Filling up the DagBag from /home/feuer/.local/lib/python3.10/site-packages/airflow/example_dags/plugins/event_listener.py
[2023-05-21T20:10:26.062+0530] {processor.py:811} WARNING - No viable dags retrieved from /home/feuer/.local/lib/python3.10/site-packages/airflow/example_dags/plugins/event_listener.py
[2023-05-21T20:10:26.072+0530] {processor.py:178} INFO - Processing /home/feuer/.local/lib/python3.10/site-packages/airflow/example_dags/plugins/event_listener.py took 0.016 seconds
[2023-05-21T20:11:21.211+0530] {processor.py:156} INFO - Started process (PID=29618) to work on /home/feuer/.local/lib/python3.10/site-packages/airflow/example_dags/plugins/event_listener.py
[2023-05-21T20:11:21.226+0530] {processor.py:799} INFO - Processing file /home/feuer/.local/lib/python3.10/site-packages/airflow/example_dags/plugins/event_listener.py for tasks to queue
[2023-05-21T20:11:21.227+0530] {logging_mixin.py:149} INFO - [2023-05-21T20:11:21.227+0530] {dagbag.py:541} INFO - Filling up the DagBag from /home/feuer/.local/lib/python3.10/site-packages/airflow/example_dags/plugins/event_listener.py
[2023-05-21T20:11:21.229+0530] {processor.py:811} WARNING - No viable dags retrieved from /home/feuer/.local/lib/python3.10/site-packages/airflow/example_dags/plugins/event_listener.py
[2023-05-21T20:11:21.237+0530] {processor.py:178} INFO - Processing /home/feuer/.local/lib/python3.10/site-packages/airflow/example_dags/plugins/event_listener.py took 0.028 seconds
[2023-05-21T20:12:18.492+0530] {processor.py:156} INFO - Started process (PID=29778) to work on /home/feuer/.local/lib/python3.10/site-packages/airflow/example_dags/plugins/event_listener.py
[2023-05-21T20:12:18.498+0530] {processor.py:799} INFO - Processing file /home/feuer/.local/lib/python3.10/site-packages/airflow/example_dags/plugins/event_listener.py for tasks to queue
[2023-05-21T20:12:18.499+0530] {logging_mixin.py:149} INFO - [2023-05-21T20:12:18.499+0530] {dagbag.py:541} INFO - Filling up the DagBag from /home/feuer/.local/lib/python3.10/site-packages/airflow/example_dags/plugins/event_listener.py
[2023-05-21T20:12:18.501+0530] {processor.py:811} WARNING - No viable dags retrieved from /home/feuer/.local/lib/python3.10/site-packages/airflow/example_dags/plugins/event_listener.py
[2023-05-21T20:12:18.511+0530] {processor.py:178} INFO - Processing /home/feuer/.local/lib/python3.10/site-packages/airflow/example_dags/plugins/event_listener.py took 0.022 seconds
[2023-05-21T16:57:54.161+0530] {processor.py:156} INFO - Started process (PID=55837) to work on /home/feuer/.local/lib/python3.10/site-packages/airflow/example_dags/plugins/event_listener.py
[2023-05-21T16:57:54.480+0530] {processor.py:799} INFO - Processing file /home/feuer/.local/lib/python3.10/site-packages/airflow/example_dags/plugins/event_listener.py for tasks to queue
[2023-05-21T16:57:54.481+0530] {logging_mixin.py:149} INFO - [2023-05-21T16:57:54.481+0530] {dagbag.py:541} INFO - Filling up the DagBag from /home/feuer/.local/lib/python3.10/site-packages/airflow/example_dags/plugins/event_listener.py
[2023-05-21T16:57:54.712+0530] {processor.py:811} WARNING - No viable dags retrieved from /home/feuer/.local/lib/python3.10/site-packages/airflow/example_dags/plugins/event_listener.py
[2023-05-21T16:57:54.723+0530] {processor.py:178} INFO - Processing /home/feuer/.local/lib/python3.10/site-packages/airflow/example_dags/plugins/event_listener.py took 0.564 seconds
[2023-05-21T16:59:23.800+0530] {processor.py:156} INFO - Started process (PID=56001) to work on /home/feuer/.local/lib/python3.10/site-packages/airflow/example_dags/plugins/event_listener.py
[2023-05-21T16:59:23.848+0530] {processor.py:799} INFO - Processing file /home/feuer/.local/lib/python3.10/site-packages/airflow/example_dags/plugins/event_listener.py for tasks to queue
[2023-05-21T16:59:23.849+0530] {logging_mixin.py:149} INFO - [2023-05-21T16:59:23.849+0530] {dagbag.py:541} INFO - Filling up the DagBag from /home/feuer/.local/lib/python3.10/site-packages/airflow/example_dags/plugins/event_listener.py
[2023-05-21T16:59:23.851+0530] {processor.py:811} WARNING - No viable dags retrieved from /home/feuer/.local/lib/python3.10/site-packages/airflow/example_dags/plugins/event_listener.py
[2023-05-21T16:59:23.860+0530] {processor.py:178} INFO - Processing /home/feuer/.local/lib/python3.10/site-packages/airflow/example_dags/plugins/event_listener.py took 0.063 seconds
[2023-05-21T17:00:08.551+0530] {processor.py:156} INFO - Started process (PID=56104) to work on /home/feuer/.local/lib/python3.10/site-packages/airflow/example_dags/plugins/event_listener.py
[2023-05-21T17:00:08.577+0530] {processor.py:799} INFO - Processing file /home/feuer/.local/lib/python3.10/site-packages/airflow/example_dags/plugins/event_listener.py for tasks to queue
[2023-05-21T17:00:08.578+0530] {logging_mixin.py:149} INFO - [2023-05-21T17:00:08.578+0530] {dagbag.py:541} INFO - Filling up the DagBag from /home/feuer/.local/lib/python3.10/site-packages/airflow/example_dags/plugins/event_listener.py
[2023-05-21T17:00:08.579+0530] {processor.py:811} WARNING - No viable dags retrieved from /home/feuer/.local/lib/python3.10/site-packages/airflow/example_dags/plugins/event_listener.py
[2023-05-21T17:00:08.585+0530] {processor.py:178} INFO - Processing /home/feuer/.local/lib/python3.10/site-packages/airflow/example_dags/plugins/event_listener.py took 0.036 seconds
[2023-05-21T17:01:24.216+0530] {processor.py:156} INFO - Started process (PID=56351) to work on /home/feuer/.local/lib/python3.10/site-packages/airflow/example_dags/plugins/event_listener.py
[2023-05-21T17:01:24.253+0530] {processor.py:799} INFO - Processing file /home/feuer/.local/lib/python3.10/site-packages/airflow/example_dags/plugins/event_listener.py for tasks to queue
[2023-05-21T17:01:24.254+0530] {logging_mixin.py:149} INFO - [2023-05-21T17:01:24.254+0530] {dagbag.py:541} INFO - Filling up the DagBag from /home/feuer/.local/lib/python3.10/site-packages/airflow/example_dags/plugins/event_listener.py
[2023-05-21T17:01:24.256+0530] {processor.py:811} WARNING - No viable dags retrieved from /home/feuer/.local/lib/python3.10/site-packages/airflow/example_dags/plugins/event_listener.py
[2023-05-21T17:01:24.263+0530] {processor.py:178} INFO - Processing /home/feuer/.local/lib/python3.10/site-packages/airflow/example_dags/plugins/event_listener.py took 0.049 seconds
[2023-05-21T17:02:12.720+0530] {processor.py:156} INFO - Started process (PID=56492) to work on /home/feuer/.local/lib/python3.10/site-packages/airflow/example_dags/plugins/event_listener.py
[2023-05-21T17:02:12.749+0530] {processor.py:799} INFO - Processing file /home/feuer/.local/lib/python3.10/site-packages/airflow/example_dags/plugins/event_listener.py for tasks to queue
[2023-05-21T17:02:12.749+0530] {logging_mixin.py:149} INFO - [2023-05-21T17:02:12.749+0530] {dagbag.py:541} INFO - Filling up the DagBag from /home/feuer/.local/lib/python3.10/site-packages/airflow/example_dags/plugins/event_listener.py
[2023-05-21T17:02:12.750+0530] {processor.py:811} WARNING - No viable dags retrieved from /home/feuer/.local/lib/python3.10/site-packages/airflow/example_dags/plugins/event_listener.py
[2023-05-21T17:02:12.757+0530] {processor.py:178} INFO - Processing /home/feuer/.local/lib/python3.10/site-packages/airflow/example_dags/plugins/event_listener.py took 0.038 seconds
[2023-05-21T17:02:51.871+0530] {processor.py:156} INFO - Started process (PID=56629) to work on /home/feuer/.local/lib/python3.10/site-packages/airflow/example_dags/plugins/event_listener.py
[2023-05-21T17:02:51.871+0530] {processor.py:799} INFO - Processing file /home/feuer/.local/lib/python3.10/site-packages/airflow/example_dags/plugins/event_listener.py for tasks to queue
[2023-05-21T17:02:51.872+0530] {logging_mixin.py:149} INFO - [2023-05-21T17:02:51.872+0530] {dagbag.py:541} INFO - Filling up the DagBag from /home/feuer/.local/lib/python3.10/site-packages/airflow/example_dags/plugins/event_listener.py
[2023-05-21T17:02:51.873+0530] {processor.py:811} WARNING - No viable dags retrieved from /home/feuer/.local/lib/python3.10/site-packages/airflow/example_dags/plugins/event_listener.py
[2023-05-21T17:02:51.880+0530] {processor.py:178} INFO - Processing /home/feuer/.local/lib/python3.10/site-packages/airflow/example_dags/plugins/event_listener.py took 0.011 seconds
[2023-05-21T17:03:44.287+0530] {processor.py:156} INFO - Started process (PID=56740) to work on /home/feuer/.local/lib/python3.10/site-packages/airflow/example_dags/plugins/event_listener.py
[2023-05-21T17:03:44.288+0530] {processor.py:799} INFO - Processing file /home/feuer/.local/lib/python3.10/site-packages/airflow/example_dags/plugins/event_listener.py for tasks to queue
[2023-05-21T17:03:44.288+0530] {logging_mixin.py:149} INFO - [2023-05-21T17:03:44.288+0530] {dagbag.py:541} INFO - Filling up the DagBag from /home/feuer/.local/lib/python3.10/site-packages/airflow/example_dags/plugins/event_listener.py
[2023-05-21T17:03:44.290+0530] {processor.py:811} WARNING - No viable dags retrieved from /home/feuer/.local/lib/python3.10/site-packages/airflow/example_dags/plugins/event_listener.py
[2023-05-21T17:03:44.297+0530] {processor.py:178} INFO - Processing /home/feuer/.local/lib/python3.10/site-packages/airflow/example_dags/plugins/event_listener.py took 0.012 seconds
[2023-05-21T17:04:31.796+0530] {processor.py:156} INFO - Started process (PID=56876) to work on /home/feuer/.local/lib/python3.10/site-packages/airflow/example_dags/plugins/event_listener.py
[2023-05-21T17:04:31.797+0530] {processor.py:799} INFO - Processing file /home/feuer/.local/lib/python3.10/site-packages/airflow/example_dags/plugins/event_listener.py for tasks to queue
[2023-05-21T17:04:31.797+0530] {logging_mixin.py:149} INFO - [2023-05-21T17:04:31.797+0530] {dagbag.py:541} INFO - Filling up the DagBag from /home/feuer/.local/lib/python3.10/site-packages/airflow/example_dags/plugins/event_listener.py
[2023-05-21T17:04:31.798+0530] {processor.py:811} WARNING - No viable dags retrieved from /home/feuer/.local/lib/python3.10/site-packages/airflow/example_dags/plugins/event_listener.py
[2023-05-21T17:04:31.804+0530] {processor.py:178} INFO - Processing /home/feuer/.local/lib/python3.10/site-packages/airflow/example_dags/plugins/event_listener.py took 0.010 seconds
[2023-05-21T17:05:17.074+0530] {processor.py:156} INFO - Started process (PID=56979) to work on /home/feuer/.local/lib/python3.10/site-packages/airflow/example_dags/plugins/event_listener.py
[2023-05-21T17:05:17.075+0530] {processor.py:799} INFO - Processing file /home/feuer/.local/lib/python3.10/site-packages/airflow/example_dags/plugins/event_listener.py for tasks to queue
[2023-05-21T17:05:17.076+0530] {logging_mixin.py:149} INFO - [2023-05-21T17:05:17.076+0530] {dagbag.py:541} INFO - Filling up the DagBag from /home/feuer/.local/lib/python3.10/site-packages/airflow/example_dags/plugins/event_listener.py
[2023-05-21T17:05:17.078+0530] {processor.py:811} WARNING - No viable dags retrieved from /home/feuer/.local/lib/python3.10/site-packages/airflow/example_dags/plugins/event_listener.py
[2023-05-21T17:05:17.088+0530] {processor.py:178} INFO - Processing /home/feuer/.local/lib/python3.10/site-packages/airflow/example_dags/plugins/event_listener.py took 0.016 seconds
[2023-05-21T17:06:03.313+0530] {processor.py:156} INFO - Started process (PID=57084) to work on /home/feuer/.local/lib/python3.10/site-packages/airflow/example_dags/plugins/event_listener.py
[2023-05-21T17:06:03.314+0530] {processor.py:799} INFO - Processing file /home/feuer/.local/lib/python3.10/site-packages/airflow/example_dags/plugins/event_listener.py for tasks to queue
[2023-05-21T17:06:03.315+0530] {logging_mixin.py:149} INFO - [2023-05-21T17:06:03.315+0530] {dagbag.py:541} INFO - Filling up the DagBag from /home/feuer/.local/lib/python3.10/site-packages/airflow/example_dags/plugins/event_listener.py
[2023-05-21T17:06:03.316+0530] {processor.py:811} WARNING - No viable dags retrieved from /home/feuer/.local/lib/python3.10/site-packages/airflow/example_dags/plugins/event_listener.py
[2023-05-21T17:06:03.324+0530] {processor.py:178} INFO - Processing /home/feuer/.local/lib/python3.10/site-packages/airflow/example_dags/plugins/event_listener.py took 0.013 seconds
[2023-05-21T17:06:46.658+0530] {processor.py:156} INFO - Started process (PID=57189) to work on /home/feuer/.local/lib/python3.10/site-packages/airflow/example_dags/plugins/event_listener.py
[2023-05-21T17:06:46.672+0530] {processor.py:799} INFO - Processing file /home/feuer/.local/lib/python3.10/site-packages/airflow/example_dags/plugins/event_listener.py for tasks to queue
[2023-05-21T17:06:46.673+0530] {logging_mixin.py:149} INFO - [2023-05-21T17:06:46.673+0530] {dagbag.py:541} INFO - Filling up the DagBag from /home/feuer/.local/lib/python3.10/site-packages/airflow/example_dags/plugins/event_listener.py
[2023-05-21T17:06:46.674+0530] {processor.py:811} WARNING - No viable dags retrieved from /home/feuer/.local/lib/python3.10/site-packages/airflow/example_dags/plugins/event_listener.py
[2023-05-21T17:06:46.685+0530] {processor.py:178} INFO - Processing /home/feuer/.local/lib/python3.10/site-packages/airflow/example_dags/plugins/event_listener.py took 0.030 seconds
[2023-05-21T17:07:31.123+0530] {processor.py:156} INFO - Started process (PID=57295) to work on /home/feuer/.local/lib/python3.10/site-packages/airflow/example_dags/plugins/event_listener.py
[2023-05-21T17:07:31.135+0530] {processor.py:799} INFO - Processing file /home/feuer/.local/lib/python3.10/site-packages/airflow/example_dags/plugins/event_listener.py for tasks to queue
[2023-05-21T17:07:31.136+0530] {logging_mixin.py:149} INFO - [2023-05-21T17:07:31.136+0530] {dagbag.py:541} INFO - Filling up the DagBag from /home/feuer/.local/lib/python3.10/site-packages/airflow/example_dags/plugins/event_listener.py
[2023-05-21T17:07:31.137+0530] {processor.py:811} WARNING - No viable dags retrieved from /home/feuer/.local/lib/python3.10/site-packages/airflow/example_dags/plugins/event_listener.py
[2023-05-21T17:07:31.143+0530] {processor.py:178} INFO - Processing /home/feuer/.local/lib/python3.10/site-packages/airflow/example_dags/plugins/event_listener.py took 0.021 seconds
[2023-05-21T17:08:15.414+0530] {processor.py:156} INFO - Started process (PID=57411) to work on /home/feuer/.local/lib/python3.10/site-packages/airflow/example_dags/plugins/event_listener.py
[2023-05-21T17:08:15.424+0530] {processor.py:799} INFO - Processing file /home/feuer/.local/lib/python3.10/site-packages/airflow/example_dags/plugins/event_listener.py for tasks to queue
[2023-05-21T17:08:15.424+0530] {logging_mixin.py:149} INFO - [2023-05-21T17:08:15.424+0530] {dagbag.py:541} INFO - Filling up the DagBag from /home/feuer/.local/lib/python3.10/site-packages/airflow/example_dags/plugins/event_listener.py
[2023-05-21T17:08:15.426+0530] {processor.py:811} WARNING - No viable dags retrieved from /home/feuer/.local/lib/python3.10/site-packages/airflow/example_dags/plugins/event_listener.py
[2023-05-21T17:08:15.436+0530] {processor.py:178} INFO - Processing /home/feuer/.local/lib/python3.10/site-packages/airflow/example_dags/plugins/event_listener.py took 0.025 seconds
[2023-05-21T17:09:02.082+0530] {processor.py:156} INFO - Started process (PID=57546) to work on /home/feuer/.local/lib/python3.10/site-packages/airflow/example_dags/plugins/event_listener.py
[2023-05-21T17:09:02.095+0530] {processor.py:799} INFO - Processing file /home/feuer/.local/lib/python3.10/site-packages/airflow/example_dags/plugins/event_listener.py for tasks to queue
[2023-05-21T17:09:02.096+0530] {logging_mixin.py:149} INFO - [2023-05-21T17:09:02.096+0530] {dagbag.py:541} INFO - Filling up the DagBag from /home/feuer/.local/lib/python3.10/site-packages/airflow/example_dags/plugins/event_listener.py
[2023-05-21T17:09:02.098+0530] {processor.py:811} WARNING - No viable dags retrieved from /home/feuer/.local/lib/python3.10/site-packages/airflow/example_dags/plugins/event_listener.py
[2023-05-21T17:09:02.108+0530] {processor.py:178} INFO - Processing /home/feuer/.local/lib/python3.10/site-packages/airflow/example_dags/plugins/event_listener.py took 0.028 seconds
[2023-05-21T17:09:47.838+0530] {processor.py:156} INFO - Started process (PID=57670) to work on /home/feuer/.local/lib/python3.10/site-packages/airflow/example_dags/plugins/event_listener.py
[2023-05-21T17:09:47.850+0530] {processor.py:799} INFO - Processing file /home/feuer/.local/lib/python3.10/site-packages/airflow/example_dags/plugins/event_listener.py for tasks to queue
[2023-05-21T17:09:47.851+0530] {logging_mixin.py:149} INFO - [2023-05-21T17:09:47.851+0530] {dagbag.py:541} INFO - Filling up the DagBag from /home/feuer/.local/lib/python3.10/site-packages/airflow/example_dags/plugins/event_listener.py
[2023-05-21T17:09:47.853+0530] {processor.py:811} WARNING - No viable dags retrieved from /home/feuer/.local/lib/python3.10/site-packages/airflow/example_dags/plugins/event_listener.py
[2023-05-21T17:09:47.863+0530] {processor.py:178} INFO - Processing /home/feuer/.local/lib/python3.10/site-packages/airflow/example_dags/plugins/event_listener.py took 0.028 seconds
[2023-05-21T17:10:32.240+0530] {processor.py:156} INFO - Started process (PID=57773) to work on /home/feuer/.local/lib/python3.10/site-packages/airflow/example_dags/plugins/event_listener.py
[2023-05-21T17:10:32.247+0530] {processor.py:799} INFO - Processing file /home/feuer/.local/lib/python3.10/site-packages/airflow/example_dags/plugins/event_listener.py for tasks to queue
[2023-05-21T17:10:32.247+0530] {logging_mixin.py:149} INFO - [2023-05-21T17:10:32.247+0530] {dagbag.py:541} INFO - Filling up the DagBag from /home/feuer/.local/lib/python3.10/site-packages/airflow/example_dags/plugins/event_listener.py
[2023-05-21T17:10:32.248+0530] {processor.py:811} WARNING - No viable dags retrieved from /home/feuer/.local/lib/python3.10/site-packages/airflow/example_dags/plugins/event_listener.py
[2023-05-21T17:10:32.254+0530] {processor.py:178} INFO - Processing /home/feuer/.local/lib/python3.10/site-packages/airflow/example_dags/plugins/event_listener.py took 0.016 seconds
[2023-05-21T17:11:19.083+0530] {processor.py:156} INFO - Started process (PID=57883) to work on /home/feuer/.local/lib/python3.10/site-packages/airflow/example_dags/plugins/event_listener.py
[2023-05-21T17:11:19.094+0530] {processor.py:799} INFO - Processing file /home/feuer/.local/lib/python3.10/site-packages/airflow/example_dags/plugins/event_listener.py for tasks to queue
[2023-05-21T17:11:19.094+0530] {logging_mixin.py:149} INFO - [2023-05-21T17:11:19.094+0530] {dagbag.py:541} INFO - Filling up the DagBag from /home/feuer/.local/lib/python3.10/site-packages/airflow/example_dags/plugins/event_listener.py
[2023-05-21T17:11:19.096+0530] {processor.py:811} WARNING - No viable dags retrieved from /home/feuer/.local/lib/python3.10/site-packages/airflow/example_dags/plugins/event_listener.py
[2023-05-21T17:11:19.106+0530] {processor.py:178} INFO - Processing /home/feuer/.local/lib/python3.10/site-packages/airflow/example_dags/plugins/event_listener.py took 0.026 seconds
[2023-05-21T17:12:07.201+0530] {processor.py:156} INFO - Started process (PID=57999) to work on /home/feuer/.local/lib/python3.10/site-packages/airflow/example_dags/plugins/event_listener.py
[2023-05-21T17:12:07.201+0530] {processor.py:799} INFO - Processing file /home/feuer/.local/lib/python3.10/site-packages/airflow/example_dags/plugins/event_listener.py for tasks to queue
[2023-05-21T17:12:07.202+0530] {logging_mixin.py:149} INFO - [2023-05-21T17:12:07.201+0530] {dagbag.py:541} INFO - Filling up the DagBag from /home/feuer/.local/lib/python3.10/site-packages/airflow/example_dags/plugins/event_listener.py
[2023-05-21T17:12:07.203+0530] {processor.py:811} WARNING - No viable dags retrieved from /home/feuer/.local/lib/python3.10/site-packages/airflow/example_dags/plugins/event_listener.py
[2023-05-21T17:12:07.209+0530] {processor.py:178} INFO - Processing /home/feuer/.local/lib/python3.10/site-packages/airflow/example_dags/plugins/event_listener.py took 0.010 seconds
[2023-05-21T17:12:51.876+0530] {processor.py:156} INFO - Started process (PID=58110) to work on /home/feuer/.local/lib/python3.10/site-packages/airflow/example_dags/plugins/event_listener.py
[2023-05-21T17:12:51.887+0530] {processor.py:799} INFO - Processing file /home/feuer/.local/lib/python3.10/site-packages/airflow/example_dags/plugins/event_listener.py for tasks to queue
[2023-05-21T17:12:51.888+0530] {logging_mixin.py:149} INFO - [2023-05-21T17:12:51.888+0530] {dagbag.py:541} INFO - Filling up the DagBag from /home/feuer/.local/lib/python3.10/site-packages/airflow/example_dags/plugins/event_listener.py
[2023-05-21T17:12:51.889+0530] {processor.py:811} WARNING - No viable dags retrieved from /home/feuer/.local/lib/python3.10/site-packages/airflow/example_dags/plugins/event_listener.py
[2023-05-21T17:12:51.895+0530] {processor.py:178} INFO - Processing /home/feuer/.local/lib/python3.10/site-packages/airflow/example_dags/plugins/event_listener.py took 0.021 seconds
[2023-05-21T17:13:35.518+0530] {processor.py:156} INFO - Started process (PID=58224) to work on /home/feuer/.local/lib/python3.10/site-packages/airflow/example_dags/plugins/event_listener.py
[2023-05-21T17:13:35.519+0530] {processor.py:799} INFO - Processing file /home/feuer/.local/lib/python3.10/site-packages/airflow/example_dags/plugins/event_listener.py for tasks to queue
[2023-05-21T17:13:35.519+0530] {logging_mixin.py:149} INFO - [2023-05-21T17:13:35.519+0530] {dagbag.py:541} INFO - Filling up the DagBag from /home/feuer/.local/lib/python3.10/site-packages/airflow/example_dags/plugins/event_listener.py
[2023-05-21T17:13:35.520+0530] {processor.py:811} WARNING - No viable dags retrieved from /home/feuer/.local/lib/python3.10/site-packages/airflow/example_dags/plugins/event_listener.py
[2023-05-21T17:13:35.528+0530] {processor.py:178} INFO - Processing /home/feuer/.local/lib/python3.10/site-packages/airflow/example_dags/plugins/event_listener.py took 0.012 seconds
[2023-05-21T17:14:21.103+0530] {processor.py:156} INFO - Started process (PID=58340) to work on /home/feuer/.local/lib/python3.10/site-packages/airflow/example_dags/plugins/event_listener.py
[2023-05-21T17:14:21.112+0530] {processor.py:799} INFO - Processing file /home/feuer/.local/lib/python3.10/site-packages/airflow/example_dags/plugins/event_listener.py for tasks to queue
[2023-05-21T17:14:21.113+0530] {logging_mixin.py:149} INFO - [2023-05-21T17:14:21.113+0530] {dagbag.py:541} INFO - Filling up the DagBag from /home/feuer/.local/lib/python3.10/site-packages/airflow/example_dags/plugins/event_listener.py
[2023-05-21T17:14:21.114+0530] {processor.py:811} WARNING - No viable dags retrieved from /home/feuer/.local/lib/python3.10/site-packages/airflow/example_dags/plugins/event_listener.py
[2023-05-21T17:14:21.124+0530] {processor.py:178} INFO - Processing /home/feuer/.local/lib/python3.10/site-packages/airflow/example_dags/plugins/event_listener.py took 0.024 seconds
[2023-05-21T17:15:09.522+0530] {processor.py:156} INFO - Started process (PID=58465) to work on /home/feuer/.local/lib/python3.10/site-packages/airflow/example_dags/plugins/event_listener.py
[2023-05-21T17:15:09.534+0530] {processor.py:799} INFO - Processing file /home/feuer/.local/lib/python3.10/site-packages/airflow/example_dags/plugins/event_listener.py for tasks to queue
[2023-05-21T17:15:09.534+0530] {logging_mixin.py:149} INFO - [2023-05-21T17:15:09.534+0530] {dagbag.py:541} INFO - Filling up the DagBag from /home/feuer/.local/lib/python3.10/site-packages/airflow/example_dags/plugins/event_listener.py
[2023-05-21T17:15:09.536+0530] {processor.py:811} WARNING - No viable dags retrieved from /home/feuer/.local/lib/python3.10/site-packages/airflow/example_dags/plugins/event_listener.py
[2023-05-21T17:15:09.542+0530] {processor.py:178} INFO - Processing /home/feuer/.local/lib/python3.10/site-packages/airflow/example_dags/plugins/event_listener.py took 0.023 seconds
[2023-05-21T17:15:56.519+0530] {processor.py:156} INFO - Started process (PID=58571) to work on /home/feuer/.local/lib/python3.10/site-packages/airflow/example_dags/plugins/event_listener.py
[2023-05-21T17:15:56.531+0530] {processor.py:799} INFO - Processing file /home/feuer/.local/lib/python3.10/site-packages/airflow/example_dags/plugins/event_listener.py for tasks to queue
[2023-05-21T17:15:56.532+0530] {logging_mixin.py:149} INFO - [2023-05-21T17:15:56.531+0530] {dagbag.py:541} INFO - Filling up the DagBag from /home/feuer/.local/lib/python3.10/site-packages/airflow/example_dags/plugins/event_listener.py
[2023-05-21T17:15:56.533+0530] {processor.py:811} WARNING - No viable dags retrieved from /home/feuer/.local/lib/python3.10/site-packages/airflow/example_dags/plugins/event_listener.py
[2023-05-21T17:15:56.543+0530] {processor.py:178} INFO - Processing /home/feuer/.local/lib/python3.10/site-packages/airflow/example_dags/plugins/event_listener.py took 0.026 seconds
[2023-05-21T17:16:43.834+0530] {processor.py:156} INFO - Started process (PID=58677) to work on /home/feuer/.local/lib/python3.10/site-packages/airflow/example_dags/plugins/event_listener.py
[2023-05-21T17:16:43.834+0530] {processor.py:799} INFO - Processing file /home/feuer/.local/lib/python3.10/site-packages/airflow/example_dags/plugins/event_listener.py for tasks to queue
[2023-05-21T17:16:43.835+0530] {logging_mixin.py:149} INFO - [2023-05-21T17:16:43.835+0530] {dagbag.py:541} INFO - Filling up the DagBag from /home/feuer/.local/lib/python3.10/site-packages/airflow/example_dags/plugins/event_listener.py
[2023-05-21T17:16:43.837+0530] {processor.py:811} WARNING - No viable dags retrieved from /home/feuer/.local/lib/python3.10/site-packages/airflow/example_dags/plugins/event_listener.py
[2023-05-21T17:16:43.846+0530] {processor.py:178} INFO - Processing /home/feuer/.local/lib/python3.10/site-packages/airflow/example_dags/plugins/event_listener.py took 0.015 seconds
[2023-05-21T17:17:30.778+0530] {processor.py:156} INFO - Started process (PID=58787) to work on /home/feuer/.local/lib/python3.10/site-packages/airflow/example_dags/plugins/event_listener.py
[2023-05-21T17:17:30.779+0530] {processor.py:799} INFO - Processing file /home/feuer/.local/lib/python3.10/site-packages/airflow/example_dags/plugins/event_listener.py for tasks to queue
[2023-05-21T17:17:30.780+0530] {logging_mixin.py:149} INFO - [2023-05-21T17:17:30.780+0530] {dagbag.py:541} INFO - Filling up the DagBag from /home/feuer/.local/lib/python3.10/site-packages/airflow/example_dags/plugins/event_listener.py
[2023-05-21T17:17:30.781+0530] {processor.py:811} WARNING - No viable dags retrieved from /home/feuer/.local/lib/python3.10/site-packages/airflow/example_dags/plugins/event_listener.py
[2023-05-21T17:17:30.791+0530] {processor.py:178} INFO - Processing /home/feuer/.local/lib/python3.10/site-packages/airflow/example_dags/plugins/event_listener.py took 0.015 seconds
[2023-05-21T17:18:17.400+0530] {processor.py:156} INFO - Started process (PID=58907) to work on /home/feuer/.local/lib/python3.10/site-packages/airflow/example_dags/plugins/event_listener.py
[2023-05-21T17:18:17.401+0530] {processor.py:799} INFO - Processing file /home/feuer/.local/lib/python3.10/site-packages/airflow/example_dags/plugins/event_listener.py for tasks to queue
[2023-05-21T17:18:17.402+0530] {logging_mixin.py:149} INFO - [2023-05-21T17:18:17.402+0530] {dagbag.py:541} INFO - Filling up the DagBag from /home/feuer/.local/lib/python3.10/site-packages/airflow/example_dags/plugins/event_listener.py
[2023-05-21T17:18:17.403+0530] {processor.py:811} WARNING - No viable dags retrieved from /home/feuer/.local/lib/python3.10/site-packages/airflow/example_dags/plugins/event_listener.py
[2023-05-21T17:18:17.413+0530] {processor.py:178} INFO - Processing /home/feuer/.local/lib/python3.10/site-packages/airflow/example_dags/plugins/event_listener.py took 0.015 seconds
[2023-05-21T17:19:03.092+0530] {processor.py:156} INFO - Started process (PID=59014) to work on /home/feuer/.local/lib/python3.10/site-packages/airflow/example_dags/plugins/event_listener.py
[2023-05-21T17:19:03.106+0530] {processor.py:799} INFO - Processing file /home/feuer/.local/lib/python3.10/site-packages/airflow/example_dags/plugins/event_listener.py for tasks to queue
[2023-05-21T17:19:03.106+0530] {logging_mixin.py:149} INFO - [2023-05-21T17:19:03.106+0530] {dagbag.py:541} INFO - Filling up the DagBag from /home/feuer/.local/lib/python3.10/site-packages/airflow/example_dags/plugins/event_listener.py
[2023-05-21T17:19:03.108+0530] {processor.py:811} WARNING - No viable dags retrieved from /home/feuer/.local/lib/python3.10/site-packages/airflow/example_dags/plugins/event_listener.py
[2023-05-21T17:19:03.118+0530] {processor.py:178} INFO - Processing /home/feuer/.local/lib/python3.10/site-packages/airflow/example_dags/plugins/event_listener.py took 0.029 seconds
[2023-05-21T17:19:48.434+0530] {processor.py:156} INFO - Started process (PID=59132) to work on /home/feuer/.local/lib/python3.10/site-packages/airflow/example_dags/plugins/event_listener.py
[2023-05-21T17:19:48.443+0530] {processor.py:799} INFO - Processing file /home/feuer/.local/lib/python3.10/site-packages/airflow/example_dags/plugins/event_listener.py for tasks to queue
[2023-05-21T17:19:48.443+0530] {logging_mixin.py:149} INFO - [2023-05-21T17:19:48.443+0530] {dagbag.py:541} INFO - Filling up the DagBag from /home/feuer/.local/lib/python3.10/site-packages/airflow/example_dags/plugins/event_listener.py
[2023-05-21T17:19:48.445+0530] {processor.py:811} WARNING - No viable dags retrieved from /home/feuer/.local/lib/python3.10/site-packages/airflow/example_dags/plugins/event_listener.py
[2023-05-21T17:19:48.454+0530] {processor.py:178} INFO - Processing /home/feuer/.local/lib/python3.10/site-packages/airflow/example_dags/plugins/event_listener.py took 0.023 seconds
[2023-05-21T17:20:36.506+0530] {processor.py:156} INFO - Started process (PID=59318) to work on /home/feuer/.local/lib/python3.10/site-packages/airflow/example_dags/plugins/event_listener.py
[2023-05-21T17:20:36.873+0530] {processor.py:799} INFO - Processing file /home/feuer/.local/lib/python3.10/site-packages/airflow/example_dags/plugins/event_listener.py for tasks to queue
[2023-05-21T17:20:36.874+0530] {logging_mixin.py:149} INFO - [2023-05-21T17:20:36.874+0530] {dagbag.py:541} INFO - Filling up the DagBag from /home/feuer/.local/lib/python3.10/site-packages/airflow/example_dags/plugins/event_listener.py
[2023-05-21T17:20:36.875+0530] {processor.py:811} WARNING - No viable dags retrieved from /home/feuer/.local/lib/python3.10/site-packages/airflow/example_dags/plugins/event_listener.py
[2023-05-21T17:20:36.885+0530] {processor.py:178} INFO - Processing /home/feuer/.local/lib/python3.10/site-packages/airflow/example_dags/plugins/event_listener.py took 0.383 seconds
[2023-05-21T17:21:21.906+0530] {processor.py:156} INFO - Started process (PID=59479) to work on /home/feuer/.local/lib/python3.10/site-packages/airflow/example_dags/plugins/event_listener.py
[2023-05-21T17:21:22.079+0530] {processor.py:799} INFO - Processing file /home/feuer/.local/lib/python3.10/site-packages/airflow/example_dags/plugins/event_listener.py for tasks to queue
[2023-05-21T17:21:22.079+0530] {logging_mixin.py:149} INFO - [2023-05-21T17:21:22.079+0530] {dagbag.py:541} INFO - Filling up the DagBag from /home/feuer/.local/lib/python3.10/site-packages/airflow/example_dags/plugins/event_listener.py
[2023-05-21T17:21:22.081+0530] {processor.py:811} WARNING - No viable dags retrieved from /home/feuer/.local/lib/python3.10/site-packages/airflow/example_dags/plugins/event_listener.py
[2023-05-21T17:21:22.092+0530] {processor.py:178} INFO - Processing /home/feuer/.local/lib/python3.10/site-packages/airflow/example_dags/plugins/event_listener.py took 0.189 seconds
[2023-05-21T17:22:20.916+0530] {processor.py:156} INFO - Started process (PID=59668) to work on /home/feuer/.local/lib/python3.10/site-packages/airflow/example_dags/plugins/event_listener.py
[2023-05-21T17:22:20.958+0530] {processor.py:799} INFO - Processing file /home/feuer/.local/lib/python3.10/site-packages/airflow/example_dags/plugins/event_listener.py for tasks to queue
[2023-05-21T17:22:20.959+0530] {logging_mixin.py:149} INFO - [2023-05-21T17:22:20.959+0530] {dagbag.py:541} INFO - Filling up the DagBag from /home/feuer/.local/lib/python3.10/site-packages/airflow/example_dags/plugins/event_listener.py
[2023-05-21T17:22:20.961+0530] {processor.py:811} WARNING - No viable dags retrieved from /home/feuer/.local/lib/python3.10/site-packages/airflow/example_dags/plugins/event_listener.py
[2023-05-21T17:22:20.973+0530] {processor.py:178} INFO - Processing /home/feuer/.local/lib/python3.10/site-packages/airflow/example_dags/plugins/event_listener.py took 0.058 seconds
