[2023-05-14T16:32:14.157+0530] {processor.py:156} INFO - Started process (PID=12400) to work on /home/feuer/.local/lib/python3.10/site-packages/airflow/example_dags/example_latest_only_with_trigger.py
[2023-05-14T16:32:14.157+0530] {processor.py:799} INFO - Processing file /home/feuer/.local/lib/python3.10/site-packages/airflow/example_dags/example_latest_only_with_trigger.py for tasks to queue
[2023-05-14T16:32:14.158+0530] {logging_mixin.py:149} INFO - [2023-05-14T16:32:14.158+0530] {dagbag.py:541} INFO - Filling up the DagBag from /home/feuer/.local/lib/python3.10/site-packages/airflow/example_dags/example_latest_only_with_trigger.py
[2023-05-14T16:32:14.162+0530] {processor.py:809} INFO - DAG(s) dict_keys(['latest_only_with_trigger']) retrieved from /home/feuer/.local/lib/python3.10/site-packages/airflow/example_dags/example_latest_only_with_trigger.py
[2023-05-14T16:32:14.358+0530] {logging_mixin.py:149} INFO - [2023-05-14T16:32:14.358+0530] {manager.py:504} INFO - Created Permission View: can delete on DAG:latest_only_with_trigger
[2023-05-14T16:32:14.408+0530] {logging_mixin.py:149} INFO - [2023-05-14T16:32:14.408+0530] {manager.py:504} INFO - Created Permission View: can edit on DAG:latest_only_with_trigger
[2023-05-14T16:32:14.483+0530] {logging_mixin.py:149} INFO - [2023-05-14T16:32:14.483+0530] {manager.py:504} INFO - Created Permission View: can read on DAG:latest_only_with_trigger
[2023-05-14T16:32:14.483+0530] {logging_mixin.py:149} INFO - [2023-05-14T16:32:14.483+0530] {dag.py:2726} INFO - Sync 1 DAGs
[2023-05-14T16:32:14.491+0530] {logging_mixin.py:149} INFO - [2023-05-14T16:32:14.491+0530] {dag.py:2747} INFO - Creating ORM DAG for latest_only_with_trigger
[2023-05-14T16:32:14.497+0530] {logging_mixin.py:149} INFO - [2023-05-14T16:32:14.497+0530] {dag.py:3486} INFO - Setting next_dagrun for latest_only_with_trigger to 2023-05-14T07:02:14.497659+00:00, run_after=2023-05-14T11:02:14.497659+00:00
[2023-05-14T16:32:14.597+0530] {processor.py:178} INFO - Processing /home/feuer/.local/lib/python3.10/site-packages/airflow/example_dags/example_latest_only_with_trigger.py took 0.442 seconds
[2023-05-14T16:33:14.001+0530] {processor.py:156} INFO - Started process (PID=12562) to work on /home/feuer/.local/lib/python3.10/site-packages/airflow/example_dags/example_latest_only_with_trigger.py
[2023-05-14T16:33:14.011+0530] {processor.py:799} INFO - Processing file /home/feuer/.local/lib/python3.10/site-packages/airflow/example_dags/example_latest_only_with_trigger.py for tasks to queue
[2023-05-14T16:33:14.012+0530] {logging_mixin.py:149} INFO - [2023-05-14T16:33:14.012+0530] {dagbag.py:541} INFO - Filling up the DagBag from /home/feuer/.local/lib/python3.10/site-packages/airflow/example_dags/example_latest_only_with_trigger.py
[2023-05-14T16:33:14.017+0530] {processor.py:809} INFO - DAG(s) dict_keys(['latest_only_with_trigger']) retrieved from /home/feuer/.local/lib/python3.10/site-packages/airflow/example_dags/example_latest_only_with_trigger.py
[2023-05-14T16:33:14.032+0530] {logging_mixin.py:149} INFO - [2023-05-14T16:33:14.032+0530] {dag.py:2726} INFO - Sync 1 DAGs
[2023-05-14T16:33:14.047+0530] {logging_mixin.py:149} INFO - [2023-05-14T16:33:14.046+0530] {dag.py:3486} INFO - Setting next_dagrun for latest_only_with_trigger to 2023-05-14T07:03:14.046808+00:00, run_after=2023-05-14T11:03:14.046808+00:00
[2023-05-14T16:33:14.117+0530] {processor.py:178} INFO - Processing /home/feuer/.local/lib/python3.10/site-packages/airflow/example_dags/example_latest_only_with_trigger.py took 0.119 seconds
[2023-05-14T16:35:59.413+0530] {processor.py:156} INFO - Started process (PID=13021) to work on /home/feuer/.local/lib/python3.10/site-packages/airflow/example_dags/example_latest_only_with_trigger.py
[2023-05-14T16:35:59.420+0530] {processor.py:799} INFO - Processing file /home/feuer/.local/lib/python3.10/site-packages/airflow/example_dags/example_latest_only_with_trigger.py for tasks to queue
[2023-05-14T16:35:59.420+0530] {logging_mixin.py:149} INFO - [2023-05-14T16:35:59.420+0530] {dagbag.py:541} INFO - Filling up the DagBag from /home/feuer/.local/lib/python3.10/site-packages/airflow/example_dags/example_latest_only_with_trigger.py
[2023-05-14T16:35:59.425+0530] {processor.py:809} INFO - DAG(s) dict_keys(['latest_only_with_trigger']) retrieved from /home/feuer/.local/lib/python3.10/site-packages/airflow/example_dags/example_latest_only_with_trigger.py
[2023-05-14T16:35:59.440+0530] {logging_mixin.py:149} INFO - [2023-05-14T16:35:59.440+0530] {dag.py:2726} INFO - Sync 1 DAGs
[2023-05-14T16:35:59.464+0530] {logging_mixin.py:149} INFO - [2023-05-14T16:35:59.464+0530] {dag.py:3486} INFO - Setting next_dagrun for latest_only_with_trigger to 2023-05-14T07:05:59.464541+00:00, run_after=2023-05-14T11:05:59.464541+00:00
[2023-05-14T16:35:59.553+0530] {processor.py:178} INFO - Processing /home/feuer/.local/lib/python3.10/site-packages/airflow/example_dags/example_latest_only_with_trigger.py took 0.142 seconds
