[2023-05-14T16:32:40.412+0530] {processor.py:156} INFO - Started process (PID=12503) to work on /home/feuer/.local/lib/python3.10/site-packages/airflow/example_dags/example_branch_datetime_operator.py
[2023-05-14T16:32:40.413+0530] {processor.py:799} INFO - Processing file /home/feuer/.local/lib/python3.10/site-packages/airflow/example_dags/example_branch_datetime_operator.py for tasks to queue
[2023-05-14T16:32:40.413+0530] {logging_mixin.py:149} INFO - [2023-05-14T16:32:40.413+0530] {dagbag.py:541} INFO - Filling up the DagBag from /home/feuer/.local/lib/python3.10/site-packages/airflow/example_dags/example_branch_datetime_operator.py
[2023-05-14T16:32:40.424+0530] {processor.py:809} INFO - DAG(s) dict_keys(['example_branch_datetime_operator_2', 'example_branch_datetime_operator', 'example_branch_datetime_operator_3']) retrieved from /home/feuer/.local/lib/python3.10/site-packages/airflow/example_dags/example_branch_datetime_operator.py
[2023-05-14T16:32:40.648+0530] {logging_mixin.py:149} INFO - [2023-05-14T16:32:40.648+0530] {manager.py:504} INFO - Created Permission View: can delete on DAG:example_branch_datetime_operator_2
[2023-05-14T16:32:40.699+0530] {logging_mixin.py:149} INFO - [2023-05-14T16:32:40.698+0530] {manager.py:504} INFO - Created Permission View: can edit on DAG:example_branch_datetime_operator_2
[2023-05-14T16:32:40.748+0530] {logging_mixin.py:149} INFO - [2023-05-14T16:32:40.748+0530] {manager.py:504} INFO - Created Permission View: can read on DAG:example_branch_datetime_operator_2
[2023-05-14T16:32:40.873+0530] {logging_mixin.py:149} INFO - [2023-05-14T16:32:40.873+0530] {manager.py:504} INFO - Created Permission View: can delete on DAG:example_branch_datetime_operator
[2023-05-14T16:32:40.923+0530] {logging_mixin.py:149} INFO - [2023-05-14T16:32:40.923+0530] {manager.py:504} INFO - Created Permission View: can edit on DAG:example_branch_datetime_operator
[2023-05-14T16:32:40.973+0530] {logging_mixin.py:149} INFO - [2023-05-14T16:32:40.973+0530] {manager.py:504} INFO - Created Permission View: can read on DAG:example_branch_datetime_operator
[2023-05-14T16:32:41.115+0530] {logging_mixin.py:149} INFO - [2023-05-14T16:32:41.115+0530] {manager.py:504} INFO - Created Permission View: can delete on DAG:example_branch_datetime_operator_3
[2023-05-14T16:32:41.173+0530] {logging_mixin.py:149} INFO - [2023-05-14T16:32:41.173+0530] {manager.py:504} INFO - Created Permission View: can edit on DAG:example_branch_datetime_operator_3
[2023-05-14T16:32:41.231+0530] {logging_mixin.py:149} INFO - [2023-05-14T16:32:41.231+0530] {manager.py:504} INFO - Created Permission View: can read on DAG:example_branch_datetime_operator_3
[2023-05-14T16:32:41.232+0530] {logging_mixin.py:149} INFO - [2023-05-14T16:32:41.231+0530] {dag.py:2726} INFO - Sync 3 DAGs
[2023-05-14T16:32:41.240+0530] {logging_mixin.py:149} INFO - [2023-05-14T16:32:41.239+0530] {dag.py:2747} INFO - Creating ORM DAG for example_branch_datetime_operator
[2023-05-14T16:32:41.240+0530] {logging_mixin.py:149} INFO - [2023-05-14T16:32:41.240+0530] {dag.py:2747} INFO - Creating ORM DAG for example_branch_datetime_operator_2
[2023-05-14T16:32:41.240+0530] {logging_mixin.py:149} INFO - [2023-05-14T16:32:41.240+0530] {dag.py:2747} INFO - Creating ORM DAG for example_branch_datetime_operator_3
[2023-05-14T16:32:41.247+0530] {logging_mixin.py:149} INFO - [2023-05-14T16:32:41.247+0530] {dag.py:3486} INFO - Setting next_dagrun for example_branch_datetime_operator to 2023-05-13T00:00:00+00:00, run_after=2023-05-14T00:00:00+00:00
[2023-05-14T16:32:41.248+0530] {logging_mixin.py:149} INFO - [2023-05-14T16:32:41.248+0530] {dag.py:3486} INFO - Setting next_dagrun for example_branch_datetime_operator_2 to 2023-05-13T00:00:00+00:00, run_after=2023-05-14T00:00:00+00:00
[2023-05-14T16:32:41.249+0530] {logging_mixin.py:149} INFO - [2023-05-14T16:32:41.249+0530] {dag.py:3486} INFO - Setting next_dagrun for example_branch_datetime_operator_3 to 2023-05-13T00:00:00+00:00, run_after=2023-05-14T00:00:00+00:00
[2023-05-14T16:32:41.346+0530] {processor.py:178} INFO - Processing /home/feuer/.local/lib/python3.10/site-packages/airflow/example_dags/example_branch_datetime_operator.py took 0.937 seconds
[2023-05-14T16:33:31.012+0530] {processor.py:156} INFO - Started process (PID=12601) to work on /home/feuer/.local/lib/python3.10/site-packages/airflow/example_dags/example_branch_datetime_operator.py
[2023-05-14T16:33:31.013+0530] {processor.py:799} INFO - Processing file /home/feuer/.local/lib/python3.10/site-packages/airflow/example_dags/example_branch_datetime_operator.py for tasks to queue
[2023-05-14T16:33:31.013+0530] {logging_mixin.py:149} INFO - [2023-05-14T16:33:31.013+0530] {dagbag.py:541} INFO - Filling up the DagBag from /home/feuer/.local/lib/python3.10/site-packages/airflow/example_dags/example_branch_datetime_operator.py
[2023-05-14T16:33:31.024+0530] {processor.py:809} INFO - DAG(s) dict_keys(['example_branch_datetime_operator_2', 'example_branch_datetime_operator', 'example_branch_datetime_operator_3']) retrieved from /home/feuer/.local/lib/python3.10/site-packages/airflow/example_dags/example_branch_datetime_operator.py
[2023-05-14T16:33:31.051+0530] {logging_mixin.py:149} INFO - [2023-05-14T16:33:31.051+0530] {dag.py:2726} INFO - Sync 3 DAGs
[2023-05-14T16:33:31.067+0530] {logging_mixin.py:149} INFO - [2023-05-14T16:33:31.067+0530] {dag.py:3486} INFO - Setting next_dagrun for example_branch_datetime_operator to 2023-05-13T00:00:00+00:00, run_after=2023-05-14T00:00:00+00:00
[2023-05-14T16:33:31.070+0530] {logging_mixin.py:149} INFO - [2023-05-14T16:33:31.070+0530] {dag.py:3486} INFO - Setting next_dagrun for example_branch_datetime_operator_2 to 2023-05-13T00:00:00+00:00, run_after=2023-05-14T00:00:00+00:00
[2023-05-14T16:33:31.072+0530] {logging_mixin.py:149} INFO - [2023-05-14T16:33:31.072+0530] {dag.py:3486} INFO - Setting next_dagrun for example_branch_datetime_operator_3 to 2023-05-13T00:00:00+00:00, run_after=2023-05-14T00:00:00+00:00
[2023-05-14T16:33:31.148+0530] {processor.py:178} INFO - Processing /home/feuer/.local/lib/python3.10/site-packages/airflow/example_dags/example_branch_datetime_operator.py took 0.139 seconds
[2023-05-14T16:36:19.921+0530] {processor.py:156} INFO - Started process (PID=13062) to work on /home/feuer/.local/lib/python3.10/site-packages/airflow/example_dags/example_branch_datetime_operator.py
[2023-05-14T16:36:19.922+0530] {processor.py:799} INFO - Processing file /home/feuer/.local/lib/python3.10/site-packages/airflow/example_dags/example_branch_datetime_operator.py for tasks to queue
[2023-05-14T16:36:19.922+0530] {logging_mixin.py:149} INFO - [2023-05-14T16:36:19.922+0530] {dagbag.py:541} INFO - Filling up the DagBag from /home/feuer/.local/lib/python3.10/site-packages/airflow/example_dags/example_branch_datetime_operator.py
[2023-05-14T16:36:19.931+0530] {processor.py:809} INFO - DAG(s) dict_keys(['example_branch_datetime_operator_3', 'example_branch_datetime_operator_2', 'example_branch_datetime_operator']) retrieved from /home/feuer/.local/lib/python3.10/site-packages/airflow/example_dags/example_branch_datetime_operator.py
[2023-05-14T16:36:19.948+0530] {logging_mixin.py:149} INFO - [2023-05-14T16:36:19.948+0530] {dag.py:2726} INFO - Sync 3 DAGs
[2023-05-14T16:36:19.964+0530] {logging_mixin.py:149} INFO - [2023-05-14T16:36:19.964+0530] {dag.py:3486} INFO - Setting next_dagrun for example_branch_datetime_operator to 2023-05-13T00:00:00+00:00, run_after=2023-05-14T00:00:00+00:00
[2023-05-14T16:36:19.967+0530] {logging_mixin.py:149} INFO - [2023-05-14T16:36:19.967+0530] {dag.py:3486} INFO - Setting next_dagrun for example_branch_datetime_operator_2 to 2023-05-13T00:00:00+00:00, run_after=2023-05-14T00:00:00+00:00
[2023-05-14T16:36:19.969+0530] {logging_mixin.py:149} INFO - [2023-05-14T16:36:19.969+0530] {dag.py:3486} INFO - Setting next_dagrun for example_branch_datetime_operator_3 to 2023-05-13T00:00:00+00:00, run_after=2023-05-14T00:00:00+00:00
[2023-05-14T16:36:20.044+0530] {processor.py:178} INFO - Processing /home/feuer/.local/lib/python3.10/site-packages/airflow/example_dags/example_branch_datetime_operator.py took 0.126 seconds
