[2023-05-14T16:32:04.191+0530] {processor.py:156} INFO - Started process (PID=12389) to work on /home/feuer/.local/lib/python3.10/site-packages/airflow/example_dags/example_python_operator.py
[2023-05-14T16:32:04.192+0530] {processor.py:799} INFO - Processing file /home/feuer/.local/lib/python3.10/site-packages/airflow/example_dags/example_python_operator.py for tasks to queue
[2023-05-14T16:32:04.192+0530] {logging_mixin.py:149} INFO - [2023-05-14T16:32:04.192+0530] {dagbag.py:541} INFO - Filling up the DagBag from /home/feuer/.local/lib/python3.10/site-packages/airflow/example_dags/example_python_operator.py
[2023-05-14T16:32:04.197+0530] {logging_mixin.py:149} INFO - [2023-05-14T16:32:04.197+0530] {taskmixin.py:211} WARNING - Dependency <Task(_PythonDecoratedOperator): print_the_context>, log_sql_query already registered for DAG: example_python_operator
[2023-05-14T16:32:04.197+0530] {logging_mixin.py:149} INFO - [2023-05-14T16:32:04.197+0530] {taskmixin.py:211} WARNING - Dependency <Task(_PythonDecoratedOperator): log_sql_query>, print_the_context already registered for DAG: example_python_operator
[2023-05-14T16:32:04.197+0530] {logging_mixin.py:149} INFO - [2023-05-14T16:32:04.197+0530] {taskmixin.py:211} WARNING - Dependency <Task(_PythonDecoratedOperator): print_the_context>, log_sql_query already registered for DAG: example_python_operator
[2023-05-14T16:32:04.197+0530] {logging_mixin.py:149} INFO - [2023-05-14T16:32:04.197+0530] {taskmixin.py:211} WARNING - Dependency <Task(_PythonDecoratedOperator): log_sql_query>, print_the_context already registered for DAG: example_python_operator
[2023-05-14T16:32:04.198+0530] {logging_mixin.py:149} INFO - [2023-05-14T16:32:04.198+0530] {taskmixin.py:211} WARNING - Dependency <Task(_PythonDecoratedOperator): print_the_context>, log_sql_query already registered for DAG: example_python_operator
[2023-05-14T16:32:04.198+0530] {logging_mixin.py:149} INFO - [2023-05-14T16:32:04.198+0530] {taskmixin.py:211} WARNING - Dependency <Task(_PythonDecoratedOperator): log_sql_query>, print_the_context already registered for DAG: example_python_operator
[2023-05-14T16:32:04.198+0530] {logging_mixin.py:149} INFO - [2023-05-14T16:32:04.198+0530] {taskmixin.py:211} WARNING - Dependency <Task(_PythonDecoratedOperator): print_the_context>, log_sql_query already registered for DAG: example_python_operator
[2023-05-14T16:32:04.198+0530] {logging_mixin.py:149} INFO - [2023-05-14T16:32:04.198+0530] {taskmixin.py:211} WARNING - Dependency <Task(_PythonDecoratedOperator): log_sql_query>, print_the_context already registered for DAG: example_python_operator
[2023-05-14T16:32:04.199+0530] {logging_mixin.py:149} INFO - [2023-05-14T16:32:04.199+0530] {example_python_operator.py:90} WARNING - The virtalenv_python example task requires virtualenv, please install it.
[2023-05-14T16:32:04.199+0530] {processor.py:809} INFO - DAG(s) dict_keys(['example_python_operator']) retrieved from /home/feuer/.local/lib/python3.10/site-packages/airflow/example_dags/example_python_operator.py
[2023-05-14T16:32:04.400+0530] {logging_mixin.py:149} INFO - [2023-05-14T16:32:04.400+0530] {manager.py:504} INFO - Created Permission View: can delete on DAG:example_python_operator
[2023-05-14T16:32:04.467+0530] {logging_mixin.py:149} INFO - [2023-05-14T16:32:04.467+0530] {manager.py:504} INFO - Created Permission View: can edit on DAG:example_python_operator
[2023-05-14T16:32:04.767+0530] {logging_mixin.py:149} INFO - [2023-05-14T16:32:04.766+0530] {manager.py:504} INFO - Created Permission View: can read on DAG:example_python_operator
[2023-05-14T16:32:04.767+0530] {logging_mixin.py:149} INFO - [2023-05-14T16:32:04.767+0530] {dag.py:2726} INFO - Sync 1 DAGs
[2023-05-14T16:32:04.774+0530] {logging_mixin.py:149} INFO - [2023-05-14T16:32:04.774+0530] {dag.py:2747} INFO - Creating ORM DAG for example_python_operator
[2023-05-14T16:32:04.780+0530] {logging_mixin.py:149} INFO - [2023-05-14T16:32:04.779+0530] {dag.py:3486} INFO - Setting next_dagrun for example_python_operator to None, run_after=None
[2023-05-14T16:32:04.896+0530] {processor.py:178} INFO - Processing /home/feuer/.local/lib/python3.10/site-packages/airflow/example_dags/example_python_operator.py took 0.706 seconds
[2023-05-14T16:33:08.703+0530] {processor.py:156} INFO - Started process (PID=12555) to work on /home/feuer/.local/lib/python3.10/site-packages/airflow/example_dags/example_python_operator.py
[2023-05-14T16:33:08.714+0530] {processor.py:799} INFO - Processing file /home/feuer/.local/lib/python3.10/site-packages/airflow/example_dags/example_python_operator.py for tasks to queue
[2023-05-14T16:33:08.715+0530] {logging_mixin.py:149} INFO - [2023-05-14T16:33:08.715+0530] {dagbag.py:541} INFO - Filling up the DagBag from /home/feuer/.local/lib/python3.10/site-packages/airflow/example_dags/example_python_operator.py
[2023-05-14T16:33:08.718+0530] {logging_mixin.py:149} INFO - [2023-05-14T16:33:08.718+0530] {taskmixin.py:211} WARNING - Dependency <Task(_PythonDecoratedOperator): print_the_context>, log_sql_query already registered for DAG: example_python_operator
[2023-05-14T16:33:08.719+0530] {logging_mixin.py:149} INFO - [2023-05-14T16:33:08.718+0530] {taskmixin.py:211} WARNING - Dependency <Task(_PythonDecoratedOperator): log_sql_query>, print_the_context already registered for DAG: example_python_operator
[2023-05-14T16:33:08.719+0530] {logging_mixin.py:149} INFO - [2023-05-14T16:33:08.719+0530] {taskmixin.py:211} WARNING - Dependency <Task(_PythonDecoratedOperator): print_the_context>, log_sql_query already registered for DAG: example_python_operator
[2023-05-14T16:33:08.719+0530] {logging_mixin.py:149} INFO - [2023-05-14T16:33:08.719+0530] {taskmixin.py:211} WARNING - Dependency <Task(_PythonDecoratedOperator): log_sql_query>, print_the_context already registered for DAG: example_python_operator
[2023-05-14T16:33:08.719+0530] {logging_mixin.py:149} INFO - [2023-05-14T16:33:08.719+0530] {taskmixin.py:211} WARNING - Dependency <Task(_PythonDecoratedOperator): print_the_context>, log_sql_query already registered for DAG: example_python_operator
[2023-05-14T16:33:08.720+0530] {logging_mixin.py:149} INFO - [2023-05-14T16:33:08.720+0530] {taskmixin.py:211} WARNING - Dependency <Task(_PythonDecoratedOperator): log_sql_query>, print_the_context already registered for DAG: example_python_operator
[2023-05-14T16:33:08.720+0530] {logging_mixin.py:149} INFO - [2023-05-14T16:33:08.720+0530] {taskmixin.py:211} WARNING - Dependency <Task(_PythonDecoratedOperator): print_the_context>, log_sql_query already registered for DAG: example_python_operator
[2023-05-14T16:33:08.720+0530] {logging_mixin.py:149} INFO - [2023-05-14T16:33:08.720+0530] {taskmixin.py:211} WARNING - Dependency <Task(_PythonDecoratedOperator): log_sql_query>, print_the_context already registered for DAG: example_python_operator
[2023-05-14T16:33:08.720+0530] {logging_mixin.py:149} INFO - [2023-05-14T16:33:08.720+0530] {example_python_operator.py:90} WARNING - The virtalenv_python example task requires virtualenv, please install it.
[2023-05-14T16:33:08.721+0530] {processor.py:809} INFO - DAG(s) dict_keys(['example_python_operator']) retrieved from /home/feuer/.local/lib/python3.10/site-packages/airflow/example_dags/example_python_operator.py
[2023-05-14T16:33:08.733+0530] {logging_mixin.py:149} INFO - [2023-05-14T16:33:08.733+0530] {dag.py:2726} INFO - Sync 1 DAGs
[2023-05-14T16:33:08.747+0530] {logging_mixin.py:149} INFO - [2023-05-14T16:33:08.747+0530] {dag.py:3486} INFO - Setting next_dagrun for example_python_operator to None, run_after=None
[2023-05-14T16:33:08.821+0530] {processor.py:178} INFO - Processing /home/feuer/.local/lib/python3.10/site-packages/airflow/example_dags/example_python_operator.py took 0.120 seconds
[2023-05-14T16:35:54.014+0530] {processor.py:156} INFO - Started process (PID=12994) to work on /home/feuer/.local/lib/python3.10/site-packages/airflow/example_dags/example_python_operator.py
[2023-05-14T16:35:54.031+0530] {processor.py:799} INFO - Processing file /home/feuer/.local/lib/python3.10/site-packages/airflow/example_dags/example_python_operator.py for tasks to queue
[2023-05-14T16:35:54.031+0530] {logging_mixin.py:149} INFO - [2023-05-14T16:35:54.031+0530] {dagbag.py:541} INFO - Filling up the DagBag from /home/feuer/.local/lib/python3.10/site-packages/airflow/example_dags/example_python_operator.py
[2023-05-14T16:35:54.037+0530] {logging_mixin.py:149} INFO - [2023-05-14T16:35:54.036+0530] {taskmixin.py:211} WARNING - Dependency <Task(_PythonDecoratedOperator): print_the_context>, log_sql_query already registered for DAG: example_python_operator
[2023-05-14T16:35:54.037+0530] {logging_mixin.py:149} INFO - [2023-05-14T16:35:54.037+0530] {taskmixin.py:211} WARNING - Dependency <Task(_PythonDecoratedOperator): log_sql_query>, print_the_context already registered for DAG: example_python_operator
[2023-05-14T16:35:54.037+0530] {logging_mixin.py:149} INFO - [2023-05-14T16:35:54.037+0530] {taskmixin.py:211} WARNING - Dependency <Task(_PythonDecoratedOperator): print_the_context>, log_sql_query already registered for DAG: example_python_operator
[2023-05-14T16:35:54.037+0530] {logging_mixin.py:149} INFO - [2023-05-14T16:35:54.037+0530] {taskmixin.py:211} WARNING - Dependency <Task(_PythonDecoratedOperator): log_sql_query>, print_the_context already registered for DAG: example_python_operator
[2023-05-14T16:35:54.038+0530] {logging_mixin.py:149} INFO - [2023-05-14T16:35:54.038+0530] {taskmixin.py:211} WARNING - Dependency <Task(_PythonDecoratedOperator): print_the_context>, log_sql_query already registered for DAG: example_python_operator
[2023-05-14T16:35:54.038+0530] {logging_mixin.py:149} INFO - [2023-05-14T16:35:54.038+0530] {taskmixin.py:211} WARNING - Dependency <Task(_PythonDecoratedOperator): log_sql_query>, print_the_context already registered for DAG: example_python_operator
[2023-05-14T16:35:54.038+0530] {logging_mixin.py:149} INFO - [2023-05-14T16:35:54.038+0530] {taskmixin.py:211} WARNING - Dependency <Task(_PythonDecoratedOperator): print_the_context>, log_sql_query already registered for DAG: example_python_operator
[2023-05-14T16:35:54.039+0530] {logging_mixin.py:149} INFO - [2023-05-14T16:35:54.039+0530] {taskmixin.py:211} WARNING - Dependency <Task(_PythonDecoratedOperator): log_sql_query>, print_the_context already registered for DAG: example_python_operator
[2023-05-14T16:35:54.039+0530] {logging_mixin.py:149} INFO - [2023-05-14T16:35:54.039+0530] {example_python_operator.py:90} WARNING - The virtalenv_python example task requires virtualenv, please install it.
[2023-05-14T16:35:54.039+0530] {processor.py:809} INFO - DAG(s) dict_keys(['example_python_operator']) retrieved from /home/feuer/.local/lib/python3.10/site-packages/airflow/example_dags/example_python_operator.py
[2023-05-14T16:35:54.054+0530] {logging_mixin.py:149} INFO - [2023-05-14T16:35:54.054+0530] {dag.py:2726} INFO - Sync 1 DAGs
[2023-05-14T16:35:54.068+0530] {logging_mixin.py:149} INFO - [2023-05-14T16:35:54.068+0530] {dag.py:3486} INFO - Setting next_dagrun for example_python_operator to None, run_after=None
[2023-05-14T16:35:54.242+0530] {processor.py:178} INFO - Processing /home/feuer/.local/lib/python3.10/site-packages/airflow/example_dags/example_python_operator.py took 0.229 seconds
