[2023-05-14T16:31:54.516+0530] {processor.py:156} INFO - Started process (PID=12378) to work on /home/feuer/.local/lib/python3.10/site-packages/airflow/example_dags/example_time_delta_sensor_async.py
[2023-05-14T16:31:54.516+0530] {processor.py:799} INFO - Processing file /home/feuer/.local/lib/python3.10/site-packages/airflow/example_dags/example_time_delta_sensor_async.py for tasks to queue
[2023-05-14T16:31:54.517+0530] {logging_mixin.py:149} INFO - [2023-05-14T16:31:54.517+0530] {dagbag.py:541} INFO - Filling up the DagBag from /home/feuer/.local/lib/python3.10/site-packages/airflow/example_dags/example_time_delta_sensor_async.py
[2023-05-14T16:31:54.520+0530] {processor.py:809} INFO - DAG(s) dict_keys(['example_time_delta_sensor_async']) retrieved from /home/feuer/.local/lib/python3.10/site-packages/airflow/example_dags/example_time_delta_sensor_async.py
[2023-05-14T16:31:54.734+0530] {logging_mixin.py:149} INFO - [2023-05-14T16:31:54.734+0530] {manager.py:504} INFO - Created Permission View: can delete on DAG:example_time_delta_sensor_async
[2023-05-14T16:31:54.818+0530] {logging_mixin.py:149} INFO - [2023-05-14T16:31:54.817+0530] {manager.py:504} INFO - Created Permission View: can edit on DAG:example_time_delta_sensor_async
[2023-05-14T16:31:54.954+0530] {logging_mixin.py:149} INFO - [2023-05-14T16:31:54.954+0530] {manager.py:504} INFO - Created Permission View: can read on DAG:example_time_delta_sensor_async
[2023-05-14T16:31:54.954+0530] {logging_mixin.py:149} INFO - [2023-05-14T16:31:54.954+0530] {dag.py:2726} INFO - Sync 1 DAGs
[2023-05-14T16:31:54.963+0530] {logging_mixin.py:149} INFO - [2023-05-14T16:31:54.963+0530] {dag.py:2747} INFO - Creating ORM DAG for example_time_delta_sensor_async
[2023-05-14T16:31:54.971+0530] {logging_mixin.py:149} INFO - [2023-05-14T16:31:54.970+0530] {dag.py:3486} INFO - Setting next_dagrun for example_time_delta_sensor_async to None, run_after=None
[2023-05-14T16:31:55.093+0530] {processor.py:178} INFO - Processing /home/feuer/.local/lib/python3.10/site-packages/airflow/example_dags/example_time_delta_sensor_async.py took 0.579 seconds
[2023-05-14T16:33:00.829+0530] {processor.py:156} INFO - Started process (PID=12547) to work on /home/feuer/.local/lib/python3.10/site-packages/airflow/example_dags/example_time_delta_sensor_async.py
[2023-05-14T16:33:00.829+0530] {processor.py:799} INFO - Processing file /home/feuer/.local/lib/python3.10/site-packages/airflow/example_dags/example_time_delta_sensor_async.py for tasks to queue
[2023-05-14T16:33:00.830+0530] {logging_mixin.py:149} INFO - [2023-05-14T16:33:00.830+0530] {dagbag.py:541} INFO - Filling up the DagBag from /home/feuer/.local/lib/python3.10/site-packages/airflow/example_dags/example_time_delta_sensor_async.py
[2023-05-14T16:33:00.833+0530] {processor.py:809} INFO - DAG(s) dict_keys(['example_time_delta_sensor_async']) retrieved from /home/feuer/.local/lib/python3.10/site-packages/airflow/example_dags/example_time_delta_sensor_async.py
[2023-05-14T16:33:00.845+0530] {logging_mixin.py:149} INFO - [2023-05-14T16:33:00.845+0530] {dag.py:2726} INFO - Sync 1 DAGs
[2023-05-14T16:33:00.858+0530] {logging_mixin.py:149} INFO - [2023-05-14T16:33:00.858+0530] {dag.py:3486} INFO - Setting next_dagrun for example_time_delta_sensor_async to None, run_after=None
[2023-05-14T16:33:00.933+0530] {processor.py:178} INFO - Processing /home/feuer/.local/lib/python3.10/site-packages/airflow/example_dags/example_time_delta_sensor_async.py took 0.106 seconds
[2023-05-14T16:33:50.822+0530] {processor.py:156} INFO - Started process (PID=12659) to work on /home/feuer/.local/lib/python3.10/site-packages/airflow/example_dags/example_time_delta_sensor_async.py
[2023-05-14T16:33:50.823+0530] {processor.py:799} INFO - Processing file /home/feuer/.local/lib/python3.10/site-packages/airflow/example_dags/example_time_delta_sensor_async.py for tasks to queue
[2023-05-14T16:33:50.823+0530] {logging_mixin.py:149} INFO - [2023-05-14T16:33:50.823+0530] {dagbag.py:541} INFO - Filling up the DagBag from /home/feuer/.local/lib/python3.10/site-packages/airflow/example_dags/example_time_delta_sensor_async.py
[2023-05-14T16:33:50.826+0530] {processor.py:809} INFO - DAG(s) dict_keys(['example_time_delta_sensor_async']) retrieved from /home/feuer/.local/lib/python3.10/site-packages/airflow/example_dags/example_time_delta_sensor_async.py
[2023-05-14T16:33:50.840+0530] {logging_mixin.py:149} INFO - [2023-05-14T16:33:50.839+0530] {dag.py:2726} INFO - Sync 1 DAGs
[2023-05-14T16:33:50.854+0530] {logging_mixin.py:149} INFO - [2023-05-14T16:33:50.854+0530] {dag.py:3486} INFO - Setting next_dagrun for example_time_delta_sensor_async to None, run_after=None
[2023-05-14T16:33:50.933+0530] {processor.py:178} INFO - Processing /home/feuer/.local/lib/python3.10/site-packages/airflow/example_dags/example_time_delta_sensor_async.py took 0.113 seconds
[2023-05-14T16:35:43.175+0530] {processor.py:156} INFO - Started process (PID=12979) to work on /home/feuer/.local/lib/python3.10/site-packages/airflow/example_dags/example_time_delta_sensor_async.py
[2023-05-14T16:35:43.175+0530] {processor.py:799} INFO - Processing file /home/feuer/.local/lib/python3.10/site-packages/airflow/example_dags/example_time_delta_sensor_async.py for tasks to queue
[2023-05-14T16:35:43.176+0530] {logging_mixin.py:149} INFO - [2023-05-14T16:35:43.175+0530] {dagbag.py:541} INFO - Filling up the DagBag from /home/feuer/.local/lib/python3.10/site-packages/airflow/example_dags/example_time_delta_sensor_async.py
[2023-05-14T16:35:43.178+0530] {processor.py:809} INFO - DAG(s) dict_keys(['example_time_delta_sensor_async']) retrieved from /home/feuer/.local/lib/python3.10/site-packages/airflow/example_dags/example_time_delta_sensor_async.py
[2023-05-14T16:35:43.192+0530] {logging_mixin.py:149} INFO - [2023-05-14T16:35:43.192+0530] {dag.py:2726} INFO - Sync 1 DAGs
[2023-05-14T16:35:43.204+0530] {logging_mixin.py:149} INFO - [2023-05-14T16:35:43.204+0530] {dag.py:3486} INFO - Setting next_dagrun for example_time_delta_sensor_async to None, run_after=None
[2023-05-14T16:35:43.447+0530] {processor.py:178} INFO - Processing /home/feuer/.local/lib/python3.10/site-packages/airflow/example_dags/example_time_delta_sensor_async.py took 0.274 seconds
[2023-05-14T16:36:41.165+0530] {processor.py:156} INFO - Started process (PID=13249) to work on /home/feuer/.local/lib/python3.10/site-packages/airflow/example_dags/example_time_delta_sensor_async.py
[2023-05-14T16:36:41.178+0530] {processor.py:799} INFO - Processing file /home/feuer/.local/lib/python3.10/site-packages/airflow/example_dags/example_time_delta_sensor_async.py for tasks to queue
[2023-05-14T16:36:41.179+0530] {logging_mixin.py:149} INFO - [2023-05-14T16:36:41.179+0530] {dagbag.py:541} INFO - Filling up the DagBag from /home/feuer/.local/lib/python3.10/site-packages/airflow/example_dags/example_time_delta_sensor_async.py
[2023-05-14T16:36:41.182+0530] {processor.py:809} INFO - DAG(s) dict_keys(['example_time_delta_sensor_async']) retrieved from /home/feuer/.local/lib/python3.10/site-packages/airflow/example_dags/example_time_delta_sensor_async.py
[2023-05-14T16:36:41.202+0530] {logging_mixin.py:149} INFO - [2023-05-14T16:36:41.202+0530] {dag.py:2726} INFO - Sync 1 DAGs
[2023-05-14T16:36:41.226+0530] {logging_mixin.py:149} INFO - [2023-05-14T16:36:41.226+0530] {dag.py:3486} INFO - Setting next_dagrun for example_time_delta_sensor_async to None, run_after=None
[2023-05-14T16:36:41.311+0530] {processor.py:178} INFO - Processing /home/feuer/.local/lib/python3.10/site-packages/airflow/example_dags/example_time_delta_sensor_async.py took 0.148 seconds
