[2023-05-14T16:32:20.978+0530] {processor.py:156} INFO - Started process (PID=12463) to work on /home/feuer/.local/lib/python3.10/site-packages/airflow/example_dags/example_params_ui_tutorial.py
[2023-05-14T16:32:20.979+0530] {processor.py:799} INFO - Processing file /home/feuer/.local/lib/python3.10/site-packages/airflow/example_dags/example_params_ui_tutorial.py for tasks to queue
[2023-05-14T16:32:20.979+0530] {logging_mixin.py:149} INFO - [2023-05-14T16:32:20.979+0530] {dagbag.py:541} INFO - Filling up the DagBag from /home/feuer/.local/lib/python3.10/site-packages/airflow/example_dags/example_params_ui_tutorial.py
[2023-05-14T16:32:21.004+0530] {processor.py:809} INFO - DAG(s) dict_keys(['example_params_ui_tutorial']) retrieved from /home/feuer/.local/lib/python3.10/site-packages/airflow/example_dags/example_params_ui_tutorial.py
[2023-05-14T16:32:21.383+0530] {logging_mixin.py:149} INFO - [2023-05-14T16:32:21.382+0530] {manager.py:504} INFO - Created Permission View: can delete on DAG:example_params_ui_tutorial
[2023-05-14T16:32:21.541+0530] {logging_mixin.py:149} INFO - [2023-05-14T16:32:21.541+0530] {manager.py:504} INFO - Created Permission View: can edit on DAG:example_params_ui_tutorial
[2023-05-14T16:32:21.599+0530] {logging_mixin.py:149} INFO - [2023-05-14T16:32:21.599+0530] {manager.py:504} INFO - Created Permission View: can read on DAG:example_params_ui_tutorial
[2023-05-14T16:32:21.600+0530] {logging_mixin.py:149} INFO - [2023-05-14T16:32:21.600+0530] {dag.py:2726} INFO - Sync 1 DAGs
[2023-05-14T16:32:21.612+0530] {logging_mixin.py:149} INFO - [2023-05-14T16:32:21.612+0530] {dag.py:2747} INFO - Creating ORM DAG for example_params_ui_tutorial
[2023-05-14T16:32:21.622+0530] {logging_mixin.py:149} INFO - [2023-05-14T16:32:21.622+0530] {dag.py:3486} INFO - Setting next_dagrun for example_params_ui_tutorial to None, run_after=None
[2023-05-14T16:32:21.793+0530] {processor.py:178} INFO - Processing /home/feuer/.local/lib/python3.10/site-packages/airflow/example_dags/example_params_ui_tutorial.py took 0.817 seconds
[2023-05-14T16:33:17.996+0530] {processor.py:156} INFO - Started process (PID=12568) to work on /home/feuer/.local/lib/python3.10/site-packages/airflow/example_dags/example_params_ui_tutorial.py
[2023-05-14T16:33:18.005+0530] {processor.py:799} INFO - Processing file /home/feuer/.local/lib/python3.10/site-packages/airflow/example_dags/example_params_ui_tutorial.py for tasks to queue
[2023-05-14T16:33:18.005+0530] {logging_mixin.py:149} INFO - [2023-05-14T16:33:18.005+0530] {dagbag.py:541} INFO - Filling up the DagBag from /home/feuer/.local/lib/python3.10/site-packages/airflow/example_dags/example_params_ui_tutorial.py
[2023-05-14T16:33:18.030+0530] {processor.py:809} INFO - DAG(s) dict_keys(['example_params_ui_tutorial']) retrieved from /home/feuer/.local/lib/python3.10/site-packages/airflow/example_dags/example_params_ui_tutorial.py
[2023-05-14T16:33:18.070+0530] {logging_mixin.py:149} INFO - [2023-05-14T16:33:18.070+0530] {dag.py:2726} INFO - Sync 1 DAGs
[2023-05-14T16:33:18.083+0530] {logging_mixin.py:149} INFO - [2023-05-14T16:33:18.083+0530] {dag.py:3486} INFO - Setting next_dagrun for example_params_ui_tutorial to None, run_after=None
[2023-05-14T16:33:18.163+0530] {processor.py:178} INFO - Processing /home/feuer/.local/lib/python3.10/site-packages/airflow/example_dags/example_params_ui_tutorial.py took 0.168 seconds
[2023-05-14T16:36:03.838+0530] {processor.py:156} INFO - Started process (PID=13034) to work on /home/feuer/.local/lib/python3.10/site-packages/airflow/example_dags/example_params_ui_tutorial.py
[2023-05-14T16:36:03.846+0530] {processor.py:799} INFO - Processing file /home/feuer/.local/lib/python3.10/site-packages/airflow/example_dags/example_params_ui_tutorial.py for tasks to queue
[2023-05-14T16:36:03.847+0530] {logging_mixin.py:149} INFO - [2023-05-14T16:36:03.847+0530] {dagbag.py:541} INFO - Filling up the DagBag from /home/feuer/.local/lib/python3.10/site-packages/airflow/example_dags/example_params_ui_tutorial.py
[2023-05-14T16:36:03.871+0530] {processor.py:809} INFO - DAG(s) dict_keys(['example_params_ui_tutorial']) retrieved from /home/feuer/.local/lib/python3.10/site-packages/airflow/example_dags/example_params_ui_tutorial.py
[2023-05-14T16:36:03.915+0530] {logging_mixin.py:149} INFO - [2023-05-14T16:36:03.915+0530] {dag.py:2726} INFO - Sync 1 DAGs
[2023-05-14T16:36:03.928+0530] {logging_mixin.py:149} INFO - [2023-05-14T16:36:03.928+0530] {dag.py:3486} INFO - Setting next_dagrun for example_params_ui_tutorial to None, run_after=None
[2023-05-14T16:36:04.006+0530] {processor.py:178} INFO - Processing /home/feuer/.local/lib/python3.10/site-packages/airflow/example_dags/example_params_ui_tutorial.py took 0.170 seconds
