[2023-05-14T16:32:39.493+0530] {processor.py:156} INFO - Started process (PID=12502) to work on /home/feuer/.local/lib/python3.10/site-packages/airflow/example_dags/example_branch_day_of_week_operator.py
[2023-05-14T16:32:39.494+0530] {processor.py:799} INFO - Processing file /home/feuer/.local/lib/python3.10/site-packages/airflow/example_dags/example_branch_day_of_week_operator.py for tasks to queue
[2023-05-14T16:32:39.494+0530] {logging_mixin.py:149} INFO - [2023-05-14T16:32:39.494+0530] {dagbag.py:541} INFO - Filling up the DagBag from /home/feuer/.local/lib/python3.10/site-packages/airflow/example_dags/example_branch_day_of_week_operator.py
[2023-05-14T16:32:39.499+0530] {processor.py:809} INFO - DAG(s) dict_keys(['example_weekday_branch_operator']) retrieved from /home/feuer/.local/lib/python3.10/site-packages/airflow/example_dags/example_branch_day_of_week_operator.py
[2023-05-14T16:32:39.691+0530] {logging_mixin.py:149} INFO - [2023-05-14T16:32:39.690+0530] {manager.py:504} INFO - Created Permission View: can delete on DAG:example_weekday_branch_operator
[2023-05-14T16:32:39.749+0530] {logging_mixin.py:149} INFO - [2023-05-14T16:32:39.749+0530] {manager.py:504} INFO - Created Permission View: can edit on DAG:example_weekday_branch_operator
[2023-05-14T16:32:39.798+0530] {logging_mixin.py:149} INFO - [2023-05-14T16:32:39.798+0530] {manager.py:504} INFO - Created Permission View: can read on DAG:example_weekday_branch_operator
[2023-05-14T16:32:39.799+0530] {logging_mixin.py:149} INFO - [2023-05-14T16:32:39.798+0530] {dag.py:2726} INFO - Sync 1 DAGs
[2023-05-14T16:32:39.813+0530] {logging_mixin.py:149} INFO - [2023-05-14T16:32:39.812+0530] {dag.py:2747} INFO - Creating ORM DAG for example_weekday_branch_operator
[2023-05-14T16:32:39.825+0530] {logging_mixin.py:149} INFO - [2023-05-14T16:32:39.825+0530] {dag.py:3486} INFO - Setting next_dagrun for example_weekday_branch_operator to 2023-05-13T00:00:00+00:00, run_after=2023-05-14T00:00:00+00:00
[2023-05-14T16:32:39.958+0530] {processor.py:178} INFO - Processing /home/feuer/.local/lib/python3.10/site-packages/airflow/example_dags/example_branch_day_of_week_operator.py took 0.467 seconds
[2023-05-14T16:33:29.870+0530] {processor.py:156} INFO - Started process (PID=12600) to work on /home/feuer/.local/lib/python3.10/site-packages/airflow/example_dags/example_branch_day_of_week_operator.py
[2023-05-14T16:33:29.870+0530] {processor.py:799} INFO - Processing file /home/feuer/.local/lib/python3.10/site-packages/airflow/example_dags/example_branch_day_of_week_operator.py for tasks to queue
[2023-05-14T16:33:29.871+0530] {logging_mixin.py:149} INFO - [2023-05-14T16:33:29.871+0530] {dagbag.py:541} INFO - Filling up the DagBag from /home/feuer/.local/lib/python3.10/site-packages/airflow/example_dags/example_branch_day_of_week_operator.py
[2023-05-14T16:33:29.875+0530] {processor.py:809} INFO - DAG(s) dict_keys(['example_weekday_branch_operator']) retrieved from /home/feuer/.local/lib/python3.10/site-packages/airflow/example_dags/example_branch_day_of_week_operator.py
[2023-05-14T16:33:29.888+0530] {logging_mixin.py:149} INFO - [2023-05-14T16:33:29.887+0530] {dag.py:2726} INFO - Sync 1 DAGs
[2023-05-14T16:33:29.903+0530] {logging_mixin.py:149} INFO - [2023-05-14T16:33:29.902+0530] {dag.py:3486} INFO - Setting next_dagrun for example_weekday_branch_operator to 2023-05-13T00:00:00+00:00, run_after=2023-05-14T00:00:00+00:00
[2023-05-14T16:33:29.962+0530] {processor.py:178} INFO - Processing /home/feuer/.local/lib/python3.10/site-packages/airflow/example_dags/example_branch_day_of_week_operator.py took 0.094 seconds
[2023-05-14T16:36:18.678+0530] {processor.py:156} INFO - Started process (PID=13061) to work on /home/feuer/.local/lib/python3.10/site-packages/airflow/example_dags/example_branch_day_of_week_operator.py
[2023-05-14T16:36:18.678+0530] {processor.py:799} INFO - Processing file /home/feuer/.local/lib/python3.10/site-packages/airflow/example_dags/example_branch_day_of_week_operator.py for tasks to queue
[2023-05-14T16:36:18.679+0530] {logging_mixin.py:149} INFO - [2023-05-14T16:36:18.679+0530] {dagbag.py:541} INFO - Filling up the DagBag from /home/feuer/.local/lib/python3.10/site-packages/airflow/example_dags/example_branch_day_of_week_operator.py
[2023-05-14T16:36:18.684+0530] {processor.py:809} INFO - DAG(s) dict_keys(['example_weekday_branch_operator']) retrieved from /home/feuer/.local/lib/python3.10/site-packages/airflow/example_dags/example_branch_day_of_week_operator.py
[2023-05-14T16:36:18.696+0530] {logging_mixin.py:149} INFO - [2023-05-14T16:36:18.696+0530] {dag.py:2726} INFO - Sync 1 DAGs
[2023-05-14T16:36:18.712+0530] {logging_mixin.py:149} INFO - [2023-05-14T16:36:18.711+0530] {dag.py:3486} INFO - Setting next_dagrun for example_weekday_branch_operator to 2023-05-13T00:00:00+00:00, run_after=2023-05-14T00:00:00+00:00
[2023-05-14T16:36:18.777+0530] {processor.py:178} INFO - Processing /home/feuer/.local/lib/python3.10/site-packages/airflow/example_dags/example_branch_day_of_week_operator.py took 0.101 seconds
