[2023-05-14T16:31:39.816+0530] {processor.py:156} INFO - Started process (PID=12282) to work on /home/feuer/.local/lib/python3.10/site-packages/airflow/example_dags/example_task_group_decorator.py
[2023-05-14T16:31:39.817+0530] {processor.py:799} INFO - Processing file /home/feuer/.local/lib/python3.10/site-packages/airflow/example_dags/example_task_group_decorator.py for tasks to queue
[2023-05-14T16:31:39.817+0530] {logging_mixin.py:149} INFO - [2023-05-14T16:31:39.817+0530] {dagbag.py:541} INFO - Filling up the DagBag from /home/feuer/.local/lib/python3.10/site-packages/airflow/example_dags/example_task_group_decorator.py
[2023-05-14T16:31:39.826+0530] {processor.py:809} INFO - DAG(s) dict_keys(['example_task_group_decorator']) retrieved from /home/feuer/.local/lib/python3.10/site-packages/airflow/example_dags/example_task_group_decorator.py
[2023-05-14T16:31:40.052+0530] {logging_mixin.py:149} INFO - [2023-05-14T16:31:40.052+0530] {manager.py:504} INFO - Created Permission View: can delete on DAG:example_task_group_decorator
[2023-05-14T16:31:40.127+0530] {logging_mixin.py:149} INFO - [2023-05-14T16:31:40.126+0530] {manager.py:504} INFO - Created Permission View: can edit on DAG:example_task_group_decorator
[2023-05-14T16:31:40.201+0530] {logging_mixin.py:149} INFO - [2023-05-14T16:31:40.201+0530] {manager.py:504} INFO - Created Permission View: can read on DAG:example_task_group_decorator
[2023-05-14T16:31:40.202+0530] {logging_mixin.py:149} INFO - [2023-05-14T16:31:40.201+0530] {dag.py:2726} INFO - Sync 1 DAGs
[2023-05-14T16:31:40.209+0530] {logging_mixin.py:149} INFO - [2023-05-14T16:31:40.209+0530] {dag.py:2747} INFO - Creating ORM DAG for example_task_group_decorator
[2023-05-14T16:31:40.214+0530] {logging_mixin.py:149} INFO - [2023-05-14T16:31:40.214+0530] {dag.py:3486} INFO - Setting next_dagrun for example_task_group_decorator to 2023-05-13T11:01:40.214571+00:00, run_after=2023-05-14T11:01:40.214571+00:00
[2023-05-14T16:31:40.306+0530] {processor.py:178} INFO - Processing /home/feuer/.local/lib/python3.10/site-packages/airflow/example_dags/example_task_group_decorator.py took 0.492 seconds
[2023-05-14T16:32:50.047+0530] {processor.py:156} INFO - Started process (PID=12534) to work on /home/feuer/.local/lib/python3.10/site-packages/airflow/example_dags/example_task_group_decorator.py
[2023-05-14T16:32:50.056+0530] {processor.py:799} INFO - Processing file /home/feuer/.local/lib/python3.10/site-packages/airflow/example_dags/example_task_group_decorator.py for tasks to queue
[2023-05-14T16:32:50.057+0530] {logging_mixin.py:149} INFO - [2023-05-14T16:32:50.057+0530] {dagbag.py:541} INFO - Filling up the DagBag from /home/feuer/.local/lib/python3.10/site-packages/airflow/example_dags/example_task_group_decorator.py
[2023-05-14T16:32:50.072+0530] {processor.py:809} INFO - DAG(s) dict_keys(['example_task_group_decorator']) retrieved from /home/feuer/.local/lib/python3.10/site-packages/airflow/example_dags/example_task_group_decorator.py
[2023-05-14T16:32:50.104+0530] {logging_mixin.py:149} INFO - [2023-05-14T16:32:50.104+0530] {dag.py:2726} INFO - Sync 1 DAGs
[2023-05-14T16:32:50.120+0530] {logging_mixin.py:149} INFO - [2023-05-14T16:32:50.120+0530] {dag.py:3486} INFO - Setting next_dagrun for example_task_group_decorator to 2023-05-13T11:02:50.120336+00:00, run_after=2023-05-14T11:02:50.120336+00:00
[2023-05-14T16:32:50.256+0530] {processor.py:178} INFO - Processing /home/feuer/.local/lib/python3.10/site-packages/airflow/example_dags/example_task_group_decorator.py took 0.212 seconds
[2023-05-14T16:33:38.909+0530] {processor.py:156} INFO - Started process (PID=12628) to work on /home/feuer/.local/lib/python3.10/site-packages/airflow/example_dags/example_task_group_decorator.py
[2023-05-14T16:33:38.910+0530] {processor.py:799} INFO - Processing file /home/feuer/.local/lib/python3.10/site-packages/airflow/example_dags/example_task_group_decorator.py for tasks to queue
[2023-05-14T16:33:38.910+0530] {logging_mixin.py:149} INFO - [2023-05-14T16:33:38.910+0530] {dagbag.py:541} INFO - Filling up the DagBag from /home/feuer/.local/lib/python3.10/site-packages/airflow/example_dags/example_task_group_decorator.py
[2023-05-14T16:33:38.920+0530] {processor.py:809} INFO - DAG(s) dict_keys(['example_task_group_decorator']) retrieved from /home/feuer/.local/lib/python3.10/site-packages/airflow/example_dags/example_task_group_decorator.py
[2023-05-14T16:33:38.934+0530] {logging_mixin.py:149} INFO - [2023-05-14T16:33:38.934+0530] {dag.py:2726} INFO - Sync 1 DAGs
[2023-05-14T16:33:38.948+0530] {logging_mixin.py:149} INFO - [2023-05-14T16:33:38.948+0530] {dag.py:3486} INFO - Setting next_dagrun for example_task_group_decorator to 2023-05-13T11:03:38.947978+00:00, run_after=2023-05-14T11:03:38.947978+00:00
[2023-05-14T16:33:39.077+0530] {processor.py:178} INFO - Processing /home/feuer/.local/lib/python3.10/site-packages/airflow/example_dags/example_task_group_decorator.py took 0.170 seconds
[2023-05-14T16:35:30.443+0530] {processor.py:156} INFO - Started process (PID=12928) to work on /home/feuer/.local/lib/python3.10/site-packages/airflow/example_dags/example_task_group_decorator.py
[2023-05-14T16:35:30.444+0530] {processor.py:799} INFO - Processing file /home/feuer/.local/lib/python3.10/site-packages/airflow/example_dags/example_task_group_decorator.py for tasks to queue
[2023-05-14T16:35:30.444+0530] {logging_mixin.py:149} INFO - [2023-05-14T16:35:30.444+0530] {dagbag.py:541} INFO - Filling up the DagBag from /home/feuer/.local/lib/python3.10/site-packages/airflow/example_dags/example_task_group_decorator.py
[2023-05-14T16:35:30.462+0530] {processor.py:809} INFO - DAG(s) dict_keys(['example_task_group_decorator']) retrieved from /home/feuer/.local/lib/python3.10/site-packages/airflow/example_dags/example_task_group_decorator.py
[2023-05-14T16:35:30.490+0530] {logging_mixin.py:149} INFO - [2023-05-14T16:35:30.490+0530] {dag.py:2726} INFO - Sync 1 DAGs
[2023-05-14T16:35:30.503+0530] {logging_mixin.py:149} INFO - [2023-05-14T16:35:30.503+0530] {dag.py:3486} INFO - Setting next_dagrun for example_task_group_decorator to 2023-05-13T11:05:30.502930+00:00, run_after=2023-05-14T11:05:30.502930+00:00
[2023-05-14T16:35:30.582+0530] {processor.py:178} INFO - Processing /home/feuer/.local/lib/python3.10/site-packages/airflow/example_dags/example_task_group_decorator.py took 0.142 seconds
[2023-05-14T16:36:27.747+0530] {processor.py:156} INFO - Started process (PID=13176) to work on /home/feuer/.local/lib/python3.10/site-packages/airflow/example_dags/example_task_group_decorator.py
[2023-05-14T16:36:27.789+0530] {processor.py:799} INFO - Processing file /home/feuer/.local/lib/python3.10/site-packages/airflow/example_dags/example_task_group_decorator.py for tasks to queue
[2023-05-14T16:36:27.789+0530] {logging_mixin.py:149} INFO - [2023-05-14T16:36:27.789+0530] {dagbag.py:541} INFO - Filling up the DagBag from /home/feuer/.local/lib/python3.10/site-packages/airflow/example_dags/example_task_group_decorator.py
[2023-05-14T16:36:27.806+0530] {processor.py:809} INFO - DAG(s) dict_keys(['example_task_group_decorator']) retrieved from /home/feuer/.local/lib/python3.10/site-packages/airflow/example_dags/example_task_group_decorator.py
[2023-05-14T16:36:27.832+0530] {logging_mixin.py:149} INFO - [2023-05-14T16:36:27.832+0530] {dag.py:2726} INFO - Sync 1 DAGs
[2023-05-14T16:36:27.857+0530] {logging_mixin.py:149} INFO - [2023-05-14T16:36:27.856+0530] {dag.py:3486} INFO - Setting next_dagrun for example_task_group_decorator to 2023-05-13T11:06:27.856653+00:00, run_after=2023-05-14T11:06:27.856653+00:00
[2023-05-14T16:36:28.272+0530] {processor.py:178} INFO - Processing /home/feuer/.local/lib/python3.10/site-packages/airflow/example_dags/example_task_group_decorator.py took 0.528 seconds
