[2023-05-14T16:32:03.510+0530] {processor.py:156} INFO - Started process (PID=12388) to work on /home/feuer/.local/lib/python3.10/site-packages/airflow/example_dags/example_sensor_decorator.py
[2023-05-14T16:32:03.511+0530] {processor.py:799} INFO - Processing file /home/feuer/.local/lib/python3.10/site-packages/airflow/example_dags/example_sensor_decorator.py for tasks to queue
[2023-05-14T16:32:03.511+0530] {logging_mixin.py:149} INFO - [2023-05-14T16:32:03.511+0530] {dagbag.py:541} INFO - Filling up the DagBag from /home/feuer/.local/lib/python3.10/site-packages/airflow/example_dags/example_sensor_decorator.py
[2023-05-14T16:32:03.515+0530] {processor.py:809} INFO - DAG(s) dict_keys(['example_sensor_decorator']) retrieved from /home/feuer/.local/lib/python3.10/site-packages/airflow/example_dags/example_sensor_decorator.py
[2023-05-14T16:32:03.758+0530] {logging_mixin.py:149} INFO - [2023-05-14T16:32:03.758+0530] {manager.py:504} INFO - Created Permission View: can delete on DAG:example_sensor_decorator
[2023-05-14T16:32:03.825+0530] {logging_mixin.py:149} INFO - [2023-05-14T16:32:03.825+0530] {manager.py:504} INFO - Created Permission View: can edit on DAG:example_sensor_decorator
[2023-05-14T16:32:03.900+0530] {logging_mixin.py:149} INFO - [2023-05-14T16:32:03.900+0530] {manager.py:504} INFO - Created Permission View: can read on DAG:example_sensor_decorator
[2023-05-14T16:32:03.901+0530] {logging_mixin.py:149} INFO - [2023-05-14T16:32:03.900+0530] {dag.py:2726} INFO - Sync 1 DAGs
[2023-05-14T16:32:03.913+0530] {logging_mixin.py:149} INFO - [2023-05-14T16:32:03.913+0530] {dag.py:2747} INFO - Creating ORM DAG for example_sensor_decorator
[2023-05-14T16:32:03.923+0530] {logging_mixin.py:149} INFO - [2023-05-14T16:32:03.923+0530] {dag.py:3486} INFO - Setting next_dagrun for example_sensor_decorator to None, run_after=None
[2023-05-14T16:32:04.031+0530] {processor.py:178} INFO - Processing /home/feuer/.local/lib/python3.10/site-packages/airflow/example_dags/example_sensor_decorator.py took 0.523 seconds
[2023-05-14T16:33:07.417+0530] {processor.py:156} INFO - Started process (PID=12554) to work on /home/feuer/.local/lib/python3.10/site-packages/airflow/example_dags/example_sensor_decorator.py
[2023-05-14T16:33:07.425+0530] {processor.py:799} INFO - Processing file /home/feuer/.local/lib/python3.10/site-packages/airflow/example_dags/example_sensor_decorator.py for tasks to queue
[2023-05-14T16:33:07.425+0530] {logging_mixin.py:149} INFO - [2023-05-14T16:33:07.425+0530] {dagbag.py:541} INFO - Filling up the DagBag from /home/feuer/.local/lib/python3.10/site-packages/airflow/example_dags/example_sensor_decorator.py
[2023-05-14T16:33:07.428+0530] {processor.py:809} INFO - DAG(s) dict_keys(['example_sensor_decorator']) retrieved from /home/feuer/.local/lib/python3.10/site-packages/airflow/example_dags/example_sensor_decorator.py
[2023-05-14T16:33:07.440+0530] {logging_mixin.py:149} INFO - [2023-05-14T16:33:07.440+0530] {dag.py:2726} INFO - Sync 1 DAGs
[2023-05-14T16:33:07.455+0530] {logging_mixin.py:149} INFO - [2023-05-14T16:33:07.455+0530] {dag.py:3486} INFO - Setting next_dagrun for example_sensor_decorator to None, run_after=None
[2023-05-14T16:33:07.533+0530] {processor.py:178} INFO - Processing /home/feuer/.local/lib/python3.10/site-packages/airflow/example_dags/example_sensor_decorator.py took 0.118 seconds
[2023-05-14T16:35:53.584+0530] {processor.py:156} INFO - Started process (PID=12993) to work on /home/feuer/.local/lib/python3.10/site-packages/airflow/example_dags/example_sensor_decorator.py
[2023-05-14T16:35:53.585+0530] {processor.py:799} INFO - Processing file /home/feuer/.local/lib/python3.10/site-packages/airflow/example_dags/example_sensor_decorator.py for tasks to queue
[2023-05-14T16:35:53.585+0530] {logging_mixin.py:149} INFO - [2023-05-14T16:35:53.585+0530] {dagbag.py:541} INFO - Filling up the DagBag from /home/feuer/.local/lib/python3.10/site-packages/airflow/example_dags/example_sensor_decorator.py
[2023-05-14T16:35:53.588+0530] {processor.py:809} INFO - DAG(s) dict_keys(['example_sensor_decorator']) retrieved from /home/feuer/.local/lib/python3.10/site-packages/airflow/example_dags/example_sensor_decorator.py
[2023-05-14T16:35:53.602+0530] {logging_mixin.py:149} INFO - [2023-05-14T16:35:53.602+0530] {dag.py:2726} INFO - Sync 1 DAGs
[2023-05-14T16:35:53.616+0530] {logging_mixin.py:149} INFO - [2023-05-14T16:35:53.616+0530] {dag.py:3486} INFO - Setting next_dagrun for example_sensor_decorator to None, run_after=None
[2023-05-14T16:35:53.683+0530] {processor.py:178} INFO - Processing /home/feuer/.local/lib/python3.10/site-packages/airflow/example_dags/example_sensor_decorator.py took 0.101 seconds
