[2023-05-14T16:32:08.372+0530] {processor.py:156} INFO - Started process (PID=12397) to work on /home/feuer/.local/lib/python3.10/site-packages/airflow/example_dags/example_datasets.py
[2023-05-14T16:32:08.373+0530] {processor.py:799} INFO - Processing file /home/feuer/.local/lib/python3.10/site-packages/airflow/example_dags/example_datasets.py for tasks to queue
[2023-05-14T16:32:08.373+0530] {logging_mixin.py:149} INFO - [2023-05-14T16:32:08.373+0530] {dagbag.py:541} INFO - Filling up the DagBag from /home/feuer/.local/lib/python3.10/site-packages/airflow/example_dags/example_datasets.py
[2023-05-14T16:32:08.380+0530] {processor.py:809} INFO - DAG(s) dict_keys(['dataset_consumes_1_never_scheduled', 'dataset_consumes_unknown_never_scheduled', 'dataset_produces_2', 'dataset_produces_1', 'dataset_consumes_1_and_2', 'dataset_consumes_1']) retrieved from /home/feuer/.local/lib/python3.10/site-packages/airflow/example_dags/example_datasets.py
[2023-05-14T16:32:08.567+0530] {logging_mixin.py:149} INFO - [2023-05-14T16:32:08.566+0530] {manager.py:504} INFO - Created Permission View: can delete on DAG:dataset_consumes_1_never_scheduled
[2023-05-14T16:32:08.658+0530] {logging_mixin.py:149} INFO - [2023-05-14T16:32:08.658+0530] {manager.py:504} INFO - Created Permission View: can edit on DAG:dataset_consumes_1_never_scheduled
[2023-05-14T16:32:08.733+0530] {logging_mixin.py:149} INFO - [2023-05-14T16:32:08.733+0530] {manager.py:504} INFO - Created Permission View: can read on DAG:dataset_consumes_1_never_scheduled
[2023-05-14T16:32:08.984+0530] {logging_mixin.py:149} INFO - [2023-05-14T16:32:08.983+0530] {manager.py:504} INFO - Created Permission View: can delete on DAG:dataset_consumes_unknown_never_scheduled
[2023-05-14T16:32:09.050+0530] {logging_mixin.py:149} INFO - [2023-05-14T16:32:09.050+0530] {manager.py:504} INFO - Created Permission View: can edit on DAG:dataset_consumes_unknown_never_scheduled
[2023-05-14T16:32:09.125+0530] {logging_mixin.py:149} INFO - [2023-05-14T16:32:09.125+0530] {manager.py:504} INFO - Created Permission View: can read on DAG:dataset_consumes_unknown_never_scheduled
[2023-05-14T16:32:09.258+0530] {logging_mixin.py:149} INFO - [2023-05-14T16:32:09.258+0530] {manager.py:504} INFO - Created Permission View: can delete on DAG:dataset_produces_2
[2023-05-14T16:32:09.308+0530] {logging_mixin.py:149} INFO - [2023-05-14T16:32:09.308+0530] {manager.py:504} INFO - Created Permission View: can edit on DAG:dataset_produces_2
[2023-05-14T16:32:09.367+0530] {logging_mixin.py:149} INFO - [2023-05-14T16:32:09.367+0530] {manager.py:504} INFO - Created Permission View: can read on DAG:dataset_produces_2
[2023-05-14T16:32:09.508+0530] {logging_mixin.py:149} INFO - [2023-05-14T16:32:09.508+0530] {manager.py:504} INFO - Created Permission View: can delete on DAG:dataset_produces_1
[2023-05-14T16:32:09.575+0530] {logging_mixin.py:149} INFO - [2023-05-14T16:32:09.575+0530] {manager.py:504} INFO - Created Permission View: can edit on DAG:dataset_produces_1
[2023-05-14T16:32:09.642+0530] {logging_mixin.py:149} INFO - [2023-05-14T16:32:09.641+0530] {manager.py:504} INFO - Created Permission View: can read on DAG:dataset_produces_1
[2023-05-14T16:32:09.775+0530] {logging_mixin.py:149} INFO - [2023-05-14T16:32:09.775+0530] {manager.py:504} INFO - Created Permission View: can delete on DAG:dataset_consumes_1_and_2
[2023-05-14T16:32:10.165+0530] {logging_mixin.py:149} INFO - [2023-05-14T16:32:10.164+0530] {manager.py:504} INFO - Created Permission View: can edit on DAG:dataset_consumes_1_and_2
[2023-05-14T16:32:11.017+0530] {logging_mixin.py:149} INFO - [2023-05-14T16:32:11.017+0530] {manager.py:504} INFO - Created Permission View: can read on DAG:dataset_consumes_1_and_2
[2023-05-14T16:32:11.183+0530] {logging_mixin.py:149} INFO - [2023-05-14T16:32:11.183+0530] {manager.py:504} INFO - Created Permission View: can delete on DAG:dataset_consumes_1
[2023-05-14T16:32:11.250+0530] {logging_mixin.py:149} INFO - [2023-05-14T16:32:11.250+0530] {manager.py:504} INFO - Created Permission View: can edit on DAG:dataset_consumes_1
[2023-05-14T16:32:11.317+0530] {logging_mixin.py:149} INFO - [2023-05-14T16:32:11.317+0530] {manager.py:504} INFO - Created Permission View: can read on DAG:dataset_consumes_1
[2023-05-14T16:32:11.317+0530] {logging_mixin.py:149} INFO - [2023-05-14T16:32:11.317+0530] {dag.py:2726} INFO - Sync 6 DAGs
[2023-05-14T16:32:11.326+0530] {logging_mixin.py:149} INFO - [2023-05-14T16:32:11.325+0530] {dag.py:2747} INFO - Creating ORM DAG for dataset_consumes_unknown_never_scheduled
[2023-05-14T16:32:11.326+0530] {logging_mixin.py:149} INFO - [2023-05-14T16:32:11.326+0530] {dag.py:2747} INFO - Creating ORM DAG for dataset_consumes_1
[2023-05-14T16:32:11.327+0530] {logging_mixin.py:149} INFO - [2023-05-14T16:32:11.327+0530] {dag.py:2747} INFO - Creating ORM DAG for dataset_produces_1
[2023-05-14T16:32:11.327+0530] {logging_mixin.py:149} INFO - [2023-05-14T16:32:11.327+0530] {dag.py:2747} INFO - Creating ORM DAG for dataset_consumes_1_and_2
[2023-05-14T16:32:11.327+0530] {logging_mixin.py:149} INFO - [2023-05-14T16:32:11.327+0530] {dag.py:2747} INFO - Creating ORM DAG for dataset_consumes_1_never_scheduled
[2023-05-14T16:32:11.328+0530] {logging_mixin.py:149} INFO - [2023-05-14T16:32:11.328+0530] {dag.py:2747} INFO - Creating ORM DAG for dataset_produces_2
[2023-05-14T16:32:11.336+0530] {logging_mixin.py:149} INFO - [2023-05-14T16:32:11.336+0530] {dag.py:3486} INFO - Setting next_dagrun for dataset_consumes_1 to None, run_after=None
[2023-05-14T16:32:11.336+0530] {logging_mixin.py:149} INFO - [2023-05-14T16:32:11.336+0530] {dag.py:3486} INFO - Setting next_dagrun for dataset_consumes_1_and_2 to None, run_after=None
[2023-05-14T16:32:11.337+0530] {logging_mixin.py:149} INFO - [2023-05-14T16:32:11.337+0530] {dag.py:3486} INFO - Setting next_dagrun for dataset_consumes_1_never_scheduled to None, run_after=None
[2023-05-14T16:32:11.337+0530] {logging_mixin.py:149} INFO - [2023-05-14T16:32:11.337+0530] {dag.py:3486} INFO - Setting next_dagrun for dataset_consumes_unknown_never_scheduled to None, run_after=None
[2023-05-14T16:32:11.339+0530] {logging_mixin.py:149} INFO - [2023-05-14T16:32:11.339+0530] {dag.py:3486} INFO - Setting next_dagrun for dataset_produces_1 to 2023-05-13T00:00:00+00:00, run_after=2023-05-14T00:00:00+00:00
[2023-05-14T16:32:11.339+0530] {logging_mixin.py:149} INFO - [2023-05-14T16:32:11.339+0530] {dag.py:3486} INFO - Setting next_dagrun for dataset_produces_2 to None, run_after=None
[2023-05-14T16:32:11.450+0530] {processor.py:178} INFO - Processing /home/feuer/.local/lib/python3.10/site-packages/airflow/example_dags/example_datasets.py took 3.080 seconds
[2023-05-14T16:33:12.233+0530] {processor.py:156} INFO - Started process (PID=12558) to work on /home/feuer/.local/lib/python3.10/site-packages/airflow/example_dags/example_datasets.py
[2023-05-14T16:33:12.233+0530] {processor.py:799} INFO - Processing file /home/feuer/.local/lib/python3.10/site-packages/airflow/example_dags/example_datasets.py for tasks to queue
[2023-05-14T16:33:12.233+0530] {logging_mixin.py:149} INFO - [2023-05-14T16:33:12.233+0530] {dagbag.py:541} INFO - Filling up the DagBag from /home/feuer/.local/lib/python3.10/site-packages/airflow/example_dags/example_datasets.py
[2023-05-14T16:33:12.239+0530] {processor.py:809} INFO - DAG(s) dict_keys(['dataset_produces_1', 'dataset_consumes_unknown_never_scheduled', 'dataset_consumes_1_never_scheduled', 'dataset_consumes_1', 'dataset_consumes_1_and_2', 'dataset_produces_2']) retrieved from /home/feuer/.local/lib/python3.10/site-packages/airflow/example_dags/example_datasets.py
[2023-05-14T16:33:12.258+0530] {logging_mixin.py:149} INFO - [2023-05-14T16:33:12.258+0530] {dag.py:2726} INFO - Sync 6 DAGs
[2023-05-14T16:33:12.272+0530] {logging_mixin.py:149} INFO - [2023-05-14T16:33:12.271+0530] {dag.py:3486} INFO - Setting next_dagrun for dataset_consumes_1 to None, run_after=None
[2023-05-14T16:33:12.273+0530] {logging_mixin.py:149} INFO - [2023-05-14T16:33:12.273+0530] {dag.py:3486} INFO - Setting next_dagrun for dataset_consumes_1_and_2 to None, run_after=None
[2023-05-14T16:33:12.274+0530] {logging_mixin.py:149} INFO - [2023-05-14T16:33:12.274+0530] {dag.py:3486} INFO - Setting next_dagrun for dataset_consumes_1_never_scheduled to None, run_after=None
[2023-05-14T16:33:12.274+0530] {logging_mixin.py:149} INFO - [2023-05-14T16:33:12.274+0530] {dag.py:3486} INFO - Setting next_dagrun for dataset_consumes_unknown_never_scheduled to None, run_after=None
[2023-05-14T16:33:12.276+0530] {logging_mixin.py:149} INFO - [2023-05-14T16:33:12.276+0530] {dag.py:3486} INFO - Setting next_dagrun for dataset_produces_1 to 2023-05-13T00:00:00+00:00, run_after=2023-05-14T00:00:00+00:00
[2023-05-14T16:33:12.277+0530] {logging_mixin.py:149} INFO - [2023-05-14T16:33:12.277+0530] {dag.py:3486} INFO - Setting next_dagrun for dataset_produces_2 to None, run_after=None
[2023-05-14T16:33:12.351+0530] {processor.py:178} INFO - Processing /home/feuer/.local/lib/python3.10/site-packages/airflow/example_dags/example_datasets.py took 0.120 seconds
[2023-05-14T16:35:57.704+0530] {processor.py:156} INFO - Started process (PID=13019) to work on /home/feuer/.local/lib/python3.10/site-packages/airflow/example_dags/example_datasets.py
[2023-05-14T16:35:57.721+0530] {processor.py:799} INFO - Processing file /home/feuer/.local/lib/python3.10/site-packages/airflow/example_dags/example_datasets.py for tasks to queue
[2023-05-14T16:35:57.722+0530] {logging_mixin.py:149} INFO - [2023-05-14T16:35:57.722+0530] {dagbag.py:541} INFO - Filling up the DagBag from /home/feuer/.local/lib/python3.10/site-packages/airflow/example_dags/example_datasets.py
[2023-05-14T16:35:57.727+0530] {processor.py:809} INFO - DAG(s) dict_keys(['dataset_consumes_1_never_scheduled', 'dataset_consumes_1_and_2', 'dataset_consumes_unknown_never_scheduled', 'dataset_produces_1', 'dataset_consumes_1', 'dataset_produces_2']) retrieved from /home/feuer/.local/lib/python3.10/site-packages/airflow/example_dags/example_datasets.py
[2023-05-14T16:35:57.776+0530] {logging_mixin.py:149} INFO - [2023-05-14T16:35:57.775+0530] {dag.py:2726} INFO - Sync 6 DAGs
[2023-05-14T16:35:57.789+0530] {logging_mixin.py:149} INFO - [2023-05-14T16:35:57.789+0530] {dag.py:3486} INFO - Setting next_dagrun for dataset_consumes_1 to None, run_after=None
[2023-05-14T16:35:57.791+0530] {logging_mixin.py:149} INFO - [2023-05-14T16:35:57.791+0530] {dag.py:3486} INFO - Setting next_dagrun for dataset_consumes_1_and_2 to None, run_after=None
[2023-05-14T16:35:57.791+0530] {logging_mixin.py:149} INFO - [2023-05-14T16:35:57.791+0530] {dag.py:3486} INFO - Setting next_dagrun for dataset_consumes_1_never_scheduled to None, run_after=None
[2023-05-14T16:35:57.792+0530] {logging_mixin.py:149} INFO - [2023-05-14T16:35:57.792+0530] {dag.py:3486} INFO - Setting next_dagrun for dataset_consumes_unknown_never_scheduled to None, run_after=None
[2023-05-14T16:35:57.794+0530] {logging_mixin.py:149} INFO - [2023-05-14T16:35:57.794+0530] {dag.py:3486} INFO - Setting next_dagrun for dataset_produces_1 to 2023-05-13T00:00:00+00:00, run_after=2023-05-14T00:00:00+00:00
[2023-05-14T16:35:57.794+0530] {logging_mixin.py:149} INFO - [2023-05-14T16:35:57.794+0530] {dag.py:3486} INFO - Setting next_dagrun for dataset_produces_2 to None, run_after=None
[2023-05-14T16:35:57.873+0530] {processor.py:178} INFO - Processing /home/feuer/.local/lib/python3.10/site-packages/airflow/example_dags/example_datasets.py took 0.170 seconds
