[2023-05-21T19:38:41.882+0530] {processor.py:156} INFO - Started process (PID=23474) to work on /run/media/feuer/LinuxDrive/ChromeDownloads/Assignment/airflow/dags/Lead_scoring_training_pipeline/constants.py
[2023-05-21T19:38:41.883+0530] {processor.py:799} INFO - Processing file /run/media/feuer/LinuxDrive/ChromeDownloads/Assignment/airflow/dags/Lead_scoring_training_pipeline/constants.py for tasks to queue
[2023-05-21T19:38:41.884+0530] {logging_mixin.py:149} INFO - [2023-05-21T19:38:41.884+0530] {dagbag.py:541} INFO - Filling up the DagBag from /run/media/feuer/LinuxDrive/ChromeDownloads/Assignment/airflow/dags/Lead_scoring_training_pipeline/constants.py
[2023-05-21T19:38:41.886+0530] {processor.py:811} WARNING - No viable dags retrieved from /run/media/feuer/LinuxDrive/ChromeDownloads/Assignment/airflow/dags/Lead_scoring_training_pipeline/constants.py
[2023-05-21T19:38:41.896+0530] {processor.py:178} INFO - Processing /run/media/feuer/LinuxDrive/ChromeDownloads/Assignment/airflow/dags/Lead_scoring_training_pipeline/constants.py took 0.017 seconds
[2023-05-21T19:40:14.541+0530] {processor.py:156} INFO - Started process (PID=23861) to work on /run/media/feuer/LinuxDrive/ChromeDownloads/Assignment/airflow/dags/Lead_scoring_training_pipeline/constants.py
[2023-05-21T19:40:14.551+0530] {processor.py:799} INFO - Processing file /run/media/feuer/LinuxDrive/ChromeDownloads/Assignment/airflow/dags/Lead_scoring_training_pipeline/constants.py for tasks to queue
[2023-05-21T19:40:14.552+0530] {logging_mixin.py:149} INFO - [2023-05-21T19:40:14.552+0530] {dagbag.py:541} INFO - Filling up the DagBag from /run/media/feuer/LinuxDrive/ChromeDownloads/Assignment/airflow/dags/Lead_scoring_training_pipeline/constants.py
[2023-05-21T19:40:14.559+0530] {processor.py:811} WARNING - No viable dags retrieved from /run/media/feuer/LinuxDrive/ChromeDownloads/Assignment/airflow/dags/Lead_scoring_training_pipeline/constants.py
[2023-05-21T19:40:14.569+0530] {processor.py:178} INFO - Processing /run/media/feuer/LinuxDrive/ChromeDownloads/Assignment/airflow/dags/Lead_scoring_training_pipeline/constants.py took 0.031 seconds
[2023-05-21T19:40:51.481+0530] {processor.py:156} INFO - Started process (PID=24051) to work on /run/media/feuer/LinuxDrive/ChromeDownloads/Assignment/airflow/dags/Lead_scoring_training_pipeline/constants.py
[2023-05-21T19:40:51.491+0530] {processor.py:799} INFO - Processing file /run/media/feuer/LinuxDrive/ChromeDownloads/Assignment/airflow/dags/Lead_scoring_training_pipeline/constants.py for tasks to queue
[2023-05-21T19:40:51.491+0530] {logging_mixin.py:149} INFO - [2023-05-21T19:40:51.491+0530] {dagbag.py:541} INFO - Filling up the DagBag from /run/media/feuer/LinuxDrive/ChromeDownloads/Assignment/airflow/dags/Lead_scoring_training_pipeline/constants.py
[2023-05-21T19:40:51.499+0530] {processor.py:811} WARNING - No viable dags retrieved from /run/media/feuer/LinuxDrive/ChromeDownloads/Assignment/airflow/dags/Lead_scoring_training_pipeline/constants.py
[2023-05-21T19:40:51.509+0530] {processor.py:178} INFO - Processing /run/media/feuer/LinuxDrive/ChromeDownloads/Assignment/airflow/dags/Lead_scoring_training_pipeline/constants.py took 0.031 seconds
[2023-05-21T19:41:47.727+0530] {processor.py:156} INFO - Started process (PID=24406) to work on /run/media/feuer/LinuxDrive/ChromeDownloads/Assignment/airflow/dags/Lead_scoring_training_pipeline/constants.py
[2023-05-21T19:41:47.738+0530] {processor.py:799} INFO - Processing file /run/media/feuer/LinuxDrive/ChromeDownloads/Assignment/airflow/dags/Lead_scoring_training_pipeline/constants.py for tasks to queue
[2023-05-21T19:41:47.738+0530] {logging_mixin.py:149} INFO - [2023-05-21T19:41:47.738+0530] {dagbag.py:541} INFO - Filling up the DagBag from /run/media/feuer/LinuxDrive/ChromeDownloads/Assignment/airflow/dags/Lead_scoring_training_pipeline/constants.py
[2023-05-21T19:41:47.746+0530] {processor.py:811} WARNING - No viable dags retrieved from /run/media/feuer/LinuxDrive/ChromeDownloads/Assignment/airflow/dags/Lead_scoring_training_pipeline/constants.py
[2023-05-21T19:41:47.756+0530] {processor.py:178} INFO - Processing /run/media/feuer/LinuxDrive/ChromeDownloads/Assignment/airflow/dags/Lead_scoring_training_pipeline/constants.py took 0.032 seconds
[2023-05-21T19:42:36.878+0530] {processor.py:156} INFO - Started process (PID=24583) to work on /run/media/feuer/LinuxDrive/ChromeDownloads/Assignment/airflow/dags/Lead_scoring_training_pipeline/constants.py
[2023-05-21T19:42:36.878+0530] {processor.py:799} INFO - Processing file /run/media/feuer/LinuxDrive/ChromeDownloads/Assignment/airflow/dags/Lead_scoring_training_pipeline/constants.py for tasks to queue
[2023-05-21T19:42:36.879+0530] {logging_mixin.py:149} INFO - [2023-05-21T19:42:36.879+0530] {dagbag.py:541} INFO - Filling up the DagBag from /run/media/feuer/LinuxDrive/ChromeDownloads/Assignment/airflow/dags/Lead_scoring_training_pipeline/constants.py
[2023-05-21T19:42:36.880+0530] {processor.py:811} WARNING - No viable dags retrieved from /run/media/feuer/LinuxDrive/ChromeDownloads/Assignment/airflow/dags/Lead_scoring_training_pipeline/constants.py
[2023-05-21T19:42:36.888+0530] {processor.py:178} INFO - Processing /run/media/feuer/LinuxDrive/ChromeDownloads/Assignment/airflow/dags/Lead_scoring_training_pipeline/constants.py took 0.013 seconds
[2023-05-21T19:43:30.283+0530] {processor.py:156} INFO - Started process (PID=24729) to work on /run/media/feuer/LinuxDrive/ChromeDownloads/Assignment/airflow/dags/Lead_scoring_training_pipeline/constants.py
[2023-05-21T19:43:30.284+0530] {processor.py:799} INFO - Processing file /run/media/feuer/LinuxDrive/ChromeDownloads/Assignment/airflow/dags/Lead_scoring_training_pipeline/constants.py for tasks to queue
[2023-05-21T19:43:30.284+0530] {logging_mixin.py:149} INFO - [2023-05-21T19:43:30.284+0530] {dagbag.py:541} INFO - Filling up the DagBag from /run/media/feuer/LinuxDrive/ChromeDownloads/Assignment/airflow/dags/Lead_scoring_training_pipeline/constants.py
[2023-05-21T19:43:30.286+0530] {processor.py:811} WARNING - No viable dags retrieved from /run/media/feuer/LinuxDrive/ChromeDownloads/Assignment/airflow/dags/Lead_scoring_training_pipeline/constants.py
[2023-05-21T19:43:30.293+0530] {processor.py:178} INFO - Processing /run/media/feuer/LinuxDrive/ChromeDownloads/Assignment/airflow/dags/Lead_scoring_training_pipeline/constants.py took 0.013 seconds
[2023-05-21T19:44:23.449+0530] {processor.py:156} INFO - Started process (PID=24869) to work on /run/media/feuer/LinuxDrive/ChromeDownloads/Assignment/airflow/dags/Lead_scoring_training_pipeline/constants.py
[2023-05-21T19:44:23.460+0530] {processor.py:799} INFO - Processing file /run/media/feuer/LinuxDrive/ChromeDownloads/Assignment/airflow/dags/Lead_scoring_training_pipeline/constants.py for tasks to queue
[2023-05-21T19:44:23.461+0530] {logging_mixin.py:149} INFO - [2023-05-21T19:44:23.460+0530] {dagbag.py:541} INFO - Filling up the DagBag from /run/media/feuer/LinuxDrive/ChromeDownloads/Assignment/airflow/dags/Lead_scoring_training_pipeline/constants.py
[2023-05-21T19:44:23.462+0530] {processor.py:811} WARNING - No viable dags retrieved from /run/media/feuer/LinuxDrive/ChromeDownloads/Assignment/airflow/dags/Lead_scoring_training_pipeline/constants.py
[2023-05-21T19:44:23.472+0530] {processor.py:178} INFO - Processing /run/media/feuer/LinuxDrive/ChromeDownloads/Assignment/airflow/dags/Lead_scoring_training_pipeline/constants.py took 0.026 seconds
[2023-05-21T19:45:17.096+0530] {processor.py:156} INFO - Started process (PID=25006) to work on /run/media/feuer/LinuxDrive/ChromeDownloads/Assignment/airflow/dags/Lead_scoring_training_pipeline/constants.py
[2023-05-21T19:45:17.107+0530] {processor.py:799} INFO - Processing file /run/media/feuer/LinuxDrive/ChromeDownloads/Assignment/airflow/dags/Lead_scoring_training_pipeline/constants.py for tasks to queue
[2023-05-21T19:45:17.107+0530] {logging_mixin.py:149} INFO - [2023-05-21T19:45:17.107+0530] {dagbag.py:541} INFO - Filling up the DagBag from /run/media/feuer/LinuxDrive/ChromeDownloads/Assignment/airflow/dags/Lead_scoring_training_pipeline/constants.py
[2023-05-21T19:45:17.108+0530] {processor.py:811} WARNING - No viable dags retrieved from /run/media/feuer/LinuxDrive/ChromeDownloads/Assignment/airflow/dags/Lead_scoring_training_pipeline/constants.py
[2023-05-21T19:45:17.114+0530] {processor.py:178} INFO - Processing /run/media/feuer/LinuxDrive/ChromeDownloads/Assignment/airflow/dags/Lead_scoring_training_pipeline/constants.py took 0.020 seconds
[2023-05-21T19:46:12.130+0530] {processor.py:156} INFO - Started process (PID=25122) to work on /run/media/feuer/LinuxDrive/ChromeDownloads/Assignment/airflow/dags/Lead_scoring_training_pipeline/constants.py
[2023-05-21T19:46:12.137+0530] {processor.py:799} INFO - Processing file /run/media/feuer/LinuxDrive/ChromeDownloads/Assignment/airflow/dags/Lead_scoring_training_pipeline/constants.py for tasks to queue
[2023-05-21T19:46:12.137+0530] {logging_mixin.py:149} INFO - [2023-05-21T19:46:12.137+0530] {dagbag.py:541} INFO - Filling up the DagBag from /run/media/feuer/LinuxDrive/ChromeDownloads/Assignment/airflow/dags/Lead_scoring_training_pipeline/constants.py
[2023-05-21T19:46:12.138+0530] {processor.py:811} WARNING - No viable dags retrieved from /run/media/feuer/LinuxDrive/ChromeDownloads/Assignment/airflow/dags/Lead_scoring_training_pipeline/constants.py
[2023-05-21T19:46:12.144+0530] {processor.py:178} INFO - Processing /run/media/feuer/LinuxDrive/ChromeDownloads/Assignment/airflow/dags/Lead_scoring_training_pipeline/constants.py took 0.016 seconds
[2023-05-21T19:47:04.316+0530] {processor.py:156} INFO - Started process (PID=25231) to work on /run/media/feuer/LinuxDrive/ChromeDownloads/Assignment/airflow/dags/Lead_scoring_training_pipeline/constants.py
[2023-05-21T19:47:04.326+0530] {processor.py:799} INFO - Processing file /run/media/feuer/LinuxDrive/ChromeDownloads/Assignment/airflow/dags/Lead_scoring_training_pipeline/constants.py for tasks to queue
[2023-05-21T19:47:04.326+0530] {logging_mixin.py:149} INFO - [2023-05-21T19:47:04.326+0530] {dagbag.py:541} INFO - Filling up the DagBag from /run/media/feuer/LinuxDrive/ChromeDownloads/Assignment/airflow/dags/Lead_scoring_training_pipeline/constants.py
[2023-05-21T19:47:04.328+0530] {processor.py:811} WARNING - No viable dags retrieved from /run/media/feuer/LinuxDrive/ChromeDownloads/Assignment/airflow/dags/Lead_scoring_training_pipeline/constants.py
[2023-05-21T19:47:04.338+0530] {processor.py:178} INFO - Processing /run/media/feuer/LinuxDrive/ChromeDownloads/Assignment/airflow/dags/Lead_scoring_training_pipeline/constants.py took 0.024 seconds
[2023-05-21T19:47:57.085+0530] {processor.py:156} INFO - Started process (PID=25348) to work on /run/media/feuer/LinuxDrive/ChromeDownloads/Assignment/airflow/dags/Lead_scoring_training_pipeline/constants.py
[2023-05-21T19:47:57.085+0530] {processor.py:799} INFO - Processing file /run/media/feuer/LinuxDrive/ChromeDownloads/Assignment/airflow/dags/Lead_scoring_training_pipeline/constants.py for tasks to queue
[2023-05-21T19:47:57.086+0530] {logging_mixin.py:149} INFO - [2023-05-21T19:47:57.086+0530] {dagbag.py:541} INFO - Filling up the DagBag from /run/media/feuer/LinuxDrive/ChromeDownloads/Assignment/airflow/dags/Lead_scoring_training_pipeline/constants.py
[2023-05-21T19:47:57.087+0530] {processor.py:811} WARNING - No viable dags retrieved from /run/media/feuer/LinuxDrive/ChromeDownloads/Assignment/airflow/dags/Lead_scoring_training_pipeline/constants.py
[2023-05-21T19:47:57.095+0530] {processor.py:178} INFO - Processing /run/media/feuer/LinuxDrive/ChromeDownloads/Assignment/airflow/dags/Lead_scoring_training_pipeline/constants.py took 0.013 seconds
[2023-05-21T19:48:51.034+0530] {processor.py:156} INFO - Started process (PID=25458) to work on /run/media/feuer/LinuxDrive/ChromeDownloads/Assignment/airflow/dags/Lead_scoring_training_pipeline/constants.py
[2023-05-21T19:48:51.045+0530] {processor.py:799} INFO - Processing file /run/media/feuer/LinuxDrive/ChromeDownloads/Assignment/airflow/dags/Lead_scoring_training_pipeline/constants.py for tasks to queue
[2023-05-21T19:48:51.046+0530] {logging_mixin.py:149} INFO - [2023-05-21T19:48:51.045+0530] {dagbag.py:541} INFO - Filling up the DagBag from /run/media/feuer/LinuxDrive/ChromeDownloads/Assignment/airflow/dags/Lead_scoring_training_pipeline/constants.py
[2023-05-21T19:48:51.047+0530] {processor.py:811} WARNING - No viable dags retrieved from /run/media/feuer/LinuxDrive/ChromeDownloads/Assignment/airflow/dags/Lead_scoring_training_pipeline/constants.py
[2023-05-21T19:48:51.057+0530] {processor.py:178} INFO - Processing /run/media/feuer/LinuxDrive/ChromeDownloads/Assignment/airflow/dags/Lead_scoring_training_pipeline/constants.py took 0.027 seconds
[2023-05-21T19:49:42.561+0530] {processor.py:156} INFO - Started process (PID=25575) to work on /run/media/feuer/LinuxDrive/ChromeDownloads/Assignment/airflow/dags/Lead_scoring_training_pipeline/constants.py
[2023-05-21T19:49:42.562+0530] {processor.py:799} INFO - Processing file /run/media/feuer/LinuxDrive/ChromeDownloads/Assignment/airflow/dags/Lead_scoring_training_pipeline/constants.py for tasks to queue
[2023-05-21T19:49:42.562+0530] {logging_mixin.py:149} INFO - [2023-05-21T19:49:42.562+0530] {dagbag.py:541} INFO - Filling up the DagBag from /run/media/feuer/LinuxDrive/ChromeDownloads/Assignment/airflow/dags/Lead_scoring_training_pipeline/constants.py
[2023-05-21T19:49:42.563+0530] {processor.py:811} WARNING - No viable dags retrieved from /run/media/feuer/LinuxDrive/ChromeDownloads/Assignment/airflow/dags/Lead_scoring_training_pipeline/constants.py
[2023-05-21T19:49:42.570+0530] {processor.py:178} INFO - Processing /run/media/feuer/LinuxDrive/ChromeDownloads/Assignment/airflow/dags/Lead_scoring_training_pipeline/constants.py took 0.011 seconds
[2023-05-21T19:50:34.711+0530] {processor.py:156} INFO - Started process (PID=25754) to work on /run/media/feuer/LinuxDrive/ChromeDownloads/Assignment/airflow/dags/Lead_scoring_training_pipeline/constants.py
[2023-05-21T19:50:34.712+0530] {processor.py:799} INFO - Processing file /run/media/feuer/LinuxDrive/ChromeDownloads/Assignment/airflow/dags/Lead_scoring_training_pipeline/constants.py for tasks to queue
[2023-05-21T19:50:34.713+0530] {logging_mixin.py:149} INFO - [2023-05-21T19:50:34.713+0530] {dagbag.py:541} INFO - Filling up the DagBag from /run/media/feuer/LinuxDrive/ChromeDownloads/Assignment/airflow/dags/Lead_scoring_training_pipeline/constants.py
[2023-05-21T19:50:34.727+0530] {processor.py:811} WARNING - No viable dags retrieved from /run/media/feuer/LinuxDrive/ChromeDownloads/Assignment/airflow/dags/Lead_scoring_training_pipeline/constants.py
[2023-05-21T19:50:34.737+0530] {processor.py:178} INFO - Processing /run/media/feuer/LinuxDrive/ChromeDownloads/Assignment/airflow/dags/Lead_scoring_training_pipeline/constants.py took 0.028 seconds
[2023-05-21T19:51:27.757+0530] {processor.py:156} INFO - Started process (PID=25861) to work on /run/media/feuer/LinuxDrive/ChromeDownloads/Assignment/airflow/dags/Lead_scoring_training_pipeline/constants.py
[2023-05-21T19:51:27.758+0530] {processor.py:799} INFO - Processing file /run/media/feuer/LinuxDrive/ChromeDownloads/Assignment/airflow/dags/Lead_scoring_training_pipeline/constants.py for tasks to queue
[2023-05-21T19:51:27.758+0530] {logging_mixin.py:149} INFO - [2023-05-21T19:51:27.758+0530] {dagbag.py:541} INFO - Filling up the DagBag from /run/media/feuer/LinuxDrive/ChromeDownloads/Assignment/airflow/dags/Lead_scoring_training_pipeline/constants.py
[2023-05-21T19:51:27.760+0530] {processor.py:811} WARNING - No viable dags retrieved from /run/media/feuer/LinuxDrive/ChromeDownloads/Assignment/airflow/dags/Lead_scoring_training_pipeline/constants.py
[2023-05-21T19:51:27.770+0530] {processor.py:178} INFO - Processing /run/media/feuer/LinuxDrive/ChromeDownloads/Assignment/airflow/dags/Lead_scoring_training_pipeline/constants.py took 0.016 seconds
[2023-05-21T19:52:18.620+0530] {processor.py:156} INFO - Started process (PID=25977) to work on /run/media/feuer/LinuxDrive/ChromeDownloads/Assignment/airflow/dags/Lead_scoring_training_pipeline/constants.py
[2023-05-21T19:52:18.621+0530] {processor.py:799} INFO - Processing file /run/media/feuer/LinuxDrive/ChromeDownloads/Assignment/airflow/dags/Lead_scoring_training_pipeline/constants.py for tasks to queue
[2023-05-21T19:52:18.622+0530] {logging_mixin.py:149} INFO - [2023-05-21T19:52:18.622+0530] {dagbag.py:541} INFO - Filling up the DagBag from /run/media/feuer/LinuxDrive/ChromeDownloads/Assignment/airflow/dags/Lead_scoring_training_pipeline/constants.py
[2023-05-21T19:52:18.623+0530] {processor.py:811} WARNING - No viable dags retrieved from /run/media/feuer/LinuxDrive/ChromeDownloads/Assignment/airflow/dags/Lead_scoring_training_pipeline/constants.py
[2023-05-21T19:52:18.634+0530] {processor.py:178} INFO - Processing /run/media/feuer/LinuxDrive/ChromeDownloads/Assignment/airflow/dags/Lead_scoring_training_pipeline/constants.py took 0.016 seconds
[2023-05-21T19:53:05.812+0530] {processor.py:156} INFO - Started process (PID=26080) to work on /run/media/feuer/LinuxDrive/ChromeDownloads/Assignment/airflow/dags/Lead_scoring_training_pipeline/constants.py
[2023-05-21T19:53:05.812+0530] {processor.py:799} INFO - Processing file /run/media/feuer/LinuxDrive/ChromeDownloads/Assignment/airflow/dags/Lead_scoring_training_pipeline/constants.py for tasks to queue
[2023-05-21T19:53:05.813+0530] {logging_mixin.py:149} INFO - [2023-05-21T19:53:05.813+0530] {dagbag.py:541} INFO - Filling up the DagBag from /run/media/feuer/LinuxDrive/ChromeDownloads/Assignment/airflow/dags/Lead_scoring_training_pipeline/constants.py
[2023-05-21T19:53:05.814+0530] {processor.py:811} WARNING - No viable dags retrieved from /run/media/feuer/LinuxDrive/ChromeDownloads/Assignment/airflow/dags/Lead_scoring_training_pipeline/constants.py
[2023-05-21T19:53:05.821+0530] {processor.py:178} INFO - Processing /run/media/feuer/LinuxDrive/ChromeDownloads/Assignment/airflow/dags/Lead_scoring_training_pipeline/constants.py took 0.011 seconds
[2023-05-21T19:53:56.677+0530] {processor.py:156} INFO - Started process (PID=26244) to work on /run/media/feuer/LinuxDrive/ChromeDownloads/Assignment/airflow/dags/Lead_scoring_training_pipeline/constants.py
[2023-05-21T19:53:56.690+0530] {processor.py:799} INFO - Processing file /run/media/feuer/LinuxDrive/ChromeDownloads/Assignment/airflow/dags/Lead_scoring_training_pipeline/constants.py for tasks to queue
[2023-05-21T19:53:56.691+0530] {logging_mixin.py:149} INFO - [2023-05-21T19:53:56.691+0530] {dagbag.py:541} INFO - Filling up the DagBag from /run/media/feuer/LinuxDrive/ChromeDownloads/Assignment/airflow/dags/Lead_scoring_training_pipeline/constants.py
[2023-05-21T19:53:56.692+0530] {processor.py:811} WARNING - No viable dags retrieved from /run/media/feuer/LinuxDrive/ChromeDownloads/Assignment/airflow/dags/Lead_scoring_training_pipeline/constants.py
[2023-05-21T19:53:56.698+0530] {processor.py:178} INFO - Processing /run/media/feuer/LinuxDrive/ChromeDownloads/Assignment/airflow/dags/Lead_scoring_training_pipeline/constants.py took 0.024 seconds
[2023-05-21T19:54:48.984+0530] {processor.py:156} INFO - Started process (PID=26362) to work on /run/media/feuer/LinuxDrive/ChromeDownloads/Assignment/airflow/dags/Lead_scoring_training_pipeline/constants.py
[2023-05-21T19:54:48.985+0530] {processor.py:799} INFO - Processing file /run/media/feuer/LinuxDrive/ChromeDownloads/Assignment/airflow/dags/Lead_scoring_training_pipeline/constants.py for tasks to queue
[2023-05-21T19:54:48.985+0530] {logging_mixin.py:149} INFO - [2023-05-21T19:54:48.985+0530] {dagbag.py:541} INFO - Filling up the DagBag from /run/media/feuer/LinuxDrive/ChromeDownloads/Assignment/airflow/dags/Lead_scoring_training_pipeline/constants.py
[2023-05-21T19:54:48.987+0530] {processor.py:811} WARNING - No viable dags retrieved from /run/media/feuer/LinuxDrive/ChromeDownloads/Assignment/airflow/dags/Lead_scoring_training_pipeline/constants.py
[2023-05-21T19:54:48.997+0530] {processor.py:178} INFO - Processing /run/media/feuer/LinuxDrive/ChromeDownloads/Assignment/airflow/dags/Lead_scoring_training_pipeline/constants.py took 0.016 seconds
[2023-05-21T19:55:41.206+0530] {processor.py:156} INFO - Started process (PID=26496) to work on /run/media/feuer/LinuxDrive/ChromeDownloads/Assignment/airflow/dags/Lead_scoring_training_pipeline/constants.py
[2023-05-21T19:55:41.207+0530] {processor.py:799} INFO - Processing file /run/media/feuer/LinuxDrive/ChromeDownloads/Assignment/airflow/dags/Lead_scoring_training_pipeline/constants.py for tasks to queue
[2023-05-21T19:55:41.208+0530] {logging_mixin.py:149} INFO - [2023-05-21T19:55:41.208+0530] {dagbag.py:541} INFO - Filling up the DagBag from /run/media/feuer/LinuxDrive/ChromeDownloads/Assignment/airflow/dags/Lead_scoring_training_pipeline/constants.py
[2023-05-21T19:55:41.210+0530] {processor.py:811} WARNING - No viable dags retrieved from /run/media/feuer/LinuxDrive/ChromeDownloads/Assignment/airflow/dags/Lead_scoring_training_pipeline/constants.py
[2023-05-21T19:55:41.220+0530] {processor.py:178} INFO - Processing /run/media/feuer/LinuxDrive/ChromeDownloads/Assignment/airflow/dags/Lead_scoring_training_pipeline/constants.py took 0.017 seconds
[2023-05-21T19:56:13.107+0530] {processor.py:156} INFO - Started process (PID=26629) to work on /run/media/feuer/LinuxDrive/ChromeDownloads/Assignment/airflow/dags/Lead_scoring_training_pipeline/constants.py
[2023-05-21T19:56:13.108+0530] {processor.py:799} INFO - Processing file /run/media/feuer/LinuxDrive/ChromeDownloads/Assignment/airflow/dags/Lead_scoring_training_pipeline/constants.py for tasks to queue
[2023-05-21T19:56:13.109+0530] {logging_mixin.py:149} INFO - [2023-05-21T19:56:13.109+0530] {dagbag.py:541} INFO - Filling up the DagBag from /run/media/feuer/LinuxDrive/ChromeDownloads/Assignment/airflow/dags/Lead_scoring_training_pipeline/constants.py
[2023-05-21T19:56:13.110+0530] {processor.py:811} WARNING - No viable dags retrieved from /run/media/feuer/LinuxDrive/ChromeDownloads/Assignment/airflow/dags/Lead_scoring_training_pipeline/constants.py
[2023-05-21T19:56:13.120+0530] {processor.py:178} INFO - Processing /run/media/feuer/LinuxDrive/ChromeDownloads/Assignment/airflow/dags/Lead_scoring_training_pipeline/constants.py took 0.015 seconds
[2023-05-21T19:57:07.591+0530] {processor.py:156} INFO - Started process (PID=26766) to work on /run/media/feuer/LinuxDrive/ChromeDownloads/Assignment/airflow/dags/Lead_scoring_training_pipeline/constants.py
[2023-05-21T19:57:07.592+0530] {processor.py:799} INFO - Processing file /run/media/feuer/LinuxDrive/ChromeDownloads/Assignment/airflow/dags/Lead_scoring_training_pipeline/constants.py for tasks to queue
[2023-05-21T19:57:07.592+0530] {logging_mixin.py:149} INFO - [2023-05-21T19:57:07.592+0530] {dagbag.py:541} INFO - Filling up the DagBag from /run/media/feuer/LinuxDrive/ChromeDownloads/Assignment/airflow/dags/Lead_scoring_training_pipeline/constants.py
[2023-05-21T19:57:07.594+0530] {processor.py:811} WARNING - No viable dags retrieved from /run/media/feuer/LinuxDrive/ChromeDownloads/Assignment/airflow/dags/Lead_scoring_training_pipeline/constants.py
[2023-05-21T19:57:07.604+0530] {processor.py:178} INFO - Processing /run/media/feuer/LinuxDrive/ChromeDownloads/Assignment/airflow/dags/Lead_scoring_training_pipeline/constants.py took 0.016 seconds
[2023-05-21T19:57:57.606+0530] {processor.py:156} INFO - Started process (PID=26890) to work on /run/media/feuer/LinuxDrive/ChromeDownloads/Assignment/airflow/dags/Lead_scoring_training_pipeline/constants.py
[2023-05-21T19:57:57.607+0530] {processor.py:799} INFO - Processing file /run/media/feuer/LinuxDrive/ChromeDownloads/Assignment/airflow/dags/Lead_scoring_training_pipeline/constants.py for tasks to queue
[2023-05-21T19:57:57.608+0530] {logging_mixin.py:149} INFO - [2023-05-21T19:57:57.608+0530] {dagbag.py:541} INFO - Filling up the DagBag from /run/media/feuer/LinuxDrive/ChromeDownloads/Assignment/airflow/dags/Lead_scoring_training_pipeline/constants.py
[2023-05-21T19:57:57.610+0530] {processor.py:811} WARNING - No viable dags retrieved from /run/media/feuer/LinuxDrive/ChromeDownloads/Assignment/airflow/dags/Lead_scoring_training_pipeline/constants.py
[2023-05-21T19:57:57.619+0530] {processor.py:178} INFO - Processing /run/media/feuer/LinuxDrive/ChromeDownloads/Assignment/airflow/dags/Lead_scoring_training_pipeline/constants.py took 0.016 seconds
[2023-05-21T19:58:51.410+0530] {processor.py:156} INFO - Started process (PID=27047) to work on /run/media/feuer/LinuxDrive/ChromeDownloads/Assignment/airflow/dags/Lead_scoring_training_pipeline/constants.py
[2023-05-21T19:58:51.425+0530] {processor.py:799} INFO - Processing file /run/media/feuer/LinuxDrive/ChromeDownloads/Assignment/airflow/dags/Lead_scoring_training_pipeline/constants.py for tasks to queue
[2023-05-21T19:58:51.425+0530] {logging_mixin.py:149} INFO - [2023-05-21T19:58:51.425+0530] {dagbag.py:541} INFO - Filling up the DagBag from /run/media/feuer/LinuxDrive/ChromeDownloads/Assignment/airflow/dags/Lead_scoring_training_pipeline/constants.py
[2023-05-21T19:58:51.427+0530] {processor.py:811} WARNING - No viable dags retrieved from /run/media/feuer/LinuxDrive/ChromeDownloads/Assignment/airflow/dags/Lead_scoring_training_pipeline/constants.py
[2023-05-21T19:58:51.435+0530] {processor.py:178} INFO - Processing /run/media/feuer/LinuxDrive/ChromeDownloads/Assignment/airflow/dags/Lead_scoring_training_pipeline/constants.py took 0.027 seconds
[2023-05-21T19:59:50.284+0530] {processor.py:156} INFO - Started process (PID=27193) to work on /run/media/feuer/LinuxDrive/ChromeDownloads/Assignment/airflow/dags/Lead_scoring_training_pipeline/constants.py
[2023-05-21T19:59:50.285+0530] {processor.py:799} INFO - Processing file /run/media/feuer/LinuxDrive/ChromeDownloads/Assignment/airflow/dags/Lead_scoring_training_pipeline/constants.py for tasks to queue
[2023-05-21T19:59:50.285+0530] {logging_mixin.py:149} INFO - [2023-05-21T19:59:50.285+0530] {dagbag.py:541} INFO - Filling up the DagBag from /run/media/feuer/LinuxDrive/ChromeDownloads/Assignment/airflow/dags/Lead_scoring_training_pipeline/constants.py
[2023-05-21T19:59:50.286+0530] {processor.py:811} WARNING - No viable dags retrieved from /run/media/feuer/LinuxDrive/ChromeDownloads/Assignment/airflow/dags/Lead_scoring_training_pipeline/constants.py
[2023-05-21T19:59:50.294+0530] {processor.py:178} INFO - Processing /run/media/feuer/LinuxDrive/ChromeDownloads/Assignment/airflow/dags/Lead_scoring_training_pipeline/constants.py took 0.011 seconds
[2023-05-21T20:00:49.717+0530] {processor.py:156} INFO - Started process (PID=27344) to work on /run/media/feuer/LinuxDrive/ChromeDownloads/Assignment/airflow/dags/Lead_scoring_training_pipeline/constants.py
[2023-05-21T20:00:49.724+0530] {processor.py:799} INFO - Processing file /run/media/feuer/LinuxDrive/ChromeDownloads/Assignment/airflow/dags/Lead_scoring_training_pipeline/constants.py for tasks to queue
[2023-05-21T20:00:49.725+0530] {logging_mixin.py:149} INFO - [2023-05-21T20:00:49.724+0530] {dagbag.py:541} INFO - Filling up the DagBag from /run/media/feuer/LinuxDrive/ChromeDownloads/Assignment/airflow/dags/Lead_scoring_training_pipeline/constants.py
[2023-05-21T20:00:49.726+0530] {processor.py:811} WARNING - No viable dags retrieved from /run/media/feuer/LinuxDrive/ChromeDownloads/Assignment/airflow/dags/Lead_scoring_training_pipeline/constants.py
[2023-05-21T20:00:49.733+0530] {processor.py:178} INFO - Processing /run/media/feuer/LinuxDrive/ChromeDownloads/Assignment/airflow/dags/Lead_scoring_training_pipeline/constants.py took 0.018 seconds
[2023-05-21T20:02:02.555+0530] {processor.py:156} INFO - Started process (PID=27715) to work on /run/media/feuer/LinuxDrive/ChromeDownloads/Assignment/airflow/dags/Lead_scoring_training_pipeline/constants.py
[2023-05-21T20:02:02.579+0530] {processor.py:799} INFO - Processing file /run/media/feuer/LinuxDrive/ChromeDownloads/Assignment/airflow/dags/Lead_scoring_training_pipeline/constants.py for tasks to queue
[2023-05-21T20:02:02.579+0530] {logging_mixin.py:149} INFO - [2023-05-21T20:02:02.579+0530] {dagbag.py:541} INFO - Filling up the DagBag from /run/media/feuer/LinuxDrive/ChromeDownloads/Assignment/airflow/dags/Lead_scoring_training_pipeline/constants.py
[2023-05-21T20:02:02.607+0530] {processor.py:811} WARNING - No viable dags retrieved from /run/media/feuer/LinuxDrive/ChromeDownloads/Assignment/airflow/dags/Lead_scoring_training_pipeline/constants.py
[2023-05-21T20:02:02.619+0530] {processor.py:178} INFO - Processing /run/media/feuer/LinuxDrive/ChromeDownloads/Assignment/airflow/dags/Lead_scoring_training_pipeline/constants.py took 0.068 seconds
[2023-05-21T20:02:36.739+0530] {processor.py:156} INFO - Started process (PID=27803) to work on /run/media/feuer/LinuxDrive/ChromeDownloads/Assignment/airflow/dags/Lead_scoring_training_pipeline/constants.py
[2023-05-21T20:02:36.747+0530] {processor.py:799} INFO - Processing file /run/media/feuer/LinuxDrive/ChromeDownloads/Assignment/airflow/dags/Lead_scoring_training_pipeline/constants.py for tasks to queue
[2023-05-21T20:02:36.747+0530] {logging_mixin.py:149} INFO - [2023-05-21T20:02:36.747+0530] {dagbag.py:541} INFO - Filling up the DagBag from /run/media/feuer/LinuxDrive/ChromeDownloads/Assignment/airflow/dags/Lead_scoring_training_pipeline/constants.py
[2023-05-21T20:02:36.749+0530] {processor.py:811} WARNING - No viable dags retrieved from /run/media/feuer/LinuxDrive/ChromeDownloads/Assignment/airflow/dags/Lead_scoring_training_pipeline/constants.py
[2023-05-21T20:02:36.759+0530] {processor.py:178} INFO - Processing /run/media/feuer/LinuxDrive/ChromeDownloads/Assignment/airflow/dags/Lead_scoring_training_pipeline/constants.py took 0.023 seconds
[2023-05-21T20:03:39.616+0530] {processor.py:156} INFO - Started process (PID=27988) to work on /run/media/feuer/LinuxDrive/ChromeDownloads/Assignment/airflow/dags/Lead_scoring_training_pipeline/constants.py
[2023-05-21T20:03:39.643+0530] {processor.py:799} INFO - Processing file /run/media/feuer/LinuxDrive/ChromeDownloads/Assignment/airflow/dags/Lead_scoring_training_pipeline/constants.py for tasks to queue
[2023-05-21T20:03:39.644+0530] {logging_mixin.py:149} INFO - [2023-05-21T20:03:39.644+0530] {dagbag.py:541} INFO - Filling up the DagBag from /run/media/feuer/LinuxDrive/ChromeDownloads/Assignment/airflow/dags/Lead_scoring_training_pipeline/constants.py
[2023-05-21T20:03:39.645+0530] {processor.py:811} WARNING - No viable dags retrieved from /run/media/feuer/LinuxDrive/ChromeDownloads/Assignment/airflow/dags/Lead_scoring_training_pipeline/constants.py
[2023-05-21T20:03:39.651+0530] {processor.py:178} INFO - Processing /run/media/feuer/LinuxDrive/ChromeDownloads/Assignment/airflow/dags/Lead_scoring_training_pipeline/constants.py took 0.037 seconds
[2023-05-21T20:04:38.685+0530] {processor.py:156} INFO - Started process (PID=28210) to work on /run/media/feuer/LinuxDrive/ChromeDownloads/Assignment/airflow/dags/Lead_scoring_training_pipeline/constants.py
[2023-05-21T20:04:38.699+0530] {processor.py:799} INFO - Processing file /run/media/feuer/LinuxDrive/ChromeDownloads/Assignment/airflow/dags/Lead_scoring_training_pipeline/constants.py for tasks to queue
[2023-05-21T20:04:38.699+0530] {logging_mixin.py:149} INFO - [2023-05-21T20:04:38.699+0530] {dagbag.py:541} INFO - Filling up the DagBag from /run/media/feuer/LinuxDrive/ChromeDownloads/Assignment/airflow/dags/Lead_scoring_training_pipeline/constants.py
[2023-05-21T20:04:38.701+0530] {processor.py:811} WARNING - No viable dags retrieved from /run/media/feuer/LinuxDrive/ChromeDownloads/Assignment/airflow/dags/Lead_scoring_training_pipeline/constants.py
[2023-05-21T20:04:38.712+0530] {processor.py:178} INFO - Processing /run/media/feuer/LinuxDrive/ChromeDownloads/Assignment/airflow/dags/Lead_scoring_training_pipeline/constants.py took 0.030 seconds
[2023-05-21T20:05:37.835+0530] {processor.py:156} INFO - Started process (PID=28427) to work on /run/media/feuer/LinuxDrive/ChromeDownloads/Assignment/airflow/dags/Lead_scoring_training_pipeline/constants.py
[2023-05-21T20:05:37.837+0530] {processor.py:799} INFO - Processing file /run/media/feuer/LinuxDrive/ChromeDownloads/Assignment/airflow/dags/Lead_scoring_training_pipeline/constants.py for tasks to queue
[2023-05-21T20:05:37.838+0530] {logging_mixin.py:149} INFO - [2023-05-21T20:05:37.838+0530] {dagbag.py:541} INFO - Filling up the DagBag from /run/media/feuer/LinuxDrive/ChromeDownloads/Assignment/airflow/dags/Lead_scoring_training_pipeline/constants.py
[2023-05-21T20:05:37.839+0530] {processor.py:811} WARNING - No viable dags retrieved from /run/media/feuer/LinuxDrive/ChromeDownloads/Assignment/airflow/dags/Lead_scoring_training_pipeline/constants.py
[2023-05-21T20:05:37.850+0530] {processor.py:178} INFO - Processing /run/media/feuer/LinuxDrive/ChromeDownloads/Assignment/airflow/dags/Lead_scoring_training_pipeline/constants.py took 0.018 seconds
[2023-05-21T20:06:34.441+0530] {processor.py:156} INFO - Started process (PID=28755) to work on /run/media/feuer/LinuxDrive/ChromeDownloads/Assignment/airflow/dags/Lead_scoring_training_pipeline/constants.py
[2023-05-21T20:06:34.451+0530] {processor.py:799} INFO - Processing file /run/media/feuer/LinuxDrive/ChromeDownloads/Assignment/airflow/dags/Lead_scoring_training_pipeline/constants.py for tasks to queue
[2023-05-21T20:06:34.452+0530] {logging_mixin.py:149} INFO - [2023-05-21T20:06:34.452+0530] {dagbag.py:541} INFO - Filling up the DagBag from /run/media/feuer/LinuxDrive/ChromeDownloads/Assignment/airflow/dags/Lead_scoring_training_pipeline/constants.py
[2023-05-21T20:06:34.455+0530] {processor.py:811} WARNING - No viable dags retrieved from /run/media/feuer/LinuxDrive/ChromeDownloads/Assignment/airflow/dags/Lead_scoring_training_pipeline/constants.py
[2023-05-21T20:06:34.465+0530] {processor.py:178} INFO - Processing /run/media/feuer/LinuxDrive/ChromeDownloads/Assignment/airflow/dags/Lead_scoring_training_pipeline/constants.py took 0.028 seconds
[2023-05-21T20:07:29.904+0530] {processor.py:156} INFO - Started process (PID=28910) to work on /run/media/feuer/LinuxDrive/ChromeDownloads/Assignment/airflow/dags/Lead_scoring_training_pipeline/constants.py
[2023-05-21T20:07:29.915+0530] {processor.py:799} INFO - Processing file /run/media/feuer/LinuxDrive/ChromeDownloads/Assignment/airflow/dags/Lead_scoring_training_pipeline/constants.py for tasks to queue
[2023-05-21T20:07:29.916+0530] {logging_mixin.py:149} INFO - [2023-05-21T20:07:29.915+0530] {dagbag.py:541} INFO - Filling up the DagBag from /run/media/feuer/LinuxDrive/ChromeDownloads/Assignment/airflow/dags/Lead_scoring_training_pipeline/constants.py
[2023-05-21T20:07:29.917+0530] {processor.py:811} WARNING - No viable dags retrieved from /run/media/feuer/LinuxDrive/ChromeDownloads/Assignment/airflow/dags/Lead_scoring_training_pipeline/constants.py
[2023-05-21T20:07:29.924+0530] {processor.py:178} INFO - Processing /run/media/feuer/LinuxDrive/ChromeDownloads/Assignment/airflow/dags/Lead_scoring_training_pipeline/constants.py took 0.023 seconds
[2023-05-21T20:08:25.195+0530] {processor.py:156} INFO - Started process (PID=29072) to work on /run/media/feuer/LinuxDrive/ChromeDownloads/Assignment/airflow/dags/Lead_scoring_training_pipeline/constants.py
[2023-05-21T20:08:25.204+0530] {processor.py:799} INFO - Processing file /run/media/feuer/LinuxDrive/ChromeDownloads/Assignment/airflow/dags/Lead_scoring_training_pipeline/constants.py for tasks to queue
[2023-05-21T20:08:25.204+0530] {logging_mixin.py:149} INFO - [2023-05-21T20:08:25.204+0530] {dagbag.py:541} INFO - Filling up the DagBag from /run/media/feuer/LinuxDrive/ChromeDownloads/Assignment/airflow/dags/Lead_scoring_training_pipeline/constants.py
[2023-05-21T20:08:25.205+0530] {processor.py:811} WARNING - No viable dags retrieved from /run/media/feuer/LinuxDrive/ChromeDownloads/Assignment/airflow/dags/Lead_scoring_training_pipeline/constants.py
[2023-05-21T20:08:25.211+0530] {processor.py:178} INFO - Processing /run/media/feuer/LinuxDrive/ChromeDownloads/Assignment/airflow/dags/Lead_scoring_training_pipeline/constants.py took 0.019 seconds
[2023-05-21T20:08:56.671+0530] {processor.py:156} INFO - Started process (PID=29149) to work on /run/media/feuer/LinuxDrive/ChromeDownloads/Assignment/airflow/dags/Lead_scoring_training_pipeline/constants.py
[2023-05-21T20:08:56.685+0530] {processor.py:799} INFO - Processing file /run/media/feuer/LinuxDrive/ChromeDownloads/Assignment/airflow/dags/Lead_scoring_training_pipeline/constants.py for tasks to queue
[2023-05-21T20:08:56.686+0530] {logging_mixin.py:149} INFO - [2023-05-21T20:08:56.686+0530] {dagbag.py:541} INFO - Filling up the DagBag from /run/media/feuer/LinuxDrive/ChromeDownloads/Assignment/airflow/dags/Lead_scoring_training_pipeline/constants.py
[2023-05-21T20:08:56.687+0530] {processor.py:811} WARNING - No viable dags retrieved from /run/media/feuer/LinuxDrive/ChromeDownloads/Assignment/airflow/dags/Lead_scoring_training_pipeline/constants.py
[2023-05-21T20:08:56.694+0530] {processor.py:178} INFO - Processing /run/media/feuer/LinuxDrive/ChromeDownloads/Assignment/airflow/dags/Lead_scoring_training_pipeline/constants.py took 0.025 seconds
[2023-05-21T20:09:52.740+0530] {processor.py:156} INFO - Started process (PID=29369) to work on /run/media/feuer/LinuxDrive/ChromeDownloads/Assignment/airflow/dags/Lead_scoring_training_pipeline/constants.py
[2023-05-21T20:09:52.757+0530] {processor.py:799} INFO - Processing file /run/media/feuer/LinuxDrive/ChromeDownloads/Assignment/airflow/dags/Lead_scoring_training_pipeline/constants.py for tasks to queue
[2023-05-21T20:09:52.758+0530] {logging_mixin.py:149} INFO - [2023-05-21T20:09:52.758+0530] {dagbag.py:541} INFO - Filling up the DagBag from /run/media/feuer/LinuxDrive/ChromeDownloads/Assignment/airflow/dags/Lead_scoring_training_pipeline/constants.py
[2023-05-21T20:09:52.760+0530] {processor.py:811} WARNING - No viable dags retrieved from /run/media/feuer/LinuxDrive/ChromeDownloads/Assignment/airflow/dags/Lead_scoring_training_pipeline/constants.py
[2023-05-21T20:09:52.771+0530] {processor.py:178} INFO - Processing /run/media/feuer/LinuxDrive/ChromeDownloads/Assignment/airflow/dags/Lead_scoring_training_pipeline/constants.py took 0.033 seconds
[2023-05-21T20:10:48.980+0530] {processor.py:156} INFO - Started process (PID=29500) to work on /run/media/feuer/LinuxDrive/ChromeDownloads/Assignment/airflow/dags/Lead_scoring_training_pipeline/constants.py
[2023-05-21T20:10:49.046+0530] {processor.py:799} INFO - Processing file /run/media/feuer/LinuxDrive/ChromeDownloads/Assignment/airflow/dags/Lead_scoring_training_pipeline/constants.py for tasks to queue
[2023-05-21T20:10:49.047+0530] {logging_mixin.py:149} INFO - [2023-05-21T20:10:49.047+0530] {dagbag.py:541} INFO - Filling up the DagBag from /run/media/feuer/LinuxDrive/ChromeDownloads/Assignment/airflow/dags/Lead_scoring_training_pipeline/constants.py
[2023-05-21T20:10:49.048+0530] {processor.py:811} WARNING - No viable dags retrieved from /run/media/feuer/LinuxDrive/ChromeDownloads/Assignment/airflow/dags/Lead_scoring_training_pipeline/constants.py
[2023-05-21T20:10:49.059+0530] {processor.py:178} INFO - Processing /run/media/feuer/LinuxDrive/ChromeDownloads/Assignment/airflow/dags/Lead_scoring_training_pipeline/constants.py took 0.083 seconds
[2023-05-21T20:11:46.199+0530] {processor.py:156} INFO - Started process (PID=29660) to work on /run/media/feuer/LinuxDrive/ChromeDownloads/Assignment/airflow/dags/Lead_scoring_training_pipeline/constants.py
[2023-05-21T20:11:46.201+0530] {processor.py:799} INFO - Processing file /run/media/feuer/LinuxDrive/ChromeDownloads/Assignment/airflow/dags/Lead_scoring_training_pipeline/constants.py for tasks to queue
[2023-05-21T20:11:46.202+0530] {logging_mixin.py:149} INFO - [2023-05-21T20:11:46.202+0530] {dagbag.py:541} INFO - Filling up the DagBag from /run/media/feuer/LinuxDrive/ChromeDownloads/Assignment/airflow/dags/Lead_scoring_training_pipeline/constants.py
[2023-05-21T20:11:46.210+0530] {processor.py:811} WARNING - No viable dags retrieved from /run/media/feuer/LinuxDrive/ChromeDownloads/Assignment/airflow/dags/Lead_scoring_training_pipeline/constants.py
[2023-05-21T20:11:46.219+0530] {processor.py:178} INFO - Processing /run/media/feuer/LinuxDrive/ChromeDownloads/Assignment/airflow/dags/Lead_scoring_training_pipeline/constants.py took 0.023 seconds
[2023-05-21T16:57:06.082+0530] {processor.py:156} INFO - Started process (PID=55612) to work on /run/media/feuer/LinuxDrive/ChromeDownloads/Assignment/airflow/dags/Lead_scoring_training_pipeline/constants.py
[2023-05-21T16:57:06.217+0530] {processor.py:799} INFO - Processing file /run/media/feuer/LinuxDrive/ChromeDownloads/Assignment/airflow/dags/Lead_scoring_training_pipeline/constants.py for tasks to queue
[2023-05-21T16:57:06.316+0530] {logging_mixin.py:149} INFO - [2023-05-21T16:57:06.316+0530] {dagbag.py:541} INFO - Filling up the DagBag from /run/media/feuer/LinuxDrive/ChromeDownloads/Assignment/airflow/dags/Lead_scoring_training_pipeline/constants.py
[2023-05-21T16:57:06.593+0530] {processor.py:811} WARNING - No viable dags retrieved from /run/media/feuer/LinuxDrive/ChromeDownloads/Assignment/airflow/dags/Lead_scoring_training_pipeline/constants.py
[2023-05-21T16:57:07.333+0530] {processor.py:178} INFO - Processing /run/media/feuer/LinuxDrive/ChromeDownloads/Assignment/airflow/dags/Lead_scoring_training_pipeline/constants.py took 1.254 seconds
[2023-05-21T16:59:02.955+0530] {processor.py:156} INFO - Started process (PID=55938) to work on /run/media/feuer/LinuxDrive/ChromeDownloads/Assignment/airflow/dags/Lead_scoring_training_pipeline/constants.py
[2023-05-21T16:59:02.968+0530] {processor.py:799} INFO - Processing file /run/media/feuer/LinuxDrive/ChromeDownloads/Assignment/airflow/dags/Lead_scoring_training_pipeline/constants.py for tasks to queue
[2023-05-21T16:59:02.968+0530] {logging_mixin.py:149} INFO - [2023-05-21T16:59:02.968+0530] {dagbag.py:541} INFO - Filling up the DagBag from /run/media/feuer/LinuxDrive/ChromeDownloads/Assignment/airflow/dags/Lead_scoring_training_pipeline/constants.py
[2023-05-21T16:59:02.970+0530] {processor.py:811} WARNING - No viable dags retrieved from /run/media/feuer/LinuxDrive/ChromeDownloads/Assignment/airflow/dags/Lead_scoring_training_pipeline/constants.py
[2023-05-21T16:59:02.979+0530] {processor.py:178} INFO - Processing /run/media/feuer/LinuxDrive/ChromeDownloads/Assignment/airflow/dags/Lead_scoring_training_pipeline/constants.py took 0.027 seconds
[2023-05-21T16:59:56.060+0530] {processor.py:156} INFO - Started process (PID=56042) to work on /run/media/feuer/LinuxDrive/ChromeDownloads/Assignment/airflow/dags/Lead_scoring_training_pipeline/constants.py
[2023-05-21T16:59:56.137+0530] {processor.py:799} INFO - Processing file /run/media/feuer/LinuxDrive/ChromeDownloads/Assignment/airflow/dags/Lead_scoring_training_pipeline/constants.py for tasks to queue
[2023-05-21T16:59:56.138+0530] {logging_mixin.py:149} INFO - [2023-05-21T16:59:56.138+0530] {dagbag.py:541} INFO - Filling up the DagBag from /run/media/feuer/LinuxDrive/ChromeDownloads/Assignment/airflow/dags/Lead_scoring_training_pipeline/constants.py
[2023-05-21T16:59:56.139+0530] {processor.py:811} WARNING - No viable dags retrieved from /run/media/feuer/LinuxDrive/ChromeDownloads/Assignment/airflow/dags/Lead_scoring_training_pipeline/constants.py
[2023-05-21T16:59:56.149+0530] {processor.py:178} INFO - Processing /run/media/feuer/LinuxDrive/ChromeDownloads/Assignment/airflow/dags/Lead_scoring_training_pipeline/constants.py took 0.091 seconds
[2023-05-21T17:00:33.588+0530] {processor.py:156} INFO - Started process (PID=56152) to work on /run/media/feuer/LinuxDrive/ChromeDownloads/Assignment/airflow/dags/Lead_scoring_training_pipeline/constants.py
[2023-05-21T17:00:33.675+0530] {processor.py:799} INFO - Processing file /run/media/feuer/LinuxDrive/ChromeDownloads/Assignment/airflow/dags/Lead_scoring_training_pipeline/constants.py for tasks to queue
[2023-05-21T17:00:33.675+0530] {logging_mixin.py:149} INFO - [2023-05-21T17:00:33.675+0530] {dagbag.py:541} INFO - Filling up the DagBag from /run/media/feuer/LinuxDrive/ChromeDownloads/Assignment/airflow/dags/Lead_scoring_training_pipeline/constants.py
[2023-05-21T17:00:33.677+0530] {processor.py:811} WARNING - No viable dags retrieved from /run/media/feuer/LinuxDrive/ChromeDownloads/Assignment/airflow/dags/Lead_scoring_training_pipeline/constants.py
[2023-05-21T17:00:33.686+0530] {processor.py:178} INFO - Processing /run/media/feuer/LinuxDrive/ChromeDownloads/Assignment/airflow/dags/Lead_scoring_training_pipeline/constants.py took 0.100 seconds
[2023-05-21T17:01:15.473+0530] {processor.py:156} INFO - Started process (PID=56296) to work on /run/media/feuer/LinuxDrive/ChromeDownloads/Assignment/airflow/dags/Lead_scoring_training_pipeline/constants.py
[2023-05-21T17:01:15.579+0530] {processor.py:799} INFO - Processing file /run/media/feuer/LinuxDrive/ChromeDownloads/Assignment/airflow/dags/Lead_scoring_training_pipeline/constants.py for tasks to queue
[2023-05-21T17:01:15.580+0530] {logging_mixin.py:149} INFO - [2023-05-21T17:01:15.579+0530] {dagbag.py:541} INFO - Filling up the DagBag from /run/media/feuer/LinuxDrive/ChromeDownloads/Assignment/airflow/dags/Lead_scoring_training_pipeline/constants.py
[2023-05-21T17:01:15.580+0530] {processor.py:811} WARNING - No viable dags retrieved from /run/media/feuer/LinuxDrive/ChromeDownloads/Assignment/airflow/dags/Lead_scoring_training_pipeline/constants.py
[2023-05-21T17:01:15.586+0530] {processor.py:178} INFO - Processing /run/media/feuer/LinuxDrive/ChromeDownloads/Assignment/airflow/dags/Lead_scoring_training_pipeline/constants.py took 0.116 seconds
[2023-05-21T17:02:03.591+0530] {processor.py:156} INFO - Started process (PID=56430) to work on /run/media/feuer/LinuxDrive/ChromeDownloads/Assignment/airflow/dags/Lead_scoring_training_pipeline/constants.py
[2023-05-21T17:02:03.762+0530] {processor.py:799} INFO - Processing file /run/media/feuer/LinuxDrive/ChromeDownloads/Assignment/airflow/dags/Lead_scoring_training_pipeline/constants.py for tasks to queue
[2023-05-21T17:02:03.763+0530] {logging_mixin.py:149} INFO - [2023-05-21T17:02:03.763+0530] {dagbag.py:541} INFO - Filling up the DagBag from /run/media/feuer/LinuxDrive/ChromeDownloads/Assignment/airflow/dags/Lead_scoring_training_pipeline/constants.py
[2023-05-21T17:02:03.764+0530] {processor.py:811} WARNING - No viable dags retrieved from /run/media/feuer/LinuxDrive/ChromeDownloads/Assignment/airflow/dags/Lead_scoring_training_pipeline/constants.py
[2023-05-21T17:02:03.773+0530] {processor.py:178} INFO - Processing /run/media/feuer/LinuxDrive/ChromeDownloads/Assignment/airflow/dags/Lead_scoring_training_pipeline/constants.py took 0.184 seconds
[2023-05-21T17:02:44.187+0530] {processor.py:156} INFO - Started process (PID=56575) to work on /run/media/feuer/LinuxDrive/ChromeDownloads/Assignment/airflow/dags/Lead_scoring_training_pipeline/constants.py
[2023-05-21T17:02:44.188+0530] {processor.py:799} INFO - Processing file /run/media/feuer/LinuxDrive/ChromeDownloads/Assignment/airflow/dags/Lead_scoring_training_pipeline/constants.py for tasks to queue
[2023-05-21T17:02:44.189+0530] {logging_mixin.py:149} INFO - [2023-05-21T17:02:44.189+0530] {dagbag.py:541} INFO - Filling up the DagBag from /run/media/feuer/LinuxDrive/ChromeDownloads/Assignment/airflow/dags/Lead_scoring_training_pipeline/constants.py
[2023-05-21T17:02:44.190+0530] {processor.py:811} WARNING - No viable dags retrieved from /run/media/feuer/LinuxDrive/ChromeDownloads/Assignment/airflow/dags/Lead_scoring_training_pipeline/constants.py
[2023-05-21T17:02:44.197+0530] {processor.py:178} INFO - Processing /run/media/feuer/LinuxDrive/ChromeDownloads/Assignment/airflow/dags/Lead_scoring_training_pipeline/constants.py took 0.013 seconds
[2023-05-21T17:03:36.572+0530] {processor.py:156} INFO - Started process (PID=56685) to work on /run/media/feuer/LinuxDrive/ChromeDownloads/Assignment/airflow/dags/Lead_scoring_training_pipeline/constants.py
[2023-05-21T17:03:36.578+0530] {processor.py:799} INFO - Processing file /run/media/feuer/LinuxDrive/ChromeDownloads/Assignment/airflow/dags/Lead_scoring_training_pipeline/constants.py for tasks to queue
[2023-05-21T17:03:36.579+0530] {logging_mixin.py:149} INFO - [2023-05-21T17:03:36.579+0530] {dagbag.py:541} INFO - Filling up the DagBag from /run/media/feuer/LinuxDrive/ChromeDownloads/Assignment/airflow/dags/Lead_scoring_training_pipeline/constants.py
[2023-05-21T17:03:36.580+0530] {processor.py:811} WARNING - No viable dags retrieved from /run/media/feuer/LinuxDrive/ChromeDownloads/Assignment/airflow/dags/Lead_scoring_training_pipeline/constants.py
[2023-05-21T17:03:36.590+0530] {processor.py:178} INFO - Processing /run/media/feuer/LinuxDrive/ChromeDownloads/Assignment/airflow/dags/Lead_scoring_training_pipeline/constants.py took 0.021 seconds
[2023-05-21T17:04:25.083+0530] {processor.py:156} INFO - Started process (PID=56813) to work on /run/media/feuer/LinuxDrive/ChromeDownloads/Assignment/airflow/dags/Lead_scoring_training_pipeline/constants.py
[2023-05-21T17:04:25.084+0530] {processor.py:799} INFO - Processing file /run/media/feuer/LinuxDrive/ChromeDownloads/Assignment/airflow/dags/Lead_scoring_training_pipeline/constants.py for tasks to queue
[2023-05-21T17:04:25.085+0530] {logging_mixin.py:149} INFO - [2023-05-21T17:04:25.085+0530] {dagbag.py:541} INFO - Filling up the DagBag from /run/media/feuer/LinuxDrive/ChromeDownloads/Assignment/airflow/dags/Lead_scoring_training_pipeline/constants.py
[2023-05-21T17:04:25.086+0530] {processor.py:811} WARNING - No viable dags retrieved from /run/media/feuer/LinuxDrive/ChromeDownloads/Assignment/airflow/dags/Lead_scoring_training_pipeline/constants.py
[2023-05-21T17:04:25.096+0530] {processor.py:178} INFO - Processing /run/media/feuer/LinuxDrive/ChromeDownloads/Assignment/airflow/dags/Lead_scoring_training_pipeline/constants.py took 0.015 seconds
[2023-05-21T17:05:10.413+0530] {processor.py:156} INFO - Started process (PID=56926) to work on /run/media/feuer/LinuxDrive/ChromeDownloads/Assignment/airflow/dags/Lead_scoring_training_pipeline/constants.py
[2023-05-21T17:05:10.427+0530] {processor.py:799} INFO - Processing file /run/media/feuer/LinuxDrive/ChromeDownloads/Assignment/airflow/dags/Lead_scoring_training_pipeline/constants.py for tasks to queue
[2023-05-21T17:05:10.428+0530] {logging_mixin.py:149} INFO - [2023-05-21T17:05:10.428+0530] {dagbag.py:541} INFO - Filling up the DagBag from /run/media/feuer/LinuxDrive/ChromeDownloads/Assignment/airflow/dags/Lead_scoring_training_pipeline/constants.py
[2023-05-21T17:05:10.429+0530] {processor.py:811} WARNING - No viable dags retrieved from /run/media/feuer/LinuxDrive/ChromeDownloads/Assignment/airflow/dags/Lead_scoring_training_pipeline/constants.py
[2023-05-21T17:05:10.436+0530] {processor.py:178} INFO - Processing /run/media/feuer/LinuxDrive/ChromeDownloads/Assignment/airflow/dags/Lead_scoring_training_pipeline/constants.py took 0.026 seconds
[2023-05-21T17:05:56.151+0530] {processor.py:156} INFO - Started process (PID=57031) to work on /run/media/feuer/LinuxDrive/ChromeDownloads/Assignment/airflow/dags/Lead_scoring_training_pipeline/constants.py
[2023-05-21T17:05:56.165+0530] {processor.py:799} INFO - Processing file /run/media/feuer/LinuxDrive/ChromeDownloads/Assignment/airflow/dags/Lead_scoring_training_pipeline/constants.py for tasks to queue
[2023-05-21T17:05:56.166+0530] {logging_mixin.py:149} INFO - [2023-05-21T17:05:56.166+0530] {dagbag.py:541} INFO - Filling up the DagBag from /run/media/feuer/LinuxDrive/ChromeDownloads/Assignment/airflow/dags/Lead_scoring_training_pipeline/constants.py
[2023-05-21T17:05:56.167+0530] {processor.py:811} WARNING - No viable dags retrieved from /run/media/feuer/LinuxDrive/ChromeDownloads/Assignment/airflow/dags/Lead_scoring_training_pipeline/constants.py
[2023-05-21T17:05:56.173+0530] {processor.py:178} INFO - Processing /run/media/feuer/LinuxDrive/ChromeDownloads/Assignment/airflow/dags/Lead_scoring_training_pipeline/constants.py took 0.025 seconds
[2023-05-21T17:06:40.405+0530] {processor.py:156} INFO - Started process (PID=57136) to work on /run/media/feuer/LinuxDrive/ChromeDownloads/Assignment/airflow/dags/Lead_scoring_training_pipeline/constants.py
[2023-05-21T17:06:40.405+0530] {processor.py:799} INFO - Processing file /run/media/feuer/LinuxDrive/ChromeDownloads/Assignment/airflow/dags/Lead_scoring_training_pipeline/constants.py for tasks to queue
[2023-05-21T17:06:40.406+0530] {logging_mixin.py:149} INFO - [2023-05-21T17:06:40.406+0530] {dagbag.py:541} INFO - Filling up the DagBag from /run/media/feuer/LinuxDrive/ChromeDownloads/Assignment/airflow/dags/Lead_scoring_training_pipeline/constants.py
[2023-05-21T17:06:40.407+0530] {processor.py:811} WARNING - No viable dags retrieved from /run/media/feuer/LinuxDrive/ChromeDownloads/Assignment/airflow/dags/Lead_scoring_training_pipeline/constants.py
[2023-05-21T17:06:40.413+0530] {processor.py:178} INFO - Processing /run/media/feuer/LinuxDrive/ChromeDownloads/Assignment/airflow/dags/Lead_scoring_training_pipeline/constants.py took 0.011 seconds
[2023-05-21T17:07:24.334+0530] {processor.py:156} INFO - Started process (PID=57242) to work on /run/media/feuer/LinuxDrive/ChromeDownloads/Assignment/airflow/dags/Lead_scoring_training_pipeline/constants.py
[2023-05-21T17:07:24.334+0530] {processor.py:799} INFO - Processing file /run/media/feuer/LinuxDrive/ChromeDownloads/Assignment/airflow/dags/Lead_scoring_training_pipeline/constants.py for tasks to queue
[2023-05-21T17:07:24.335+0530] {logging_mixin.py:149} INFO - [2023-05-21T17:07:24.335+0530] {dagbag.py:541} INFO - Filling up the DagBag from /run/media/feuer/LinuxDrive/ChromeDownloads/Assignment/airflow/dags/Lead_scoring_training_pipeline/constants.py
[2023-05-21T17:07:24.336+0530] {processor.py:811} WARNING - No viable dags retrieved from /run/media/feuer/LinuxDrive/ChromeDownloads/Assignment/airflow/dags/Lead_scoring_training_pipeline/constants.py
[2023-05-21T17:07:24.343+0530] {processor.py:178} INFO - Processing /run/media/feuer/LinuxDrive/ChromeDownloads/Assignment/airflow/dags/Lead_scoring_training_pipeline/constants.py took 0.011 seconds
[2023-05-21T17:08:08.615+0530] {processor.py:156} INFO - Started process (PID=57358) to work on /run/media/feuer/LinuxDrive/ChromeDownloads/Assignment/airflow/dags/Lead_scoring_training_pipeline/constants.py
[2023-05-21T17:08:08.624+0530] {processor.py:799} INFO - Processing file /run/media/feuer/LinuxDrive/ChromeDownloads/Assignment/airflow/dags/Lead_scoring_training_pipeline/constants.py for tasks to queue
[2023-05-21T17:08:08.624+0530] {logging_mixin.py:149} INFO - [2023-05-21T17:08:08.624+0530] {dagbag.py:541} INFO - Filling up the DagBag from /run/media/feuer/LinuxDrive/ChromeDownloads/Assignment/airflow/dags/Lead_scoring_training_pipeline/constants.py
[2023-05-21T17:08:08.625+0530] {processor.py:811} WARNING - No viable dags retrieved from /run/media/feuer/LinuxDrive/ChromeDownloads/Assignment/airflow/dags/Lead_scoring_training_pipeline/constants.py
[2023-05-21T17:08:08.631+0530] {processor.py:178} INFO - Processing /run/media/feuer/LinuxDrive/ChromeDownloads/Assignment/airflow/dags/Lead_scoring_training_pipeline/constants.py took 0.018 seconds
[2023-05-21T17:08:53.686+0530] {processor.py:156} INFO - Started process (PID=57481) to work on /run/media/feuer/LinuxDrive/ChromeDownloads/Assignment/airflow/dags/Lead_scoring_training_pipeline/constants.py
[2023-05-21T17:08:53.795+0530] {processor.py:799} INFO - Processing file /run/media/feuer/LinuxDrive/ChromeDownloads/Assignment/airflow/dags/Lead_scoring_training_pipeline/constants.py for tasks to queue
[2023-05-21T17:08:53.796+0530] {logging_mixin.py:149} INFO - [2023-05-21T17:08:53.796+0530] {dagbag.py:541} INFO - Filling up the DagBag from /run/media/feuer/LinuxDrive/ChromeDownloads/Assignment/airflow/dags/Lead_scoring_training_pipeline/constants.py
[2023-05-21T17:08:53.797+0530] {processor.py:811} WARNING - No viable dags retrieved from /run/media/feuer/LinuxDrive/ChromeDownloads/Assignment/airflow/dags/Lead_scoring_training_pipeline/constants.py
[2023-05-21T17:08:53.803+0530] {processor.py:178} INFO - Processing /run/media/feuer/LinuxDrive/ChromeDownloads/Assignment/airflow/dags/Lead_scoring_training_pipeline/constants.py took 0.120 seconds
[2023-05-21T17:09:40.100+0530] {processor.py:156} INFO - Started process (PID=57617) to work on /run/media/feuer/LinuxDrive/ChromeDownloads/Assignment/airflow/dags/Lead_scoring_training_pipeline/constants.py
[2023-05-21T17:09:40.109+0530] {processor.py:799} INFO - Processing file /run/media/feuer/LinuxDrive/ChromeDownloads/Assignment/airflow/dags/Lead_scoring_training_pipeline/constants.py for tasks to queue
[2023-05-21T17:09:40.109+0530] {logging_mixin.py:149} INFO - [2023-05-21T17:09:40.109+0530] {dagbag.py:541} INFO - Filling up the DagBag from /run/media/feuer/LinuxDrive/ChromeDownloads/Assignment/airflow/dags/Lead_scoring_training_pipeline/constants.py
[2023-05-21T17:09:40.110+0530] {processor.py:811} WARNING - No viable dags retrieved from /run/media/feuer/LinuxDrive/ChromeDownloads/Assignment/airflow/dags/Lead_scoring_training_pipeline/constants.py
[2023-05-21T17:09:40.117+0530] {processor.py:178} INFO - Processing /run/media/feuer/LinuxDrive/ChromeDownloads/Assignment/airflow/dags/Lead_scoring_training_pipeline/constants.py took 0.019 seconds
[2023-05-21T17:10:25.684+0530] {processor.py:156} INFO - Started process (PID=57719) to work on /run/media/feuer/LinuxDrive/ChromeDownloads/Assignment/airflow/dags/Lead_scoring_training_pipeline/constants.py
[2023-05-21T17:10:25.698+0530] {processor.py:799} INFO - Processing file /run/media/feuer/LinuxDrive/ChromeDownloads/Assignment/airflow/dags/Lead_scoring_training_pipeline/constants.py for tasks to queue
[2023-05-21T17:10:25.699+0530] {logging_mixin.py:149} INFO - [2023-05-21T17:10:25.698+0530] {dagbag.py:541} INFO - Filling up the DagBag from /run/media/feuer/LinuxDrive/ChromeDownloads/Assignment/airflow/dags/Lead_scoring_training_pipeline/constants.py
[2023-05-21T17:10:25.700+0530] {processor.py:811} WARNING - No viable dags retrieved from /run/media/feuer/LinuxDrive/ChromeDownloads/Assignment/airflow/dags/Lead_scoring_training_pipeline/constants.py
[2023-05-21T17:10:25.710+0530] {processor.py:178} INFO - Processing /run/media/feuer/LinuxDrive/ChromeDownloads/Assignment/airflow/dags/Lead_scoring_training_pipeline/constants.py took 0.028 seconds
[2023-05-21T17:11:12.214+0530] {processor.py:156} INFO - Started process (PID=57824) to work on /run/media/feuer/LinuxDrive/ChromeDownloads/Assignment/airflow/dags/Lead_scoring_training_pipeline/constants.py
[2023-05-21T17:11:12.215+0530] {processor.py:799} INFO - Processing file /run/media/feuer/LinuxDrive/ChromeDownloads/Assignment/airflow/dags/Lead_scoring_training_pipeline/constants.py for tasks to queue
[2023-05-21T17:11:12.216+0530] {logging_mixin.py:149} INFO - [2023-05-21T17:11:12.216+0530] {dagbag.py:541} INFO - Filling up the DagBag from /run/media/feuer/LinuxDrive/ChromeDownloads/Assignment/airflow/dags/Lead_scoring_training_pipeline/constants.py
[2023-05-21T17:11:12.217+0530] {processor.py:811} WARNING - No viable dags retrieved from /run/media/feuer/LinuxDrive/ChromeDownloads/Assignment/airflow/dags/Lead_scoring_training_pipeline/constants.py
[2023-05-21T17:11:12.225+0530] {processor.py:178} INFO - Processing /run/media/feuer/LinuxDrive/ChromeDownloads/Assignment/airflow/dags/Lead_scoring_training_pipeline/constants.py took 0.013 seconds
[2023-05-21T17:11:59.570+0530] {processor.py:156} INFO - Started process (PID=57946) to work on /run/media/feuer/LinuxDrive/ChromeDownloads/Assignment/airflow/dags/Lead_scoring_training_pipeline/constants.py
[2023-05-21T17:11:59.571+0530] {processor.py:799} INFO - Processing file /run/media/feuer/LinuxDrive/ChromeDownloads/Assignment/airflow/dags/Lead_scoring_training_pipeline/constants.py for tasks to queue
[2023-05-21T17:11:59.572+0530] {logging_mixin.py:149} INFO - [2023-05-21T17:11:59.572+0530] {dagbag.py:541} INFO - Filling up the DagBag from /run/media/feuer/LinuxDrive/ChromeDownloads/Assignment/airflow/dags/Lead_scoring_training_pipeline/constants.py
[2023-05-21T17:11:59.573+0530] {processor.py:811} WARNING - No viable dags retrieved from /run/media/feuer/LinuxDrive/ChromeDownloads/Assignment/airflow/dags/Lead_scoring_training_pipeline/constants.py
[2023-05-21T17:11:59.583+0530] {processor.py:178} INFO - Processing /run/media/feuer/LinuxDrive/ChromeDownloads/Assignment/airflow/dags/Lead_scoring_training_pipeline/constants.py took 0.015 seconds
[2023-05-21T17:12:45.851+0530] {processor.py:156} INFO - Started process (PID=58057) to work on /run/media/feuer/LinuxDrive/ChromeDownloads/Assignment/airflow/dags/Lead_scoring_training_pipeline/constants.py
[2023-05-21T17:12:45.863+0530] {processor.py:799} INFO - Processing file /run/media/feuer/LinuxDrive/ChromeDownloads/Assignment/airflow/dags/Lead_scoring_training_pipeline/constants.py for tasks to queue
[2023-05-21T17:12:45.864+0530] {logging_mixin.py:149} INFO - [2023-05-21T17:12:45.864+0530] {dagbag.py:541} INFO - Filling up the DagBag from /run/media/feuer/LinuxDrive/ChromeDownloads/Assignment/airflow/dags/Lead_scoring_training_pipeline/constants.py
[2023-05-21T17:12:45.865+0530] {processor.py:811} WARNING - No viable dags retrieved from /run/media/feuer/LinuxDrive/ChromeDownloads/Assignment/airflow/dags/Lead_scoring_training_pipeline/constants.py
[2023-05-21T17:12:45.875+0530] {processor.py:178} INFO - Processing /run/media/feuer/LinuxDrive/ChromeDownloads/Assignment/airflow/dags/Lead_scoring_training_pipeline/constants.py took 0.027 seconds
[2023-05-21T17:13:28.364+0530] {processor.py:156} INFO - Started process (PID=58168) to work on /run/media/feuer/LinuxDrive/ChromeDownloads/Assignment/airflow/dags/Lead_scoring_training_pipeline/constants.py
[2023-05-21T17:13:28.376+0530] {processor.py:799} INFO - Processing file /run/media/feuer/LinuxDrive/ChromeDownloads/Assignment/airflow/dags/Lead_scoring_training_pipeline/constants.py for tasks to queue
[2023-05-21T17:13:28.376+0530] {logging_mixin.py:149} INFO - [2023-05-21T17:13:28.376+0530] {dagbag.py:541} INFO - Filling up the DagBag from /run/media/feuer/LinuxDrive/ChromeDownloads/Assignment/airflow/dags/Lead_scoring_training_pipeline/constants.py
[2023-05-21T17:13:28.378+0530] {processor.py:811} WARNING - No viable dags retrieved from /run/media/feuer/LinuxDrive/ChromeDownloads/Assignment/airflow/dags/Lead_scoring_training_pipeline/constants.py
[2023-05-21T17:13:28.385+0530] {processor.py:178} INFO - Processing /run/media/feuer/LinuxDrive/ChromeDownloads/Assignment/airflow/dags/Lead_scoring_training_pipeline/constants.py took 0.023 seconds
[2023-05-21T17:14:12.763+0530] {processor.py:156} INFO - Started process (PID=58276) to work on /run/media/feuer/LinuxDrive/ChromeDownloads/Assignment/airflow/dags/Lead_scoring_training_pipeline/constants.py
[2023-05-21T17:14:12.773+0530] {processor.py:799} INFO - Processing file /run/media/feuer/LinuxDrive/ChromeDownloads/Assignment/airflow/dags/Lead_scoring_training_pipeline/constants.py for tasks to queue
[2023-05-21T17:14:12.773+0530] {logging_mixin.py:149} INFO - [2023-05-21T17:14:12.773+0530] {dagbag.py:541} INFO - Filling up the DagBag from /run/media/feuer/LinuxDrive/ChromeDownloads/Assignment/airflow/dags/Lead_scoring_training_pipeline/constants.py
[2023-05-21T17:14:12.775+0530] {processor.py:811} WARNING - No viable dags retrieved from /run/media/feuer/LinuxDrive/ChromeDownloads/Assignment/airflow/dags/Lead_scoring_training_pipeline/constants.py
[2023-05-21T17:14:12.781+0530] {processor.py:178} INFO - Processing /run/media/feuer/LinuxDrive/ChromeDownloads/Assignment/airflow/dags/Lead_scoring_training_pipeline/constants.py took 0.021 seconds
[2023-05-21T17:15:01.462+0530] {processor.py:156} INFO - Started process (PID=58402) to work on /run/media/feuer/LinuxDrive/ChromeDownloads/Assignment/airflow/dags/Lead_scoring_training_pipeline/constants.py
[2023-05-21T17:15:01.463+0530] {processor.py:799} INFO - Processing file /run/media/feuer/LinuxDrive/ChromeDownloads/Assignment/airflow/dags/Lead_scoring_training_pipeline/constants.py for tasks to queue
[2023-05-21T17:15:01.464+0530] {logging_mixin.py:149} INFO - [2023-05-21T17:15:01.464+0530] {dagbag.py:541} INFO - Filling up the DagBag from /run/media/feuer/LinuxDrive/ChromeDownloads/Assignment/airflow/dags/Lead_scoring_training_pipeline/constants.py
[2023-05-21T17:15:01.465+0530] {processor.py:811} WARNING - No viable dags retrieved from /run/media/feuer/LinuxDrive/ChromeDownloads/Assignment/airflow/dags/Lead_scoring_training_pipeline/constants.py
[2023-05-21T17:15:01.473+0530] {processor.py:178} INFO - Processing /run/media/feuer/LinuxDrive/ChromeDownloads/Assignment/airflow/dags/Lead_scoring_training_pipeline/constants.py took 0.013 seconds
[2023-05-21T17:15:50.596+0530] {processor.py:156} INFO - Started process (PID=58518) to work on /run/media/feuer/LinuxDrive/ChromeDownloads/Assignment/airflow/dags/Lead_scoring_training_pipeline/constants.py
[2023-05-21T17:15:50.608+0530] {processor.py:799} INFO - Processing file /run/media/feuer/LinuxDrive/ChromeDownloads/Assignment/airflow/dags/Lead_scoring_training_pipeline/constants.py for tasks to queue
[2023-05-21T17:15:50.609+0530] {logging_mixin.py:149} INFO - [2023-05-21T17:15:50.609+0530] {dagbag.py:541} INFO - Filling up the DagBag from /run/media/feuer/LinuxDrive/ChromeDownloads/Assignment/airflow/dags/Lead_scoring_training_pipeline/constants.py
[2023-05-21T17:15:50.611+0530] {processor.py:811} WARNING - No viable dags retrieved from /run/media/feuer/LinuxDrive/ChromeDownloads/Assignment/airflow/dags/Lead_scoring_training_pipeline/constants.py
[2023-05-21T17:15:50.620+0530] {processor.py:178} INFO - Processing /run/media/feuer/LinuxDrive/ChromeDownloads/Assignment/airflow/dags/Lead_scoring_training_pipeline/constants.py took 0.027 seconds
[2023-05-21T17:16:36.303+0530] {processor.py:156} INFO - Started process (PID=58623) to work on /run/media/feuer/LinuxDrive/ChromeDownloads/Assignment/airflow/dags/Lead_scoring_training_pipeline/constants.py
[2023-05-21T17:16:36.310+0530] {processor.py:799} INFO - Processing file /run/media/feuer/LinuxDrive/ChromeDownloads/Assignment/airflow/dags/Lead_scoring_training_pipeline/constants.py for tasks to queue
[2023-05-21T17:16:36.311+0530] {logging_mixin.py:149} INFO - [2023-05-21T17:16:36.311+0530] {dagbag.py:541} INFO - Filling up the DagBag from /run/media/feuer/LinuxDrive/ChromeDownloads/Assignment/airflow/dags/Lead_scoring_training_pipeline/constants.py
[2023-05-21T17:16:36.312+0530] {processor.py:811} WARNING - No viable dags retrieved from /run/media/feuer/LinuxDrive/ChromeDownloads/Assignment/airflow/dags/Lead_scoring_training_pipeline/constants.py
[2023-05-21T17:16:36.322+0530] {processor.py:178} INFO - Processing /run/media/feuer/LinuxDrive/ChromeDownloads/Assignment/airflow/dags/Lead_scoring_training_pipeline/constants.py took 0.021 seconds
[2023-05-21T17:17:23.796+0530] {processor.py:156} INFO - Started process (PID=58734) to work on /run/media/feuer/LinuxDrive/ChromeDownloads/Assignment/airflow/dags/Lead_scoring_training_pipeline/constants.py
[2023-05-21T17:17:23.807+0530] {processor.py:799} INFO - Processing file /run/media/feuer/LinuxDrive/ChromeDownloads/Assignment/airflow/dags/Lead_scoring_training_pipeline/constants.py for tasks to queue
[2023-05-21T17:17:23.808+0530] {logging_mixin.py:149} INFO - [2023-05-21T17:17:23.808+0530] {dagbag.py:541} INFO - Filling up the DagBag from /run/media/feuer/LinuxDrive/ChromeDownloads/Assignment/airflow/dags/Lead_scoring_training_pipeline/constants.py
[2023-05-21T17:17:23.809+0530] {processor.py:811} WARNING - No viable dags retrieved from /run/media/feuer/LinuxDrive/ChromeDownloads/Assignment/airflow/dags/Lead_scoring_training_pipeline/constants.py
[2023-05-21T17:17:23.819+0530] {processor.py:178} INFO - Processing /run/media/feuer/LinuxDrive/ChromeDownloads/Assignment/airflow/dags/Lead_scoring_training_pipeline/constants.py took 0.025 seconds
[2023-05-21T17:18:09.487+0530] {processor.py:156} INFO - Started process (PID=58854) to work on /run/media/feuer/LinuxDrive/ChromeDownloads/Assignment/airflow/dags/Lead_scoring_training_pipeline/constants.py
[2023-05-21T17:18:09.504+0530] {processor.py:799} INFO - Processing file /run/media/feuer/LinuxDrive/ChromeDownloads/Assignment/airflow/dags/Lead_scoring_training_pipeline/constants.py for tasks to queue
[2023-05-21T17:18:09.505+0530] {logging_mixin.py:149} INFO - [2023-05-21T17:18:09.505+0530] {dagbag.py:541} INFO - Filling up the DagBag from /run/media/feuer/LinuxDrive/ChromeDownloads/Assignment/airflow/dags/Lead_scoring_training_pipeline/constants.py
[2023-05-21T17:18:09.506+0530] {processor.py:811} WARNING - No viable dags retrieved from /run/media/feuer/LinuxDrive/ChromeDownloads/Assignment/airflow/dags/Lead_scoring_training_pipeline/constants.py
[2023-05-21T17:18:09.516+0530] {processor.py:178} INFO - Processing /run/media/feuer/LinuxDrive/ChromeDownloads/Assignment/airflow/dags/Lead_scoring_training_pipeline/constants.py took 0.031 seconds
[2023-05-21T17:18:55.377+0530] {processor.py:156} INFO - Started process (PID=58961) to work on /run/media/feuer/LinuxDrive/ChromeDownloads/Assignment/airflow/dags/Lead_scoring_training_pipeline/constants.py
[2023-05-21T17:18:55.378+0530] {processor.py:799} INFO - Processing file /run/media/feuer/LinuxDrive/ChromeDownloads/Assignment/airflow/dags/Lead_scoring_training_pipeline/constants.py for tasks to queue
[2023-05-21T17:18:55.379+0530] {logging_mixin.py:149} INFO - [2023-05-21T17:18:55.379+0530] {dagbag.py:541} INFO - Filling up the DagBag from /run/media/feuer/LinuxDrive/ChromeDownloads/Assignment/airflow/dags/Lead_scoring_training_pipeline/constants.py
[2023-05-21T17:18:55.380+0530] {processor.py:811} WARNING - No viable dags retrieved from /run/media/feuer/LinuxDrive/ChromeDownloads/Assignment/airflow/dags/Lead_scoring_training_pipeline/constants.py
[2023-05-21T17:18:55.390+0530] {processor.py:178} INFO - Processing /run/media/feuer/LinuxDrive/ChromeDownloads/Assignment/airflow/dags/Lead_scoring_training_pipeline/constants.py took 0.015 seconds
[2023-05-21T17:19:41.865+0530] {processor.py:156} INFO - Started process (PID=59078) to work on /run/media/feuer/LinuxDrive/ChromeDownloads/Assignment/airflow/dags/Lead_scoring_training_pipeline/constants.py
[2023-05-21T17:19:41.866+0530] {processor.py:799} INFO - Processing file /run/media/feuer/LinuxDrive/ChromeDownloads/Assignment/airflow/dags/Lead_scoring_training_pipeline/constants.py for tasks to queue
[2023-05-21T17:19:41.867+0530] {logging_mixin.py:149} INFO - [2023-05-21T17:19:41.867+0530] {dagbag.py:541} INFO - Filling up the DagBag from /run/media/feuer/LinuxDrive/ChromeDownloads/Assignment/airflow/dags/Lead_scoring_training_pipeline/constants.py
[2023-05-21T17:19:41.868+0530] {processor.py:811} WARNING - No viable dags retrieved from /run/media/feuer/LinuxDrive/ChromeDownloads/Assignment/airflow/dags/Lead_scoring_training_pipeline/constants.py
[2023-05-21T17:19:41.878+0530] {processor.py:178} INFO - Processing /run/media/feuer/LinuxDrive/ChromeDownloads/Assignment/airflow/dags/Lead_scoring_training_pipeline/constants.py took 0.015 seconds
[2023-05-21T17:20:29.113+0530] {processor.py:156} INFO - Started process (PID=59238) to work on /run/media/feuer/LinuxDrive/ChromeDownloads/Assignment/airflow/dags/Lead_scoring_training_pipeline/constants.py
[2023-05-21T17:20:29.131+0530] {processor.py:799} INFO - Processing file /run/media/feuer/LinuxDrive/ChromeDownloads/Assignment/airflow/dags/Lead_scoring_training_pipeline/constants.py for tasks to queue
[2023-05-21T17:20:29.131+0530] {logging_mixin.py:149} INFO - [2023-05-21T17:20:29.131+0530] {dagbag.py:541} INFO - Filling up the DagBag from /run/media/feuer/LinuxDrive/ChromeDownloads/Assignment/airflow/dags/Lead_scoring_training_pipeline/constants.py
[2023-05-21T17:20:29.133+0530] {processor.py:811} WARNING - No viable dags retrieved from /run/media/feuer/LinuxDrive/ChromeDownloads/Assignment/airflow/dags/Lead_scoring_training_pipeline/constants.py
[2023-05-21T17:20:29.143+0530] {processor.py:178} INFO - Processing /run/media/feuer/LinuxDrive/ChromeDownloads/Assignment/airflow/dags/Lead_scoring_training_pipeline/constants.py took 0.032 seconds
[2023-05-21T17:21:10.987+0530] {processor.py:156} INFO - Started process (PID=59417) to work on /run/media/feuer/LinuxDrive/ChromeDownloads/Assignment/airflow/dags/Lead_scoring_training_pipeline/constants.py
[2023-05-21T17:21:11.062+0530] {processor.py:799} INFO - Processing file /run/media/feuer/LinuxDrive/ChromeDownloads/Assignment/airflow/dags/Lead_scoring_training_pipeline/constants.py for tasks to queue
[2023-05-21T17:21:11.063+0530] {logging_mixin.py:149} INFO - [2023-05-21T17:21:11.063+0530] {dagbag.py:541} INFO - Filling up the DagBag from /run/media/feuer/LinuxDrive/ChromeDownloads/Assignment/airflow/dags/Lead_scoring_training_pipeline/constants.py
[2023-05-21T17:21:11.064+0530] {processor.py:811} WARNING - No viable dags retrieved from /run/media/feuer/LinuxDrive/ChromeDownloads/Assignment/airflow/dags/Lead_scoring_training_pipeline/constants.py
[2023-05-21T17:21:11.075+0530] {processor.py:178} INFO - Processing /run/media/feuer/LinuxDrive/ChromeDownloads/Assignment/airflow/dags/Lead_scoring_training_pipeline/constants.py took 0.091 seconds
[2023-05-21T17:22:10.808+0530] {processor.py:156} INFO - Started process (PID=59611) to work on /run/media/feuer/LinuxDrive/ChromeDownloads/Assignment/airflow/dags/Lead_scoring_training_pipeline/constants.py
[2023-05-21T17:22:10.892+0530] {processor.py:799} INFO - Processing file /run/media/feuer/LinuxDrive/ChromeDownloads/Assignment/airflow/dags/Lead_scoring_training_pipeline/constants.py for tasks to queue
[2023-05-21T17:22:10.892+0530] {logging_mixin.py:149} INFO - [2023-05-21T17:22:10.892+0530] {dagbag.py:541} INFO - Filling up the DagBag from /run/media/feuer/LinuxDrive/ChromeDownloads/Assignment/airflow/dags/Lead_scoring_training_pipeline/constants.py
[2023-05-21T17:22:10.894+0530] {processor.py:811} WARNING - No viable dags retrieved from /run/media/feuer/LinuxDrive/ChromeDownloads/Assignment/airflow/dags/Lead_scoring_training_pipeline/constants.py
[2023-05-21T17:22:10.902+0530] {processor.py:178} INFO - Processing /run/media/feuer/LinuxDrive/ChromeDownloads/Assignment/airflow/dags/Lead_scoring_training_pipeline/constants.py took 0.096 seconds
