[2023-05-15T04:10:41.511+0530] {processor.py:156} INFO - Started process (PID=18421) to work on /run/media/feuer/LinuxDrive/ChromeDownloads/Assignment/airflow/dags/Lead_scoring_training_pipeline/constants.py
[2023-05-15T04:10:41.512+0530] {processor.py:799} INFO - Processing file /run/media/feuer/LinuxDrive/ChromeDownloads/Assignment/airflow/dags/Lead_scoring_training_pipeline/constants.py for tasks to queue
[2023-05-15T04:10:41.513+0530] {logging_mixin.py:149} INFO - [2023-05-15T04:10:41.512+0530] {dagbag.py:541} INFO - Filling up the DagBag from /run/media/feuer/LinuxDrive/ChromeDownloads/Assignment/airflow/dags/Lead_scoring_training_pipeline/constants.py
[2023-05-15T04:10:41.515+0530] {processor.py:811} WARNING - No viable dags retrieved from /run/media/feuer/LinuxDrive/ChromeDownloads/Assignment/airflow/dags/Lead_scoring_training_pipeline/constants.py
[2023-05-15T04:10:41.526+0530] {processor.py:178} INFO - Processing /run/media/feuer/LinuxDrive/ChromeDownloads/Assignment/airflow/dags/Lead_scoring_training_pipeline/constants.py took 0.019 seconds
[2023-05-15T04:11:21.919+0530] {processor.py:156} INFO - Started process (PID=18550) to work on /run/media/feuer/LinuxDrive/ChromeDownloads/Assignment/airflow/dags/Lead_scoring_training_pipeline/constants.py
[2023-05-15T04:11:21.919+0530] {processor.py:799} INFO - Processing file /run/media/feuer/LinuxDrive/ChromeDownloads/Assignment/airflow/dags/Lead_scoring_training_pipeline/constants.py for tasks to queue
[2023-05-15T04:11:21.920+0530] {logging_mixin.py:149} INFO - [2023-05-15T04:11:21.920+0530] {dagbag.py:541} INFO - Filling up the DagBag from /run/media/feuer/LinuxDrive/ChromeDownloads/Assignment/airflow/dags/Lead_scoring_training_pipeline/constants.py
[2023-05-15T04:11:21.921+0530] {processor.py:811} WARNING - No viable dags retrieved from /run/media/feuer/LinuxDrive/ChromeDownloads/Assignment/airflow/dags/Lead_scoring_training_pipeline/constants.py
[2023-05-15T04:11:21.928+0530] {processor.py:178} INFO - Processing /run/media/feuer/LinuxDrive/ChromeDownloads/Assignment/airflow/dags/Lead_scoring_training_pipeline/constants.py took 0.011 seconds
[2023-05-15T04:12:21.013+0530] {processor.py:156} INFO - Started process (PID=18763) to work on /run/media/feuer/LinuxDrive/ChromeDownloads/Assignment/airflow/dags/Lead_scoring_training_pipeline/constants.py
[2023-05-15T04:12:21.024+0530] {processor.py:799} INFO - Processing file /run/media/feuer/LinuxDrive/ChromeDownloads/Assignment/airflow/dags/Lead_scoring_training_pipeline/constants.py for tasks to queue
[2023-05-15T04:12:21.025+0530] {logging_mixin.py:149} INFO - [2023-05-15T04:12:21.025+0530] {dagbag.py:541} INFO - Filling up the DagBag from /run/media/feuer/LinuxDrive/ChromeDownloads/Assignment/airflow/dags/Lead_scoring_training_pipeline/constants.py
[2023-05-15T04:12:21.026+0530] {processor.py:811} WARNING - No viable dags retrieved from /run/media/feuer/LinuxDrive/ChromeDownloads/Assignment/airflow/dags/Lead_scoring_training_pipeline/constants.py
[2023-05-15T04:12:21.037+0530] {processor.py:178} INFO - Processing /run/media/feuer/LinuxDrive/ChromeDownloads/Assignment/airflow/dags/Lead_scoring_training_pipeline/constants.py took 0.027 seconds
[2023-05-15T04:14:45.635+0530] {processor.py:156} INFO - Started process (PID=19095) to work on /run/media/feuer/LinuxDrive/ChromeDownloads/Assignment/airflow/dags/Lead_scoring_training_pipeline/constants.py
[2023-05-15T04:14:45.651+0530] {processor.py:799} INFO - Processing file /run/media/feuer/LinuxDrive/ChromeDownloads/Assignment/airflow/dags/Lead_scoring_training_pipeline/constants.py for tasks to queue
[2023-05-15T04:14:45.651+0530] {logging_mixin.py:149} INFO - [2023-05-15T04:14:45.651+0530] {dagbag.py:541} INFO - Filling up the DagBag from /run/media/feuer/LinuxDrive/ChromeDownloads/Assignment/airflow/dags/Lead_scoring_training_pipeline/constants.py
[2023-05-15T04:14:45.652+0530] {processor.py:811} WARNING - No viable dags retrieved from /run/media/feuer/LinuxDrive/ChromeDownloads/Assignment/airflow/dags/Lead_scoring_training_pipeline/constants.py
[2023-05-15T04:14:45.659+0530] {processor.py:178} INFO - Processing /run/media/feuer/LinuxDrive/ChromeDownloads/Assignment/airflow/dags/Lead_scoring_training_pipeline/constants.py took 0.026 seconds
[2023-05-15T04:15:50.030+0530] {processor.py:156} INFO - Started process (PID=19296) to work on /run/media/feuer/LinuxDrive/ChromeDownloads/Assignment/airflow/dags/Lead_scoring_training_pipeline/constants.py
[2023-05-15T04:15:50.055+0530] {processor.py:799} INFO - Processing file /run/media/feuer/LinuxDrive/ChromeDownloads/Assignment/airflow/dags/Lead_scoring_training_pipeline/constants.py for tasks to queue
[2023-05-15T04:15:50.056+0530] {logging_mixin.py:149} INFO - [2023-05-15T04:15:50.056+0530] {dagbag.py:541} INFO - Filling up the DagBag from /run/media/feuer/LinuxDrive/ChromeDownloads/Assignment/airflow/dags/Lead_scoring_training_pipeline/constants.py
[2023-05-15T04:15:50.058+0530] {processor.py:811} WARNING - No viable dags retrieved from /run/media/feuer/LinuxDrive/ChromeDownloads/Assignment/airflow/dags/Lead_scoring_training_pipeline/constants.py
[2023-05-15T04:15:50.202+0530] {processor.py:178} INFO - Processing /run/media/feuer/LinuxDrive/ChromeDownloads/Assignment/airflow/dags/Lead_scoring_training_pipeline/constants.py took 0.175 seconds
[2023-05-15T04:16:24.615+0530] {processor.py:156} INFO - Started process (PID=19388) to work on /run/media/feuer/LinuxDrive/ChromeDownloads/Assignment/airflow/dags/Lead_scoring_training_pipeline/constants.py
[2023-05-15T04:16:24.620+0530] {processor.py:799} INFO - Processing file /run/media/feuer/LinuxDrive/ChromeDownloads/Assignment/airflow/dags/Lead_scoring_training_pipeline/constants.py for tasks to queue
[2023-05-15T04:16:24.621+0530] {logging_mixin.py:149} INFO - [2023-05-15T04:16:24.621+0530] {dagbag.py:541} INFO - Filling up the DagBag from /run/media/feuer/LinuxDrive/ChromeDownloads/Assignment/airflow/dags/Lead_scoring_training_pipeline/constants.py
[2023-05-15T04:16:24.622+0530] {processor.py:811} WARNING - No viable dags retrieved from /run/media/feuer/LinuxDrive/ChromeDownloads/Assignment/airflow/dags/Lead_scoring_training_pipeline/constants.py
[2023-05-15T04:16:24.631+0530] {processor.py:178} INFO - Processing /run/media/feuer/LinuxDrive/ChromeDownloads/Assignment/airflow/dags/Lead_scoring_training_pipeline/constants.py took 0.018 seconds
[2023-05-15T04:17:18.270+0530] {processor.py:156} INFO - Started process (PID=19565) to work on /run/media/feuer/LinuxDrive/ChromeDownloads/Assignment/airflow/dags/Lead_scoring_training_pipeline/constants.py
[2023-05-15T04:17:18.271+0530] {processor.py:799} INFO - Processing file /run/media/feuer/LinuxDrive/ChromeDownloads/Assignment/airflow/dags/Lead_scoring_training_pipeline/constants.py for tasks to queue
[2023-05-15T04:17:18.272+0530] {logging_mixin.py:149} INFO - [2023-05-15T04:17:18.272+0530] {dagbag.py:541} INFO - Filling up the DagBag from /run/media/feuer/LinuxDrive/ChromeDownloads/Assignment/airflow/dags/Lead_scoring_training_pipeline/constants.py
[2023-05-15T04:17:18.273+0530] {processor.py:811} WARNING - No viable dags retrieved from /run/media/feuer/LinuxDrive/ChromeDownloads/Assignment/airflow/dags/Lead_scoring_training_pipeline/constants.py
[2023-05-15T04:17:18.284+0530] {processor.py:178} INFO - Processing /run/media/feuer/LinuxDrive/ChromeDownloads/Assignment/airflow/dags/Lead_scoring_training_pipeline/constants.py took 0.016 seconds
