[2023-05-15T04:00:41.244+0530] {processor.py:156} INFO - Started process (PID=16490) to work on /run/media/feuer/LinuxDrive/ChromeDownloads/Assignment/airflow/dags/Lead_scoring_training_pipeline/lead_scoring_training_pipeline.py
[2023-05-15T04:00:41.245+0530] {processor.py:799} INFO - Processing file /run/media/feuer/LinuxDrive/ChromeDownloads/Assignment/airflow/dags/Lead_scoring_training_pipeline/lead_scoring_training_pipeline.py for tasks to queue
[2023-05-15T04:00:41.245+0530] {logging_mixin.py:149} INFO - [2023-05-15T04:00:41.245+0530] {dagbag.py:541} INFO - Filling up the DagBag from /run/media/feuer/LinuxDrive/ChromeDownloads/Assignment/airflow/dags/Lead_scoring_training_pipeline/lead_scoring_training_pipeline.py
[2023-05-15T04:00:41.247+0530] {logging_mixin.py:149} INFO - [2023-05-15T04:00:41.247+0530] {dagbag.py:350} ERROR - Failed to import: /run/media/feuer/LinuxDrive/ChromeDownloads/Assignment/airflow/dags/Lead_scoring_training_pipeline/lead_scoring_training_pipeline.py
Traceback (most recent call last):
  File "/home/feuer/.local/lib/python3.10/site-packages/airflow/models/dagbag.py", line 346, in parse
    loader.exec_module(new_module)
  File "<frozen importlib._bootstrap_external>", line 883, in exec_module
  File "<frozen importlib._bootstrap>", line 241, in _call_with_frames_removed
  File "/run/media/feuer/LinuxDrive/ChromeDownloads/Assignment/airflow/dags/Lead_scoring_training_pipeline/lead_scoring_training_pipeline.py", line 10, in <module>
    from utils import *
ModuleNotFoundError: No module named 'utils'
[2023-05-15T04:00:41.248+0530] {processor.py:811} WARNING - No viable dags retrieved from /run/media/feuer/LinuxDrive/ChromeDownloads/Assignment/airflow/dags/Lead_scoring_training_pipeline/lead_scoring_training_pipeline.py
[2023-05-15T04:00:41.318+0530] {processor.py:178} INFO - Processing /run/media/feuer/LinuxDrive/ChromeDownloads/Assignment/airflow/dags/Lead_scoring_training_pipeline/lead_scoring_training_pipeline.py took 0.076 seconds
[2023-05-15T04:01:36.244+0530] {processor.py:156} INFO - Started process (PID=16742) to work on /run/media/feuer/LinuxDrive/ChromeDownloads/Assignment/airflow/dags/Lead_scoring_training_pipeline/lead_scoring_training_pipeline.py
[2023-05-15T04:01:36.256+0530] {processor.py:799} INFO - Processing file /run/media/feuer/LinuxDrive/ChromeDownloads/Assignment/airflow/dags/Lead_scoring_training_pipeline/lead_scoring_training_pipeline.py for tasks to queue
[2023-05-15T04:01:36.257+0530] {logging_mixin.py:149} INFO - [2023-05-15T04:01:36.257+0530] {dagbag.py:541} INFO - Filling up the DagBag from /run/media/feuer/LinuxDrive/ChromeDownloads/Assignment/airflow/dags/Lead_scoring_training_pipeline/lead_scoring_training_pipeline.py
[2023-05-15T04:01:36.261+0530] {logging_mixin.py:149} INFO - [2023-05-15T04:01:36.259+0530] {dagbag.py:350} ERROR - Failed to import: /run/media/feuer/LinuxDrive/ChromeDownloads/Assignment/airflow/dags/Lead_scoring_training_pipeline/lead_scoring_training_pipeline.py
Traceback (most recent call last):
  File "/home/feuer/.local/lib/python3.10/site-packages/airflow/models/dagbag.py", line 346, in parse
    loader.exec_module(new_module)
  File "<frozen importlib._bootstrap_external>", line 883, in exec_module
  File "<frozen importlib._bootstrap>", line 241, in _call_with_frames_removed
  File "/run/media/feuer/LinuxDrive/ChromeDownloads/Assignment/airflow/dags/Lead_scoring_training_pipeline/lead_scoring_training_pipeline.py", line 10, in <module>
    from utils import *
ModuleNotFoundError: No module named 'utils'
[2023-05-15T04:01:36.261+0530] {processor.py:811} WARNING - No viable dags retrieved from /run/media/feuer/LinuxDrive/ChromeDownloads/Assignment/airflow/dags/Lead_scoring_training_pipeline/lead_scoring_training_pipeline.py
[2023-05-15T04:01:36.349+0530] {processor.py:178} INFO - Processing /run/media/feuer/LinuxDrive/ChromeDownloads/Assignment/airflow/dags/Lead_scoring_training_pipeline/lead_scoring_training_pipeline.py took 0.108 seconds
[2023-05-15T04:02:41.297+0530] {processor.py:156} INFO - Started process (PID=16946) to work on /run/media/feuer/LinuxDrive/ChromeDownloads/Assignment/airflow/dags/Lead_scoring_training_pipeline/lead_scoring_training_pipeline.py
[2023-05-15T04:02:41.302+0530] {processor.py:799} INFO - Processing file /run/media/feuer/LinuxDrive/ChromeDownloads/Assignment/airflow/dags/Lead_scoring_training_pipeline/lead_scoring_training_pipeline.py for tasks to queue
[2023-05-15T04:02:41.303+0530] {logging_mixin.py:149} INFO - [2023-05-15T04:02:41.303+0530] {dagbag.py:541} INFO - Filling up the DagBag from /run/media/feuer/LinuxDrive/ChromeDownloads/Assignment/airflow/dags/Lead_scoring_training_pipeline/lead_scoring_training_pipeline.py
[2023-05-15T04:02:41.319+0530] {logging_mixin.py:149} INFO - [2023-05-15T04:02:41.305+0530] {dagbag.py:350} ERROR - Failed to import: /run/media/feuer/LinuxDrive/ChromeDownloads/Assignment/airflow/dags/Lead_scoring_training_pipeline/lead_scoring_training_pipeline.py
Traceback (most recent call last):
  File "/home/feuer/.local/lib/python3.10/site-packages/airflow/models/dagbag.py", line 346, in parse
    loader.exec_module(new_module)
  File "<frozen importlib._bootstrap_external>", line 883, in exec_module
  File "<frozen importlib._bootstrap>", line 241, in _call_with_frames_removed
  File "/run/media/feuer/LinuxDrive/ChromeDownloads/Assignment/airflow/dags/Lead_scoring_training_pipeline/lead_scoring_training_pipeline.py", line 10, in <module>
    from utils import *
ModuleNotFoundError: No module named 'utils'
[2023-05-15T04:02:41.319+0530] {processor.py:811} WARNING - No viable dags retrieved from /run/media/feuer/LinuxDrive/ChromeDownloads/Assignment/airflow/dags/Lead_scoring_training_pipeline/lead_scoring_training_pipeline.py
[2023-05-15T04:02:41.404+0530] {processor.py:178} INFO - Processing /run/media/feuer/LinuxDrive/ChromeDownloads/Assignment/airflow/dags/Lead_scoring_training_pipeline/lead_scoring_training_pipeline.py took 0.109 seconds
[2023-05-15T04:03:17.696+0530] {processor.py:156} INFO - Started process (PID=17015) to work on /run/media/feuer/LinuxDrive/ChromeDownloads/Assignment/airflow/dags/Lead_scoring_training_pipeline/lead_scoring_training_pipeline.py
[2023-05-15T04:03:17.715+0530] {processor.py:799} INFO - Processing file /run/media/feuer/LinuxDrive/ChromeDownloads/Assignment/airflow/dags/Lead_scoring_training_pipeline/lead_scoring_training_pipeline.py for tasks to queue
[2023-05-15T04:03:17.715+0530] {logging_mixin.py:149} INFO - [2023-05-15T04:03:17.715+0530] {dagbag.py:541} INFO - Filling up the DagBag from /run/media/feuer/LinuxDrive/ChromeDownloads/Assignment/airflow/dags/Lead_scoring_training_pipeline/lead_scoring_training_pipeline.py
[2023-05-15T04:03:20.520+0530] {processor.py:809} INFO - DAG(s) dict_keys(['Lead_scoring_mlflow_production']) retrieved from /run/media/feuer/LinuxDrive/ChromeDownloads/Assignment/airflow/dags/Lead_scoring_training_pipeline/lead_scoring_training_pipeline.py
[2023-05-15T04:03:20.834+0530] {logging_mixin.py:149} INFO - [2023-05-15T04:03:20.834+0530] {manager.py:504} INFO - Created Permission View: can edit on DAG:Lead_scoring_mlflow_production
[2023-05-15T04:03:20.951+0530] {logging_mixin.py:149} INFO - [2023-05-15T04:03:20.951+0530] {manager.py:504} INFO - Created Permission View: can read on DAG:Lead_scoring_mlflow_production
[2023-05-15T04:03:21.193+0530] {logging_mixin.py:149} INFO - [2023-05-15T04:03:21.193+0530] {manager.py:504} INFO - Created Permission View: can delete on DAG:Lead_scoring_mlflow_production
[2023-05-15T04:03:21.194+0530] {logging_mixin.py:149} INFO - [2023-05-15T04:03:21.194+0530] {dag.py:2726} INFO - Sync 1 DAGs
[2023-05-15T04:03:21.202+0530] {logging_mixin.py:149} INFO - [2023-05-15T04:03:21.202+0530] {dag.py:2747} INFO - Creating ORM DAG for Lead_scoring_mlflow_production
[2023-05-15T04:03:21.209+0530] {logging_mixin.py:149} INFO - [2023-05-15T04:03:21.209+0530] {dag.py:3486} INFO - Setting next_dagrun for Lead_scoring_mlflow_production to 2023-04-01T00:00:00+00:00, run_after=2023-05-01T00:00:00+00:00
[2023-05-15T04:03:21.443+0530] {processor.py:178} INFO - Processing /run/media/feuer/LinuxDrive/ChromeDownloads/Assignment/airflow/dags/Lead_scoring_training_pipeline/lead_scoring_training_pipeline.py took 3.749 seconds
[2023-05-15T04:04:03.714+0530] {processor.py:156} INFO - Started process (PID=17154) to work on /run/media/feuer/LinuxDrive/ChromeDownloads/Assignment/airflow/dags/Lead_scoring_training_pipeline/lead_scoring_training_pipeline.py
[2023-05-15T04:04:03.725+0530] {processor.py:799} INFO - Processing file /run/media/feuer/LinuxDrive/ChromeDownloads/Assignment/airflow/dags/Lead_scoring_training_pipeline/lead_scoring_training_pipeline.py for tasks to queue
[2023-05-15T04:04:03.726+0530] {logging_mixin.py:149} INFO - [2023-05-15T04:04:03.725+0530] {dagbag.py:541} INFO - Filling up the DagBag from /run/media/feuer/LinuxDrive/ChromeDownloads/Assignment/airflow/dags/Lead_scoring_training_pipeline/lead_scoring_training_pipeline.py
[2023-05-15T04:04:04.947+0530] {processor.py:809} INFO - DAG(s) dict_keys(['Lead_scoring_mlflow_production']) retrieved from /run/media/feuer/LinuxDrive/ChromeDownloads/Assignment/airflow/dags/Lead_scoring_training_pipeline/lead_scoring_training_pipeline.py
[2023-05-15T04:04:04.958+0530] {logging_mixin.py:149} INFO - [2023-05-15T04:04:04.958+0530] {dag.py:2726} INFO - Sync 1 DAGs
[2023-05-15T04:04:04.974+0530] {logging_mixin.py:149} INFO - [2023-05-15T04:04:04.974+0530] {dag.py:3486} INFO - Setting next_dagrun for Lead_scoring_mlflow_production to 2023-04-01T00:00:00+00:00, run_after=2023-05-01T00:00:00+00:00
[2023-05-15T04:04:05.052+0530] {processor.py:178} INFO - Processing /run/media/feuer/LinuxDrive/ChromeDownloads/Assignment/airflow/dags/Lead_scoring_training_pipeline/lead_scoring_training_pipeline.py took 1.340 seconds
[2023-05-15T04:04:38.008+0530] {processor.py:156} INFO - Started process (PID=17274) to work on /run/media/feuer/LinuxDrive/ChromeDownloads/Assignment/airflow/dags/Lead_scoring_training_pipeline/lead_scoring_training_pipeline.py
[2023-05-15T04:04:38.023+0530] {processor.py:799} INFO - Processing file /run/media/feuer/LinuxDrive/ChromeDownloads/Assignment/airflow/dags/Lead_scoring_training_pipeline/lead_scoring_training_pipeline.py for tasks to queue
[2023-05-15T04:04:38.023+0530] {logging_mixin.py:149} INFO - [2023-05-15T04:04:38.023+0530] {dagbag.py:541} INFO - Filling up the DagBag from /run/media/feuer/LinuxDrive/ChromeDownloads/Assignment/airflow/dags/Lead_scoring_training_pipeline/lead_scoring_training_pipeline.py
[2023-05-15T04:04:39.168+0530] {processor.py:809} INFO - DAG(s) dict_keys(['Lead_scoring_mlflow_production']) retrieved from /run/media/feuer/LinuxDrive/ChromeDownloads/Assignment/airflow/dags/Lead_scoring_training_pipeline/lead_scoring_training_pipeline.py
[2023-05-15T04:04:39.180+0530] {logging_mixin.py:149} INFO - [2023-05-15T04:04:39.180+0530] {dag.py:2726} INFO - Sync 1 DAGs
[2023-05-15T04:04:39.198+0530] {logging_mixin.py:149} INFO - [2023-05-15T04:04:39.197+0530] {dag.py:3486} INFO - Setting next_dagrun for Lead_scoring_mlflow_production to 2023-04-01T00:00:00+00:00, run_after=2023-05-01T00:00:00+00:00
[2023-05-15T04:04:39.261+0530] {processor.py:178} INFO - Processing /run/media/feuer/LinuxDrive/ChromeDownloads/Assignment/airflow/dags/Lead_scoring_training_pipeline/lead_scoring_training_pipeline.py took 1.255 seconds
[2023-05-15T04:05:24.023+0530] {processor.py:156} INFO - Started process (PID=17382) to work on /run/media/feuer/LinuxDrive/ChromeDownloads/Assignment/airflow/dags/Lead_scoring_training_pipeline/lead_scoring_training_pipeline.py
[2023-05-15T04:05:24.037+0530] {processor.py:799} INFO - Processing file /run/media/feuer/LinuxDrive/ChromeDownloads/Assignment/airflow/dags/Lead_scoring_training_pipeline/lead_scoring_training_pipeline.py for tasks to queue
[2023-05-15T04:05:24.037+0530] {logging_mixin.py:149} INFO - [2023-05-15T04:05:24.037+0530] {dagbag.py:541} INFO - Filling up the DagBag from /run/media/feuer/LinuxDrive/ChromeDownloads/Assignment/airflow/dags/Lead_scoring_training_pipeline/lead_scoring_training_pipeline.py
[2023-05-15T04:05:25.106+0530] {processor.py:809} INFO - DAG(s) dict_keys(['Lead_scoring_mlflow_production']) retrieved from /run/media/feuer/LinuxDrive/ChromeDownloads/Assignment/airflow/dags/Lead_scoring_training_pipeline/lead_scoring_training_pipeline.py
[2023-05-15T04:05:25.116+0530] {logging_mixin.py:149} INFO - [2023-05-15T04:05:25.116+0530] {dag.py:2726} INFO - Sync 1 DAGs
[2023-05-15T04:05:25.129+0530] {logging_mixin.py:149} INFO - [2023-05-15T04:05:25.129+0530] {dag.py:3486} INFO - Setting next_dagrun for Lead_scoring_mlflow_production to 2023-04-01T00:00:00+00:00, run_after=2023-05-01T00:00:00+00:00
[2023-05-15T04:05:25.208+0530] {processor.py:178} INFO - Processing /run/media/feuer/LinuxDrive/ChromeDownloads/Assignment/airflow/dags/Lead_scoring_training_pipeline/lead_scoring_training_pipeline.py took 1.188 seconds
[2023-05-15T04:06:15.129+0530] {processor.py:156} INFO - Started process (PID=17552) to work on /run/media/feuer/LinuxDrive/ChromeDownloads/Assignment/airflow/dags/Lead_scoring_training_pipeline/lead_scoring_training_pipeline.py
[2023-05-15T04:06:15.130+0530] {processor.py:799} INFO - Processing file /run/media/feuer/LinuxDrive/ChromeDownloads/Assignment/airflow/dags/Lead_scoring_training_pipeline/lead_scoring_training_pipeline.py for tasks to queue
[2023-05-15T04:06:15.130+0530] {logging_mixin.py:149} INFO - [2023-05-15T04:06:15.130+0530] {dagbag.py:541} INFO - Filling up the DagBag from /run/media/feuer/LinuxDrive/ChromeDownloads/Assignment/airflow/dags/Lead_scoring_training_pipeline/lead_scoring_training_pipeline.py
[2023-05-15T04:06:16.313+0530] {processor.py:809} INFO - DAG(s) dict_keys(['Lead_scoring_mlflow_production']) retrieved from /run/media/feuer/LinuxDrive/ChromeDownloads/Assignment/airflow/dags/Lead_scoring_training_pipeline/lead_scoring_training_pipeline.py
[2023-05-15T04:06:16.324+0530] {logging_mixin.py:149} INFO - [2023-05-15T04:06:16.324+0530] {dag.py:2726} INFO - Sync 1 DAGs
[2023-05-15T04:06:16.339+0530] {logging_mixin.py:149} INFO - [2023-05-15T04:06:16.339+0530] {dag.py:3486} INFO - Setting next_dagrun for Lead_scoring_mlflow_production to 2023-04-01T00:00:00+00:00, run_after=2023-05-01T00:00:00+00:00
[2023-05-15T04:06:16.427+0530] {processor.py:178} INFO - Processing /run/media/feuer/LinuxDrive/ChromeDownloads/Assignment/airflow/dags/Lead_scoring_training_pipeline/lead_scoring_training_pipeline.py took 1.301 seconds
[2023-05-15T04:07:11.842+0530] {processor.py:156} INFO - Started process (PID=17726) to work on /run/media/feuer/LinuxDrive/ChromeDownloads/Assignment/airflow/dags/Lead_scoring_training_pipeline/lead_scoring_training_pipeline.py
[2023-05-15T04:07:11.852+0530] {processor.py:799} INFO - Processing file /run/media/feuer/LinuxDrive/ChromeDownloads/Assignment/airflow/dags/Lead_scoring_training_pipeline/lead_scoring_training_pipeline.py for tasks to queue
[2023-05-15T04:07:11.853+0530] {logging_mixin.py:149} INFO - [2023-05-15T04:07:11.853+0530] {dagbag.py:541} INFO - Filling up the DagBag from /run/media/feuer/LinuxDrive/ChromeDownloads/Assignment/airflow/dags/Lead_scoring_training_pipeline/lead_scoring_training_pipeline.py
[2023-05-15T04:07:12.971+0530] {processor.py:809} INFO - DAG(s) dict_keys(['Lead_scoring_mlflow_production']) retrieved from /run/media/feuer/LinuxDrive/ChromeDownloads/Assignment/airflow/dags/Lead_scoring_training_pipeline/lead_scoring_training_pipeline.py
[2023-05-15T04:07:12.982+0530] {logging_mixin.py:149} INFO - [2023-05-15T04:07:12.981+0530] {dag.py:2726} INFO - Sync 1 DAGs
[2023-05-15T04:07:12.994+0530] {logging_mixin.py:149} INFO - [2023-05-15T04:07:12.994+0530] {dag.py:3486} INFO - Setting next_dagrun for Lead_scoring_mlflow_production to 2023-04-01T00:00:00+00:00, run_after=2023-05-01T00:00:00+00:00
[2023-05-15T04:07:13.071+0530] {processor.py:178} INFO - Processing /run/media/feuer/LinuxDrive/ChromeDownloads/Assignment/airflow/dags/Lead_scoring_training_pipeline/lead_scoring_training_pipeline.py took 1.233 seconds
[2023-05-15T04:08:09.789+0530] {processor.py:156} INFO - Started process (PID=17911) to work on /run/media/feuer/LinuxDrive/ChromeDownloads/Assignment/airflow/dags/Lead_scoring_training_pipeline/lead_scoring_training_pipeline.py
[2023-05-15T04:08:09.800+0530] {processor.py:799} INFO - Processing file /run/media/feuer/LinuxDrive/ChromeDownloads/Assignment/airflow/dags/Lead_scoring_training_pipeline/lead_scoring_training_pipeline.py for tasks to queue
[2023-05-15T04:08:09.800+0530] {logging_mixin.py:149} INFO - [2023-05-15T04:08:09.800+0530] {dagbag.py:541} INFO - Filling up the DagBag from /run/media/feuer/LinuxDrive/ChromeDownloads/Assignment/airflow/dags/Lead_scoring_training_pipeline/lead_scoring_training_pipeline.py
[2023-05-15T04:08:10.857+0530] {processor.py:809} INFO - DAG(s) dict_keys(['Lead_scoring_mlflow_production']) retrieved from /run/media/feuer/LinuxDrive/ChromeDownloads/Assignment/airflow/dags/Lead_scoring_training_pipeline/lead_scoring_training_pipeline.py
[2023-05-15T04:08:10.865+0530] {logging_mixin.py:149} INFO - [2023-05-15T04:08:10.865+0530] {dag.py:2726} INFO - Sync 1 DAGs
[2023-05-15T04:08:10.879+0530] {logging_mixin.py:149} INFO - [2023-05-15T04:08:10.879+0530] {dag.py:3486} INFO - Setting next_dagrun for Lead_scoring_mlflow_production to 2023-04-01T00:00:00+00:00, run_after=2023-05-01T00:00:00+00:00
[2023-05-15T04:08:10.946+0530] {processor.py:178} INFO - Processing /run/media/feuer/LinuxDrive/ChromeDownloads/Assignment/airflow/dags/Lead_scoring_training_pipeline/lead_scoring_training_pipeline.py took 1.161 seconds
[2023-05-15T04:09:09.569+0530] {processor.py:156} INFO - Started process (PID=18142) to work on /run/media/feuer/LinuxDrive/ChromeDownloads/Assignment/airflow/dags/Lead_scoring_training_pipeline/lead_scoring_training_pipeline.py
[2023-05-15T04:09:09.586+0530] {processor.py:799} INFO - Processing file /run/media/feuer/LinuxDrive/ChromeDownloads/Assignment/airflow/dags/Lead_scoring_training_pipeline/lead_scoring_training_pipeline.py for tasks to queue
[2023-05-15T04:09:09.587+0530] {logging_mixin.py:149} INFO - [2023-05-15T04:09:09.587+0530] {dagbag.py:541} INFO - Filling up the DagBag from /run/media/feuer/LinuxDrive/ChromeDownloads/Assignment/airflow/dags/Lead_scoring_training_pipeline/lead_scoring_training_pipeline.py
[2023-05-15T04:09:10.674+0530] {processor.py:809} INFO - DAG(s) dict_keys(['Lead_scoring_mlflow_production']) retrieved from /run/media/feuer/LinuxDrive/ChromeDownloads/Assignment/airflow/dags/Lead_scoring_training_pipeline/lead_scoring_training_pipeline.py
[2023-05-15T04:09:10.684+0530] {logging_mixin.py:149} INFO - [2023-05-15T04:09:10.683+0530] {dag.py:2726} INFO - Sync 1 DAGs
[2023-05-15T04:09:10.698+0530] {logging_mixin.py:149} INFO - [2023-05-15T04:09:10.697+0530] {dag.py:3486} INFO - Setting next_dagrun for Lead_scoring_mlflow_production to 2023-05-01T00:00:00+00:00, run_after=2023-06-01T00:00:00+00:00
[2023-05-15T04:09:10.832+0530] {processor.py:178} INFO - Processing /run/media/feuer/LinuxDrive/ChromeDownloads/Assignment/airflow/dags/Lead_scoring_training_pipeline/lead_scoring_training_pipeline.py took 1.265 seconds
[2023-05-15T04:09:57.824+0530] {processor.py:156} INFO - Started process (PID=18298) to work on /run/media/feuer/LinuxDrive/ChromeDownloads/Assignment/airflow/dags/Lead_scoring_training_pipeline/lead_scoring_training_pipeline.py
[2023-05-15T04:09:58.067+0530] {processor.py:799} INFO - Processing file /run/media/feuer/LinuxDrive/ChromeDownloads/Assignment/airflow/dags/Lead_scoring_training_pipeline/lead_scoring_training_pipeline.py for tasks to queue
[2023-05-15T04:09:58.068+0530] {logging_mixin.py:149} INFO - [2023-05-15T04:09:58.068+0530] {dagbag.py:541} INFO - Filling up the DagBag from /run/media/feuer/LinuxDrive/ChromeDownloads/Assignment/airflow/dags/Lead_scoring_training_pipeline/lead_scoring_training_pipeline.py
[2023-05-15T04:09:59.263+0530] {processor.py:809} INFO - DAG(s) dict_keys(['Lead_scoring_mlflow_production']) retrieved from /run/media/feuer/LinuxDrive/ChromeDownloads/Assignment/airflow/dags/Lead_scoring_training_pipeline/lead_scoring_training_pipeline.py
[2023-05-15T04:09:59.284+0530] {logging_mixin.py:149} INFO - [2023-05-15T04:09:59.284+0530] {dag.py:2726} INFO - Sync 1 DAGs
[2023-05-15T04:09:59.300+0530] {logging_mixin.py:149} INFO - [2023-05-15T04:09:59.300+0530] {dag.py:3486} INFO - Setting next_dagrun for Lead_scoring_mlflow_production to 2023-05-01T00:00:00+00:00, run_after=2023-06-01T00:00:00+00:00
[2023-05-15T04:09:59.792+0530] {processor.py:178} INFO - Processing /run/media/feuer/LinuxDrive/ChromeDownloads/Assignment/airflow/dags/Lead_scoring_training_pipeline/lead_scoring_training_pipeline.py took 1.971 seconds
[2023-05-15T04:10:57.381+0530] {processor.py:156} INFO - Started process (PID=18455) to work on /run/media/feuer/LinuxDrive/ChromeDownloads/Assignment/airflow/dags/Lead_scoring_training_pipeline/lead_scoring_training_pipeline.py
[2023-05-15T04:10:57.389+0530] {processor.py:799} INFO - Processing file /run/media/feuer/LinuxDrive/ChromeDownloads/Assignment/airflow/dags/Lead_scoring_training_pipeline/lead_scoring_training_pipeline.py for tasks to queue
[2023-05-15T04:10:57.390+0530] {logging_mixin.py:149} INFO - [2023-05-15T04:10:57.389+0530] {dagbag.py:541} INFO - Filling up the DagBag from /run/media/feuer/LinuxDrive/ChromeDownloads/Assignment/airflow/dags/Lead_scoring_training_pipeline/lead_scoring_training_pipeline.py
[2023-05-15T04:10:58.567+0530] {processor.py:809} INFO - DAG(s) dict_keys(['Lead_scoring_mlflow_production']) retrieved from /run/media/feuer/LinuxDrive/ChromeDownloads/Assignment/airflow/dags/Lead_scoring_training_pipeline/lead_scoring_training_pipeline.py
[2023-05-15T04:10:58.578+0530] {logging_mixin.py:149} INFO - [2023-05-15T04:10:58.578+0530] {dag.py:2726} INFO - Sync 1 DAGs
[2023-05-15T04:10:58.593+0530] {logging_mixin.py:149} INFO - [2023-05-15T04:10:58.593+0530] {dag.py:3486} INFO - Setting next_dagrun for Lead_scoring_mlflow_production to 2023-05-01T00:00:00+00:00, run_after=2023-06-01T00:00:00+00:00
[2023-05-15T04:10:58.678+0530] {processor.py:178} INFO - Processing /run/media/feuer/LinuxDrive/ChromeDownloads/Assignment/airflow/dags/Lead_scoring_training_pipeline/lead_scoring_training_pipeline.py took 1.300 seconds
[2023-05-15T04:11:52.637+0530] {processor.py:156} INFO - Started process (PID=18629) to work on /run/media/feuer/LinuxDrive/ChromeDownloads/Assignment/airflow/dags/Lead_scoring_training_pipeline/lead_scoring_training_pipeline.py
[2023-05-15T04:11:52.653+0530] {processor.py:799} INFO - Processing file /run/media/feuer/LinuxDrive/ChromeDownloads/Assignment/airflow/dags/Lead_scoring_training_pipeline/lead_scoring_training_pipeline.py for tasks to queue
[2023-05-15T04:11:52.653+0530] {logging_mixin.py:149} INFO - [2023-05-15T04:11:52.653+0530] {dagbag.py:541} INFO - Filling up the DagBag from /run/media/feuer/LinuxDrive/ChromeDownloads/Assignment/airflow/dags/Lead_scoring_training_pipeline/lead_scoring_training_pipeline.py
[2023-05-15T04:11:53.651+0530] {processor.py:809} INFO - DAG(s) dict_keys(['Lead_scoring_mlflow_production']) retrieved from /run/media/feuer/LinuxDrive/ChromeDownloads/Assignment/airflow/dags/Lead_scoring_training_pipeline/lead_scoring_training_pipeline.py
[2023-05-15T04:11:53.661+0530] {logging_mixin.py:149} INFO - [2023-05-15T04:11:53.661+0530] {dag.py:2726} INFO - Sync 1 DAGs
[2023-05-15T04:11:53.677+0530] {logging_mixin.py:149} INFO - [2023-05-15T04:11:53.677+0530] {dag.py:3486} INFO - Setting next_dagrun for Lead_scoring_mlflow_production to 2023-05-01T00:00:00+00:00, run_after=2023-06-01T00:00:00+00:00
[2023-05-15T04:11:54.320+0530] {processor.py:178} INFO - Processing /run/media/feuer/LinuxDrive/ChromeDownloads/Assignment/airflow/dags/Lead_scoring_training_pipeline/lead_scoring_training_pipeline.py took 1.686 seconds
[2023-05-15T04:14:48.037+0530] {processor.py:156} INFO - Started process (PID=19105) to work on /run/media/feuer/LinuxDrive/ChromeDownloads/Assignment/airflow/dags/Lead_scoring_training_pipeline/lead_scoring_training_pipeline.py
[2023-05-15T04:14:48.053+0530] {processor.py:799} INFO - Processing file /run/media/feuer/LinuxDrive/ChromeDownloads/Assignment/airflow/dags/Lead_scoring_training_pipeline/lead_scoring_training_pipeline.py for tasks to queue
[2023-05-15T04:14:48.054+0530] {logging_mixin.py:149} INFO - [2023-05-15T04:14:48.053+0530] {dagbag.py:541} INFO - Filling up the DagBag from /run/media/feuer/LinuxDrive/ChromeDownloads/Assignment/airflow/dags/Lead_scoring_training_pipeline/lead_scoring_training_pipeline.py
[2023-05-15T04:14:49.056+0530] {processor.py:809} INFO - DAG(s) dict_keys(['Lead_scoring_mlflow_production']) retrieved from /run/media/feuer/LinuxDrive/ChromeDownloads/Assignment/airflow/dags/Lead_scoring_training_pipeline/lead_scoring_training_pipeline.py
[2023-05-15T04:14:49.067+0530] {logging_mixin.py:149} INFO - [2023-05-15T04:14:49.067+0530] {dag.py:2726} INFO - Sync 1 DAGs
[2023-05-15T04:14:49.079+0530] {logging_mixin.py:149} INFO - [2023-05-15T04:14:49.079+0530] {dag.py:3486} INFO - Setting next_dagrun for Lead_scoring_mlflow_production to 2023-05-01T00:00:00+00:00, run_after=2023-06-01T00:00:00+00:00
[2023-05-15T04:14:49.149+0530] {processor.py:178} INFO - Processing /run/media/feuer/LinuxDrive/ChromeDownloads/Assignment/airflow/dags/Lead_scoring_training_pipeline/lead_scoring_training_pipeline.py took 1.114 seconds
[2023-05-15T04:15:53.975+0530] {processor.py:156} INFO - Started process (PID=19299) to work on /run/media/feuer/LinuxDrive/ChromeDownloads/Assignment/airflow/dags/Lead_scoring_training_pipeline/lead_scoring_training_pipeline.py
[2023-05-15T04:15:53.991+0530] {processor.py:799} INFO - Processing file /run/media/feuer/LinuxDrive/ChromeDownloads/Assignment/airflow/dags/Lead_scoring_training_pipeline/lead_scoring_training_pipeline.py for tasks to queue
[2023-05-15T04:15:53.992+0530] {logging_mixin.py:149} INFO - [2023-05-15T04:15:53.992+0530] {dagbag.py:541} INFO - Filling up the DagBag from /run/media/feuer/LinuxDrive/ChromeDownloads/Assignment/airflow/dags/Lead_scoring_training_pipeline/lead_scoring_training_pipeline.py
[2023-05-15T04:15:55.147+0530] {processor.py:809} INFO - DAG(s) dict_keys(['Lead_scoring_mlflow_production']) retrieved from /run/media/feuer/LinuxDrive/ChromeDownloads/Assignment/airflow/dags/Lead_scoring_training_pipeline/lead_scoring_training_pipeline.py
[2023-05-15T04:15:55.157+0530] {logging_mixin.py:149} INFO - [2023-05-15T04:15:55.157+0530] {dag.py:2726} INFO - Sync 1 DAGs
[2023-05-15T04:15:55.172+0530] {logging_mixin.py:149} INFO - [2023-05-15T04:15:55.172+0530] {dag.py:3486} INFO - Setting next_dagrun for Lead_scoring_mlflow_production to 2023-05-01T00:00:00+00:00, run_after=2023-06-01T00:00:00+00:00
[2023-05-15T04:15:55.264+0530] {processor.py:178} INFO - Processing /run/media/feuer/LinuxDrive/ChromeDownloads/Assignment/airflow/dags/Lead_scoring_training_pipeline/lead_scoring_training_pipeline.py took 1.292 seconds
[2023-05-15T04:16:51.404+0530] {processor.py:156} INFO - Started process (PID=19458) to work on /run/media/feuer/LinuxDrive/ChromeDownloads/Assignment/airflow/dags/Lead_scoring_training_pipeline/lead_scoring_training_pipeline.py
[2023-05-15T04:16:51.413+0530] {processor.py:799} INFO - Processing file /run/media/feuer/LinuxDrive/ChromeDownloads/Assignment/airflow/dags/Lead_scoring_training_pipeline/lead_scoring_training_pipeline.py for tasks to queue
[2023-05-15T04:16:51.414+0530] {logging_mixin.py:149} INFO - [2023-05-15T04:16:51.414+0530] {dagbag.py:541} INFO - Filling up the DagBag from /run/media/feuer/LinuxDrive/ChromeDownloads/Assignment/airflow/dags/Lead_scoring_training_pipeline/lead_scoring_training_pipeline.py
[2023-05-15T04:16:52.349+0530] {processor.py:809} INFO - DAG(s) dict_keys(['Lead_scoring_mlflow_production']) retrieved from /run/media/feuer/LinuxDrive/ChromeDownloads/Assignment/airflow/dags/Lead_scoring_training_pipeline/lead_scoring_training_pipeline.py
[2023-05-15T04:16:52.357+0530] {logging_mixin.py:149} INFO - [2023-05-15T04:16:52.357+0530] {dag.py:2726} INFO - Sync 1 DAGs
[2023-05-15T04:16:52.370+0530] {logging_mixin.py:149} INFO - [2023-05-15T04:16:52.370+0530] {dag.py:3486} INFO - Setting next_dagrun for Lead_scoring_mlflow_production to 2023-05-01T00:00:00+00:00, run_after=2023-06-01T00:00:00+00:00
[2023-05-15T04:16:52.451+0530] {processor.py:178} INFO - Processing /run/media/feuer/LinuxDrive/ChromeDownloads/Assignment/airflow/dags/Lead_scoring_training_pipeline/lead_scoring_training_pipeline.py took 1.049 seconds
